{
  "stats": {
    "suites": 102,
    "tests": 174,
    "passes": 172,
    "pending": 2,
    "failures": 0,
    "start": "2026-05-24T09:12:25.128Z",
    "end": "2026-05-24T09:12:37.592Z",
    "duration": 12464,
    "testsRegistered": 174,
    "passPercent": 100,
    "pendingPercent": 1.1494252873563218,
    "other": 0,
    "hasOther": false,
    "skipped": 0,
    "hasSkipped": false
  },
  "results": [
    {
      "uuid": "314f727b-a72a-45f7-a539-dd0e63fba7b0",
      "title": "",
      "fullFile": "",
      "file": "",
      "beforeHooks": [],
      "afterHooks": [],
      "tests": [],
      "suites": [
        {
          "uuid": "fe808cad-ef54-4b30-8b6a-2a2050a32571",
          "title": "NodePyATVDeviceEvent",
          "fullFile": "/home/runner/work/node-pyatv/node-pyatv/test/device-event.ts",
          "file": "/test/device-event.ts",
          "beforeHooks": [],
          "afterHooks": [],
          "tests": [],
          "suites": [
            {
              "uuid": "d0499357-9d05-48a4-9a9d-e851e1c90dde",
              "title": "get key()",
              "fullFile": "/home/runner/work/node-pyatv/node-pyatv/test/device-event.ts",
              "file": "/test/device-event.ts",
              "beforeHooks": [],
              "afterHooks": [],
              "tests": [
                {
                  "title": "should work",
                  "fullTitle": "NodePyATVDeviceEvent get key() should work",
                  "timedOut": false,
                  "duration": 1,
                  "state": "passed",
                  "speed": "fast",
                  "pass": true,
                  "fail": false,
                  "pending": false,
                  "context": null,
                  "code": "const event=new import_device_event.default({device:new import_device.default({host:\"192.168.178.2\",name:\"My Testinstance\"}),key:\"genre\",new:\"Rock\",old:\"Jazz\"});import_assert.default.strictEqual(event.key,\"genre\")",
                  "err": {},
                  "uuid": "13675eeb-0be7-46f6-8848-cadf94183103",
                  "parentUUID": "d0499357-9d05-48a4-9a9d-e851e1c90dde",
                  "isHook": false,
                  "skipped": false
                }
              ],
              "suites": [],
              "passes": [
                "13675eeb-0be7-46f6-8848-cadf94183103"
              ],
              "failures": [],
              "pending": [],
              "skipped": [],
              "duration": 1,
              "root": false,
              "rootEmpty": false,
              "_timeout": 2000
            },
            {
              "uuid": "8431cb71-fd3f-4635-b9b2-3c4108187893",
              "title": "get oldValue()",
              "fullFile": "/home/runner/work/node-pyatv/node-pyatv/test/device-event.ts",
              "file": "/test/device-event.ts",
              "beforeHooks": [],
              "afterHooks": [],
              "tests": [
                {
                  "title": "should work",
                  "fullTitle": "NodePyATVDeviceEvent get oldValue() should work",
                  "timedOut": false,
                  "duration": 0,
                  "state": "passed",
                  "speed": "fast",
                  "pass": true,
                  "fail": false,
                  "pending": false,
                  "context": null,
                  "code": "const event=new import_device_event.default({device:new import_device.default({host:\"192.168.178.2\",name:\"My Testinstance\"}),key:\"genre\",new:\"Rock\",old:\"Jazz\"});import_assert.default.strictEqual(event.oldValue,\"Jazz\")",
                  "err": {},
                  "uuid": "9b1596a0-abc2-4802-8819-14b656250b22",
                  "parentUUID": "8431cb71-fd3f-4635-b9b2-3c4108187893",
                  "isHook": false,
                  "skipped": false
                }
              ],
              "suites": [],
              "passes": [
                "9b1596a0-abc2-4802-8819-14b656250b22"
              ],
              "failures": [],
              "pending": [],
              "skipped": [],
              "duration": 0,
              "root": false,
              "rootEmpty": false,
              "_timeout": 2000
            },
            {
              "uuid": "9ee5e8da-c75b-4a47-952f-c675fdd50bf0",
              "title": "get newValue()",
              "fullFile": "/home/runner/work/node-pyatv/node-pyatv/test/device-event.ts",
              "file": "/test/device-event.ts",
              "beforeHooks": [],
              "afterHooks": [],
              "tests": [
                {
                  "title": "should work",
                  "fullTitle": "NodePyATVDeviceEvent get newValue() should work",
                  "timedOut": false,
                  "duration": 0,
                  "state": "passed",
                  "speed": "fast",
                  "pass": true,
                  "fail": false,
                  "pending": false,
                  "context": null,
                  "code": "const event=new import_device_event.default({device:new import_device.default({host:\"192.168.178.2\",name:\"My Testinstance\"}),key:\"genre\",new:\"Rock\",old:\"Jazz\"});import_assert.default.strictEqual(event.newValue,\"Rock\")",
                  "err": {},
                  "uuid": "b787e76c-9f87-466c-a0ce-4317d0255c3f",
                  "parentUUID": "9ee5e8da-c75b-4a47-952f-c675fdd50bf0",
                  "isHook": false,
                  "skipped": false
                }
              ],
              "suites": [],
              "passes": [
                "b787e76c-9f87-466c-a0ce-4317d0255c3f"
              ],
              "failures": [],
              "pending": [],
              "skipped": [],
              "duration": 0,
              "root": false,
              "rootEmpty": false,
              "_timeout": 2000
            },
            {
              "uuid": "57d9a4d0-5428-4629-a74b-98206da79b31",
              "title": "get value()",
              "fullFile": "/home/runner/work/node-pyatv/node-pyatv/test/device-event.ts",
              "file": "/test/device-event.ts",
              "beforeHooks": [],
              "afterHooks": [],
              "tests": [
                {
                  "title": "should work",
                  "fullTitle": "NodePyATVDeviceEvent get value() should work",
                  "timedOut": false,
                  "duration": 0,
                  "state": "passed",
                  "speed": "fast",
                  "pass": true,
                  "fail": false,
                  "pending": false,
                  "context": null,
                  "code": "const event=new import_device_event.default({device:new import_device.default({host:\"192.168.178.2\",name:\"My Testinstance\"}),key:\"genre\",new:\"Rock\",old:\"Jazz\"});import_assert.default.strictEqual(event.value,\"Rock\")",
                  "err": {},
                  "uuid": "7add1488-78af-4e37-8a3a-bf22c3eecf8a",
                  "parentUUID": "57d9a4d0-5428-4629-a74b-98206da79b31",
                  "isHook": false,
                  "skipped": false
                }
              ],
              "suites": [],
              "passes": [
                "7add1488-78af-4e37-8a3a-bf22c3eecf8a"
              ],
              "failures": [],
              "pending": [],
              "skipped": [],
              "duration": 0,
              "root": false,
              "rootEmpty": false,
              "_timeout": 2000
            },
            {
              "uuid": "7a8e2f6d-f458-4cf9-8780-d18400cf1d83",
              "title": "get device()",
              "fullFile": "/home/runner/work/node-pyatv/node-pyatv/test/device-event.ts",
              "file": "/test/device-event.ts",
              "beforeHooks": [],
              "afterHooks": [],
              "tests": [
                {
                  "title": "should work",
                  "fullTitle": "NodePyATVDeviceEvent get device() should work",
                  "timedOut": false,
                  "duration": 0,
                  "state": "passed",
                  "speed": "fast",
                  "pass": true,
                  "fail": false,
                  "pending": false,
                  "context": null,
                  "code": "const device=new import_device.default({host:\"192.168.178.2\",name:\"My Testinstance\"});const event=new import_device_event.default({device,key:\"genre\",new:\"Rock\",old:\"Jazz\"});import_assert.default.deepEqual(event.device,device)",
                  "err": {},
                  "uuid": "0cdea7f3-eea4-49d3-a503-f3bfc7a39c56",
                  "parentUUID": "7a8e2f6d-f458-4cf9-8780-d18400cf1d83",
                  "isHook": false,
                  "skipped": false
                }
              ],
              "suites": [],
              "passes": [
                "0cdea7f3-eea4-49d3-a503-f3bfc7a39c56"
              ],
              "failures": [],
              "pending": [],
              "skipped": [],
              "duration": 0,
              "root": false,
              "rootEmpty": false,
              "_timeout": 2000
            }
          ],
          "passes": [],
          "failures": [],
          "pending": [],
          "skipped": [],
          "duration": 0,
          "root": false,
          "rootEmpty": false,
          "_timeout": 2000
        },
        {
          "uuid": "27303331-d7e8-4cf3-be3f-f1852ca58cad",
          "title": "NodePyATVDeviceEvents",
          "fullFile": "/home/runner/work/node-pyatv/node-pyatv/test/device-events.ts",
          "file": "/test/device-events.ts",
          "beforeHooks": [],
          "afterHooks": [],
          "tests": [],
          "suites": [
            {
              "uuid": "57237dfa-9136-4e68-a55a-7e13ccce8473",
              "title": "applyStateAndEmitEvents()",
              "fullFile": "/home/runner/work/node-pyatv/node-pyatv/test/device-events.ts",
              "file": "/test/device-events.ts",
              "beforeHooks": [],
              "afterHooks": [],
              "tests": [
                {
                  "title": "should emit update:key event",
                  "fullTitle": "NodePyATVDeviceEvents applyStateAndEmitEvents() should emit update:key event",
                  "timedOut": false,
                  "duration": 3,
                  "state": "passed",
                  "speed": "fast",
                  "pass": true,
                  "fail": false,
                  "pending": false,
                  "context": null,
                  "code": "const device=new import_lib.NodePyATVDevice({host:\"192.168.178.2\",name:\"My Testdevice\",spawn:(0,import_fake_spawn.createFakeSpawn)(cp=>{cp.onStdIn(()=>cp.end());cp.stdout({result:\"success\",title:\"My Movie\"})})});await new Promise(cb=>{device.once(\"update:title\",event=>{import_assert.default.ok(event instanceof import_lib.NodePyATVDeviceEvent);import_assert.default.strictEqual(event.key,\"title\");import_assert.default.strictEqual(event.oldValue,null);import_assert.default.strictEqual(event.newValue,\"My Movie\");import_assert.default.strictEqual(event.value,\"My Movie\");import_assert.default.deepStrictEqual(event.device,device);cb(void 0)})})",
                  "err": {},
                  "uuid": "62d23b09-3f19-427a-809d-bb5a5eb6dfa8",
                  "parentUUID": "57237dfa-9136-4e68-a55a-7e13ccce8473",
                  "isHook": false,
                  "skipped": false
                },
                {
                  "title": "should emit update event",
                  "fullTitle": "NodePyATVDeviceEvents applyStateAndEmitEvents() should emit update event",
                  "timedOut": false,
                  "duration": 2,
                  "state": "passed",
                  "speed": "fast",
                  "pass": true,
                  "fail": false,
                  "pending": false,
                  "context": null,
                  "code": "const device=new import_lib.NodePyATVDevice({host:\"192.168.178.2\",name:\"My Testdevice\",spawn:(0,import_fake_spawn.createFakeSpawn)(cp=>{cp.onStdIn(()=>cp.end());cp.stdout({result:\"success\",title:\"My Movie\"})})});await new Promise(cb=>{device.once(\"update\",event=>{import_assert.default.ok(event instanceof import_lib.NodePyATVDeviceEvent);import_assert.default.strictEqual(event.key,\"title\");import_assert.default.strictEqual(event.oldValue,null);import_assert.default.strictEqual(event.newValue,\"My Movie\");import_assert.default.strictEqual(event.value,\"My Movie\");import_assert.default.deepStrictEqual(event.device,device);cb(void 0)})})",
                  "err": {},
                  "uuid": "a2edf107-7f77-400a-8477-74d8c5eea1b9",
                  "parentUUID": "57237dfa-9136-4e68-a55a-7e13ccce8473",
                  "isHook": false,
                  "skipped": false
                },
                {
                  "title": "should emit update:key event before update",
                  "fullTitle": "NodePyATVDeviceEvents applyStateAndEmitEvents() should emit update:key event before update",
                  "timedOut": false,
                  "duration": 2,
                  "state": "passed",
                  "speed": "fast",
                  "pass": true,
                  "fail": false,
                  "pending": false,
                  "context": null,
                  "code": "const device=new import_lib.NodePyATVDevice({host:\"192.168.178.2\",name:\"My Testdevice\",spawn:(0,import_fake_spawn.createFakeSpawn)(cp=>{cp.onStdIn(()=>cp.end());cp.stdout({result:\"success\",title:\"My Movie\"})})});const sort=[];await Promise.race([new Promise(cb=>{device.once(\"update\",()=>{sort.push(\"update\");cb(void 0)})}),new Promise(cb=>{device.once(\"update:title\",()=>{sort.push(\"update:title\");cb(void 0)})})]);import_assert.default.deepStrictEqual(sort,[\"update:title\",\"update\"])",
                  "err": {},
                  "uuid": "90823491-9afb-438c-b2ac-481b346723c2",
                  "parentUUID": "57237dfa-9136-4e68-a55a-7e13ccce8473",
                  "isHook": false,
                  "skipped": false
                },
                {
                  "title": "should emit error events on failures",
                  "fullTitle": "NodePyATVDeviceEvents applyStateAndEmitEvents() should emit error events on failures",
                  "timedOut": false,
                  "duration": 2,
                  "state": "passed",
                  "speed": "fast",
                  "pass": true,
                  "fail": false,
                  "pending": false,
                  "context": null,
                  "code": "const device=new import_lib.NodePyATVDevice({host:\"192.168.178.2\",name:\"My Testdevice\",spawn:(0,import_fake_spawn.createFakeSpawn)(cp=>{cp.onStdIn(()=>cp.end());cp.stdout({datetime:\"2021-11-24T21:13:36.424576+03:00\",exception:\"invalid credentials: 321\",result:\"failure\",stacktrace:'Traceback (most recent call last):\\n  File \"/Users/free/Library/Python/3.8/lib/python/site-packages/pyatv/scripts/atvscript.py\", line 302, in appstart\\n    print(args.output(await _handle_command(args, abort_sem, loop)), flush=True)\\n  File \"/Users/free/Library/Python/3.8/lib/python/site-packages/pyatv/scripts/atvscript.py\", line 196, in _handle_command\\n    atv = await connect(config, loop, protocol=Protocol.MRP)\\n  File \"/Users/free/Library/Python/3.8/lib/python/site-packages/pyatv/__init__.py\", line 96, in connect\\n    for setup_data in proto_methods.setup(\\n  File \"/Users/free/Library/Python/3.8/lib/python/site-packages/pyatv/protocols/airplay/__init__.py\", line 192, in setup\\n    stream = AirPlayStream(config, service)\\n  File \"/Users/free/Library/Python/3.8/lib/python/site-packages/pyatv/protocols/airplay/__init__.py\", line 79, in __init__\\n    self._credentials: HapCredentials = parse_credentials(self.service.credentials)\\n  File \"/Users/free/Library/Python/3.8/lib/python/site-packages/pyatv/auth/hap_pairing.py\", line 139, in parse_credentials\\n    raise exceptions.InvalidCredentialsError(\"invalid credentials: \" + detail_string)\\npyatv.exceptions.InvalidCredentialsError: invalid credentials: 321\\n'})})});await new Promise(cb=>{device.once(\"error\",error=>{import_assert.default.ok(error instanceof Error);import_assert.default.ok(error.toString().includes(\"invalid credentials: 321\"));cb(void 0)})})",
                  "err": {},
                  "uuid": "6559e5a5-3f55-4cbc-b6ee-280f2b911691",
                  "parentUUID": "57237dfa-9136-4e68-a55a-7e13ccce8473",
                  "isHook": false,
                  "skipped": false
                },
                {
                  "title": "should not emit an update if new value is same as old one",
                  "fullTitle": "NodePyATVDeviceEvents applyStateAndEmitEvents() should not emit an update if new value is same as old one",
                  "timedOut": false,
                  "duration": 3,
                  "state": "passed",
                  "speed": "fast",
                  "pass": true,
                  "fail": false,
                  "pending": false,
                  "context": null,
                  "code": "let spawnCounter=0;let eventCounter=0;const device=new import_lib.NodePyATVDevice({host:\"192.168.178.2\",name:\"My Testdevice\",spawn:(0,import_fake_spawn.createFakeSpawn)(cp=>{if(spawnCounter===0){cp.onStdIn(()=>cp.end())}cp.stdout({result:\"success\",title:\"My Movie\"});spawnCounter++;if(spawnCounter>=2){cp.end()}})});const listener=__name(()=>{eventCounter++},\"listener\");device.on(\"update\",listener);await new Promise(cb=>setTimeout(cb,0));await device.getState();device.off(\"update\",listener);import_assert.default.strictEqual(spawnCounter,2);import_assert.default.strictEqual(eventCounter,1)",
                  "err": {},
                  "uuid": "5485703a-3771-4941-af3a-32d7e69b054b",
                  "parentUUID": "57237dfa-9136-4e68-a55a-7e13ccce8473",
                  "isHook": false,
                  "skipped": false
                },
                {
                  "title": "should emit error event if event listener throws an exception",
                  "fullTitle": "NodePyATVDeviceEvents applyStateAndEmitEvents() should emit error event if event listener throws an exception",
                  "timedOut": false,
                  "duration": 2,
                  "state": "passed",
                  "speed": "fast",
                  "pass": true,
                  "fail": false,
                  "pending": false,
                  "context": null,
                  "code": "const device=new import_lib.NodePyATVDevice({host:\"192.168.178.2\",name:\"My Testdevice\",spawn:(0,import_fake_spawn.createFakeSpawn)(cp=>{cp.onStdIn(()=>cp.end());cp.stdout({result:\"success\",title:\"My Movie\"})})});let callCounter=0;const error=new Error(\"This is an error. Be nice.\");device.once(\"error\",err=>{import_assert.default.strictEqual(err,error);callCounter++});const listener=__name(()=>{throw error},\"listener\");device.on(\"update\",listener);await new Promise(cb=>setTimeout(cb,0));device.off(\"update\",listener);import_assert.default.strictEqual(callCounter,1)",
                  "err": {},
                  "uuid": "a00618bb-43d3-4be2-ac80-92623d062c20",
                  "parentUUID": "57237dfa-9136-4e68-a55a-7e13ccce8473",
                  "isHook": false,
                  "skipped": false
                },
                {
                  "title": "should also work with powerState",
                  "fullTitle": "NodePyATVDeviceEvents applyStateAndEmitEvents() should also work with powerState",
                  "timedOut": false,
                  "duration": 2,
                  "state": "passed",
                  "speed": "fast",
                  "pass": true,
                  "fail": false,
                  "pending": false,
                  "context": null,
                  "code": "const device=new import_lib.NodePyATVDevice({host:\"192.168.178.2\",name:\"My Testdevice\",spawn:(0,import_fake_spawn.createFakeSpawn)(cp=>{cp.onStdIn(()=>cp.end());cp.stdout({datetime:new Date().toJSON(),power_state:\"off\",result:\"success\"})})});await new Promise(cb=>{device.once(\"update:powerState\",event=>{import_assert.default.ok(event instanceof import_lib.NodePyATVDeviceEvent);import_assert.default.strictEqual(event.key,\"powerState\");import_assert.default.strictEqual(event.oldValue,null);import_assert.default.strictEqual(event.newValue,\"off\");import_assert.default.strictEqual(event.newValue,import_lib.NodePyATVPowerState.off);import_assert.default.strictEqual(event.value,\"off\");import_assert.default.strictEqual(event.value,import_lib.NodePyATVPowerState.off);import_assert.default.deepStrictEqual(event.device,device);cb(void 0)})})",
                  "err": {},
                  "uuid": "2d0d3e25-4e73-4fc7-ad4d-9a55fd23550e",
                  "parentUUID": "57237dfa-9136-4e68-a55a-7e13ccce8473",
                  "isHook": false,
                  "skipped": false
                },
                {
                  "title": "should only one event for powerState changes",
                  "fullTitle": "NodePyATVDeviceEvents applyStateAndEmitEvents() should only one event for powerState changes",
                  "timedOut": false,
                  "duration": 10,
                  "state": "passed",
                  "speed": "fast",
                  "pass": true,
                  "fail": false,
                  "pending": false,
                  "context": null,
                  "code": "const device=new import_lib.NodePyATVDevice({host:\"192.168.178.2\",name:\"My Testdevice\",spawn:(0,import_fake_spawn.createFakeSpawn)(cp=>{cp.onStdIn(()=>cp.end());cp.stdout({datetime:new Date().toJSON(),power_state:\"off\",result:\"success\"});cp.end()})});let counter=0;device.on(\"update\",event=>{import_assert.default.ok(event instanceof import_lib.NodePyATVDeviceEvent);import_assert.default.strictEqual(event.key,\"powerState\");import_assert.default.strictEqual(event.oldValue,null);import_assert.default.strictEqual(event.newValue,\"off\");import_assert.default.strictEqual(event.newValue,import_lib.NodePyATVPowerState.off);import_assert.default.strictEqual(event.value,\"off\");import_assert.default.strictEqual(event.value,import_lib.NodePyATVPowerState.off);import_assert.default.deepStrictEqual(event.device,device);counter++});await new Promise(cb=>setTimeout(cb,10));import_assert.default.strictEqual(counter,1);device.removeAllListeners(\"update\")",
                  "err": {},
                  "uuid": "25520662-a3c1-44d6-beef-6867ba0450ec",
                  "parentUUID": "57237dfa-9136-4e68-a55a-7e13ccce8473",
                  "isHook": false,
                  "skipped": false
                },
                {
                  "title": "should only one event for focusState changes",
                  "fullTitle": "NodePyATVDeviceEvents applyStateAndEmitEvents() should only one event for focusState changes",
                  "timedOut": false,
                  "duration": 10,
                  "state": "passed",
                  "speed": "fast",
                  "pass": true,
                  "fail": false,
                  "pending": false,
                  "context": null,
                  "code": "const device=new import_lib.NodePyATVDevice({host:\"192.168.178.2\",name:\"My Testdevice\",spawn:(0,import_fake_spawn.createFakeSpawn)(cp=>{cp.onStdIn(()=>cp.end());cp.stdout({datetime:new Date().toJSON(),focus_state:\"unfocused\",result:\"success\"});cp.end()})});let counter=0;device.on(\"update\",event=>{import_assert.default.ok(event instanceof import_lib.NodePyATVDeviceEvent);import_assert.default.strictEqual(event.key,\"focusState\");import_assert.default.strictEqual(event.oldValue,null);import_assert.default.strictEqual(event.newValue,\"unfocused\");import_assert.default.strictEqual(event.newValue,import_types.NodePyATVFocusState.unfocused);import_assert.default.strictEqual(event.value,\"unfocused\");import_assert.default.strictEqual(event.value,import_types.NodePyATVFocusState.unfocused);import_assert.default.deepStrictEqual(event.device,device);counter++});await new Promise(cb=>setTimeout(cb,10));import_assert.default.strictEqual(counter,1);device.removeAllListeners(\"update\")",
                  "err": {},
                  "uuid": "5fef77c7-83be-4351-bac5-f3cc6a387cd2",
                  "parentUUID": "57237dfa-9136-4e68-a55a-7e13ccce8473",
                  "isHook": false,
                  "skipped": false
                },
                {
                  "title": "should only one event for outputDevices changes",
                  "fullTitle": "NodePyATVDeviceEvents applyStateAndEmitEvents() should only one event for outputDevices changes",
                  "timedOut": false,
                  "duration": 10,
                  "state": "passed",
                  "speed": "fast",
                  "pass": true,
                  "fail": false,
                  "pending": false,
                  "context": null,
                  "code": "const device=new import_lib.NodePyATVDevice({host:\"192.168.178.2\",name:\"My Testdevice\",spawn:(0,import_fake_spawn.createFakeSpawn)(cp=>{cp.onStdIn(()=>cp.end());cp.stdout({datetime:new Date().toJSON(),output_devices:[{identifier:\"AAAAAAAA-BBBB-CCCC-DDDD-EEEEEEEEEEEE\",name:\"Living room\"}],result:\"success\"});cp.end()})});let counter=0;device.on(\"update\",event=>{import_assert.default.ok(event instanceof import_lib.NodePyATVDeviceEvent);import_assert.default.strictEqual(event.key,\"outputDevices\");import_assert.default.strictEqual(event.oldValue,null);import_assert.default.deepStrictEqual(event.newValue,[{identifier:\"AAAAAAAA-BBBB-CCCC-DDDD-EEEEEEEEEEEE\",name:\"Living room\"}]);import_assert.default.deepStrictEqual(event.value,[{identifier:\"AAAAAAAA-BBBB-CCCC-DDDD-EEEEEEEEEEEE\",name:\"Living room\"}]);import_assert.default.deepStrictEqual(event.device,device);counter++});await new Promise(cb=>setTimeout(cb,10));import_assert.default.strictEqual(counter,1);device.removeAllListeners(\"update\")",
                  "err": {},
                  "uuid": "3300c9c2-0f8f-40ec-a53f-ff033852c436",
                  "parentUUID": "57237dfa-9136-4e68-a55a-7e13ccce8473",
                  "isHook": false,
                  "skipped": false
                },
                {
                  "title": "should only one event for volume changes",
                  "fullTitle": "NodePyATVDeviceEvents applyStateAndEmitEvents() should only one event for volume changes",
                  "timedOut": false,
                  "duration": 10,
                  "state": "passed",
                  "speed": "fast",
                  "pass": true,
                  "fail": false,
                  "pending": false,
                  "context": null,
                  "code": "const device=new import_lib.NodePyATVDevice({host:\"192.168.178.2\",name:\"My Testdevice\",spawn:(0,import_fake_spawn.createFakeSpawn)(cp=>{cp.onStdIn(()=>cp.end());cp.stdout({datetime:new Date().toJSON(),result:\"success\",volume:20});cp.end()})});let counter=0;device.on(\"update\",event=>{import_assert.default.ok(event instanceof import_lib.NodePyATVDeviceEvent);import_assert.default.strictEqual(event.key,\"volume\");import_assert.default.strictEqual(event.oldValue,null);import_assert.default.strictEqual(event.newValue,20);import_assert.default.strictEqual(event.value,20);import_assert.default.deepStrictEqual(event.device,device);counter++});await new Promise(cb=>setTimeout(cb,10));import_assert.default.strictEqual(counter,1);device.removeAllListeners(\"update\")",
                  "err": {},
                  "uuid": "f0a13989-0522-4262-92af-94f4056af8c1",
                  "parentUUID": "57237dfa-9136-4e68-a55a-7e13ccce8473",
                  "isHook": false,
                  "skipped": false
                },
                {
                  "title": "should not trigger any events for newly added fields",
                  "fullTitle": "NodePyATVDeviceEvents applyStateAndEmitEvents() should not trigger any events for newly added fields",
                  "timedOut": false,
                  "duration": 11,
                  "state": "passed",
                  "speed": "fast",
                  "pass": true,
                  "fail": false,
                  "pending": false,
                  "context": null,
                  "code": "const device=new import_lib.NodePyATVDevice({host:\"192.168.178.2\",name:\"My Testdevice\",spawn:(0,import_fake_spawn.createFakeSpawn)(cp=>{cp.onStdIn(()=>cp.end());cp.stdout({datetime:new Date().toJSON(),foo:\"bar\",result:\"success\"});cp.end()})});device.on(\"update\",event=>{import_assert.default.fail(`Got an update event for a new field: ${event}`)});await new Promise(cb=>setTimeout(cb,10));device.removeAllListeners(\"update\")",
                  "err": {},
                  "uuid": "94f4d68c-6127-4d40-80cf-12022f777b65",
                  "parentUUID": "57237dfa-9136-4e68-a55a-7e13ccce8473",
                  "isHook": false,
                  "skipped": false
                }
              ],
              "suites": [],
              "passes": [
                "62d23b09-3f19-427a-809d-bb5a5eb6dfa8",
                "a2edf107-7f77-400a-8477-74d8c5eea1b9",
                "90823491-9afb-438c-b2ac-481b346723c2",
                "6559e5a5-3f55-4cbc-b6ee-280f2b911691",
                "5485703a-3771-4941-af3a-32d7e69b054b",
                "a00618bb-43d3-4be2-ac80-92623d062c20",
                "2d0d3e25-4e73-4fc7-ad4d-9a55fd23550e",
                "25520662-a3c1-44d6-beef-6867ba0450ec",
                "5fef77c7-83be-4351-bac5-f3cc6a387cd2",
                "3300c9c2-0f8f-40ec-a53f-ff033852c436",
                "f0a13989-0522-4262-92af-94f4056af8c1",
                "94f4d68c-6127-4d40-80cf-12022f777b65"
              ],
              "failures": [],
              "pending": [],
              "skipped": [],
              "duration": 67,
              "root": false,
              "rootEmpty": false,
              "_timeout": 2000
            },
            {
              "uuid": "3dc388b3-dd67-4df3-8dd3-79141f9c92b5",
              "title": "start|stopListening()",
              "fullFile": "/home/runner/work/node-pyatv/node-pyatv/test/device-events.ts",
              "file": "/test/device-events.ts",
              "beforeHooks": [],
              "afterHooks": [],
              "tests": [
                {
                  "title": "should emit error if spawn fails",
                  "fullTitle": "NodePyATVDeviceEvents start|stopListening() should emit error if spawn fails",
                  "timedOut": false,
                  "duration": 2,
                  "state": "passed",
                  "speed": "fast",
                  "pass": true,
                  "fail": false,
                  "pending": false,
                  "context": null,
                  "code": "const error=new Error;const device=new import_lib.NodePyATVDevice({host:\"192.168.178.2\",name:\"My Testdevice\",spawn:(0,import_fake_spawn.createFakeSpawn)(cp=>{cp.error(error).end()})});const listener=__name(()=>{},\"listener\");device.on(\"update\",listener);await new Promise(cb=>{device.once(\"error\",err=>{import_assert.default.strictEqual(err,error);cb(void 0)})});device.off(\"update\",listener)",
                  "err": {},
                  "uuid": "b9355513-bafb-4a9e-a211-48b22118bcba",
                  "parentUUID": "3dc388b3-dd67-4df3-8dd3-79141f9c92b5",
                  "isHook": false,
                  "skipped": false
                },
                {
                  "title": "should emit error on stderr data",
                  "fullTitle": "NodePyATVDeviceEvents start|stopListening() should emit error on stderr data",
                  "timedOut": false,
                  "duration": 2,
                  "state": "passed",
                  "speed": "fast",
                  "pass": true,
                  "fail": false,
                  "pending": false,
                  "context": null,
                  "code": "const device=new import_lib.NodePyATVDevice({host:\"192.168.178.2\",name:\"My Testdevice\",spawn:(0,import_fake_spawn.createFakeSpawn)(cp=>{cp.stderr(\"Hello World!\").end()})});const listener=__name(()=>{},\"listener\");device.on(\"update\",listener);await new Promise(cb=>{device.once(\"error\",err=>{import_assert.default.ok(err instanceof Error);import_assert.default.ok(err.toString().includes(\"Got stderr output from pyatv: Hello World!\"));cb(void 0)})});device.off(\"update\",listener)",
                  "err": {},
                  "uuid": "2e2e35f8-7f49-4799-b935-34a515a111dc",
                  "parentUUID": "3dc388b3-dd67-4df3-8dd3-79141f9c92b5",
                  "isHook": false,
                  "skipped": false
                },
                {
                  "title": "should emit error if stdout is not valid json",
                  "fullTitle": "NodePyATVDeviceEvents start|stopListening() should emit error if stdout is not valid json",
                  "timedOut": false,
                  "duration": 1,
                  "state": "passed",
                  "speed": "fast",
                  "pass": true,
                  "fail": false,
                  "pending": false,
                  "context": null,
                  "code": "const device=new import_lib.NodePyATVDevice({host:\"192.168.178.2\",name:\"My Testdevice\",spawn:(0,import_fake_spawn.createFakeSpawn)(cp=>{cp.stdout(\"#\").end()})});const listener=__name(()=>{},\"listener\");device.on(\"update\",listener);await new Promise(cb=>{device.once(\"error\",err=>{import_assert.default.ok(err instanceof Error);import_assert.default.ok(err.toString().includes(\"Unable to parse stdout json: SyntaxError\"));cb(void 0)})});device.off(\"update\",listener)",
                  "err": {},
                  "uuid": "6b1bc63b-1e6b-4d3c-931a-a9c31f60b84c",
                  "parentUUID": "3dc388b3-dd67-4df3-8dd3-79141f9c92b5",
                  "isHook": false,
                  "skipped": false
                },
                {
                  "title": "should restart the process if it gets killed",
                  "fullTitle": "NodePyATVDeviceEvents start|stopListening() should restart the process if it gets killed",
                  "timedOut": false,
                  "duration": 0,
                  "state": "pending",
                  "speed": null,
                  "pass": false,
                  "fail": false,
                  "pending": true,
                  "context": null,
                  "code": "",
                  "err": {},
                  "uuid": "7fa0f32c-06cd-4262-a0a6-73b83e01dead",
                  "parentUUID": "3dc388b3-dd67-4df3-8dd3-79141f9c92b5",
                  "isHook": false,
                  "skipped": false
                }
              ],
              "suites": [],
              "passes": [
                "b9355513-bafb-4a9e-a211-48b22118bcba",
                "2e2e35f8-7f49-4799-b935-34a515a111dc",
                "6b1bc63b-1e6b-4d3c-931a-a9c31f60b84c"
              ],
              "failures": [],
              "pending": [
                "7fa0f32c-06cd-4262-a0a6-73b83e01dead"
              ],
              "skipped": [],
              "duration": 5,
              "root": false,
              "rootEmpty": false,
              "_timeout": 2000
            },
            {
              "uuid": "d3929b02-9e95-4612-b2ab-5521a388d53f",
              "title": "addListener() / removeAllListeners()",
              "fullFile": "/home/runner/work/node-pyatv/node-pyatv/test/device-events.ts",
              "file": "/test/device-events.ts",
              "beforeHooks": [],
              "afterHooks": [],
              "tests": [
                {
                  "title": "should work without any exceptions",
                  "fullTitle": "NodePyATVDeviceEvents addListener() / removeAllListeners() should work without any exceptions",
                  "timedOut": false,
                  "duration": 0,
                  "state": "passed",
                  "speed": "fast",
                  "pass": true,
                  "fail": false,
                  "pending": false,
                  "context": null,
                  "code": "const device=new import_lib.NodePyATVDevice({host:\"192.168.178.2\",name:\"My Testdevice\",spawn:(0,import_fake_spawn.createFakeSpawn)(cp=>{cp.onStdIn(()=>cp.end());cp.stdout({result:\"success\",title:\"My Movie\"})})});const listener=__name(()=>{},\"listener\");device.addListener(\"update\",listener);device.removeAllListeners(\"update\")",
                  "err": {},
                  "uuid": "f58a6fc7-f5fe-41a5-b740-1dbba8281248",
                  "parentUUID": "d3929b02-9e95-4612-b2ab-5521a388d53f",
                  "isHook": false,
                  "skipped": false
                }
              ],
              "suites": [],
              "passes": [
                "f58a6fc7-f5fe-41a5-b740-1dbba8281248"
              ],
              "failures": [],
              "pending": [],
              "skipped": [],
              "duration": 0,
              "root": false,
              "rootEmpty": false,
              "_timeout": 2000
            },
            {
              "uuid": "9224ebaa-de1a-43b0-be8b-eb5825d5fe83",
              "title": "emit()",
              "fullFile": "/home/runner/work/node-pyatv/node-pyatv/test/device-events.ts",
              "file": "/test/device-events.ts",
              "beforeHooks": [],
              "afterHooks": [],
              "tests": [
                {
                  "title": "should work",
                  "fullTitle": "NodePyATVDeviceEvents emit() should work",
                  "timedOut": false,
                  "duration": 0,
                  "state": "passed",
                  "speed": "fast",
                  "pass": true,
                  "fail": false,
                  "pending": false,
                  "context": null,
                  "code": "const device=new import_lib.NodePyATVDevice({host:\"192.168.178.2\",name:\"My Testdevice\",spawn:(0,import_fake_spawn.createFakeSpawn)(cp=>{cp.onStdIn(()=>cp.end())})});const event=new import_lib.NodePyATVDeviceEvent({device,key:\"dateTime\",new:\"bar\",old:\"foo\"});let executions=0;device.once(\"test\",e=>{executions++;import_assert.default.strictEqual(e,event);import_assert.default.strictEqual(executions,1);done()});device.emit(\"test\",event)",
                  "err": {},
                  "uuid": "3db5eea3-4978-4a27-9926-b84dba982728",
                  "parentUUID": "9224ebaa-de1a-43b0-be8b-eb5825d5fe83",
                  "isHook": false,
                  "skipped": false
                }
              ],
              "suites": [],
              "passes": [
                "3db5eea3-4978-4a27-9926-b84dba982728"
              ],
              "failures": [],
              "pending": [],
              "skipped": [],
              "duration": 0,
              "root": false,
              "rootEmpty": false,
              "_timeout": 2000
            },
            {
              "uuid": "5515c952-6883-408e-b4ce-96216194bd68",
              "title": "eventNames()",
              "fullFile": "/home/runner/work/node-pyatv/node-pyatv/test/device-events.ts",
              "file": "/test/device-events.ts",
              "beforeHooks": [],
              "afterHooks": [],
              "tests": [
                {
                  "title": "should work",
                  "fullTitle": "NodePyATVDeviceEvents eventNames() should work",
                  "timedOut": false,
                  "duration": 0,
                  "state": "passed",
                  "speed": "fast",
                  "pass": true,
                  "fail": false,
                  "pending": false,
                  "context": null,
                  "code": "const device=new import_lib.NodePyATVDevice({host:\"192.168.178.2\",name:\"My Testdevice\",spawn:(0,import_fake_spawn.createFakeSpawn)(cp=>{cp.onStdIn(()=>cp.end())})});const listener=__name(()=>{},\"listener\");device.on(\"test\",listener);import_assert.default.deepStrictEqual(device.eventNames(),[\"test\"]);device.off(\"test\",listener)",
                  "err": {},
                  "uuid": "17a935a3-71db-4fc5-8311-53337fc83354",
                  "parentUUID": "5515c952-6883-408e-b4ce-96216194bd68",
                  "isHook": false,
                  "skipped": false
                }
              ],
              "suites": [],
              "passes": [
                "17a935a3-71db-4fc5-8311-53337fc83354"
              ],
              "failures": [],
              "pending": [],
              "skipped": [],
              "duration": 0,
              "root": false,
              "rootEmpty": false,
              "_timeout": 2000
            },
            {
              "uuid": "4b238b7a-e825-4b18-8747-295ab82cbf02",
              "title": "getMaxListeners()",
              "fullFile": "/home/runner/work/node-pyatv/node-pyatv/test/device-events.ts",
              "file": "/test/device-events.ts",
              "beforeHooks": [],
              "afterHooks": [],
              "tests": [
                {
                  "title": "should work",
                  "fullTitle": "NodePyATVDeviceEvents getMaxListeners() should work",
                  "timedOut": false,
                  "duration": 0,
                  "state": "passed",
                  "speed": "fast",
                  "pass": true,
                  "fail": false,
                  "pending": false,
                  "context": null,
                  "code": "const device=new import_lib.NodePyATVDevice({host:\"192.168.178.2\",name:\"My Testdevice\",spawn:(0,import_fake_spawn.createFakeSpawn)(cp=>{cp.onStdIn(()=>cp.end())})});const result=device.getMaxListeners();import_assert.default.ok(typeof result,\"number\");import_assert.default.ok(result>=10)",
                  "err": {},
                  "uuid": "6b274fc7-6ec3-4226-a654-efb1976e6685",
                  "parentUUID": "4b238b7a-e825-4b18-8747-295ab82cbf02",
                  "isHook": false,
                  "skipped": false
                }
              ],
              "suites": [],
              "passes": [
                "6b274fc7-6ec3-4226-a654-efb1976e6685"
              ],
              "failures": [],
              "pending": [],
              "skipped": [],
              "duration": 0,
              "root": false,
              "rootEmpty": false,
              "_timeout": 2000
            },
            {
              "uuid": "536c45a8-f681-495f-a853-57fe8517b2f7",
              "title": "listenerCount()",
              "fullFile": "/home/runner/work/node-pyatv/node-pyatv/test/device-events.ts",
              "file": "/test/device-events.ts",
              "beforeHooks": [],
              "afterHooks": [],
              "tests": [
                {
                  "title": "should work",
                  "fullTitle": "NodePyATVDeviceEvents listenerCount() should work",
                  "timedOut": false,
                  "duration": 0,
                  "state": "passed",
                  "speed": "fast",
                  "pass": true,
                  "fail": false,
                  "pending": false,
                  "context": null,
                  "code": "const device=new import_lib.NodePyATVDevice({host:\"192.168.178.2\",name:\"My Testdevice\",spawn:(0,import_fake_spawn.createFakeSpawn)(cp=>{cp.onStdIn(()=>cp.end())})});const listener=__name(()=>{},\"listener\");import_assert.default.deepStrictEqual(device.listenerCount(\"test\"),0);device.on(\"test\",listener);import_assert.default.deepStrictEqual(device.listenerCount(\"test\"),1);device.off(\"test\",listener)",
                  "err": {},
                  "uuid": "19b1edb6-c87d-4f18-aa94-19d33d98954e",
                  "parentUUID": "536c45a8-f681-495f-a853-57fe8517b2f7",
                  "isHook": false,
                  "skipped": false
                }
              ],
              "suites": [],
              "passes": [
                "19b1edb6-c87d-4f18-aa94-19d33d98954e"
              ],
              "failures": [],
              "pending": [],
              "skipped": [],
              "duration": 0,
              "root": false,
              "rootEmpty": false,
              "_timeout": 2000
            },
            {
              "uuid": "b48a04af-ea1d-43c3-9506-c04dc076c81b",
              "title": "listeners()",
              "fullFile": "/home/runner/work/node-pyatv/node-pyatv/test/device-events.ts",
              "file": "/test/device-events.ts",
              "beforeHooks": [],
              "afterHooks": [],
              "tests": [
                {
                  "title": "should work",
                  "fullTitle": "NodePyATVDeviceEvents listeners() should work",
                  "timedOut": false,
                  "duration": 0,
                  "state": "passed",
                  "speed": "fast",
                  "pass": true,
                  "fail": false,
                  "pending": false,
                  "context": null,
                  "code": "const device=new import_lib.NodePyATVDevice({host:\"192.168.178.2\",name:\"My Testdevice\",spawn:(0,import_fake_spawn.createFakeSpawn)(cp=>{cp.onStdIn(()=>cp.end())})});const listener=__name(()=>{},\"listener\");import_assert.default.deepStrictEqual(device.listeners(\"test\").length,0);device.on(\"test\",listener);import_assert.default.deepStrictEqual(device.listeners(\"test\").length,1);import_assert.default.deepStrictEqual(device.listeners(\"test\")[0],listener);device.off(\"test\",listener)",
                  "err": {},
                  "uuid": "7eac823d-11a0-492c-8ab7-49b24d8a0f12",
                  "parentUUID": "b48a04af-ea1d-43c3-9506-c04dc076c81b",
                  "isHook": false,
                  "skipped": false
                }
              ],
              "suites": [],
              "passes": [
                "7eac823d-11a0-492c-8ab7-49b24d8a0f12"
              ],
              "failures": [],
              "pending": [],
              "skipped": [],
              "duration": 0,
              "root": false,
              "rootEmpty": false,
              "_timeout": 2000
            },
            {
              "uuid": "84db5a98-8386-42e5-839e-5099731b7b0f",
              "title": "prependListener()",
              "fullFile": "/home/runner/work/node-pyatv/node-pyatv/test/device-events.ts",
              "file": "/test/device-events.ts",
              "beforeHooks": [],
              "afterHooks": [],
              "tests": [
                {
                  "title": "should work",
                  "fullTitle": "NodePyATVDeviceEvents prependListener() should work",
                  "timedOut": false,
                  "duration": 2,
                  "state": "passed",
                  "speed": "fast",
                  "pass": true,
                  "fail": false,
                  "pending": false,
                  "context": null,
                  "code": "const device=new import_lib.NodePyATVDevice({host:\"192.168.178.2\",name:\"My Testdevice\",spawn:(0,import_fake_spawn.createFakeSpawn)(cp=>{cp.onStdIn(()=>cp.end());cp.stdout({result:\"success\",title:\"My Movie\"})})});const listener=__name(()=>{device.removeAllListeners(\"update\");done()},\"listener\");device.prependListener(\"update\",listener)",
                  "err": {},
                  "uuid": "1e0f71ca-e216-435c-92c2-a2d2a5b195a8",
                  "parentUUID": "84db5a98-8386-42e5-839e-5099731b7b0f",
                  "isHook": false,
                  "skipped": false
                }
              ],
              "suites": [],
              "passes": [
                "1e0f71ca-e216-435c-92c2-a2d2a5b195a8"
              ],
              "failures": [],
              "pending": [],
              "skipped": [],
              "duration": 2,
              "root": false,
              "rootEmpty": false,
              "_timeout": 2000
            },
            {
              "uuid": "dd6c35b3-6850-4c1e-8ca4-84c7b7bdcc6c",
              "title": "prependOnceListener()",
              "fullFile": "/home/runner/work/node-pyatv/node-pyatv/test/device-events.ts",
              "file": "/test/device-events.ts",
              "beforeHooks": [],
              "afterHooks": [],
              "tests": [
                {
                  "title": "should work",
                  "fullTitle": "NodePyATVDeviceEvents prependOnceListener() should work",
                  "timedOut": false,
                  "duration": 1,
                  "state": "passed",
                  "speed": "fast",
                  "pass": true,
                  "fail": false,
                  "pending": false,
                  "context": null,
                  "code": "const device=new import_lib.NodePyATVDevice({host:\"192.168.178.2\",name:\"My Testdevice\",spawn:(0,import_fake_spawn.createFakeSpawn)(cp=>{cp.onStdIn(()=>cp.end());cp.stdout({result:\"success\",title:\"My Movie\"})})});device.prependOnceListener(\"update\",()=>done())",
                  "err": {},
                  "uuid": "21375432-048d-4f44-a852-7784c8dc2119",
                  "parentUUID": "dd6c35b3-6850-4c1e-8ca4-84c7b7bdcc6c",
                  "isHook": false,
                  "skipped": false
                }
              ],
              "suites": [],
              "passes": [
                "21375432-048d-4f44-a852-7784c8dc2119"
              ],
              "failures": [],
              "pending": [],
              "skipped": [],
              "duration": 1,
              "root": false,
              "rootEmpty": false,
              "_timeout": 2000
            },
            {
              "uuid": "9d517aff-3ed0-4710-9066-737bf0635b0e",
              "title": "rawListeners()",
              "fullFile": "/home/runner/work/node-pyatv/node-pyatv/test/device-events.ts",
              "file": "/test/device-events.ts",
              "beforeHooks": [],
              "afterHooks": [],
              "tests": [
                {
                  "title": "should work",
                  "fullTitle": "NodePyATVDeviceEvents rawListeners() should work",
                  "timedOut": false,
                  "duration": 0,
                  "state": "passed",
                  "speed": "fast",
                  "pass": true,
                  "fail": false,
                  "pending": false,
                  "context": null,
                  "code": "const device=new import_lib.NodePyATVDevice({host:\"192.168.178.2\",name:\"My Testdevice\",spawn:(0,import_fake_spawn.createFakeSpawn)(cp=>{cp.onStdIn(()=>cp.end())})});const listener=__name(()=>{},\"listener\");import_assert.default.deepStrictEqual(device.rawListeners(\"test\").length,0);device.on(\"test\",listener);import_assert.default.deepStrictEqual(device.rawListeners(\"test\").length,1);import_assert.default.deepStrictEqual(device.rawListeners(\"test\")[0],listener);device.off(\"test\",listener)",
                  "err": {},
                  "uuid": "83e1ab1f-2791-443f-aeb6-289331b0d838",
                  "parentUUID": "9d517aff-3ed0-4710-9066-737bf0635b0e",
                  "isHook": false,
                  "skipped": false
                }
              ],
              "suites": [],
              "passes": [
                "83e1ab1f-2791-443f-aeb6-289331b0d838"
              ],
              "failures": [],
              "pending": [],
              "skipped": [],
              "duration": 0,
              "root": false,
              "rootEmpty": false,
              "_timeout": 2000
            },
            {
              "uuid": "e71b779e-ff36-4458-8105-5b1d35967047",
              "title": "removeListener()",
              "fullFile": "/home/runner/work/node-pyatv/node-pyatv/test/device-events.ts",
              "file": "/test/device-events.ts",
              "beforeHooks": [],
              "afterHooks": [],
              "tests": [
                {
                  "title": "should work without any exceptions",
                  "fullTitle": "NodePyATVDeviceEvents removeListener() should work without any exceptions",
                  "timedOut": false,
                  "duration": 0,
                  "state": "passed",
                  "speed": "fast",
                  "pass": true,
                  "fail": false,
                  "pending": false,
                  "context": null,
                  "code": "const device=new import_lib.NodePyATVDevice({host:\"192.168.178.2\",name:\"My Testdevice\",spawn:(0,import_fake_spawn.createFakeSpawn)(cp=>{cp.onStdIn(()=>cp.end());cp.stdout({result:\"success\",title:\"My Movie\"})})});const listener=__name(()=>{},\"listener\");device.addListener(\"update\",listener);import_assert.default.deepStrictEqual(device.listenerCount(\"update\"),1);device.removeListener(\"update\",listener);import_assert.default.deepStrictEqual(device.listenerCount(\"update\"),0)",
                  "err": {},
                  "uuid": "9e963639-9d63-4d2a-a6ba-77698ad82937",
                  "parentUUID": "e71b779e-ff36-4458-8105-5b1d35967047",
                  "isHook": false,
                  "skipped": false
                }
              ],
              "suites": [],
              "passes": [
                "9e963639-9d63-4d2a-a6ba-77698ad82937"
              ],
              "failures": [],
              "pending": [],
              "skipped": [],
              "duration": 0,
              "root": false,
              "rootEmpty": false,
              "_timeout": 2000
            }
          ],
          "passes": [],
          "failures": [],
          "pending": [],
          "skipped": [],
          "duration": 0,
          "root": false,
          "rootEmpty": false,
          "_timeout": 2000
        },
        {
          "uuid": "356c026f-7395-42eb-a811-941f467385b0",
          "title": "NodePyATVDevice",
          "fullFile": "/home/runner/work/node-pyatv/node-pyatv/test/device.ts",
          "file": "/test/device.ts",
          "beforeHooks": [],
          "afterHooks": [],
          "tests": [],
          "suites": [
            {
              "uuid": "4dce1321-c8ae-4286-9b7e-6d3cbf4f5356",
              "title": "get name()",
              "fullFile": "/home/runner/work/node-pyatv/node-pyatv/test/device.ts",
              "file": "/test/device.ts",
              "beforeHooks": [],
              "afterHooks": [],
              "tests": [
                {
                  "title": "should return the name",
                  "fullTitle": "NodePyATVDevice get name() should return the name",
                  "timedOut": false,
                  "duration": 0,
                  "state": "passed",
                  "speed": "fast",
                  "pass": true,
                  "fail": false,
                  "pending": false,
                  "context": null,
                  "code": "const device=new import_device.default({host:\"192.168.178.2\",name:\"My Testdevice\"});import_assert.default.strictEqual(device.name,\"My Testdevice\")",
                  "err": {},
                  "uuid": "04ccca8b-a3eb-43ed-bc8f-179147c4519a",
                  "parentUUID": "4dce1321-c8ae-4286-9b7e-6d3cbf4f5356",
                  "isHook": false,
                  "skipped": false
                }
              ],
              "suites": [],
              "passes": [
                "04ccca8b-a3eb-43ed-bc8f-179147c4519a"
              ],
              "failures": [],
              "pending": [],
              "skipped": [],
              "duration": 0,
              "root": false,
              "rootEmpty": false,
              "_timeout": 2000
            },
            {
              "uuid": "07a8ec0a-a360-45c2-b2a2-57ab8f865a0d",
              "title": "get host()",
              "fullFile": "/home/runner/work/node-pyatv/node-pyatv/test/device.ts",
              "file": "/test/device.ts",
              "beforeHooks": [],
              "afterHooks": [],
              "tests": [
                {
                  "title": "should return the host",
                  "fullTitle": "NodePyATVDevice get host() should return the host",
                  "timedOut": false,
                  "duration": 0,
                  "state": "passed",
                  "speed": "fast",
                  "pass": true,
                  "fail": false,
                  "pending": false,
                  "context": null,
                  "code": "const device=new import_device.default({host:\"192.168.178.2\",name:\"My Testdevice\"});import_assert.default.strictEqual(device.host,\"192.168.178.2\")",
                  "err": {},
                  "uuid": "567dc6fd-b3d1-44ba-9d63-780795544511",
                  "parentUUID": "07a8ec0a-a360-45c2-b2a2-57ab8f865a0d",
                  "isHook": false,
                  "skipped": false
                }
              ],
              "suites": [],
              "passes": [
                "567dc6fd-b3d1-44ba-9d63-780795544511"
              ],
              "failures": [],
              "pending": [],
              "skipped": [],
              "duration": 0,
              "root": false,
              "rootEmpty": false,
              "_timeout": 2000
            },
            {
              "uuid": "72e0f8bb-bb53-49f4-9af6-f6e0076cf498",
              "title": "get id()",
              "fullFile": "/home/runner/work/node-pyatv/node-pyatv/test/device.ts",
              "file": "/test/device.ts",
              "beforeHooks": [],
              "afterHooks": [],
              "tests": [
                {
                  "title": "should return the id",
                  "fullTitle": "NodePyATVDevice get id() should return the id",
                  "timedOut": false,
                  "duration": 0,
                  "state": "passed",
                  "speed": "fast",
                  "pass": true,
                  "fail": false,
                  "pending": false,
                  "context": null,
                  "code": "const device=new import_device.default({host:\"192.168.178.2\",id:\"*****\",name:\"My Testdevice\"});import_assert.default.strictEqual(device.id,\"*****\")",
                  "err": {},
                  "uuid": "bc3b2adb-ba41-48df-a295-c023bde4948e",
                  "parentUUID": "72e0f8bb-bb53-49f4-9af6-f6e0076cf498",
                  "isHook": false,
                  "skipped": false
                }
              ],
              "suites": [],
              "passes": [
                "bc3b2adb-ba41-48df-a295-c023bde4948e"
              ],
              "failures": [],
              "pending": [],
              "skipped": [],
              "duration": 0,
              "root": false,
              "rootEmpty": false,
              "_timeout": 2000
            },
            {
              "uuid": "4f2ffbb2-d625-4295-9d8e-be931344161c",
              "title": "get allIDs()",
              "fullFile": "/home/runner/work/node-pyatv/node-pyatv/test/device.ts",
              "file": "/test/device.ts",
              "beforeHooks": [],
              "afterHooks": [],
              "tests": [
                {
                  "title": "should return all the IDs",
                  "fullTitle": "NodePyATVDevice get allIDs() should return all the IDs",
                  "timedOut": false,
                  "duration": 0,
                  "state": "passed",
                  "speed": "fast",
                  "pass": true,
                  "fail": false,
                  "pending": false,
                  "context": null,
                  "code": "const device=new import_device.default({allIDs:[\"some_id_1\",\"some_id_2\",\"some_id_3\"],host:\"192.168.178.2\",id:\"*****\",name:\"My Testdevice\"});import_assert.default.deepStrictEqual(device.allIDs,[\"some_id_1\",\"some_id_2\",\"some_id_3\"])",
                  "err": {},
                  "uuid": "c22412be-ecd9-448d-8cda-feeaa3318409",
                  "parentUUID": "4f2ffbb2-d625-4295-9d8e-be931344161c",
                  "isHook": false,
                  "skipped": false
                }
              ],
              "suites": [],
              "passes": [
                "c22412be-ecd9-448d-8cda-feeaa3318409"
              ],
              "failures": [],
              "pending": [],
              "skipped": [],
              "duration": 0,
              "root": false,
              "rootEmpty": false,
              "_timeout": 2000
            },
            {
              "uuid": "d021031f-d319-4ae4-a6f7-df98b0ae87c9",
              "title": "get protocol()",
              "fullFile": "/home/runner/work/node-pyatv/node-pyatv/test/device.ts",
              "file": "/test/device.ts",
              "beforeHooks": [],
              "afterHooks": [],
              "tests": [
                {
                  "title": "should return the protocol",
                  "fullTitle": "NodePyATVDevice get protocol() should return the protocol",
                  "timedOut": false,
                  "duration": 0,
                  "state": "passed",
                  "speed": "fast",
                  "pass": true,
                  "fail": false,
                  "pending": false,
                  "context": null,
                  "code": "const device=new import_device.default({host:\"192.168.178.2\",name:\"My Testdevice\",protocol:import_types.NodePyATVProtocol.airplay});import_assert.default.strictEqual(device.protocol,import_types.NodePyATVProtocol.airplay)",
                  "err": {},
                  "uuid": "0276d076-eef4-4996-a7bf-06a919179d02",
                  "parentUUID": "d021031f-d319-4ae4-a6f7-df98b0ae87c9",
                  "isHook": false,
                  "skipped": false
                }
              ],
              "suites": [],
              "passes": [
                "0276d076-eef4-4996-a7bf-06a919179d02"
              ],
              "failures": [],
              "pending": [],
              "skipped": [],
              "duration": 0,
              "root": false,
              "rootEmpty": false,
              "_timeout": 2000
            },
            {
              "uuid": "f37b7d94-3b25-4f2a-bacb-68d67019a6e1",
              "title": "get mac()",
              "fullFile": "/home/runner/work/node-pyatv/node-pyatv/test/device.ts",
              "file": "/test/device.ts",
              "beforeHooks": [],
              "afterHooks": [],
              "tests": [
                {
                  "title": "should return the mac",
                  "fullTitle": "NodePyATVDevice get mac() should return the mac",
                  "timedOut": false,
                  "duration": 0,
                  "state": "passed",
                  "speed": "fast",
                  "pass": true,
                  "fail": false,
                  "pending": false,
                  "context": null,
                  "code": "const device=new import_device.default({host:\"192.168.178.2\",mac:\"AA:BB:CC:DD:EE:FF\",name:\"My Testdevice\"});import_assert.default.strictEqual(device.mac,\"AA:BB:CC:DD:EE:FF\")",
                  "err": {},
                  "uuid": "d1eb1f6d-e461-4a6e-a517-6352f682f904",
                  "parentUUID": "f37b7d94-3b25-4f2a-bacb-68d67019a6e1",
                  "isHook": false,
                  "skipped": false
                }
              ],
              "suites": [],
              "passes": [
                "d1eb1f6d-e461-4a6e-a517-6352f682f904"
              ],
              "failures": [],
              "pending": [],
              "skipped": [],
              "duration": 0,
              "root": false,
              "rootEmpty": false,
              "_timeout": 2000
            },
            {
              "uuid": "6c7f4f83-46ce-48c3-b63d-da626b51ac01",
              "title": "get model()",
              "fullFile": "/home/runner/work/node-pyatv/node-pyatv/test/device.ts",
              "file": "/test/device.ts",
              "beforeHooks": [],
              "afterHooks": [],
              "tests": [
                {
                  "title": "should return the model if set by scan",
                  "fullTitle": "NodePyATVDevice get model() should return the model if set by scan",
                  "timedOut": false,
                  "duration": 0,
                  "state": "passed",
                  "speed": "fast",
                  "pass": true,
                  "fail": false,
                  "pending": false,
                  "context": null,
                  "code": "const device=new import_device.default({host:\"10.0.10.81\",id:\"xxx\",model:\"Gen4K\",name:\"Vardagsrum\"});import_assert.default.strictEqual(device.model,\"Gen4K\")",
                  "err": {},
                  "uuid": "bf58925a-2ae0-49f7-a58c-9855ce81f3c2",
                  "parentUUID": "6c7f4f83-46ce-48c3-b63d-da626b51ac01",
                  "isHook": false,
                  "skipped": false
                },
                {
                  "title": "should return undefined otherwise",
                  "fullTitle": "NodePyATVDevice get model() should return undefined otherwise",
                  "timedOut": false,
                  "duration": 0,
                  "state": "passed",
                  "speed": "fast",
                  "pass": true,
                  "fail": false,
                  "pending": false,
                  "context": null,
                  "code": "const device=new import_device.default({host:\"10.0.10.81\",name:\"Vardagsrum\"});import_assert.default.strictEqual(device.model,void 0)",
                  "err": {},
                  "uuid": "f923fb6c-b882-4615-a26c-f65c2347b541",
                  "parentUUID": "6c7f4f83-46ce-48c3-b63d-da626b51ac01",
                  "isHook": false,
                  "skipped": false
                }
              ],
              "suites": [],
              "passes": [
                "bf58925a-2ae0-49f7-a58c-9855ce81f3c2",
                "f923fb6c-b882-4615-a26c-f65c2347b541"
              ],
              "failures": [],
              "pending": [],
              "skipped": [],
              "duration": 0,
              "root": false,
              "rootEmpty": false,
              "_timeout": 2000
            },
            {
              "uuid": "cd210524-37e4-4f13-a1db-3065eb01d98c",
              "title": "get modelName()",
              "fullFile": "/home/runner/work/node-pyatv/node-pyatv/test/device.ts",
              "file": "/test/device.ts",
              "beforeHooks": [],
              "afterHooks": [],
              "tests": [
                {
                  "title": "should return the model name if set by scan",
                  "fullTitle": "NodePyATVDevice get modelName() should return the model name if set by scan",
                  "timedOut": false,
                  "duration": 0,
                  "state": "passed",
                  "speed": "fast",
                  "pass": true,
                  "fail": false,
                  "pending": false,
                  "context": null,
                  "code": "const device=new import_device.default({host:\"10.0.10.81\",id:\"xxx\",modelName:\"Apple TV 4K\",name:\"Vardagsrum\"});import_assert.default.strictEqual(device.modelName,\"Apple TV 4K\")",
                  "err": {},
                  "uuid": "a1db9b5b-8b14-4fd4-8e7f-e5849ed891a2",
                  "parentUUID": "cd210524-37e4-4f13-a1db-3065eb01d98c",
                  "isHook": false,
                  "skipped": false
                },
                {
                  "title": "should return undefined otherwise",
                  "fullTitle": "NodePyATVDevice get modelName() should return undefined otherwise",
                  "timedOut": false,
                  "duration": 0,
                  "state": "passed",
                  "speed": "fast",
                  "pass": true,
                  "fail": false,
                  "pending": false,
                  "context": null,
                  "code": "const device=new import_device.default({host:\"10.0.10.81\",name:\"Vardagsrum\"});import_assert.default.strictEqual(device.modelName,void 0)",
                  "err": {},
                  "uuid": "908d3a21-95a1-4c07-b4b6-6377b77b7237",
                  "parentUUID": "cd210524-37e4-4f13-a1db-3065eb01d98c",
                  "isHook": false,
                  "skipped": false
                }
              ],
              "suites": [],
              "passes": [
                "a1db9b5b-8b14-4fd4-8e7f-e5849ed891a2",
                "908d3a21-95a1-4c07-b4b6-6377b77b7237"
              ],
              "failures": [],
              "pending": [],
              "skipped": [],
              "duration": 0,
              "root": false,
              "rootEmpty": false,
              "_timeout": 2000
            },
            {
              "uuid": "f5855480-b01e-4e43-98a0-047bdf5ec1a0",
              "title": "get os()",
              "fullFile": "/home/runner/work/node-pyatv/node-pyatv/test/device.ts",
              "file": "/test/device.ts",
              "beforeHooks": [],
              "afterHooks": [],
              "tests": [
                {
                  "title": "should return the operating system if set by scan",
                  "fullTitle": "NodePyATVDevice get os() should return the operating system if set by scan",
                  "timedOut": false,
                  "duration": 0,
                  "state": "passed",
                  "speed": "fast",
                  "pass": true,
                  "fail": false,
                  "pending": false,
                  "context": null,
                  "code": "const device=new import_device.default({host:\"10.0.10.81\",id:\"xxx\",name:\"Vardagsrum\",os:\"TvOS\"});import_assert.default.strictEqual(device.os,\"TvOS\")",
                  "err": {},
                  "uuid": "c8abc517-9a8a-4e4e-bbcb-a0da93eaf5b0",
                  "parentUUID": "f5855480-b01e-4e43-98a0-047bdf5ec1a0",
                  "isHook": false,
                  "skipped": false
                },
                {
                  "title": "should return undefined otherwise",
                  "fullTitle": "NodePyATVDevice get os() should return undefined otherwise",
                  "timedOut": false,
                  "duration": 1,
                  "state": "passed",
                  "speed": "fast",
                  "pass": true,
                  "fail": false,
                  "pending": false,
                  "context": null,
                  "code": "const device=new import_device.default({host:\"10.0.10.81\",name:\"Vardagsrum\"});import_assert.default.strictEqual(device.os,void 0)",
                  "err": {},
                  "uuid": "d9820fe3-3941-416c-83a0-34cef8dc116f",
                  "parentUUID": "f5855480-b01e-4e43-98a0-047bdf5ec1a0",
                  "isHook": false,
                  "skipped": false
                }
              ],
              "suites": [],
              "passes": [
                "c8abc517-9a8a-4e4e-bbcb-a0da93eaf5b0",
                "d9820fe3-3941-416c-83a0-34cef8dc116f"
              ],
              "failures": [],
              "pending": [],
              "skipped": [],
              "duration": 1,
              "root": false,
              "rootEmpty": false,
              "_timeout": 2000
            },
            {
              "uuid": "3b9305a8-bc80-4e39-97dd-97cd03996f0f",
              "title": "get version()",
              "fullFile": "/home/runner/work/node-pyatv/node-pyatv/test/device.ts",
              "file": "/test/device.ts",
              "beforeHooks": [],
              "afterHooks": [],
              "tests": [
                {
                  "title": "should return the version if set by scan",
                  "fullTitle": "NodePyATVDevice get version() should return the version if set by scan",
                  "timedOut": false,
                  "duration": 0,
                  "state": "passed",
                  "speed": "fast",
                  "pass": true,
                  "fail": false,
                  "pending": false,
                  "context": null,
                  "code": "const device=new import_device.default({host:\"10.0.10.81\",id:\"xxx\",name:\"Vardagsrum\",version:\"15.5.1\"});import_assert.default.strictEqual(device.version,\"15.5.1\")",
                  "err": {},
                  "uuid": "b27b39f2-8dc6-425a-9a1a-dda8ee81df75",
                  "parentUUID": "3b9305a8-bc80-4e39-97dd-97cd03996f0f",
                  "isHook": false,
                  "skipped": false
                },
                {
                  "title": "should return undefined otherwise",
                  "fullTitle": "NodePyATVDevice get version() should return undefined otherwise",
                  "timedOut": false,
                  "duration": 0,
                  "state": "passed",
                  "speed": "fast",
                  "pass": true,
                  "fail": false,
                  "pending": false,
                  "context": null,
                  "code": "const device=new import_device.default({host:\"10.0.10.81\",name:\"Vardagsrum\"});import_assert.default.strictEqual(device.version,void 0)",
                  "err": {},
                  "uuid": "09683786-0dd4-46d7-8796-979e4969209b",
                  "parentUUID": "3b9305a8-bc80-4e39-97dd-97cd03996f0f",
                  "isHook": false,
                  "skipped": false
                }
              ],
              "suites": [],
              "passes": [
                "b27b39f2-8dc6-425a-9a1a-dda8ee81df75",
                "09683786-0dd4-46d7-8796-979e4969209b"
              ],
              "failures": [],
              "pending": [],
              "skipped": [],
              "duration": 0,
              "root": false,
              "rootEmpty": false,
              "_timeout": 2000
            },
            {
              "uuid": "07d88122-7b87-4ee1-ae06-f2a64c6f1a09",
              "title": "get services()",
              "fullFile": "/home/runner/work/node-pyatv/node-pyatv/test/device.ts",
              "file": "/test/device.ts",
              "beforeHooks": [],
              "afterHooks": [],
              "tests": [
                {
                  "title": "should return the services if set by scan",
                  "fullTitle": "NodePyATVDevice get services() should return the services if set by scan",
                  "timedOut": false,
                  "duration": 0,
                  "state": "passed",
                  "speed": "fast",
                  "pass": true,
                  "fail": false,
                  "pending": false,
                  "context": null,
                  "code": "const device=new import_device.default({host:\"10.0.10.81\",id:\"xxx\",name:\"Vardagsrum\",services:[{port:49152,protocol:import_types.NodePyATVProtocol.mrp},{port:7e3,protocol:import_types.NodePyATVProtocol.airplay}]});import_assert.default.deepStrictEqual(device.services,[{port:49152,protocol:\"mrp\"},{port:7e3,protocol:\"airplay\"}])",
                  "err": {},
                  "uuid": "ba8b6842-342d-4e88-9565-a230daed2c7d",
                  "parentUUID": "07d88122-7b87-4ee1-ae06-f2a64c6f1a09",
                  "isHook": false,
                  "skipped": false
                },
                {
                  "title": "should return undefined otherwise",
                  "fullTitle": "NodePyATVDevice get services() should return undefined otherwise",
                  "timedOut": false,
                  "duration": 0,
                  "state": "passed",
                  "speed": "fast",
                  "pass": true,
                  "fail": false,
                  "pending": false,
                  "context": null,
                  "code": "const device=new import_device.default({host:\"10.0.10.81\",name:\"Vardagsrum\"});import_assert.default.strictEqual(device.services,void 0)",
                  "err": {},
                  "uuid": "ec8c52f7-921a-4364-bffe-aa57bf8f3202",
                  "parentUUID": "07d88122-7b87-4ee1-ae06-f2a64c6f1a09",
                  "isHook": false,
                  "skipped": false
                }
              ],
              "suites": [],
              "passes": [
                "ba8b6842-342d-4e88-9565-a230daed2c7d",
                "ec8c52f7-921a-4364-bffe-aa57bf8f3202"
              ],
              "failures": [],
              "pending": [],
              "skipped": [],
              "duration": 0,
              "root": false,
              "rootEmpty": false,
              "_timeout": 2000
            },
            {
              "uuid": "35d0d1d1-a022-4f95-a256-f23bb2585978",
              "title": "get debug()",
              "fullFile": "/home/runner/work/node-pyatv/node-pyatv/test/device.ts",
              "file": "/test/device.ts",
              "beforeHooks": [],
              "afterHooks": [],
              "tests": [
                {
                  "title": "should return true if set to true",
                  "fullTitle": "NodePyATVDevice get debug() should return true if set to true",
                  "timedOut": false,
                  "duration": 0,
                  "state": "passed",
                  "speed": "fast",
                  "pass": true,
                  "fail": false,
                  "pending": false,
                  "context": null,
                  "code": "const device=new import_device.default({debug:true,host:\"192.168.178.2\",name:\"My Testdevice\"});import_assert.default.strictEqual(device.debug,true)",
                  "err": {},
                  "uuid": "09ed516e-60e3-4c54-8ee8-568d33bede64",
                  "parentUUID": "35d0d1d1-a022-4f95-a256-f23bb2585978",
                  "isHook": false,
                  "skipped": false
                },
                {
                  "title": "should return fn if set to custom function",
                  "fullTitle": "NodePyATVDevice get debug() should return fn if set to custom function",
                  "timedOut": false,
                  "duration": 0,
                  "state": "passed",
                  "speed": "fast",
                  "pass": true,
                  "fail": false,
                  "pending": false,
                  "context": null,
                  "code": "const fn=__name(()=>{},\"fn\");const device=new import_device.default({debug:fn,host:\"192.168.178.2\",name:\"My Testdevice\"});import_assert.default.strictEqual(device.debug,fn)",
                  "err": {},
                  "uuid": "3cf20f32-1e81-4c11-b75e-0bbf6dfb7062",
                  "parentUUID": "35d0d1d1-a022-4f95-a256-f23bb2585978",
                  "isHook": false,
                  "skipped": false
                },
                {
                  "title": "should return false if unset",
                  "fullTitle": "NodePyATVDevice get debug() should return false if unset",
                  "timedOut": false,
                  "duration": 0,
                  "state": "passed",
                  "speed": "fast",
                  "pass": true,
                  "fail": false,
                  "pending": false,
                  "context": null,
                  "code": "const device=new import_device.default({host:\"192.168.178.2\",name:\"My Testdevice\"});import_assert.default.strictEqual(device.debug,void 0)",
                  "err": {},
                  "uuid": "7eb9b297-61dd-408b-bd29-af322598b2f7",
[...]
                  "err": {},
                  "uuid": "c4c84301-05cb-4377-bac8-cdcc002727b8",
                  "parentUUID": "5dc6fa48-cf24-45cf-9a77-e2eaa26ca0d0",
                  "isHook": false,
                  "skipped": false
                },
                {
                  "title": "should handle atvscriptPath if set",
                  "fullTitle": "Tools getExecutable() should handle atvscriptPath if set",
                  "timedOut": false,
                  "duration": 0,
                  "state": "passed",
                  "speed": "fast",
                  "pass": true,
                  "fail": false,
                  "pending": false,
                  "context": null,
                  "code": "const result=(0,import_tools.getExecutable)(import_types.NodePyATVExecutableType.atvscript,{atvremotePath:\"/tmp/1\",atvscriptPath:\"/tmp/2\"});import_assert.default.strictEqual(result,\"/tmp/2\")",
                  "err": {},
                  "uuid": "cf1c31d7-0163-45f6-ba8b-8ede815d4098",
                  "parentUUID": "5dc6fa48-cf24-45cf-9a77-e2eaa26ca0d0",
                  "isHook": false,
                  "skipped": false
                },
                {
                  "title": "should handle default for atvremote",
                  "fullTitle": "Tools getExecutable() should handle default for atvremote",
                  "timedOut": false,
                  "duration": 0,
                  "state": "passed",
                  "speed": "fast",
                  "pass": true,
                  "fail": false,
                  "pending": false,
                  "context": null,
                  "code": "const result=(0,import_tools.getExecutable)(import_types.NodePyATVExecutableType.atvremote,{atvscriptPath:\"/tmp\"});import_assert.default.strictEqual(result,\"atvremote\")",
                  "err": {},
                  "uuid": "d4aaafe7-b9ff-4bd3-86ef-6bcb56845593",
                  "parentUUID": "5dc6fa48-cf24-45cf-9a77-e2eaa26ca0d0",
                  "isHook": false,
                  "skipped": false
                },
                {
                  "title": "should handle default for atvscript",
                  "fullTitle": "Tools getExecutable() should handle default for atvscript",
                  "timedOut": false,
                  "duration": 0,
                  "state": "passed",
                  "speed": "fast",
                  "pass": true,
                  "fail": false,
                  "pending": false,
                  "context": null,
                  "code": "const result=(0,import_tools.getExecutable)(import_types.NodePyATVExecutableType.atvscript,{atvremotePath:\"/tmp\"});import_assert.default.strictEqual(result,\"atvscript\")",
                  "err": {},
                  "uuid": "33077800-4d8e-44b0-93e1-430ad25841a6",
                  "parentUUID": "5dc6fa48-cf24-45cf-9a77-e2eaa26ca0d0",
                  "isHook": false,
                  "skipped": false
                }
              ],
              "suites": [],
              "passes": [
                "c4c84301-05cb-4377-bac8-cdcc002727b8",
                "cf1c31d7-0163-45f6-ba8b-8ede815d4098",
                "d4aaafe7-b9ff-4bd3-86ef-6bcb56845593",
                "33077800-4d8e-44b0-93e1-430ad25841a6"
              ],
              "failures": [],
              "pending": [],
              "skipped": [],
              "duration": 0,
              "root": false,
              "rootEmpty": false,
              "_timeout": 2000
            },
            {
              "uuid": "10ebb242-795e-46c5-a041-6a5d23c970d3",
              "title": "getParameters()",
              "fullFile": "/home/runner/work/node-pyatv/node-pyatv/test/tools.ts",
              "file": "/test/tools.ts",
              "beforeHooks": [],
              "afterHooks": [],
              "tests": [
                {
                  "title": "empty case",
                  "fullTitle": "Tools getParameters() empty case",
                  "timedOut": false,
                  "duration": 0,
                  "state": "passed",
                  "speed": "fast",
                  "pass": true,
                  "fail": false,
                  "pending": false,
                  "context": null,
                  "code": "const result=await(0,import_tools.getParameters)();import_assert.default.deepEqual(result,[])",
                  "err": {},
                  "uuid": "3f3ed436-0c98-4309-94fd-a56f53f9e6ea",
                  "parentUUID": "10ebb242-795e-46c5-a041-6a5d23c970d3",
                  "isHook": false,
                  "skipped": false
                },
                {
                  "title": "easy case",
                  "fullTitle": "Tools getParameters() easy case",
                  "timedOut": false,
                  "duration": 0,
                  "state": "passed",
                  "speed": "fast",
                  "pass": true,
                  "fail": false,
                  "pending": false,
                  "context": null,
                  "code": "const result=await(0,import_tools.getParameters)({host:\"192.168.178.2\"});import_assert.default.deepEqual(result,[\"-s\",\"192.168.178.2\"])",
                  "err": {},
                  "uuid": "62bbc742-1c5d-46c1-8609-563b47c7cc01",
                  "parentUUID": "10ebb242-795e-46c5-a041-6a5d23c970d3",
                  "isHook": false,
                  "skipped": false
                },
                {
                  "title": "full case",
                  "fullTitle": "Tools getParameters() full case",
                  "timedOut": false,
                  "duration": 0,
                  "state": "passed",
                  "speed": "fast",
                  "pass": true,
                  "fail": false,
                  "pending": false,
                  "context": null,
                  "code": "const result=await(0,import_tools.getParameters)({airplayCredentials:\"****\",companionCredentials:\"1234\",dmapCredentials:\"****\",hosts:[\"192.168.178.2\",\"192.168.178.3\"],id:\"****\",mrpCredentials:\"****\",protocol:import_types.NodePyATVProtocol.mrp,raopCredentials:\"::foo:\"});import_assert.default.deepEqual(result,[\"-s\",\"192.168.178.2,192.168.178.3\",\"-i\",\"****\",\"--protocol\",\"mrp\",\"--dmap-credentials\",\"****\",\"--mrp-credentials\",\"****\",\"--airplay-credentials\",\"****\",\"--companion-credentials\",\"1234\",\"--raop-credentials\",\"::foo:\"])",
                  "err": {},
                  "uuid": "2610d556-cfc4-4664-8108-368c09655ed9",
                  "parentUUID": "10ebb242-795e-46c5-a041-6a5d23c970d3",
                  "isHook": false,
                  "skipped": false
                }
              ],
              "suites": [],
              "passes": [
                "3f3ed436-0c98-4309-94fd-a56f53f9e6ea",
                "62bbc742-1c5d-46c1-8609-563b47c7cc01",
                "2610d556-cfc4-4664-8108-368c09655ed9"
              ],
              "failures": [],
              "pending": [],
              "skipped": [],
              "duration": 0,
              "root": false,
              "rootEmpty": false,
              "_timeout": 2000
            },
            {
              "uuid": "4a27bed2-c47e-462d-aa1f-225a4238d092",
              "title": "parseState()",
              "fullFile": "/home/runner/work/node-pyatv/node-pyatv/test/tools.ts",
              "file": "/test/tools.ts",
              "beforeHooks": [],
              "afterHooks": [],
              "tests": [
                {
                  "title": "should work with empty data",
                  "fullTitle": "Tools parseState() should work with empty data",
                  "timedOut": false,
                  "duration": 0,
                  "state": "passed",
                  "speed": "fast",
                  "pass": true,
                  "fail": false,
                  "pending": false,
                  "context": null,
                  "code": "const input={};const result=(0,import_tools.parseState)(input,\"\",{});import_assert.default.deepStrictEqual(result,{album:null,app:null,appId:null,artist:null,contentIdentifier:null,dateTime:null,deviceState:null,episodeNumber:null,focusState:null,genre:null,hash:null,iTunesStoreIdentifier:null,mediaType:null,outputDevices:null,position:null,powerState:null,repeat:null,seasonNumber:null,seriesName:null,shuffle:null,title:null,totalTime:null,volume:null})",
                  "err": {},
                  "uuid": "5551aa1f-f25f-431d-9356-8c8c2300a374",
                  "parentUUID": "4a27bed2-c47e-462d-aa1f-225a4238d092",
                  "isHook": false,
                  "skipped": false
                },
                {
                  "title": "should work without data",
                  "fullTitle": "Tools parseState() should work without data",
                  "timedOut": false,
                  "duration": 1,
                  "state": "passed",
                  "speed": "fast",
                  "pass": true,
                  "fail": false,
                  "pending": false,
                  "context": null,
                  "code": "const result=(0,import_tools.parseState)(null,\"\",{});import_assert.default.deepStrictEqual(result,{album:null,app:null,appId:null,artist:null,contentIdentifier:null,dateTime:null,deviceState:null,episodeNumber:null,focusState:null,genre:null,hash:null,iTunesStoreIdentifier:null,mediaType:null,outputDevices:null,position:null,powerState:null,repeat:null,seasonNumber:null,seriesName:null,shuffle:null,title:null,totalTime:null,volume:null})",
                  "err": {},
                  "uuid": "163bf089-eaad-4a37-934d-31ad361ba3e6",
                  "parentUUID": "4a27bed2-c47e-462d-aa1f-225a4238d092",
                  "isHook": false,
                  "skipped": false
                },
                {
                  "title": "should work with example data",
                  "fullTitle": "Tools parseState() should work with example data",
                  "timedOut": false,
                  "duration": 0,
                  "state": "passed",
                  "speed": "fast",
                  "pass": true,
                  "fail": false,
                  "pending": false,
                  "context": null,
                  "code": "const input={album:null,app:\"Disney+\",app_id:\"com.disney.disneyplus\",artist:null,content_identifier:null,datetime:\"2020-11-07T22:38:43.608030+01:00\",device_state:\"playing\",episode_number:null,focus_state:null,genre:null,hash:\"100e0ab6-6ff5-4199-9c04-a7107ff78712\",itunes_store_identifier:null,media_type:\"video\",output_devices:null,position:27,power_state:null,repeat:\"off\",result:\"success\",season_number:null,series_name:null,shuffle:\"off\",title:\"Solo: A Star Wars Story\",total_time:8097,volume:null};const result=(0,import_tools.parseState)(input,\"\",{});import_assert.default.deepStrictEqual(result,{album:null,app:\"Disney+\",appId:\"com.disney.disneyplus\",artist:null,contentIdentifier:null,dateTime:new Date(\"2020-11-07T22:38:43.608030+01:00\"),deviceState:import_types.NodePyATVDeviceState.playing,episodeNumber:null,focusState:null,genre:null,hash:\"100e0ab6-6ff5-4199-9c04-a7107ff78712\",iTunesStoreIdentifier:null,mediaType:import_types.NodePyATVMediaType.video,outputDevices:null,position:27,powerState:null,repeat:import_types.NodePyATVRepeatState.off,seasonNumber:null,seriesName:null,shuffle:import_types.NodePyATVShuffleState.off,title:\"Solo: A Star Wars Story\",totalTime:8097,volume:null})",
                  "err": {},
                  "uuid": "55a17630-a1b0-446c-825a-226cd292cc9f",
                  "parentUUID": "4a27bed2-c47e-462d-aa1f-225a4238d092",
                  "isHook": false,
                  "skipped": false
                },
                {
                  "title": "should throw an error for pyatv exceptions",
                  "fullTitle": "Tools parseState() should throw an error for pyatv exceptions",
                  "timedOut": false,
                  "duration": 0,
                  "state": "passed",
                  "speed": "fast",
                  "pass": true,
                  "fail": false,
                  "pending": false,
                  "context": null,
                  "code": "const input={datetime:\"2021-11-24T21:13:36.424576+03:00\",exception:\"invalid credentials: 321\",result:\"failure\",stacktrace:'Traceback (most recent call last):\\n  File \"/Users/free/Library/Python/3.8/lib/python/site-packages/pyatv/scripts/atvscript.py\", line 302, in appstart\\n    print(args.output(await _handle_command(args, abort_sem, loop)), flush=True)\\n  File \"/Users/free/Library/Python/3.8/lib/python/site-packages/pyatv/scripts/atvscript.py\", line 196, in _handle_command\\n    atv = await connect(config, loop, protocol=Protocol.MRP)\\n  File \"/Users/free/Library/Python/3.8/lib/python/site-packages/pyatv/__init__.py\", line 96, in connect\\n    for setup_data in proto_methods.setup(\\n  File \"/Users/free/Library/Python/3.8/lib/python/site-packages/pyatv/protocols/airplay/__init__.py\", line 192, in setup\\n    stream = AirPlayStream(config, service)\\n  File \"/Users/free/Library/Python/3.8/lib/python/site-packages/pyatv/protocols/airplay/__init__.py\", line 79, in __init__\\n    self._credentials: HapCredentials = parse_credentials(self.service.credentials)\\n  File \"/Users/free/Library/Python/3.8/lib/python/site-packages/pyatv/auth/hap_pairing.py\", line 139, in parse_credentials\\n    raise exceptions.InvalidCredentialsError(\"invalid credentials: \" + detail_string)\\npyatv.exceptions.InvalidCredentialsError: invalid credentials: 321\\n'};import_assert.default.throws(()=>{(0,import_tools.parseState)(input,\"\",{})},/Got pyatv Error: invalid credentials: 321/)",
                  "err": {},
                  "uuid": "b1dac103-90f4-4633-98a1-94affe8638eb",
                  "parentUUID": "4a27bed2-c47e-462d-aa1f-225a4238d092",
                  "isHook": false,
                  "skipped": false
                },
                {
                  "title": "should ignore date if it's an invalid date",
                  "fullTitle": "Tools parseState() should ignore date if it's an invalid date",
                  "timedOut": false,
                  "duration": 0,
                  "state": "passed",
                  "speed": "fast",
                  "pass": true,
                  "fail": false,
                  "pending": false,
                  "context": null,
                  "code": "const input={datetime:\"today\"};const result=(0,import_tools.parseState)(input,\"\",{});import_assert.default.deepStrictEqual(result,{album:null,app:null,appId:null,artist:null,contentIdentifier:null,dateTime:null,deviceState:null,episodeNumber:null,focusState:null,genre:null,hash:null,iTunesStoreIdentifier:null,mediaType:null,outputDevices:null,position:null,powerState:null,repeat:null,seasonNumber:null,seriesName:null,shuffle:null,title:null,totalTime:null,volume:null})",
                  "err": {},
                  "uuid": "20ba2d30-3fa4-420a-b00b-94fac5f052e2",
                  "parentUUID": "4a27bed2-c47e-462d-aa1f-225a4238d092",
                  "isHook": false,
                  "skipped": false
                },
                {
                  "title": "should ignore data if unsupported type",
                  "fullTitle": "Tools parseState() should ignore data if unsupported type",
                  "timedOut": false,
                  "duration": 0,
                  "state": "passed",
                  "speed": "fast",
                  "pass": true,
                  "fail": false,
                  "pending": false,
                  "context": null,
                  "code": "const input={album:Infinity,app:0,app_id:891645381647289,artist:90,content_identifier:null,datetime:true,device_state:43,episode_number:null,focus_state:null,genre:Math.PI,hash:1337,itunes_store_identifier:null,media_type:false,output_devices:null,position:\"0:30.123\",power_state:null,repeat:true,result:\"success\",season_number:null,series_name:null,shuffle:false,title:void 0,total_time:\"23min\",volume:null};const result=(0,import_tools.parseState)(input,\"\",{});import_assert.default.deepStrictEqual(result,{album:null,app:null,appId:null,artist:null,contentIdentifier:null,dateTime:null,deviceState:null,episodeNumber:null,focusState:null,genre:null,hash:null,iTunesStoreIdentifier:null,mediaType:null,outputDevices:null,position:null,powerState:null,repeat:null,seasonNumber:null,seriesName:null,shuffle:null,title:null,totalTime:null,volume:null})",
                  "err": {},
                  "uuid": "2104abf5-4e86-4818-90e6-fc2467b84869",
                  "parentUUID": "4a27bed2-c47e-462d-aa1f-225a4238d092",
                  "isHook": false,
                  "skipped": false
                },
                {
                  "title": "should ignore enums with unsupported valid",
                  "fullTitle": "Tools parseState() should ignore enums with unsupported valid",
                  "timedOut": false,
                  "duration": 0,
                  "state": "passed",
                  "speed": "fast",
                  "pass": true,
                  "fail": false,
                  "pending": false,
                  "context": null,
                  "code": "const input={device_state:\"initiating\",media_type:\"3d-experience\",repeat:\"nothing\",shuffle:\"everything\"};const result=(0,import_tools.parseState)(input,\"\",{});import_assert.default.deepStrictEqual(result,{album:null,app:null,appId:null,artist:null,contentIdentifier:null,dateTime:null,deviceState:null,episodeNumber:null,focusState:null,genre:null,hash:null,iTunesStoreIdentifier:null,mediaType:null,outputDevices:null,position:null,powerState:null,repeat:null,seasonNumber:null,seriesName:null,shuffle:null,title:null,totalTime:null,volume:null})",
                  "err": {},
                  "uuid": "157de0c4-2980-4c28-a7af-49cc07ef30aa",
                  "parentUUID": "4a27bed2-c47e-462d-aa1f-225a4238d092",
                  "isHook": false,
                  "skipped": false
                }
              ],
              "suites": [],
              "passes": [
                "5551aa1f-f25f-431d-9356-8c8c2300a374",
                "163bf089-eaad-4a37-934d-31ad361ba3e6",
                "55a17630-a1b0-446c-825a-226cd292cc9f",
                "b1dac103-90f4-4633-98a1-94affe8638eb",
                "20ba2d30-3fa4-420a-b00b-94fac5f052e2",
                "2104abf5-4e86-4818-90e6-fc2467b84869",
                "157de0c4-2980-4c28-a7af-49cc07ef30aa"
              ],
              "failures": [],
              "pending": [],
              "skipped": [],
              "duration": 1,
              "root": false,
              "rootEmpty": false,
              "_timeout": 2000
            }
          ],
          "passes": [],
          "failures": [],
          "pending": [],
          "skipped": [],
          "duration": 0,
          "root": false,
          "rootEmpty": false,
          "_timeout": 2000
        }
      ],
      "passes": [],
      "failures": [],
      "pending": [],
      "skipped": [],
      "duration": 0,
      "root": true,
      "rootEmpty": true,
      "_timeout": 2000
    }
  ],
  "meta": {
    "mocha": {
      "version": "11.7.5"
    },
    "mochawesome": {
      "options": {
        "quiet": false,
        "reportFilename": "mochawesome",
        "saveHtml": true,
        "saveJson": true,
        "consoleReporter": "spec",
        "useInlineDiffs": false,
        "code": true
      },
      "version": "7.1.4"
    },
    "marge": {
      "options": null,
      "version": "6.3.0"
    }
  }
}