<?xml version="1.0" ?>
<!DOCTYPE coverage SYSTEM "http://cobertura.sourceforge.net/xml/coverage-04.dtd">
<coverage lines-valid="1988" lines-covered="1955" line-rate="0.9834" branches-valid="309" branches-covered="296" branch-rate="0.9579000000000001" timestamp="1658759238721" complexity="0" version="0.1">
  <sources>
    <source>/home/runner/work/node-pyatv/node-pyatv</source>
  </sources>
  <packages>
    <package name="main" line-rate="0.9834" branch-rate="0.9579000000000001">
      <classes>
        <class name="device-event.ts" filename="src/lib/device-event.ts" line-rate="1" branch-rate="1">
          <methods>
            <method name="NodePyATVDeviceEvent" hits="70" signature="()V">
              <lines>
                <line number="14" hits="70"/>
              </lines>
            </method>
            <method name="get key" hits="4" signature="()V">
              <lines>
                <line number="24" hits="4"/>
              </lines>
            </method>
            <method name="get oldValue" hits="4" signature="()V">
              <lines>
                <line number="32" hits="4"/>
              </lines>
            </method>
            <method name="get newValue" hits="5" signature="()V">
              <lines>
                <line number="39" hits="5"/>
              </lines>
            </method>
            <method name="get value" hits="5" signature="()V">
              <lines>
                <line number="46" hits="5"/>
              </lines>
            </method>
            <method name="get device" hits="4" signature="()V">
              <lines>
                <line number="54" hits="4"/>
              </lines>
            </method>
          </methods>
          <lines>
            <line number="1" hits="1" branch="false"/>
            <line number="2" hits="1" branch="false"/>
            <line number="3" hits="1" branch="false"/>
            <line number="4" hits="1" branch="false"/>
            <line number="5" hits="1" branch="false"/>
            <line number="6" hits="1" branch="false"/>
            <line number="7" hits="1" branch="false"/>
            <line number="8" hits="1" branch="false"/>
            <line number="9" hits="1" branch="false"/>
            <line number="10" hits="1" branch="false"/>
            <line number="11" hits="1" branch="false"/>
            <line number="12" hits="1" branch="false"/>
            <line number="13" hits="1" branch="false"/>
            <line number="14" hits="1" branch="true" condition-coverage="100% (1/1)"/>
            <line number="15" hits="70" branch="false"/>
            <line number="16" hits="70" branch="false"/>
            <line number="17" hits="70" branch="false"/>
            <line number="18" hits="70" branch="false"/>
            <line number="19" hits="1" branch="false"/>
            <line number="20" hits="1" branch="false"/>
            <line number="21" hits="1" branch="false"/>
            <line number="22" hits="1" branch="false"/>
            <line number="23" hits="1" branch="false"/>
            <line number="24" hits="1" branch="true" condition-coverage="100% (1/1)"/>
            <line number="25" hits="4" branch="false"/>
            <line number="26" hits="4" branch="false"/>
            <line number="27" hits="1" branch="false"/>
            <line number="28" hits="1" branch="false"/>
            <line number="29" hits="1" branch="false"/>
            <line number="30" hits="1" branch="false"/>
            <line number="31" hits="1" branch="false"/>
            <line number="32" hits="1" branch="true" condition-coverage="100% (1/1)"/>
            <line number="33" hits="4" branch="false"/>
            <line number="34" hits="4" branch="false"/>
            <line number="35" hits="1" branch="false"/>
            <line number="36" hits="1" branch="false"/>
            <line number="37" hits="1" branch="false"/>
            <line number="38" hits="1" branch="false"/>
            <line number="39" hits="1" branch="true" condition-coverage="100% (1/1)"/>
            <line number="40" hits="5" branch="false"/>
            <line number="41" hits="5" branch="false"/>
            <line number="42" hits="1" branch="false"/>
            <line number="43" hits="1" branch="false"/>
            <line number="44" hits="1" branch="false"/>
            <line number="45" hits="1" branch="false"/>
            <line number="46" hits="1" branch="true" condition-coverage="100% (1/1)"/>
            <line number="47" hits="5" branch="false"/>
            <line number="48" hits="5" branch="false"/>
            <line number="49" hits="1" branch="false"/>
            <line number="50" hits="1" branch="false"/>
            <line number="51" hits="1" branch="false"/>
            <line number="52" hits="1" branch="false"/>
            <line number="53" hits="1" branch="false"/>
            <line number="54" hits="1" branch="true" condition-coverage="100% (1/1)"/>
            <line number="55" hits="4" branch="false"/>
            <line number="56" hits="4" branch="false"/>
            <line number="57" hits="1" branch="false"/>
          </lines>
        </class>
        <class name="device-events.ts" filename="src/lib/device-events.ts" line-rate="0.9451999999999999" branch-rate="0.9166">
          <methods>
            <method name="NodePyATVDeviceEvents" hits="87" signature="()V">
              <lines>
                <line number="29" hits="87"/>
              </lines>
            </method>
            <method name="applyStateAndEmitEvents" hits="31" signature="()V">
              <lines>
                <line number="38" hits="31"/>
              </lines>
            </method>
            <method name="parsePushUpdate" hits="12" signature="()V">
              <lines>
                <line number="71" hits="12"/>
              </lines>
            </method>
            <method name="applyPushUpdate" hits="11" signature="()V">
              <lines>
                <line number="92" hits="11"/>
              </lines>
            </method>
            <method name="checkListener" hits="72" signature="()V">
              <lines>
                <line number="102" hits="72"/>
              </lines>
            </method>
            <method name="startListening" hits="19" signature="()V">
              <lines>
                <line number="127" hits="19"/>
              </lines>
            </method>
            <method name="onError" hits="1" signature="()V">
              <lines>
                <line number="138" hits="1"/>
              </lines>
            </method>
            <method name="onStdErr" hits="1" signature="()V">
              <lines>
                <line number="144" hits="1"/>
              </lines>
            </method>
            <method name="onStdOut" hits="12" signature="()V">
              <lines>
                <line number="151" hits="12"/>
              </lines>
            </method>
            <method name="onClose" hits="19" signature="()V">
              <lines>
                <line number="158" hits="19"/>
              </lines>
            </method>
            <method name="stopListening" hits="16" signature="()V">
              <lines>
                <line number="207" hits="16"/>
              </lines>
            </method>
            <method name="addListener" hits="2" signature="()V">
              <lines>
                <line number="238" hits="2"/>
              </lines>
            </method>
            <method name="on" hits="20" signature="()V">
              <lines>
                <line number="244" hits="20"/>
              </lines>
            </method>
            <method name="once" hits="11" signature="()V">
              <lines>
                <line number="250" hits="11"/>
              </lines>
            </method>
            <method name="prependListener" hits="2" signature="()V">
              <lines>
                <line number="259" hits="2"/>
              </lines>
            </method>
            <method name="off" hits="9" signature="()V">
              <lines>
                <line number="265" hits="9"/>
              </lines>
            </method>
            <method name="removeAllListeners" hits="2" signature="()V">
              <lines>
                <line number="271" hits="2"/>
              </lines>
            </method>
            <method name="removeListener" hits="13" signature="()V">
              <lines>
                <line number="277" hits="13"/>
              </lines>
            </method>
            <method name="listenerCount" hits="211" signature="()V">
              <lines>
                <line number="283" hits="211"/>
              </lines>
            </method>
          </methods>
          <lines>
            <line number="1" hits="1" branch="false"/>
            <line number="2" hits="1" branch="false"/>
            <line number="3" hits="1" branch="false"/>
            <line number="4" hits="1" branch="false"/>
            <line number="5" hits="1" branch="false"/>
            <line number="6" hits="1" branch="false"/>
            <line number="7" hits="1" branch="false"/>
            <line number="8" hits="1" branch="false"/>
            <line number="9" hits="1" branch="false"/>
            <line number="10" hits="1" branch="false"/>
            <line number="11" hits="1" branch="false"/>
            <line number="12" hits="1" branch="false"/>
            <line number="13" hits="1" branch="false"/>
            <line number="14" hits="1" branch="false"/>
            <line number="15" hits="1" branch="false"/>
            <line number="16" hits="1" branch="false"/>
            <line number="17" hits="1" branch="false"/>
            <line number="18" hits="1" branch="false"/>
            <line number="19" hits="1" branch="false"/>
            <line number="20" hits="1" branch="false"/>
            <line number="21" hits="1" branch="false"/>
            <line number="22" hits="1" branch="false"/>
            <line number="23" hits="1" branch="false"/>
            <line number="24" hits="1" branch="false"/>
            <line number="25" hits="1" branch="false"/>
            <line number="26" hits="1" branch="false"/>
            <line number="27" hits="1" branch="false"/>
            <line number="28" hits="1" branch="false"/>
            <line number="29" hits="1" branch="true" condition-coverage="100% (1/1)"/>
            <line number="30" hits="87" branch="false"/>
            <line number="31" hits="87" branch="false"/>
            <line number="32" hits="87" branch="false"/>
            <line number="33" hits="87" branch="false"/>
            <line number="34" hits="87" branch="false"/>
            <line number="35" hits="87" branch="false"/>
            <line number="36" hits="87" branch="false"/>
            <line number="37" hits="1" branch="false"/>
            <line number="38" hits="1" branch="true" condition-coverage="100% (1/1)"/>
            <line number="39" hits="31" branch="true" condition-coverage="100% (1/1)"/>
            <line number="40" hits="465" branch="false"/>
            <line number="41" hits="465" branch="false"/>
            <line number="42" hits="465" branch="false"/>
            <line number="43" hits="465" branch="false"/>
            <line number="44" hits="465" branch="false"/>
            <line number="45" hits="465" branch="false"/>
            <line number="46" hits="465" branch="false"/>
            <line number="47" hits="465" branch="true" condition-coverage="100% (1/1)"/>
            <line number="48" hits="401" branch="false"/>
            <line number="49" hits="401" branch="false"/>
            <line number="50" hits="64" branch="true" condition-coverage="100% (1/1)"/>
            <line number="51" hits="64" branch="false"/>
            <line number="52" hits="64" branch="false"/>
            <line number="53" hits="64" branch="false"/>
            <line number="54" hits="64" branch="false"/>
            <line number="55" hits="64" branch="false"/>
            <line number="56" hits="64" branch="false"/>
            <line number="57" hits="64" branch="false"/>
            <line number="58" hits="64" branch="false"/>
            <line number="59" hits="64" branch="false"/>
            <line number="60" hits="64" branch="false"/>
            <line number="61" hits="64" branch="false"/>
            <line number="62" hits="64" branch="false"/>
            <line number="63" hits="64" branch="false"/>
            <line number="64" hits="64" branch="false"/>
            <line number="65" hits="465" branch="true" condition-coverage="100% (1/1)"/>
            <line number="66" hits="1" branch="false"/>
            <line number="67" hits="1" branch="false"/>
            <line number="68" hits="31" branch="false"/>
            <line number="69" hits="31" branch="false"/>
            <line number="70" hits="1" branch="false"/>
            <line number="71" hits="1" branch="true" condition-coverage="100% (1/1)"/>
            <line number="72" hits="12" branch="false"/>
            <line number="73" hits="12" branch="false"/>
            <line number="74" hits="12" branch="false"/>
            <line number="75" hits="12" branch="false"/>
            <line number="76" hits="12" branch="false"/>
            <line number="77" hits="12" branch="true" condition-coverage="100% (1/1)"/>
            <line number="78" hits="1" branch="false"/>
            <line number="79" hits="1" branch="false"/>
            <line number="80" hits="1" branch="false"/>
            <line number="81" hits="1" branch="false"/>
            <line number="82" hits="1" branch="false"/>
            <line number="83" hits="11" branch="true" condition-coverage="100% (1/1)"/>
            <line number="84" hits="11" branch="false"/>
            <line number="85" hits="11" branch="false"/>
            <line number="86" hits="12" branch="true" condition-coverage="100% (1/1)"/>
            <line number="87" hits="2" branch="false"/>
            <line number="88" hits="2" branch="false"/>
            <line number="89" hits="2" branch="false"/>
            <line number="90" hits="12" branch="false"/>
            <line number="91" hits="1" branch="false"/>
            <line number="92" hits="1" branch="true" condition-coverage="100% (1/1)"/>
            <line number="93" hits="11" branch="false"/>
            <line number="94" hits="11" branch="false"/>
            <line number="95" hits="11" branch="false"/>
            <line number="96" hits="11" branch="false"/>
            <line number="97" hits="11" branch="true" condition-coverage="100% (1/1)"/>
            <line number="98" hits="1" branch="false"/>
            <line number="99" hits="1" branch="false"/>
            <line number="100" hits="11" branch="false"/>
            <line number="101" hits="1" branch="false"/>
            <line number="102" hits="1" branch="true" condition-coverage="100% (1/1)"/>
            <line number="103" hits="72" branch="true" condition-coverage="100% (3/3)"/>
            <line number="104" hits="9" branch="false"/>
            <line number="105" hits="9" branch="false"/>
            <line number="106" hits="9" branch="false"/>
            <line number="107" hits="63" branch="true" condition-coverage="100% (3/3)"/>
            <line number="108" hits="19" branch="false"/>
            <line number="109" hits="19" branch="false"/>
            <line number="110" hits="19" branch="false"/>
            <line number="111" hits="19" branch="false"/>
            <line number="112" hits="19" branch="false"/>
            <line number="113" hits="19" branch="false"/>
            <line number="114" hits="44" branch="true" condition-coverage="100% (1/1)"/>
            <line number="115" hits="44" branch="true" condition-coverage="100% (1/1)"/>
            <line number="116" hits="39" branch="false"/>
            <line number="117" hits="44" branch="true" condition-coverage="100% (1/1)"/>
            <line number="118" hits="16" branch="false"/>
            <line number="119" hits="16" branch="false"/>
            <line number="120" hits="16" branch="false"/>
            <line number="121" hits="16" branch="false"/>
            <line number="122" hits="16" branch="false"/>
            <line number="123" hits="16" branch="true" condition-coverage="100% (1/1)"/>
            <line number="124" hits="16" branch="false"/>
            <line number="125" hits="72" branch="false"/>
            <line number="126" hits="1" branch="false"/>
            <line number="127" hits="1" branch="true" condition-coverage="100% (1/1)"/>
            <line number="128" hits="19" branch="true" condition-coverage="0% (0/1)"/>
            <line number="129" hits="0" branch="false"/>
            <line number="130" hits="0" branch="false"/>
            <line number="131" hits="19" branch="false"/>
            <line number="132" hits="19" branch="false"/>
            <line number="133" hits="19" branch="false"/>
            <line number="134" hits="19" branch="false"/>
            <line number="135" hits="19" branch="false"/>
            <line number="136" hits="19" branch="false"/>
            <line number="137" hits="19" branch="false"/>
            <line number="138" hits="19" branch="true" condition-coverage="100% (1/1)"/>
            <line number="139" hits="1" branch="false"/>
            <line number="140" hits="1" branch="false"/>
            <line number="141" hits="19" branch="false"/>
            <line number="142" hits="19" branch="false"/>
            <line number="143" hits="19" branch="false"/>
            <line number="144" hits="19" branch="true" condition-coverage="100% (1/1)"/>
            <line number="145" hits="1" branch="false"/>
            <line number="146" hits="1" branch="false"/>
            <line number="147" hits="1" branch="false"/>
            <line number="148" hits="19" branch="false"/>
            <line number="149" hits="19" branch="false"/>
            <line number="150" hits="19" branch="false"/>
            <line number="151" hits="19" branch="true" condition-coverage="100% (1/1)"/>
            <line number="152" hits="12" branch="false"/>
            <line number="153" hits="12" branch="false"/>
            <line number="154" hits="12" branch="true" condition-coverage="100% (1/1)"/>
            <line number="155" hits="12" branch="false"/>
            <line number="156" hits="12" branch="true" condition-coverage="100% (1/1)"/>
            <line number="157" hits="19" branch="false"/>
            <line number="158" hits="19" branch="true" condition-coverage="100% (1/1)"/>
            <line number="159" hits="19" branch="true" condition-coverage="0% (0/1)"/>
            <line number="160" hits="0" branch="false"/>
            <line number="161" hits="0" branch="false"/>
            <line number="162" hits="0" branch="false"/>
            <line number="163" hits="19" branch="false"/>
            <line number="164" hits="19" branch="false"/>
            <line number="165" hits="19" branch="false"/>
            <line number="166" hits="19" branch="true" condition-coverage="100% (1/1)"/>
            <line number="167" hits="7" branch="false"/>
            <line number="168" hits="7" branch="false"/>
            <line number="169" hits="7" branch="false"/>
            <line number="170" hits="19" branch="false"/>
            <line number="171" hits="19" branch="false"/>
            <line number="172" hits="19" branch="false"/>
            <line number="173" hits="19" branch="false"/>
            <line number="174" hits="19" branch="false"/>
            <line number="175" hits="19" branch="false"/>
            <line number="176" hits="19" branch="false"/>
            <line number="177" hits="19" branch="false"/>
            <line number="178" hits="19" branch="false"/>
            <line number="179" hits="19" branch="false"/>
            <line number="180" hits="19" branch="false"/>
            <line number="181" hits="19" branch="true" condition-coverage="100% (2/2)"/>
            <line number="182" hits="3" branch="false"/>
            <line number="183" hits="3" branch="false"/>
            <line number="184" hits="3" branch="false"/>
            <line number="185" hits="0" branch="false"/>
            <line number="186" hits="3" branch="false"/>
            <line number="187" hits="3" branch="false"/>
            <line number="188" hits="16" branch="true" condition-coverage="50% (1/2)"/>
            <line number="189" hits="0" branch="false"/>
            <line number="190" hits="0" branch="false"/>
            <line number="191" hits="0" branch="false"/>
            <line number="192" hits="19" branch="false"/>
            <line number="193" hits="19" branch="false"/>
            <line number="194" hits="19" branch="false"/>
            <line number="195" hits="19" branch="false"/>
            <line number="196" hits="19" branch="false"/>
            <line number="197" hits="19" branch="false"/>
            <line number="198" hits="19" branch="false"/>
            <line number="199" hits="19" branch="false"/>
            <line number="200" hits="19" branch="false"/>
            <line number="201" hits="19" branch="false"/>
            <line number="202" hits="19" branch="false"/>
            <line number="203" hits="19" branch="false"/>
            <line number="204" hits="19" branch="false"/>
            <line number="205" hits="19" branch="false"/>
            <line number="206" hits="1" branch="false"/>
            <line number="207" hits="1" branch="true" condition-coverage="100% (1/1)"/>
            <line number="208" hits="16" branch="false"/>
            <line number="209" hits="16" branch="true" condition-coverage="100% (1/1)"/>
            <line number="210" hits="2" branch="false"/>
            <line number="211" hits="16" branch="true" condition-coverage="0% (0/1)"/>
            <line number="212" hits="0" branch="false"/>
            <line number="213" hits="0" branch="false"/>
            <line number="214" hits="16" branch="false"/>
            <line number="215" hits="16" branch="false"/>
            <line number="216" hits="16" branch="true" condition-coverage="0% (0/1)"/>
            <line number="217" hits="0" branch="false"/>
            <line number="218" hits="0" branch="false"/>
            <line number="219" hits="0" branch="false"/>
            <line number="220" hits="0" branch="false"/>
            <line number="221" hits="0" branch="false"/>
            <line number="222" hits="16" branch="false"/>
            <line number="223" hits="16" branch="false"/>
            <line number="224" hits="16" branch="false"/>
            <line number="225" hits="16" branch="false"/>
            <line number="226" hits="16" branch="false"/>
            <line number="227" hits="16" branch="true" condition-coverage="100% (1/1)"/>
            <line number="228" hits="10" branch="true" condition-coverage="100% (1/1)"/>
            <line number="229" hits="10" branch="false"/>
            <line number="230" hits="16" branch="true" condition-coverage="100% (2/2)"/>
            <line number="231" hits="7" branch="false"/>
            <line number="232" hits="7" branch="false"/>
            <line number="233" hits="10" branch="true" condition-coverage="100% (1/1)"/>
            <line number="234" hits="10" branch="false"/>
            <line number="235" hits="10" branch="false"/>
            <line number="236" hits="10" branch="false"/>
            <line number="237" hits="1" branch="false"/>
            <line number="238" hits="1" branch="true" condition-coverage="100% (1/1)"/>
            <line number="239" hits="2" branch="false"/>
            <line number="240" hits="2" branch="false"/>
            <line number="241" hits="2" branch="false"/>
            <line number="242" hits="2" branch="false"/>
            <line number="243" hits="1" branch="false"/>
            <line number="244" hits="1" branch="true" condition-coverage="100% (1/1)"/>
            <line number="245" hits="20" branch="false"/>
            <line number="246" hits="20" branch="false"/>
            <line number="247" hits="20" branch="false"/>
            <line number="248" hits="20" branch="false"/>
            <line number="249" hits="1" branch="false"/>
            <line number="250" hits="1" branch="true" condition-coverage="100% (1/1)"/>
            <line number="251" hits="11" branch="true" condition-coverage="100% (1/1)"/>
            <line number="252" hits="11" branch="false"/>
            <line number="253" hits="11" branch="true" condition-coverage="100% (1/1)"/>
            <line number="254" hits="11" branch="false"/>
            <line number="255" hits="11" branch="false"/>
            <line number="256" hits="11" branch="false"/>
            <line number="257" hits="11" branch="false"/>
            <line number="258" hits="1" branch="false"/>
            <line number="259" hits="1" branch="true" condition-coverage="100% (1/1)"/>
            <line number="260" hits="2" branch="false"/>
            <line number="261" hits="2" branch="false"/>
            <line number="262" hits="2" branch="false"/>
            <line number="263" hits="2" branch="false"/>
            <line number="264" hits="1" branch="false"/>
            <line number="265" hits="1" branch="true" condition-coverage="100% (1/1)"/>
            <line number="266" hits="9" branch="false"/>
            <line number="267" hits="9" branch="false"/>
            <line number="268" hits="9" branch="false"/>
            <line number="269" hits="9" branch="false"/>
            <line number="270" hits="1" branch="false"/>
            <line number="271" hits="1" branch="true" condition-coverage="100% (1/1)"/>
            <line number="272" hits="2" branch="false"/>
            <line number="273" hits="2" branch="false"/>
            <line number="274" hits="2" branch="false"/>
            <line number="275" hits="2" branch="false"/>
            <line number="276" hits="1" branch="false"/>
            <line number="277" hits="1" branch="true" condition-coverage="100% (1/1)"/>
            <line number="278" hits="13" branch="false"/>
            <line number="279" hits="13" branch="false"/>
            <line number="280" hits="13" branch="false"/>
            <line number="281" hits="13" branch="false"/>
            <line number="282" hits="1" branch="false"/>
            <line number="283" hits="1" branch="true" condition-coverage="100% (1/1)"/>
            <line number="284" hits="211" branch="true" condition-coverage="100% (1/1)"/>
            <line number="285" hits="82" branch="false"/>
            <line number="286" hits="82" branch="false"/>
            <line number="287" hits="129" branch="true" condition-coverage="100% (1/1)"/>
            <line number="288" hits="129" branch="false"/>
            <line number="289" hits="129" branch="true" condition-coverage="100% (1/1)"/>
            <line number="290" hits="129" branch="true" condition-coverage="100% (1/1)"/>
            <line number="291" hits="129" branch="false"/>
            <line number="292" hits="1" branch="false"/>
          </lines>
        </class>
        <class name="device.ts" filename="src/lib/device.ts" line-rate="0.9956999999999999" branch-rate="0.9753000000000001">
          <methods>
            <method name="NodePyATVDevice" hits="87" signature="()V">
              <lines>
                <line number="33" hits="87"/>
              </lines>
            </method>
            <method name="get name" hits="6" signature="()V">
              <lines>
                <line number="52" hits="6"/>
              </lines>
            </method>
            <method name="get host" hits="6" signature="()V">
              <lines>
                <line number="59" hits="6"/>
              </lines>
            </method>
            <method name="get id" hits="4" signature="()V">
              <lines>
                <line number="66" hits="4"/>
              </lines>
            </method>
            <method name="get protocol" hits="4" signature="()V">
              <lines>
                <line number="73" hits="4"/>
              </lines>
            </method>
            <method name="get debug" hits="12" signature="()V">
              <lines>
                <line number="82" hits="12"/>
              </lines>
            </method>
            <method name="set debug" hits="4" signature="()V">
              <lines>
                <line number="92" hits="4"/>
              </lines>
            </method>
            <method name="toJSON" hits="3" signature="()V">
              <lines>
                <line number="107" hits="3"/>
              </lines>
            </method>
            <method name="toString" hits="1" signature="()V">
              <lines>
                <line number="121" hits="1"/>
              </lines>
            </method>
            <method name="getState" hits="23" signature="()V">
              <lines>
                <line number="137" hits="23"/>
              </lines>
            </method>
            <method name="clearState" hits="1" signature="()V">
              <lines>
                <line number="171" hits="1"/>
              </lines>
            </method>
            <method name="applyState" hits="21" signature="()V">
              <lines>
                <line number="175" hits="21"/>
              </lines>
            </method>
            <method name="getDateTime" hits="1" signature="()V">
              <lines>
                <line number="184" hits="1"/>
              </lines>
            </method>
            <method name="getHash" hits="1" signature="()V">
              <lines>
                <line number="194" hits="1"/>
              </lines>
            </method>
            <method name="getMediaType" hits="1" signature="()V">
              <lines>
                <line number="204" hits="1"/>
              </lines>
            </method>
            <method name="getDeviceState" hits="1" signature="()V">
              <lines>
                <line number="214" hits="1"/>
              </lines>
            </method>
            <method name="getTitle" hits="3" signature="()V">
              <lines>
                <line number="224" hits="3"/>
              </lines>
            </method>
            <method name="getArtist" hits="1" signature="()V">
              <lines>
                <line number="234" hits="1"/>
              </lines>
            </method>
            <method name="getAlbum" hits="1" signature="()V">
              <lines>
                <line number="244" hits="1"/>
              </lines>
            </method>
            <method name="getGenre" hits="1" signature="()V">
              <lines>
                <line number="254" hits="1"/>
              </lines>
            </method>
            <method name="getTotalTime" hits="1" signature="()V">
              <lines>
                <line number="264" hits="1"/>
              </lines>
            </method>
            <method name="getPosition" hits="1" signature="()V">
              <lines>
                <line number="274" hits="1"/>
              </lines>
            </method>
            <method name="getShuffle" hits="1" signature="()V">
              <lines>
                <line number="284" hits="1"/>
              </lines>
            </method>
            <method name="getRepeat" hits="1" signature="()V">
              <lines>
                <line number="294" hits="1"/>
              </lines>
            </method>
            <method name="getApp" hits="1" signature="()V">
              <lines>
                <line number="304" hits="1"/>
              </lines>
            </method>
            <method name="getAppId" hits="1" signature="()V">
              <lines>
                <line number="314" hits="1"/>
              </lines>
            </method>
            <method name="_pressKey" hits="25" signature="()V">
              <lines>
                <line number="319" hits="25"/>
              </lines>
            </method>
            <method name="pressKey" hits="3" signature="()V">
              <lines>
                <line number="350" hits="3"/>
              </lines>
            </method>
            <method name="down" hits="1" signature="()V">
              <lines>
                <line number="370" hits="1"/>
              </lines>
            </method>
            <method name="home" hits="1" signature="()V">
              <lines>
                <line number="378" hits="1"/>
              </lines>
            </method>
            <method name="homeHold" hits="1" signature="()V">
              <lines>
                <line number="386" hits="1"/>
              </lines>
            </method>
            <method name="left" hits="1" signature="()V">
              <lines>
                <line number="394" hits="1"/>
              </lines>
            </method>
            <method name="menu" hits="1" signature="()V">
              <lines>
                <line number="402" hits="1"/>
              </lines>
            </method>
            <method name="next" hits="1" signature="()V">
              <lines>
                <line number="410" hits="1"/>
              </lines>
            </method>
            <method name="pause" hits="1" signature="()V">
              <lines>
                <line number="418" hits="1"/>
              </lines>
            </method>
            <method name="play" hits="1" signature="()V">
              <lines>
                <line number="426" hits="1"/>
              </lines>
            </method>
            <method name="playPause" hits="1" signature="()V">
              <lines>
                <line number="434" hits="1"/>
              </lines>
            </method>
            <method name="previous" hits="1" signature="()V">
              <lines>
                <line number="442" hits="1"/>
              </lines>
            </method>
            <method name="right" hits="1" signature="()V">
              <lines>
                <line number="450" hits="1"/>
              </lines>
            </method>
            <method name="select" hits="1" signature="()V">
              <lines>
                <line number="458" hits="1"/>
              </lines>
            </method>
            <method name="skipBackward" hits="1" signature="()V">
              <lines>
                <line number="466" hits="1"/>
              </lines>
            </method>
            <method name="skipForward" hits="1" signature="()V">
              <lines>
                <line number="474" hits="1"/>
              </lines>
            </method>
            <method name="stop" hits="1" signature="()V">
              <lines>
                <line number="482" hits="1"/>
              </lines>
            </method>
            <method name="suspend" hits="1" signature="()V">
              <lines>
                <line number="491" hits="1"/>
              </lines>
            </method>
            <method name="topMenu" hits="1" signature="()V">
              <lines>
                <line number="499" hits="1"/>
              </lines>
            </method>
            <method name="up" hits="1" signature="()V">
              <lines>
                <line number="507" hits="1"/>
              </lines>
            </method>
            <method name="volumeDown" hits="1" signature="()V">
              <lines>
                <line number="515" hits="1"/>
              </lines>
            </method>
            <method name="volumeUp" hits="1" signature="()V">
              <lines>
                <line number="523" hits="1"/>
              </lines>
            </method>
            <method name="wakeup" hits="1" signature="()V">
              <lines>
                <line number="532" hits="1"/>
              </lines>
            </method>
            <method name="turnOff" hits="1" signature="()V">
              <lines>
                <line number="540" hits="1"/>
              </lines>
            </method>
            <method name="turnOn" hits="1" signature="()V">
              <lines>
                <line number="548" hits="1"/>
              </lines>
            </method>
            <method name="addListener" hits="2" signature="()V">
              <lines>
                <line number="559" hits="2"/>
              </lines>
            </method>
            <method name="emit" hits="1" signature="()V">
              <lines>
                <line number="570" hits="1"/>
              </lines>
            </method>
            <method name="eventNames" hits="1" signature="()V">
              <lines>
                <line number="578" hits="1"/>
              </lines>
            </method>
            <method name="getMaxListeners" hits="1" signature="()V">
              <lines>
                <line number="586" hits="1"/>
              </lines>
            </method>
            <method name="listenerCount" hits="4" signature="()V">
              <lines>
                <line number="595" hits="4"/>
              </lines>
            </method>
            <method name="listeners" hits="3" signature="()V">
              <lines>
                <line number="607" hits="3"/>
              </lines>
            </method>
            <method name="off" hits="9" signature="()V">
              <lines>
                <line number="618" hits="9"/>
              </lines>
            </method>
            <method name="on" hits="9" signature="()V">
              <lines>
                <line number="630" hits="9"/>
              </lines>
            </method>
            <method name="once" hits="11" signature="()V">
              <lines>
                <line number="643" hits="11"/>
              </lines>
            </method>
            <method name="prependListener" hits="1" signature="()V">
              <lines>
                <line number="653" hits="1"/>
              </lines>
            </method>
            <method name="prependOnceListener" hits="1" signature="()V">
              <lines>
                <line number="663" hits="1"/>
              </lines>
            </method>
            <method name="rawListeners" hits="3" signature="()V">
              <lines>
                <line number="673" hits="3"/>
              </lines>
            </method>
            <method name="removeAllListeners" hits="2" signature="()V">
              <lines>
                <line number="685" hits="2"/>
              </lines>
            </method>
            <method name="removeListener" hits="1" signature="()V">
              <lines>
                <line number="697" hits="1"/>
              </lines>
            </method>
            <method name="setMaxListeners" hits="0" signature="()V">
              <lines>
                <line number="706" hits="0"/>
              </lines>
            </method>
          </methods>
          <lines>
            <line number="1" hits="1" branch="false"/>
            <line number="2" hits="1" branch="false"/>
            <line number="3" hits="1" branch="false"/>
            <line number="4" hits="1" branch="false"/>
            <line number="5" hits="1" branch="false"/>
            <line number="6" hits="1" branch="false"/>
            <line number="7" hits="1" branch="false"/>
            <line number="8" hits="1" branch="false"/>
            <line number="9" hits="1" branch="false"/>
            <line number="10" hits="1" branch="false"/>
            <line number="11" hits="1" branch="false"/>
            <line number="12" hits="1" branch="false"/>
            <line number="13" hits="1" branch="false"/>
            <line number="14" hits="1" branch="false"/>
            <line number="15" hits="1" branch="false"/>
            <line number="16" hits="1" branch="false"/>
            <line number="17" hits="1" branch="false"/>
            <line number="18" hits="1" branch="false"/>
            <line number="19" hits="1" branch="false"/>
            <line number="20" hits="1" branch="false"/>
            <line number="21" hits="1" branch="false"/>
            <line number="22" hits="1" branch="false"/>
            <line number="23" hits="1" branch="false"/>
            <line number="24" hits="1" branch="false"/>
            <line number="25" hits="1" branch="false"/>
            <line number="26" hits="1" branch="false"/>
            <line number="27" hits="1" branch="false"/>
            <line number="28" hits="1" branch="false"/>
            <line number="29" hits="1" branch="false"/>
            <line number="30" hits="1" branch="false"/>
            <line number="31" hits="1" branch="false"/>
            <line number="32" hits="1" branch="false"/>
            <line number="33" hits="1" branch="true" condition-coverage="100% (1/1)"/>
            <line number="34" hits="87" branch="false"/>
            <line number="35" hits="87" branch="false"/>
            <line number="36" hits="87" branch="false"/>
            <line number="37" hits="87" branch="false"/>
            <line number="38" hits="87" branch="false"/>
            <line number="39" hits="87" branch="false"/>
            <line number="40" hits="1" branch="false"/>
            <line number="41" hits="1" branch="false"/>
            <line number="42" hits="1" branch="false"/>
            <line number="43" hits="1" branch="false"/>
            <line number="44" hits="1" branch="false"/>
            <line number="45" hits="1" branch="false"/>
            <line number="46" hits="1" branch="false"/>
            <line number="47" hits="1" branch="false"/>
            <line number="48" hits="1" branch="false"/>
            <line number="49" hits="1" branch="false"/>
            <line number="50" hits="1" branch="false"/>
            <line number="51" hits="1" branch="false"/>
            <line number="52" hits="1" branch="true" condition-coverage="100% (1/1)"/>
            <line number="53" hits="6" branch="false"/>
            <line number="54" hits="6" branch="false"/>
            <line number="55" hits="1" branch="false"/>
            <line number="56" hits="1" branch="false"/>
            <line number="57" hits="1" branch="false"/>
            <line number="58" hits="1" branch="false"/>
            <line number="59" hits="1" branch="true" condition-coverage="100% (1/1)"/>
            <line number="60" hits="6" branch="false"/>
            <line number="61" hits="6" branch="false"/>
            <line number="62" hits="1" branch="false"/>
            <line number="63" hits="1" branch="false"/>
            <line number="64" hits="1" branch="false"/>
            <line number="65" hits="1" branch="false"/>
            <line number="66" hits="1" branch="true" condition-coverage="100% (1/1)"/>
            <line number="67" hits="4" branch="false"/>
            <line number="68" hits="4" branch="false"/>
            <line number="69" hits="1" branch="false"/>
            <line number="70" hits="1" branch="false"/>
            <line number="71" hits="1" branch="false"/>
            <line number="72" hits="1" branch="false"/>
            <line number="73" hits="1" branch="true" condition-coverage="100% (1/1)"/>
            <line number="74" hits="4" branch="false"/>
            <line number="75" hits="4" branch="false"/>
            <line number="76" hits="1" branch="false"/>
            <line number="77" hits="1" branch="false"/>
            <line number="78" hits="1" branch="false"/>
            <line number="79" hits="1" branch="false"/>
            <line number="80" hits="1" branch="false"/>
            <line number="81" hits="1" branch="false"/>
            <line number="82" hits="1" branch="true" condition-coverage="100% (1/1)"/>
            <line number="83" hits="12" branch="false"/>
            <line number="84" hits="12" branch="false"/>
            <line number="85" hits="1" branch="false"/>
            <line number="86" hits="1" branch="false"/>
            <line number="87" hits="1" branch="false"/>
            <line number="88" hits="1" branch="false"/>
            <line number="89" hits="1" branch="false"/>
            <line number="90" hits="1" branch="false"/>
            <line number="91" hits="1" branch="false"/>
            <line number="92" hits="1" branch="true" condition-coverage="100% (1/1)"/>
            <line number="93" hits="4" branch="true" condition-coverage="100% (1/1)"/>
            <line number="94" hits="1" branch="false"/>
            <line number="95" hits="1" branch="false"/>
            <line number="96" hits="3" branch="true" condition-coverage="100% (1/1)"/>
            <line number="97" hits="3" branch="true" condition-coverage="100% (1/1)"/>
            <line number="98" hits="3" branch="false"/>
            <line number="99" hits="4" branch="false"/>
            <line number="100" hits="1" branch="false"/>
            <line number="101" hits="1" branch="false"/>
            <line number="102" hits="1" branch="false"/>
            <line number="103" hits="1" branch="false"/>
            <line number="104" hits="1" branch="false"/>
            <line number="105" hits="1" branch="false"/>
            <line number="106" hits="1" branch="false"/>
            <line number="107" hits="1" branch="true" condition-coverage="100% (1/1)"/>
            <line number="108" hits="3" branch="false"/>
            <line number="109" hits="3" branch="false"/>
            <line number="110" hits="3" branch="false"/>
            <line number="111" hits="3" branch="false"/>
            <line number="112" hits="3" branch="false"/>
            <line number="113" hits="3" branch="false"/>
            <line number="114" hits="3" branch="false"/>
            <line number="115" hits="1" branch="false"/>
            <line number="116" hits="1" branch="false"/>
            <line number="117" hits="1" branch="false"/>
            <line number="118" hits="1" branch="false"/>
            <line number="119" hits="1" branch="false"/>
            <line number="120" hits="1" branch="false"/>
            <line number="121" hits="1" branch="true" condition-coverage="100% (1/1)"/>
            <line number="122" hits="1" branch="false"/>
            <line number="123" hits="1" branch="false"/>
            <line number="124" hits="1" branch="false"/>
            <line number="125" hits="1" branch="false"/>
            <line number="126" hits="1" branch="false"/>
            <line number="127" hits="1" branch="false"/>
            <line number="128" hits="1" branch="false"/>
            <line number="129" hits="1" branch="false"/>
            <line number="130" hits="1" branch="false"/>
            <line number="131" hits="1" branch="false"/>
            <line number="132" hits="1" branch="false"/>
            <line number="133" hits="1" branch="false"/>
            <line number="134" hits="1" branch="false"/>
            <line number="135" hits="1" branch="false"/>
            <line number="136" hits="1" branch="false"/>
            <line number="137" hits="1" branch="true" condition-coverage="100% (1/1)"/>
            <line number="138" hits="23" branch="true" condition-coverage="66.66666666666666% (2/3)"/>
            <line number="139" hits="2" branch="false"/>
            <line number="140" hits="2" branch="false"/>
            <line number="141" hits="2" branch="false"/>
            <line number="142" hits="2" branch="false"/>
            <line number="143" hits="2" branch="false"/>
            <line number="144" hits="2" branch="false"/>
            <line number="145" hits="2" branch="false"/>
            <line number="146" hits="2" branch="false"/>
            <line number="147" hits="2" branch="false"/>
            <line number="148" hits="2" branch="false"/>
            <line number="149" hits="21" branch="true" condition-coverage="100% (1/1)"/>
            <line number="150" hits="21" branch="false"/>
            <line number="151" hits="21" branch="false"/>
            <line number="152" hits="21" branch="false"/>
            <line number="153" hits="21" branch="false"/>
            <line number="154" hits="21" branch="false"/>
            <line number="155" hits="21" branch="false"/>
            <line number="156" hits="21" branch="false"/>
            <line number="157" hits="21" branch="false"/>
            <line number="158" hits="21" branch="false"/>
            <line number="159" hits="21" branch="false"/>
            <line number="160" hits="21" branch="false"/>
            <line number="161" hits="21" branch="false"/>
            <line number="162" hits="21" branch="false"/>
            <line number="163" hits="21" branch="false"/>
            <line number="164" hits="23" branch="false"/>
            <line number="165" hits="1" branch="false"/>
            <line number="166" hits="1" branch="false"/>
            <line number="167" hits="1" branch="false"/>
            <line number="168" hits="1" branch="false"/>
            <line number="169" hits="1" branch="false"/>
            <line number="170" hits="1" branch="false"/>
            <line number="171" hits="1" branch="true" condition-coverage="100% (1/1)"/>
            <line number="172" hits="1" branch="false"/>
            <line number="173" hits="1" branch="false"/>
            <line number="174" hits="1" branch="false"/>
            <line number="175" hits="1" branch="true" condition-coverage="100% (1/1)"/>
            <line number="176" hits="21" branch="false"/>
            <line number="177" hits="21" branch="false"/>
            <line number="178" hits="1" branch="false"/>
            <line number="179" hits="1" branch="false"/>
            <line number="180" hits="1" branch="false"/>
            <line number="181" hits="1" branch="false"/>
            <line number="182" hits="1" branch="false"/>
            <line number="183" hits="1" branch="false"/>
            <line number="184" hits="1" branch="true" condition-coverage="100% (1/1)"/>
            <line number="185" hits="1" branch="false"/>
            <line number="186" hits="1" branch="false"/>
            <line number="187" hits="1" branch="false"/>
            <line number="188" hits="1" branch="false"/>
            <line number="189" hits="1" branch="false"/>
            <line number="190" hits="1" branch="false"/>
            <line number="191" hits="1" branch="false"/>
            <line number="192" hits="1" branch="false"/>
            <line number="193" hits="1" branch="false"/>
            <line number="194" hits="1" branch="true" condition-coverage="100% (1/1)"/>
            <line number="195" hits="1" branch="false"/>
            <line number="196" hits="1" branch="false"/>
            <line number="197" hits="1" branch="false"/>
            <line number="198" hits="1" branch="false"/>
            <line number="199" hits="1" branch="false"/>
            <line number="200" hits="1" branch="false"/>
            <line number="201" hits="1" branch="false"/>
            <line number="202" hits="1" branch="false"/>
            <line number="203" hits="1" branch="false"/>
            <line number="204" hits="1" branch="true" condition-coverage="100% (1/1)"/>
            <line number="205" hits="1" branch="false"/>
            <line number="206" hits="1" branch="false"/>
            <line number="207" hits="1" branch="false"/>
            <line number="208" hits="1" branch="false"/>
            <line number="209" hits="1" branch="false"/>
            <line number="210" hits="1" branch="false"/>
            <line number="211" hits="1" branch="false"/>
            <line number="212" hits="1" branch="false"/>
            <line number="213" hits="1" branch="false"/>
            <line number="214" hits="1" branch="true" condition-coverage="100% (1/1)"/>
            <line number="215" hits="1" branch="false"/>
            <line number="216" hits="1" branch="false"/>
            <line number="217" hits="1" branch="false"/>
            <line number="218" hits="1" branch="false"/>
            <line number="219" hits="1" branch="false"/>
            <line number="220" hits="1" branch="false"/>
            <line number="221" hits="1" branch="false"/>
            <line number="222" hits="1" branch="false"/>
            <line number="223" hits="1" branch="false"/>
            <line number="224" hits="1" branch="true" condition-coverage="100% (1/1)"/>
            <line number="225" hits="3" branch="false"/>
            <line number="226" hits="3" branch="false"/>
            <line number="227" hits="3" branch="false"/>
            <line number="228" hits="1" branch="false"/>
            <line number="229" hits="1" branch="false"/>
            <line number="230" hits="1" branch="false"/>
            <line number="231" hits="1" branch="false"/>
            <line number="232" hits="1" branch="false"/>
            <line number="233" hits="1" branch="false"/>
            <line number="234" hits="1" branch="true" condition-coverage="100% (1/1)"/>
            <line number="235" hits="1" branch="false"/>
            <line number="236" hits="1" branch="false"/>
            <line number="237" hits="1" branch="false"/>
            <line number="238" hits="1" branch="false"/>
            <line number="239" hits="1" branch="false"/>
            <line number="240" hits="1" branch="false"/>
            <line number="241" hits="1" branch="false"/>
            <line number="242" hits="1" branch="false"/>
            <line number="243" hits="1" branch="false"/>
            <line number="244" hits="1" branch="true" condition-coverage="100% (1/1)"/>
            <line number="245" hits="1" branch="false"/>
            <line number="246" hits="1" branch="false"/>
            <line number="247" hits="1" branch="false"/>
            <line number="248" hits="1" branch="false"/>
            <line number="249" hits="1" branch="false"/>
            <line number="250" hits="1" branch="false"/>
            <line number="251" hits="1" branch="false"/>
            <line number="252" hits="1" branch="false"/>
            <line number="253" hits="1" branch="false"/>
            <line number="254" hits="1" branch="true" condition-coverage="100% (1/1)"/>
            <line number="255" hits="1" branch="false"/>
            <line number="256" hits="1" branch="false"/>
            <line number="257" hits="1" branch="false"/>
            <line number="258" hits="1" branch="false"/>
            <line number="259" hits="1" branch="false"/>
            <line number="260" hits="1" branch="false"/>
            <line number="261" hits="1" branch="false"/>
            <line number="262" hits="1" branch="false"/>
            <line number="263" hits="1" branch="false"/>
            <line number="264" hits="1" branch="true" condition-coverage="100% (1/1)"/>
            <line number="265" hits="1" branch="false"/>
            <line number="266" hits="1" branch="false"/>
            <line number="267" hits="1" branch="false"/>
            <line number="268" hits="1" branch="false"/>
            <line number="269" hits="1" branch="false"/>
            <line number="270" hits="1" branch="false"/>
            <line number="271" hits="1" branch="false"/>
            <line number="272" hits="1" branch="false"/>
            <line number="273" hits="1" branch="false"/>
            <line number="274" hits="1" branch="true" condition-coverage="100% (1/1)"/>
            <line number="275" hits="1" branch="false"/>
            <line number="276" hits="1" branch="false"/>
            <line number="277" hits="1" branch="false"/>
            <line number="278" hits="1" branch="false"/>
            <line number="279" hits="1" branch="false"/>
            <line number="280" hits="1" branch="false"/>
            <line number="281" hits="1" branch="false"/>
            <line number="282" hits="1" branch="false"/>
            <line number="283" hits="1" branch="false"/>
            <line number="284" hits="1" branch="true" condition-coverage="100% (1/1)"/>
            <line number="285" hits="1" branch="false"/>
            <line number="286" hits="1" branch="false"/>
            <line number="287" hits="1" branch="false"/>
            <line number="288" hits="1" branch="false"/>
            <line number="289" hits="1" branch="false"/>
            <line number="290" hits="1" branch="false"/>
            <line number="291" hits="1" branch="false"/>
            <line number="292" hits="1" branch="false"/>
            <line number="293" hits="1" branch="false"/>
            <line number="294" hits="1" branch="true" condition-coverage="100% (1/1)"/>
            <line number="295" hits="1" branch="false"/>
            <line number="296" hits="1" branch="false"/>
            <line number="297" hits="1" branch="false"/>
            <line number="298" hits="1" branch="false"/>
            <line number="299" hits="1" branch="false"/>
            <line number="300" hits="1" branch="false"/>
            <line number="301" hits="1" branch="false"/>
            <line number="302" hits="1" branch="false"/>
            <line number="303" hits="1" branch="false"/>
            <line number="304" hits="1" branch="true" condition-coverage="100% (1/1)"/>
            <line number="305" hits="1" branch="false"/>
            <line number="306" hits="1" branch="false"/>
            <line number="307" hits="1" branch="false"/>
            <line number="308" hits="1" branch="false"/>
            <line number="309" hits="1" branch="false"/>
            <line number="310" hits="1" branch="false"/>
            <line number="311" hits="1" branch="false"/>
            <line number="312" hits="1" branch="false"/>
            <line number="313" hits="1" branch="false"/>
            <line number="314" hits="1" branch="true" condition-coverage="100% (1/1)"/>
            <line number="315" hits="1" branch="false"/>
            <line number="316" hits="1" branch="false"/>
            <line number="317" hits="1" branch="false"/>
            <line number="318" hits="1" branch="false"/>
            <line number="319" hits="1" branch="true" condition-coverage="100% (1/1)"/>
            <line number="320" hits="25" branch="false"/>
            <line number="321" hits="25" branch="false"/>
            <line number="322" hits="25" branch="false"/>
            <line number="323" hits="25" branch="false"/>
            <line number="324" hits="25" branch="false"/>
            <line number="325" hits="25" branch="true" condition-coverage="100% (1/1)"/>
            <line number="326" hits="23" branch="false"/>
            <line number="327" hits="25" branch="true" condition-coverage="100% (1/1)"/>
            <line number="328" hits="1" branch="false"/>
            <line number="329" hits="1" branch="false"/>
            <line number="330" hits="24" branch="true" condition-coverage="100% (1/1)"/>
            <line number="331" hits="24" branch="false"/>
            <line number="332" hits="24" branch="false"/>
            <line number="333" hits="1" branch="false"/>
            <line number="334" hits="1" branch="false"/>
            <line number="335" hits="1" branch="false"/>
            <line number="336" hits="1" branch="false"/>
            <line number="337" hits="1" branch="false"/>
            <line number="338" hits="1" branch="false"/>
            <line number="339" hits="1" branch="false"/>
            <line number="340" hits="1" branch="false"/>
            <line number="341" hits="1" branch="false"/>
            <line number="342" hits="1" branch="false"/>
            <line number="343" hits="1" branch="false"/>
            <line number="344" hits="1" branch="false"/>
            <line number="345" hits="1" branch="false"/>
            <line number="346" hits="1" branch="false"/>
            <line number="347" hits="1" branch="false"/>
            <line number="348" hits="1" branch="false"/>
            <line number="349" hits="1" branch="false"/>
            <line number="350" hits="1" branch="true" condition-coverage="100% (1/1)"/>
            <line number="351" hits="3" branch="false"/>
            <line number="352" hits="3" branch="true" condition-coverage="100% (1/1)"/>
            <line number="353" hits="3" branch="false"/>
            <line number="354" hits="3" branch="true" condition-coverage="100% (1/1)"/>
            <line number="355" hits="1" branch="false"/>
            <line number="356" hits="1" branch="false"/>
            <line number="357" hits="2" branch="true" condition-coverage="100% (1/1)"/>
            <line number="358" hits="2" branch="false"/>
            <line number="359" hits="3" branch="true" condition-coverage="0% (0/1)"/>
            <line number="360" hits="3" branch="true" condition-coverage="100% (1/1)"/>
            <line number="361" hits="3" branch="false"/>
            <line number="362" hits="3" branch="false"/>
            <line number="363" hits="3" branch="false"/>
            <line number="364" hits="1" branch="true" condition-coverage="100% (1/1)"/>
            <line number="365" hits="1" branch="false"/>
            <line number="366" hits="1" branch="false"/>
            <line number="367" hits="1" branch="false"/>
            <line number="368" hits="1" branch="false"/>
            <line number="369" hits="1" branch="false"/>
            <line number="370" hits="1" branch="true" condition-coverage="100% (1/1)"/>
            <line number="371" hits="1" branch="false"/>
            <line number="372" hits="1" branch="false"/>
            <line number="373" hits="1" branch="false"/>
            <line number="374" hits="1" branch="false"/>
            <line number="375" hits="1" branch="false"/>
            <line number="376" hits="1" branch="false"/>
            <line number="377" hits="1" branch="false"/>
            <line number="378" hits="1" branch="true" condition-coverage="100% (1/1)"/>
            <line number="379" hits="1" branch="false"/>
            <line number="380" hits="1" branch="false"/>
            <line number="381" hits="1" branch="false"/>
            <line number="382" hits="1" branch="false"/>
            <line number="383" hits="1" branch="false"/>
            <line number="384" hits="1" branch="false"/>
            <line number="385" hits="1" branch="false"/>
            <line number="386" hits="1" branch="true" condition-coverage="100% (1/1)"/>
            <line number="387" hits="1" branch="false"/>
            <line number="388" hits="1" branch="false"/>
            <line number="389" hits="1" branch="false"/>
            <line number="390" hits="1" branch="false"/>
            <line number="391" hits="1" branch="false"/>
            <line number="392" hits="1" branch="false"/>
            <line number="393" hits="1" branch="false"/>
            <line number="394" hits="1" branch="true" condition-coverage="100% (1/1)"/>
            <line number="395" hits="1" branch="false"/>
            <line number="396" hits="1" branch="false"/>
            <line number="397" hits="1" branch="false"/>
            <line number="398" hits="1" branch="false"/>
            <line number="399" hits="1" branch="false"/>
            <line number="400" hits="1" branch="false"/>
            <line number="401" hits="1" branch="false"/>
            <line number="402" hits="1" branch="true" condition-coverage="100% (1/1)"/>
            <line number="403" hits="1" branch="false"/>
            <line number="404" hits="1" branch="false"/>
            <line number="405" hits="1" branch="false"/>
            <line number="406" hits="1" branch="false"/>
            <line number="407" hits="1" branch="false"/>
            <line number="408" hits="1" branch="false"/>
            <line number="409" hits="1" branch="false"/>
            <line number="410" hits="1" branch="true" condition-coverage="100% (1/1)"/>
            <line number="411" hits="1" branch="false"/>
            <line number="412" hits="1" branch="false"/>
            <line number="413" hits="1" branch="false"/>
            <line number="414" hits="1" branch="false"/>
            <line number="415" hits="1" branch="false"/>
            <line number="416" hits="1" branch="false"/>
            <line number="417" hits="1" branch="false"/>
            <line number="418" hits="1" branch="true" condition-coverage="100% (1/1)"/>
            <line number="419" hits="1" branch="false"/>
            <line number="420" hits="1" branch="false"/>
            <line number="421" hits="1" branch="false"/>
            <line number="422" hits="1" branch="false"/>
            <line number="423" hits="1" branch="false"/>
            <line number="424" hits="1" branch="false"/>
            <line number="425" hits="1" branch="false"/>
            <line number="426" hits="1" branch="true" condition-coverage="100% (1/1)"/>
            <line number="427" hits="1" branch="false"/>
            <line number="428" hits="1" branch="false"/>
            <line number="429" hits="1" branch="false"/>
            <line number="430" hits="1" branch="false"/>
            <line number="431" hits="1" branch="false"/>
            <line number="432" hits="1" branch="false"/>
            <line number="433" hits="1" branch="false"/>
            <line number="434" hits="1" branch="true" condition-coverage="100% (1/1)"/>
            <line number="435" hits="1" branch="false"/>
            <line number="436" hits="1" branch="false"/>
            <line number="437" hits="1" branch="false"/>
            <line number="438" hits="1" branch="false"/>
            <line number="439" hits="1" branch="false"/>
            <line number="440" hits="1" branch="false"/>
            <line number="441" hits="1" branch="false"/>
            <line number="442" hits="1" branch="true" condition-coverage="100% (1/1)"/>
            <line number="443" hits="1" branch="false"/>
            <line number="444" hits="1" branch="false"/>
            <line number="445" hits="1" branch="false"/>
            <line number="446" hits="1" branch="false"/>
            <line number="447" hits="1" branch="false"/>
            <line number="448" hits="1" branch="false"/>
            <line number="449" hits="1" branch="false"/>
            <line number="450" hits="1" branch="true" condition-coverage="100% (1/1)"/>
            <line number="451" hits="1" branch="false"/>
            <line number="452" hits="1" branch="false"/>
            <line number="453" hits="1" branch="false"/>
            <line number="454" hits="1" branch="false"/>
            <line number="455" hits="1" branch="false"/>
            <line number="456" hits="1" branch="false"/>
            <line number="457" hits="1" branch="false"/>
            <line number="458" hits="1" branch="true" condition-coverage="100% (1/1)"/>
            <line number="459" hits="1" branch="false"/>
            <line number="460" hits="1" branch="false"/>
            <line number="461" hits="1" branch="false"/>
            <line number="462" hits="1" branch="false"/>
            <line number="463" hits="1" branch="false"/>
            <line number="464" hits="1" branch="false"/>
            <line number="465" hits="1" branch="false"/>
            <line number="466" hits="1" branch="true" condition-coverage="100% (1/1)"/>
            <line number="467" hits="1" branch="false"/>
            <line number="468" hits="1" branch="false"/>
            <line number="469" hits="1" branch="false"/>
            <line number="470" hits="1" branch="false"/>
            <line number="471" hits="1" branch="false"/>
            <line number="472" hits="1" branch="false"/>
            <line number="473" hits="1" branch="false"/>
            <line number="474" hits="1" branch="true" condition-coverage="100% (1/1)"/>
            <line number="475" hits="1" branch="false"/>
            <line number="476" hits="1" branch="false"/>
            <line number="477" hits="1" branch="false"/>
            <line number="478" hits="1" branch="false"/>
            <line number="479" hits="1" branch="false"/>
            <line number="480" hits="1" branch="false"/>
            <line number="481" hits="1" branch="false"/>
            <line number="482" hits="1" branch="true" condition-coverage="100% (1/1)"/>
            <line number="483" hits="1" branch="false"/>
            <line number="484" hits="1" branch="false"/>
            <line number="485" hits="1" branch="false"/>
            <line number="486" hits="1" branch="false"/>
            <line number="487" hits="1" branch="false"/>
            <line number="488" hits="1" branch="false"/>
            <line number="489" hits="1" branch="false"/>
            <line number="490" hits="1" branch="false"/>
            <line number="491" hits="1" branch="true" condition-coverage="100% (1/1)"/>
            <line number="492" hits="1" branch="false"/>
            <line number="493" hits="1" branch="false"/>
            <line number="494" hits="1" branch="false"/>
            <line number="495" hits="1" branch="false"/>
            <line number="496" hits="1" branch="false"/>
            <line number="497" hits="1" branch="false"/>
            <line number="498" hits="1" branch="false"/>
            <line number="499" hits="1" branch="true" condition-coverage="100% (1/1)"/>
            <line number="500" hits="1" branch="false"/>
            <line number="501" hits="1" branch="false"/>
            <line number="502" hits="1" branch="false"/>
            <line number="503" hits="1" branch="false"/>
            <line number="504" hits="1" branch="false"/>
            <line number="505" hits="1" branch="false"/>
            <line number="506" hits="1" branch="false"/>
            <line number="507" hits="1" branch="true" condition-coverage="100% (1/1)"/>
            <line number="508" hits="1" branch="false"/>
            <line number="509" hits="1" branch="false"/>
            <line number="510" hits="1" branch="false"/>
            <line number="511" hits="1" branch="false"/>
            <line number="512" hits="1" branch="false"/>
            <line number="513" hits="1" branch="false"/>
            <line number="514" hits="1" branch="false"/>
            <line number="515" hits="1" branch="true" condition-coverage="100% (1/1)"/>
            <line number="516" hits="1" branch="false"/>
            <line number="517" hits="1" branch="false"/>
            <line number="518" hits="1" branch="false"/>
            <line number="519" hits="1" branch="false"/>
            <line number="520" hits="1" branch="false"/>
            <line number="521" hits="1" branch="false"/>
            <line number="522" hits="1" branch="false"/>
            <line number="523" hits="1" branch="true" condition-coverage="100% (1/1)"/>
            <line number="524" hits="1" branch="false"/>
            <line number="525" hits="1" branch="false"/>
            <line number="526" hits="1" branch="false"/>
            <line number="527" hits="1" branch="false"/>
            <line number="528" hits="1" branch="false"/>
            <line number="529" hits="1" branch="false"/>
            <line number="530" hits="1" branch="false"/>
            <line number="531" hits="1" branch="false"/>
            <line number="532" hits="1" branch="true" condition-coverage="100% (1/1)"/>
            <line number="533" hits="1" branch="false"/>
            <line number="534" hits="1" branch="false"/>
            <line number="535" hits="1" branch="false"/>
            <line number="536" hits="1" branch="false"/>
            <line number="537" hits="1" branch="false"/>
            <line number="538" hits="1" branch="false"/>
            <line number="539" hits="1" branch="false"/>
            <line number="540" hits="1" branch="true" condition-coverage="100% (1/1)"/>
            <line number="541" hits="1" branch="false"/>
            <line number="542" hits="1" branch="false"/>
            <line number="543" hits="1" branch="false"/>
            <line number="544" hits="1" branch="false"/>
            <line number="545" hits="1" branch="false"/>
            <line number="546" hits="1" branch="false"/>
            <line number="547" hits="1" branch="false"/>
            <line number="548" hits="1" branch="true" condition-coverage="100% (1/1)"/>
            <line number="549" hits="1" branch="false"/>
            <line number="550" hits="1" branch="false"/>
            <line number="551" hits="1" branch="false"/>
            <line number="552" hits="1" branch="false"/>
            <line number="553" hits="1" branch="false"/>
            <line number="554" hits="1" branch="false"/>
            <line number="555" hits="1" branch="false"/>
            <line number="556" hits="1" branch="false"/>
            <line number="557" hits="1" branch="false"/>
            <line number="558" hits="1" branch="false"/>
            <line number="559" hits="1" branch="true" condition-coverage="100% (1/1)"/>
            <line number="560" hits="2" branch="false"/>
            <line number="561" hits="2" branch="false"/>
            <line number="562" hits="2" branch="false"/>
            <line number="563" hits="1" branch="false"/>
            <line number="564" hits="1" branch="false"/>
            <line number="565" hits="1" branch="false"/>
            <line number="566" hits="1" branch="false"/>
            <line number="567" hits="1" branch="false"/>
            <line number="568" hits="1" branch="false"/>
            <line number="569" hits="1" branch="false"/>
            <line number="570" hits="1" branch="true" condition-coverage="100% (1/1)"/>
            <line number="571" hits="1" branch="false"/>
            <line number="572" hits="1" branch="false"/>
            <line number="573" hits="1" branch="false"/>
            <line number="574" hits="1" branch="false"/>
            <line number="575" hits="1" branch="false"/>
            <line number="576" hits="1" branch="false"/>
            <line number="577" hits="1" branch="false"/>
            <line number="578" hits="1" branch="true" condition-coverage="100% (1/1)"/>
            <line number="579" hits="1" branch="false"/>
            <line number="580" hits="1" branch="false"/>
            <line number="581" hits="1" branch="false"/>
            <line number="582" hits="1" branch="false"/>
            <line number="583" hits="1" branch="false"/>
            <line number="584" hits="1" branch="false"/>
            <line number="585" hits="1" branch="false"/>
            <line number="586" hits="1" branch="true" condition-coverage="100% (1/1)"/>
            <line number="587" hits="1" branch="false"/>
            <line number="588" hits="1" branch="false"/>
            <line number="589" hits="1" branch="false"/>
            <line number="590" hits="1" branch="false"/>
            <line number="591" hits="1" branch="false"/>
            <line number="592" hits="1" branch="false"/>
            <line number="593" hits="1" branch="false"/>
            <line number="594" hits="1" branch="false"/>
            <line number="595" hits="1" branch="true" condition-coverage="100% (1/1)"/>
            <line number="596" hits="4" branch="false"/>
            <line number="597" hits="4" branch="false"/>
            <line number="598" hits="1" branch="false"/>
            <line number="599" hits="1" branch="false"/>
            <line number="600" hits="1" branch="false"/>
            <line number="601" hits="1" branch="false"/>
            <line number="602" hits="1" branch="false"/>
            <line number="603" hits="1" branch="false"/>
            <line number="604" hits="1" branch="false"/>
            <line number="605" hits="1" branch="false"/>
            <line number="606" hits="1" branch="false"/>
            <line number="607" hits="1" branch="true" condition-coverage="100% (1/1)"/>
            <line number="608" hits="3" branch="false"/>
            <line number="609" hits="3" branch="false"/>
            <line number="610" hits="1" branch="false"/>
            <line number="611" hits="1" branch="false"/>
            <line number="612" hits="1" branch="false"/>
            <line number="613" hits="1" branch="false"/>
            <line number="614" hits="1" branch="false"/>
            <line number="615" hits="1" branch="false"/>
            <line number="616" hits="1" branch="false"/>
            <line number="617" hits="1" branch="false"/>
            <line number="618" hits="1" branch="true" condition-coverage="100% (1/1)"/>
            <line number="619" hits="9" branch="false"/>
            <line number="620" hits="9" branch="false"/>
            <line number="621" hits="9" branch="false"/>
            <line number="622" hits="1" branch="false"/>
            <line number="623" hits="1" branch="false"/>
            <line number="624" hits="1" branch="false"/>
            <line number="625" hits="1" branch="false"/>
            <line number="626" hits="1" branch="false"/>
            <line number="627" hits="1" branch="false"/>
            <line number="628" hits="1" branch="false"/>
            <line number="629" hits="1" branch="false"/>
            <line number="630" hits="1" branch="true" condition-coverage="100% (1/1)"/>
            <line number="631" hits="9" branch="false"/>
            <line number="632" hits="9" branch="false"/>
            <line number="633" hits="9" branch="false"/>
            <line number="634" hits="1" branch="false"/>
            <line number="635" hits="1" branch="false"/>
            <line number="636" hits="1" branch="false"/>
            <line number="637" hits="1" branch="false"/>
            <line number="638" hits="1" branch="false"/>
            <line number="639" hits="1" branch="false"/>
            <line number="640" hits="1" branch="false"/>
            <line number="641" hits="1" branch="false"/>
            <line number="642" hits="1" branch="false"/>
            <line number="643" hits="1" branch="true" condition-coverage="100% (1/1)"/>
            <line number="644" hits="11" branch="false"/>
            <line number="645" hits="11" branch="false"/>
            <line number="646" hits="11" branch="false"/>
            <line number="647" hits="1" branch="false"/>
            <line number="648" hits="1" branch="false"/>
            <line number="649" hits="1" branch="false"/>
            <line number="650" hits="1" branch="false"/>
            <line number="651" hits="1" branch="false"/>
            <line number="652" hits="1" branch="false"/>
            <line number="653" hits="1" branch="true" condition-coverage="100% (1/1)"/>
            <line number="654" hits="1" branch="false"/>
            <line number="655" hits="1" branch="false"/>
            <line number="656" hits="1" branch="false"/>
            <line number="657" hits="1" branch="false"/>
            <line number="658" hits="1" branch="false"/>
            <line number="659" hits="1" branch="false"/>
            <line number="660" hits="1" branch="false"/>
            <line number="661" hits="1" branch="false"/>
            <line number="662" hits="1" branch="false"/>
            <line number="663" hits="1" branch="true" condition-coverage="100% (1/1)"/>
            <line number="664" hits="1" branch="false"/>
            <line number="665" hits="1" branch="false"/>
            <line number="666" hits="1" branch="false"/>
            <line number="667" hits="1" branch="false"/>
            <line number="668" hits="1" branch="false"/>
            <line number="669" hits="1" branch="false"/>
            <line number="670" hits="1" branch="false"/>
            <line number="671" hits="1" branch="false"/>
            <line number="672" hits="1" branch="false"/>
            <line number="673" hits="1" branch="true" condition-coverage="100% (1/1)"/>
            <line number="674" hits="3" branch="false"/>
            <line number="675" hits="3" branch="false"/>
            <line number="676" hits="1" branch="false"/>
            <line number="677" hits="1" branch="false"/>
            <line number="678" hits="1" branch="false"/>
            <line number="679" hits="1" branch="false"/>
[...]
            <line number="261" hits="3" branch="false"/>
            <line number="262" hits="3" branch="false"/>
            <line number="263" hits="123" branch="true" condition-coverage="100% (1/1)"/>
            <line number="264" hits="123" branch="false"/>
            <line number="265" hits="127" branch="true" condition-coverage="100% (1/1)"/>
            <line number="266" hits="9" branch="false"/>
            <line number="267" hits="9" branch="true" condition-coverage="100% (1/1)"/>
            <line number="268" hits="8" branch="false"/>
            <line number="269" hits="8" branch="false"/>
            <line number="270" hits="1" branch="true" condition-coverage="100% (1/1)"/>
            <line number="271" hits="1" branch="false"/>
            <line number="272" hits="1" branch="false"/>
            <line number="273" hits="9" branch="false"/>
            <line number="274" hits="114" branch="true" condition-coverage="100% (1/1)"/>
            <line number="275" hits="114" branch="false"/>
            <line number="276" hits="114" branch="false"/>
            <line number="277" hits="123" branch="true" condition-coverage="100% (1/1)"/>
            <line number="278" hits="123" branch="false"/>
            <line number="279" hits="123" branch="false"/>
            <line number="280" hits="123" branch="false"/>
            <line number="281" hits="123" branch="false"/>
            <line number="282" hits="127" branch="true" condition-coverage="100% (1/1)"/>
            <line number="283" hits="6" branch="true" condition-coverage="100% (1/1)"/>
            <line number="284" hits="6" branch="true" condition-coverage="100% (1/1)"/>
            <line number="285" hits="5" branch="false"/>
            <line number="286" hits="5" branch="false"/>
            <line number="287" hits="1" branch="true" condition-coverage="100% (1/1)"/>
            <line number="288" hits="1" branch="false"/>
            <line number="289" hits="1" branch="false"/>
            <line number="290" hits="127" branch="true" condition-coverage="100% (1/1)"/>
            <line number="291" hits="117" branch="false"/>
            <line number="292" hits="117" branch="false"/>
            <line number="293" hits="123" branch="true" condition-coverage="100% (1/1)"/>
            <line number="294" hits="123" branch="false"/>
            <line number="295" hits="127" branch="true" condition-coverage="100% (1/1)"/>
            <line number="296" hits="6" branch="true" condition-coverage="100% (1/1)"/>
            <line number="297" hits="6" branch="true" condition-coverage="100% (1/1)"/>
            <line number="298" hits="5" branch="false"/>
            <line number="299" hits="5" branch="false"/>
            <line number="300" hits="1" branch="true" condition-coverage="100% (1/1)"/>
            <line number="301" hits="1" branch="false"/>
            <line number="302" hits="1" branch="false"/>
            <line number="303" hits="127" branch="true" condition-coverage="100% (1/1)"/>
            <line number="304" hits="117" branch="false"/>
            <line number="305" hits="117" branch="false"/>
            <line number="306" hits="123" branch="true" condition-coverage="100% (1/1)"/>
            <line number="307" hits="123" branch="false"/>
            <line number="308" hits="123" branch="false"/>
            <line number="309" hits="123" branch="false"/>
            <line number="310" hits="123" branch="false"/>
            <line number="311" hits="123" branch="false"/>
            <line number="312" hits="123" branch="false"/>
            <line number="313" hits="123" branch="false"/>
            <line number="314" hits="123" branch="false"/>
            <line number="315" hits="123" branch="false"/>
            <line number="316" hits="123" branch="false"/>
            <line number="317" hits="123" branch="false"/>
            <line number="318" hits="123" branch="false"/>
            <line number="319" hits="123" branch="false"/>
            <line number="320" hits="127" branch="true" condition-coverage="100% (1/1)"/>
            <line number="321" hits="5" branch="false"/>
            <line number="322" hits="5" branch="false"/>
            <line number="323" hits="118" branch="true" condition-coverage="100% (1/1)"/>
            <line number="324" hits="118" branch="false"/>
            <line number="325" hits="118" branch="false"/>
            <line number="326" hits="123" branch="true" condition-coverage="100% (1/1)"/>
            <line number="327" hits="123" branch="false"/>
            <line number="328" hits="127" branch="true" condition-coverage="100% (1/1)"/>
            <line number="329" hits="5" branch="false"/>
            <line number="330" hits="5" branch="false"/>
            <line number="331" hits="118" branch="true" condition-coverage="100% (1/1)"/>
            <line number="332" hits="118" branch="false"/>
            <line number="333" hits="118" branch="false"/>
            <line number="334" hits="123" branch="true" condition-coverage="100% (1/1)"/>
            <line number="335" hits="123" branch="false"/>
            <line number="336" hits="127" branch="true" condition-coverage="100% (1/1)"/>
            <line number="337" hits="6" branch="true" condition-coverage="100% (1/1)"/>
            <line number="338" hits="6" branch="true" condition-coverage="100% (1/1)"/>
            <line number="339" hits="5" branch="false"/>
            <line number="340" hits="5" branch="false"/>
            <line number="341" hits="1" branch="true" condition-coverage="100% (1/1)"/>
            <line number="342" hits="1" branch="false"/>
            <line number="343" hits="1" branch="false"/>
            <line number="344" hits="127" branch="true" condition-coverage="100% (1/1)"/>
            <line number="345" hits="117" branch="false"/>
            <line number="346" hits="117" branch="false"/>
            <line number="347" hits="123" branch="true" condition-coverage="100% (1/1)"/>
            <line number="348" hits="123" branch="false"/>
            <line number="349" hits="127" branch="true" condition-coverage="100% (1/1)"/>
            <line number="350" hits="6" branch="true" condition-coverage="100% (1/1)"/>
            <line number="351" hits="6" branch="true" condition-coverage="100% (1/1)"/>
            <line number="352" hits="5" branch="false"/>
            <line number="353" hits="5" branch="false"/>
            <line number="354" hits="1" branch="true" condition-coverage="100% (1/1)"/>
            <line number="355" hits="1" branch="false"/>
            <line number="356" hits="1" branch="false"/>
            <line number="357" hits="127" branch="true" condition-coverage="100% (1/1)"/>
            <line number="358" hits="117" branch="false"/>
            <line number="359" hits="117" branch="false"/>
            <line number="360" hits="123" branch="true" condition-coverage="100% (1/1)"/>
            <line number="361" hits="123" branch="false"/>
            <line number="362" hits="123" branch="false"/>
            <line number="363" hits="123" branch="false"/>
            <line number="364" hits="123" branch="false"/>
            <line number="365" hits="123" branch="false"/>
            <line number="366" hits="127" branch="true" condition-coverage="100% (1/1)"/>
            <line number="367" hits="1" branch="true" condition-coverage="100% (1/1)"/>
            <line number="368" hits="1" branch="false"/>
            <line number="369" hits="1" branch="false"/>
            <line number="370" hits="1" branch="false"/>
            <line number="371" hits="0" branch="true" condition-coverage="0% (0/1)"/>
            <line number="372" hits="0" branch="false"/>
            <line number="373" hits="0" branch="false"/>
            <line number="374" hits="127" branch="true" condition-coverage="100% (1/1)"/>
            <line number="375" hits="122" branch="false"/>
            <line number="376" hits="122" branch="false"/>
            <line number="377" hits="123" branch="true" condition-coverage="100% (1/1)"/>
            <line number="378" hits="123" branch="false"/>
            <line number="379" hits="123" branch="false"/>
          </lines>
        </class>
        <class name="types.ts" filename="src/lib/types.ts" line-rate="1" branch-rate="1">
          <methods>
          </methods>
          <lines>
            <line number="1" hits="1" branch="false"/>
            <line number="2" hits="1" branch="false"/>
            <line number="3" hits="1" branch="false"/>
            <line number="4" hits="1" branch="true" condition-coverage="100% (1/1)"/>
            <line number="5" hits="1" branch="false"/>
            <line number="6" hits="1" branch="false"/>
            <line number="7" hits="1" branch="false"/>
            <line number="8" hits="1" branch="false"/>
            <line number="9" hits="1" branch="true" condition-coverage="100% (1/1)"/>
            <line number="10" hits="1" branch="false"/>
            <line number="11" hits="1" branch="false"/>
            <line number="12" hits="1" branch="false"/>
            <line number="13" hits="1" branch="false"/>
            <line number="14" hits="1" branch="false"/>
            <line number="15" hits="1" branch="false"/>
            <line number="16" hits="1" branch="true" condition-coverage="100% (1/1)"/>
            <line number="17" hits="1" branch="false"/>
            <line number="18" hits="1" branch="false"/>
            <line number="19" hits="1" branch="false"/>
            <line number="20" hits="1" branch="false"/>
            <line number="21" hits="1" branch="false"/>
            <line number="22" hits="1" branch="false"/>
            <line number="23" hits="1" branch="true" condition-coverage="100% (1/1)"/>
            <line number="24" hits="1" branch="false"/>
            <line number="25" hits="1" branch="false"/>
            <line number="26" hits="1" branch="false"/>
            <line number="27" hits="1" branch="false"/>
            <line number="28" hits="1" branch="false"/>
            <line number="29" hits="1" branch="false"/>
            <line number="30" hits="1" branch="false"/>
            <line number="31" hits="1" branch="false"/>
            <line number="32" hits="1" branch="true" condition-coverage="100% (1/1)"/>
            <line number="33" hits="1" branch="false"/>
            <line number="34" hits="1" branch="false"/>
            <line number="35" hits="1" branch="false"/>
            <line number="36" hits="1" branch="false"/>
            <line number="37" hits="1" branch="false"/>
            <line number="38" hits="1" branch="true" condition-coverage="100% (1/1)"/>
            <line number="39" hits="1" branch="false"/>
            <line number="40" hits="1" branch="false"/>
            <line number="41" hits="1" branch="false"/>
            <line number="42" hits="1" branch="false"/>
            <line number="43" hits="1" branch="false"/>
            <line number="44" hits="1" branch="true" condition-coverage="100% (1/1)"/>
            <line number="45" hits="1" branch="false"/>
            <line number="46" hits="1" branch="false"/>
            <line number="47" hits="1" branch="false"/>
            <line number="48" hits="1" branch="false"/>
            <line number="49" hits="1" branch="true" condition-coverage="100% (1/1)"/>
            <line number="50" hits="1" branch="false"/>
            <line number="51" hits="1" branch="false"/>
            <line number="52" hits="1" branch="false"/>
            <line number="53" hits="1" branch="false"/>
            <line number="54" hits="1" branch="false"/>
            <line number="55" hits="1" branch="false"/>
            <line number="56" hits="1" branch="false"/>
            <line number="57" hits="1" branch="false"/>
            <line number="58" hits="1" branch="false"/>
            <line number="59" hits="1" branch="false"/>
            <line number="60" hits="1" branch="false"/>
            <line number="61" hits="1" branch="false"/>
            <line number="62" hits="1" branch="false"/>
            <line number="63" hits="1" branch="false"/>
            <line number="64" hits="1" branch="false"/>
            <line number="65" hits="1" branch="false"/>
            <line number="66" hits="1" branch="false"/>
            <line number="67" hits="1" branch="false"/>
            <line number="68" hits="1" branch="false"/>
            <line number="69" hits="1" branch="false"/>
            <line number="70" hits="1" branch="false"/>
            <line number="71" hits="1" branch="false"/>
            <line number="72" hits="1" branch="false"/>
            <line number="73" hits="1" branch="false"/>
            <line number="74" hits="1" branch="false"/>
            <line number="75" hits="1" branch="false"/>
            <line number="76" hits="1" branch="false"/>
            <line number="77" hits="1" branch="false"/>
            <line number="78" hits="1" branch="true" condition-coverage="100% (1/1)"/>
            <line number="79" hits="1" branch="false"/>
            <line number="80" hits="1" branch="false"/>
            <line number="81" hits="1" branch="false"/>
            <line number="82" hits="1" branch="false"/>
            <line number="83" hits="1" branch="false"/>
            <line number="84" hits="1" branch="false"/>
            <line number="85" hits="1" branch="false"/>
            <line number="86" hits="1" branch="false"/>
            <line number="87" hits="1" branch="false"/>
            <line number="88" hits="1" branch="false"/>
            <line number="89" hits="1" branch="false"/>
            <line number="90" hits="1" branch="false"/>
            <line number="91" hits="1" branch="false"/>
            <line number="92" hits="1" branch="false"/>
            <line number="93" hits="1" branch="false"/>
            <line number="94" hits="1" branch="false"/>
            <line number="95" hits="1" branch="false"/>
            <line number="96" hits="1" branch="false"/>
            <line number="97" hits="1" branch="false"/>
            <line number="98" hits="1" branch="false"/>
            <line number="99" hits="1" branch="false"/>
            <line number="100" hits="1" branch="false"/>
            <line number="101" hits="1" branch="false"/>
            <line number="102" hits="1" branch="false"/>
            <line number="103" hits="1" branch="false"/>
            <line number="104" hits="1" branch="true" condition-coverage="100% (1/1)"/>
            <line number="105" hits="1" branch="false"/>
            <line number="106" hits="1" branch="false"/>
            <line number="107" hits="1" branch="false"/>
            <line number="108" hits="1" branch="false"/>
            <line number="109" hits="1" branch="false"/>
            <line number="110" hits="1" branch="false"/>
            <line number="111" hits="1" branch="false"/>
            <line number="112" hits="1" branch="false"/>
            <line number="113" hits="1" branch="false"/>
            <line number="114" hits="1" branch="false"/>
            <line number="115" hits="1" branch="false"/>
            <line number="116" hits="1" branch="false"/>
            <line number="117" hits="1" branch="false"/>
            <line number="118" hits="1" branch="false"/>
            <line number="119" hits="1" branch="false"/>
            <line number="120" hits="1" branch="false"/>
            <line number="121" hits="1" branch="false"/>
            <line number="122" hits="1" branch="false"/>
            <line number="123" hits="1" branch="false"/>
            <line number="124" hits="1" branch="false"/>
            <line number="125" hits="1" branch="false"/>
            <line number="126" hits="1" branch="false"/>
            <line number="127" hits="1" branch="false"/>
            <line number="128" hits="1" branch="false"/>
            <line number="129" hits="1" branch="false"/>
            <line number="130" hits="1" branch="false"/>
            <line number="131" hits="1" branch="false"/>
            <line number="132" hits="1" branch="false"/>
            <line number="133" hits="1" branch="false"/>
            <line number="134" hits="1" branch="false"/>
            <line number="135" hits="1" branch="false"/>
            <line number="136" hits="1" branch="false"/>
            <line number="137" hits="1" branch="false"/>
            <line number="138" hits="1" branch="false"/>
            <line number="139" hits="1" branch="false"/>
            <line number="140" hits="1" branch="false"/>
            <line number="141" hits="1" branch="false"/>
            <line number="142" hits="1" branch="false"/>
            <line number="143" hits="1" branch="false"/>
            <line number="144" hits="1" branch="false"/>
            <line number="145" hits="1" branch="false"/>
            <line number="146" hits="1" branch="false"/>
            <line number="147" hits="1" branch="false"/>
            <line number="148" hits="1" branch="false"/>
            <line number="149" hits="1" branch="false"/>
            <line number="150" hits="1" branch="false"/>
            <line number="151" hits="1" branch="false"/>
            <line number="152" hits="1" branch="false"/>
            <line number="153" hits="1" branch="false"/>
            <line number="154" hits="1" branch="false"/>
            <line number="155" hits="1" branch="false"/>
            <line number="156" hits="1" branch="false"/>
            <line number="157" hits="1" branch="false"/>
            <line number="158" hits="1" branch="false"/>
            <line number="159" hits="1" branch="false"/>
            <line number="160" hits="1" branch="false"/>
            <line number="161" hits="1" branch="false"/>
            <line number="162" hits="1" branch="false"/>
            <line number="163" hits="1" branch="false"/>
            <line number="164" hits="1" branch="false"/>
            <line number="165" hits="1" branch="false"/>
            <line number="166" hits="1" branch="false"/>
            <line number="167" hits="1" branch="false"/>
            <line number="168" hits="1" branch="false"/>
            <line number="169" hits="1" branch="false"/>
            <line number="170" hits="1" branch="false"/>
            <line number="171" hits="1" branch="false"/>
            <line number="172" hits="1" branch="false"/>
            <line number="173" hits="1" branch="false"/>
            <line number="174" hits="1" branch="false"/>
            <line number="175" hits="1" branch="false"/>
            <line number="176" hits="1" branch="false"/>
            <line number="177" hits="1" branch="false"/>
            <line number="178" hits="1" branch="false"/>
            <line number="179" hits="1" branch="false"/>
            <line number="180" hits="1" branch="false"/>
            <line number="181" hits="1" branch="false"/>
            <line number="182" hits="1" branch="false"/>
            <line number="183" hits="1" branch="false"/>
            <line number="184" hits="1" branch="false"/>
            <line number="185" hits="1" branch="false"/>
            <line number="186" hits="1" branch="false"/>
            <line number="187" hits="1" branch="false"/>
            <line number="188" hits="1" branch="false"/>
            <line number="189" hits="1" branch="false"/>
            <line number="190" hits="1" branch="false"/>
            <line number="191" hits="1" branch="false"/>
            <line number="192" hits="1" branch="false"/>
            <line number="193" hits="1" branch="false"/>
            <line number="194" hits="1" branch="false"/>
            <line number="195" hits="1" branch="false"/>
            <line number="196" hits="1" branch="false"/>
            <line number="197" hits="1" branch="false"/>
            <line number="198" hits="1" branch="false"/>
          </lines>
        </class>
      </classes>
    </package>
  </packages>
</coverage>
