<?xml version="1.0" ?>
<!DOCTYPE coverage SYSTEM "http://cobertura.sourceforge.net/xml/coverage-04.dtd">
<coverage lines-valid="615" lines-covered="601" line-rate="0.9772" branches-valid="265" branches-covered="235" branch-rate="0.8868" timestamp="1643057881847" complexity="0" version="0.1">
  <sources>
    <source>/home/runner/work/node-pyatv/node-pyatv</source>
  </sources>
  <packages>
    <class name="device-event.ts" filename="src/lib/device-event.ts" line-rate="1" branch-rate="1">
      <methods>
        <method name="(anonymous_0)" hits="70" signature="()V">
          <lines>
            <line number="14" hits="70"/>
          </lines>
        </method>
        <method name="(anonymous_1)" hits="4" signature="()V">
          <lines>
            <line number="24" hits="4"/>
          </lines>
        </method>
        <method name="(anonymous_2)" hits="4" signature="()V">
          <lines>
            <line number="32" hits="4"/>
          </lines>
        </method>
        <method name="(anonymous_3)" hits="5" signature="()V">
          <lines>
            <line number="39" hits="5"/>
          </lines>
        </method>
        <method name="(anonymous_4)" hits="5" signature="()V">
          <lines>
            <line number="46" hits="5"/>
          </lines>
        </method>
        <method name="(anonymous_5)" hits="4" signature="()V">
          <lines>
            <line number="54" hits="4"/>
          </lines>
        </method>
      </methods>
      <lines>
        <line number="6" hits="1" branch="false"/>
        <line number="15" hits="70" branch="false"/>
        <line number="25" hits="4" branch="false"/>
        <line number="33" hits="4" branch="false"/>
        <line number="40" hits="5" branch="false"/>
        <line number="47" hits="5" branch="false"/>
        <line number="55" hits="4" branch="false"/>
      </lines>
    </class>
    <class name="device-events.ts" filename="src/lib/device-events.ts" line-rate="0.9407" branch-rate="0.8148000000000001">
      <methods>
        <method name="(anonymous_7)" hits="87" signature="()V">
          <lines>
            <line number="29" hits="87"/>
          </lines>
        </method>
        <method name="(anonymous_8)" hits="31" signature="()V">
          <lines>
            <line number="38" hits="31"/>
          </lines>
        </method>
        <method name="(anonymous_9)" hits="465" signature="()V">
          <lines>
            <line number="39" hits="465"/>
          </lines>
        </method>
        <method name="(anonymous_10)" hits="12" signature="()V">
          <lines>
            <line number="71" hits="12"/>
          </lines>
        </method>
        <method name="(anonymous_11)" hits="11" signature="()V">
          <lines>
            <line number="92" hits="11"/>
          </lines>
        </method>
        <method name="(anonymous_12)" hits="72" signature="()V">
          <lines>
            <line number="102" hits="72"/>
          </lines>
        </method>
        <method name="(anonymous_13)" hits="0" signature="()V">
          <lines>
            <line number="122" hits="0"/>
          </lines>
        </method>
        <method name="(anonymous_14)" hits="10" signature="()V">
          <lines>
            <line number="123" hits="10"/>
          </lines>
        </method>
        <method name="(anonymous_15)" hits="19" signature="()V">
          <lines>
            <line number="127" hits="19"/>
          </lines>
        </method>
        <method name="(anonymous_16)" hits="1" signature="()V">
          <lines>
            <line number="138" hits="1"/>
          </lines>
        </method>
        <method name="(anonymous_17)" hits="1" signature="()V">
          <lines>
            <line number="144" hits="1"/>
          </lines>
        </method>
        <method name="(anonymous_18)" hits="12" signature="()V">
          <lines>
            <line number="151" hits="12"/>
          </lines>
        </method>
        <method name="(anonymous_19)" hits="12" signature="()V">
          <lines>
            <line number="154" hits="12"/>
          </lines>
        </method>
        <method name="(anonymous_20)" hits="12" signature="()V">
          <lines>
            <line number="156" hits="12"/>
          </lines>
        </method>
        <method name="(anonymous_21)" hits="19" signature="()V">
          <lines>
            <line number="158" hits="19"/>
          </lines>
        </method>
        <method name="(anonymous_22)" hits="0" signature="()V">
          <lines>
            <line number="184" hits="0"/>
          </lines>
        </method>
        <method name="(anonymous_23)" hits="16" signature="()V">
          <lines>
            <line number="207" hits="16"/>
          </lines>
        </method>
        <method name="(anonymous_25)" hits="16" signature="()V">
          <lines>
            <line number="227" hits="16"/>
          </lines>
        </method>
        <method name="(anonymous_26)" hits="2" signature="()V">
          <lines>
            <line number="238" hits="2"/>
          </lines>
        </method>
        <method name="(anonymous_27)" hits="20" signature="()V">
          <lines>
            <line number="244" hits="20"/>
          </lines>
        </method>
        <method name="(anonymous_28)" hits="11" signature="()V">
          <lines>
            <line number="250" hits="11"/>
          </lines>
        </method>
        <method name="(anonymous_29)" hits="11" signature="()V">
          <lines>
            <line number="251" hits="11"/>
          </lines>
        </method>
        <method name="(anonymous_30)" hits="11" signature="()V">
          <lines>
            <line number="253" hits="11"/>
          </lines>
        </method>
        <method name="(anonymous_31)" hits="2" signature="()V">
          <lines>
            <line number="259" hits="2"/>
          </lines>
        </method>
        <method name="(anonymous_32)" hits="9" signature="()V">
          <lines>
            <line number="265" hits="9"/>
          </lines>
        </method>
        <method name="(anonymous_33)" hits="2" signature="()V">
          <lines>
            <line number="271" hits="2"/>
          </lines>
        </method>
        <method name="(anonymous_34)" hits="13" signature="()V">
          <lines>
            <line number="277" hits="13"/>
          </lines>
        </method>
        <method name="(anonymous_35)" hits="211" signature="()V">
          <lines>
            <line number="283" hits="211"/>
          </lines>
        </method>
        <method name="(anonymous_36)" hits="73" signature="()V">
          <lines>
            <line number="289" hits="73"/>
          </lines>
        </method>
        <method name="(anonymous_37)" hits="73" signature="()V">
          <lines>
            <line number="290" hits="73"/>
          </lines>
        </method>
      </methods>
      <lines>
        <line number="3" hits="1" branch="false"/>
        <line number="13" hits="1" branch="false"/>
        <line number="14" hits="1" branch="false"/>
        <line number="15" hits="1" branch="false"/>
        <line number="21" hits="1" branch="false"/>
        <line number="30" hits="87" branch="false"/>
        <line number="32" hits="87" branch="false"/>
        <line number="33" hits="87" branch="false"/>
        <line number="34" hits="87" branch="false"/>
        <line number="35" hits="87" branch="false"/>
        <line number="39" hits="31" branch="false"/>
        <line number="42" hits="465" branch="false"/>
        <line number="45" hits="465" branch="false"/>
        <line number="47" hits="465" branch="true" condition-coverage="100% (5/5)"/>
        <line number="48" hits="401" branch="false"/>
        <line number="51" hits="64" branch="false"/>
        <line number="59" hits="64" branch="false"/>
        <line number="61" hits="64" branch="false"/>
        <line number="62" hits="64" branch="false"/>
        <line number="63" hits="64" branch="false"/>
        <line number="66" hits="1" branch="false"/>
        <line number="74" hits="12" branch="false"/>
        <line number="75" hits="12" branch="false"/>
        <line number="78" hits="1" branch="false"/>
        <line number="79" hits="1" branch="false"/>
        <line number="80" hits="1" branch="false"/>
        <line number="81" hits="1" branch="false"/>
        <line number="84" hits="11" branch="false"/>
        <line number="86" hits="11" branch="true" condition-coverage="100% (2/2)"/>
        <line number="87" hits="2" branch="false"/>
        <line number="88" hits="2" branch="false"/>
        <line number="93" hits="11" branch="false"/>
        <line number="94" hits="11" branch="false"/>
        <line number="95" hits="10" branch="false"/>
        <line number="98" hits="1" branch="false"/>
        <line number="103" hits="72" branch="true" condition-coverage="100% (5/5)"/>
        <line number="104" hits="9" branch="false"/>
        <line number="105" hits="9" branch="false"/>
        <line number="107" hits="63" branch="true" condition-coverage="100% (4/4)"/>
        <line number="108" hits="19" branch="false"/>
        <line number="109" hits="19" branch="false"/>
        <line number="111" hits="19" branch="false"/>
        <line number="112" hits="19" branch="false"/>
        <line number="114" hits="44" branch="true" condition-coverage="100% (2/2)"/>
        <line number="118" hits="16" branch="false"/>
        <line number="119" hits="16" branch="false"/>
        <line number="121" hits="16" branch="false"/>
        <line number="122" hits="0" branch="false"/>
        <line number="123" hits="10" branch="false"/>
        <line number="128" hits="19" branch="true" condition-coverage="50% (1/2)"/>
        <line number="129" hits="0" branch="false"/>
        <line number="132" hits="19" branch="false"/>
        <line number="134" hits="19" branch="false"/>
        <line number="135" hits="19" branch="false"/>
        <line number="136" hits="19" branch="false"/>
        <line number="138" hits="19" branch="false"/>
        <line number="139" hits="1" branch="false"/>
        <line number="140" hits="1" branch="false"/>
        <line number="144" hits="19" branch="false"/>
        <line number="145" hits="1" branch="false"/>
        <line number="146" hits="1" branch="false"/>
        <line number="147" hits="1" branch="false"/>
        <line number="151" hits="19" branch="false"/>
        <line number="152" hits="12" branch="false"/>
        <line number="154" hits="12" branch="false"/>
        <line number="156" hits="12" branch="false"/>
        <line number="158" hits="19" branch="false"/>
        <line number="159" hits="19" branch="true" condition-coverage="50% (1/2)"/>
        <line number="161" hits="0" branch="false"/>
        <line number="164" hits="19" branch="false"/>
        <line number="165" hits="19" branch="false"/>
        <line number="166" hits="19" branch="true" condition-coverage="100% (2/2)"/>
        <line number="167" hits="7" branch="false"/>
        <line number="168" hits="7" branch="false"/>
        <line number="171" hits="19" branch="true" condition-coverage="50% (1/2)"/>
        <line number="172" hits="19" branch="false"/>
        <line number="174" hits="19" branch="true" condition-coverage="50% (1/2)"/>
        <line number="175" hits="19" branch="false"/>
        <line number="177" hits="19" branch="false"/>
        <line number="178" hits="19" branch="false"/>
        <line number="181" hits="19" branch="true" condition-coverage="100% (4/4)"/>
        <line number="182" hits="3" branch="false"/>
        <line number="184" hits="3" branch="false"/>
        <line number="185" hits="0" branch="false"/>
        <line number="188" hits="16" branch="true" condition-coverage="50% (1/2)"/>
        <line number="189" hits="0" branch="false"/>
        <line number="190" hits="0" branch="false"/>
        <line number="193" hits="19" branch="false"/>
        <line number="196" hits="19" branch="false"/>
        <line number="197" hits="19" branch="false"/>
        <line number="199" hits="19" branch="true" condition-coverage="50% (1/2)"/>
        <line number="200" hits="19" branch="false"/>
        <line number="202" hits="19" branch="true" condition-coverage="50% (1/2)"/>
        <line number="203" hits="19" branch="false"/>
        <line number="208" hits="16" branch="true" condition-coverage="50% (1/2)"/>
        <line number="212" hits="0" branch="false"/>
        <line number="215" hits="16" branch="false"/>
        <line number="216" hits="16" branch="true" condition-coverage="50% (1/2)"/>
        <line number="217" hits="0" branch="false"/>
        <line number="223" hits="16" branch="true" condition-coverage="50% (1/2)"/>
        <line number="224" hits="16" branch="false"/>
        <line number="225" hits="16" branch="false"/>
        <line number="227" hits="16" branch="false"/>
        <line number="230" hits="10" branch="true" condition-coverage="100% (4/4)"/>
        <line number="231" hits="7" branch="false"/>
        <line number="234" hits="10" branch="false"/>
        <line number="235" hits="10" branch="false"/>
        <line number="239" hits="2" branch="false"/>
        <line number="240" hits="2" branch="false"/>
        <line number="241" hits="2" branch="false"/>
        <line number="245" hits="20" branch="false"/>
        <line number="246" hits="20" branch="false"/>
        <line number="247" hits="20" branch="false"/>
        <line number="251" hits="11" branch="false"/>
        <line number="252" hits="11" branch="false"/>
        <line number="253" hits="11" branch="false"/>
        <line number="255" hits="11" branch="false"/>
        <line number="256" hits="11" branch="false"/>
        <line number="260" hits="2" branch="false"/>
        <line number="261" hits="2" branch="false"/>
        <line number="262" hits="2" branch="false"/>
        <line number="266" hits="9" branch="false"/>
        <line number="267" hits="9" branch="false"/>
        <line number="268" hits="9" branch="false"/>
        <line number="272" hits="2" branch="false"/>
        <line number="273" hits="2" branch="false"/>
        <line number="274" hits="2" branch="false"/>
        <line number="278" hits="13" branch="false"/>
        <line number="279" hits="13" branch="false"/>
        <line number="280" hits="13" branch="false"/>
        <line number="284" hits="211" branch="true" condition-coverage="100% (2/2)"/>
        <line number="285" hits="82" branch="false"/>
        <line number="288" hits="129" branch="false"/>
        <line number="289" hits="73" branch="false"/>
        <line number="290" hits="73" branch="false"/>
      </lines>
    </class>
    <class name="device.ts" filename="src/lib/device.ts" line-rate="0.9833" branch-rate="0.9286">
      <methods>
        <method name="(anonymous_7)" hits="87" signature="()V">
          <lines>
            <line number="33" hits="87"/>
          </lines>
        </method>
        <method name="(anonymous_8)" hits="6" signature="()V">
          <lines>
            <line number="52" hits="6"/>
          </lines>
        </method>
        <method name="(anonymous_9)" hits="6" signature="()V">
          <lines>
            <line number="59" hits="6"/>
          </lines>
        </method>
        <method name="(anonymous_10)" hits="4" signature="()V">
          <lines>
            <line number="66" hits="4"/>
          </lines>
        </method>
        <method name="(anonymous_11)" hits="4" signature="()V">
          <lines>
            <line number="73" hits="4"/>
          </lines>
        </method>
        <method name="(anonymous_12)" hits="12" signature="()V">
          <lines>
            <line number="82" hits="12"/>
          </lines>
        </method>
        <method name="(anonymous_13)" hits="4" signature="()V">
          <lines>
            <line number="92" hits="4"/>
          </lines>
        </method>
        <method name="(anonymous_14)" hits="3" signature="()V">
          <lines>
            <line number="107" hits="3"/>
          </lines>
        </method>
        <method name="(anonymous_15)" hits="1" signature="()V">
          <lines>
            <line number="121" hits="1"/>
          </lines>
        </method>
        <method name="(anonymous_16)" hits="23" signature="()V">
          <lines>
            <line number="137" hits="23"/>
          </lines>
        </method>
        <method name="(anonymous_18)" hits="1" signature="()V">
          <lines>
            <line number="171" hits="1"/>
          </lines>
        </method>
        <method name="(anonymous_19)" hits="21" signature="()V">
          <lines>
            <line number="175" hits="21"/>
          </lines>
        </method>
        <method name="(anonymous_20)" hits="1" signature="()V">
          <lines>
            <line number="184" hits="1"/>
          </lines>
        </method>
        <method name="(anonymous_22)" hits="1" signature="()V">
          <lines>
            <line number="194" hits="1"/>
          </lines>
        </method>
        <method name="(anonymous_24)" hits="1" signature="()V">
          <lines>
            <line number="204" hits="1"/>
          </lines>
        </method>
        <method name="(anonymous_26)" hits="1" signature="()V">
          <lines>
            <line number="214" hits="1"/>
          </lines>
        </method>
        <method name="(anonymous_28)" hits="3" signature="()V">
          <lines>
            <line number="224" hits="3"/>
          </lines>
        </method>
        <method name="(anonymous_30)" hits="1" signature="()V">
          <lines>
            <line number="234" hits="1"/>
          </lines>
        </method>
        <method name="(anonymous_32)" hits="1" signature="()V">
          <lines>
            <line number="244" hits="1"/>
          </lines>
        </method>
        <method name="(anonymous_34)" hits="1" signature="()V">
          <lines>
            <line number="254" hits="1"/>
          </lines>
        </method>
        <method name="(anonymous_36)" hits="1" signature="()V">
          <lines>
            <line number="264" hits="1"/>
          </lines>
        </method>
        <method name="(anonymous_38)" hits="1" signature="()V">
          <lines>
            <line number="274" hits="1"/>
          </lines>
        </method>
        <method name="(anonymous_40)" hits="1" signature="()V">
          <lines>
            <line number="284" hits="1"/>
          </lines>
        </method>
        <method name="(anonymous_42)" hits="1" signature="()V">
          <lines>
            <line number="294" hits="1"/>
          </lines>
        </method>
        <method name="(anonymous_44)" hits="1" signature="()V">
          <lines>
            <line number="304" hits="1"/>
          </lines>
        </method>
        <method name="(anonymous_46)" hits="1" signature="()V">
          <lines>
            <line number="314" hits="1"/>
          </lines>
        </method>
        <method name="(anonymous_48)" hits="25" signature="()V">
          <lines>
            <line number="319" hits="25"/>
          </lines>
        </method>
        <method name="(anonymous_50)" hits="3" signature="()V">
          <lines>
            <line number="350" hits="3"/>
          </lines>
        </method>
        <method name="(anonymous_52)" hits="27" signature="()V">
          <lines>
            <line number="352" hits="27"/>
          </lines>
        </method>
        <method name="(anonymous_53)" hits="1" signature="()V">
          <lines>
            <line number="370" hits="1"/>
          </lines>
        </method>
        <method name="(anonymous_55)" hits="1" signature="()V">
          <lines>
            <line number="378" hits="1"/>
          </lines>
        </method>
        <method name="(anonymous_57)" hits="1" signature="()V">
          <lines>
            <line number="386" hits="1"/>
          </lines>
        </method>
        <method name="(anonymous_59)" hits="1" signature="()V">
          <lines>
            <line number="394" hits="1"/>
          </lines>
        </method>
        <method name="(anonymous_61)" hits="1" signature="()V">
          <lines>
            <line number="402" hits="1"/>
          </lines>
        </method>
        <method name="(anonymous_63)" hits="1" signature="()V">
          <lines>
            <line number="410" hits="1"/>
          </lines>
        </method>
        <method name="(anonymous_65)" hits="1" signature="()V">
          <lines>
            <line number="418" hits="1"/>
          </lines>
        </method>
        <method name="(anonymous_67)" hits="1" signature="()V">
          <lines>
            <line number="426" hits="1"/>
          </lines>
        </method>
        <method name="(anonymous_69)" hits="1" signature="()V">
          <lines>
            <line number="434" hits="1"/>
          </lines>
        </method>
        <method name="(anonymous_71)" hits="1" signature="()V">
          <lines>
            <line number="442" hits="1"/>
          </lines>
        </method>
        <method name="(anonymous_73)" hits="1" signature="()V">
          <lines>
            <line number="450" hits="1"/>
          </lines>
        </method>
        <method name="(anonymous_75)" hits="1" signature="()V">
          <lines>
            <line number="458" hits="1"/>
          </lines>
        </method>
        <method name="(anonymous_77)" hits="1" signature="()V">
          <lines>
            <line number="466" hits="1"/>
          </lines>
        </method>
        <method name="(anonymous_79)" hits="1" signature="()V">
          <lines>
            <line number="474" hits="1"/>
          </lines>
        </method>
        <method name="(anonymous_81)" hits="1" signature="()V">
          <lines>
            <line number="482" hits="1"/>
          </lines>
        </method>
        <method name="(anonymous_83)" hits="1" signature="()V">
          <lines>
            <line number="491" hits="1"/>
          </lines>
        </method>
        <method name="(anonymous_85)" hits="1" signature="()V">
          <lines>
            <line number="499" hits="1"/>
          </lines>
        </method>
        <method name="(anonymous_87)" hits="1" signature="()V">
          <lines>
            <line number="507" hits="1"/>
          </lines>
        </method>
        <method name="(anonymous_89)" hits="1" signature="()V">
          <lines>
            <line number="515" hits="1"/>
          </lines>
        </method>
        <method name="(anonymous_91)" hits="1" signature="()V">
          <lines>
            <line number="523" hits="1"/>
          </lines>
        </method>
        <method name="(anonymous_93)" hits="1" signature="()V">
          <lines>
            <line number="532" hits="1"/>
          </lines>
        </method>
        <method name="(anonymous_95)" hits="1" signature="()V">
          <lines>
            <line number="540" hits="1"/>
          </lines>
        </method>
        <method name="(anonymous_97)" hits="1" signature="()V">
          <lines>
            <line number="548" hits="1"/>
          </lines>
        </method>
        <method name="(anonymous_99)" hits="2" signature="()V">
          <lines>
            <line number="559" hits="2"/>
          </lines>
        </method>
        <method name="(anonymous_100)" hits="1" signature="()V">
          <lines>
            <line number="570" hits="1"/>
          </lines>
        </method>
        <method name="(anonymous_101)" hits="1" signature="()V">
          <lines>
            <line number="578" hits="1"/>
          </lines>
        </method>
        <method name="(anonymous_102)" hits="1" signature="()V">
          <lines>
            <line number="586" hits="1"/>
          </lines>
        </method>
        <method name="(anonymous_103)" hits="4" signature="()V">
          <lines>
            <line number="595" hits="4"/>
          </lines>
        </method>
        <method name="(anonymous_104)" hits="3" signature="()V">
          <lines>
            <line number="607" hits="3"/>
          </lines>
        </method>
        <method name="(anonymous_105)" hits="9" signature="()V">
          <lines>
            <line number="618" hits="9"/>
          </lines>
        </method>
        <method name="(anonymous_106)" hits="9" signature="()V">
          <lines>
            <line number="630" hits="9"/>
          </lines>
        </method>
        <method name="(anonymous_107)" hits="11" signature="()V">
          <lines>
            <line number="643" hits="11"/>
          </lines>
        </method>
        <method name="(anonymous_108)" hits="1" signature="()V">
          <lines>
            <line number="653" hits="1"/>
          </lines>
        </method>
        <method name="(anonymous_109)" hits="1" signature="()V">
          <lines>
            <line number="663" hits="1"/>
          </lines>
        </method>
        <method name="(anonymous_110)" hits="3" signature="()V">
          <lines>
            <line number="673" hits="3"/>
          </lines>
        </method>
        <method name="(anonymous_111)" hits="2" signature="()V">
          <lines>
            <line number="685" hits="2"/>
          </lines>
        </method>
        <method name="(anonymous_112)" hits="1" signature="()V">
          <lines>
            <line number="697" hits="1"/>
          </lines>
        </method>
        <method name="(anonymous_113)" hits="0" signature="()V">
          <lines>
            <line number="706" hits="0"/>
          </lines>
        </method>
      </methods>
      <lines>
        <line number="3" hits="1" branch="false"/>
        <line number="17" hits="1" branch="false"/>
        <line number="18" hits="1" branch="false"/>
        <line number="28" hits="1" branch="false"/>
        <line number="34" hits="87" branch="false"/>
        <line number="35" hits="87" branch="false"/>
        <line number="36" hits="87" branch="false"/>
        <line number="53" hits="6" branch="false"/>
        <line number="60" hits="6" branch="false"/>
        <line number="67" hits="4" branch="false"/>
        <line number="74" hits="4" branch="false"/>
        <line number="83" hits="12" branch="false"/>
        <line number="93" hits="4" branch="true" condition-coverage="100% (2/2)"/>
        <line number="94" hits="1" branch="false"/>
        <line number="97" hits="3" branch="true" condition-coverage="100% (2/2)"/>
        <line number="108" hits="3" branch="false"/>
        <line number="122" hits="1" branch="false"/>
        <line number="138" hits="23" branch="true" condition-coverage="90% (9/10)"/>
        <line number="139" hits="2" branch="false"/>
        <line number="140" hits="2" branch="true" condition-coverage="75% (3/4)"/>
        <line number="141" hits="2" branch="false"/>
        <line number="147" hits="2" branch="false"/>
        <line number="150" hits="21" branch="false"/>
        <line number="152" hits="21" branch="false"/>
        <line number="153" hits="21" branch="false"/>
        <line number="155" hits="21" branch="false"/>
        <line number="156" hits="21" branch="false"/>
        <line number="158" hits="20" branch="false"/>
        <line number="159" hits="20" branch="false"/>
        <line number="162" hits="21" branch="false"/>
        <line number="172" hits="1" branch="false"/>
        <line number="176" hits="21" branch="false"/>
        <line number="185" hits="1" branch="false"/>
        <line number="186" hits="1" branch="false"/>
        <line number="195" hits="1" branch="false"/>
        <line number="196" hits="1" branch="false"/>
        <line number="205" hits="1" branch="false"/>
        <line number="206" hits="1" branch="false"/>
        <line number="215" hits="1" branch="false"/>
        <line number="216" hits="1" branch="false"/>
        <line number="225" hits="3" branch="false"/>
        <line number="226" hits="3" branch="false"/>
        <line number="235" hits="1" branch="false"/>
        <line number="236" hits="1" branch="false"/>
        <line number="245" hits="1" branch="false"/>
        <line number="246" hits="1" branch="false"/>
        <line number="255" hits="1" branch="false"/>
        <line number="256" hits="1" branch="false"/>
        <line number="265" hits="1" branch="false"/>
        <line number="266" hits="1" branch="false"/>
        <line number="275" hits="1" branch="false"/>
        <line number="276" hits="1" branch="false"/>
        <line number="285" hits="1" branch="false"/>
        <line number="286" hits="1" branch="false"/>
        <line number="295" hits="1" branch="false"/>
        <line number="296" hits="1" branch="false"/>
        <line number="305" hits="1" branch="false"/>
        <line number="306" hits="1" branch="false"/>
        <line number="315" hits="1" branch="false"/>
        <line number="316" hits="1" branch="false"/>
        <line number="320" hits="25" branch="false"/>
        <line number="321" hits="25" branch="false"/>
        <line number="323" hits="25" branch="false"/>
        <line number="324" hits="25" branch="true" condition-coverage="100% (2/2)"/>
        <line number="328" hits="1" branch="false"/>
        <line number="331" hits="24" branch="false"/>
        <line number="351" hits="3" branch="false"/>
        <line number="352" hits="27" branch="false"/>
        <line number="354" hits="3" branch="true" condition-coverage="100% (2/2)"/>
        <line number="355" hits="1" branch="false"/>
        <line number="358" hits="2" branch="false"/>
        <line number="359" hits="2" branch="false"/>
        <line number="363" hits="2" branch="false"/>
        <line number="371" hits="1" branch="false"/>
        <line number="379" hits="1" branch="false"/>
        <line number="387" hits="1" branch="false"/>
        <line number="395" hits="1" branch="false"/>
        <line number="403" hits="1" branch="false"/>
        <line number="411" hits="1" branch="false"/>
        <line number="419" hits="1" branch="false"/>
        <line number="427" hits="1" branch="false"/>
        <line number="435" hits="1" branch="false"/>
        <line number="443" hits="1" branch="false"/>
        <line number="451" hits="1" branch="false"/>
        <line number="459" hits="1" branch="false"/>
        <line number="467" hits="1" branch="false"/>
        <line number="475" hits="1" branch="false"/>
        <line number="483" hits="1" branch="false"/>
        <line number="492" hits="1" branch="false"/>
        <line number="500" hits="1" branch="false"/>
        <line number="508" hits="1" branch="false"/>
        <line number="516" hits="1" branch="false"/>
        <line number="524" hits="1" branch="false"/>
        <line number="533" hits="1" branch="false"/>
        <line number="541" hits="1" branch="false"/>
        <line number="549" hits="1" branch="false"/>
        <line number="560" hits="2" branch="false"/>
        <line number="561" hits="2" branch="false"/>
        <line number="571" hits="1" branch="false"/>
        <line number="579" hits="1" branch="false"/>
        <line number="587" hits="1" branch="false"/>
        <line number="596" hits="4" branch="false"/>
        <line number="608" hits="3" branch="false"/>
        <line number="619" hits="9" branch="false"/>
        <line number="620" hits="9" branch="false"/>
        <line number="631" hits="9" branch="false"/>
        <line number="632" hits="9" branch="false"/>
        <line number="644" hits="11" branch="false"/>
        <line number="645" hits="11" branch="false"/>
        <line number="654" hits="1" branch="false"/>
        <line number="655" hits="1" branch="false"/>
        <line number="664" hits="1" branch="false"/>
        <line number="665" hits="1" branch="false"/>
        <line number="674" hits="3" branch="false"/>
        <line number="686" hits="2" branch="false"/>
        <line number="687" hits="2" branch="false"/>
        <line number="698" hits="1" branch="false"/>
        <line number="699" hits="1" branch="false"/>
        <line number="707" hits="0" branch="false"/>
        <line number="708" hits="0" branch="false"/>
      </lines>
    </class>
    <class name="fake-spawn.ts" filename="src/lib/fake-spawn.ts" line-rate="0.9756" branch-rate="0.8">
      <methods>
        <method name="createFakeSpawn" hits="86" signature="()V">
          <lines>
            <line number="7" hits="86"/>
          </lines>
        </method>
        <method name="(anonymous_1)" hits="88" signature="()V">
          <lines>
            <line number="12" hits="88"/>
          </lines>
        </method>
        <method name="(anonymous_2)" hits="16" signature="()V">
          <lines>
            <line number="24" hits="16"/>
          </lines>
        </method>
        <method name="(anonymous_3)" hits="88" signature="()V">
          <lines>
            <line number="40" hits="88"/>
          </lines>
        </method>
        <method name="(anonymous_4)" hits="0" signature="()V">
          <lines>
            <line number="45" hits="0"/>
          </lines>
        </method>
        <method name="(anonymous_5)" hits="88" signature="()V">
          <lines>
            <line number="54" hits="88"/>
          </lines>
        </method>
        <method name="(anonymous_6)" hits="7" signature="()V">
          <lines>
            <line number="57" hits="7"/>
          </lines>
        </method>
        <method name="(anonymous_7)" hits="88" signature="()V">
          <lines>
            <line number="73" hits="88"/>
          </lines>
        </method>
        <method name="(anonymous_8)" hits="5" signature="()V">
          <lines>
            <line number="78" hits="5"/>
          </lines>
        </method>
        <method name="(anonymous_9)" hits="69" signature="()V">
          <lines>
            <line number="82" hits="69"/>
          </lines>
        </method>
        <method name="(anonymous_10)" hits="3" signature="()V">
          <lines>
            <line number="87" hits="3"/>
          </lines>
        </method>
        <method name="(anonymous_11)" hits="16" signature="()V">
          <lines>
            <line number="93" hits="16"/>
          </lines>
        </method>
        <method name="(anonymous_12)" hits="6" signature="()V">
          <lines>
            <line number="98" hits="6"/>
          </lines>
        </method>
        <method name="(anonymous_13)" hits="19" signature="()V">
          <lines>
            <line number="103" hits="19"/>
          </lines>
        </method>
        <method name="(anonymous_14)" hits="81" signature="()V">
          <lines>
            <line number="108" hits="81"/>
          </lines>
        </method>
      </methods>
      <lines>
        <line number="2" hits="1" branch="false"/>
        <line number="7" hits="1" branch="false"/>
        <line number="12" hits="88" branch="false"/>
        <line number="23" hits="1" branch="false"/>
        <line number="25" hits="16" branch="false"/>
        <line number="32" hits="1" branch="false"/>
        <line number="41" hits="88" branch="false"/>
        <line number="43" hits="88" branch="false"/>
        <line number="44" hits="88" branch="false"/>
        <line number="45" hits="88" branch="false"/>
        <line number="46" hits="0" branch="false"/>
        <line number="49" hits="88" branch="false"/>
        <line number="50" hits="88" branch="false"/>
        <line number="51" hits="88" branch="false"/>
        <line number="53" hits="88" branch="false"/>
        <line number="54" hits="88" branch="false"/>
        <line number="58" hits="7" branch="false"/>
        <line number="59" hits="7" branch="true" condition-coverage="50% (1/2)"/>
        <line number="60" hits="7" branch="false"/>
        <line number="61" hits="7" branch="false"/>
        <line number="69" hits="1" branch="false"/>
        <line number="74" hits="88" branch="false"/>
        <line number="75" hits="88" branch="false"/>
        <line number="79" hits="5" branch="false"/>
        <line number="83" hits="69" branch="true" condition-coverage="100% (2/2)"/>
        <line number="84" hits="69" branch="false"/>
        <line number="88" hits="3" branch="false"/>
        <line number="89" hits="3" branch="false"/>
        <line number="94" hits="16" branch="false"/>
        <line number="95" hits="16" branch="false"/>
        <line number="99" hits="6" branch="false"/>
        <line number="100" hits="6" branch="false"/>
        <line number="104" hits="19" branch="false"/>
        <line number="105" hits="19" branch="false"/>
        <line number="109" hits="81" branch="true" condition-coverage="100% (2/2)"/>
        <line number="110" hits="46" branch="false"/>
        <line number="113" hits="81" branch="true" condition-coverage="100% (2/2)"/>
        <line number="114" hits="81" branch="true" condition-coverage="50% (1/2)"/>
        <line number="115" hits="81" branch="false"/>
        <line number="116" hits="81" branch="false"/>
        <line number="119" hits="81" branch="false"/>
      </lines>
    </class>
    <class name="index.ts" filename="src/lib/index.ts" line-rate="1" branch-rate="1">
      <methods>
        <method name="(anonymous_1)" hits="1" signature="()V">
          <lines>
            <line number="4" hits="1"/>
          </lines>
        </method>
        <method name="(anonymous_2)" hits="1" signature="()V">
          <lines>
            <line number="5" hits="1"/>
          </lines>
        </method>
        <method name="(anonymous_3)" hits="1" signature="()V">
          <lines>
            <line number="6" hits="1"/>
          </lines>
        </method>
        <method name="(anonymous_4)" hits="1" signature="()V">
          <lines>
            <line number="7" hits="1"/>
          </lines>
        </method>
        <method name="(anonymous_5)" hits="1" signature="()V">
          <lines>
            <line number="8" hits="1"/>
          </lines>
        </method>
        <method name="(anonymous_6)" hits="1" signature="()V">
          <lines>
            <line number="9" hits="1"/>
          </lines>
        </method>
        <method name="(anonymous_7)" hits="3" signature="()V">
          <lines>
            <line number="17" hits="3"/>
          </lines>
        </method>
        <method name="(anonymous_8)" hits="1" signature="()V">
          <lines>
            <line number="18" hits="1"/>
          </lines>
        </method>
        <method name="(anonymous_9)" hits="69" signature="()V">
          <lines>
            <line number="22" hits="69"/>
          </lines>
        </method>
        <method name="(anonymous_10)" hits="87" signature="()V">
          <lines>
            <line number="23" hits="87"/>
          </lines>
        </method>
        <method name="(anonymous_11)" hits="22" signature="()V">
          <lines>
            <line number="24" hits="22"/>
          </lines>
        </method>
        <method name="(anonymous_12)" hits="27" signature="()V">
          <lines>
            <line number="26" hits="27"/>
          </lines>
        </method>
      </methods>
      <lines>
        <line number="3" hits="1" branch="false"/>
        <line number="4" hits="2" branch="false"/>
        <line number="5" hits="2" branch="false"/>
        <line number="6" hits="2" branch="false"/>
        <line number="7" hits="2" branch="false"/>
        <line number="8" hits="2" branch="false"/>
        <line number="9" hits="2" branch="false"/>
        <line number="17" hits="4" branch="false"/>
        <line number="18" hits="2" branch="false"/>
        <line number="22" hits="70" branch="false"/>
        <line number="23" hits="88" branch="false"/>
        <line number="24" hits="23" branch="false"/>
        <line number="26" hits="28" branch="false"/>
      </lines>
    </class>
    <class name="instance.ts" filename="src/lib/instance.ts" line-rate="0.9582999999999999" branch-rate="0.8571">
      <methods>
        <method name="(anonymous_8)" hits="4" signature="()V">
          <lines>
            <line number="151" hits="4"/>
          </lines>
        </method>
        <method name="(anonymous_9)" hits="5" signature="()V">
          <lines>
            <line number="33" hits="5"/>
          </lines>
        </method>
        <method name="(anonymous_11)" hits="17" signature="()V">
          <lines>
            <line number="56" hits="17"/>
          </lines>
        </method>
        <method name="(anonymous_13)" hits="10" signature="()V">
          <lines>
            <line number="108" hits="10"/>
          </lines>
        </method>
        <method name="(anonymous_15)" hits="0" signature="()V">
          <lines>
            <line number="117" hits="0"/>
          </lines>
        </method>
        <method name="(anonymous_16)" hits="2" signature="()V">
          <lines>
            <line number="135" hits="2"/>
          </lines>
        </method>
        <method name="(anonymous_17)" hits="1" signature="()V">
          <lines>
            <line number="161" hits="1"/>
          </lines>
        </method>
        <method name="(anonymous_19)" hits="1" signature="()V">
          <lines>
            <line number="171" hits="1"/>
          </lines>
        </method>
        <method name="(anonymous_21)" hits="1" signature="()V">
          <lines>
            <line number="189" hits="1"/>
          </lines>
        </method>
        <method name="(anonymous_23)" hits="1" signature="()V">
          <lines>
            <line number="199" hits="1"/>
          </lines>
        </method>
      </methods>
      <lines>
        <line number="3" hits="1" branch="false"/>
        <line number="5" hits="1" branch="false"/>
        <line number="13" hits="1" branch="false"/>
        <line number="14" hits="1" branch="false"/>
        <line number="24" hits="1" branch="false"/>
        <line number="25" hits="4" branch="false"/>
        <line number="34" hits="5" branch="false"/>
        <line number="35" hits="5" branch="true" condition-coverage="100% (2/2)"/>
        <line number="36" hits="2" branch="false"/>
        <line number="38" hits="3" branch="true" condition-coverage="100% (2/2)"/>
        <line number="39" hits="1" branch="false"/>
        <line number="42" hits="2" branch="false"/>
        <line number="43" hits="2" branch="false"/>
        <line number="46" hits="1" branch="false"/>
        <line number="57" hits="17" branch="false"/>
        <line number="58" hits="17" branch="false"/>
        <line number="59" hits="17" branch="false"/>
        <line number="61" hits="17" branch="false"/>
        <line number="62" hits="17" branch="false"/>
        <line number="65" hits="4" branch="false"/>
        <line number="68" hits="17" branch="true" condition-coverage="100% (4/4)"/>
        <line number="69" hits="8" branch="false"/>
        <line number="71" hits="17" branch="true" condition-coverage="100% (2/2)"/>
        <line number="72" hits="10" branch="false"/>
        <line number="73" hits="10" branch="false"/>
        <line number="76" hits="17" branch="false"/>
        <line number="78" hits="17" branch="true" condition-coverage="100% (2/2)"/>
        <line number="81" hits="0" branch="false"/>
        <line number="83" hits="17" branch="true" condition-coverage="100% (4/4)"/>
        <line number="84" hits="7" branch="false"/>
        <line number="85" hits="7" branch="false"/>
        <line number="88" hits="17" branch="false"/>
        <line number="89" hits="17" branch="false"/>
        <line number="109" hits="10" branch="false"/>
        <line number="110" hits="10" branch="false"/>
        <line number="112" hits="10" branch="false"/>
        <line number="113" hits="6" branch="true" condition-coverage="100% (5/5)"/>
        <line number="114" hits="2" branch="false"/>
        <line number="117" hits="4" branch="false"/>
        <line number="118" hits="0" branch="false"/>
        <line number="125" hits="4" branch="false"/>
        <line number="126" hits="4" branch="false"/>
        <line number="136" hits="2" branch="false"/>
        <line number="152" hits="4" branch="false"/>
        <line number="162" hits="1" branch="false"/>
        <line number="172" hits="1" branch="false"/>
        <line number="190" hits="1" branch="false"/>
        <line number="200" hits="1" branch="false"/>
      </lines>
    </class>
    <class name="tools.ts" filename="src/lib/tools.ts" line-rate="0.9940000000000001" branch-rate="0.9009">
      <methods>
        <method name="addRequestId" hits="109" signature="()V">
          <lines>
            <line number="18" hits="109"/>
          </lines>
        </method>
        <method name="removeRequestId" hits="116" signature="()V">
          <lines>
            <line number="32" hits="116"/>
          </lines>
        </method>
        <method name="debug" hits="2142" signature="()V">
          <lines>
            <line number="38" hits="2142"/>
          </lines>
        </method>
        <method name="getExecutable" hits="96" signature="()V">
          <lines>
            <line number="59" hits="96"/>
          </lines>
        </method>
        <method name="execute" hits="92" signature="()V">
          <lines>
            <line number="71" hits="92"/>
          </lines>
        </method>
        <method name="(anonymous_12)" hits="73" signature="()V">
          <lines>
            <line number="86" hits="73"/>
          </lines>
        </method>
        <method name="(anonymous_13)" hits="3" signature="()V">
          <lines>
            <line number="87" hits="3"/>
          </lines>
        </method>
        <method name="(anonymous_14)" hits="6" signature="()V">
          <lines>
            <line number="88" hits="6"/>
          </lines>
        </method>
        <method name="(anonymous_15)" hits="92" signature="()V">
          <lines>
            <line number="91" hits="92"/>
          </lines>
        </method>
        <method name="request" hits="73" signature="()V">
          <lines>
            <line number="118" hits="73"/>
          </lines>
        </method>
        <method name="(anonymous_18)" hits="73" signature="()V">
          <lines>
            <line number="130" hits="73"/>
          </lines>
        </method>
        <method name="(anonymous_19)" hits="61" signature="()V">
          <lines>
            <line number="134" hits="61"/>
          </lines>
        </method>
        <method name="(anonymous_20)" hits="2" signature="()V">
          <lines>
            <line number="135" hits="2"/>
          </lines>
        </method>
        <method name="(anonymous_21)" hits="5" signature="()V">
          <lines>
            <line number="136" hits="5"/>
          </lines>
        </method>
        <method name="(anonymous_22)" hits="73" signature="()V">
          <lines>
            <line number="139" hits="73"/>
          </lines>
        </method>
        <method name="getParamters" hits="78" signature="()V">
          <lines>
            <line number="184" hits="78"/>
          </lines>
        </method>
        <method name="parseStateStringAttr" hits="861" signature="()V">
          <lines>
            <line number="218" hits="861"/>
          </lines>
        </method>
        <method name="parseState" hits="127" signature="()V">
          <lines>
            <line number="233" hits="127"/>
          </lines>
        </method>
        <method name="(anonymous_26)" hits="1771" signature="()V">
          <lines>
            <line number="234" hits="1771"/>
          </lines>
        </method>
        <method name="(anonymous_27)" hits="24" signature="()V">
          <lines>
            <line number="283" hits="24"/>
          </lines>
        </method>
        <method name="(anonymous_28)" hits="36" signature="()V">
          <lines>
            <line number="296" hits="36"/>
          </lines>
        </method>
        <method name="(anonymous_29)" hits="18" signature="()V">
          <lines>
            <line number="337" hits="18"/>
          </lines>
        </method>
        <method name="(anonymous_30)" hits="18" signature="()V">
          <lines>
            <line number="350" hits="18"/>
          </lines>
        </method>
        <method name="(anonymous_31)" hits="2" signature="()V">
          <lines>
            <line number="367" hits="2"/>
          </lines>
        </method>
      </methods>
      <lines>
        <line number="3" hits="1" branch="false"/>
        <line number="13" hits="1" branch="false"/>
        <line number="16" hits="1" branch="false"/>
        <line number="18" hits="1" branch="false"/>
        <line number="19" hits="109" branch="false"/>
        <line number="21" hits="109" branch="false"/>
        <line number="22" hits="116" branch="false"/>
        <line number="23" hits="116" branch="true" condition-coverage="100% (2/2)"/>
        <line number="24" hits="109" branch="false"/>
        <line number="25" hits="109" branch="false"/>
        <line number="29" hits="109" branch="false"/>
        <line number="32" hits="1" branch="false"/>
        <line number="33" hits="116" branch="true" condition-coverage="100% (4/4)"/>
        <line number="34" hits="96" branch="false"/>
        <line number="38" hits="1" branch="false"/>
        <line number="39" hits="2142" branch="true" condition-coverage="100% (2/2)"/>
        <line number="40" hits="9" branch="true" condition-coverage="100% (2/2)"/>
        <line number="41" hits="9" branch="true" condition-coverage="100% (2/2)"/>
        <line number="43" hits="9" branch="false"/>
        <line number="55" hits="9" branch="false"/>
        <line number="59" hits="1" branch="false"/>
        <line number="60" hits="96" branch="true" condition-coverage="100% (4/4)"/>
        <line number="61" hits="4" branch="false"/>
        <line number="63" hits="92" branch="true" condition-coverage="100% (4/4)"/>
        <line number="64" hits="3" branch="false"/>
        <line number="67" hits="89" branch="false"/>
        <line number="71" hits="1" branch="false"/>
        <line number="77" hits="92" branch="false"/>
        <line number="78" hits="92" branch="true" condition-coverage="100% (2/2)"/>
        <line number="80" hits="92" branch="false"/>
        <line number="81" hits="92" branch="false"/>
        <line number="86" hits="92" branch="false"/>
        <line number="87" hits="92" branch="false"/>
        <line number="88" hits="92" branch="false"/>
        <line number="91" hits="92" branch="false"/>
        <line number="92" hits="92" branch="false"/>
        <line number="94" hits="92" branch="true" condition-coverage="50% (1/2)"/>
        <line number="95" hits="92" branch="false"/>
        <line number="97" hits="92" branch="true" condition-coverage="50% (1/2)"/>
        <line number="98" hits="92" branch="false"/>
        <line number="101" hits="92" branch="false"/>
        <line number="102" hits="92" branch="false"/>
        <line number="105" hits="92" branch="true" condition-coverage="50% (1/2)"/>
        <line number="106" hits="92" branch="false"/>
        <line number="108" hits="92" branch="true" condition-coverage="50% (1/2)"/>
        <line number="109" hits="92" branch="false"/>
        <line number="112" hits="92" branch="false"/>
        <line number="113" hits="92" branch="false"/>
        <line number="115" hits="92" branch="false"/>
        <line number="118" hits="1" branch="false"/>
        <line number="124" hits="73" branch="false"/>
        <line number="130" hits="73" branch="false"/>
        <line number="131" hits="73" branch="false"/>
        <line number="134" hits="73" branch="false"/>
        <line number="135" hits="73" branch="false"/>
        <line number="136" hits="73" branch="true" condition-coverage="50% (1/2)"/>
        <line number="139" hits="73" branch="false"/>
        <line number="140" hits="73" branch="false"/>
        <line number="142" hits="73" branch="true" condition-coverage="50% (1/2)"/>
        <line number="143" hits="73" branch="false"/>
        <line number="145" hits="73" branch="true" condition-coverage="50% (1/2)"/>
        <line number="146" hits="73" branch="false"/>
        <line number="149" hits="73" branch="false"/>
        <line number="150" hits="73" branch="false"/>
        <line number="151" hits="73" branch="false"/>
        <line number="154" hits="73" branch="true" condition-coverage="50% (1/2)"/>
        <line number="155" hits="73" branch="false"/>
        <line number="157" hits="73" branch="true" condition-coverage="50% (1/2)"/>
        <line number="158" hits="73" branch="false"/>
        <line number="161" hits="73" branch="false"/>
        <line number="162" hits="73" branch="false"/>
        <line number="165" hits="68" branch="true" condition-coverage="100% (2/2)"/>
        <line number="166" hits="2" branch="false"/>
        <line number="167" hits="2" branch="false"/>
        <line number="168" hits="2" branch="false"/>
        <line number="170" hits="66" branch="true" condition-coverage="100% (2/2)"/>
        <line number="171" hits="51" branch="false"/>
        <line number="172" hits="51" branch="false"/>
        <line number="175" hits="1" branch="false"/>
        <line number="176" hits="1" branch="false"/>
        <line number="177" hits="1" branch="false"/>
        <line number="181" hits="15" branch="false"/>
        <line number="184" hits="1" branch="true" condition-coverage="100% (1/1)"/>
        <line number="185" hits="78" branch="false"/>
        <line number="187" hits="78" branch="true" condition-coverage="100% (2/2)"/>
        <line number="188" hits="1" branch="false"/>
        <line number="190" hits="77" branch="true" condition-coverage="100% (2/2)"/>
        <line number="191" hits="66" branch="false"/>
        <line number="193" hits="78" branch="true" condition-coverage="100% (2/2)"/>
        <line number="194" hits="1" branch="false"/>
        <line number="196" hits="78" branch="true" condition-coverage="100% (2/2)"/>
        <line number="197" hits="1" branch="false"/>
        <line number="199" hits="78" branch="true" condition-coverage="100% (2/2)"/>
        <line number="200" hits="1" branch="false"/>
        <line number="202" hits="78" branch="true" condition-coverage="100% (2/2)"/>
        <line number="203" hits="1" branch="false"/>
        <line number="205" hits="78" branch="true" condition-coverage="100% (2/2)"/>
        <line number="206" hits="1" branch="false"/>
        <line number="208" hits="78" branch="true" condition-coverage="100% (2/2)"/>
        <line number="209" hits="1" branch="false"/>
        <line number="211" hits="78" branch="true" condition-coverage="100% (2/2)"/>
        <line number="212" hits="1" branch="false"/>
        <line number="215" hits="78" branch="false"/>
        <line number="225" hits="861" branch="true" condition-coverage="100% (2/2)"/>
        <line number="226" hits="35" branch="false"/>
        <line number="227" hits="35" branch="false"/>
        <line number="230" hits="826" branch="false"/>
        <line number="233" hits="1" branch="false"/>
        <line number="234" hits="1771" branch="false"/>
        <line number="235" hits="127" branch="false"/>
        <line number="252" hits="127" branch="true" condition-coverage="100% (4/4)"/>
        <line number="253" hits="1" branch="false"/>
        <line number="255" hits="126" branch="true" condition-coverage="100% (2/2)"/>
        <line number="256" hits="3" branch="false"/>
        <line number="257" hits="3" branch="true" condition-coverage="50% (1/2)"/>
        <line number="258" hits="3" branch="false"/>
        <line number="261" hits="3" branch="false"/>
        <line number="265" hits="123" branch="true" condition-coverage="100% (2/2)"/>
        <line number="266" hits="9" branch="false"/>
        <line number="267" hits="9" branch="true" condition-coverage="100% (2/2)"/>
        <line number="268" hits="8" branch="false"/>
        <line number="271" hits="1" branch="false"/>
        <line number="275" hits="114" branch="false"/>
        <line number="279" hits="123" branch="false"/>
        <line number="282" hits="123" branch="true" condition-coverage="100% (2/2)"/>
        <line number="283" hits="24" branch="false"/>
        <line number="284" hits="6" branch="true" condition-coverage="100% (2/2)"/>
        <line number="285" hits="5" branch="false"/>
        <line number="288" hits="1" branch="false"/>
        <line number="291" hits="117" branch="false"/>
        <line number="295" hits="123" branch="true" condition-coverage="100% (2/2)"/>
        <line number="296" hits="36" branch="false"/>
        <line number="297" hits="6" branch="true" condition-coverage="100% (2/2)"/>
        <line number="298" hits="5" branch="false"/>
        <line number="301" hits="1" branch="false"/>
        <line number="304" hits="117" branch="false"/>
        <line number="308" hits="123" branch="false"/>
        <line number="311" hits="123" branch="false"/>
        <line number="314" hits="123" branch="false"/>
        <line number="317" hits="123" branch="false"/>
        <line number="320" hits="123" branch="true" condition-coverage="100% (2/2)"/>
        <line number="321" hits="5" branch="false"/>
        <line number="324" hits="118" branch="false"/>
        <line number="328" hits="123" branch="true" condition-coverage="100% (2/2)"/>
        <line number="329" hits="5" branch="false"/>
        <line number="332" hits="118" branch="false"/>
        <line number="336" hits="123" branch="true" condition-coverage="100% (2/2)"/>
        <line number="337" hits="18" branch="false"/>
        <line number="338" hits="6" branch="true" condition-coverage="100% (2/2)"/>
        <line number="339" hits="5" branch="false"/>
        <line number="342" hits="1" branch="false"/>
        <line number="345" hits="117" branch="false"/>
        <line number="349" hits="123" branch="true" condition-coverage="100% (2/2)"/>
        <line number="350" hits="18" branch="false"/>
        <line number="351" hits="6" branch="true" condition-coverage="100% (2/2)"/>
        <line number="352" hits="5" branch="false"/>
        <line number="355" hits="1" branch="false"/>
        <line number="358" hits="117" branch="false"/>
        <line number="362" hits="123" branch="false"/>
        <line number="363" hits="123" branch="false"/>
        <line number="366" hits="123" branch="true" condition-coverage="100% (2/2)"/>
        <line number="367" hits="2" branch="false"/>
        <line number="368" hits="1" branch="true" condition-coverage="50% (1/2)"/>
        <line number="369" hits="1" branch="false"/>
        <line number="372" hits="0" branch="false"/>
        <line number="375" hits="122" branch="false"/>
        <line number="378" hits="123" branch="false"/>
      </lines>
    </class>
    <class name="types.ts" filename="src/lib/types.ts" line-rate="1" branch-rate="1">
      <methods>
        <method name="(anonymous_0)" hits="1" signature="()V">
          <lines>
            <line number="4" hits="1"/>
          </lines>
        </method>
        <method name="(anonymous_1)" hits="1" signature="()V">
          <lines>
            <line number="9" hits="1"/>
          </lines>
        </method>
        <method name="(anonymous_2)" hits="1" signature="()V">
          <lines>
            <line number="16" hits="1"/>
          </lines>
        </method>
        <method name="(anonymous_3)" hits="1" signature="()V">
          <lines>
            <line number="23" hits="1"/>
          </lines>
        </method>
        <method name="(anonymous_4)" hits="1" signature="()V">
          <lines>
            <line number="32" hits="1"/>
          </lines>
        </method>
        <method name="(anonymous_5)" hits="1" signature="()V">
          <lines>
            <line number="38" hits="1"/>
          </lines>
        </method>
        <method name="(anonymous_6)" hits="1" signature="()V">
          <lines>
            <line number="44" hits="1"/>
          </lines>
        </method>
        <method name="(anonymous_7)" hits="1" signature="()V">
          <lines>
            <line number="49" hits="1"/>
          </lines>
        </method>
        <method name="(anonymous_8)" hits="1" signature="()V">
          <lines>
            <line number="78" hits="1"/>
          </lines>
        </method>
        <method name="(anonymous_9)" hits="1" signature="()V">
          <lines>
            <line number="104" hits="1"/>
          </lines>
        </method>
      </methods>
      <lines>
        <line number="4" hits="1" branch="true" condition-coverage="100% (2/2)"/>
        <line number="5" hits="1" branch="false"/>
        <line number="6" hits="1" branch="false"/>
        <line number="9" hits="1" branch="true" condition-coverage="100% (2/2)"/>
        <line number="10" hits="1" branch="false"/>
        <line number="11" hits="1" branch="false"/>
        <line number="12" hits="1" branch="false"/>
        <line number="13" hits="1" branch="false"/>
        <line number="16" hits="1" branch="true" condition-coverage="100% (2/2)"/>
        <line number="17" hits="1" branch="false"/>
        <line number="18" hits="1" branch="false"/>
        <line number="19" hits="1" branch="false"/>
        <line number="20" hits="1" branch="false"/>
        <line number="23" hits="1" branch="true" condition-coverage="100% (2/2)"/>
        <line number="24" hits="1" branch="false"/>
        <line number="25" hits="1" branch="false"/>
        <line number="26" hits="1" branch="false"/>
        <line number="27" hits="1" branch="false"/>
        <line number="28" hits="1" branch="false"/>
        <line number="29" hits="1" branch="false"/>
        <line number="32" hits="1" branch="true" condition-coverage="100% (2/2)"/>
        <line number="33" hits="1" branch="false"/>
        <line number="34" hits="1" branch="false"/>
        <line number="35" hits="1" branch="false"/>
        <line number="38" hits="1" branch="true" condition-coverage="100% (2/2)"/>
        <line number="39" hits="1" branch="false"/>
        <line number="40" hits="1" branch="false"/>
        <line number="41" hits="1" branch="false"/>
        <line number="44" hits="1" branch="true" condition-coverage="100% (2/2)"/>
        <line number="45" hits="1" branch="false"/>
        <line number="46" hits="1" branch="false"/>
        <line number="49" hits="1" branch="true" condition-coverage="100% (2/2)"/>
        <line number="50" hits="1" branch="false"/>
        <line number="51" hits="1" branch="false"/>
        <line number="52" hits="1" branch="false"/>
        <line number="53" hits="1" branch="false"/>
        <line number="54" hits="1" branch="false"/>
        <line number="55" hits="1" branch="false"/>
        <line number="56" hits="1" branch="false"/>
        <line number="57" hits="1" branch="false"/>
        <line number="58" hits="1" branch="false"/>
        <line number="59" hits="1" branch="false"/>
        <line number="60" hits="1" branch="false"/>
        <line number="61" hits="1" branch="false"/>
        <line number="62" hits="1" branch="false"/>
        <line number="63" hits="1" branch="false"/>
        <line number="64" hits="1" branch="false"/>
        <line number="65" hits="1" branch="false"/>
        <line number="66" hits="1" branch="false"/>
        <line number="67" hits="1" branch="false"/>
        <line number="68" hits="1" branch="false"/>
        <line number="69" hits="1" branch="false"/>
        <line number="70" hits="1" branch="false"/>
        <line number="71" hits="1" branch="false"/>
        <line number="72" hits="1" branch="false"/>
        <line number="78" hits="1" branch="true" condition-coverage="100% (2/2)"/>
        <line number="79" hits="1" branch="false"/>
        <line number="80" hits="1" branch="false"/>
        <line number="81" hits="1" branch="false"/>
        <line number="82" hits="1" branch="false"/>
        <line number="83" hits="1" branch="false"/>
        <line number="84" hits="1" branch="false"/>
        <line number="85" hits="1" branch="false"/>
        <line number="86" hits="1" branch="false"/>
        <line number="87" hits="1" branch="false"/>
        <line number="88" hits="1" branch="false"/>
        <line number="89" hits="1" branch="false"/>
        <line number="90" hits="1" branch="false"/>
        <line number="91" hits="1" branch="false"/>
        <line number="92" hits="1" branch="false"/>
        <line number="93" hits="1" branch="false"/>
        <line number="94" hits="1" branch="false"/>
        <line number="95" hits="1" branch="false"/>
        <line number="96" hits="1" branch="false"/>
        <line number="97" hits="1" branch="false"/>
        <line number="98" hits="1" branch="false"/>
        <line number="99" hits="1" branch="false"/>
        <line number="100" hits="1" branch="false"/>
        <line number="101" hits="1" branch="false"/>
        <line number="104" hits="1" branch="true" condition-coverage="100% (2/2)"/>
        <line number="105" hits="1" branch="false"/>
        <line number="106" hits="1" branch="false"/>
        <line number="107" hits="1" branch="false"/>
        <line number="108" hits="1" branch="false"/>
      </lines>
    </class>
  </packages>
</coverage>
