{
  "stats": {
    "suites": 102,
    "tests": 174,
    "passes": 172,
    "pending": 2,
    "failures": 0,
    "start": "2025-02-18T16:50:11.043Z",
    "end": "2025-02-18T16:50:23.249Z",
    "duration": 12206,
    "testsRegistered": 174,
    "passPercent": 100,
    "pendingPercent": 1.1494252873563218,
    "other": 0,
    "hasOther": false,
    "skipped": 0,
    "hasSkipped": false
  },
  "results": [
    {
      "uuid": "e9f86228-a054-4cb8-b8bf-b3f1a92f6e76",
      "title": "",
      "fullFile": "",
      "file": "",
      "beforeHooks": [],
      "afterHooks": [],
      "tests": [],
      "suites": [
        {
          "uuid": "7a9503fc-7ec1-4ec0-8546-aa215d0b1206",
          "title": "NodePyATVDeviceEvent",
          "fullFile": "/home/runner/work/node-pyatv/node-pyatv/test/device-event.ts",
          "file": "/test/device-event.ts",
          "beforeHooks": [],
          "afterHooks": [],
          "tests": [],
          "suites": [
            {
              "uuid": "03841041-d589-4791-a5e1-17f8e560754d",
              "title": "get key()",
              "fullFile": "/home/runner/work/node-pyatv/node-pyatv/test/device-event.ts",
              "file": "/test/device-event.ts",
              "beforeHooks": [],
              "afterHooks": [],
              "tests": [
                {
                  "title": "should work",
                  "fullTitle": "NodePyATVDeviceEvent get key() should work",
                  "timedOut": false,
                  "duration": 1,
                  "state": "passed",
                  "speed": "fast",
                  "pass": true,
                  "fail": false,
                  "pending": false,
                  "context": null,
                  "code": "const event=new NodePyATVDeviceEvent({key:\"genre\",old:\"Jazz\",new:\"Rock\",device:new NodePyATVDevice({host:\"192.168.178.2\",name:\"My Testinstance\"})});assert.strictEqual(event.key,\"genre\")",
                  "err": {},
                  "uuid": "41ad771b-4568-4966-b7bf-6a5e3f990ccb",
                  "parentUUID": "03841041-d589-4791-a5e1-17f8e560754d",
                  "isHook": false,
                  "skipped": false
                }
              ],
              "suites": [],
              "passes": [
                "41ad771b-4568-4966-b7bf-6a5e3f990ccb"
              ],
              "failures": [],
              "pending": [],
              "skipped": [],
              "duration": 1,
              "root": false,
              "rootEmpty": false,
              "_timeout": 2000
            },
            {
              "uuid": "06f59927-248c-40ec-bc2f-cd71f46d79e4",
              "title": "get oldValue()",
              "fullFile": "/home/runner/work/node-pyatv/node-pyatv/test/device-event.ts",
              "file": "/test/device-event.ts",
              "beforeHooks": [],
              "afterHooks": [],
              "tests": [
                {
                  "title": "should work",
                  "fullTitle": "NodePyATVDeviceEvent get oldValue() should work",
                  "timedOut": false,
                  "duration": 1,
                  "state": "passed",
                  "speed": "fast",
                  "pass": true,
                  "fail": false,
                  "pending": false,
                  "context": null,
                  "code": "const event=new NodePyATVDeviceEvent({key:\"genre\",old:\"Jazz\",new:\"Rock\",device:new NodePyATVDevice({host:\"192.168.178.2\",name:\"My Testinstance\"})});assert.strictEqual(event.oldValue,\"Jazz\")",
                  "err": {},
                  "uuid": "b2446ae7-a781-4add-bd7f-096420a4b6e7",
                  "parentUUID": "06f59927-248c-40ec-bc2f-cd71f46d79e4",
                  "isHook": false,
                  "skipped": false
                }
              ],
              "suites": [],
              "passes": [
                "b2446ae7-a781-4add-bd7f-096420a4b6e7"
              ],
              "failures": [],
              "pending": [],
              "skipped": [],
              "duration": 1,
              "root": false,
              "rootEmpty": false,
              "_timeout": 2000
            },
            {
              "uuid": "9f7a0d12-6926-4d82-9e56-7a3fc1d6cfd3",
              "title": "get newValue()",
              "fullFile": "/home/runner/work/node-pyatv/node-pyatv/test/device-event.ts",
              "file": "/test/device-event.ts",
              "beforeHooks": [],
              "afterHooks": [],
              "tests": [
                {
                  "title": "should work",
                  "fullTitle": "NodePyATVDeviceEvent get newValue() should work",
                  "timedOut": false,
                  "duration": 0,
                  "state": "passed",
                  "speed": "fast",
                  "pass": true,
                  "fail": false,
                  "pending": false,
                  "context": null,
                  "code": "const event=new NodePyATVDeviceEvent({key:\"genre\",old:\"Jazz\",new:\"Rock\",device:new NodePyATVDevice({host:\"192.168.178.2\",name:\"My Testinstance\"})});assert.strictEqual(event.newValue,\"Rock\")",
                  "err": {},
                  "uuid": "fd910f8b-212d-4e80-bee6-e520423a7292",
                  "parentUUID": "9f7a0d12-6926-4d82-9e56-7a3fc1d6cfd3",
                  "isHook": false,
                  "skipped": false
                }
              ],
              "suites": [],
              "passes": [
                "fd910f8b-212d-4e80-bee6-e520423a7292"
              ],
              "failures": [],
              "pending": [],
              "skipped": [],
              "duration": 0,
              "root": false,
              "rootEmpty": false,
              "_timeout": 2000
            },
            {
              "uuid": "66b7e977-688c-4f98-bf41-03f8e12aeea9",
              "title": "get value()",
              "fullFile": "/home/runner/work/node-pyatv/node-pyatv/test/device-event.ts",
              "file": "/test/device-event.ts",
              "beforeHooks": [],
              "afterHooks": [],
              "tests": [
                {
                  "title": "should work",
                  "fullTitle": "NodePyATVDeviceEvent get value() should work",
                  "timedOut": false,
                  "duration": 0,
                  "state": "passed",
                  "speed": "fast",
                  "pass": true,
                  "fail": false,
                  "pending": false,
                  "context": null,
                  "code": "const event=new NodePyATVDeviceEvent({key:\"genre\",old:\"Jazz\",new:\"Rock\",device:new NodePyATVDevice({host:\"192.168.178.2\",name:\"My Testinstance\"})});assert.strictEqual(event.value,\"Rock\")",
                  "err": {},
                  "uuid": "f20f9bf3-778f-4ac8-a2a4-39f641bcdd5a",
                  "parentUUID": "66b7e977-688c-4f98-bf41-03f8e12aeea9",
                  "isHook": false,
                  "skipped": false
                }
              ],
              "suites": [],
              "passes": [
                "f20f9bf3-778f-4ac8-a2a4-39f641bcdd5a"
              ],
              "failures": [],
              "pending": [],
              "skipped": [],
              "duration": 0,
              "root": false,
              "rootEmpty": false,
              "_timeout": 2000
            },
            {
              "uuid": "c8815623-3fcd-4c10-a5c7-4f02cacece60",
              "title": "get device()",
              "fullFile": "/home/runner/work/node-pyatv/node-pyatv/test/device-event.ts",
              "file": "/test/device-event.ts",
              "beforeHooks": [],
              "afterHooks": [],
              "tests": [
                {
                  "title": "should work",
                  "fullTitle": "NodePyATVDeviceEvent get device() should work",
                  "timedOut": false,
                  "duration": 1,
                  "state": "passed",
                  "speed": "fast",
                  "pass": true,
                  "fail": false,
                  "pending": false,
                  "context": null,
                  "code": "const device=new NodePyATVDevice({host:\"192.168.178.2\",name:\"My Testinstance\"});const event=new NodePyATVDeviceEvent({key:\"genre\",old:\"Jazz\",new:\"Rock\",device});assert.deepEqual(event.device,device)",
                  "err": {},
                  "uuid": "c8f3c276-b025-4e10-8380-3367e26fe0e0",
                  "parentUUID": "c8815623-3fcd-4c10-a5c7-4f02cacece60",
                  "isHook": false,
                  "skipped": false
                }
              ],
              "suites": [],
              "passes": [
                "c8f3c276-b025-4e10-8380-3367e26fe0e0"
              ],
              "failures": [],
              "pending": [],
              "skipped": [],
              "duration": 1,
              "root": false,
              "rootEmpty": false,
              "_timeout": 2000
            }
          ],
          "passes": [],
          "failures": [],
          "pending": [],
          "skipped": [],
          "duration": 0,
          "root": false,
          "rootEmpty": false,
          "_timeout": 2000
        },
        {
          "uuid": "ae05723a-d81b-4da3-9526-69c930e23c97",
          "title": "NodePyATVDeviceEvents",
          "fullFile": "/home/runner/work/node-pyatv/node-pyatv/test/device-events.ts",
          "file": "/test/device-events.ts",
          "beforeHooks": [],
          "afterHooks": [],
          "tests": [],
          "suites": [
            {
              "uuid": "122da231-6498-4ba1-aa06-cc2e9d551652",
              "title": "applyStateAndEmitEvents()",
              "fullFile": "/home/runner/work/node-pyatv/node-pyatv/test/device-events.ts",
              "file": "/test/device-events.ts",
              "beforeHooks": [],
              "afterHooks": [],
              "tests": [
                {
                  "title": "should emit update:key event",
                  "fullTitle": "NodePyATVDeviceEvents applyStateAndEmitEvents() should emit update:key event",
                  "timedOut": false,
                  "duration": 3,
                  "state": "passed",
                  "speed": "fast",
                  "pass": true,
                  "fail": false,
                  "pending": false,
                  "context": null,
                  "code": "const device=new NodePyATVDevice({name:\"My Testdevice\",host:\"192.168.178.2\",spawn:createFakeSpawn(cp=>{cp.onStdIn(()=>cp.end());cp.stdout({result:\"success\",title:\"My Movie\"})})});await new Promise(cb=>{device.once(\"update:title\",event=>{assert.ok(event instanceof NodePyATVDeviceEvent);assert.strictEqual(event.key,\"title\");assert.strictEqual(event.oldValue,null);assert.strictEqual(event.newValue,\"My Movie\");assert.strictEqual(event.value,\"My Movie\");assert.deepStrictEqual(event.device,device);cb(void 0)})})",
                  "err": {},
                  "uuid": "f97e5c68-146e-482d-bd07-8b6d9ffc1e5f",
                  "parentUUID": "122da231-6498-4ba1-aa06-cc2e9d551652",
                  "isHook": false,
                  "skipped": false
                },
                {
                  "title": "should emit update event",
                  "fullTitle": "NodePyATVDeviceEvents applyStateAndEmitEvents() should emit update event",
                  "timedOut": false,
                  "duration": 1,
                  "state": "passed",
                  "speed": "fast",
                  "pass": true,
                  "fail": false,
                  "pending": false,
                  "context": null,
                  "code": "const device=new NodePyATVDevice({name:\"My Testdevice\",host:\"192.168.178.2\",spawn:createFakeSpawn(cp=>{cp.onStdIn(()=>cp.end());cp.stdout({result:\"success\",title:\"My Movie\"})})});await new Promise(cb=>{device.once(\"update\",event=>{assert.ok(event instanceof NodePyATVDeviceEvent);assert.strictEqual(event.key,\"title\");assert.strictEqual(event.oldValue,null);assert.strictEqual(event.newValue,\"My Movie\");assert.strictEqual(event.value,\"My Movie\");assert.deepStrictEqual(event.device,device);cb(void 0)})})",
                  "err": {},
                  "uuid": "3e0ca79f-e5de-4a2e-ab94-141dcb4f982f",
                  "parentUUID": "122da231-6498-4ba1-aa06-cc2e9d551652",
                  "isHook": false,
                  "skipped": false
                },
                {
                  "title": "should emit update:key event before update",
                  "fullTitle": "NodePyATVDeviceEvents applyStateAndEmitEvents() should emit update:key event before update",
                  "timedOut": false,
                  "duration": 2,
                  "state": "passed",
                  "speed": "fast",
                  "pass": true,
                  "fail": false,
                  "pending": false,
                  "context": null,
                  "code": "const device=new NodePyATVDevice({name:\"My Testdevice\",host:\"192.168.178.2\",spawn:createFakeSpawn(cp=>{cp.onStdIn(()=>cp.end());cp.stdout({result:\"success\",title:\"My Movie\"})})});const sort=[];await Promise.race([new Promise(cb=>{device.once(\"update\",()=>{sort.push(\"update\");cb(void 0)})}),new Promise(cb=>{device.once(\"update:title\",()=>{sort.push(\"update:title\");cb(void 0)})})]);assert.deepStrictEqual(sort,[\"update:title\",\"update\"])",
                  "err": {},
                  "uuid": "8f267d68-63fa-4dc7-b144-3ed5d1b6e00d",
                  "parentUUID": "122da231-6498-4ba1-aa06-cc2e9d551652",
                  "isHook": false,
                  "skipped": false
                },
                {
                  "title": "should emit error events on failures",
                  "fullTitle": "NodePyATVDeviceEvents applyStateAndEmitEvents() should emit error events on failures",
                  "timedOut": false,
                  "duration": 1,
                  "state": "passed",
                  "speed": "fast",
                  "pass": true,
                  "fail": false,
                  "pending": false,
                  "context": null,
                  "code": "const device=new NodePyATVDevice({name:\"My Testdevice\",host:\"192.168.178.2\",spawn:createFakeSpawn(cp=>{cp.onStdIn(()=>cp.end());cp.stdout({result:\"failure\",datetime:\"2021-11-24T21:13:36.424576+03:00\",exception:\"invalid credentials: 321\",stacktrace:'Traceback (most recent call last):\\n  File \"/Users/free/Library/Python/3.8/lib/python/site-packages/pyatv/scripts/atvscript.py\", line 302, in appstart\\n    print(args.output(await _handle_command(args, abort_sem, loop)), flush=True)\\n  File \"/Users/free/Library/Python/3.8/lib/python/site-packages/pyatv/scripts/atvscript.py\", line 196, in _handle_command\\n    atv = await connect(config, loop, protocol=Protocol.MRP)\\n  File \"/Users/free/Library/Python/3.8/lib/python/site-packages/pyatv/__init__.py\", line 96, in connect\\n    for setup_data in proto_methods.setup(\\n  File \"/Users/free/Library/Python/3.8/lib/python/site-packages/pyatv/protocols/airplay/__init__.py\", line 192, in setup\\n    stream = AirPlayStream(config, service)\\n  File \"/Users/free/Library/Python/3.8/lib/python/site-packages/pyatv/protocols/airplay/__init__.py\", line 79, in __init__\\n    self._credentials: HapCredentials = parse_credentials(self.service.credentials)\\n  File \"/Users/free/Library/Python/3.8/lib/python/site-packages/pyatv/auth/hap_pairing.py\", line 139, in parse_credentials\\n    raise exceptions.InvalidCredentialsError(\"invalid credentials: \" + detail_string)\\npyatv.exceptions.InvalidCredentialsError: invalid credentials: 321\\n'})})});await new Promise(cb=>{device.once(\"error\",error=>{assert.ok(error instanceof Error);assert.ok(error.toString().includes(\"invalid credentials: 321\"));cb(void 0)})})",
                  "err": {},
                  "uuid": "2017bf67-19eb-47e0-bdb6-527b2c2df82e",
                  "parentUUID": "122da231-6498-4ba1-aa06-cc2e9d551652",
                  "isHook": false,
                  "skipped": false
                },
                {
                  "title": "should not emit an update if new value is same as old one",
                  "fullTitle": "NodePyATVDeviceEvents applyStateAndEmitEvents() should not emit an update if new value is same as old one",
                  "timedOut": false,
                  "duration": 3,
                  "state": "passed",
                  "speed": "fast",
                  "pass": true,
                  "fail": false,
                  "pending": false,
                  "context": null,
                  "code": "let spawnCounter=0;let eventCounter=0;const device=new NodePyATVDevice({name:\"My Testdevice\",host:\"192.168.178.2\",spawn:createFakeSpawn(cp=>{if(spawnCounter===0){cp.onStdIn(()=>cp.end())}cp.stdout({result:\"success\",title:\"My Movie\"});spawnCounter++;if(spawnCounter>=2){cp.end()}})});const listener=__name(()=>{eventCounter++},\"listener\");device.on(\"update\",listener);await new Promise(cb=>setTimeout(cb,0));await device.getState();device.off(\"update\",listener);assert.strictEqual(spawnCounter,2);assert.strictEqual(eventCounter,1)",
                  "err": {},
                  "uuid": "b873af11-a6ea-43d8-9bfd-49a55b44d77e",
                  "parentUUID": "122da231-6498-4ba1-aa06-cc2e9d551652",
                  "isHook": false,
                  "skipped": false
                },
                {
                  "title": "should emit error event if event listener throws an exception",
                  "fullTitle": "NodePyATVDeviceEvents applyStateAndEmitEvents() should emit error event if event listener throws an exception",
                  "timedOut": false,
                  "duration": 2,
                  "state": "passed",
                  "speed": "fast",
                  "pass": true,
                  "fail": false,
                  "pending": false,
                  "context": null,
                  "code": "const device=new NodePyATVDevice({name:\"My Testdevice\",host:\"192.168.178.2\",spawn:createFakeSpawn(cp=>{cp.onStdIn(()=>cp.end());cp.stdout({result:\"success\",title:\"My Movie\"})})});let callCounter=0;const error=new Error(\"This is an error. Be nice.\");device.once(\"error\",err=>{assert.strictEqual(err,error);callCounter++});const listener=__name(()=>{throw error},\"listener\");device.on(\"update\",listener);await new Promise(cb=>setTimeout(cb,0));device.off(\"update\",listener);assert.strictEqual(callCounter,1)",
                  "err": {},
                  "uuid": "31fbe1a4-81d8-4eb1-8009-42976f2883b9",
                  "parentUUID": "122da231-6498-4ba1-aa06-cc2e9d551652",
                  "isHook": false,
                  "skipped": false
                },
                {
                  "title": "should also work with powerState",
                  "fullTitle": "NodePyATVDeviceEvents applyStateAndEmitEvents() should also work with powerState",
                  "timedOut": false,
                  "duration": 2,
                  "state": "passed",
                  "speed": "fast",
                  "pass": true,
                  "fail": false,
                  "pending": false,
                  "context": null,
                  "code": "const device=new NodePyATVDevice({name:\"My Testdevice\",host:\"192.168.178.2\",spawn:createFakeSpawn(cp=>{cp.onStdIn(()=>cp.end());cp.stdout({result:\"success\",datetime:new Date().toJSON(),power_state:\"off\"})})});await new Promise(cb=>{device.once(\"update:powerState\",event=>{assert.ok(event instanceof NodePyATVDeviceEvent);assert.strictEqual(event.key,\"powerState\");assert.strictEqual(event.oldValue,null);assert.strictEqual(event.newValue,\"off\");assert.strictEqual(event.newValue,NodePyATVPowerState.off);assert.strictEqual(event.value,\"off\");assert.strictEqual(event.value,NodePyATVPowerState.off);assert.deepStrictEqual(event.device,device);cb(void 0)})})",
                  "err": {},
                  "uuid": "a2099bfd-a214-467d-858b-58455822593f",
                  "parentUUID": "122da231-6498-4ba1-aa06-cc2e9d551652",
                  "isHook": false,
                  "skipped": false
                },
                {
                  "title": "should only one event for powerState changes",
                  "fullTitle": "NodePyATVDeviceEvents applyStateAndEmitEvents() should only one event for powerState changes",
                  "timedOut": false,
                  "duration": 10,
                  "state": "passed",
                  "speed": "fast",
                  "pass": true,
                  "fail": false,
                  "pending": false,
                  "context": null,
                  "code": "const device=new NodePyATVDevice({name:\"My Testdevice\",host:\"192.168.178.2\",spawn:createFakeSpawn(cp=>{cp.onStdIn(()=>cp.end());cp.stdout({result:\"success\",datetime:new Date().toJSON(),power_state:\"off\"});cp.end()})});let counter=0;device.on(\"update\",event=>{assert.ok(event instanceof NodePyATVDeviceEvent);assert.strictEqual(event.key,\"powerState\");assert.strictEqual(event.oldValue,null);assert.strictEqual(event.newValue,\"off\");assert.strictEqual(event.newValue,NodePyATVPowerState.off);assert.strictEqual(event.value,\"off\");assert.strictEqual(event.value,NodePyATVPowerState.off);assert.deepStrictEqual(event.device,device);counter++});await new Promise(cb=>setTimeout(cb,10));assert.strictEqual(counter,1);device.removeAllListeners(\"update\")",
                  "err": {},
                  "uuid": "87c5f8f9-55ae-4ec8-ae8c-081a26115844",
                  "parentUUID": "122da231-6498-4ba1-aa06-cc2e9d551652",
                  "isHook": false,
                  "skipped": false
                },
                {
                  "title": "should only one event for focusState changes",
                  "fullTitle": "NodePyATVDeviceEvents applyStateAndEmitEvents() should only one event for focusState changes",
                  "timedOut": false,
                  "duration": 10,
                  "state": "passed",
                  "speed": "fast",
                  "pass": true,
                  "fail": false,
                  "pending": false,
                  "context": null,
                  "code": "const device=new NodePyATVDevice({name:\"My Testdevice\",host:\"192.168.178.2\",spawn:createFakeSpawn(cp=>{cp.onStdIn(()=>cp.end());cp.stdout({result:\"success\",datetime:new Date().toJSON(),focus_state:\"unfocused\"});cp.end()})});let counter=0;device.on(\"update\",event=>{assert.ok(event instanceof NodePyATVDeviceEvent);assert.strictEqual(event.key,\"focusState\");assert.strictEqual(event.oldValue,null);assert.strictEqual(event.newValue,\"unfocused\");assert.strictEqual(event.newValue,NodePyATVFocusState.unfocused);assert.strictEqual(event.value,\"unfocused\");assert.strictEqual(event.value,NodePyATVFocusState.unfocused);assert.deepStrictEqual(event.device,device);counter++});await new Promise(cb=>setTimeout(cb,10));assert.strictEqual(counter,1);device.removeAllListeners(\"update\")",
                  "err": {},
                  "uuid": "38efc364-b516-4e58-b611-7bc46fd04fd6",
                  "parentUUID": "122da231-6498-4ba1-aa06-cc2e9d551652",
                  "isHook": false,
                  "skipped": false
                },
                {
                  "title": "should only one event for outputDevices changes",
                  "fullTitle": "NodePyATVDeviceEvents applyStateAndEmitEvents() should only one event for outputDevices changes",
                  "timedOut": false,
                  "duration": 11,
                  "state": "passed",
                  "speed": "fast",
                  "pass": true,
                  "fail": false,
                  "pending": false,
                  "context": null,
                  "code": "const device=new NodePyATVDevice({name:\"My Testdevice\",host:\"192.168.178.2\",spawn:createFakeSpawn(cp=>{cp.onStdIn(()=>cp.end());cp.stdout({result:\"success\",datetime:new Date().toJSON(),output_devices:[{name:\"Living room\",identifier:\"AAAAAAAA-BBBB-CCCC-DDDD-EEEEEEEEEEEE\"}]});cp.end()})});let counter=0;device.on(\"update\",event=>{assert.ok(event instanceof NodePyATVDeviceEvent);assert.strictEqual(event.key,\"outputDevices\");assert.strictEqual(event.oldValue,null);assert.deepStrictEqual(event.newValue,[{name:\"Living room\",identifier:\"AAAAAAAA-BBBB-CCCC-DDDD-EEEEEEEEEEEE\"}]);assert.deepStrictEqual(event.value,[{name:\"Living room\",identifier:\"AAAAAAAA-BBBB-CCCC-DDDD-EEEEEEEEEEEE\"}]);assert.deepStrictEqual(event.device,device);counter++});await new Promise(cb=>setTimeout(cb,10));assert.strictEqual(counter,1);device.removeAllListeners(\"update\")",
                  "err": {},
                  "uuid": "b3928e3a-7f9e-45c6-bad0-4cfcffcb202f",
                  "parentUUID": "122da231-6498-4ba1-aa06-cc2e9d551652",
                  "isHook": false,
                  "skipped": false
                },
                {
                  "title": "should only one event for volume changes",
                  "fullTitle": "NodePyATVDeviceEvents applyStateAndEmitEvents() should only one event for volume changes",
                  "timedOut": false,
                  "duration": 11,
                  "state": "passed",
                  "speed": "fast",
                  "pass": true,
                  "fail": false,
                  "pending": false,
                  "context": null,
                  "code": "const device=new NodePyATVDevice({name:\"My Testdevice\",host:\"192.168.178.2\",spawn:createFakeSpawn(cp=>{cp.onStdIn(()=>cp.end());cp.stdout({result:\"success\",datetime:new Date().toJSON(),volume:20});cp.end()})});let counter=0;device.on(\"update\",event=>{assert.ok(event instanceof NodePyATVDeviceEvent);assert.strictEqual(event.key,\"volume\");assert.strictEqual(event.oldValue,null);assert.strictEqual(event.newValue,20);assert.strictEqual(event.value,20);assert.deepStrictEqual(event.device,device);counter++});await new Promise(cb=>setTimeout(cb,10));assert.strictEqual(counter,1);device.removeAllListeners(\"update\")",
                  "err": {},
                  "uuid": "e7518181-c381-4d4c-b6ec-80d008390a6d",
                  "parentUUID": "122da231-6498-4ba1-aa06-cc2e9d551652",
                  "isHook": false,
                  "skipped": false
                },
                {
                  "title": "should not trigger any events for newly added fields",
                  "fullTitle": "NodePyATVDeviceEvents applyStateAndEmitEvents() should not trigger any events for newly added fields",
                  "timedOut": false,
                  "duration": 11,
                  "state": "passed",
                  "speed": "fast",
                  "pass": true,
                  "fail": false,
                  "pending": false,
                  "context": null,
                  "code": "const device=new NodePyATVDevice({name:\"My Testdevice\",host:\"192.168.178.2\",spawn:createFakeSpawn(cp=>{cp.onStdIn(()=>cp.end());cp.stdout({result:\"success\",datetime:new Date().toJSON(),foo:\"bar\"});cp.end()})});device.on(\"update\",event=>{assert.fail(`Got an update event for a new field: ${event}`)});await new Promise(cb=>setTimeout(cb,10));device.removeAllListeners(\"update\")",
                  "err": {},
                  "uuid": "f7e35cdc-3992-4136-8190-8ff5aaa8ba6a",
                  "parentUUID": "122da231-6498-4ba1-aa06-cc2e9d551652",
                  "isHook": false,
                  "skipped": false
                }
              ],
              "suites": [],
              "passes": [
                "f97e5c68-146e-482d-bd07-8b6d9ffc1e5f",
                "3e0ca79f-e5de-4a2e-ab94-141dcb4f982f",
                "8f267d68-63fa-4dc7-b144-3ed5d1b6e00d",
                "2017bf67-19eb-47e0-bdb6-527b2c2df82e",
                "b873af11-a6ea-43d8-9bfd-49a55b44d77e",
                "31fbe1a4-81d8-4eb1-8009-42976f2883b9",
                "a2099bfd-a214-467d-858b-58455822593f",
                "87c5f8f9-55ae-4ec8-ae8c-081a26115844",
                "38efc364-b516-4e58-b611-7bc46fd04fd6",
                "b3928e3a-7f9e-45c6-bad0-4cfcffcb202f",
                "e7518181-c381-4d4c-b6ec-80d008390a6d",
                "f7e35cdc-3992-4136-8190-8ff5aaa8ba6a"
              ],
              "failures": [],
              "pending": [],
              "skipped": [],
              "duration": 67,
              "root": false,
              "rootEmpty": false,
              "_timeout": 2000
            },
            {
              "uuid": "5f30df33-53e6-4859-9607-ca402cccbd97",
              "title": "start|stopListening()",
              "fullFile": "/home/runner/work/node-pyatv/node-pyatv/test/device-events.ts",
              "file": "/test/device-events.ts",
              "beforeHooks": [],
              "afterHooks": [],
              "tests": [
                {
                  "title": "should emit error if spawn fails",
                  "fullTitle": "NodePyATVDeviceEvents start|stopListening() should emit error if spawn fails",
                  "timedOut": false,
                  "duration": 2,
                  "state": "passed",
                  "speed": "fast",
                  "pass": true,
                  "fail": false,
                  "pending": false,
                  "context": null,
                  "code": "const error=new Error;const device=new NodePyATVDevice({name:\"My Testdevice\",host:\"192.168.178.2\",spawn:createFakeSpawn(cp=>{cp.error(error).end()})});const listener=__name(()=>{},\"listener\");device.on(\"update\",listener);await new Promise(cb=>{device.once(\"error\",err=>{assert.strictEqual(err,error);cb(void 0)})});device.off(\"update\",listener)",
                  "err": {},
                  "uuid": "c57ec43c-1648-4c1c-ba35-0acb5ed48267",
                  "parentUUID": "5f30df33-53e6-4859-9607-ca402cccbd97",
                  "isHook": false,
                  "skipped": false
                },
                {
                  "title": "should emit error on stderr data",
                  "fullTitle": "NodePyATVDeviceEvents start|stopListening() should emit error on stderr data",
                  "timedOut": false,
                  "duration": 1,
                  "state": "passed",
                  "speed": "fast",
                  "pass": true,
                  "fail": false,
                  "pending": false,
                  "context": null,
                  "code": "const device=new NodePyATVDevice({name:\"My Testdevice\",host:\"192.168.178.2\",spawn:createFakeSpawn(cp=>{cp.stderr(\"Hello World!\").end()})});const listener=__name(()=>{},\"listener\");device.on(\"update\",listener);await new Promise(cb=>{device.once(\"error\",err=>{assert.ok(err instanceof Error);assert.ok(err.toString().includes(\"Got stderr output from pyatv: Hello World!\"));cb(void 0)})});device.off(\"update\",listener)",
                  "err": {},
                  "uuid": "68649888-2128-4848-8456-6dc2baa20adc",
                  "parentUUID": "5f30df33-53e6-4859-9607-ca402cccbd97",
                  "isHook": false,
                  "skipped": false
                },
                {
                  "title": "should emit error if stdout is not valid json",
                  "fullTitle": "NodePyATVDeviceEvents start|stopListening() should emit error if stdout is not valid json",
                  "timedOut": false,
                  "duration": 2,
                  "state": "passed",
                  "speed": "fast",
                  "pass": true,
                  "fail": false,
                  "pending": false,
                  "context": null,
                  "code": "const device=new NodePyATVDevice({name:\"My Testdevice\",host:\"192.168.178.2\",spawn:createFakeSpawn(cp=>{cp.stdout(\"#\").end()})});const listener=__name(()=>{},\"listener\");device.on(\"update\",listener);await new Promise(cb=>{device.once(\"error\",err=>{assert.ok(err instanceof Error);assert.ok(err.toString().includes(\"Unable to parse stdout json: SyntaxError\"));cb(void 0)})});device.off(\"update\",listener)",
                  "err": {},
                  "uuid": "fc8f23ad-ba56-4110-8fdf-c6ec9b78d303",
                  "parentUUID": "5f30df33-53e6-4859-9607-ca402cccbd97",
                  "isHook": false,
                  "skipped": false
                },
                {
                  "title": "should restart the process if it gets killed",
                  "fullTitle": "NodePyATVDeviceEvents start|stopListening() should restart the process if it gets killed",
                  "timedOut": false,
                  "duration": 0,
                  "state": "pending",
                  "speed": null,
                  "pass": false,
                  "fail": false,
                  "pending": true,
                  "context": null,
                  "code": "",
                  "err": {},
                  "uuid": "09189c5f-7f65-4bc6-8fb1-d60eeeabc4a3",
                  "parentUUID": "5f30df33-53e6-4859-9607-ca402cccbd97",
                  "isHook": false,
                  "skipped": false
                }
              ],
              "suites": [],
              "passes": [
                "c57ec43c-1648-4c1c-ba35-0acb5ed48267",
                "68649888-2128-4848-8456-6dc2baa20adc",
                "fc8f23ad-ba56-4110-8fdf-c6ec9b78d303"
              ],
              "failures": [],
              "pending": [
                "09189c5f-7f65-4bc6-8fb1-d60eeeabc4a3"
              ],
              "skipped": [],
              "duration": 5,
              "root": false,
              "rootEmpty": false,
              "_timeout": 2000
            },
            {
              "uuid": "85e2a2f1-4659-414f-9c59-2803f141bc5d",
              "title": "addListener() / removeAllListeners()",
              "fullFile": "/home/runner/work/node-pyatv/node-pyatv/test/device-events.ts",
              "file": "/test/device-events.ts",
              "beforeHooks": [],
              "afterHooks": [],
              "tests": [
                {
                  "title": "should work without any exceptions",
                  "fullTitle": "NodePyATVDeviceEvents addListener() / removeAllListeners() should work without any exceptions",
                  "timedOut": false,
                  "duration": 0,
                  "state": "passed",
                  "speed": "fast",
                  "pass": true,
                  "fail": false,
                  "pending": false,
                  "context": null,
                  "code": "const device=new NodePyATVDevice({name:\"My Testdevice\",host:\"192.168.178.2\",spawn:createFakeSpawn(cp=>{cp.onStdIn(()=>cp.end());cp.stdout({result:\"success\",title:\"My Movie\"})})});const listener=__name(()=>{},\"listener\");device.addListener(\"update\",listener);device.removeAllListeners(\"update\")",
                  "err": {},
                  "uuid": "f398cac7-c213-4c15-8de9-635226f54da1",
                  "parentUUID": "85e2a2f1-4659-414f-9c59-2803f141bc5d",
                  "isHook": false,
                  "skipped": false
                }
              ],
              "suites": [],
              "passes": [
                "f398cac7-c213-4c15-8de9-635226f54da1"
              ],
              "failures": [],
              "pending": [],
              "skipped": [],
              "duration": 0,
              "root": false,
              "rootEmpty": false,
              "_timeout": 2000
            },
            {
              "uuid": "e60ed5dc-53b4-4cab-8316-d5739bd88628",
              "title": "emit()",
              "fullFile": "/home/runner/work/node-pyatv/node-pyatv/test/device-events.ts",
              "file": "/test/device-events.ts",
              "beforeHooks": [],
              "afterHooks": [],
              "tests": [
                {
                  "title": "should work",
                  "fullTitle": "NodePyATVDeviceEvents emit() should work",
                  "timedOut": false,
                  "duration": 0,
                  "state": "passed",
                  "speed": "fast",
                  "pass": true,
                  "fail": false,
                  "pending": false,
                  "context": null,
                  "code": "const device=new NodePyATVDevice({name:\"My Testdevice\",host:\"192.168.178.2\",spawn:createFakeSpawn(cp=>{cp.onStdIn(()=>cp.end())})});const event=new NodePyATVDeviceEvent({key:\"dateTime\",old:\"foo\",new:\"bar\",device});let executions=0;device.once(\"test\",e=>{executions++;assert.strictEqual(e,event);assert.strictEqual(executions,1);done()});device.emit(\"test\",event)",
                  "err": {},
                  "uuid": "844316ca-9041-4d5e-bf2a-999d57acf56e",
                  "parentUUID": "e60ed5dc-53b4-4cab-8316-d5739bd88628",
                  "isHook": false,
                  "skipped": false
                }
              ],
              "suites": [],
              "passes": [
                "844316ca-9041-4d5e-bf2a-999d57acf56e"
              ],
              "failures": [],
              "pending": [],
              "skipped": [],
              "duration": 0,
              "root": false,
              "rootEmpty": false,
              "_timeout": 2000
            },
            {
              "uuid": "36d2612d-6a71-4e23-bd46-625f4749f65f",
              "title": "eventNames()",
              "fullFile": "/home/runner/work/node-pyatv/node-pyatv/test/device-events.ts",
              "file": "/test/device-events.ts",
              "beforeHooks": [],
              "afterHooks": [],
              "tests": [
                {
                  "title": "should work",
                  "fullTitle": "NodePyATVDeviceEvents eventNames() should work",
                  "timedOut": false,
                  "duration": 1,
                  "state": "passed",
                  "speed": "fast",
                  "pass": true,
                  "fail": false,
                  "pending": false,
                  "context": null,
                  "code": "const device=new NodePyATVDevice({name:\"My Testdevice\",host:\"192.168.178.2\",spawn:createFakeSpawn(cp=>{cp.onStdIn(()=>cp.end())})});const listener=__name(()=>{},\"listener\");device.on(\"test\",listener);assert.deepStrictEqual(device.eventNames(),[\"test\"]);device.off(\"test\",listener)",
                  "err": {},
                  "uuid": "5ddbb0b1-cb2e-471b-83fc-11c9f78cf785",
                  "parentUUID": "36d2612d-6a71-4e23-bd46-625f4749f65f",
                  "isHook": false,
                  "skipped": false
                }
              ],
              "suites": [],
              "passes": [
                "5ddbb0b1-cb2e-471b-83fc-11c9f78cf785"
              ],
              "failures": [],
              "pending": [],
              "skipped": [],
              "duration": 1,
              "root": false,
              "rootEmpty": false,
              "_timeout": 2000
            },
            {
              "uuid": "9d6cfbb4-d931-4da3-b14c-39c5025ad2b7",
              "title": "getMaxListeners()",
              "fullFile": "/home/runner/work/node-pyatv/node-pyatv/test/device-events.ts",
              "file": "/test/device-events.ts",
              "beforeHooks": [],
              "afterHooks": [],
              "tests": [
                {
                  "title": "should work",
                  "fullTitle": "NodePyATVDeviceEvents getMaxListeners() should work",
                  "timedOut": false,
                  "duration": 0,
                  "state": "passed",
                  "speed": "fast",
                  "pass": true,
                  "fail": false,
                  "pending": false,
                  "context": null,
                  "code": "const device=new NodePyATVDevice({name:\"My Testdevice\",host:\"192.168.178.2\",spawn:createFakeSpawn(cp=>{cp.onStdIn(()=>cp.end())})});const result=device.getMaxListeners();assert.ok(typeof result,\"number\");assert.ok(result>=10)",
                  "err": {},
                  "uuid": "857ee206-ccbe-430a-b190-96bd7b1d54cf",
                  "parentUUID": "9d6cfbb4-d931-4da3-b14c-39c5025ad2b7",
                  "isHook": false,
                  "skipped": false
                }
              ],
              "suites": [],
              "passes": [
                "857ee206-ccbe-430a-b190-96bd7b1d54cf"
              ],
              "failures": [],
              "pending": [],
              "skipped": [],
              "duration": 0,
              "root": false,
              "rootEmpty": false,
              "_timeout": 2000
            },
            {
              "uuid": "72179655-cead-4ce5-8a79-07a6b586c644",
              "title": "listenerCount()",
              "fullFile": "/home/runner/work/node-pyatv/node-pyatv/test/device-events.ts",
              "file": "/test/device-events.ts",
              "beforeHooks": [],
              "afterHooks": [],
              "tests": [
                {
                  "title": "should work",
                  "fullTitle": "NodePyATVDeviceEvents listenerCount() should work",
                  "timedOut": false,
                  "duration": 0,
                  "state": "passed",
                  "speed": "fast",
                  "pass": true,
                  "fail": false,
                  "pending": false,
                  "context": null,
                  "code": "const device=new NodePyATVDevice({name:\"My Testdevice\",host:\"192.168.178.2\",spawn:createFakeSpawn(cp=>{cp.onStdIn(()=>cp.end())})});const listener=__name(()=>{},\"listener\");assert.deepStrictEqual(device.listenerCount(\"test\"),0);device.on(\"test\",listener);assert.deepStrictEqual(device.listenerCount(\"test\"),1);device.off(\"test\",listener)",
                  "err": {},
                  "uuid": "5e77de64-dbe1-4b8d-ab6f-0f27b00e53ce",
                  "parentUUID": "72179655-cead-4ce5-8a79-07a6b586c644",
                  "isHook": false,
                  "skipped": false
                }
              ],
              "suites": [],
              "passes": [
                "5e77de64-dbe1-4b8d-ab6f-0f27b00e53ce"
              ],
              "failures": [],
              "pending": [],
              "skipped": [],
              "duration": 0,
              "root": false,
              "rootEmpty": false,
              "_timeout": 2000
            },
            {
              "uuid": "ee053cf6-d958-4940-bf31-47294308aa66",
              "title": "listeners()",
              "fullFile": "/home/runner/work/node-pyatv/node-pyatv/test/device-events.ts",
              "file": "/test/device-events.ts",
              "beforeHooks": [],
              "afterHooks": [],
              "tests": [
                {
                  "title": "should work",
                  "fullTitle": "NodePyATVDeviceEvents listeners() should work",
                  "timedOut": false,
                  "duration": 0,
                  "state": "passed",
                  "speed": "fast",
                  "pass": true,
                  "fail": false,
                  "pending": false,
                  "context": null,
                  "code": "const device=new NodePyATVDevice({name:\"My Testdevice\",host:\"192.168.178.2\",spawn:createFakeSpawn(cp=>{cp.onStdIn(()=>cp.end())})});const listener=__name(()=>{},\"listener\");assert.deepStrictEqual(device.listeners(\"test\").length,0);device.on(\"test\",listener);assert.deepStrictEqual(device.listeners(\"test\").length,1);assert.deepStrictEqual(device.listeners(\"test\")[0],listener);device.off(\"test\",listener)",
                  "err": {},
                  "uuid": "f7b014c8-96d3-46eb-b500-87ceaad92723",
                  "parentUUID": "ee053cf6-d958-4940-bf31-47294308aa66",
                  "isHook": false,
                  "skipped": false
                }
              ],
              "suites": [],
              "passes": [
                "f7b014c8-96d3-46eb-b500-87ceaad92723"
              ],
              "failures": [],
              "pending": [],
              "skipped": [],
              "duration": 0,
              "root": false,
              "rootEmpty": false,
              "_timeout": 2000
            },
            {
              "uuid": "621f44cb-6d48-4d89-b0ec-1b31f9a9d032",
              "title": "prependListener()",
              "fullFile": "/home/runner/work/node-pyatv/node-pyatv/test/device-events.ts",
              "file": "/test/device-events.ts",
              "beforeHooks": [],
              "afterHooks": [],
              "tests": [
                {
                  "title": "should work",
                  "fullTitle": "NodePyATVDeviceEvents prependListener() should work",
                  "timedOut": false,
                  "duration": 2,
                  "state": "passed",
                  "speed": "fast",
                  "pass": true,
                  "fail": false,
                  "pending": false,
                  "context": null,
                  "code": "const device=new NodePyATVDevice({name:\"My Testdevice\",host:\"192.168.178.2\",spawn:createFakeSpawn(cp=>{cp.onStdIn(()=>cp.end());cp.stdout({result:\"success\",title:\"My Movie\"})})});const listener=__name(()=>{device.removeAllListeners(\"update\");done()},\"listener\");device.prependListener(\"update\",listener)",
                  "err": {},
                  "uuid": "44d59dfa-0848-4452-a99b-c678731fa1dc",
                  "parentUUID": "621f44cb-6d48-4d89-b0ec-1b31f9a9d032",
                  "isHook": false,
                  "skipped": false
                }
              ],
              "suites": [],
              "passes": [
                "44d59dfa-0848-4452-a99b-c678731fa1dc"
              ],
              "failures": [],
              "pending": [],
              "skipped": [],
              "duration": 2,
              "root": false,
              "rootEmpty": false,
              "_timeout": 2000
            },
            {
              "uuid": "682111b1-41d1-4a4e-8aac-5fae6aa8af53",
              "title": "prependOnceListener()",
              "fullFile": "/home/runner/work/node-pyatv/node-pyatv/test/device-events.ts",
              "file": "/test/device-events.ts",
              "beforeHooks": [],
              "afterHooks": [],
              "tests": [
                {
                  "title": "should work",
                  "fullTitle": "NodePyATVDeviceEvents prependOnceListener() should work",
                  "timedOut": false,
                  "duration": 2,
                  "state": "passed",
                  "speed": "fast",
                  "pass": true,
                  "fail": false,
                  "pending": false,
                  "context": null,
                  "code": "const device=new NodePyATVDevice({name:\"My Testdevice\",host:\"192.168.178.2\",spawn:createFakeSpawn(cp=>{cp.onStdIn(()=>cp.end());cp.stdout({result:\"success\",title:\"My Movie\"})})});device.prependOnceListener(\"update\",()=>done())",
                  "err": {},
                  "uuid": "00208458-b797-45c6-a1f4-db5d1b203c0f",
                  "parentUUID": "682111b1-41d1-4a4e-8aac-5fae6aa8af53",
                  "isHook": false,
                  "skipped": false
                }
              ],
              "suites": [],
              "passes": [
                "00208458-b797-45c6-a1f4-db5d1b203c0f"
              ],
              "failures": [],
              "pending": [],
              "skipped": [],
              "duration": 2,
              "root": false,
              "rootEmpty": false,
              "_timeout": 2000
            },
            {
              "uuid": "95976f71-38af-4575-802c-97ad27574a07",
              "title": "rawListeners()",
              "fullFile": "/home/runner/work/node-pyatv/node-pyatv/test/device-events.ts",
              "file": "/test/device-events.ts",
              "beforeHooks": [],
              "afterHooks": [],
              "tests": [
                {
                  "title": "should work",
                  "fullTitle": "NodePyATVDeviceEvents rawListeners() should work",
                  "timedOut": false,
                  "duration": 0,
                  "state": "passed",
                  "speed": "fast",
                  "pass": true,
                  "fail": false,
                  "pending": false,
                  "context": null,
                  "code": "const device=new NodePyATVDevice({name:\"My Testdevice\",host:\"192.168.178.2\",spawn:createFakeSpawn(cp=>{cp.onStdIn(()=>cp.end())})});const listener=__name(()=>{},\"listener\");assert.deepStrictEqual(device.rawListeners(\"test\").length,0);device.on(\"test\",listener);assert.deepStrictEqual(device.rawListeners(\"test\").length,1);assert.deepStrictEqual(device.rawListeners(\"test\")[0],listener);device.off(\"test\",listener)",
                  "err": {},
                  "uuid": "853c2a2b-ca81-4f0c-9c0d-47aac9f161c1",
                  "parentUUID": "95976f71-38af-4575-802c-97ad27574a07",
                  "isHook": false,
                  "skipped": false
                }
              ],
              "suites": [],
              "passes": [
                "853c2a2b-ca81-4f0c-9c0d-47aac9f161c1"
              ],
              "failures": [],
              "pending": [],
              "skipped": [],
              "duration": 0,
              "root": false,
              "rootEmpty": false,
              "_timeout": 2000
            },
            {
              "uuid": "887007d0-ade7-4ccc-a892-29143ebf01ad",
              "title": "removeListener()",
              "fullFile": "/home/runner/work/node-pyatv/node-pyatv/test/device-events.ts",
              "file": "/test/device-events.ts",
              "beforeHooks": [],
              "afterHooks": [],
              "tests": [
                {
                  "title": "should work without any exceptions",
                  "fullTitle": "NodePyATVDeviceEvents removeListener() should work without any exceptions",
                  "timedOut": false,
                  "duration": 0,
                  "state": "passed",
                  "speed": "fast",
                  "pass": true,
                  "fail": false,
                  "pending": false,
                  "context": null,
                  "code": "const device=new NodePyATVDevice({name:\"My Testdevice\",host:\"192.168.178.2\",spawn:createFakeSpawn(cp=>{cp.onStdIn(()=>cp.end());cp.stdout({result:\"success\",title:\"My Movie\"})})});const listener=__name(()=>{},\"listener\");device.addListener(\"update\",listener);assert.deepStrictEqual(device.listenerCount(\"update\"),1);device.removeListener(\"update\",listener);assert.deepStrictEqual(device.listenerCount(\"update\"),0)",
                  "err": {},
                  "uuid": "98e4d981-0a85-4d90-8071-a590d154b8eb",
                  "parentUUID": "887007d0-ade7-4ccc-a892-29143ebf01ad",
                  "isHook": false,
                  "skipped": false
                }
              ],
              "suites": [],
              "passes": [
                "98e4d981-0a85-4d90-8071-a590d154b8eb"
              ],
              "failures": [],
              "pending": [],
              "skipped": [],
              "duration": 0,
              "root": false,
              "rootEmpty": false,
              "_timeout": 2000
            }
          ],
          "passes": [],
          "failures": [],
          "pending": [],
          "skipped": [],
          "duration": 0,
          "root": false,
          "rootEmpty": false,
          "_timeout": 2000
        },
        {
          "uuid": "e3c2e6de-f354-425a-b082-2cfc18ea118f",
          "title": "NodePyATVDevice",
          "fullFile": "/home/runner/work/node-pyatv/node-pyatv/test/device.ts",
          "file": "/test/device.ts",
          "beforeHooks": [],
          "afterHooks": [],
          "tests": [],
          "suites": [
            {
              "uuid": "fd2c7a2c-8d05-4521-8c93-b343dcac43b3",
              "title": "get name()",
              "fullFile": "/home/runner/work/node-pyatv/node-pyatv/test/device.ts",
              "file": "/test/device.ts",
              "beforeHooks": [],
              "afterHooks": [],
              "tests": [
                {
                  "title": "should return the name",
                  "fullTitle": "NodePyATVDevice get name() should return the name",
                  "timedOut": false,
                  "duration": 0,
                  "state": "passed",
                  "speed": "fast",
                  "pass": true,
                  "fail": false,
                  "pending": false,
                  "context": null,
                  "code": "const device=new NodePyATVDevice({name:\"My Testdevice\",host:\"192.168.178.2\"});assert.strictEqual(device.name,\"My Testdevice\")",
                  "err": {},
                  "uuid": "f8061fd7-7884-436a-874d-bcce23f8e786",
                  "parentUUID": "fd2c7a2c-8d05-4521-8c93-b343dcac43b3",
                  "isHook": false,
                  "skipped": false
                }
              ],
              "suites": [],
              "passes": [
                "f8061fd7-7884-436a-874d-bcce23f8e786"
              ],
              "failures": [],
              "pending": [],
              "skipped": [],
              "duration": 0,
              "root": false,
              "rootEmpty": false,
              "_timeout": 2000
            },
            {
              "uuid": "fdde47ae-7020-4232-88ad-0d3c5b132801",
              "title": "get host()",
              "fullFile": "/home/runner/work/node-pyatv/node-pyatv/test/device.ts",
              "file": "/test/device.ts",
              "beforeHooks": [],
              "afterHooks": [],
              "tests": [
                {
                  "title": "should return the host",
                  "fullTitle": "NodePyATVDevice get host() should return the host",
                  "timedOut": false,
                  "duration": 0,
                  "state": "passed",
                  "speed": "fast",
                  "pass": true,
                  "fail": false,
                  "pending": false,
                  "context": null,
                  "code": "const device=new NodePyATVDevice({name:\"My Testdevice\",host:\"192.168.178.2\"});assert.strictEqual(device.host,\"192.168.178.2\")",
                  "err": {},
                  "uuid": "4c9c19ba-f6ce-4a29-9ab1-3d98ccd8767f",
                  "parentUUID": "fdde47ae-7020-4232-88ad-0d3c5b132801",
                  "isHook": false,
                  "skipped": false
                }
              ],
              "suites": [],
              "passes": [
                "4c9c19ba-f6ce-4a29-9ab1-3d98ccd8767f"
              ],
              "failures": [],
              "pending": [],
              "skipped": [],
              "duration": 0,
              "root": false,
              "rootEmpty": false,
              "_timeout": 2000
            },
            {
              "uuid": "84b04b12-d590-47be-85fd-e3deb9c77624",
              "title": "get id()",
              "fullFile": "/home/runner/work/node-pyatv/node-pyatv/test/device.ts",
              "file": "/test/device.ts",
              "beforeHooks": [],
              "afterHooks": [],
              "tests": [
                {
                  "title": "should return the id",
                  "fullTitle": "NodePyATVDevice get id() should return the id",
                  "timedOut": false,
                  "duration": 0,
                  "state": "passed",
                  "speed": "fast",
                  "pass": true,
                  "fail": false,
                  "pending": false,
                  "context": null,
                  "code": "const device=new NodePyATVDevice({name:\"My Testdevice\",host:\"192.168.178.2\",id:\"*****\"});assert.strictEqual(device.id,\"*****\")",
                  "err": {},
                  "uuid": "7a3fa8ed-1869-48e5-876b-2ff24b3f2977",
                  "parentUUID": "84b04b12-d590-47be-85fd-e3deb9c77624",
                  "isHook": false,
                  "skipped": false
                }
              ],
              "suites": [],
              "passes": [
                "7a3fa8ed-1869-48e5-876b-2ff24b3f2977"
              ],
              "failures": [],
              "pending": [],
              "skipped": [],
              "duration": 0,
              "root": false,
              "rootEmpty": false,
              "_timeout": 2000
            },
            {
              "uuid": "40e1310b-3ac4-4d3b-97b3-6866549427f5",
              "title": "get allIDs()",
              "fullFile": "/home/runner/work/node-pyatv/node-pyatv/test/device.ts",
              "file": "/test/device.ts",
              "beforeHooks": [],
              "afterHooks": [],
              "tests": [
                {
                  "title": "should return all the IDs",
                  "fullTitle": "NodePyATVDevice get allIDs() should return all the IDs",
                  "timedOut": false,
                  "duration": 0,
                  "state": "passed",
                  "speed": "fast",
                  "pass": true,
                  "fail": false,
                  "pending": false,
                  "context": null,
                  "code": "const device=new NodePyATVDevice({name:\"My Testdevice\",host:\"192.168.178.2\",id:\"*****\",allIDs:[\"some_id_1\",\"some_id_2\",\"some_id_3\"]});assert.deepStrictEqual(device.allIDs,[\"some_id_1\",\"some_id_2\",\"some_id_3\"])",
                  "err": {},
                  "uuid": "52505bcc-b2f4-444a-8ca6-903dc34f66a9",
                  "parentUUID": "40e1310b-3ac4-4d3b-97b3-6866549427f5",
                  "isHook": false,
                  "skipped": false
                }
              ],
              "suites": [],
              "passes": [
                "52505bcc-b2f4-444a-8ca6-903dc34f66a9"
              ],
              "failures": [],
              "pending": [],
              "skipped": [],
              "duration": 0,
              "root": false,
              "rootEmpty": false,
              "_timeout": 2000
            },
            {
              "uuid": "740cc597-e960-4b8a-914b-9f8062046cae",
              "title": "get protocol()",
              "fullFile": "/home/runner/work/node-pyatv/node-pyatv/test/device.ts",
              "file": "/test/device.ts",
              "beforeHooks": [],
              "afterHooks": [],
              "tests": [
                {
                  "title": "should return the protocol",
                  "fullTitle": "NodePyATVDevice get protocol() should return the protocol",
                  "timedOut": false,
                  "duration": 1,
                  "state": "passed",
                  "speed": "fast",
                  "pass": true,
                  "fail": false,
                  "pending": false,
                  "context": null,
                  "code": "const device=new NodePyATVDevice({name:\"My Testdevice\",host:\"192.168.178.2\",protocol:NodePyATVProtocol.airplay});assert.strictEqual(device.protocol,NodePyATVProtocol.airplay)",
                  "err": {},
                  "uuid": "21f61f54-b023-4032-9248-680250849b29",
                  "parentUUID": "740cc597-e960-4b8a-914b-9f8062046cae",
                  "isHook": false,
                  "skipped": false
                }
              ],
              "suites": [],
              "passes": [
                "21f61f54-b023-4032-9248-680250849b29"
              ],
              "failures": [],
              "pending": [],
              "skipped": [],
              "duration": 1,
              "root": false,
              "rootEmpty": false,
              "_timeout": 2000
            },
            {
              "uuid": "37b98d37-ecb4-4415-b75a-d7de6201e271",
              "title": "get mac()",
              "fullFile": "/home/runner/work/node-pyatv/node-pyatv/test/device.ts",
              "file": "/test/device.ts",
              "beforeHooks": [],
              "afterHooks": [],
              "tests": [
                {
                  "title": "should return the mac",
                  "fullTitle": "NodePyATVDevice get mac() should return the mac",
                  "timedOut": false,
                  "duration": 0,
                  "state": "passed",
                  "speed": "fast",
                  "pass": true,
                  "fail": false,
                  "pending": false,
                  "context": null,
                  "code": "const device=new NodePyATVDevice({name:\"My Testdevice\",host:\"192.168.178.2\",mac:\"AA:BB:CC:DD:EE:FF\"});assert.strictEqual(device.mac,\"AA:BB:CC:DD:EE:FF\")",
                  "err": {},
                  "uuid": "90a27e1c-5cc0-4378-aa8c-bbe0ab92e5dd",
                  "parentUUID": "37b98d37-ecb4-4415-b75a-d7de6201e271",
                  "isHook": false,
                  "skipped": false
                }
              ],
              "suites": [],
              "passes": [
                "90a27e1c-5cc0-4378-aa8c-bbe0ab92e5dd"
              ],
              "failures": [],
              "pending": [],
              "skipped": [],
              "duration": 0,
              "root": false,
              "rootEmpty": false,
              "_timeout": 2000
            },
            {
              "uuid": "a0c7b38d-ec90-4ec2-b9d0-55d9dacb88b0",
              "title": "get model()",
              "fullFile": "/home/runner/work/node-pyatv/node-pyatv/test/device.ts",
              "file": "/test/device.ts",
              "beforeHooks": [],
              "afterHooks": [],
              "tests": [
                {
                  "title": "should return the model if set by scan",
                  "fullTitle": "NodePyATVDevice get model() should return the model if set by scan",
                  "timedOut": false,
                  "duration": 0,
                  "state": "passed",
                  "speed": "fast",
                  "pass": true,
                  "fail": false,
                  "pending": false,
                  "context": null,
                  "code": "const device=new NodePyATVDevice({name:\"Vardagsrum\",host:\"10.0.10.81\",id:\"xxx\",model:\"Gen4K\"});assert.strictEqual(device.model,\"Gen4K\")",
                  "err": {},
                  "uuid": "d1a12775-a89a-4882-ac76-61aaae258931",
                  "parentUUID": "a0c7b38d-ec90-4ec2-b9d0-55d9dacb88b0",
                  "isHook": false,
                  "skipped": false
                },
                {
                  "title": "should return undefined otherwise",
                  "fullTitle": "NodePyATVDevice get model() should return undefined otherwise",
                  "timedOut": false,
                  "duration": 1,
                  "state": "passed",
                  "speed": "fast",
                  "pass": true,
                  "fail": false,
                  "pending": false,
                  "context": null,
                  "code": "const device=new NodePyATVDevice({name:\"Vardagsrum\",host:\"10.0.10.81\"});assert.strictEqual(device.model,void 0)",
                  "err": {},
                  "uuid": "02307f1f-8a22-4b28-a78f-14939479547a",
                  "parentUUID": "a0c7b38d-ec90-4ec2-b9d0-55d9dacb88b0",
                  "isHook": false,
                  "skipped": false
                }
              ],
              "suites": [],
              "passes": [
                "d1a12775-a89a-4882-ac76-61aaae258931",
                "02307f1f-8a22-4b28-a78f-14939479547a"
              ],
              "failures": [],
              "pending": [],
              "skipped": [],
              "duration": 1,
              "root": false,
              "rootEmpty": false,
              "_timeout": 2000
            },
            {
              "uuid": "d37ef34e-c8c5-4c72-a585-0dd3bfa76468",
              "title": "get modelName()",
              "fullFile": "/home/runner/work/node-pyatv/node-pyatv/test/device.ts",
              "file": "/test/device.ts",
              "beforeHooks": [],
              "afterHooks": [],
              "tests": [
                {
                  "title": "should return the model name if set by scan",
                  "fullTitle": "NodePyATVDevice get modelName() should return the model name if set by scan",
                  "timedOut": false,
                  "duration": 0,
                  "state": "passed",
                  "speed": "fast",
                  "pass": true,
                  "fail": false,
                  "pending": false,
                  "context": null,
                  "code": "const device=new NodePyATVDevice({name:\"Vardagsrum\",host:\"10.0.10.81\",id:\"xxx\",modelName:\"Apple TV 4K\"});assert.strictEqual(device.modelName,\"Apple TV 4K\")",
                  "err": {},
                  "uuid": "bee67d72-e391-4a30-9652-1bf5244b96f1",
                  "parentUUID": "d37ef34e-c8c5-4c72-a585-0dd3bfa76468",
                  "isHook": false,
                  "skipped": false
                },
                {
                  "title": "should return undefined otherwise",
                  "fullTitle": "NodePyATVDevice get modelName() should return undefined otherwise",
                  "timedOut": false,
                  "duration": 0,
                  "state": "passed",
                  "speed": "fast",
                  "pass": true,
                  "fail": false,
                  "pending": false,
                  "context": null,
                  "code": "const device=new NodePyATVDevice({name:\"Vardagsrum\",host:\"10.0.10.81\"});assert.strictEqual(device.modelName,void 0)",
                  "err": {},
                  "uuid": "e5ea789c-8bf1-4f10-93a0-aa632ce7a79b",
                  "parentUUID": "d37ef34e-c8c5-4c72-a585-0dd3bfa76468",
                  "isHook": false,
                  "skipped": false
                }
              ],
              "suites": [],
              "passes": [
                "bee67d72-e391-4a30-9652-1bf5244b96f1",
                "e5ea789c-8bf1-4f10-93a0-aa632ce7a79b"
              ],
              "failures": [],
              "pending": [],
              "skipped": [],
              "duration": 0,
              "root": false,
              "rootEmpty": false,
              "_timeout": 2000
            },
            {
              "uuid": "7b2e4e35-9db0-408e-9af9-21f62b818881",
              "title": "get os()",
              "fullFile": "/home/runner/work/node-pyatv/node-pyatv/test/device.ts",
              "file": "/test/device.ts",
              "beforeHooks": [],
              "afterHooks": [],
              "tests": [
                {
                  "title": "should return the operating system if set by scan",
                  "fullTitle": "NodePyATVDevice get os() should return the operating system if set by scan",
                  "timedOut": false,
                  "duration": 0,
                  "state": "passed",
                  "speed": "fast",
                  "pass": true,
                  "fail": false,
                  "pending": false,
                  "context": null,
                  "code": "const device=new NodePyATVDevice({name:\"Vardagsrum\",host:\"10.0.10.81\",id:\"xxx\",os:\"TvOS\"});assert.strictEqual(device.os,\"TvOS\")",
                  "err": {},
                  "uuid": "8500b838-4a2e-4b65-b930-99184c6968a1",
                  "parentUUID": "7b2e4e35-9db0-408e-9af9-21f62b818881",
                  "isHook": false,
                  "skipped": false
                },
                {
                  "title": "should return undefined otherwise",
                  "fullTitle": "NodePyATVDevice get os() should return undefined otherwise",
                  "timedOut": false,
                  "duration": 1,
                  "state": "passed",
                  "speed": "fast",
                  "pass": true,
                  "fail": false,
                  "pending": false,
                  "context": null,
                  "code": "const device=new NodePyATVDevice({name:\"Vardagsrum\",host:\"10.0.10.81\"});assert.strictEqual(device.os,void 0)",
                  "err": {},
                  "uuid": "2eaf2e77-4e12-4461-8b13-40b4d4d8d0ae",
                  "parentUUID": "7b2e4e35-9db0-408e-9af9-21f62b818881",
                  "isHook": false,
                  "skipped": false
                }
              ],
              "suites": [],
              "passes": [
                "8500b838-4a2e-4b65-b930-99184c6968a1",
                "2eaf2e77-4e12-4461-8b13-40b4d4d8d0ae"
              ],
              "failures": [],
              "pending": [],
              "skipped": [],
              "duration": 1,
              "root": false,
              "rootEmpty": false,
              "_timeout": 2000
            },
            {
              "uuid": "a1b740dc-fae7-4d89-80e7-8e2d8cd84737",
              "title": "get version()",
              "fullFile": "/home/runner/work/node-pyatv/node-pyatv/test/device.ts",
              "file": "/test/device.ts",
              "beforeHooks": [],
              "afterHooks": [],
              "tests": [
                {
                  "title": "should return the version if set by scan",
                  "fullTitle": "NodePyATVDevice get version() should return the version if set by scan",
                  "timedOut": false,
                  "duration": 0,
                  "state": "passed",
                  "speed": "fast",
                  "pass": true,
                  "fail": false,
                  "pending": false,
                  "context": null,
                  "code": "const device=new NodePyATVDevice({name:\"Vardagsrum\",host:\"10.0.10.81\",id:\"xxx\",version:\"15.5.1\"});assert.strictEqual(device.version,\"15.5.1\")",
                  "err": {},
                  "uuid": "f770ac87-b4ae-473c-bc8a-06a9a3ef8669",
                  "parentUUID": "a1b740dc-fae7-4d89-80e7-8e2d8cd84737",
                  "isHook": false,
                  "skipped": false
                },
                {
                  "title": "should return undefined otherwise",
                  "fullTitle": "NodePyATVDevice get version() should return undefined otherwise",
                  "timedOut": false,
                  "duration": 0,
                  "state": "passed",
                  "speed": "fast",
                  "pass": true,
                  "fail": false,
                  "pending": false,
                  "context": null,
                  "code": "const device=new NodePyATVDevice({name:\"Vardagsrum\",host:\"10.0.10.81\"});assert.strictEqual(device.version,void 0)",
                  "err": {},
                  "uuid": "abcce43a-2aba-4a7b-82d0-0733a44edead",
                  "parentUUID": "a1b740dc-fae7-4d89-80e7-8e2d8cd84737",
                  "isHook": false,
                  "skipped": false
                }
              ],
              "suites": [],
              "passes": [
                "f770ac87-b4ae-473c-bc8a-06a9a3ef8669",
                "abcce43a-2aba-4a7b-82d0-0733a44edead"
              ],
              "failures": [],
              "pending": [],
              "skipped": [],
              "duration": 0,
              "root": false,
              "rootEmpty": false,
              "_timeout": 2000
            },
            {
              "uuid": "42b8e5ec-6bcd-489a-9fcf-65dbf46752a5",
              "title": "get services()",
              "fullFile": "/home/runner/work/node-pyatv/node-pyatv/test/device.ts",
              "file": "/test/device.ts",
              "beforeHooks": [],
              "afterHooks": [],
              "tests": [
                {
                  "title": "should return the services if set by scan",
                  "fullTitle": "NodePyATVDevice get services() should return the services if set by scan",
                  "timedOut": false,
                  "duration": 0,
                  "state": "passed",
                  "speed": "fast",
                  "pass": true,
                  "fail": false,
                  "pending": false,
                  "context": null,
                  "code": "const device=new NodePyATVDevice({name:\"Vardagsrum\",host:\"10.0.10.81\",id:\"xxx\",services:[{protocol:NodePyATVProtocol.mrp,port:49152},{protocol:NodePyATVProtocol.airplay,port:7e3}]});assert.deepStrictEqual(device.services,[{protocol:\"mrp\",port:49152},{protocol:\"airplay\",port:7e3}])",
                  "err": {},
                  "uuid": "56a48a96-f296-4381-a82b-12e137e71a44",
                  "parentUUID": "42b8e5ec-6bcd-489a-9fcf-65dbf46752a5",
                  "isHook": false,
                  "skipped": false
                },
                {
                  "title": "should return undefined otherwise",
                  "fullTitle": "NodePyATVDevice get services() should return undefined otherwise",
                  "timedOut": false,
                  "duration": 0,
                  "state": "passed",
                  "speed": "fast",
                  "pass": true,
                  "fail": false,
                  "pending": false,
                  "context": null,
                  "code": "const device=new NodePyATVDevice({name:\"Vardagsrum\",host:\"10.0.10.81\"});assert.strictEqual(device.services,void 0)",
                  "err": {},
                  "uuid": "b4e6b41c-0e5e-410c-bac3-de8e1f7d8666",
                  "parentUUID": "42b8e5ec-6bcd-489a-9fcf-65dbf46752a5",
                  "isHook": false,
                  "skipped": false
                }
              ],
              "suites": [],
              "passes": [
                "56a48a96-f296-4381-a82b-12e137e71a44",
                "b4e6b41c-0e5e-410c-bac3-de8e1f7d8666"
              ],
              "failures": [],
              "pending": [],
              "skipped": [],
              "duration": 0,
              "root": false,
              "rootEmpty": false,
              "_timeout": 2000
            },
            {
              "uuid": "06edf8f0-aba9-4b8e-8455-5aa0f19e8053",
              "title": "get debug()",
              "fullFile": "/home/runner/work/node-pyatv/node-pyatv/test/device.ts",
              "file": "/test/device.ts",
              "beforeHooks": [],
              "afterHooks": [],
              "tests": [
                {
                  "title": "should return true if set to true",
                  "fullTitle": "NodePyATVDevice get debug() should return true if set to true",
                  "timedOut": false,
                  "duration": 0,
                  "state": "passed",
                  "speed": "fast",
                  "pass": true,
                  "fail": false,
                  "pending": false,
                  "context": null,
                  "code": "const device=new NodePyATVDevice({name:\"My Testdevice\",host:\"192.168.178.2\",debug:true});assert.strictEqual(device.debug,true)",
                  "err": {},
                  "uuid": "2879549c-02b0-4fae-8005-eac466a301c3",
                  "parentUUID": "06edf8f0-aba9-4b8e-8455-5aa0f19e8053",
                  "isHook": false,
                  "skipped": false
                },
                {
                  "title": "should return fn if set to custom function",
                  "fullTitle": "NodePyATVDevice get debug() should return fn if set to custom function",
                  "timedOut": false,
                  "duration": 0,
                  "state": "passed",
                  "speed": "fast",
                  "pass": true,
                  "fail": false,
                  "pending": false,
                  "context": null,
                  "code": "const fn=__name(()=>{},\"fn\");const device=new NodePyATVDevice({name:\"My Testdevice\",host:\"192.168.178.2\",debug:fn});assert.strictEqual(device.debug,fn)",
                  "err": {},
                  "uuid": "7ee85d96-ddca-4ead-81a5-8087788ecd92",
                  "parentUUID": "06edf8f0-aba9-4b8e-8455-5aa0f19e8053",
                  "isHook": false,
                  "skipped": false
                },
                {
                  "title": "should return false if unset",
                  "fullTitle": "NodePyATVDevice get debug() should return false if unset",
                  "timedOut": false,
                  "duration": 0,
                  "state": "passed",
                  "speed": "fast",
                  "pass": true,
                  "fail": false,
                  "pending": false,
                  "context": null,
                  "code": "const device=new NodePyATVDevice({name:\"My Testdevice\",host:\"192.168.178.2\"});assert.strictEqual(device.debug,void 0)",
                  "err": {},
                  "uuid": "259fce05-fe34-4251-af12-e4fed7837086",
                  "parentUUID": "06edf8f0-aba9-4b8e-8455-5aa0f19e8053",
                  "isHook": false,
                  "skipped": false
                }
              ],
              "suites": [],
              "passes": [
                "2879549c-02b0-4fae-8005-eac466a301c3",
                "7ee85d96-ddca-4ead-81a5-8087788ecd92",
                "259fce05-fe34-4251-af12-e4fed7837086"
              ],
              "failures": [],
              "pending": [],
              "skipped": [],
              "duration": 0,
              "root": false,
              "rootEmpty": false,
              "_timeout": 2000
            },
            {
              "uuid": "f4f6e766-bd7d-45fb-ab08-fa49da3dc527",
              "title": "set debug()",
              "fullFile": "/home/runner/work/node-pyatv/node-pyatv/test/device.ts",
              "file": "/test/device.ts",
              "beforeHooks": [],
              "afterHooks": [],
              "tests": [
                {
                  "title": "should work for debug = true",
                  "fullTitle": "NodePyATVDevice set debug() should work for debug = true",
                  "timedOut": false,
                  "duration": 0,
                  "state": "passed",
                  "speed": "fast",
                  "pass": true,
                  "fail": false,
                  "pending": false,
                  "context": null,
                  "code": "const device=new NodePyATVDevice({name:\"My Testdevice\",host:\"192.168.178.2\"});assert.strictEqual(device.debug,void 0);device.debug=true;assert.strictEqual(device.debug,true)",
                  "err": {},
                  "uuid": "ee4351f4-f671-4c90-aef8-6288813647e4",
                  "parentUUID": "f4f6e766-bd7d-45fb-ab08-fa49da3dc527",
                  "isHook": false,
                  "skipped": false
                },
                {
                  "title": "should work for debug = undefined",
                  "fullTitle": "NodePyATVDevice set debug() should work for debug = undefined",
                  "timedOut": false,
                  "duration": 0,
                  "state": "passed",
                  "speed": "fast",
                  "pass": true,
                  "fail": false,
                  "pending": false,
                  "context": null,
                  "code": "const device=new NodePyATVDevice({name:\"My Testdevice\",host:\"192.168.178.2\",debug:true});assert.strictEqual(device.debug,true);device.debug=void 0;assert.strictEqual(device.debug,void 0)",
                  "err": {},
                  "uuid": "9dac63fb-a028-4968-a759-147d0135069d",
                  "parentUUID": "f4f6e766-bd7d-45fb-ab08-fa49da3dc527",
                  "isHook": false,
                  "skipped": false
[...]
              "afterHooks": [],
              "tests": [
                {
                  "title": "should handle atvremotePath if set",
                  "fullTitle": "Tools getExecutable() should handle atvremotePath if set",
                  "timedOut": false,
                  "duration": 1,
                  "state": "passed",
                  "speed": "fast",
                  "pass": true,
                  "fail": false,
                  "pending": false,
                  "context": null,
                  "code": "const result=getExecutable(NodePyATVExecutableType.atvremote,{atvremotePath:\"/tmp/1\",atvscriptPath:\"/tmp/2\"});assert.strictEqual(result,\"/tmp/1\")",
                  "err": {},
                  "uuid": "f93ce5af-1332-46f6-b67e-c8392f542e88",
                  "parentUUID": "9f55d1e0-10e7-4efd-be41-f52f4254bad9",
                  "isHook": false,
                  "skipped": false
                },
                {
                  "title": "should handle atvscriptPath if set",
                  "fullTitle": "Tools getExecutable() should handle atvscriptPath if set",
                  "timedOut": false,
                  "duration": 0,
                  "state": "passed",
                  "speed": "fast",
                  "pass": true,
                  "fail": false,
                  "pending": false,
                  "context": null,
                  "code": "const result=getExecutable(NodePyATVExecutableType.atvscript,{atvremotePath:\"/tmp/1\",atvscriptPath:\"/tmp/2\"});assert.strictEqual(result,\"/tmp/2\")",
                  "err": {},
                  "uuid": "a0b42f55-c157-4fd7-9bfe-fec371b479a4",
                  "parentUUID": "9f55d1e0-10e7-4efd-be41-f52f4254bad9",
                  "isHook": false,
                  "skipped": false
                },
                {
                  "title": "should handle default for atvremote",
                  "fullTitle": "Tools getExecutable() should handle default for atvremote",
                  "timedOut": false,
                  "duration": 0,
                  "state": "passed",
                  "speed": "fast",
                  "pass": true,
                  "fail": false,
                  "pending": false,
                  "context": null,
                  "code": "const result=getExecutable(NodePyATVExecutableType.atvremote,{atvscriptPath:\"/tmp\"});assert.strictEqual(result,\"atvremote\")",
                  "err": {},
                  "uuid": "53ad6595-f3cb-4ff8-be21-0f6baecc7642",
                  "parentUUID": "9f55d1e0-10e7-4efd-be41-f52f4254bad9",
                  "isHook": false,
                  "skipped": false
                },
                {
                  "title": "should handle default for atvscript",
                  "fullTitle": "Tools getExecutable() should handle default for atvscript",
                  "timedOut": false,
                  "duration": 0,
                  "state": "passed",
                  "speed": "fast",
                  "pass": true,
                  "fail": false,
                  "pending": false,
                  "context": null,
                  "code": "const result=getExecutable(NodePyATVExecutableType.atvscript,{atvremotePath:\"/tmp\"});assert.strictEqual(result,\"atvscript\")",
                  "err": {},
                  "uuid": "592d9bc3-4984-4cda-83ce-0bbcb5920cd6",
                  "parentUUID": "9f55d1e0-10e7-4efd-be41-f52f4254bad9",
                  "isHook": false,
                  "skipped": false
                }
              ],
              "suites": [],
              "passes": [
                "f93ce5af-1332-46f6-b67e-c8392f542e88",
                "a0b42f55-c157-4fd7-9bfe-fec371b479a4",
                "53ad6595-f3cb-4ff8-be21-0f6baecc7642",
                "592d9bc3-4984-4cda-83ce-0bbcb5920cd6"
              ],
              "failures": [],
              "pending": [],
              "skipped": [],
              "duration": 1,
              "root": false,
              "rootEmpty": false,
              "_timeout": 2000
            },
            {
              "uuid": "6f1dda24-656d-4a0b-bdfd-a9c76d4363f8",
              "title": "getParameters()",
              "fullFile": "/home/runner/work/node-pyatv/node-pyatv/test/tools.ts",
              "file": "/test/tools.ts",
              "beforeHooks": [],
              "afterHooks": [],
              "tests": [
                {
                  "title": "empty case",
                  "fullTitle": "Tools getParameters() empty case",
                  "timedOut": false,
                  "duration": 0,
                  "state": "passed",
                  "speed": "fast",
                  "pass": true,
                  "fail": false,
                  "pending": false,
                  "context": null,
                  "code": "const result=await getParameters();assert.deepEqual(result,[])",
                  "err": {},
                  "uuid": "cb417471-d1e7-4f88-b167-1b3be843c403",
                  "parentUUID": "6f1dda24-656d-4a0b-bdfd-a9c76d4363f8",
                  "isHook": false,
                  "skipped": false
                },
                {
                  "title": "easy case",
                  "fullTitle": "Tools getParameters() easy case",
                  "timedOut": false,
                  "duration": 0,
                  "state": "passed",
                  "speed": "fast",
                  "pass": true,
                  "fail": false,
                  "pending": false,
                  "context": null,
                  "code": "const result=await getParameters({host:\"192.168.178.2\"});assert.deepEqual(result,[\"-s\",\"192.168.178.2\"])",
                  "err": {},
                  "uuid": "ed744f7b-d5fd-4e77-87cc-3d808fa3de0c",
                  "parentUUID": "6f1dda24-656d-4a0b-bdfd-a9c76d4363f8",
                  "isHook": false,
                  "skipped": false
                },
                {
                  "title": "full case",
                  "fullTitle": "Tools getParameters() full case",
                  "timedOut": false,
                  "duration": 0,
                  "state": "passed",
                  "speed": "fast",
                  "pass": true,
                  "fail": false,
                  "pending": false,
                  "context": null,
                  "code": "const result=await getParameters({hosts:[\"192.168.178.2\",\"192.168.178.3\"],id:\"****\",protocol:NodePyATVProtocol.mrp,dmapCredentials:\"****\",mrpCredentials:\"****\",airplayCredentials:\"****\",companionCredentials:\"1234\",raopCredentials:\"::foo:\"});assert.deepEqual(result,[\"-s\",\"192.168.178.2,192.168.178.3\",\"-i\",\"****\",\"--protocol\",\"mrp\",\"--dmap-credentials\",\"****\",\"--mrp-credentials\",\"****\",\"--airplay-credentials\",\"****\",\"--companion-credentials\",\"1234\",\"--raop-credentials\",\"::foo:\"])",
                  "err": {},
                  "uuid": "6cabeeaf-4df8-493c-9445-648e30691fa1",
                  "parentUUID": "6f1dda24-656d-4a0b-bdfd-a9c76d4363f8",
                  "isHook": false,
                  "skipped": false
                }
              ],
              "suites": [],
              "passes": [
                "cb417471-d1e7-4f88-b167-1b3be843c403",
                "ed744f7b-d5fd-4e77-87cc-3d808fa3de0c",
                "6cabeeaf-4df8-493c-9445-648e30691fa1"
              ],
              "failures": [],
              "pending": [],
              "skipped": [],
              "duration": 0,
              "root": false,
              "rootEmpty": false,
              "_timeout": 2000
            },
            {
              "uuid": "c378b25e-489c-41a7-aed4-24fcd8db72db",
              "title": "parseState()",
              "fullFile": "/home/runner/work/node-pyatv/node-pyatv/test/tools.ts",
              "file": "/test/tools.ts",
              "beforeHooks": [],
              "afterHooks": [],
              "tests": [
                {
                  "title": "should work with empty data",
                  "fullTitle": "Tools parseState() should work with empty data",
                  "timedOut": false,
                  "duration": 0,
                  "state": "passed",
                  "speed": "fast",
                  "pass": true,
                  "fail": false,
                  "pending": false,
                  "context": null,
                  "code": "const input={};const result=parseState(input,\"\",{});assert.deepStrictEqual(result,{dateTime:null,hash:null,mediaType:null,deviceState:null,title:null,artist:null,album:null,genre:null,totalTime:null,position:null,shuffle:null,repeat:null,app:null,appId:null,powerState:null,focusState:null,volume:null,outputDevices:null,contentIdentifier:null,iTunesStoreIdentifier:null,episodeNumber:null,seasonNumber:null,seriesName:null})",
                  "err": {},
                  "uuid": "b4f9867a-42ec-4c15-88fb-53f99c602469",
                  "parentUUID": "c378b25e-489c-41a7-aed4-24fcd8db72db",
                  "isHook": false,
                  "skipped": false
                },
                {
                  "title": "should work without data",
                  "fullTitle": "Tools parseState() should work without data",
                  "timedOut": false,
                  "duration": 0,
                  "state": "passed",
                  "speed": "fast",
                  "pass": true,
                  "fail": false,
                  "pending": false,
                  "context": null,
                  "code": "const result=parseState(null,\"\",{});assert.deepStrictEqual(result,{dateTime:null,hash:null,mediaType:null,deviceState:null,title:null,artist:null,album:null,genre:null,totalTime:null,position:null,shuffle:null,repeat:null,app:null,appId:null,powerState:null,focusState:null,volume:null,outputDevices:null,contentIdentifier:null,iTunesStoreIdentifier:null,episodeNumber:null,seasonNumber:null,seriesName:null})",
                  "err": {},
                  "uuid": "346792a5-be3f-4115-a901-7850ef69120c",
                  "parentUUID": "c378b25e-489c-41a7-aed4-24fcd8db72db",
                  "isHook": false,
                  "skipped": false
                },
                {
                  "title": "should work with example data",
                  "fullTitle": "Tools parseState() should work with example data",
                  "timedOut": false,
                  "duration": 0,
                  "state": "passed",
                  "speed": "fast",
                  "pass": true,
                  "fail": false,
                  "pending": false,
                  "context": null,
                  "code": "const input={result:\"success\",datetime:\"2020-11-07T22:38:43.608030+01:00\",hash:\"100e0ab6-6ff5-4199-9c04-a7107ff78712\",media_type:\"video\",device_state:\"playing\",title:\"Solo: A Star Wars Story\",artist:null,album:null,genre:null,total_time:8097,position:27,shuffle:\"off\",repeat:\"off\",app:\"Disney+\",app_id:\"com.disney.disneyplus\",power_state:null,focus_state:null,volume:null,output_devices:null,content_identifier:null,itunes_store_identifier:null,episode_number:null,season_number:null,series_name:null};const result=parseState(input,\"\",{});assert.deepStrictEqual(result,{dateTime:new Date(\"2020-11-07T22:38:43.608030+01:00\"),hash:\"100e0ab6-6ff5-4199-9c04-a7107ff78712\",mediaType:NodePyATVMediaType.video,deviceState:NodePyATVDeviceState.playing,title:\"Solo: A Star Wars Story\",artist:null,album:null,genre:null,totalTime:8097,position:27,shuffle:NodePyATVShuffleState.off,repeat:NodePyATVRepeatState.off,app:\"Disney+\",appId:\"com.disney.disneyplus\",powerState:null,focusState:null,volume:null,outputDevices:null,contentIdentifier:null,iTunesStoreIdentifier:null,episodeNumber:null,seasonNumber:null,seriesName:null})",
                  "err": {},
                  "uuid": "d760e751-bb07-46f9-99a5-9a3941757d1e",
                  "parentUUID": "c378b25e-489c-41a7-aed4-24fcd8db72db",
                  "isHook": false,
                  "skipped": false
                },
                {
                  "title": "should throw an error for pyatv exceptions",
                  "fullTitle": "Tools parseState() should throw an error for pyatv exceptions",
                  "timedOut": false,
                  "duration": 1,
                  "state": "passed",
                  "speed": "fast",
                  "pass": true,
                  "fail": false,
                  "pending": false,
                  "context": null,
                  "code": "const input={result:\"failure\",datetime:\"2021-11-24T21:13:36.424576+03:00\",exception:\"invalid credentials: 321\",stacktrace:'Traceback (most recent call last):\\n  File \"/Users/free/Library/Python/3.8/lib/python/site-packages/pyatv/scripts/atvscript.py\", line 302, in appstart\\n    print(args.output(await _handle_command(args, abort_sem, loop)), flush=True)\\n  File \"/Users/free/Library/Python/3.8/lib/python/site-packages/pyatv/scripts/atvscript.py\", line 196, in _handle_command\\n    atv = await connect(config, loop, protocol=Protocol.MRP)\\n  File \"/Users/free/Library/Python/3.8/lib/python/site-packages/pyatv/__init__.py\", line 96, in connect\\n    for setup_data in proto_methods.setup(\\n  File \"/Users/free/Library/Python/3.8/lib/python/site-packages/pyatv/protocols/airplay/__init__.py\", line 192, in setup\\n    stream = AirPlayStream(config, service)\\n  File \"/Users/free/Library/Python/3.8/lib/python/site-packages/pyatv/protocols/airplay/__init__.py\", line 79, in __init__\\n    self._credentials: HapCredentials = parse_credentials(self.service.credentials)\\n  File \"/Users/free/Library/Python/3.8/lib/python/site-packages/pyatv/auth/hap_pairing.py\", line 139, in parse_credentials\\n    raise exceptions.InvalidCredentialsError(\"invalid credentials: \" + detail_string)\\npyatv.exceptions.InvalidCredentialsError: invalid credentials: 321\\n'};assert.throws(()=>{parseState(input,\"\",{})},/Got pyatv Error: invalid credentials: 321/)",
                  "err": {},
                  "uuid": "bbc4e58a-7a52-4582-8987-d95a83c2c7e8",
                  "parentUUID": "c378b25e-489c-41a7-aed4-24fcd8db72db",
                  "isHook": false,
                  "skipped": false
                },
                {
                  "title": "should ignore date if it's an invalid date",
                  "fullTitle": "Tools parseState() should ignore date if it's an invalid date",
                  "timedOut": false,
                  "duration": 0,
                  "state": "passed",
                  "speed": "fast",
                  "pass": true,
                  "fail": false,
                  "pending": false,
                  "context": null,
                  "code": "const input={datetime:\"today\"};const result=parseState(input,\"\",{});assert.deepStrictEqual(result,{dateTime:null,hash:null,mediaType:null,deviceState:null,title:null,artist:null,album:null,genre:null,totalTime:null,position:null,shuffle:null,repeat:null,app:null,appId:null,powerState:null,focusState:null,volume:null,outputDevices:null,contentIdentifier:null,iTunesStoreIdentifier:null,episodeNumber:null,seasonNumber:null,seriesName:null})",
                  "err": {},
                  "uuid": "77f885f6-1333-4e49-8752-f263a9d5e2d4",
                  "parentUUID": "c378b25e-489c-41a7-aed4-24fcd8db72db",
                  "isHook": false,
                  "skipped": false
                },
                {
                  "title": "should ignore data if unsupported type",
                  "fullTitle": "Tools parseState() should ignore data if unsupported type",
                  "timedOut": false,
                  "duration": 0,
                  "state": "passed",
                  "speed": "fast",
                  "pass": true,
                  "fail": false,
                  "pending": false,
                  "context": null,
                  "code": "const input={result:\"success\",datetime:true,hash:1337,media_type:false,device_state:43,title:void 0,artist:90,album:Infinity,genre:Math.PI,total_time:\"23min\",position:\"0:30.123\",shuffle:false,repeat:true,app:0,app_id:891645381647289,power_state:null,focus_state:null,volume:null,output_devices:null,content_identifier:null,itunes_store_identifier:null,episode_number:null,season_number:null,series_name:null};const result=parseState(input,\"\",{});assert.deepStrictEqual(result,{dateTime:null,hash:null,mediaType:null,deviceState:null,title:null,artist:null,album:null,genre:null,totalTime:null,position:null,shuffle:null,repeat:null,app:null,appId:null,powerState:null,focusState:null,volume:null,outputDevices:null,contentIdentifier:null,iTunesStoreIdentifier:null,episodeNumber:null,seasonNumber:null,seriesName:null})",
                  "err": {},
                  "uuid": "3114e3a6-3ed6-4806-aa86-0df156628fb3",
                  "parentUUID": "c378b25e-489c-41a7-aed4-24fcd8db72db",
                  "isHook": false,
                  "skipped": false
                },
                {
                  "title": "should ignore enums with unsupported valid",
                  "fullTitle": "Tools parseState() should ignore enums with unsupported valid",
                  "timedOut": false,
                  "duration": 1,
                  "state": "passed",
                  "speed": "fast",
                  "pass": true,
                  "fail": false,
                  "pending": false,
                  "context": null,
                  "code": "const input={media_type:\"3d-experience\",device_state:\"initiating\",shuffle:\"everything\",repeat:\"nothing\"};const result=parseState(input,\"\",{});assert.deepStrictEqual(result,{dateTime:null,hash:null,mediaType:null,deviceState:null,title:null,artist:null,album:null,genre:null,totalTime:null,position:null,shuffle:null,repeat:null,app:null,appId:null,powerState:null,focusState:null,volume:null,outputDevices:null,contentIdentifier:null,iTunesStoreIdentifier:null,episodeNumber:null,seasonNumber:null,seriesName:null})",
                  "err": {},
                  "uuid": "7dd9af39-067f-459a-9256-f1819c4acb58",
                  "parentUUID": "c378b25e-489c-41a7-aed4-24fcd8db72db",
                  "isHook": false,
                  "skipped": false
                }
              ],
              "suites": [],
              "passes": [
                "b4f9867a-42ec-4c15-88fb-53f99c602469",
                "346792a5-be3f-4115-a901-7850ef69120c",
                "d760e751-bb07-46f9-99a5-9a3941757d1e",
                "bbc4e58a-7a52-4582-8987-d95a83c2c7e8",
                "77f885f6-1333-4e49-8752-f263a9d5e2d4",
                "3114e3a6-3ed6-4806-aa86-0df156628fb3",
                "7dd9af39-067f-459a-9256-f1819c4acb58"
              ],
              "failures": [],
              "pending": [],
              "skipped": [],
              "duration": 2,
              "root": false,
              "rootEmpty": false,
              "_timeout": 2000
            }
          ],
          "passes": [],
          "failures": [],
          "pending": [],
          "skipped": [],
          "duration": 0,
          "root": false,
          "rootEmpty": false,
          "_timeout": 2000
        }
      ],
      "passes": [],
      "failures": [],
      "pending": [],
      "skipped": [],
      "duration": 0,
      "root": true,
      "rootEmpty": true,
      "_timeout": 2000
    }
  ],
  "meta": {
    "mocha": {
      "version": "11.1.0"
    },
    "mochawesome": {
      "options": {
        "quiet": false,
        "reportFilename": "mochawesome",
        "saveHtml": true,
        "saveJson": true,
        "consoleReporter": "spec",
        "useInlineDiffs": false,
        "code": true
      },
      "version": "7.1.3"
    },
    "marge": {
      "options": null,
      "version": "6.2.0"
    }
  }
}