{
  "stats": {
    "suites": 82,
    "tests": 135,
    "passes": 133,
    "pending": 2,
    "failures": 0,
    "start": "2020-11-15T16:59:24.564Z",
    "end": "2020-11-15T16:59:36.889Z",
    "duration": 12325,
    "testsRegistered": 135,
    "passPercent": 100,
    "pendingPercent": 1.4814814814814816,
    "other": 0,
    "hasOther": false,
    "skipped": 0,
    "hasSkipped": false
  },
  "results": [
    {
      "uuid": "ddf8278c-13fc-467e-ac01-d35c63c82e93",
      "title": "",
      "fullFile": "",
      "file": "",
      "beforeHooks": [],
      "afterHooks": [],
      "tests": [],
      "suites": [
        {
          "uuid": "64f8193c-a9b2-4d7b-83dc-ce57b308a887",
          "title": "NodePyATVDeviceEvent",
          "fullFile": "/home/runner/work/node-pyatv/node-pyatv/test/device-event.ts",
          "file": "/test/device-event.ts",
          "beforeHooks": [],
          "afterHooks": [],
          "tests": [],
          "suites": [
            {
              "uuid": "646a1dbb-6ba0-48db-941d-cd7714396953",
              "title": "get key()",
              "fullFile": "/home/runner/work/node-pyatv/node-pyatv/test/device-event.ts",
              "file": "/test/device-event.ts",
              "beforeHooks": [],
              "afterHooks": [],
              "tests": [
                {
                  "title": "should work",
                  "fullTitle": "NodePyATVDeviceEvent get key() should work",
                  "timedOut": false,
                  "duration": 0,
                  "state": "passed",
                  "speed": "fast",
                  "pass": true,
                  "fail": false,
                  "pending": false,
                  "context": null,
                  "code": "const event = new device_event_1.default({\n    key: 'genre',\n    old: 'Jazz',\n    new: 'Rock',\n    device: new device_1.default({\n        host: '192.168.178.2',\n        name: 'My Testinstance'\n    })\n});\nassert_1.default.strictEqual(event.key, 'genre');",
                  "err": {},
                  "uuid": "fd08863d-c1d4-4265-8fca-efb769b5b626",
                  "parentUUID": "646a1dbb-6ba0-48db-941d-cd7714396953",
                  "isHook": false,
                  "skipped": false
                }
              ],
              "suites": [],
              "passes": [
                "fd08863d-c1d4-4265-8fca-efb769b5b626"
              ],
              "failures": [],
              "pending": [],
              "skipped": [],
              "duration": 0,
              "root": false,
              "rootEmpty": false,
              "_timeout": 2000
            },
            {
              "uuid": "21650b41-6e11-4bc9-b920-50a87529ef06",
              "title": "get oldValue()",
              "fullFile": "/home/runner/work/node-pyatv/node-pyatv/test/device-event.ts",
              "file": "/test/device-event.ts",
              "beforeHooks": [],
              "afterHooks": [],
              "tests": [
                {
                  "title": "should work",
                  "fullTitle": "NodePyATVDeviceEvent get oldValue() should work",
                  "timedOut": false,
                  "duration": 1,
                  "state": "passed",
                  "speed": "fast",
                  "pass": true,
                  "fail": false,
                  "pending": false,
                  "context": null,
                  "code": "const event = new device_event_1.default({\n    key: 'genre',\n    old: 'Jazz',\n    new: 'Rock',\n    device: new device_1.default({\n        host: '192.168.178.2',\n        name: 'My Testinstance'\n    })\n});\nassert_1.default.strictEqual(event.oldValue, 'Jazz');",
                  "err": {},
                  "uuid": "86784566-558b-4a91-aa30-e71a93e6508b",
                  "parentUUID": "21650b41-6e11-4bc9-b920-50a87529ef06",
                  "isHook": false,
                  "skipped": false
                }
              ],
              "suites": [],
              "passes": [
                "86784566-558b-4a91-aa30-e71a93e6508b"
              ],
              "failures": [],
              "pending": [],
              "skipped": [],
              "duration": 1,
              "root": false,
              "rootEmpty": false,
              "_timeout": 2000
            },
            {
              "uuid": "3a25ffb4-a4c2-4969-ba51-629ddd7fce9a",
              "title": "get newValue()",
              "fullFile": "/home/runner/work/node-pyatv/node-pyatv/test/device-event.ts",
              "file": "/test/device-event.ts",
              "beforeHooks": [],
              "afterHooks": [],
              "tests": [
                {
                  "title": "should work",
                  "fullTitle": "NodePyATVDeviceEvent get newValue() should work",
                  "timedOut": false,
                  "duration": 0,
                  "state": "passed",
                  "speed": "fast",
                  "pass": true,
                  "fail": false,
                  "pending": false,
                  "context": null,
                  "code": "const event = new device_event_1.default({\n    key: 'genre',\n    old: 'Jazz',\n    new: 'Rock',\n    device: new device_1.default({\n        host: '192.168.178.2',\n        name: 'My Testinstance'\n    })\n});\nassert_1.default.strictEqual(event.newValue, 'Rock');",
                  "err": {},
                  "uuid": "bc41adb5-98ee-4e91-915e-718b5b77c57a",
                  "parentUUID": "3a25ffb4-a4c2-4969-ba51-629ddd7fce9a",
                  "isHook": false,
                  "skipped": false
                }
              ],
              "suites": [],
              "passes": [
                "bc41adb5-98ee-4e91-915e-718b5b77c57a"
              ],
              "failures": [],
              "pending": [],
              "skipped": [],
              "duration": 0,
              "root": false,
              "rootEmpty": false,
              "_timeout": 2000
            },
            {
              "uuid": "2f027949-afc7-4056-889a-3eced4d7ca66",
              "title": "get value()",
              "fullFile": "/home/runner/work/node-pyatv/node-pyatv/test/device-event.ts",
              "file": "/test/device-event.ts",
              "beforeHooks": [],
              "afterHooks": [],
              "tests": [
                {
                  "title": "should work",
                  "fullTitle": "NodePyATVDeviceEvent get value() should work",
                  "timedOut": false,
                  "duration": 0,
                  "state": "passed",
                  "speed": "fast",
                  "pass": true,
                  "fail": false,
                  "pending": false,
                  "context": null,
                  "code": "const event = new device_event_1.default({\n    key: 'genre',\n    old: 'Jazz',\n    new: 'Rock',\n    device: new device_1.default({\n        host: '192.168.178.2',\n        name: 'My Testinstance'\n    })\n});\nassert_1.default.strictEqual(event.value, 'Rock');",
                  "err": {},
                  "uuid": "e6925699-c578-46fa-b7b5-90fa4410a0f6",
                  "parentUUID": "2f027949-afc7-4056-889a-3eced4d7ca66",
                  "isHook": false,
                  "skipped": false
                }
              ],
              "suites": [],
              "passes": [
                "e6925699-c578-46fa-b7b5-90fa4410a0f6"
              ],
              "failures": [],
              "pending": [],
              "skipped": [],
              "duration": 0,
              "root": false,
              "rootEmpty": false,
              "_timeout": 2000
            },
            {
              "uuid": "3c34d4ae-59e4-4340-99df-6b9f10e04996",
              "title": "get device()",
              "fullFile": "/home/runner/work/node-pyatv/node-pyatv/test/device-event.ts",
              "file": "/test/device-event.ts",
              "beforeHooks": [],
              "afterHooks": [],
              "tests": [
                {
                  "title": "should work",
                  "fullTitle": "NodePyATVDeviceEvent get device() should work",
                  "timedOut": false,
                  "duration": 0,
                  "state": "passed",
                  "speed": "fast",
                  "pass": true,
                  "fail": false,
                  "pending": false,
                  "context": null,
                  "code": "const device = new device_1.default({\n    host: '192.168.178.2',\n    name: 'My Testinstance'\n});\nconst event = new device_event_1.default({\n    key: 'genre',\n    old: 'Jazz',\n    new: 'Rock',\n    device\n});\nassert_1.default.deepEqual(event.device, device);",
                  "err": {},
                  "uuid": "fe3fc6a6-50cd-4602-8f4e-aa455414db55",
                  "parentUUID": "3c34d4ae-59e4-4340-99df-6b9f10e04996",
                  "isHook": false,
                  "skipped": false
                }
              ],
              "suites": [],
              "passes": [
                "fe3fc6a6-50cd-4602-8f4e-aa455414db55"
              ],
              "failures": [],
              "pending": [],
              "skipped": [],
              "duration": 0,
              "root": false,
              "rootEmpty": false,
              "_timeout": 2000
            }
          ],
          "passes": [],
          "failures": [],
          "pending": [],
          "skipped": [],
          "duration": 0,
          "root": false,
          "rootEmpty": false,
          "_timeout": 2000
        },
        {
          "uuid": "e85ae134-95b6-4b11-9e37-d81c8da1f2af",
          "title": "NodePyATVDeviceEvents",
          "fullFile": "/home/runner/work/node-pyatv/node-pyatv/test/device-events.ts",
          "file": "/test/device-events.ts",
          "beforeHooks": [],
          "afterHooks": [],
          "tests": [],
          "suites": [
            {
              "uuid": "c0f4fa61-9353-4220-a956-1fb285f3abff",
              "title": "applyStateAndEmitEvents()",
              "fullFile": "/home/runner/work/node-pyatv/node-pyatv/test/device-events.ts",
              "file": "/test/device-events.ts",
              "beforeHooks": [],
              "afterHooks": [],
              "tests": [
                {
                  "title": "should emit update:key event",
                  "fullTitle": "NodePyATVDeviceEvents applyStateAndEmitEvents() should emit update:key event",
                  "timedOut": false,
                  "duration": 4,
                  "state": "passed",
                  "speed": "fast",
                  "pass": true,
                  "fail": false,
                  "pending": false,
                  "context": null,
                  "code": "return __awaiter(this, void 0, void 0, function* () {\n    const device = new device_1.default({\n        name: 'My Testdevice',\n        host: '192.168.178.2',\n        spawn: fake_spawn_1.createFakeSpawn(cp => {\n            cp.onStdIn(() => cp.end());\n            cp.stdout({\n                result: 'success',\n                title: 'My Movie'\n            });\n        })\n    });\n    yield new Promise(cb => {\n        device.once('update:title', event => {\n            assert_1.default.ok(event instanceof device_event_1.default);\n            assert_1.default.strictEqual(event.key, 'title');\n            assert_1.default.strictEqual(event.oldValue, null);\n            assert_1.default.strictEqual(event.newValue, 'My Movie');\n            assert_1.default.strictEqual(event.value, 'My Movie');\n            assert_1.default.deepStrictEqual(event.device, device);\n            cb();\n        });\n    });\n});",
                  "err": {},
                  "uuid": "47cbe5c4-4a80-4d2f-a7ab-a67df2a11c35",
                  "parentUUID": "c0f4fa61-9353-4220-a956-1fb285f3abff",
                  "isHook": false,
                  "skipped": false
                },
                {
                  "title": "should emit update event",
                  "fullTitle": "NodePyATVDeviceEvents applyStateAndEmitEvents() should emit update event",
                  "timedOut": false,
                  "duration": 2,
                  "state": "passed",
                  "speed": "fast",
                  "pass": true,
                  "fail": false,
                  "pending": false,
                  "context": null,
                  "code": "return __awaiter(this, void 0, void 0, function* () {\n    const device = new device_1.default({\n        name: 'My Testdevice',\n        host: '192.168.178.2',\n        spawn: fake_spawn_1.createFakeSpawn(cp => {\n            cp.onStdIn(() => cp.end());\n            cp.stdout({\n                result: 'success',\n                title: 'My Movie'\n            });\n        })\n    });\n    yield new Promise(cb => {\n        device.once('update', event => {\n            assert_1.default.ok(event instanceof device_event_1.default);\n            assert_1.default.strictEqual(event.key, 'title');\n            assert_1.default.strictEqual(event.oldValue, null);\n            assert_1.default.strictEqual(event.newValue, 'My Movie');\n            assert_1.default.strictEqual(event.value, 'My Movie');\n            assert_1.default.deepStrictEqual(event.device, device);\n            cb();\n        });\n    });\n});",
                  "err": {},
                  "uuid": "fbac256b-febd-4089-ba96-ee3b29d4af56",
                  "parentUUID": "c0f4fa61-9353-4220-a956-1fb285f3abff",
                  "isHook": false,
                  "skipped": false
                },
                {
                  "title": "should emit update:key event before update",
                  "fullTitle": "NodePyATVDeviceEvents applyStateAndEmitEvents() should emit update:key event before update",
                  "timedOut": false,
                  "duration": 2,
                  "state": "passed",
                  "speed": "fast",
                  "pass": true,
                  "fail": false,
                  "pending": false,
                  "context": null,
                  "code": "return __awaiter(this, void 0, void 0, function* () {\n    const device = new device_1.default({\n        name: 'My Testdevice',\n        host: '192.168.178.2',\n        spawn: fake_spawn_1.createFakeSpawn(cp => {\n            cp.onStdIn(() => cp.end());\n            cp.stdout({\n                result: 'success',\n                title: 'My Movie'\n            });\n        })\n    });\n    const sort = [];\n    yield Promise.race([\n        new Promise(cb => {\n            device.once('update', () => {\n                sort.push('update');\n                cb();\n            });\n        }),\n        new Promise(cb => {\n            device.once('update:title', () => {\n                sort.push('update:title');\n                cb();\n            });\n        })\n    ]);\n    assert_1.default.deepStrictEqual(sort, ['update:title', 'update']);\n});",
                  "err": {},
                  "uuid": "8a010bd0-d0a0-44b5-8ba6-0ade0fa58bb3",
                  "parentUUID": "c0f4fa61-9353-4220-a956-1fb285f3abff",
                  "isHook": false,
                  "skipped": false
                },
                {
                  "title": "should not emit an update if new value is same as old one",
                  "fullTitle": "NodePyATVDeviceEvents applyStateAndEmitEvents() should not emit an update if new value is same as old one",
                  "timedOut": false,
                  "duration": 4,
                  "state": "passed",
                  "speed": "fast",
                  "pass": true,
                  "fail": false,
                  "pending": false,
                  "context": null,
                  "code": "return __awaiter(this, void 0, void 0, function* () {\n    let spawnCounter = 0;\n    let eventCounter = 0;\n    const device = new device_1.default({\n        name: 'My Testdevice',\n        host: '192.168.178.2',\n        spawn: fake_spawn_1.createFakeSpawn(cp => {\n            if (spawnCounter === 0) {\n                cp.onStdIn(() => cp.end());\n            }\n            cp.stdout({\n                result: 'success',\n                title: 'My Movie'\n            });\n            spawnCounter++;\n            if (spawnCounter >= 2) {\n                cp.end();\n            }\n        })\n    });\n    const listener = () => {\n        eventCounter++;\n    };\n    device.on('update', listener);\n    yield new Promise(cb => setTimeout(cb, 0));\n    yield device.getState();\n    device.off('update', listener);\n    assert_1.default.strictEqual(spawnCounter, 2);\n    assert_1.default.strictEqual(eventCounter, 1);\n});",
                  "err": {},
                  "uuid": "301be6af-38d7-4ad7-b561-05e36b62f6c6",
                  "parentUUID": "c0f4fa61-9353-4220-a956-1fb285f3abff",
                  "isHook": false,
                  "skipped": false
                },
                {
                  "title": "should emit error event if event listener throws an exception",
                  "fullTitle": "NodePyATVDeviceEvents applyStateAndEmitEvents() should emit error event if event listener throws an exception",
                  "timedOut": false,
                  "duration": 2,
                  "state": "passed",
                  "speed": "fast",
                  "pass": true,
                  "fail": false,
                  "pending": false,
                  "context": null,
                  "code": "return __awaiter(this, void 0, void 0, function* () {\n    const device = new device_1.default({\n        name: 'My Testdevice',\n        host: '192.168.178.2',\n        spawn: fake_spawn_1.createFakeSpawn(cp => {\n            cp.onStdIn(() => cp.end());\n            cp.stdout({\n                result: 'success',\n                title: 'My Movie'\n            });\n        })\n    });\n    let callCounter = 0;\n    const error = new Error('This is an error. Be nice.');\n    device.once('error', err => {\n        assert_1.default.strictEqual(err, error);\n        callCounter++;\n    });\n    const listener = () => {\n        throw error;\n    };\n    device.on('update', listener);\n    yield new Promise(cb => setTimeout(cb, 0));\n    device.off('update', listener);\n    assert_1.default.strictEqual(callCounter, 1);\n});",
                  "err": {},
                  "uuid": "6e6f73d7-f07a-4dc0-9efc-8acb0e33f1a0",
                  "parentUUID": "c0f4fa61-9353-4220-a956-1fb285f3abff",
                  "isHook": false,
                  "skipped": false
                }
              ],
              "suites": [],
              "passes": [
                "47cbe5c4-4a80-4d2f-a7ab-a67df2a11c35",
                "fbac256b-febd-4089-ba96-ee3b29d4af56",
                "8a010bd0-d0a0-44b5-8ba6-0ade0fa58bb3",
                "301be6af-38d7-4ad7-b561-05e36b62f6c6",
                "6e6f73d7-f07a-4dc0-9efc-8acb0e33f1a0"
              ],
              "failures": [],
              "pending": [],
              "skipped": [],
              "duration": 14,
              "root": false,
              "rootEmpty": false,
              "_timeout": 2000
            },
            {
              "uuid": "3692c80e-fe70-4c03-b2da-e66dc4614779",
              "title": "start|stopListening()",
              "fullFile": "/home/runner/work/node-pyatv/node-pyatv/test/device-events.ts",
              "file": "/test/device-events.ts",
              "beforeHooks": [],
              "afterHooks": [],
              "tests": [
                {
                  "title": "should emit error if spawn fails",
                  "fullTitle": "NodePyATVDeviceEvents start|stopListening() should emit error if spawn fails",
                  "timedOut": false,
                  "duration": 2,
                  "state": "passed",
                  "speed": "fast",
                  "pass": true,
                  "fail": false,
                  "pending": false,
                  "context": null,
                  "code": "return __awaiter(this, void 0, void 0, function* () {\n    const error = new Error();\n    const device = new device_1.default({\n        name: 'My Testdevice',\n        host: '192.168.178.2',\n        spawn: fake_spawn_1.createFakeSpawn(cp => {\n            cp.error(error).end();\n        })\n    });\n    const listener = () => {\n        // empty listener\n    };\n    device.on('update', listener);\n    yield new Promise(cb => {\n        device.once('error', err => {\n            assert_1.default.strictEqual(err, error);\n            cb();\n        });\n    });\n    device.off('update', listener);\n});",
                  "err": {},
                  "uuid": "7ec27b3e-0f60-4197-bb11-b791936b17f7",
                  "parentUUID": "3692c80e-fe70-4c03-b2da-e66dc4614779",
                  "isHook": false,
                  "skipped": false
                },
                {
                  "title": "should emit error on stderr data",
                  "fullTitle": "NodePyATVDeviceEvents start|stopListening() should emit error on stderr data",
                  "timedOut": false,
                  "duration": 2,
                  "state": "passed",
                  "speed": "fast",
                  "pass": true,
                  "fail": false,
                  "pending": false,
                  "context": null,
                  "code": "return __awaiter(this, void 0, void 0, function* () {\n    const device = new device_1.default({\n        name: 'My Testdevice',\n        host: '192.168.178.2',\n        spawn: fake_spawn_1.createFakeSpawn(cp => {\n            cp.stderr('Hello World!').end();\n        })\n    });\n    const listener = () => {\n        // empty listener\n    };\n    device.on('update', listener);\n    yield new Promise(cb => {\n        device.once('error', err => {\n            assert_1.default.ok(err instanceof Error);\n            assert_1.default.ok(err.toString().includes('Got stderr output from pyatv: Hello World!'));\n            cb();\n        });\n    });\n    device.off('update', listener);\n});",
                  "err": {},
                  "uuid": "5281de3d-251f-4fe1-b446-36d72c273aca",
                  "parentUUID": "3692c80e-fe70-4c03-b2da-e66dc4614779",
                  "isHook": false,
                  "skipped": false
                },
                {
                  "title": "should emit error if stdout is not valid json",
                  "fullTitle": "NodePyATVDeviceEvents start|stopListening() should emit error if stdout is not valid json",
                  "timedOut": false,
                  "duration": 1,
                  "state": "passed",
                  "speed": "fast",
                  "pass": true,
                  "fail": false,
                  "pending": false,
                  "context": null,
                  "code": "return __awaiter(this, void 0, void 0, function* () {\n    const device = new device_1.default({\n        name: 'My Testdevice',\n        host: '192.168.178.2',\n        spawn: fake_spawn_1.createFakeSpawn(cp => {\n            cp.stdout('#').end();\n        })\n    });\n    const listener = () => {\n        // empty listener\n    };\n    device.on('update', listener);\n    yield new Promise(cb => {\n        device.once('error', err => {\n            assert_1.default.ok(err instanceof Error);\n            assert_1.default.ok(err.toString().includes('Unable to parse stdout json: SyntaxError: ' +\n                'Unexpected token # in JSON at position 0'));\n            cb();\n        });\n    });\n    device.off('update', listener);\n});",
                  "err": {},
                  "uuid": "376566ba-bbdc-4f67-8213-bdc1a3b0b3c0",
                  "parentUUID": "3692c80e-fe70-4c03-b2da-e66dc4614779",
                  "isHook": false,
                  "skipped": false
                },
                {
                  "title": "should restart the process if it gets killed",
                  "fullTitle": "NodePyATVDeviceEvents start|stopListening() should restart the process if it gets killed",
                  "timedOut": false,
                  "duration": 0,
                  "state": "pending",
                  "speed": null,
                  "pass": false,
                  "fail": false,
                  "pending": true,
                  "context": null,
                  "code": "",
                  "err": {},
                  "uuid": "c9b125d2-f62a-4367-884e-4f93a726ed99",
                  "parentUUID": "3692c80e-fe70-4c03-b2da-e66dc4614779",
                  "isHook": false,
                  "skipped": false
                }
              ],
              "suites": [],
              "passes": [
                "7ec27b3e-0f60-4197-bb11-b791936b17f7",
                "5281de3d-251f-4fe1-b446-36d72c273aca",
                "376566ba-bbdc-4f67-8213-bdc1a3b0b3c0"
              ],
              "failures": [],
              "pending": [
                "c9b125d2-f62a-4367-884e-4f93a726ed99"
              ],
              "skipped": [],
              "duration": 5,
              "root": false,
              "rootEmpty": false,
              "_timeout": 2000
            },
            {
              "uuid": "a9b6d27d-f561-4910-83d4-5aeaae31592b",
              "title": "addListener() / removeAllListeners()",
              "fullFile": "/home/runner/work/node-pyatv/node-pyatv/test/device-events.ts",
              "file": "/test/device-events.ts",
              "beforeHooks": [],
              "afterHooks": [],
              "tests": [
                {
                  "title": "should work without any exceptions",
                  "fullTitle": "NodePyATVDeviceEvents addListener() / removeAllListeners() should work without any exceptions",
                  "timedOut": false,
                  "duration": 1,
                  "state": "passed",
                  "speed": "fast",
                  "pass": true,
                  "fail": false,
                  "pending": false,
                  "context": null,
                  "code": "return __awaiter(this, void 0, void 0, function* () {\n    const device = new device_1.default({\n        name: 'My Testdevice',\n        host: '192.168.178.2',\n        spawn: fake_spawn_1.createFakeSpawn(cp => {\n            cp.onStdIn(() => cp.end());\n            cp.stdout({\n                result: 'success',\n                title: 'My Movie'\n            });\n        })\n    });\n    const listener = () => {\n        // empty listener\n    };\n    device.addListener('update', listener);\n    device.removeAllListeners('update');\n});",
                  "err": {},
                  "uuid": "101d5b52-6790-415b-85f8-894c632594aa",
                  "parentUUID": "a9b6d27d-f561-4910-83d4-5aeaae31592b",
                  "isHook": false,
                  "skipped": false
                }
              ],
              "suites": [],
              "passes": [
                "101d5b52-6790-415b-85f8-894c632594aa"
              ],
              "failures": [],
              "pending": [],
              "skipped": [],
              "duration": 1,
              "root": false,
              "rootEmpty": false,
              "_timeout": 2000
            },
            {
              "uuid": "d855e72c-c09c-4db4-b28b-3f42a6f3677c",
              "title": "emit()",
              "fullFile": "/home/runner/work/node-pyatv/node-pyatv/test/device-events.ts",
              "file": "/test/device-events.ts",
              "beforeHooks": [],
              "afterHooks": [],
              "tests": [
                {
                  "title": "should work",
                  "fullTitle": "NodePyATVDeviceEvents emit() should work",
                  "timedOut": false,
                  "duration": 0,
                  "state": "passed",
                  "speed": "fast",
                  "pass": true,
                  "fail": false,
                  "pending": false,
                  "context": null,
                  "code": "const device = new device_1.default({\n    name: 'My Testdevice',\n    host: '192.168.178.2',\n    spawn: fake_spawn_1.createFakeSpawn(cp => {\n        cp.onStdIn(() => cp.end());\n    })\n});\nconst event = new device_event_1.default({\n    key: 'dateTime',\n    old: 'foo',\n    new: 'bar',\n    device\n});\nlet executions = 0;\ndevice.once('test', (e) => {\n    executions++;\n    assert_1.default.strictEqual(e, event);\n    assert_1.default.strictEqual(executions, 1);\n    done();\n});\ndevice.emit('test', event);",
                  "err": {},
                  "uuid": "3a648d0c-b77d-4abb-bc54-b1fd85d5fdb2",
                  "parentUUID": "d855e72c-c09c-4db4-b28b-3f42a6f3677c",
                  "isHook": false,
                  "skipped": false
                }
              ],
              "suites": [],
              "passes": [
                "3a648d0c-b77d-4abb-bc54-b1fd85d5fdb2"
              ],
              "failures": [],
              "pending": [],
              "skipped": [],
              "duration": 0,
              "root": false,
              "rootEmpty": false,
              "_timeout": 2000
            },
            {
              "uuid": "6d7f558a-2e29-4bf2-8f4f-1ed3ac7f5ff2",
              "title": "eventNames()",
              "fullFile": "/home/runner/work/node-pyatv/node-pyatv/test/device-events.ts",
              "file": "/test/device-events.ts",
              "beforeHooks": [],
              "afterHooks": [],
              "tests": [
                {
                  "title": "should work",
                  "fullTitle": "NodePyATVDeviceEvents eventNames() should work",
                  "timedOut": false,
                  "duration": 0,
                  "state": "passed",
                  "speed": "fast",
                  "pass": true,
                  "fail": false,
                  "pending": false,
                  "context": null,
                  "code": "const device = new device_1.default({\n    name: 'My Testdevice',\n    host: '192.168.178.2',\n    spawn: fake_spawn_1.createFakeSpawn(cp => {\n        cp.onStdIn(() => cp.end());\n    })\n});\nconst listener = () => {\n    // ignore\n};\ndevice.on('test', listener);\nassert_1.default.deepStrictEqual(device.eventNames(), ['test']);\ndevice.off('test', listener);",
                  "err": {},
                  "uuid": "5e9342ab-9b56-47bc-ba97-7c04eb2f88d5",
                  "parentUUID": "6d7f558a-2e29-4bf2-8f4f-1ed3ac7f5ff2",
                  "isHook": false,
                  "skipped": false
                }
              ],
              "suites": [],
              "passes": [
                "5e9342ab-9b56-47bc-ba97-7c04eb2f88d5"
              ],
              "failures": [],
              "pending": [],
              "skipped": [],
              "duration": 0,
              "root": false,
              "rootEmpty": false,
              "_timeout": 2000
            },
            {
              "uuid": "c8d86f31-5bf1-4a1b-8c46-f8a57b2dfb8b",
              "title": "getMaxListeners()",
              "fullFile": "/home/runner/work/node-pyatv/node-pyatv/test/device-events.ts",
              "file": "/test/device-events.ts",
              "beforeHooks": [],
              "afterHooks": [],
              "tests": [
                {
                  "title": "should work",
                  "fullTitle": "NodePyATVDeviceEvents getMaxListeners() should work",
                  "timedOut": false,
                  "duration": 0,
                  "state": "passed",
                  "speed": "fast",
                  "pass": true,
                  "fail": false,
                  "pending": false,
                  "context": null,
                  "code": "const device = new device_1.default({\n    name: 'My Testdevice',\n    host: '192.168.178.2',\n    spawn: fake_spawn_1.createFakeSpawn(cp => {\n        cp.onStdIn(() => cp.end());\n    })\n});\nconst result = device.getMaxListeners();\nassert_1.default.ok(typeof result, 'number');\nassert_1.default.ok(result >= 10);",
                  "err": {},
                  "uuid": "9e71c0bf-8d06-4ca9-aeed-f932d001d8e7",
                  "parentUUID": "c8d86f31-5bf1-4a1b-8c46-f8a57b2dfb8b",
                  "isHook": false,
                  "skipped": false
                }
              ],
              "suites": [],
              "passes": [
                "9e71c0bf-8d06-4ca9-aeed-f932d001d8e7"
              ],
              "failures": [],
              "pending": [],
              "skipped": [],
              "duration": 0,
              "root": false,
              "rootEmpty": false,
              "_timeout": 2000
            },
            {
              "uuid": "ef893b4d-d8b6-4b15-8906-f283987cfec6",
              "title": "listenerCount()",
              "fullFile": "/home/runner/work/node-pyatv/node-pyatv/test/device-events.ts",
              "file": "/test/device-events.ts",
              "beforeHooks": [],
              "afterHooks": [],
              "tests": [
                {
                  "title": "should work",
                  "fullTitle": "NodePyATVDeviceEvents listenerCount() should work",
                  "timedOut": false,
                  "duration": 0,
                  "state": "passed",
                  "speed": "fast",
                  "pass": true,
                  "fail": false,
                  "pending": false,
                  "context": null,
                  "code": "const device = new device_1.default({\n    name: 'My Testdevice',\n    host: '192.168.178.2',\n    spawn: fake_spawn_1.createFakeSpawn(cp => {\n        cp.onStdIn(() => cp.end());\n    })\n});\nconst listener = () => {\n    // ignore\n};\nassert_1.default.deepStrictEqual(device.listenerCount('test'), 0);\ndevice.on('test', listener);\nassert_1.default.deepStrictEqual(device.listenerCount('test'), 1);\ndevice.off('test', listener);",
                  "err": {},
                  "uuid": "d0fb8d74-c65c-4113-9f82-2e92320b407e",
                  "parentUUID": "ef893b4d-d8b6-4b15-8906-f283987cfec6",
                  "isHook": false,
                  "skipped": false
                }
              ],
              "suites": [],
              "passes": [
                "d0fb8d74-c65c-4113-9f82-2e92320b407e"
              ],
              "failures": [],
              "pending": [],
              "skipped": [],
              "duration": 0,
              "root": false,
              "rootEmpty": false,
              "_timeout": 2000
            },
            {
              "uuid": "e57547d7-bf19-423c-ae53-3b68005cec18",
              "title": "listeners()",
              "fullFile": "/home/runner/work/node-pyatv/node-pyatv/test/device-events.ts",
              "file": "/test/device-events.ts",
              "beforeHooks": [],
              "afterHooks": [],
              "tests": [
                {
                  "title": "should work",
                  "fullTitle": "NodePyATVDeviceEvents listeners() should work",
                  "timedOut": false,
                  "duration": 0,
                  "state": "passed",
                  "speed": "fast",
                  "pass": true,
                  "fail": false,
                  "pending": false,
                  "context": null,
                  "code": "const device = new device_1.default({\n    name: 'My Testdevice',\n    host: '192.168.178.2',\n    spawn: fake_spawn_1.createFakeSpawn(cp => {\n        cp.onStdIn(() => cp.end());\n    })\n});\nconst listener = () => {\n    // ignore\n};\nassert_1.default.deepStrictEqual(device.listeners('test').length, 0);\ndevice.on('test', listener);\nassert_1.default.deepStrictEqual(device.listeners('test').length, 1);\nassert_1.default.deepStrictEqual(device.listeners('test')[0], listener);\ndevice.off('test', listener);",
                  "err": {},
                  "uuid": "b5064196-d960-402a-aee4-d08f7415ed95",
                  "parentUUID": "e57547d7-bf19-423c-ae53-3b68005cec18",
                  "isHook": false,
                  "skipped": false
                }
              ],
              "suites": [],
              "passes": [
                "b5064196-d960-402a-aee4-d08f7415ed95"
              ],
              "failures": [],
              "pending": [],
              "skipped": [],
              "duration": 0,
              "root": false,
              "rootEmpty": false,
              "_timeout": 2000
            },
            {
              "uuid": "bbc88dd0-0e18-4c68-960e-ba7fc5271537",
              "title": "prependListener()",
              "fullFile": "/home/runner/work/node-pyatv/node-pyatv/test/device-events.ts",
              "file": "/test/device-events.ts",
              "beforeHooks": [],
              "afterHooks": [],
              "tests": [
                {
                  "title": "should work",
                  "fullTitle": "NodePyATVDeviceEvents prependListener() should work",
                  "timedOut": false,
                  "duration": 1,
                  "state": "passed",
                  "speed": "fast",
                  "pass": true,
                  "fail": false,
                  "pending": false,
                  "context": null,
                  "code": "const device = new device_1.default({\n    name: 'My Testdevice',\n    host: '192.168.178.2',\n    spawn: fake_spawn_1.createFakeSpawn(cp => {\n        cp.onStdIn(() => cp.end());\n        cp.stdout({\n            result: 'success',\n            title: 'My Movie'\n        });\n    })\n});\nconst listener = () => {\n    device.removeAllListeners('update');\n    done();\n};\ndevice.prependListener('update', listener);",
                  "err": {},
                  "uuid": "02c9d96e-5706-4298-aec5-ae7b9befd743",
                  "parentUUID": "bbc88dd0-0e18-4c68-960e-ba7fc5271537",
                  "isHook": false,
                  "skipped": false
                }
              ],
              "suites": [],
              "passes": [
                "02c9d96e-5706-4298-aec5-ae7b9befd743"
              ],
              "failures": [],
              "pending": [],
              "skipped": [],
              "duration": 1,
              "root": false,
              "rootEmpty": false,
              "_timeout": 2000
            },
            {
              "uuid": "4429b457-0cd7-488f-8bdf-14355cfe8d5b",
              "title": "prependOnceListener()",
              "fullFile": "/home/runner/work/node-pyatv/node-pyatv/test/device-events.ts",
              "file": "/test/device-events.ts",
              "beforeHooks": [],
              "afterHooks": [],
              "tests": [
                {
                  "title": "should work",
                  "fullTitle": "NodePyATVDeviceEvents prependOnceListener() should work",
                  "timedOut": false,
                  "duration": 1,
                  "state": "passed",
                  "speed": "fast",
                  "pass": true,
                  "fail": false,
                  "pending": false,
                  "context": null,
                  "code": "const device = new device_1.default({\n    name: 'My Testdevice',\n    host: '192.168.178.2',\n    spawn: fake_spawn_1.createFakeSpawn(cp => {\n        cp.onStdIn(() => cp.end());\n        cp.stdout({\n            result: 'success',\n            title: 'My Movie'\n        });\n    })\n});\ndevice.prependOnceListener('update', () => done());",
                  "err": {},
                  "uuid": "54dc75b4-6460-4492-af13-ae9dbc602780",
                  "parentUUID": "4429b457-0cd7-488f-8bdf-14355cfe8d5b",
                  "isHook": false,
                  "skipped": false
                }
              ],
              "suites": [],
              "passes": [
                "54dc75b4-6460-4492-af13-ae9dbc602780"
              ],
              "failures": [],
              "pending": [],
              "skipped": [],
              "duration": 1,
              "root": false,
              "rootEmpty": false,
              "_timeout": 2000
            },
            {
              "uuid": "5ac71503-dfdd-43c0-8e9f-967221c1f908",
              "title": "rawListeners()",
              "fullFile": "/home/runner/work/node-pyatv/node-pyatv/test/device-events.ts",
              "file": "/test/device-events.ts",
              "beforeHooks": [],
              "afterHooks": [],
              "tests": [
                {
                  "title": "should work",
                  "fullTitle": "NodePyATVDeviceEvents rawListeners() should work",
                  "timedOut": false,
                  "duration": 0,
                  "state": "passed",
                  "speed": "fast",
                  "pass": true,
                  "fail": false,
                  "pending": false,
                  "context": null,
                  "code": "const device = new device_1.default({\n    name: 'My Testdevice',\n    host: '192.168.178.2',\n    spawn: fake_spawn_1.createFakeSpawn(cp => {\n        cp.onStdIn(() => cp.end());\n    })\n});\nconst listener = () => {\n    // ignore\n};\nassert_1.default.deepStrictEqual(device.rawListeners('test').length, 0);\ndevice.on('test', listener);\nassert_1.default.deepStrictEqual(device.rawListeners('test').length, 1);\nassert_1.default.deepStrictEqual(device.rawListeners('test')[0], listener);\ndevice.off('test', listener);",
                  "err": {},
                  "uuid": "b26c9be9-c9f6-4447-aca6-e78524890dd5",
                  "parentUUID": "5ac71503-dfdd-43c0-8e9f-967221c1f908",
                  "isHook": false,
                  "skipped": false
                }
              ],
              "suites": [],
              "passes": [
                "b26c9be9-c9f6-4447-aca6-e78524890dd5"
              ],
              "failures": [],
              "pending": [],
              "skipped": [],
              "duration": 0,
              "root": false,
              "rootEmpty": false,
              "_timeout": 2000
            },
            {
              "uuid": "164a9ca9-486a-4993-882e-451b41b0d3cc",
              "title": "removeListener()",
              "fullFile": "/home/runner/work/node-pyatv/node-pyatv/test/device-events.ts",
              "file": "/test/device-events.ts",
              "beforeHooks": [],
              "afterHooks": [],
              "tests": [
                {
                  "title": "should work without any exceptions",
                  "fullTitle": "NodePyATVDeviceEvents removeListener() should work without any exceptions",
                  "timedOut": false,
                  "duration": 1,
                  "state": "passed",
                  "speed": "fast",
                  "pass": true,
                  "fail": false,
                  "pending": false,
                  "context": null,
                  "code": "return __awaiter(this, void 0, void 0, function* () {\n    const device = new device_1.default({\n        name: 'My Testdevice',\n        host: '192.168.178.2',\n        spawn: fake_spawn_1.createFakeSpawn(cp => {\n            cp.onStdIn(() => cp.end());\n            cp.stdout({\n                result: 'success',\n                title: 'My Movie'\n            });\n        })\n    });\n    const listener = () => {\n        // empty listener\n    };\n    device.addListener('update', listener);\n    assert_1.default.deepStrictEqual(device.listenerCount('update'), 1);\n    device.removeListener('update', listener);\n    assert_1.default.deepStrictEqual(device.listenerCount('update'), 0);\n});",
                  "err": {},
                  "uuid": "303dffb3-151b-4957-8a1f-81d7a72ad493",
                  "parentUUID": "164a9ca9-486a-4993-882e-451b41b0d3cc",
                  "isHook": false,
                  "skipped": false
                }
              ],
              "suites": [],
              "passes": [
                "303dffb3-151b-4957-8a1f-81d7a72ad493"
              ],
              "failures": [],
              "pending": [],
              "skipped": [],
              "duration": 1,
              "root": false,
              "rootEmpty": false,
              "_timeout": 2000
            }
          ],
          "passes": [],
          "failures": [],
          "pending": [],
          "skipped": [],
          "duration": 0,
          "root": false,
          "rootEmpty": false,
          "_timeout": 2000
        },
        {
          "uuid": "845efc5e-45cd-43d3-a033-58164b579947",
          "title": "NodePyATVDevice",
          "fullFile": "/home/runner/work/node-pyatv/node-pyatv/test/device.ts",
          "file": "/test/device.ts",
          "beforeHooks": [],
          "afterHooks": [],
          "tests": [],
          "suites": [
            {
              "uuid": "4d628a6a-ba4b-4224-ae92-ba0f8bb62125",
              "title": "get name()",
              "fullFile": "/home/runner/work/node-pyatv/node-pyatv/test/device.ts",
              "file": "/test/device.ts",
              "beforeHooks": [],
              "afterHooks": [],
              "tests": [
                {
                  "title": "should return the name",
                  "fullTitle": "NodePyATVDevice get name() should return the name",
                  "timedOut": false,
                  "duration": 0,
                  "state": "passed",
                  "speed": "fast",
                  "pass": true,
                  "fail": false,
                  "pending": false,
                  "context": null,
                  "code": "const device = new device_1.default({\n    name: 'My Testdevice',\n    host: '192.168.178.2'\n});\nassert_1.default.strictEqual(device.name, 'My Testdevice');",
                  "err": {},
                  "uuid": "9e236ded-5ded-4d5b-9211-4a0f71c05b46",
                  "parentUUID": "4d628a6a-ba4b-4224-ae92-ba0f8bb62125",
                  "isHook": false,
                  "skipped": false
                }
              ],
              "suites": [],
              "passes": [
                "9e236ded-5ded-4d5b-9211-4a0f71c05b46"
              ],
              "failures": [],
              "pending": [],
              "skipped": [],
              "duration": 0,
              "root": false,
              "rootEmpty": false,
              "_timeout": 2000
            },
            {
              "uuid": "a0a7a588-816f-405a-93b1-464ebcd67675",
              "title": "get host()",
              "fullFile": "/home/runner/work/node-pyatv/node-pyatv/test/device.ts",
              "file": "/test/device.ts",
              "beforeHooks": [],
              "afterHooks": [],
              "tests": [
                {
                  "title": "should return the host",
                  "fullTitle": "NodePyATVDevice get host() should return the host",
                  "timedOut": false,
                  "duration": 1,
                  "state": "passed",
                  "speed": "fast",
                  "pass": true,
                  "fail": false,
                  "pending": false,
                  "context": null,
                  "code": "const device = new device_1.default({\n    name: 'My Testdevice',\n    host: '192.168.178.2'\n});\nassert_1.default.strictEqual(device.host, '192.168.178.2');",
                  "err": {},
                  "uuid": "979e495e-ce95-4df0-a9e5-0b9d1484251c",
                  "parentUUID": "a0a7a588-816f-405a-93b1-464ebcd67675",
                  "isHook": false,
                  "skipped": false
                }
              ],
              "suites": [],
              "passes": [
                "979e495e-ce95-4df0-a9e5-0b9d1484251c"
              ],
              "failures": [],
              "pending": [],
              "skipped": [],
              "duration": 1,
              "root": false,
              "rootEmpty": false,
              "_timeout": 2000
            },
            {
              "uuid": "d1eba894-7a76-4bb8-a834-70087c46d312",
              "title": "get id()",
              "fullFile": "/home/runner/work/node-pyatv/node-pyatv/test/device.ts",
              "file": "/test/device.ts",
              "beforeHooks": [],
              "afterHooks": [],
              "tests": [
                {
                  "title": "should return the id",
                  "fullTitle": "NodePyATVDevice get id() should return the id",
                  "timedOut": false,
                  "duration": 0,
                  "state": "passed",
                  "speed": "fast",
                  "pass": true,
                  "fail": false,
                  "pending": false,
                  "context": null,
                  "code": "const device = new device_1.default({\n    name: 'My Testdevice',\n    host: '192.168.178.2',\n    id: '*****'\n});\nassert_1.default.strictEqual(device.id, '*****');",
                  "err": {},
                  "uuid": "1419ff90-545a-45b5-ad72-d4b6ad998448",
                  "parentUUID": "d1eba894-7a76-4bb8-a834-70087c46d312",
                  "isHook": false,
                  "skipped": false
                }
              ],
              "suites": [],
              "passes": [
                "1419ff90-545a-45b5-ad72-d4b6ad998448"
              ],
              "failures": [],
              "pending": [],
              "skipped": [],
              "duration": 0,
              "root": false,
              "rootEmpty": false,
              "_timeout": 2000
            },
            {
              "uuid": "87602d3f-2909-423f-8ea8-4444c7908da7",
              "title": "get protocol()",
              "fullFile": "/home/runner/work/node-pyatv/node-pyatv/test/device.ts",
              "file": "/test/device.ts",
              "beforeHooks": [],
              "afterHooks": [],
              "tests": [
                {
                  "title": "should return the protocol",
                  "fullTitle": "NodePyATVDevice get protocol() should return the protocol",
                  "timedOut": false,
                  "duration": 0,
                  "state": "passed",
                  "speed": "fast",
                  "pass": true,
                  "fail": false,
                  "pending": false,
                  "context": null,
                  "code": "const device = new device_1.default({\n    name: 'My Testdevice',\n    host: '192.168.178.2',\n    protocol: types_1.NodePyATVProtocol.airplay\n});\nassert_1.default.strictEqual(device.protocol, types_1.NodePyATVProtocol.airplay);",
                  "err": {},
                  "uuid": "223876d4-561a-483d-83d6-13fcbb9ac309",
                  "parentUUID": "87602d3f-2909-423f-8ea8-4444c7908da7",
                  "isHook": false,
                  "skipped": false
                }
              ],
              "suites": [],
              "passes": [
                "223876d4-561a-483d-83d6-13fcbb9ac309"
              ],
              "failures": [],
              "pending": [],
              "skipped": [],
              "duration": 0,
              "root": false,
              "rootEmpty": false,
              "_timeout": 2000
            },
            {
              "uuid": "93f944bc-e083-4409-8a2d-66a6033b2ac4",
              "title": "get debug()",
              "fullFile": "/home/runner/work/node-pyatv/node-pyatv/test/device.ts",
              "file": "/test/device.ts",
              "beforeHooks": [],
              "afterHooks": [],
              "tests": [
                {
                  "title": "should return true if set to true",
                  "fullTitle": "NodePyATVDevice get debug() should return true if set to true",
                  "timedOut": false,
                  "duration": 0,
                  "state": "passed",
                  "speed": "fast",
                  "pass": true,
                  "fail": false,
                  "pending": false,
                  "context": null,
                  "code": "const device = new device_1.default({\n    name: 'My Testdevice',\n    host: '192.168.178.2',\n    debug: true\n});\nassert_1.default.strictEqual(device.debug, true);",
                  "err": {},
                  "uuid": "f24c8a97-7f7b-4452-8512-cf98163ba54b",
                  "parentUUID": "93f944bc-e083-4409-8a2d-66a6033b2ac4",
                  "isHook": false,
                  "skipped": false
                },
                {
                  "title": "should return fn if set to custom function",
                  "fullTitle": "NodePyATVDevice get debug() should return fn if set to custom function",
                  "timedOut": false,
                  "duration": 0,
                  "state": "passed",
                  "speed": "fast",
                  "pass": true,
                  "fail": false,
                  "pending": false,
                  "context": null,
                  "code": "// eslint-disable-next-line @typescript-eslint/no-empty-function\nconst fn = () => {\n};\nconst device = new device_1.default({\n    name: 'My Testdevice',\n    host: '192.168.178.2',\n    debug: fn\n});\nassert_1.default.strictEqual(device.debug, fn);",
                  "err": {},
                  "uuid": "c9004988-c687-47e4-9e3b-9556ac775eec",
                  "parentUUID": "93f944bc-e083-4409-8a2d-66a6033b2ac4",
                  "isHook": false,
                  "skipped": false
                },
                {
                  "title": "should return false if unset",
                  "fullTitle": "NodePyATVDevice get debug() should return false if unset",
                  "timedOut": false,
                  "duration": 1,
                  "state": "passed",
                  "speed": "fast",
                  "pass": true,
                  "fail": false,
                  "pending": false,
                  "context": null,
                  "code": "const device = new device_1.default({\n    name: 'My Testdevice',\n    host: '192.168.178.2'\n});\nassert_1.default.strictEqual(device.debug, undefined);",
                  "err": {},
                  "uuid": "2d913a03-3b7a-40f9-8fb1-e81f50e17a6d",
                  "parentUUID": "93f944bc-e083-4409-8a2d-66a6033b2ac4",
                  "isHook": false,
                  "skipped": false
                }
              ],
              "suites": [],
              "passes": [
                "f24c8a97-7f7b-4452-8512-cf98163ba54b",
                "c9004988-c687-47e4-9e3b-9556ac775eec",
                "2d913a03-3b7a-40f9-8fb1-e81f50e17a6d"
              ],
              "failures": [],
              "pending": [],
              "skipped": [],
              "duration": 1,
              "root": false,
              "rootEmpty": false,
              "_timeout": 2000
            },
            {
              "uuid": "a37614bf-cc0e-41c2-9dbc-691504ea49ac",
              "title": "set debug()",
              "fullFile": "/home/runner/work/node-pyatv/node-pyatv/test/device.ts",
              "file": "/test/device.ts",
              "beforeHooks": [],
              "afterHooks": [],
              "tests": [
                {
                  "title": "should work for debug = true",
                  "fullTitle": "NodePyATVDevice set debug() should work for debug = true",
                  "timedOut": false,
                  "duration": 0,
                  "state": "passed",
                  "speed": "fast",
                  "pass": true,
                  "fail": false,
                  "pending": false,
                  "context": null,
                  "code": "const device = new device_1.default({\n    name: 'My Testdevice',\n    host: '192.168.178.2'\n});\nassert_1.default.strictEqual(device.debug, undefined);\ndevice.debug = true;\nassert_1.default.strictEqual(device.debug, true);",
                  "err": {},
                  "uuid": "17c3548e-2d82-4b45-9a23-608a0892963f",
                  "parentUUID": "a37614bf-cc0e-41c2-9dbc-691504ea49ac",
                  "isHook": false,
                  "skipped": false
                },
                {
                  "title": "should work for debug = undefined",
                  "fullTitle": "NodePyATVDevice set debug() should work for debug = undefined",
                  "timedOut": false,
                  "duration": 0,
                  "state": "passed",
                  "speed": "fast",
                  "pass": true,
                  "fail": false,
                  "pending": false,
                  "context": null,
                  "code": "const device = new device_1.default({\n    name: 'My Testdevice',\n    host: '192.168.178.2',\n    debug: true\n});\nassert_1.default.strictEqual(device.debug, true);\ndevice.debug = undefined;\nassert_1.default.strictEqual(device.debug, undefined);",
                  "err": {},
                  "uuid": "3f133676-7eaf-426b-97ca-8153824251dc",
                  "parentUUID": "a37614bf-cc0e-41c2-9dbc-691504ea49ac",
                  "isHook": false,
                  "skipped": false
                },
                {
                  "title": "should work for debug = undefined",
                  "fullTitle": "NodePyATVDevice set debug() should work for debug = undefined",
                  "timedOut": false,
                  "duration": 1,
                  "state": "passed",
                  "speed": "fast",
                  "pass": true,
                  "fail": false,
                  "pending": false,
                  "context": null,
                  "code": "const device = new device_1.default({\n    name: 'My Testdevice',\n    host: '192.168.178.2',\n    debug: true\n});\nassert_1.default.strictEqual(device.debug, true);\ndevice.debug = undefined;\nassert_1.default.strictEqual(device.debug, undefined);",
                  "err": {},
                  "uuid": "3f678d02-fe55-41f8-88f6-ca3d7f5c40a7",
                  "parentUUID": "a37614bf-cc0e-41c2-9dbc-691504ea49ac",
                  "isHook": false,
                  "skipped": false
                },
                {
                  "title": "should work for debug = fn",
                  "fullTitle": "NodePyATVDevice set debug() should work for debug = fn",
                  "timedOut": false,
                  "duration": 0,
                  "state": "passed",
                  "speed": "fast",
                  "pass": true,
                  "fail": false,
                  "pending": false,
                  "context": null,
                  "code": "const device = new device_1.default({\n    name: 'My Testdevice',\n    host: '192.168.178.2'\n});\n// eslint-disable-next-line @typescript-eslint/no-empty-function\nconst fn = () => {\n};\nassert_1.default.strictEqual(device.debug, undefined);\ndevice.debug = fn;\nassert_1.default.strictEqual(device.debug, fn);",
                  "err": {},
                  "uuid": "43f8c5f1-847c-4b7d-aa30-daef4b7077d0",
                  "parentUUID": "a37614bf-cc0e-41c2-9dbc-691504ea49ac",
                  "isHook": false,
                  "skipped": false
                }
              ],
              "suites": [],
              "passes": [
                "17c3548e-2d82-4b45-9a23-608a0892963f",
                "3f133676-7eaf-426b-97ca-8153824251dc",
                "3f678d02-fe55-41f8-88f6-ca3d7f5c40a7",
                "43f8c5f1-847c-4b7d-aa30-daef4b7077d0"
              ],
              "failures": [],
              "pending": [],
              "skipped": [],
              "duration": 1,
              "root": false,
              "rootEmpty": false,
              "_timeout": 2000
            },
            {
              "uuid": "6940c4fc-01ed-4be2-965b-e12670ba6c7d",
              "title": "toJSON()",
              "fullFile": "/home/runner/work/node-pyatv/node-pyatv/test/device.ts",
              "file": "/test/device.ts",
              "beforeHooks": [],
              "afterHooks": [],
              "tests": [
                {
                  "title": "should return a object representation",
                  "fullTitle": "NodePyATVDevice toJSON() should return a object representation",
                  "timedOut": false,
                  "duration": 0,
                  "state": "passed",
                  "speed": "fast",
                  "pass": true,
                  "fail": false,
                  "pending": false,
                  "context": null,
                  "code": "const device = new device_1.default({\n    name: 'My Testdevice',\n    host: '192.168.178.2',\n    id: '*****',\n    protocol: types_1.NodePyATVProtocol.airplay\n});\nassert_1.default.deepEqual(device.toJSON(), {\n    name: 'My Testdevice',\n    host: '192.168.178.2',\n    id: '*****',\n    protocol: types_1.NodePyATVProtocol.airplay\n});",
                  "err": {},
                  "uuid": "932fe091-9cc8-434a-b893-19bf62d72a2d",
                  "parentUUID": "6940c4fc-01ed-4be2-965b-e12670ba6c7d",
                  "isHook": false,
                  "skipped": false
                },
                {
                  "title": "should be possible to create a new device from this",
                  "fullTitle": "NodePyATVDevice toJSON() should be possible to create a new device from this",
                  "timedOut": false,
                  "duration": 1,
                  "state": "passed",
                  "speed": "fast",
                  "pass": true,
                  "fail": false,
                  "pending": false,
                  "context": null,
                  "code": "const config = {\n    name: 'My Testdevice',\n    host: '192.168.178.2',\n    id: '*****',\n    protocol: types_1.NodePyATVProtocol.airplay\n};\nconst deviceA = new device_1.default(config);\nconst deviceB = new device_1.default(deviceA.toJSON());\nassert_1.default.deepEqual(deviceB.toJSON(), config);",
                  "err": {},
                  "uuid": "7e343dfd-1846-45e1-83c2-ebfecbd26201",
                  "parentUUID": "6940c4fc-01ed-4be2-965b-e12670ba6c7d",
                  "isHook": false,
                  "skipped": false
                }
              ],
              "suites": [],
              "passes": [
                "932fe091-9cc8-434a-b893-19bf62d72a2d",
                "7e343dfd-1846-45e1-83c2-ebfecbd26201"
              ],
              "failures": [],
              "pending": [],
              "skipped": [],
              "duration": 1,
              "root": false,
              "rootEmpty": false,
              "_timeout": 2000
            },
            {
              "uuid": "68140e81-6c15-497d-954a-c92395a1f273",
              "title": "toString()",
              "fullFile": "/home/runner/work/node-pyatv/node-pyatv/test/device.ts",
              "file": "/test/device.ts",
              "beforeHooks": [],
              "afterHooks": [],
              "tests": [
                {
                  "title": "should work",
                  "fullTitle": "NodePyATVDevice toString() should work",
                  "timedOut": false,
                  "duration": 0,
                  "state": "passed",
                  "speed": "fast",
                  "pass": true,
                  "fail": false,
                  "pending": false,
                  "context": null,
                  "code": "const device = new device_1.default({\n    name: 'My Testdevice',\n    host: '192.168.178.2'\n});\nassert_1.default.strictEqual(device.toString(), 'NodePyATVDevice(My Testdevice, 192.168.178.2)');",
                  "err": {},
                  "uuid": "c09b84c5-f90a-4e4b-9471-e31b13885373",
                  "parentUUID": "68140e81-6c15-497d-954a-c92395a1f273",
                  "isHook": false,
                  "skipped": false
                }
              ],
              "suites": [],
              "passes": [
                "c09b84c5-f90a-4e4b-9471-e31b13885373"
              ],
              "failures": [],
              "pending": [],
              "skipped": [],
              "duration": 0,
              "root": false,
              "rootEmpty": false,
              "_timeout": 2000
            },
            {
              "uuid": "c8351b51-be29-4168-9868-f7521bcde1ca",
              "title": "getState()",
              "fullFile": "/home/runner/work/node-pyatv/node-pyatv/test/device.ts",
              "file": "/test/device.ts",
              "beforeHooks": [],
              "afterHooks": [],
              "tests": [
                {
                  "title": "should work [I]",
                  "fullTitle": "NodePyATVDevice getState() should work [I]",
                  "timedOut": false,
                  "duration": 0,
                  "state": "pending",
                  "speed": null,
                  "pass": false,
                  "fail": false,
                  "pending": true,
                  "context": null,
                  "code": "",
                  "err": {},
                  "uuid": "e0aa1b10-4112-4541-a85e-f99cb69fd53e",
                  "parentUUID": "c8351b51-be29-4168-9868-f7521bcde1ca",
                  "isHook": false,
                  "skipped": false
                },
                {
                  "title": "should work",
                  "fullTitle": "NodePyATVDevice getState() should work",
                  "timedOut": false,
                  "duration": 2,
                  "state": "passed",
                  "speed": "fast",
                  "pass": true,
                  "fail": false,
                  "pending": false,
                  "context": null,
                  "code": "return __awaiter(this, void 0, void 0, function* () {\n    const device = new device_1.default({\n        name: 'My Testdevice',\n        host: '192.168.178.2',\n        spawn: fake_spawn_1.createFakeSpawn(cp => {\n            cp.end({\n                result: 'success',\n                datetime: '2020-11-07T22:38:43.608030+01:00',\n                hash: '100e0ab6-6ff5-4199-9c04-a7107ff78712',\n                media_type: 'video',\n                device_state: 'playing',\n                title: 'Solo: A Star Wars Story',\n                artist: null,\n                album: null,\n                genre: null,\n                total_time: 8097,\n                position: 27,\n                shuffle: 'off',\n                repeat: 'off',\n                app: 'Disney+',\n                app_id: 'com.disney.disneyplus'\n            });\n        })\n    });\n    const result = yield device.getState();\n    assert_1.default.deepStrictEqual(result, {\n        dateTime: new Date('2020-11-07T22:38:43.608030+01:00'),\n        hash: '100e0ab6-6ff5-4199-9c04-a7107ff78712',\n        mediaType: types_1.NodePyATVMediaType.video,\n        deviceState: types_1.NodePyATVDeviceState.playing,\n        title: 'Solo: A Star Wars Story',\n        artist: null,\n        album: null,\n        genre: null,\n        totalTime: 8097,\n        position: 27,\n        shuffle: types_1.NodePyATVShuffleState.off,\n        repeat: types_1.NodePyATVRepeatState.off,\n        app: 'Disney+',\n        appId: 'com.disney.disneyplus'\n    });\n});",
                  "err": {},
                  "uuid": "4566487e-a4f7-4995-b750-3e1af5b5238c",
                  "parentUUID": "c8351b51-be29-4168-9868-f7521bcde1ca",
                  "isHook": false,
                  "skipped": false
                },
                {
                  "title": "should cache requests for a bit",
                  "fullTitle": "NodePyATVDevice getState() should cache requests for a bit",
                  "timedOut": false,
                  "duration": 1,
                  "state": "passed",
                  "speed": "fast",
                  "pass": true,
                  "fail": false,
                  "pending": false,
                  "context": null,
                  "code": "return __awaiter(this, void 0, void 0, function* () {\n    let executions = 0;\n    const device = new device_1.default({\n        name: 'My Testdevice',\n        host: '192.168.178.2',\n        spawn: fake_spawn_1.createFakeSpawn(cp => {\n            executions++;\n            cp.end({\n                result: 'success',\n                datetime: new Date().toJSON(),\n                hash: '100e0ab6-6ff5-4199-9c04-a7107ff78712',\n                media_type: 'video',\n                device_state: 'playing',\n                title: 'Solo: A Star Wars Story',\n                artist: null,\n                album: null,\n                genre: null,\n                total_time: 8097,\n                position: 27,\n                shuffle: 'off',\n                repeat: 'off',\n                app: 'Disney+',\n                app_id: 'com.disney.disneyplus'\n            });\n        })\n    });\n    const firstResult = yield device.getState();\n    const secondResult = yield device.getState();\n    assert_1.default.strictEqual(firstResult.dateTime, secondResult.dateTime);\n    assert_1.default.strictEqual(executions, 1);\n});",
                  "err": {},
                  "uuid": "5acff4b8-afd5-4607-9a48-6362942d29be",
                  "parentUUID": "c8351b51-be29-4168-9868-f7521bcde1ca",
                  "isHook": false,
                  "skipped": false
                },
                {
                  "title": "should update the position if cache was used",
                  "fullTitle": "NodePyATVDevice getState() should update the position if cache was used",
                  "timedOut": false,
                  "duration": 2,
                  "state": "passed",
                  "speed": "fast",
                  "pass": true,
                  "fail": false,
                  "pending": false,
                  "context": null,
                  "code": "return __awaiter(this, void 0, void 0, function* () {\n    const device = new device_1.default({\n        name: 'My Testdevice',\n        host: '192.168.178.2',\n        spawn: fake_spawn_1.createFakeSpawn(cp => {\n            cp.end({\n                result: 'success',\n                datetime: new Date(new Date().getTime() - 1000).toJSON(),\n                hash: '100e0ab6-6ff5-4199-9c04-a7107ff78712',\n                media_type: 'video',\n                device_state: 'playing',\n                title: 'Solo: A Star Wars Story',\n                artist: null,\n                album: null,\n                genre: null,\n                total_time: 8097,\n                position: 27,\n                shuffle: 'off',\n                repeat: 'off',\n                app: 'Disney+',\n                app_id: 'com.disney.disneyplus'\n            });\n        })\n    });\n    const firstResult = yield device.getState();\n    assert_1.default.strictEqual(firstResult.position, 27);\n    const secondResult = yield device.getState();\n    assert_1.default.ok(secondResult.position);\n    assert_1.default.ok(secondResult.position > 27, `Position should be > 27, was ${secondResult.position}`);\n    assert_1.default.ok(secondResult.position < 30, `Position should be > 27, was ${secondResult.position}`);\n});",
                  "err": {},
                  "uuid": "0aabb8bf-cfa1-4507-a72b-3326f2184947",
                  "parentUUID": "c8351b51-be29-4168-9868-f7521bcde1ca",
                  "isHook": false,
                  "skipped": false
                }
              ],
              "suites": [],
              "passes": [
                "4566487e-a4f7-4995-b750-3e1af5b5238c",
                "5acff4b8-afd5-4607-9a48-6362942d29be",
                "0aabb8bf-cfa1-4507-a72b-3326f2184947"
              ],
              "failures": [],
              "pending": [
                "e0aa1b10-4112-4541-a85e-f99cb69fd53e"
              ],
              "skipped": [],
              "duration": 5,
              "root": false,
              "rootEmpty": false,
              "_timeout": 2000
            },
            {
              "uuid": "68c23996-7504-4eb0-b4f5-c31ad1e991e4",
              "title": "clearState()",
              "fullFile": "/home/runner/work/node-pyatv/node-pyatv/test/device.ts",
              "file": "/test/device.ts",
              "beforeHooks": [],
              "afterHooks": [],
              "tests": [
                {
                  "title": "should work",
                  "fullTitle": "NodePyATVDevice clearState() should work",
                  "timedOut": false,
                  "duration": 3,
                  "state": "passed",
                  "speed": "fast",
                  "pass": true,
                  "fail": false,
                  "pending": false,
                  "context": null,
                  "code": "return __awaiter(this, void 0, void 0, function* () {\n    let executions = 0;\n    const device = new device_1.default({\n        name: 'My Testdevice',\n        host: '192.168.178.2',\n        spawn: fake_spawn_1.createFakeSpawn(cp => {\n            executions++;\n            cp.end({\n                result: 'success',\n                datetime: '2020-11-07T22:38:43.608030+01:00',\n                title: 'Solo: A Star Wars Story'\n            });\n        })\n    });\n    assert_1.default.deepStrictEqual(yield device.getTitle(), 'Solo: A Star Wars Story');\n    device.clearState();\n    assert_1.default.deepStrictEqual(yield device.getTitle(), 'Solo: A Star Wars Story');\n    assert_1.default.strictEqual(executions, 2);\n});",
                  "err": {},
                  "uuid": "d7a0521b-e960-4b55-8834-8f749562b109",
                  "parentUUID": "68c23996-7504-4eb0-b4f5-c31ad1e991e4",
                  "isHook": false,
                  "skipped": false
                }
              ],
              "suites": [],
              "passes": [
                "d7a0521b-e960-4b55-8834-8f749562b109"
              ],
              "failures": [],
              "pending": [],
              "skipped": [],
              "duration": 3,
              "root": false,
              "rootEmpty": false,
              "_timeout": 2000
            },
            {
              "uuid": "f225c256-7745-47c2-ad00-650d39dffdf2",
              "title": "getDateTime()",
              "fullFile": "/home/runner/work/node-pyatv/node-pyatv/test/device.ts",
              "file": "/test/device.ts",
              "beforeHooks": [],
              "afterHooks": [],
              "tests": [
                {
                  "title": "should work",
                  "fullTitle": "NodePyATVDevice getDateTime() should work",
                  "timedOut": false,
                  "duration": 1,
                  "state": "passed",
                  "speed": "fast",
                  "pass": true,
                  "fail": false,
                  "pending": false,
                  "context": null,
                  "code": "return __awaiter(this, void 0, void 0, function* () {\n    const device = new device_1.default({\n        name: 'My Testdevice',\n        host: '192.168.178.2',\n        spawn: fake_spawn_1.createFakeSpawn(cp => {\n            cp.end({\n                result: 'success',\n                datetime: new Date().toJSON()\n            });\n        })\n    });\n    const result = yield device.getDateTime();\n    assert_1.default.ok(result instanceof Date);\n});",
                  "err": {},
                  "uuid": "2fc025f4-03ef-467c-8998-7d4ea697d36b",
                  "parentUUID": "f225c256-7745-47c2-ad00-650d39dffdf2",
                  "isHook": false,
                  "skipped": false
                }
              ],
              "suites": [],
              "passes": [
                "2fc025f4-03ef-467c-8998-7d4ea697d36b"
              ],
              "failures": [],
              "pending": [],
              "skipped": [],
              "duration": 1,
              "root": false,
              "rootEmpty": false,
              "_timeout": 2000
            },
            {
              "uuid": "ea9f883c-cf84-4a08-ac87-91f6281fc163",
              "title": "getHash()",
              "fullFile": "/home/runner/work/node-pyatv/node-pyatv/test/device.ts",
              "file": "/test/device.ts",
              "beforeHooks": [],
              "afterHooks": [],
              "tests": [
                {
                  "title": "should work",
                  "fullTitle": "NodePyATVDevice getHash() should work",
                  "timedOut": false,
                  "duration": 1,
                  "state": "passed",
                  "speed": "fast",
                  "pass": true,
                  "fail": false,
                  "pending": false,
                  "context": null,
                  "code": "return __awaiter(this, void 0, void 0, function* () {\n    const device = new device_1.default({\n        name: 'My Testdevice',\n        host: '192.168.178.2',\n        spawn: fake_spawn_1.createFakeSpawn(cp => {\n            cp.end({\n                result: 'success',\n                hash: '12345'\n            });\n        })\n    });\n    const result = yield device.getHash();\n    assert_1.default.strictEqual(result, '12345');\n});",
                  "err": {},
                  "uuid": "cca71411-c420-47a6-9a67-79cb7ba8c936",
                  "parentUUID": "ea9f883c-cf84-4a08-ac87-91f6281fc163",
                  "isHook": false,
                  "skipped": false
                }
              ],
              "suites": [],
              "passes": [
                "cca71411-c420-47a6-9a67-79cb7ba8c936"
              ],
              "failures": [],
              "pending": [],
              "skipped": [],
              "duration": 1,
              "root": false,
              "rootEmpty": false,
              "_timeout": 2000
            },
            {
              "uuid": "07ce397c-bde2-4d16-afbb-2ba382e17314",
              "title": "getMediaType()",
              "fullFile": "/home/runner/work/node-pyatv/node-pyatv/test/device.ts",
              "file": "/test/device.ts",
              "beforeHooks": [],
              "afterHooks": [],
              "tests": [
                {
                  "title": "should work",
                  "fullTitle": "NodePyATVDevice getMediaType() should work",
                  "timedOut": false,
                  "duration": 1,
                  "state": "passed",
                  "speed": "fast",
                  "pass": true,
                  "fail": false,
                  "pending": false,
                  "context": null,
                  "code": "return __awaiter(this, void 0, void 0, function* () {\n    const device = new device_1.default({\n        name: 'My Testdevice',\n        host: '192.168.178.2',\n        spawn: fake_spawn_1.createFakeSpawn(cp => {\n            cp.end({\n                result: 'success',\n                media_type: 'video'\n            });\n        })\n    });\n    const result = yield device.getMediaType();\n    assert_1.default.deepStrictEqual(result, types_1.NodePyATVMediaType.video);\n    assert_1.default.deepStrictEqual(result, 'video');\n});",
                  "err": {},
                  "uuid": "641a55ca-6576-4b51-b01d-986a5514053a",
                  "parentUUID": "07ce397c-bde2-4d16-afbb-2ba382e17314",
                  "isHook": false,
                  "skipped": false
                }
              ],
              "suites": [],
              "passes": [
                "641a55ca-6576-4b51-b01d-986a5514053a"
              ],
              "failures": [],
              "pending": [],
              "skipped": [],
              "duration": 1,
              "root": false,
              "rootEmpty": false,
              "_timeout": 2000
            },
            {
              "uuid": "9470d30a-8b72-4abe-97c9-24897b850960",
              "title": "getDeviceState()",
              "fullFile": "/home/runner/work/node-pyatv/node-pyatv/test/device.ts",
              "file": "/test/device.ts",
[...]
                  "code": "tools_1.debug('TEST', 'Hello World.', { noColors: true });",
                  "err": {},
                  "uuid": "9f234857-d218-44b5-8f04-9a7bff126807",
                  "parentUUID": "69268158-3e75-444b-9791-4e9f5ef1e407",
                  "isHook": false,
                  "skipped": false
                },
                {
                  "title": "should work with custom logger and colors disabled",
                  "fullTitle": "Tools debug() should work with custom logger and colors disabled",
                  "timedOut": false,
                  "duration": 0,
                  "state": "passed",
                  "speed": "fast",
                  "pass": true,
                  "fail": false,
                  "pending": false,
                  "context": null,
                  "code": "tools_1.debug('TEST', 'Hello World.', {\n    noColors: true,\n    debug: function (msg) {\n        assert_1.default.strictEqual(this, null);\n        assert_1.default.strictEqual(msg, '[node-pyatv][TEST] Hello World.');\n    }\n});",
                  "err": {},
                  "uuid": "0fa71b16-8fe8-475c-90b8-bf79ecf117e8",
                  "parentUUID": "69268158-3e75-444b-9791-4e9f5ef1e407",
                  "isHook": false,
                  "skipped": false
                }
              ],
              "suites": [],
              "passes": [
                "681027be-af44-4e02-921c-5418e2c036f0",
                "8c56a29e-5f86-4189-9c8e-c335a7b24df2",
                "5941ad30-839d-441f-8390-e28fbbab2f85",
                "9f234857-d218-44b5-8f04-9a7bff126807",
                "0fa71b16-8fe8-475c-90b8-bf79ecf117e8"
              ],
              "failures": [],
              "pending": [],
              "skipped": [],
              "duration": 1,
              "root": false,
              "rootEmpty": false,
              "_timeout": 2000
            },
            {
              "uuid": "be825d8f-a19c-4363-8a0d-e9f8ca3f00e6",
              "title": "getExecutable()",
              "fullFile": "/home/runner/work/node-pyatv/node-pyatv/test/tools.ts",
              "file": "/test/tools.ts",
              "beforeHooks": [],
              "afterHooks": [],
              "tests": [
                {
                  "title": "should handle atvremotePath if set",
                  "fullTitle": "Tools getExecutable() should handle atvremotePath if set",
                  "timedOut": false,
                  "duration": 0,
                  "state": "passed",
                  "speed": "fast",
                  "pass": true,
                  "fail": false,
                  "pending": false,
                  "context": null,
                  "code": "const result = tools_1.getExecutable(types_1.NodePyATVExecutableType.atvremote, {\n    atvremotePath: '/tmp/1',\n    atvscriptPath: '/tmp/2'\n});\nassert_1.default.strictEqual(result, '/tmp/1');",
                  "err": {},
                  "uuid": "44a44a69-ef6e-426b-be10-dd6d74f8bf58",
                  "parentUUID": "be825d8f-a19c-4363-8a0d-e9f8ca3f00e6",
                  "isHook": false,
                  "skipped": false
                },
                {
                  "title": "should handle atvscriptPath if set",
                  "fullTitle": "Tools getExecutable() should handle atvscriptPath if set",
                  "timedOut": false,
                  "duration": 0,
                  "state": "passed",
                  "speed": "fast",
                  "pass": true,
                  "fail": false,
                  "pending": false,
                  "context": null,
                  "code": "const result = tools_1.getExecutable(types_1.NodePyATVExecutableType.atvscript, {\n    atvremotePath: '/tmp/1',\n    atvscriptPath: '/tmp/2'\n});\nassert_1.default.strictEqual(result, '/tmp/2');",
                  "err": {},
                  "uuid": "2df48f1e-a57c-4242-8e3c-971c1b1ba970",
                  "parentUUID": "be825d8f-a19c-4363-8a0d-e9f8ca3f00e6",
                  "isHook": false,
                  "skipped": false
                },
                {
                  "title": "should handle default for atvremote",
                  "fullTitle": "Tools getExecutable() should handle default for atvremote",
                  "timedOut": false,
                  "duration": 0,
                  "state": "passed",
                  "speed": "fast",
                  "pass": true,
                  "fail": false,
                  "pending": false,
                  "context": null,
                  "code": "const result = tools_1.getExecutable(types_1.NodePyATVExecutableType.atvremote, {\n    atvscriptPath: '/tmp'\n});\nassert_1.default.strictEqual(result, 'atvremote');",
                  "err": {},
                  "uuid": "7b9e49ef-3f0b-4696-bb8c-9a7dd59e2d64",
                  "parentUUID": "be825d8f-a19c-4363-8a0d-e9f8ca3f00e6",
                  "isHook": false,
                  "skipped": false
                },
                {
                  "title": "should handle default for atvscript",
                  "fullTitle": "Tools getExecutable() should handle default for atvscript",
                  "timedOut": false,
                  "duration": 0,
                  "state": "passed",
                  "speed": "fast",
                  "pass": true,
                  "fail": false,
                  "pending": false,
                  "context": null,
                  "code": "const result = tools_1.getExecutable(types_1.NodePyATVExecutableType.atvscript, {\n    atvremotePath: '/tmp'\n});\nassert_1.default.strictEqual(result, 'atvscript');",
                  "err": {},
                  "uuid": "db894a65-2608-4031-8915-7eeffae8c5a5",
                  "parentUUID": "be825d8f-a19c-4363-8a0d-e9f8ca3f00e6",
                  "isHook": false,
                  "skipped": false
                }
              ],
              "suites": [],
              "passes": [
                "44a44a69-ef6e-426b-be10-dd6d74f8bf58",
                "2df48f1e-a57c-4242-8e3c-971c1b1ba970",
                "7b9e49ef-3f0b-4696-bb8c-9a7dd59e2d64",
                "db894a65-2608-4031-8915-7eeffae8c5a5"
              ],
              "failures": [],
              "pending": [],
              "skipped": [],
              "duration": 0,
              "root": false,
              "rootEmpty": false,
              "_timeout": 2000
            },
            {
              "uuid": "f31ad7db-b916-44c2-b3a4-d0c194fe91b3",
              "title": "getParameters()",
              "fullFile": "/home/runner/work/node-pyatv/node-pyatv/test/tools.ts",
              "file": "/test/tools.ts",
              "beforeHooks": [],
              "afterHooks": [],
              "tests": [
                {
                  "title": "empty case",
                  "fullTitle": "Tools getParameters() empty case",
                  "timedOut": false,
                  "duration": 1,
                  "state": "passed",
                  "speed": "fast",
                  "pass": true,
                  "fail": false,
                  "pending": false,
                  "context": null,
                  "code": "return __awaiter(this, void 0, void 0, function* () {\n    const result = yield tools_1.getParamters();\n    assert_1.default.deepEqual(result, []);\n});",
                  "err": {},
                  "uuid": "76a7c601-88d3-4a57-98e6-cb4a9c0749c1",
                  "parentUUID": "f31ad7db-b916-44c2-b3a4-d0c194fe91b3",
                  "isHook": false,
                  "skipped": false
                },
                {
                  "title": "easy case",
                  "fullTitle": "Tools getParameters() easy case",
                  "timedOut": false,
                  "duration": 0,
                  "state": "passed",
                  "speed": "fast",
                  "pass": true,
                  "fail": false,
                  "pending": false,
                  "context": null,
                  "code": "return __awaiter(this, void 0, void 0, function* () {\n    const result = yield tools_1.getParamters({\n        host: '192.168.178.2'\n    });\n    assert_1.default.deepEqual(result, ['-s', '192.168.178.2']);\n});",
                  "err": {},
                  "uuid": "7b4c59cd-a623-4c06-8055-520cf92eba48",
                  "parentUUID": "f31ad7db-b916-44c2-b3a4-d0c194fe91b3",
                  "isHook": false,
                  "skipped": false
                },
                {
                  "title": "full case",
                  "fullTitle": "Tools getParameters() full case",
                  "timedOut": false,
                  "duration": 0,
                  "state": "passed",
                  "speed": "fast",
                  "pass": true,
                  "fail": false,
                  "pending": false,
                  "context": null,
                  "code": "return __awaiter(this, void 0, void 0, function* () {\n    const result = yield tools_1.getParamters({\n        hosts: ['192.168.178.2', '192.168.178.3'],\n        id: '****',\n        protocol: types_1.NodePyATVProtocol.mrp,\n        dmapCredentials: '****',\n        mrpCredentials: '****',\n        airplayCredentials: '****'\n    });\n    assert_1.default.deepEqual(result, [\n        '-s', '192.168.178.2,192.168.178.3',\n        '-i', '****',\n        '--protocol', 'mrp',\n        '--dmap-credentials', '****',\n        '--mrp-credentials', '****',\n        '--airplay-credentials', '****'\n    ]);\n});",
                  "err": {},
                  "uuid": "038b91d8-a77c-4054-afca-47b6d6f9ea0b",
                  "parentUUID": "f31ad7db-b916-44c2-b3a4-d0c194fe91b3",
                  "isHook": false,
                  "skipped": false
                }
              ],
              "suites": [],
              "passes": [
                "76a7c601-88d3-4a57-98e6-cb4a9c0749c1",
                "7b4c59cd-a623-4c06-8055-520cf92eba48",
                "038b91d8-a77c-4054-afca-47b6d6f9ea0b"
              ],
              "failures": [],
              "pending": [],
              "skipped": [],
              "duration": 1,
              "root": false,
              "rootEmpty": false,
              "_timeout": 2000
            },
            {
              "uuid": "60f16edc-795b-41f1-9ec1-9066a7a199d3",
              "title": "parseState()",
              "fullFile": "/home/runner/work/node-pyatv/node-pyatv/test/tools.ts",
              "file": "/test/tools.ts",
              "beforeHooks": [],
              "afterHooks": [],
              "tests": [
                {
                  "title": "should work with empty data",
                  "fullTitle": "Tools parseState() should work with empty data",
                  "timedOut": false,
                  "duration": 1,
                  "state": "passed",
                  "speed": "fast",
                  "pass": true,
                  "fail": false,
                  "pending": false,
                  "context": null,
                  "code": "const input = {};\nconst result = tools_1.parseState(input, '', {});\nassert_1.default.deepStrictEqual(result, {\n    dateTime: null,\n    hash: null,\n    mediaType: null,\n    deviceState: null,\n    title: null,\n    artist: null,\n    album: null,\n    genre: null,\n    totalTime: null,\n    position: null,\n    shuffle: null,\n    repeat: null,\n    app: null,\n    appId: null\n});",
                  "err": {},
                  "uuid": "60225465-bfad-48fa-96f7-f91572c365c7",
                  "parentUUID": "60f16edc-795b-41f1-9ec1-9066a7a199d3",
                  "isHook": false,
                  "skipped": false
                },
                {
                  "title": "should work without data",
                  "fullTitle": "Tools parseState() should work without data",
                  "timedOut": false,
                  "duration": 0,
                  "state": "passed",
                  "speed": "fast",
                  "pass": true,
                  "fail": false,
                  "pending": false,
                  "context": null,
                  "code": "// @ts-ignore\nconst result = tools_1.parseState(null, '', {});\nassert_1.default.deepStrictEqual(result, {\n    dateTime: null,\n    hash: null,\n    mediaType: null,\n    deviceState: null,\n    title: null,\n    artist: null,\n    album: null,\n    genre: null,\n    totalTime: null,\n    position: null,\n    shuffle: null,\n    repeat: null,\n    app: null,\n    appId: null\n});",
                  "err": {},
                  "uuid": "9eadf644-dd89-4c1c-aeb3-bce045982fce",
                  "parentUUID": "60f16edc-795b-41f1-9ec1-9066a7a199d3",
                  "isHook": false,
                  "skipped": false
                },
                {
                  "title": "should work with example data",
                  "fullTitle": "Tools parseState() should work with example data",
                  "timedOut": false,
                  "duration": 0,
                  "state": "passed",
                  "speed": "fast",
                  "pass": true,
                  "fail": false,
                  "pending": false,
                  "context": null,
                  "code": "const input = {\n    result: 'success',\n    datetime: '2020-11-07T22:38:43.608030+01:00',\n    hash: '100e0ab6-6ff5-4199-9c04-a7107ff78712',\n    media_type: 'video',\n    device_state: 'playing',\n    title: 'Solo: A Star Wars Story',\n    artist: null,\n    album: null,\n    genre: null,\n    total_time: 8097,\n    position: 27,\n    shuffle: 'off',\n    repeat: 'off',\n    app: 'Disney+',\n    app_id: 'com.disney.disneyplus'\n};\nconst result = tools_1.parseState(input, '', {});\nassert_1.default.deepStrictEqual(result, {\n    dateTime: new Date('2020-11-07T22:38:43.608030+01:00'),\n    hash: '100e0ab6-6ff5-4199-9c04-a7107ff78712',\n    mediaType: types_1.NodePyATVMediaType.video,\n    deviceState: types_1.NodePyATVDeviceState.playing,\n    title: 'Solo: A Star Wars Story',\n    artist: null,\n    album: null,\n    genre: null,\n    totalTime: 8097,\n    position: 27,\n    shuffle: types_1.NodePyATVShuffleState.off,\n    repeat: types_1.NodePyATVRepeatState.off,\n    app: 'Disney+',\n    appId: 'com.disney.disneyplus'\n});",
                  "err": {},
                  "uuid": "95fa1e69-7d57-4e87-96bf-575ca3382126",
                  "parentUUID": "60f16edc-795b-41f1-9ec1-9066a7a199d3",
                  "isHook": false,
                  "skipped": false
                },
                {
                  "title": "should ignore date if it's an invalid date",
                  "fullTitle": "Tools parseState() should ignore date if it's an invalid date",
                  "timedOut": false,
                  "duration": 0,
                  "state": "passed",
                  "speed": "fast",
                  "pass": true,
                  "fail": false,
                  "pending": false,
                  "context": null,
                  "code": "const input = { datetime: 'today' };\nconst result = tools_1.parseState(input, '', {});\nassert_1.default.deepStrictEqual(result, {\n    dateTime: null,\n    hash: null,\n    mediaType: null,\n    deviceState: null,\n    title: null,\n    artist: null,\n    album: null,\n    genre: null,\n    totalTime: null,\n    position: null,\n    shuffle: null,\n    repeat: null,\n    app: null,\n    appId: null\n});",
                  "err": {},
                  "uuid": "34afb1d0-a685-4e64-8240-fd4f75a599de",
                  "parentUUID": "60f16edc-795b-41f1-9ec1-9066a7a199d3",
                  "isHook": false,
                  "skipped": false
                },
                {
                  "title": "should ignore data if unsupported type",
                  "fullTitle": "Tools parseState() should ignore data if unsupported type",
                  "timedOut": false,
                  "duration": 1,
                  "state": "passed",
                  "speed": "fast",
                  "pass": true,
                  "fail": false,
                  "pending": false,
                  "context": null,
                  "code": "const input = {\n    result: 'success',\n    datetime: true,\n    hash: 1337,\n    media_type: false,\n    device_state: 43,\n    title: undefined,\n    artist: 90,\n    album: Infinity,\n    genre: Math.PI,\n    total_time: '23min',\n    position: '0:30.123',\n    shuffle: false,\n    repeat: true,\n    app: 0,\n    app_id: 891645381647289\n};\nconst result = tools_1.parseState(input, '', {});\nassert_1.default.deepStrictEqual(result, {\n    dateTime: null,\n    hash: null,\n    mediaType: null,\n    deviceState: null,\n    title: null,\n    artist: null,\n    album: null,\n    genre: null,\n    totalTime: null,\n    position: null,\n    shuffle: null,\n    repeat: null,\n    app: null,\n    appId: null\n});",
                  "err": {},
                  "uuid": "f3e20cbf-20fb-4572-9972-1eebc2442932",
                  "parentUUID": "60f16edc-795b-41f1-9ec1-9066a7a199d3",
                  "isHook": false,
                  "skipped": false
                },
                {
                  "title": "should ignore enums with unsupported valid",
                  "fullTitle": "Tools parseState() should ignore enums with unsupported valid",
                  "timedOut": false,
                  "duration": 0,
                  "state": "passed",
                  "speed": "fast",
                  "pass": true,
                  "fail": false,
                  "pending": false,
                  "context": null,
                  "code": "const input = {\n    media_type: '3d-experience',\n    device_state: 'initiating',\n    shuffle: 'everything',\n    repeat: 'nothing'\n};\nconst result = tools_1.parseState(input, '', {});\nassert_1.default.deepStrictEqual(result, {\n    dateTime: null,\n    hash: null,\n    mediaType: null,\n    deviceState: null,\n    title: null,\n    artist: null,\n    album: null,\n    genre: null,\n    totalTime: null,\n    position: null,\n    shuffle: null,\n    repeat: null,\n    app: null,\n    appId: null\n});",
                  "err": {},
                  "uuid": "8ec3956b-5c1e-4aab-b80a-117136b222ab",
                  "parentUUID": "60f16edc-795b-41f1-9ec1-9066a7a199d3",
                  "isHook": false,
                  "skipped": false
                }
              ],
              "suites": [],
              "passes": [
                "60225465-bfad-48fa-96f7-f91572c365c7",
                "9eadf644-dd89-4c1c-aeb3-bce045982fce",
                "95fa1e69-7d57-4e87-96bf-575ca3382126",
                "34afb1d0-a685-4e64-8240-fd4f75a599de",
                "f3e20cbf-20fb-4572-9972-1eebc2442932",
                "8ec3956b-5c1e-4aab-b80a-117136b222ab"
              ],
              "failures": [],
              "pending": [],
              "skipped": [],
              "duration": 2,
              "root": false,
              "rootEmpty": false,
              "_timeout": 2000
            }
          ],
          "passes": [],
          "failures": [],
          "pending": [],
          "skipped": [],
          "duration": 0,
          "root": false,
          "rootEmpty": false,
          "_timeout": 2000
        }
      ],
      "passes": [],
      "failures": [],
      "pending": [],
      "skipped": [],
      "duration": 0,
      "root": true,
      "rootEmpty": true,
      "_timeout": 2000
    }
  ],
  "meta": {
    "mocha": {
      "version": "8.2.1"
    },
    "mochawesome": {
      "options": {
        "quiet": false,
        "reportFilename": "mochawesome",
        "saveHtml": true,
        "saveJson": true,
        "consoleReporter": "spec",
        "useInlineDiffs": false,
        "code": true
      },
      "version": "6.2.1"
    },
    "marge": {
      "options": null,
      "version": "5.1.0"
    }
  }
}