{
  "stats": {
    "suites": 102,
    "tests": 174,
    "passes": 172,
    "pending": 2,
    "failures": 0,
    "start": "2025-01-09T15:58:07.728Z",
    "end": "2025-01-09T15:58:19.926Z",
    "duration": 12198,
    "testsRegistered": 174,
    "passPercent": 100,
    "pendingPercent": 1.1494252873563218,
    "other": 0,
    "hasOther": false,
    "skipped": 0,
    "hasSkipped": false
  },
  "results": [
    {
      "uuid": "4369efd2-86c8-46eb-8aa6-9a93a2862eb8",
      "title": "",
      "fullFile": "",
      "file": "",
      "beforeHooks": [],
      "afterHooks": [],
      "tests": [],
      "suites": [
        {
          "uuid": "7637577a-ab20-4033-ad64-e1bfe71c116c",
          "title": "NodePyATVDeviceEvent",
          "fullFile": "/home/runner/work/node-pyatv/node-pyatv/test/device-event.ts",
          "file": "/test/device-event.ts",
          "beforeHooks": [],
          "afterHooks": [],
          "tests": [],
          "suites": [
            {
              "uuid": "06a3f134-5bc2-49e2-8791-139d35a10ce2",
              "title": "get key()",
              "fullFile": "/home/runner/work/node-pyatv/node-pyatv/test/device-event.ts",
              "file": "/test/device-event.ts",
              "beforeHooks": [],
              "afterHooks": [],
              "tests": [
                {
                  "title": "should work",
                  "fullTitle": "NodePyATVDeviceEvent get key() should work",
                  "timedOut": false,
                  "duration": 1,
                  "state": "passed",
                  "speed": "fast",
                  "pass": true,
                  "fail": false,
                  "pending": false,
                  "context": null,
                  "code": "const event=new NodePyATVDeviceEvent({key:\"genre\",old:\"Jazz\",new:\"Rock\",device:new NodePyATVDevice({host:\"192.168.178.2\",name:\"My Testinstance\"})});assert.strictEqual(event.key,\"genre\")",
                  "err": {},
                  "uuid": "ec9daefd-fe49-4e96-ae76-9869b73864b6",
                  "parentUUID": "06a3f134-5bc2-49e2-8791-139d35a10ce2",
                  "isHook": false,
                  "skipped": false
                }
              ],
              "suites": [],
              "passes": [
                "ec9daefd-fe49-4e96-ae76-9869b73864b6"
              ],
              "failures": [],
              "pending": [],
              "skipped": [],
              "duration": 1,
              "root": false,
              "rootEmpty": false,
              "_timeout": 2000
            },
            {
              "uuid": "c86c3856-0260-4532-b5d9-13b2b4a9585d",
              "title": "get oldValue()",
              "fullFile": "/home/runner/work/node-pyatv/node-pyatv/test/device-event.ts",
              "file": "/test/device-event.ts",
              "beforeHooks": [],
              "afterHooks": [],
              "tests": [
                {
                  "title": "should work",
                  "fullTitle": "NodePyATVDeviceEvent get oldValue() should work",
                  "timedOut": false,
                  "duration": 0,
                  "state": "passed",
                  "speed": "fast",
                  "pass": true,
                  "fail": false,
                  "pending": false,
                  "context": null,
                  "code": "const event=new NodePyATVDeviceEvent({key:\"genre\",old:\"Jazz\",new:\"Rock\",device:new NodePyATVDevice({host:\"192.168.178.2\",name:\"My Testinstance\"})});assert.strictEqual(event.oldValue,\"Jazz\")",
                  "err": {},
                  "uuid": "524fc9d2-8ff8-403d-8e8f-8192750dc34e",
                  "parentUUID": "c86c3856-0260-4532-b5d9-13b2b4a9585d",
                  "isHook": false,
                  "skipped": false
                }
              ],
              "suites": [],
              "passes": [
                "524fc9d2-8ff8-403d-8e8f-8192750dc34e"
              ],
              "failures": [],
              "pending": [],
              "skipped": [],
              "duration": 0,
              "root": false,
              "rootEmpty": false,
              "_timeout": 2000
            },
            {
              "uuid": "fc24d562-5445-4827-867b-fe6198a4c858",
              "title": "get newValue()",
              "fullFile": "/home/runner/work/node-pyatv/node-pyatv/test/device-event.ts",
              "file": "/test/device-event.ts",
              "beforeHooks": [],
              "afterHooks": [],
              "tests": [
                {
                  "title": "should work",
                  "fullTitle": "NodePyATVDeviceEvent get newValue() should work",
                  "timedOut": false,
                  "duration": 0,
                  "state": "passed",
                  "speed": "fast",
                  "pass": true,
                  "fail": false,
                  "pending": false,
                  "context": null,
                  "code": "const event=new NodePyATVDeviceEvent({key:\"genre\",old:\"Jazz\",new:\"Rock\",device:new NodePyATVDevice({host:\"192.168.178.2\",name:\"My Testinstance\"})});assert.strictEqual(event.newValue,\"Rock\")",
                  "err": {},
                  "uuid": "ce403c44-94b7-473d-9bb3-45db138d3e00",
                  "parentUUID": "fc24d562-5445-4827-867b-fe6198a4c858",
                  "isHook": false,
                  "skipped": false
                }
              ],
              "suites": [],
              "passes": [
                "ce403c44-94b7-473d-9bb3-45db138d3e00"
              ],
              "failures": [],
              "pending": [],
              "skipped": [],
              "duration": 0,
              "root": false,
              "rootEmpty": false,
              "_timeout": 2000
            },
            {
              "uuid": "141cbe35-17be-4873-98c4-71abbd1314d2",
              "title": "get value()",
              "fullFile": "/home/runner/work/node-pyatv/node-pyatv/test/device-event.ts",
              "file": "/test/device-event.ts",
              "beforeHooks": [],
              "afterHooks": [],
              "tests": [
                {
                  "title": "should work",
                  "fullTitle": "NodePyATVDeviceEvent get value() should work",
                  "timedOut": false,
                  "duration": 0,
                  "state": "passed",
                  "speed": "fast",
                  "pass": true,
                  "fail": false,
                  "pending": false,
                  "context": null,
                  "code": "const event=new NodePyATVDeviceEvent({key:\"genre\",old:\"Jazz\",new:\"Rock\",device:new NodePyATVDevice({host:\"192.168.178.2\",name:\"My Testinstance\"})});assert.strictEqual(event.value,\"Rock\")",
                  "err": {},
                  "uuid": "2a9da2fd-0ae8-478c-aeb3-b1bcefdb2128",
                  "parentUUID": "141cbe35-17be-4873-98c4-71abbd1314d2",
                  "isHook": false,
                  "skipped": false
                }
              ],
              "suites": [],
              "passes": [
                "2a9da2fd-0ae8-478c-aeb3-b1bcefdb2128"
              ],
              "failures": [],
              "pending": [],
              "skipped": [],
              "duration": 0,
              "root": false,
              "rootEmpty": false,
              "_timeout": 2000
            },
            {
              "uuid": "39699704-0b17-4d78-a548-94a7a0007f52",
              "title": "get device()",
              "fullFile": "/home/runner/work/node-pyatv/node-pyatv/test/device-event.ts",
              "file": "/test/device-event.ts",
              "beforeHooks": [],
              "afterHooks": [],
              "tests": [
                {
                  "title": "should work",
                  "fullTitle": "NodePyATVDeviceEvent get device() should work",
                  "timedOut": false,
                  "duration": 1,
                  "state": "passed",
                  "speed": "fast",
                  "pass": true,
                  "fail": false,
                  "pending": false,
                  "context": null,
                  "code": "const device=new NodePyATVDevice({host:\"192.168.178.2\",name:\"My Testinstance\"});const event=new NodePyATVDeviceEvent({key:\"genre\",old:\"Jazz\",new:\"Rock\",device});assert.deepEqual(event.device,device)",
                  "err": {},
                  "uuid": "f74faee8-9113-43df-8a48-c59ef27d972c",
                  "parentUUID": "39699704-0b17-4d78-a548-94a7a0007f52",
                  "isHook": false,
                  "skipped": false
                }
              ],
              "suites": [],
              "passes": [
                "f74faee8-9113-43df-8a48-c59ef27d972c"
              ],
              "failures": [],
              "pending": [],
              "skipped": [],
              "duration": 1,
              "root": false,
              "rootEmpty": false,
              "_timeout": 2000
            }
          ],
          "passes": [],
          "failures": [],
          "pending": [],
          "skipped": [],
          "duration": 0,
          "root": false,
          "rootEmpty": false,
          "_timeout": 2000
        },
        {
          "uuid": "8abcd1d2-66ac-49bc-b815-51a2f0843558",
          "title": "NodePyATVDeviceEvents",
          "fullFile": "/home/runner/work/node-pyatv/node-pyatv/test/device-events.ts",
          "file": "/test/device-events.ts",
          "beforeHooks": [],
          "afterHooks": [],
          "tests": [],
          "suites": [
            {
              "uuid": "21ef7529-3aec-4941-af7f-30d1fd804fe7",
              "title": "applyStateAndEmitEvents()",
              "fullFile": "/home/runner/work/node-pyatv/node-pyatv/test/device-events.ts",
              "file": "/test/device-events.ts",
              "beforeHooks": [],
              "afterHooks": [],
              "tests": [
                {
                  "title": "should emit update:key event",
                  "fullTitle": "NodePyATVDeviceEvents applyStateAndEmitEvents() should emit update:key event",
                  "timedOut": false,
                  "duration": 3,
                  "state": "passed",
                  "speed": "fast",
                  "pass": true,
                  "fail": false,
                  "pending": false,
                  "context": null,
                  "code": "const device=new NodePyATVDevice({name:\"My Testdevice\",host:\"192.168.178.2\",spawn:createFakeSpawn(cp=>{cp.onStdIn(()=>cp.end());cp.stdout({result:\"success\",title:\"My Movie\"})})});await new Promise(cb=>{device.once(\"update:title\",event=>{assert.ok(event instanceof NodePyATVDeviceEvent);assert.strictEqual(event.key,\"title\");assert.strictEqual(event.oldValue,null);assert.strictEqual(event.newValue,\"My Movie\");assert.strictEqual(event.value,\"My Movie\");assert.deepStrictEqual(event.device,device);cb(void 0)})})",
                  "err": {},
                  "uuid": "306f724a-0b7e-40ee-b69d-1f9b7c5a4f7f",
                  "parentUUID": "21ef7529-3aec-4941-af7f-30d1fd804fe7",
                  "isHook": false,
                  "skipped": false
                },
                {
                  "title": "should emit update event",
                  "fullTitle": "NodePyATVDeviceEvents applyStateAndEmitEvents() should emit update event",
                  "timedOut": false,
                  "duration": 2,
                  "state": "passed",
                  "speed": "fast",
                  "pass": true,
                  "fail": false,
                  "pending": false,
                  "context": null,
                  "code": "const device=new NodePyATVDevice({name:\"My Testdevice\",host:\"192.168.178.2\",spawn:createFakeSpawn(cp=>{cp.onStdIn(()=>cp.end());cp.stdout({result:\"success\",title:\"My Movie\"})})});await new Promise(cb=>{device.once(\"update\",event=>{assert.ok(event instanceof NodePyATVDeviceEvent);assert.strictEqual(event.key,\"title\");assert.strictEqual(event.oldValue,null);assert.strictEqual(event.newValue,\"My Movie\");assert.strictEqual(event.value,\"My Movie\");assert.deepStrictEqual(event.device,device);cb(void 0)})})",
                  "err": {},
                  "uuid": "1ad9f3b7-1f66-4a76-8178-e1954d463fae",
                  "parentUUID": "21ef7529-3aec-4941-af7f-30d1fd804fe7",
                  "isHook": false,
                  "skipped": false
                },
                {
                  "title": "should emit update:key event before update",
                  "fullTitle": "NodePyATVDeviceEvents applyStateAndEmitEvents() should emit update:key event before update",
                  "timedOut": false,
                  "duration": 2,
                  "state": "passed",
                  "speed": "fast",
                  "pass": true,
                  "fail": false,
                  "pending": false,
                  "context": null,
                  "code": "const device=new NodePyATVDevice({name:\"My Testdevice\",host:\"192.168.178.2\",spawn:createFakeSpawn(cp=>{cp.onStdIn(()=>cp.end());cp.stdout({result:\"success\",title:\"My Movie\"})})});const sort=[];await Promise.race([new Promise(cb=>{device.once(\"update\",()=>{sort.push(\"update\");cb(void 0)})}),new Promise(cb=>{device.once(\"update:title\",()=>{sort.push(\"update:title\");cb(void 0)})})]);assert.deepStrictEqual(sort,[\"update:title\",\"update\"])",
                  "err": {},
                  "uuid": "fc2a1ce9-87a3-4908-af14-597b24cb1ad9",
                  "parentUUID": "21ef7529-3aec-4941-af7f-30d1fd804fe7",
                  "isHook": false,
                  "skipped": false
                },
                {
                  "title": "should emit error events on failures",
                  "fullTitle": "NodePyATVDeviceEvents applyStateAndEmitEvents() should emit error events on failures",
                  "timedOut": false,
                  "duration": 1,
                  "state": "passed",
                  "speed": "fast",
                  "pass": true,
                  "fail": false,
                  "pending": false,
                  "context": null,
                  "code": "const device=new NodePyATVDevice({name:\"My Testdevice\",host:\"192.168.178.2\",spawn:createFakeSpawn(cp=>{cp.onStdIn(()=>cp.end());cp.stdout({result:\"failure\",datetime:\"2021-11-24T21:13:36.424576+03:00\",exception:\"invalid credentials: 321\",stacktrace:'Traceback (most recent call last):\\n  File \"/Users/free/Library/Python/3.8/lib/python/site-packages/pyatv/scripts/atvscript.py\", line 302, in appstart\\n    print(args.output(await _handle_command(args, abort_sem, loop)), flush=True)\\n  File \"/Users/free/Library/Python/3.8/lib/python/site-packages/pyatv/scripts/atvscript.py\", line 196, in _handle_command\\n    atv = await connect(config, loop, protocol=Protocol.MRP)\\n  File \"/Users/free/Library/Python/3.8/lib/python/site-packages/pyatv/__init__.py\", line 96, in connect\\n    for setup_data in proto_methods.setup(\\n  File \"/Users/free/Library/Python/3.8/lib/python/site-packages/pyatv/protocols/airplay/__init__.py\", line 192, in setup\\n    stream = AirPlayStream(config, service)\\n  File \"/Users/free/Library/Python/3.8/lib/python/site-packages/pyatv/protocols/airplay/__init__.py\", line 79, in __init__\\n    self._credentials: HapCredentials = parse_credentials(self.service.credentials)\\n  File \"/Users/free/Library/Python/3.8/lib/python/site-packages/pyatv/auth/hap_pairing.py\", line 139, in parse_credentials\\n    raise exceptions.InvalidCredentialsError(\"invalid credentials: \" + detail_string)\\npyatv.exceptions.InvalidCredentialsError: invalid credentials: 321\\n'})})});await new Promise(cb=>{device.once(\"error\",error=>{assert.ok(error instanceof Error);assert.ok(error.toString().includes(\"invalid credentials: 321\"));cb(void 0)})})",
                  "err": {},
                  "uuid": "ef4a0ab1-8544-4219-9914-ac831c233d1d",
                  "parentUUID": "21ef7529-3aec-4941-af7f-30d1fd804fe7",
                  "isHook": false,
                  "skipped": false
                },
                {
                  "title": "should not emit an update if new value is same as old one",
                  "fullTitle": "NodePyATVDeviceEvents applyStateAndEmitEvents() should not emit an update if new value is same as old one",
                  "timedOut": false,
                  "duration": 3,
                  "state": "passed",
                  "speed": "fast",
                  "pass": true,
                  "fail": false,
                  "pending": false,
                  "context": null,
                  "code": "let spawnCounter=0;let eventCounter=0;const device=new NodePyATVDevice({name:\"My Testdevice\",host:\"192.168.178.2\",spawn:createFakeSpawn(cp=>{if(spawnCounter===0){cp.onStdIn(()=>cp.end())}cp.stdout({result:\"success\",title:\"My Movie\"});spawnCounter++;if(spawnCounter>=2){cp.end()}})});const listener=__name(()=>{eventCounter++},\"listener\");device.on(\"update\",listener);await new Promise(cb=>setTimeout(cb,0));await device.getState();device.off(\"update\",listener);assert.strictEqual(spawnCounter,2);assert.strictEqual(eventCounter,1)",
                  "err": {},
                  "uuid": "ebd44601-0eaf-4837-b784-4dfa7222df6a",
                  "parentUUID": "21ef7529-3aec-4941-af7f-30d1fd804fe7",
                  "isHook": false,
                  "skipped": false
                },
                {
                  "title": "should emit error event if event listener throws an exception",
                  "fullTitle": "NodePyATVDeviceEvents applyStateAndEmitEvents() should emit error event if event listener throws an exception",
                  "timedOut": false,
                  "duration": 1,
                  "state": "passed",
                  "speed": "fast",
                  "pass": true,
                  "fail": false,
                  "pending": false,
                  "context": null,
                  "code": "const device=new NodePyATVDevice({name:\"My Testdevice\",host:\"192.168.178.2\",spawn:createFakeSpawn(cp=>{cp.onStdIn(()=>cp.end());cp.stdout({result:\"success\",title:\"My Movie\"})})});let callCounter=0;const error=new Error(\"This is an error. Be nice.\");device.once(\"error\",err=>{assert.strictEqual(err,error);callCounter++});const listener=__name(()=>{throw error},\"listener\");device.on(\"update\",listener);await new Promise(cb=>setTimeout(cb,0));device.off(\"update\",listener);assert.strictEqual(callCounter,1)",
                  "err": {},
                  "uuid": "ce9b8d19-f859-4c85-81f0-6881a7615dca",
                  "parentUUID": "21ef7529-3aec-4941-af7f-30d1fd804fe7",
                  "isHook": false,
                  "skipped": false
                },
                {
                  "title": "should also work with powerState",
                  "fullTitle": "NodePyATVDeviceEvents applyStateAndEmitEvents() should also work with powerState",
                  "timedOut": false,
                  "duration": 2,
                  "state": "passed",
                  "speed": "fast",
                  "pass": true,
                  "fail": false,
                  "pending": false,
                  "context": null,
                  "code": "const device=new NodePyATVDevice({name:\"My Testdevice\",host:\"192.168.178.2\",spawn:createFakeSpawn(cp=>{cp.onStdIn(()=>cp.end());cp.stdout({result:\"success\",datetime:new Date().toJSON(),power_state:\"off\"})})});await new Promise(cb=>{device.once(\"update:powerState\",event=>{assert.ok(event instanceof NodePyATVDeviceEvent);assert.strictEqual(event.key,\"powerState\");assert.strictEqual(event.oldValue,null);assert.strictEqual(event.newValue,\"off\");assert.strictEqual(event.newValue,NodePyATVPowerState.off);assert.strictEqual(event.value,\"off\");assert.strictEqual(event.value,NodePyATVPowerState.off);assert.deepStrictEqual(event.device,device);cb(void 0)})})",
                  "err": {},
                  "uuid": "6c88f642-9ea4-42ed-a0d6-ac2cd9cfd705",
                  "parentUUID": "21ef7529-3aec-4941-af7f-30d1fd804fe7",
                  "isHook": false,
                  "skipped": false
                },
                {
                  "title": "should only one event for powerState changes",
                  "fullTitle": "NodePyATVDeviceEvents applyStateAndEmitEvents() should only one event for powerState changes",
                  "timedOut": false,
                  "duration": 11,
                  "state": "passed",
                  "speed": "fast",
                  "pass": true,
                  "fail": false,
                  "pending": false,
                  "context": null,
                  "code": "const device=new NodePyATVDevice({name:\"My Testdevice\",host:\"192.168.178.2\",spawn:createFakeSpawn(cp=>{cp.onStdIn(()=>cp.end());cp.stdout({result:\"success\",datetime:new Date().toJSON(),power_state:\"off\"});cp.end()})});let counter=0;device.on(\"update\",event=>{assert.ok(event instanceof NodePyATVDeviceEvent);assert.strictEqual(event.key,\"powerState\");assert.strictEqual(event.oldValue,null);assert.strictEqual(event.newValue,\"off\");assert.strictEqual(event.newValue,NodePyATVPowerState.off);assert.strictEqual(event.value,\"off\");assert.strictEqual(event.value,NodePyATVPowerState.off);assert.deepStrictEqual(event.device,device);counter++});await new Promise(cb=>setTimeout(cb,10));assert.strictEqual(counter,1);device.removeAllListeners(\"update\")",
                  "err": {},
                  "uuid": "8af3749a-fe4e-4524-9940-058fc099da60",
                  "parentUUID": "21ef7529-3aec-4941-af7f-30d1fd804fe7",
                  "isHook": false,
                  "skipped": false
                },
                {
                  "title": "should only one event for focusState changes",
                  "fullTitle": "NodePyATVDeviceEvents applyStateAndEmitEvents() should only one event for focusState changes",
                  "timedOut": false,
                  "duration": 11,
                  "state": "passed",
                  "speed": "fast",
                  "pass": true,
                  "fail": false,
                  "pending": false,
                  "context": null,
                  "code": "const device=new NodePyATVDevice({name:\"My Testdevice\",host:\"192.168.178.2\",spawn:createFakeSpawn(cp=>{cp.onStdIn(()=>cp.end());cp.stdout({result:\"success\",datetime:new Date().toJSON(),focus_state:\"unfocused\"});cp.end()})});let counter=0;device.on(\"update\",event=>{assert.ok(event instanceof NodePyATVDeviceEvent);assert.strictEqual(event.key,\"focusState\");assert.strictEqual(event.oldValue,null);assert.strictEqual(event.newValue,\"unfocused\");assert.strictEqual(event.newValue,NodePyATVFocusState.unfocused);assert.strictEqual(event.value,\"unfocused\");assert.strictEqual(event.value,NodePyATVFocusState.unfocused);assert.deepStrictEqual(event.device,device);counter++});await new Promise(cb=>setTimeout(cb,10));assert.strictEqual(counter,1);device.removeAllListeners(\"update\")",
                  "err": {},
                  "uuid": "b76df8a9-21db-434f-a90e-ea076bbf4a21",
                  "parentUUID": "21ef7529-3aec-4941-af7f-30d1fd804fe7",
                  "isHook": false,
                  "skipped": false
                },
                {
                  "title": "should only one event for outputDevices changes",
                  "fullTitle": "NodePyATVDeviceEvents applyStateAndEmitEvents() should only one event for outputDevices changes",
                  "timedOut": false,
                  "duration": 10,
                  "state": "passed",
                  "speed": "fast",
                  "pass": true,
                  "fail": false,
                  "pending": false,
                  "context": null,
                  "code": "const device=new NodePyATVDevice({name:\"My Testdevice\",host:\"192.168.178.2\",spawn:createFakeSpawn(cp=>{cp.onStdIn(()=>cp.end());cp.stdout({result:\"success\",datetime:new Date().toJSON(),output_devices:[{name:\"Living room\",identifier:\"AAAAAAAA-BBBB-CCCC-DDDD-EEEEEEEEEEEE\"}]});cp.end()})});let counter=0;device.on(\"update\",event=>{assert.ok(event instanceof NodePyATVDeviceEvent);assert.strictEqual(event.key,\"outputDevices\");assert.strictEqual(event.oldValue,null);assert.deepStrictEqual(event.newValue,[{name:\"Living room\",identifier:\"AAAAAAAA-BBBB-CCCC-DDDD-EEEEEEEEEEEE\"}]);assert.deepStrictEqual(event.value,[{name:\"Living room\",identifier:\"AAAAAAAA-BBBB-CCCC-DDDD-EEEEEEEEEEEE\"}]);assert.deepStrictEqual(event.device,device);counter++});await new Promise(cb=>setTimeout(cb,10));assert.strictEqual(counter,1);device.removeAllListeners(\"update\")",
                  "err": {},
                  "uuid": "4fc17aaa-6f55-4408-b49b-ba6413626a88",
                  "parentUUID": "21ef7529-3aec-4941-af7f-30d1fd804fe7",
                  "isHook": false,
                  "skipped": false
                },
                {
                  "title": "should only one event for volume changes",
                  "fullTitle": "NodePyATVDeviceEvents applyStateAndEmitEvents() should only one event for volume changes",
                  "timedOut": false,
                  "duration": 10,
                  "state": "passed",
                  "speed": "fast",
                  "pass": true,
                  "fail": false,
                  "pending": false,
                  "context": null,
                  "code": "const device=new NodePyATVDevice({name:\"My Testdevice\",host:\"192.168.178.2\",spawn:createFakeSpawn(cp=>{cp.onStdIn(()=>cp.end());cp.stdout({result:\"success\",datetime:new Date().toJSON(),volume:20});cp.end()})});let counter=0;device.on(\"update\",event=>{assert.ok(event instanceof NodePyATVDeviceEvent);assert.strictEqual(event.key,\"volume\");assert.strictEqual(event.oldValue,null);assert.strictEqual(event.newValue,20);assert.strictEqual(event.value,20);assert.deepStrictEqual(event.device,device);counter++});await new Promise(cb=>setTimeout(cb,10));assert.strictEqual(counter,1);device.removeAllListeners(\"update\")",
                  "err": {},
                  "uuid": "0ba7b920-cbbe-4c0f-9450-c0931d498e5f",
                  "parentUUID": "21ef7529-3aec-4941-af7f-30d1fd804fe7",
                  "isHook": false,
                  "skipped": false
                },
                {
                  "title": "should not trigger any events for newly added fields",
                  "fullTitle": "NodePyATVDeviceEvents applyStateAndEmitEvents() should not trigger any events for newly added fields",
                  "timedOut": false,
                  "duration": 10,
                  "state": "passed",
                  "speed": "fast",
                  "pass": true,
                  "fail": false,
                  "pending": false,
                  "context": null,
                  "code": "const device=new NodePyATVDevice({name:\"My Testdevice\",host:\"192.168.178.2\",spawn:createFakeSpawn(cp=>{cp.onStdIn(()=>cp.end());cp.stdout({result:\"success\",datetime:new Date().toJSON(),foo:\"bar\"});cp.end()})});device.on(\"update\",event=>{assert.fail(`Got an update event for a new field: ${event}`)});await new Promise(cb=>setTimeout(cb,10));device.removeAllListeners(\"update\")",
                  "err": {},
                  "uuid": "9d2cef72-531a-4a26-ac5a-1b37c1e0eaa4",
                  "parentUUID": "21ef7529-3aec-4941-af7f-30d1fd804fe7",
                  "isHook": false,
                  "skipped": false
                }
              ],
              "suites": [],
              "passes": [
                "306f724a-0b7e-40ee-b69d-1f9b7c5a4f7f",
                "1ad9f3b7-1f66-4a76-8178-e1954d463fae",
                "fc2a1ce9-87a3-4908-af14-597b24cb1ad9",
                "ef4a0ab1-8544-4219-9914-ac831c233d1d",
                "ebd44601-0eaf-4837-b784-4dfa7222df6a",
                "ce9b8d19-f859-4c85-81f0-6881a7615dca",
                "6c88f642-9ea4-42ed-a0d6-ac2cd9cfd705",
                "8af3749a-fe4e-4524-9940-058fc099da60",
                "b76df8a9-21db-434f-a90e-ea076bbf4a21",
                "4fc17aaa-6f55-4408-b49b-ba6413626a88",
                "0ba7b920-cbbe-4c0f-9450-c0931d498e5f",
                "9d2cef72-531a-4a26-ac5a-1b37c1e0eaa4"
              ],
              "failures": [],
              "pending": [],
              "skipped": [],
              "duration": 66,
              "root": false,
              "rootEmpty": false,
              "_timeout": 2000
            },
            {
              "uuid": "a79f5e04-dd20-476b-bfa8-2ee6844a290d",
              "title": "start|stopListening()",
              "fullFile": "/home/runner/work/node-pyatv/node-pyatv/test/device-events.ts",
              "file": "/test/device-events.ts",
              "beforeHooks": [],
              "afterHooks": [],
              "tests": [
                {
                  "title": "should emit error if spawn fails",
                  "fullTitle": "NodePyATVDeviceEvents start|stopListening() should emit error if spawn fails",
                  "timedOut": false,
                  "duration": 2,
                  "state": "passed",
                  "speed": "fast",
                  "pass": true,
                  "fail": false,
                  "pending": false,
                  "context": null,
                  "code": "const error=new Error;const device=new NodePyATVDevice({name:\"My Testdevice\",host:\"192.168.178.2\",spawn:createFakeSpawn(cp=>{cp.error(error).end()})});const listener=__name(()=>{},\"listener\");device.on(\"update\",listener);await new Promise(cb=>{device.once(\"error\",err=>{assert.strictEqual(err,error);cb(void 0)})});device.off(\"update\",listener)",
                  "err": {},
                  "uuid": "3ff374c8-945e-40f1-92d6-38768e110dbc",
                  "parentUUID": "a79f5e04-dd20-476b-bfa8-2ee6844a290d",
                  "isHook": false,
                  "skipped": false
                },
                {
                  "title": "should emit error on stderr data",
                  "fullTitle": "NodePyATVDeviceEvents start|stopListening() should emit error on stderr data",
                  "timedOut": false,
                  "duration": 1,
                  "state": "passed",
                  "speed": "fast",
                  "pass": true,
                  "fail": false,
                  "pending": false,
                  "context": null,
                  "code": "const device=new NodePyATVDevice({name:\"My Testdevice\",host:\"192.168.178.2\",spawn:createFakeSpawn(cp=>{cp.stderr(\"Hello World!\").end()})});const listener=__name(()=>{},\"listener\");device.on(\"update\",listener);await new Promise(cb=>{device.once(\"error\",err=>{assert.ok(err instanceof Error);assert.ok(err.toString().includes(\"Got stderr output from pyatv: Hello World!\"));cb(void 0)})});device.off(\"update\",listener)",
                  "err": {},
                  "uuid": "c11e686c-8ead-4ec5-9d88-f8a74fd0d734",
                  "parentUUID": "a79f5e04-dd20-476b-bfa8-2ee6844a290d",
                  "isHook": false,
                  "skipped": false
                },
                {
                  "title": "should emit error if stdout is not valid json",
                  "fullTitle": "NodePyATVDeviceEvents start|stopListening() should emit error if stdout is not valid json",
                  "timedOut": false,
                  "duration": 2,
                  "state": "passed",
                  "speed": "fast",
                  "pass": true,
                  "fail": false,
                  "pending": false,
                  "context": null,
                  "code": "const device=new NodePyATVDevice({name:\"My Testdevice\",host:\"192.168.178.2\",spawn:createFakeSpawn(cp=>{cp.stdout(\"#\").end()})});const listener=__name(()=>{},\"listener\");device.on(\"update\",listener);await new Promise(cb=>{device.once(\"error\",err=>{assert.ok(err instanceof Error);assert.ok(err.toString().includes(\"Unable to parse stdout json: SyntaxError\"));cb(void 0)})});device.off(\"update\",listener)",
                  "err": {},
                  "uuid": "c2466905-65d7-4939-946b-8617b34ef9b8",
                  "parentUUID": "a79f5e04-dd20-476b-bfa8-2ee6844a290d",
                  "isHook": false,
                  "skipped": false
                },
                {
                  "title": "should restart the process if it gets killed",
                  "fullTitle": "NodePyATVDeviceEvents start|stopListening() should restart the process if it gets killed",
                  "timedOut": false,
                  "duration": 0,
                  "state": "pending",
                  "speed": null,
                  "pass": false,
                  "fail": false,
                  "pending": true,
                  "context": null,
                  "code": "",
                  "err": {},
                  "uuid": "6653e1d7-b963-435a-984f-dfb66b607422",
                  "parentUUID": "a79f5e04-dd20-476b-bfa8-2ee6844a290d",
                  "isHook": false,
                  "skipped": false
                }
              ],
              "suites": [],
              "passes": [
                "3ff374c8-945e-40f1-92d6-38768e110dbc",
                "c11e686c-8ead-4ec5-9d88-f8a74fd0d734",
                "c2466905-65d7-4939-946b-8617b34ef9b8"
              ],
              "failures": [],
              "pending": [
                "6653e1d7-b963-435a-984f-dfb66b607422"
              ],
              "skipped": [],
              "duration": 5,
              "root": false,
              "rootEmpty": false,
              "_timeout": 2000
            },
            {
              "uuid": "9a9c48e3-a31e-4a7e-99fe-26afc0065e99",
              "title": "addListener() / removeAllListeners()",
              "fullFile": "/home/runner/work/node-pyatv/node-pyatv/test/device-events.ts",
              "file": "/test/device-events.ts",
              "beforeHooks": [],
              "afterHooks": [],
              "tests": [
                {
                  "title": "should work without any exceptions",
                  "fullTitle": "NodePyATVDeviceEvents addListener() / removeAllListeners() should work without any exceptions",
                  "timedOut": false,
                  "duration": 1,
                  "state": "passed",
                  "speed": "fast",
                  "pass": true,
                  "fail": false,
                  "pending": false,
                  "context": null,
                  "code": "const device=new NodePyATVDevice({name:\"My Testdevice\",host:\"192.168.178.2\",spawn:createFakeSpawn(cp=>{cp.onStdIn(()=>cp.end());cp.stdout({result:\"success\",title:\"My Movie\"})})});const listener=__name(()=>{},\"listener\");device.addListener(\"update\",listener);device.removeAllListeners(\"update\")",
                  "err": {},
                  "uuid": "d5c18496-5d77-43b8-8929-6dde5ecaa581",
                  "parentUUID": "9a9c48e3-a31e-4a7e-99fe-26afc0065e99",
                  "isHook": false,
                  "skipped": false
                }
              ],
              "suites": [],
              "passes": [
                "d5c18496-5d77-43b8-8929-6dde5ecaa581"
              ],
              "failures": [],
              "pending": [],
              "skipped": [],
              "duration": 1,
              "root": false,
              "rootEmpty": false,
              "_timeout": 2000
            },
            {
              "uuid": "93b73064-a57f-4244-81e5-bbb7abd46ca7",
              "title": "emit()",
              "fullFile": "/home/runner/work/node-pyatv/node-pyatv/test/device-events.ts",
              "file": "/test/device-events.ts",
              "beforeHooks": [],
              "afterHooks": [],
              "tests": [
                {
                  "title": "should work",
                  "fullTitle": "NodePyATVDeviceEvents emit() should work",
                  "timedOut": false,
                  "duration": 0,
                  "state": "passed",
                  "speed": "fast",
                  "pass": true,
                  "fail": false,
                  "pending": false,
                  "context": null,
                  "code": "const device=new NodePyATVDevice({name:\"My Testdevice\",host:\"192.168.178.2\",spawn:createFakeSpawn(cp=>{cp.onStdIn(()=>cp.end())})});const event=new NodePyATVDeviceEvent({key:\"dateTime\",old:\"foo\",new:\"bar\",device});let executions=0;device.once(\"test\",e=>{executions++;assert.strictEqual(e,event);assert.strictEqual(executions,1);done()});device.emit(\"test\",event)",
                  "err": {},
                  "uuid": "22d415f6-3ae0-4f48-8141-5435bc61fea6",
                  "parentUUID": "93b73064-a57f-4244-81e5-bbb7abd46ca7",
                  "isHook": false,
                  "skipped": false
                }
              ],
              "suites": [],
              "passes": [
                "22d415f6-3ae0-4f48-8141-5435bc61fea6"
              ],
              "failures": [],
              "pending": [],
              "skipped": [],
              "duration": 0,
              "root": false,
              "rootEmpty": false,
              "_timeout": 2000
            },
            {
              "uuid": "f2e79c00-e756-4d69-96a0-baee339964f9",
              "title": "eventNames()",
              "fullFile": "/home/runner/work/node-pyatv/node-pyatv/test/device-events.ts",
              "file": "/test/device-events.ts",
              "beforeHooks": [],
              "afterHooks": [],
              "tests": [
                {
                  "title": "should work",
                  "fullTitle": "NodePyATVDeviceEvents eventNames() should work",
                  "timedOut": false,
                  "duration": 0,
                  "state": "passed",
                  "speed": "fast",
                  "pass": true,
                  "fail": false,
                  "pending": false,
                  "context": null,
                  "code": "const device=new NodePyATVDevice({name:\"My Testdevice\",host:\"192.168.178.2\",spawn:createFakeSpawn(cp=>{cp.onStdIn(()=>cp.end())})});const listener=__name(()=>{},\"listener\");device.on(\"test\",listener);assert.deepStrictEqual(device.eventNames(),[\"test\"]);device.off(\"test\",listener)",
                  "err": {},
                  "uuid": "c1e53aae-8c17-40a3-a83c-35388664e0f5",
                  "parentUUID": "f2e79c00-e756-4d69-96a0-baee339964f9",
                  "isHook": false,
                  "skipped": false
                }
              ],
              "suites": [],
              "passes": [
                "c1e53aae-8c17-40a3-a83c-35388664e0f5"
              ],
              "failures": [],
              "pending": [],
              "skipped": [],
              "duration": 0,
              "root": false,
              "rootEmpty": false,
              "_timeout": 2000
            },
            {
              "uuid": "0801e520-3c92-49ef-be4e-657f3be2cf70",
              "title": "getMaxListeners()",
              "fullFile": "/home/runner/work/node-pyatv/node-pyatv/test/device-events.ts",
              "file": "/test/device-events.ts",
              "beforeHooks": [],
              "afterHooks": [],
              "tests": [
                {
                  "title": "should work",
                  "fullTitle": "NodePyATVDeviceEvents getMaxListeners() should work",
                  "timedOut": false,
                  "duration": 0,
                  "state": "passed",
                  "speed": "fast",
                  "pass": true,
                  "fail": false,
                  "pending": false,
                  "context": null,
                  "code": "const device=new NodePyATVDevice({name:\"My Testdevice\",host:\"192.168.178.2\",spawn:createFakeSpawn(cp=>{cp.onStdIn(()=>cp.end())})});const result=device.getMaxListeners();assert.ok(typeof result,\"number\");assert.ok(result>=10)",
                  "err": {},
                  "uuid": "607de7e3-52ca-4fe3-b69a-26c456032944",
                  "parentUUID": "0801e520-3c92-49ef-be4e-657f3be2cf70",
                  "isHook": false,
                  "skipped": false
                }
              ],
              "suites": [],
              "passes": [
                "607de7e3-52ca-4fe3-b69a-26c456032944"
              ],
              "failures": [],
              "pending": [],
              "skipped": [],
              "duration": 0,
              "root": false,
              "rootEmpty": false,
              "_timeout": 2000
            },
            {
              "uuid": "4d9e1d97-eeee-4eff-ac33-3b3c0fb63cdd",
              "title": "listenerCount()",
              "fullFile": "/home/runner/work/node-pyatv/node-pyatv/test/device-events.ts",
              "file": "/test/device-events.ts",
              "beforeHooks": [],
              "afterHooks": [],
              "tests": [
                {
                  "title": "should work",
                  "fullTitle": "NodePyATVDeviceEvents listenerCount() should work",
                  "timedOut": false,
                  "duration": 0,
                  "state": "passed",
                  "speed": "fast",
                  "pass": true,
                  "fail": false,
                  "pending": false,
                  "context": null,
                  "code": "const device=new NodePyATVDevice({name:\"My Testdevice\",host:\"192.168.178.2\",spawn:createFakeSpawn(cp=>{cp.onStdIn(()=>cp.end())})});const listener=__name(()=>{},\"listener\");assert.deepStrictEqual(device.listenerCount(\"test\"),0);device.on(\"test\",listener);assert.deepStrictEqual(device.listenerCount(\"test\"),1);device.off(\"test\",listener)",
                  "err": {},
                  "uuid": "a1cd9329-c177-4d37-abc4-79c0740c95b3",
                  "parentUUID": "4d9e1d97-eeee-4eff-ac33-3b3c0fb63cdd",
                  "isHook": false,
                  "skipped": false
                }
              ],
              "suites": [],
              "passes": [
                "a1cd9329-c177-4d37-abc4-79c0740c95b3"
              ],
              "failures": [],
              "pending": [],
              "skipped": [],
              "duration": 0,
              "root": false,
              "rootEmpty": false,
              "_timeout": 2000
            },
            {
              "uuid": "bc032d2a-845e-4741-9c16-681fe8acd7fe",
              "title": "listeners()",
              "fullFile": "/home/runner/work/node-pyatv/node-pyatv/test/device-events.ts",
              "file": "/test/device-events.ts",
              "beforeHooks": [],
              "afterHooks": [],
              "tests": [
                {
                  "title": "should work",
                  "fullTitle": "NodePyATVDeviceEvents listeners() should work",
                  "timedOut": false,
                  "duration": 0,
                  "state": "passed",
                  "speed": "fast",
                  "pass": true,
                  "fail": false,
                  "pending": false,
                  "context": null,
                  "code": "const device=new NodePyATVDevice({name:\"My Testdevice\",host:\"192.168.178.2\",spawn:createFakeSpawn(cp=>{cp.onStdIn(()=>cp.end())})});const listener=__name(()=>{},\"listener\");assert.deepStrictEqual(device.listeners(\"test\").length,0);device.on(\"test\",listener);assert.deepStrictEqual(device.listeners(\"test\").length,1);assert.deepStrictEqual(device.listeners(\"test\")[0],listener);device.off(\"test\",listener)",
                  "err": {},
                  "uuid": "d247eda7-f000-4a28-85e1-5345fc78e777",
                  "parentUUID": "bc032d2a-845e-4741-9c16-681fe8acd7fe",
                  "isHook": false,
                  "skipped": false
                }
              ],
              "suites": [],
              "passes": [
                "d247eda7-f000-4a28-85e1-5345fc78e777"
              ],
              "failures": [],
              "pending": [],
              "skipped": [],
              "duration": 0,
              "root": false,
              "rootEmpty": false,
              "_timeout": 2000
            },
            {
              "uuid": "1ac78684-d7e5-4fa0-97d6-c57ad1d1d0c9",
              "title": "prependListener()",
              "fullFile": "/home/runner/work/node-pyatv/node-pyatv/test/device-events.ts",
              "file": "/test/device-events.ts",
              "beforeHooks": [],
              "afterHooks": [],
              "tests": [
                {
                  "title": "should work",
                  "fullTitle": "NodePyATVDeviceEvents prependListener() should work",
                  "timedOut": false,
                  "duration": 1,
                  "state": "passed",
                  "speed": "fast",
                  "pass": true,
                  "fail": false,
                  "pending": false,
                  "context": null,
                  "code": "const device=new NodePyATVDevice({name:\"My Testdevice\",host:\"192.168.178.2\",spawn:createFakeSpawn(cp=>{cp.onStdIn(()=>cp.end());cp.stdout({result:\"success\",title:\"My Movie\"})})});const listener=__name(()=>{device.removeAllListeners(\"update\");done()},\"listener\");device.prependListener(\"update\",listener)",
                  "err": {},
                  "uuid": "d5c63866-6a31-4ef7-9f22-af81f57898d0",
                  "parentUUID": "1ac78684-d7e5-4fa0-97d6-c57ad1d1d0c9",
                  "isHook": false,
                  "skipped": false
                }
              ],
              "suites": [],
              "passes": [
                "d5c63866-6a31-4ef7-9f22-af81f57898d0"
              ],
              "failures": [],
              "pending": [],
              "skipped": [],
              "duration": 1,
              "root": false,
              "rootEmpty": false,
              "_timeout": 2000
            },
            {
              "uuid": "b67b30a8-8d66-44d1-958d-f0c776c3d5ed",
              "title": "prependOnceListener()",
              "fullFile": "/home/runner/work/node-pyatv/node-pyatv/test/device-events.ts",
              "file": "/test/device-events.ts",
              "beforeHooks": [],
              "afterHooks": [],
              "tests": [
                {
                  "title": "should work",
                  "fullTitle": "NodePyATVDeviceEvents prependOnceListener() should work",
                  "timedOut": false,
                  "duration": 2,
                  "state": "passed",
                  "speed": "fast",
                  "pass": true,
                  "fail": false,
                  "pending": false,
                  "context": null,
                  "code": "const device=new NodePyATVDevice({name:\"My Testdevice\",host:\"192.168.178.2\",spawn:createFakeSpawn(cp=>{cp.onStdIn(()=>cp.end());cp.stdout({result:\"success\",title:\"My Movie\"})})});device.prependOnceListener(\"update\",()=>done())",
                  "err": {},
                  "uuid": "013177b5-67c9-4154-bc14-b1e48d01cb46",
                  "parentUUID": "b67b30a8-8d66-44d1-958d-f0c776c3d5ed",
                  "isHook": false,
                  "skipped": false
                }
              ],
              "suites": [],
              "passes": [
                "013177b5-67c9-4154-bc14-b1e48d01cb46"
              ],
              "failures": [],
              "pending": [],
              "skipped": [],
              "duration": 2,
              "root": false,
              "rootEmpty": false,
              "_timeout": 2000
            },
            {
              "uuid": "c02bff54-0ceb-498f-bb16-a83d92e5b23d",
              "title": "rawListeners()",
              "fullFile": "/home/runner/work/node-pyatv/node-pyatv/test/device-events.ts",
              "file": "/test/device-events.ts",
              "beforeHooks": [],
              "afterHooks": [],
              "tests": [
                {
                  "title": "should work",
                  "fullTitle": "NodePyATVDeviceEvents rawListeners() should work",
                  "timedOut": false,
                  "duration": 0,
                  "state": "passed",
                  "speed": "fast",
                  "pass": true,
                  "fail": false,
                  "pending": false,
                  "context": null,
                  "code": "const device=new NodePyATVDevice({name:\"My Testdevice\",host:\"192.168.178.2\",spawn:createFakeSpawn(cp=>{cp.onStdIn(()=>cp.end())})});const listener=__name(()=>{},\"listener\");assert.deepStrictEqual(device.rawListeners(\"test\").length,0);device.on(\"test\",listener);assert.deepStrictEqual(device.rawListeners(\"test\").length,1);assert.deepStrictEqual(device.rawListeners(\"test\")[0],listener);device.off(\"test\",listener)",
                  "err": {},
                  "uuid": "5c248e03-4386-4fed-b06a-019bd58a4a60",
                  "parentUUID": "c02bff54-0ceb-498f-bb16-a83d92e5b23d",
                  "isHook": false,
                  "skipped": false
                }
              ],
              "suites": [],
              "passes": [
                "5c248e03-4386-4fed-b06a-019bd58a4a60"
              ],
              "failures": [],
              "pending": [],
              "skipped": [],
              "duration": 0,
              "root": false,
              "rootEmpty": false,
              "_timeout": 2000
            },
            {
              "uuid": "c2ee5244-4527-4c88-b5eb-c10596a07661",
              "title": "removeListener()",
              "fullFile": "/home/runner/work/node-pyatv/node-pyatv/test/device-events.ts",
              "file": "/test/device-events.ts",
              "beforeHooks": [],
              "afterHooks": [],
              "tests": [
                {
                  "title": "should work without any exceptions",
                  "fullTitle": "NodePyATVDeviceEvents removeListener() should work without any exceptions",
                  "timedOut": false,
                  "duration": 1,
                  "state": "passed",
                  "speed": "fast",
                  "pass": true,
                  "fail": false,
                  "pending": false,
                  "context": null,
                  "code": "const device=new NodePyATVDevice({name:\"My Testdevice\",host:\"192.168.178.2\",spawn:createFakeSpawn(cp=>{cp.onStdIn(()=>cp.end());cp.stdout({result:\"success\",title:\"My Movie\"})})});const listener=__name(()=>{},\"listener\");device.addListener(\"update\",listener);assert.deepStrictEqual(device.listenerCount(\"update\"),1);device.removeListener(\"update\",listener);assert.deepStrictEqual(device.listenerCount(\"update\"),0)",
                  "err": {},
                  "uuid": "b18e68d8-a8f2-4180-9194-f88485ed44b5",
                  "parentUUID": "c2ee5244-4527-4c88-b5eb-c10596a07661",
                  "isHook": false,
                  "skipped": false
                }
              ],
              "suites": [],
              "passes": [
                "b18e68d8-a8f2-4180-9194-f88485ed44b5"
              ],
              "failures": [],
              "pending": [],
              "skipped": [],
              "duration": 1,
              "root": false,
              "rootEmpty": false,
              "_timeout": 2000
            }
          ],
          "passes": [],
          "failures": [],
          "pending": [],
          "skipped": [],
          "duration": 0,
          "root": false,
          "rootEmpty": false,
          "_timeout": 2000
        },
        {
          "uuid": "bcea9072-a607-4a7b-be86-53576aeeee71",
          "title": "NodePyATVDevice",
          "fullFile": "/home/runner/work/node-pyatv/node-pyatv/test/device.ts",
          "file": "/test/device.ts",
          "beforeHooks": [],
          "afterHooks": [],
          "tests": [],
          "suites": [
            {
              "uuid": "b3eaba2c-7d14-4ca3-926d-de65f9c5523d",
              "title": "get name()",
              "fullFile": "/home/runner/work/node-pyatv/node-pyatv/test/device.ts",
              "file": "/test/device.ts",
              "beforeHooks": [],
              "afterHooks": [],
              "tests": [
                {
                  "title": "should return the name",
                  "fullTitle": "NodePyATVDevice get name() should return the name",
                  "timedOut": false,
                  "duration": 0,
                  "state": "passed",
                  "speed": "fast",
                  "pass": true,
                  "fail": false,
                  "pending": false,
                  "context": null,
                  "code": "const device=new NodePyATVDevice({name:\"My Testdevice\",host:\"192.168.178.2\"});assert.strictEqual(device.name,\"My Testdevice\")",
                  "err": {},
                  "uuid": "ffc8a6b8-6117-4ae3-beda-f270d2c37df0",
                  "parentUUID": "b3eaba2c-7d14-4ca3-926d-de65f9c5523d",
                  "isHook": false,
                  "skipped": false
                }
              ],
              "suites": [],
              "passes": [
                "ffc8a6b8-6117-4ae3-beda-f270d2c37df0"
              ],
              "failures": [],
              "pending": [],
              "skipped": [],
              "duration": 0,
              "root": false,
              "rootEmpty": false,
              "_timeout": 2000
            },
            {
              "uuid": "c625ddff-0bbc-45e5-a0ea-4d259c7a869a",
              "title": "get host()",
              "fullFile": "/home/runner/work/node-pyatv/node-pyatv/test/device.ts",
              "file": "/test/device.ts",
              "beforeHooks": [],
              "afterHooks": [],
              "tests": [
                {
                  "title": "should return the host",
                  "fullTitle": "NodePyATVDevice get host() should return the host",
                  "timedOut": false,
                  "duration": 0,
                  "state": "passed",
                  "speed": "fast",
                  "pass": true,
                  "fail": false,
                  "pending": false,
                  "context": null,
                  "code": "const device=new NodePyATVDevice({name:\"My Testdevice\",host:\"192.168.178.2\"});assert.strictEqual(device.host,\"192.168.178.2\")",
                  "err": {},
                  "uuid": "8a95df02-183a-4fc4-b16e-dbf0205509f2",
                  "parentUUID": "c625ddff-0bbc-45e5-a0ea-4d259c7a869a",
                  "isHook": false,
                  "skipped": false
                }
              ],
              "suites": [],
              "passes": [
                "8a95df02-183a-4fc4-b16e-dbf0205509f2"
              ],
              "failures": [],
              "pending": [],
              "skipped": [],
              "duration": 0,
              "root": false,
              "rootEmpty": false,
              "_timeout": 2000
            },
            {
              "uuid": "2b407cba-46e5-4947-96f0-24a6234ae981",
              "title": "get id()",
              "fullFile": "/home/runner/work/node-pyatv/node-pyatv/test/device.ts",
              "file": "/test/device.ts",
              "beforeHooks": [],
              "afterHooks": [],
              "tests": [
                {
                  "title": "should return the id",
                  "fullTitle": "NodePyATVDevice get id() should return the id",
                  "timedOut": false,
                  "duration": 0,
                  "state": "passed",
                  "speed": "fast",
                  "pass": true,
                  "fail": false,
                  "pending": false,
                  "context": null,
                  "code": "const device=new NodePyATVDevice({name:\"My Testdevice\",host:\"192.168.178.2\",id:\"*****\"});assert.strictEqual(device.id,\"*****\")",
                  "err": {},
                  "uuid": "63372ac6-ba22-44f9-85f7-e7ba90757814",
                  "parentUUID": "2b407cba-46e5-4947-96f0-24a6234ae981",
                  "isHook": false,
                  "skipped": false
                }
              ],
              "suites": [],
              "passes": [
                "63372ac6-ba22-44f9-85f7-e7ba90757814"
              ],
              "failures": [],
              "pending": [],
              "skipped": [],
              "duration": 0,
              "root": false,
              "rootEmpty": false,
              "_timeout": 2000
            },
            {
              "uuid": "fa0080df-ad09-432a-93be-a47ac5987a88",
              "title": "get allIDs()",
              "fullFile": "/home/runner/work/node-pyatv/node-pyatv/test/device.ts",
              "file": "/test/device.ts",
              "beforeHooks": [],
              "afterHooks": [],
              "tests": [
                {
                  "title": "should return all the IDs",
                  "fullTitle": "NodePyATVDevice get allIDs() should return all the IDs",
                  "timedOut": false,
                  "duration": 1,
                  "state": "passed",
                  "speed": "fast",
                  "pass": true,
                  "fail": false,
                  "pending": false,
                  "context": null,
                  "code": "const device=new NodePyATVDevice({name:\"My Testdevice\",host:\"192.168.178.2\",id:\"*****\",allIDs:[\"some_id_1\",\"some_id_2\",\"some_id_3\"]});assert.deepStrictEqual(device.allIDs,[\"some_id_1\",\"some_id_2\",\"some_id_3\"])",
                  "err": {},
                  "uuid": "5659009a-3052-4617-a9ee-52a284176d61",
                  "parentUUID": "fa0080df-ad09-432a-93be-a47ac5987a88",
                  "isHook": false,
                  "skipped": false
                }
              ],
              "suites": [],
              "passes": [
                "5659009a-3052-4617-a9ee-52a284176d61"
              ],
              "failures": [],
              "pending": [],
              "skipped": [],
              "duration": 1,
              "root": false,
              "rootEmpty": false,
              "_timeout": 2000
            },
            {
              "uuid": "bd8b2e0c-7046-4090-bd54-4af94dafb6ea",
              "title": "get protocol()",
              "fullFile": "/home/runner/work/node-pyatv/node-pyatv/test/device.ts",
              "file": "/test/device.ts",
              "beforeHooks": [],
              "afterHooks": [],
              "tests": [
                {
                  "title": "should return the protocol",
                  "fullTitle": "NodePyATVDevice get protocol() should return the protocol",
                  "timedOut": false,
                  "duration": 0,
                  "state": "passed",
                  "speed": "fast",
                  "pass": true,
                  "fail": false,
                  "pending": false,
                  "context": null,
                  "code": "const device=new NodePyATVDevice({name:\"My Testdevice\",host:\"192.168.178.2\",protocol:NodePyATVProtocol.airplay});assert.strictEqual(device.protocol,NodePyATVProtocol.airplay)",
                  "err": {},
                  "uuid": "b251bfea-2806-49ea-98ea-b18eb3eeae18",
                  "parentUUID": "bd8b2e0c-7046-4090-bd54-4af94dafb6ea",
                  "isHook": false,
                  "skipped": false
                }
              ],
              "suites": [],
              "passes": [
                "b251bfea-2806-49ea-98ea-b18eb3eeae18"
              ],
              "failures": [],
              "pending": [],
              "skipped": [],
              "duration": 0,
              "root": false,
              "rootEmpty": false,
              "_timeout": 2000
            },
            {
              "uuid": "568f2f02-90cd-4b9e-bbcd-325bd000472c",
              "title": "get mac()",
              "fullFile": "/home/runner/work/node-pyatv/node-pyatv/test/device.ts",
              "file": "/test/device.ts",
              "beforeHooks": [],
              "afterHooks": [],
              "tests": [
                {
                  "title": "should return the mac",
                  "fullTitle": "NodePyATVDevice get mac() should return the mac",
                  "timedOut": false,
                  "duration": 0,
                  "state": "passed",
                  "speed": "fast",
                  "pass": true,
                  "fail": false,
                  "pending": false,
                  "context": null,
                  "code": "const device=new NodePyATVDevice({name:\"My Testdevice\",host:\"192.168.178.2\",mac:\"AA:BB:CC:DD:EE:FF\"});assert.strictEqual(device.mac,\"AA:BB:CC:DD:EE:FF\")",
                  "err": {},
                  "uuid": "ab7ff4f2-bf20-4690-828c-cde83a5cc81f",
                  "parentUUID": "568f2f02-90cd-4b9e-bbcd-325bd000472c",
                  "isHook": false,
                  "skipped": false
                }
              ],
              "suites": [],
              "passes": [
                "ab7ff4f2-bf20-4690-828c-cde83a5cc81f"
              ],
              "failures": [],
              "pending": [],
              "skipped": [],
              "duration": 0,
              "root": false,
              "rootEmpty": false,
              "_timeout": 2000
            },
            {
              "uuid": "3ce08fc2-a177-498d-a2aa-4150d306e311",
              "title": "get model()",
              "fullFile": "/home/runner/work/node-pyatv/node-pyatv/test/device.ts",
              "file": "/test/device.ts",
              "beforeHooks": [],
              "afterHooks": [],
              "tests": [
                {
                  "title": "should return the model if set by scan",
                  "fullTitle": "NodePyATVDevice get model() should return the model if set by scan",
                  "timedOut": false,
                  "duration": 0,
                  "state": "passed",
                  "speed": "fast",
                  "pass": true,
                  "fail": false,
                  "pending": false,
                  "context": null,
                  "code": "const device=new NodePyATVDevice({name:\"Vardagsrum\",host:\"10.0.10.81\",id:\"xxx\",model:\"Gen4K\"});assert.strictEqual(device.model,\"Gen4K\")",
                  "err": {},
                  "uuid": "4604c626-c5d3-4392-b46e-846df3a4ee78",
                  "parentUUID": "3ce08fc2-a177-498d-a2aa-4150d306e311",
                  "isHook": false,
                  "skipped": false
                },
                {
                  "title": "should return undefined otherwise",
                  "fullTitle": "NodePyATVDevice get model() should return undefined otherwise",
                  "timedOut": false,
                  "duration": 0,
                  "state": "passed",
                  "speed": "fast",
                  "pass": true,
                  "fail": false,
                  "pending": false,
                  "context": null,
                  "code": "const device=new NodePyATVDevice({name:\"Vardagsrum\",host:\"10.0.10.81\"});assert.strictEqual(device.model,void 0)",
                  "err": {},
                  "uuid": "3b768fbf-0f79-456c-8168-82a44b566bf2",
                  "parentUUID": "3ce08fc2-a177-498d-a2aa-4150d306e311",
                  "isHook": false,
                  "skipped": false
                }
              ],
              "suites": [],
              "passes": [
                "4604c626-c5d3-4392-b46e-846df3a4ee78",
                "3b768fbf-0f79-456c-8168-82a44b566bf2"
              ],
              "failures": [],
              "pending": [],
              "skipped": [],
              "duration": 0,
              "root": false,
              "rootEmpty": false,
              "_timeout": 2000
            },
            {
              "uuid": "9de7a209-52fe-4e9a-b383-5f8046ae610d",
              "title": "get modelName()",
              "fullFile": "/home/runner/work/node-pyatv/node-pyatv/test/device.ts",
              "file": "/test/device.ts",
              "beforeHooks": [],
              "afterHooks": [],
              "tests": [
                {
                  "title": "should return the model name if set by scan",
                  "fullTitle": "NodePyATVDevice get modelName() should return the model name if set by scan",
                  "timedOut": false,
                  "duration": 0,
                  "state": "passed",
                  "speed": "fast",
                  "pass": true,
                  "fail": false,
                  "pending": false,
                  "context": null,
                  "code": "const device=new NodePyATVDevice({name:\"Vardagsrum\",host:\"10.0.10.81\",id:\"xxx\",modelName:\"Apple TV 4K\"});assert.strictEqual(device.modelName,\"Apple TV 4K\")",
                  "err": {},
                  "uuid": "bc63cde9-1db7-40eb-810e-1c2444c70ad9",
                  "parentUUID": "9de7a209-52fe-4e9a-b383-5f8046ae610d",
                  "isHook": false,
                  "skipped": false
                },
                {
                  "title": "should return undefined otherwise",
                  "fullTitle": "NodePyATVDevice get modelName() should return undefined otherwise",
                  "timedOut": false,
                  "duration": 0,
                  "state": "passed",
                  "speed": "fast",
                  "pass": true,
                  "fail": false,
                  "pending": false,
                  "context": null,
                  "code": "const device=new NodePyATVDevice({name:\"Vardagsrum\",host:\"10.0.10.81\"});assert.strictEqual(device.modelName,void 0)",
                  "err": {},
                  "uuid": "c616a957-1a9b-4546-8e5c-8475a95292c2",
                  "parentUUID": "9de7a209-52fe-4e9a-b383-5f8046ae610d",
                  "isHook": false,
                  "skipped": false
                }
              ],
              "suites": [],
              "passes": [
                "bc63cde9-1db7-40eb-810e-1c2444c70ad9",
                "c616a957-1a9b-4546-8e5c-8475a95292c2"
              ],
              "failures": [],
              "pending": [],
              "skipped": [],
              "duration": 0,
              "root": false,
              "rootEmpty": false,
              "_timeout": 2000
            },
            {
              "uuid": "bc2d1969-b978-435d-af6d-36226ae5b4cd",
              "title": "get os()",
              "fullFile": "/home/runner/work/node-pyatv/node-pyatv/test/device.ts",
              "file": "/test/device.ts",
              "beforeHooks": [],
              "afterHooks": [],
              "tests": [
                {
                  "title": "should return the operating system if set by scan",
                  "fullTitle": "NodePyATVDevice get os() should return the operating system if set by scan",
                  "timedOut": false,
                  "duration": 0,
                  "state": "passed",
                  "speed": "fast",
                  "pass": true,
                  "fail": false,
                  "pending": false,
                  "context": null,
                  "code": "const device=new NodePyATVDevice({name:\"Vardagsrum\",host:\"10.0.10.81\",id:\"xxx\",os:\"TvOS\"});assert.strictEqual(device.os,\"TvOS\")",
                  "err": {},
                  "uuid": "8c5d5f7a-a42f-45b6-b731-4e4f6d6d2c6e",
                  "parentUUID": "bc2d1969-b978-435d-af6d-36226ae5b4cd",
                  "isHook": false,
                  "skipped": false
                },
                {
                  "title": "should return undefined otherwise",
                  "fullTitle": "NodePyATVDevice get os() should return undefined otherwise",
                  "timedOut": false,
                  "duration": 0,
                  "state": "passed",
                  "speed": "fast",
                  "pass": true,
                  "fail": false,
                  "pending": false,
                  "context": null,
                  "code": "const device=new NodePyATVDevice({name:\"Vardagsrum\",host:\"10.0.10.81\"});assert.strictEqual(device.os,void 0)",
                  "err": {},
                  "uuid": "bde8d3c3-8831-4ff9-915a-388e30dc4379",
                  "parentUUID": "bc2d1969-b978-435d-af6d-36226ae5b4cd",
                  "isHook": false,
                  "skipped": false
                }
              ],
              "suites": [],
              "passes": [
                "8c5d5f7a-a42f-45b6-b731-4e4f6d6d2c6e",
                "bde8d3c3-8831-4ff9-915a-388e30dc4379"
              ],
              "failures": [],
              "pending": [],
              "skipped": [],
              "duration": 0,
              "root": false,
              "rootEmpty": false,
              "_timeout": 2000
            },
            {
              "uuid": "53643e47-d46a-432d-9ce9-8370cd5b60ea",
              "title": "get version()",
              "fullFile": "/home/runner/work/node-pyatv/node-pyatv/test/device.ts",
              "file": "/test/device.ts",
              "beforeHooks": [],
              "afterHooks": [],
              "tests": [
                {
                  "title": "should return the version if set by scan",
                  "fullTitle": "NodePyATVDevice get version() should return the version if set by scan",
                  "timedOut": false,
                  "duration": 0,
                  "state": "passed",
                  "speed": "fast",
                  "pass": true,
                  "fail": false,
                  "pending": false,
                  "context": null,
                  "code": "const device=new NodePyATVDevice({name:\"Vardagsrum\",host:\"10.0.10.81\",id:\"xxx\",version:\"15.5.1\"});assert.strictEqual(device.version,\"15.5.1\")",
                  "err": {},
                  "uuid": "38866f82-e1b9-40aa-a133-7a17d5f18244",
                  "parentUUID": "53643e47-d46a-432d-9ce9-8370cd5b60ea",
                  "isHook": false,
                  "skipped": false
                },
                {
                  "title": "should return undefined otherwise",
                  "fullTitle": "NodePyATVDevice get version() should return undefined otherwise",
                  "timedOut": false,
                  "duration": 0,
                  "state": "passed",
                  "speed": "fast",
                  "pass": true,
                  "fail": false,
                  "pending": false,
                  "context": null,
                  "code": "const device=new NodePyATVDevice({name:\"Vardagsrum\",host:\"10.0.10.81\"});assert.strictEqual(device.version,void 0)",
                  "err": {},
                  "uuid": "0e96a1ff-da5d-4e94-bc24-6ca4dd0634c3",
                  "parentUUID": "53643e47-d46a-432d-9ce9-8370cd5b60ea",
                  "isHook": false,
                  "skipped": false
                }
              ],
              "suites": [],
              "passes": [
                "38866f82-e1b9-40aa-a133-7a17d5f18244",
                "0e96a1ff-da5d-4e94-bc24-6ca4dd0634c3"
              ],
              "failures": [],
              "pending": [],
              "skipped": [],
              "duration": 0,
              "root": false,
              "rootEmpty": false,
              "_timeout": 2000
            },
            {
              "uuid": "1d3692ed-f35a-45f1-b478-1609ecc3be59",
              "title": "get services()",
              "fullFile": "/home/runner/work/node-pyatv/node-pyatv/test/device.ts",
              "file": "/test/device.ts",
              "beforeHooks": [],
              "afterHooks": [],
              "tests": [
                {
                  "title": "should return the services if set by scan",
                  "fullTitle": "NodePyATVDevice get services() should return the services if set by scan",
                  "timedOut": false,
                  "duration": 0,
                  "state": "passed",
                  "speed": "fast",
                  "pass": true,
                  "fail": false,
                  "pending": false,
                  "context": null,
                  "code": "const device=new NodePyATVDevice({name:\"Vardagsrum\",host:\"10.0.10.81\",id:\"xxx\",services:[{protocol:NodePyATVProtocol.mrp,port:49152},{protocol:NodePyATVProtocol.airplay,port:7e3}]});assert.deepStrictEqual(device.services,[{protocol:\"mrp\",port:49152},{protocol:\"airplay\",port:7e3}])",
                  "err": {},
                  "uuid": "cd667db4-ffd5-4470-aea1-490a3bc66172",
                  "parentUUID": "1d3692ed-f35a-45f1-b478-1609ecc3be59",
                  "isHook": false,
                  "skipped": false
                },
                {
                  "title": "should return undefined otherwise",
                  "fullTitle": "NodePyATVDevice get services() should return undefined otherwise",
                  "timedOut": false,
                  "duration": 0,
                  "state": "passed",
                  "speed": "fast",
                  "pass": true,
                  "fail": false,
                  "pending": false,
                  "context": null,
                  "code": "const device=new NodePyATVDevice({name:\"Vardagsrum\",host:\"10.0.10.81\"});assert.strictEqual(device.services,void 0)",
                  "err": {},
                  "uuid": "571b347c-d808-4534-bfa1-f3cf61ed9a7c",
                  "parentUUID": "1d3692ed-f35a-45f1-b478-1609ecc3be59",
                  "isHook": false,
                  "skipped": false
                }
              ],
              "suites": [],
              "passes": [
                "cd667db4-ffd5-4470-aea1-490a3bc66172",
                "571b347c-d808-4534-bfa1-f3cf61ed9a7c"
              ],
              "failures": [],
              "pending": [],
              "skipped": [],
              "duration": 0,
              "root": false,
              "rootEmpty": false,
              "_timeout": 2000
            },
            {
              "uuid": "7d32bf98-39d0-45fb-8dd6-2dc3dc3bf7c8",
              "title": "get debug()",
              "fullFile": "/home/runner/work/node-pyatv/node-pyatv/test/device.ts",
              "file": "/test/device.ts",
              "beforeHooks": [],
              "afterHooks": [],
              "tests": [
                {
                  "title": "should return true if set to true",
                  "fullTitle": "NodePyATVDevice get debug() should return true if set to true",
                  "timedOut": false,
                  "duration": 0,
                  "state": "passed",
                  "speed": "fast",
                  "pass": true,
                  "fail": false,
                  "pending": false,
                  "context": null,
                  "code": "const device=new NodePyATVDevice({name:\"My Testdevice\",host:\"192.168.178.2\",debug:true});assert.strictEqual(device.debug,true)",
                  "err": {},
                  "uuid": "ac18224d-f95a-49ce-9db7-de7c94888f2b",
                  "parentUUID": "7d32bf98-39d0-45fb-8dd6-2dc3dc3bf7c8",
                  "isHook": false,
                  "skipped": false
                },
                {
                  "title": "should return fn if set to custom function",
                  "fullTitle": "NodePyATVDevice get debug() should return fn if set to custom function",
                  "timedOut": false,
                  "duration": 0,
                  "state": "passed",
                  "speed": "fast",
                  "pass": true,
                  "fail": false,
                  "pending": false,
                  "context": null,
                  "code": "const fn=__name(()=>{},\"fn\");const device=new NodePyATVDevice({name:\"My Testdevice\",host:\"192.168.178.2\",debug:fn});assert.strictEqual(device.debug,fn)",
                  "err": {},
                  "uuid": "edff7878-8978-4efe-a6a2-f5cbfec25864",
                  "parentUUID": "7d32bf98-39d0-45fb-8dd6-2dc3dc3bf7c8",
                  "isHook": false,
                  "skipped": false
                },
                {
                  "title": "should return false if unset",
                  "fullTitle": "NodePyATVDevice get debug() should return false if unset",
                  "timedOut": false,
                  "duration": 0,
                  "state": "passed",
                  "speed": "fast",
                  "pass": true,
                  "fail": false,
                  "pending": false,
                  "context": null,
                  "code": "const device=new NodePyATVDevice({name:\"My Testdevice\",host:\"192.168.178.2\"});assert.strictEqual(device.debug,void 0)",
                  "err": {},
                  "uuid": "b8739d4a-c5ea-4fa6-bddf-7f964405fbd7",
                  "parentUUID": "7d32bf98-39d0-45fb-8dd6-2dc3dc3bf7c8",
                  "isHook": false,
                  "skipped": false
                }
              ],
              "suites": [],
              "passes": [
                "ac18224d-f95a-49ce-9db7-de7c94888f2b",
                "edff7878-8978-4efe-a6a2-f5cbfec25864",
                "b8739d4a-c5ea-4fa6-bddf-7f964405fbd7"
              ],
              "failures": [],
              "pending": [],
              "skipped": [],
              "duration": 0,
              "root": false,
              "rootEmpty": false,
              "_timeout": 2000
            },
            {
              "uuid": "3dfdd3b6-773f-43a0-b09d-24cea02b0d3d",
              "title": "set debug()",
              "fullFile": "/home/runner/work/node-pyatv/node-pyatv/test/device.ts",
              "file": "/test/device.ts",
              "beforeHooks": [],
              "afterHooks": [],
              "tests": [
                {
                  "title": "should work for debug = true",
                  "fullTitle": "NodePyATVDevice set debug() should work for debug = true",
                  "timedOut": false,
                  "duration": 1,
                  "state": "passed",
                  "speed": "fast",
                  "pass": true,
                  "fail": false,
                  "pending": false,
                  "context": null,
                  "code": "const device=new NodePyATVDevice({name:\"My Testdevice\",host:\"192.168.178.2\"});assert.strictEqual(device.debug,void 0);device.debug=true;assert.strictEqual(device.debug,true)",
                  "err": {},
                  "uuid": "2e87f162-5af7-447b-bb10-d0efc5cb59d7",
                  "parentUUID": "3dfdd3b6-773f-43a0-b09d-24cea02b0d3d",
                  "isHook": false,
                  "skipped": false
                },
                {
                  "title": "should work for debug = undefined",
                  "fullTitle": "NodePyATVDevice set debug() should work for debug = undefined",
                  "timedOut": false,
                  "duration": 0,
                  "state": "passed",
                  "speed": "fast",
                  "pass": true,
                  "fail": false,
                  "pending": false,
                  "context": null,
                  "code": "const device=new NodePyATVDevice({name:\"My Testdevice\",host:\"192.168.178.2\",debug:true});assert.strictEqual(device.debug,true);device.debug=void 0;assert.strictEqual(device.debug,void 0)",
                  "err": {},
                  "uuid": "6d534340-d04d-45da-a7ff-324703a4b8a2",
                  "parentUUID": "3dfdd3b6-773f-43a0-b09d-24cea02b0d3d",
                  "isHook": false,
                  "skipped": false
[...]
              "afterHooks": [],
              "tests": [
                {
                  "title": "should handle atvremotePath if set",
                  "fullTitle": "Tools getExecutable() should handle atvremotePath if set",
                  "timedOut": false,
                  "duration": 0,
                  "state": "passed",
                  "speed": "fast",
                  "pass": true,
                  "fail": false,
                  "pending": false,
                  "context": null,
                  "code": "const result=getExecutable(NodePyATVExecutableType.atvremote,{atvremotePath:\"/tmp/1\",atvscriptPath:\"/tmp/2\"});assert.strictEqual(result,\"/tmp/1\")",
                  "err": {},
                  "uuid": "61500cb1-2644-4c27-8caf-efb6271acc41",
                  "parentUUID": "673ab76e-88c2-4068-b3ae-23fd1cc27733",
                  "isHook": false,
                  "skipped": false
                },
                {
                  "title": "should handle atvscriptPath if set",
                  "fullTitle": "Tools getExecutable() should handle atvscriptPath if set",
                  "timedOut": false,
                  "duration": 0,
                  "state": "passed",
                  "speed": "fast",
                  "pass": true,
                  "fail": false,
                  "pending": false,
                  "context": null,
                  "code": "const result=getExecutable(NodePyATVExecutableType.atvscript,{atvremotePath:\"/tmp/1\",atvscriptPath:\"/tmp/2\"});assert.strictEqual(result,\"/tmp/2\")",
                  "err": {},
                  "uuid": "ad15b145-ec31-45f4-b760-9bb030c7d63b",
                  "parentUUID": "673ab76e-88c2-4068-b3ae-23fd1cc27733",
                  "isHook": false,
                  "skipped": false
                },
                {
                  "title": "should handle default for atvremote",
                  "fullTitle": "Tools getExecutable() should handle default for atvremote",
                  "timedOut": false,
                  "duration": 0,
                  "state": "passed",
                  "speed": "fast",
                  "pass": true,
                  "fail": false,
                  "pending": false,
                  "context": null,
                  "code": "const result=getExecutable(NodePyATVExecutableType.atvremote,{atvscriptPath:\"/tmp\"});assert.strictEqual(result,\"atvremote\")",
                  "err": {},
                  "uuid": "91205dd9-3296-437d-8dac-1a9368722d4b",
                  "parentUUID": "673ab76e-88c2-4068-b3ae-23fd1cc27733",
                  "isHook": false,
                  "skipped": false
                },
                {
                  "title": "should handle default for atvscript",
                  "fullTitle": "Tools getExecutable() should handle default for atvscript",
                  "timedOut": false,
                  "duration": 0,
                  "state": "passed",
                  "speed": "fast",
                  "pass": true,
                  "fail": false,
                  "pending": false,
                  "context": null,
                  "code": "const result=getExecutable(NodePyATVExecutableType.atvscript,{atvremotePath:\"/tmp\"});assert.strictEqual(result,\"atvscript\")",
                  "err": {},
                  "uuid": "d48cbac0-c4d8-49f1-9767-d043a469bd53",
                  "parentUUID": "673ab76e-88c2-4068-b3ae-23fd1cc27733",
                  "isHook": false,
                  "skipped": false
                }
              ],
              "suites": [],
              "passes": [
                "61500cb1-2644-4c27-8caf-efb6271acc41",
                "ad15b145-ec31-45f4-b760-9bb030c7d63b",
                "91205dd9-3296-437d-8dac-1a9368722d4b",
                "d48cbac0-c4d8-49f1-9767-d043a469bd53"
              ],
              "failures": [],
              "pending": [],
              "skipped": [],
              "duration": 0,
              "root": false,
              "rootEmpty": false,
              "_timeout": 2000
            },
            {
              "uuid": "c9c51e92-1a44-4ab9-b1f7-b5a96d6e6d74",
              "title": "getParameters()",
              "fullFile": "/home/runner/work/node-pyatv/node-pyatv/test/tools.ts",
              "file": "/test/tools.ts",
              "beforeHooks": [],
              "afterHooks": [],
              "tests": [
                {
                  "title": "empty case",
                  "fullTitle": "Tools getParameters() empty case",
                  "timedOut": false,
                  "duration": 0,
                  "state": "passed",
                  "speed": "fast",
                  "pass": true,
                  "fail": false,
                  "pending": false,
                  "context": null,
                  "code": "const result=await getParameters();assert.deepEqual(result,[])",
                  "err": {},
                  "uuid": "6664a8e0-a6f3-4ac3-b3a8-6c8eb322e0e9",
                  "parentUUID": "c9c51e92-1a44-4ab9-b1f7-b5a96d6e6d74",
                  "isHook": false,
                  "skipped": false
                },
                {
                  "title": "easy case",
                  "fullTitle": "Tools getParameters() easy case",
                  "timedOut": false,
                  "duration": 1,
                  "state": "passed",
                  "speed": "fast",
                  "pass": true,
                  "fail": false,
                  "pending": false,
                  "context": null,
                  "code": "const result=await getParameters({host:\"192.168.178.2\"});assert.deepEqual(result,[\"-s\",\"192.168.178.2\"])",
                  "err": {},
                  "uuid": "fa8b28ce-0f53-4374-a85d-0b82f1e01632",
                  "parentUUID": "c9c51e92-1a44-4ab9-b1f7-b5a96d6e6d74",
                  "isHook": false,
                  "skipped": false
                },
                {
                  "title": "full case",
                  "fullTitle": "Tools getParameters() full case",
                  "timedOut": false,
                  "duration": 0,
                  "state": "passed",
                  "speed": "fast",
                  "pass": true,
                  "fail": false,
                  "pending": false,
                  "context": null,
                  "code": "const result=await getParameters({hosts:[\"192.168.178.2\",\"192.168.178.3\"],id:\"****\",protocol:NodePyATVProtocol.mrp,dmapCredentials:\"****\",mrpCredentials:\"****\",airplayCredentials:\"****\",companionCredentials:\"1234\",raopCredentials:\"::foo:\"});assert.deepEqual(result,[\"-s\",\"192.168.178.2,192.168.178.3\",\"-i\",\"****\",\"--protocol\",\"mrp\",\"--dmap-credentials\",\"****\",\"--mrp-credentials\",\"****\",\"--airplay-credentials\",\"****\",\"--companion-credentials\",\"1234\",\"--raop-credentials\",\"::foo:\"])",
                  "err": {},
                  "uuid": "58b7aa85-64a6-490c-910e-49b1155788b8",
                  "parentUUID": "c9c51e92-1a44-4ab9-b1f7-b5a96d6e6d74",
                  "isHook": false,
                  "skipped": false
                }
              ],
              "suites": [],
              "passes": [
                "6664a8e0-a6f3-4ac3-b3a8-6c8eb322e0e9",
                "fa8b28ce-0f53-4374-a85d-0b82f1e01632",
                "58b7aa85-64a6-490c-910e-49b1155788b8"
              ],
              "failures": [],
              "pending": [],
              "skipped": [],
              "duration": 1,
              "root": false,
              "rootEmpty": false,
              "_timeout": 2000
            },
            {
              "uuid": "0a54a5ed-93ad-4d43-9b3f-703c08093f8a",
              "title": "parseState()",
              "fullFile": "/home/runner/work/node-pyatv/node-pyatv/test/tools.ts",
              "file": "/test/tools.ts",
              "beforeHooks": [],
              "afterHooks": [],
              "tests": [
                {
                  "title": "should work with empty data",
                  "fullTitle": "Tools parseState() should work with empty data",
                  "timedOut": false,
                  "duration": 0,
                  "state": "passed",
                  "speed": "fast",
                  "pass": true,
                  "fail": false,
                  "pending": false,
                  "context": null,
                  "code": "const input={};const result=parseState(input,\"\",{});assert.deepStrictEqual(result,{dateTime:null,hash:null,mediaType:null,deviceState:null,title:null,artist:null,album:null,genre:null,totalTime:null,position:null,shuffle:null,repeat:null,app:null,appId:null,powerState:null,focusState:null,volume:null,outputDevices:null,contentIdentifier:null,iTunesStoreIdentifier:null,episodeNumber:null,seasonNumber:null,seriesName:null})",
                  "err": {},
                  "uuid": "9c1f2a33-6ba2-49ac-a609-257ca677911a",
                  "parentUUID": "0a54a5ed-93ad-4d43-9b3f-703c08093f8a",
                  "isHook": false,
                  "skipped": false
                },
                {
                  "title": "should work without data",
                  "fullTitle": "Tools parseState() should work without data",
                  "timedOut": false,
                  "duration": 0,
                  "state": "passed",
                  "speed": "fast",
                  "pass": true,
                  "fail": false,
                  "pending": false,
                  "context": null,
                  "code": "const result=parseState(null,\"\",{});assert.deepStrictEqual(result,{dateTime:null,hash:null,mediaType:null,deviceState:null,title:null,artist:null,album:null,genre:null,totalTime:null,position:null,shuffle:null,repeat:null,app:null,appId:null,powerState:null,focusState:null,volume:null,outputDevices:null,contentIdentifier:null,iTunesStoreIdentifier:null,episodeNumber:null,seasonNumber:null,seriesName:null})",
                  "err": {},
                  "uuid": "7274817f-1600-4a9b-94bc-4652580a7fe2",
                  "parentUUID": "0a54a5ed-93ad-4d43-9b3f-703c08093f8a",
                  "isHook": false,
                  "skipped": false
                },
                {
                  "title": "should work with example data",
                  "fullTitle": "Tools parseState() should work with example data",
                  "timedOut": false,
                  "duration": 0,
                  "state": "passed",
                  "speed": "fast",
                  "pass": true,
                  "fail": false,
                  "pending": false,
                  "context": null,
                  "code": "const input={result:\"success\",datetime:\"2020-11-07T22:38:43.608030+01:00\",hash:\"100e0ab6-6ff5-4199-9c04-a7107ff78712\",media_type:\"video\",device_state:\"playing\",title:\"Solo: A Star Wars Story\",artist:null,album:null,genre:null,total_time:8097,position:27,shuffle:\"off\",repeat:\"off\",app:\"Disney+\",app_id:\"com.disney.disneyplus\",power_state:null,focus_state:null,volume:null,output_devices:null,content_identifier:null,itunes_store_identifier:null,episode_number:null,season_number:null,series_name:null};const result=parseState(input,\"\",{});assert.deepStrictEqual(result,{dateTime:new Date(\"2020-11-07T22:38:43.608030+01:00\"),hash:\"100e0ab6-6ff5-4199-9c04-a7107ff78712\",mediaType:NodePyATVMediaType.video,deviceState:NodePyATVDeviceState.playing,title:\"Solo: A Star Wars Story\",artist:null,album:null,genre:null,totalTime:8097,position:27,shuffle:NodePyATVShuffleState.off,repeat:NodePyATVRepeatState.off,app:\"Disney+\",appId:\"com.disney.disneyplus\",powerState:null,focusState:null,volume:null,outputDevices:null,contentIdentifier:null,iTunesStoreIdentifier:null,episodeNumber:null,seasonNumber:null,seriesName:null})",
                  "err": {},
                  "uuid": "2bb93125-6646-4906-96b1-72f882772c10",
                  "parentUUID": "0a54a5ed-93ad-4d43-9b3f-703c08093f8a",
                  "isHook": false,
                  "skipped": false
                },
                {
                  "title": "should throw an error for pyatv exceptions",
                  "fullTitle": "Tools parseState() should throw an error for pyatv exceptions",
                  "timedOut": false,
                  "duration": 0,
                  "state": "passed",
                  "speed": "fast",
                  "pass": true,
                  "fail": false,
                  "pending": false,
                  "context": null,
                  "code": "const input={result:\"failure\",datetime:\"2021-11-24T21:13:36.424576+03:00\",exception:\"invalid credentials: 321\",stacktrace:'Traceback (most recent call last):\\n  File \"/Users/free/Library/Python/3.8/lib/python/site-packages/pyatv/scripts/atvscript.py\", line 302, in appstart\\n    print(args.output(await _handle_command(args, abort_sem, loop)), flush=True)\\n  File \"/Users/free/Library/Python/3.8/lib/python/site-packages/pyatv/scripts/atvscript.py\", line 196, in _handle_command\\n    atv = await connect(config, loop, protocol=Protocol.MRP)\\n  File \"/Users/free/Library/Python/3.8/lib/python/site-packages/pyatv/__init__.py\", line 96, in connect\\n    for setup_data in proto_methods.setup(\\n  File \"/Users/free/Library/Python/3.8/lib/python/site-packages/pyatv/protocols/airplay/__init__.py\", line 192, in setup\\n    stream = AirPlayStream(config, service)\\n  File \"/Users/free/Library/Python/3.8/lib/python/site-packages/pyatv/protocols/airplay/__init__.py\", line 79, in __init__\\n    self._credentials: HapCredentials = parse_credentials(self.service.credentials)\\n  File \"/Users/free/Library/Python/3.8/lib/python/site-packages/pyatv/auth/hap_pairing.py\", line 139, in parse_credentials\\n    raise exceptions.InvalidCredentialsError(\"invalid credentials: \" + detail_string)\\npyatv.exceptions.InvalidCredentialsError: invalid credentials: 321\\n'};assert.throws(()=>{parseState(input,\"\",{})},/Got pyatv Error: invalid credentials: 321/)",
                  "err": {},
                  "uuid": "26f09e87-88fb-4c4c-ac77-11f59b9cf8f2",
                  "parentUUID": "0a54a5ed-93ad-4d43-9b3f-703c08093f8a",
                  "isHook": false,
                  "skipped": false
                },
                {
                  "title": "should ignore date if it's an invalid date",
                  "fullTitle": "Tools parseState() should ignore date if it's an invalid date",
                  "timedOut": false,
                  "duration": 0,
                  "state": "passed",
                  "speed": "fast",
                  "pass": true,
                  "fail": false,
                  "pending": false,
                  "context": null,
                  "code": "const input={datetime:\"today\"};const result=parseState(input,\"\",{});assert.deepStrictEqual(result,{dateTime:null,hash:null,mediaType:null,deviceState:null,title:null,artist:null,album:null,genre:null,totalTime:null,position:null,shuffle:null,repeat:null,app:null,appId:null,powerState:null,focusState:null,volume:null,outputDevices:null,contentIdentifier:null,iTunesStoreIdentifier:null,episodeNumber:null,seasonNumber:null,seriesName:null})",
                  "err": {},
                  "uuid": "a316f66b-9bd0-4166-b8d1-5e7e0270f97d",
                  "parentUUID": "0a54a5ed-93ad-4d43-9b3f-703c08093f8a",
                  "isHook": false,
                  "skipped": false
                },
                {
                  "title": "should ignore data if unsupported type",
                  "fullTitle": "Tools parseState() should ignore data if unsupported type",
                  "timedOut": false,
                  "duration": 0,
                  "state": "passed",
                  "speed": "fast",
                  "pass": true,
                  "fail": false,
                  "pending": false,
                  "context": null,
                  "code": "const input={result:\"success\",datetime:true,hash:1337,media_type:false,device_state:43,title:void 0,artist:90,album:Infinity,genre:Math.PI,total_time:\"23min\",position:\"0:30.123\",shuffle:false,repeat:true,app:0,app_id:891645381647289,power_state:null,focus_state:null,volume:null,output_devices:null,content_identifier:null,itunes_store_identifier:null,episode_number:null,season_number:null,series_name:null};const result=parseState(input,\"\",{});assert.deepStrictEqual(result,{dateTime:null,hash:null,mediaType:null,deviceState:null,title:null,artist:null,album:null,genre:null,totalTime:null,position:null,shuffle:null,repeat:null,app:null,appId:null,powerState:null,focusState:null,volume:null,outputDevices:null,contentIdentifier:null,iTunesStoreIdentifier:null,episodeNumber:null,seasonNumber:null,seriesName:null})",
                  "err": {},
                  "uuid": "7b79134f-cc3b-4b68-9a8c-d109ce54abbc",
                  "parentUUID": "0a54a5ed-93ad-4d43-9b3f-703c08093f8a",
                  "isHook": false,
                  "skipped": false
                },
                {
                  "title": "should ignore enums with unsupported valid",
                  "fullTitle": "Tools parseState() should ignore enums with unsupported valid",
                  "timedOut": false,
                  "duration": 0,
                  "state": "passed",
                  "speed": "fast",
                  "pass": true,
                  "fail": false,
                  "pending": false,
                  "context": null,
                  "code": "const input={media_type:\"3d-experience\",device_state:\"initiating\",shuffle:\"everything\",repeat:\"nothing\"};const result=parseState(input,\"\",{});assert.deepStrictEqual(result,{dateTime:null,hash:null,mediaType:null,deviceState:null,title:null,artist:null,album:null,genre:null,totalTime:null,position:null,shuffle:null,repeat:null,app:null,appId:null,powerState:null,focusState:null,volume:null,outputDevices:null,contentIdentifier:null,iTunesStoreIdentifier:null,episodeNumber:null,seasonNumber:null,seriesName:null})",
                  "err": {},
                  "uuid": "17301364-c4e6-480b-abf1-e5e68935f98a",
                  "parentUUID": "0a54a5ed-93ad-4d43-9b3f-703c08093f8a",
                  "isHook": false,
                  "skipped": false
                }
              ],
              "suites": [],
              "passes": [
                "9c1f2a33-6ba2-49ac-a609-257ca677911a",
                "7274817f-1600-4a9b-94bc-4652580a7fe2",
                "2bb93125-6646-4906-96b1-72f882772c10",
                "26f09e87-88fb-4c4c-ac77-11f59b9cf8f2",
                "a316f66b-9bd0-4166-b8d1-5e7e0270f97d",
                "7b79134f-cc3b-4b68-9a8c-d109ce54abbc",
                "17301364-c4e6-480b-abf1-e5e68935f98a"
              ],
              "failures": [],
              "pending": [],
              "skipped": [],
              "duration": 0,
              "root": false,
              "rootEmpty": false,
              "_timeout": 2000
            }
          ],
          "passes": [],
          "failures": [],
          "pending": [],
          "skipped": [],
          "duration": 0,
          "root": false,
          "rootEmpty": false,
          "_timeout": 2000
        }
      ],
      "passes": [],
      "failures": [],
      "pending": [],
      "skipped": [],
      "duration": 0,
      "root": true,
      "rootEmpty": true,
      "_timeout": 2000
    }
  ],
  "meta": {
    "mocha": {
      "version": "11.0.1"
    },
    "mochawesome": {
      "options": {
        "quiet": false,
        "reportFilename": "mochawesome",
        "saveHtml": true,
        "saveJson": true,
        "consoleReporter": "spec",
        "useInlineDiffs": false,
        "code": true
      },
      "version": "7.1.3"
    },
    "marge": {
      "options": null,
      "version": "6.2.0"
    }
  }
}