{
  "stats": {
    "suites": 101,
    "tests": 173,
    "passes": 171,
    "pending": 2,
    "failures": 0,
    "start": "2024-11-05T10:06:14.900Z",
    "end": "2024-11-05T10:06:26.734Z",
    "duration": 11834,
    "testsRegistered": 173,
    "passPercent": 100,
    "pendingPercent": 1.1560693641618496,
    "other": 0,
    "hasOther": false,
    "skipped": 0,
    "hasSkipped": false
  },
  "results": [
    {
      "uuid": "440883d4-66ff-41ed-bd3c-577029ec5910",
      "title": "",
      "fullFile": "",
      "file": "",
      "beforeHooks": [],
      "afterHooks": [],
      "tests": [],
      "suites": [
        {
          "uuid": "8a231257-5684-4260-9e9c-56c73b07f576",
          "title": "NodePyATVDeviceEvent",
          "fullFile": "/home/runner/work/node-pyatv/node-pyatv/test/device-event.ts",
          "file": "/test/device-event.ts",
          "beforeHooks": [],
          "afterHooks": [],
          "tests": [],
          "suites": [
            {
              "uuid": "546a3611-ef6f-4822-bd08-7c5f134d9033",
              "title": "get key()",
              "fullFile": "/home/runner/work/node-pyatv/node-pyatv/test/device-event.ts",
              "file": "/test/device-event.ts",
              "beforeHooks": [],
              "afterHooks": [],
              "tests": [
                {
                  "title": "should work",
                  "fullTitle": "NodePyATVDeviceEvent get key() should work",
                  "timedOut": false,
                  "duration": 1,
                  "state": "passed",
                  "speed": "fast",
                  "pass": true,
                  "fail": false,
                  "pending": false,
                  "context": null,
                  "code": "const event=new NodePyATVDeviceEvent({key:\"genre\",old:\"Jazz\",new:\"Rock\",device:new NodePyATVDevice({host:\"192.168.178.2\",name:\"My Testinstance\"})});assert.strictEqual(event.key,\"genre\")",
                  "err": {},
                  "uuid": "e9543093-c727-4e32-a469-da8eadb375c4",
                  "parentUUID": "546a3611-ef6f-4822-bd08-7c5f134d9033",
                  "isHook": false,
                  "skipped": false
                }
              ],
              "suites": [],
              "passes": [
                "e9543093-c727-4e32-a469-da8eadb375c4"
              ],
              "failures": [],
              "pending": [],
              "skipped": [],
              "duration": 1,
              "root": false,
              "rootEmpty": false,
              "_timeout": 2000
            },
            {
              "uuid": "af809986-9e41-41b2-8189-703798ea4285",
              "title": "get oldValue()",
              "fullFile": "/home/runner/work/node-pyatv/node-pyatv/test/device-event.ts",
              "file": "/test/device-event.ts",
              "beforeHooks": [],
              "afterHooks": [],
              "tests": [
                {
                  "title": "should work",
                  "fullTitle": "NodePyATVDeviceEvent get oldValue() should work",
                  "timedOut": false,
                  "duration": 0,
                  "state": "passed",
                  "speed": "fast",
                  "pass": true,
                  "fail": false,
                  "pending": false,
                  "context": null,
                  "code": "const event=new NodePyATVDeviceEvent({key:\"genre\",old:\"Jazz\",new:\"Rock\",device:new NodePyATVDevice({host:\"192.168.178.2\",name:\"My Testinstance\"})});assert.strictEqual(event.oldValue,\"Jazz\")",
                  "err": {},
                  "uuid": "1431c9fe-d3a7-4f3f-abd7-2480a3096dcb",
                  "parentUUID": "af809986-9e41-41b2-8189-703798ea4285",
                  "isHook": false,
                  "skipped": false
                }
              ],
              "suites": [],
              "passes": [
                "1431c9fe-d3a7-4f3f-abd7-2480a3096dcb"
              ],
              "failures": [],
              "pending": [],
              "skipped": [],
              "duration": 0,
              "root": false,
              "rootEmpty": false,
              "_timeout": 2000
            },
            {
              "uuid": "ac014aa5-2f5b-46a2-8ac2-8421f5b2ddc4",
              "title": "get newValue()",
              "fullFile": "/home/runner/work/node-pyatv/node-pyatv/test/device-event.ts",
              "file": "/test/device-event.ts",
              "beforeHooks": [],
              "afterHooks": [],
              "tests": [
                {
                  "title": "should work",
                  "fullTitle": "NodePyATVDeviceEvent get newValue() should work",
                  "timedOut": false,
                  "duration": 0,
                  "state": "passed",
                  "speed": "fast",
                  "pass": true,
                  "fail": false,
                  "pending": false,
                  "context": null,
                  "code": "const event=new NodePyATVDeviceEvent({key:\"genre\",old:\"Jazz\",new:\"Rock\",device:new NodePyATVDevice({host:\"192.168.178.2\",name:\"My Testinstance\"})});assert.strictEqual(event.newValue,\"Rock\")",
                  "err": {},
                  "uuid": "f2305f5c-cab7-475b-b1a5-9302d5a108c4",
                  "parentUUID": "ac014aa5-2f5b-46a2-8ac2-8421f5b2ddc4",
                  "isHook": false,
                  "skipped": false
                }
              ],
              "suites": [],
              "passes": [
                "f2305f5c-cab7-475b-b1a5-9302d5a108c4"
              ],
              "failures": [],
              "pending": [],
              "skipped": [],
              "duration": 0,
              "root": false,
              "rootEmpty": false,
              "_timeout": 2000
            },
            {
              "uuid": "4dea6ad3-d46b-4b8a-9418-02578dabe431",
              "title": "get value()",
              "fullFile": "/home/runner/work/node-pyatv/node-pyatv/test/device-event.ts",
              "file": "/test/device-event.ts",
              "beforeHooks": [],
              "afterHooks": [],
              "tests": [
                {
                  "title": "should work",
                  "fullTitle": "NodePyATVDeviceEvent get value() should work",
                  "timedOut": false,
                  "duration": 0,
                  "state": "passed",
                  "speed": "fast",
                  "pass": true,
                  "fail": false,
                  "pending": false,
                  "context": null,
                  "code": "const event=new NodePyATVDeviceEvent({key:\"genre\",old:\"Jazz\",new:\"Rock\",device:new NodePyATVDevice({host:\"192.168.178.2\",name:\"My Testinstance\"})});assert.strictEqual(event.value,\"Rock\")",
                  "err": {},
                  "uuid": "156962a0-908d-44c8-bed1-44a50841209a",
                  "parentUUID": "4dea6ad3-d46b-4b8a-9418-02578dabe431",
                  "isHook": false,
                  "skipped": false
                }
              ],
              "suites": [],
              "passes": [
                "156962a0-908d-44c8-bed1-44a50841209a"
              ],
              "failures": [],
              "pending": [],
              "skipped": [],
              "duration": 0,
              "root": false,
              "rootEmpty": false,
              "_timeout": 2000
            },
            {
              "uuid": "80f58415-38ba-4078-ad92-2d483094131a",
              "title": "get device()",
              "fullFile": "/home/runner/work/node-pyatv/node-pyatv/test/device-event.ts",
              "file": "/test/device-event.ts",
              "beforeHooks": [],
              "afterHooks": [],
              "tests": [
                {
                  "title": "should work",
                  "fullTitle": "NodePyATVDeviceEvent get device() should work",
                  "timedOut": false,
                  "duration": 1,
                  "state": "passed",
                  "speed": "fast",
                  "pass": true,
                  "fail": false,
                  "pending": false,
                  "context": null,
                  "code": "const device=new NodePyATVDevice({host:\"192.168.178.2\",name:\"My Testinstance\"});const event=new NodePyATVDeviceEvent({key:\"genre\",old:\"Jazz\",new:\"Rock\",device});assert.deepEqual(event.device,device)",
                  "err": {},
                  "uuid": "48d7ebf4-f400-4ae8-bedc-843512785e03",
                  "parentUUID": "80f58415-38ba-4078-ad92-2d483094131a",
                  "isHook": false,
                  "skipped": false
                }
              ],
              "suites": [],
              "passes": [
                "48d7ebf4-f400-4ae8-bedc-843512785e03"
              ],
              "failures": [],
              "pending": [],
              "skipped": [],
              "duration": 1,
              "root": false,
              "rootEmpty": false,
              "_timeout": 2000
            }
          ],
          "passes": [],
          "failures": [],
          "pending": [],
          "skipped": [],
          "duration": 0,
          "root": false,
          "rootEmpty": false,
          "_timeout": 2000
        },
        {
          "uuid": "b1ab8e5e-14ee-4210-be29-cdc240512cec",
          "title": "NodePyATVDeviceEvents",
          "fullFile": "/home/runner/work/node-pyatv/node-pyatv/test/device-events.ts",
          "file": "/test/device-events.ts",
          "beforeHooks": [],
          "afterHooks": [],
          "tests": [],
          "suites": [
            {
              "uuid": "c6b01a65-1206-4371-ad2a-485225d05a45",
              "title": "applyStateAndEmitEvents()",
              "fullFile": "/home/runner/work/node-pyatv/node-pyatv/test/device-events.ts",
              "file": "/test/device-events.ts",
              "beforeHooks": [],
              "afterHooks": [],
              "tests": [
                {
                  "title": "should emit update:key event",
                  "fullTitle": "NodePyATVDeviceEvents applyStateAndEmitEvents() should emit update:key event",
                  "timedOut": false,
                  "duration": 3,
                  "state": "passed",
                  "speed": "fast",
                  "pass": true,
                  "fail": false,
                  "pending": false,
                  "context": null,
                  "code": "const device=new NodePyATVDevice({name:\"My Testdevice\",host:\"192.168.178.2\",spawn:createFakeSpawn(cp=>{cp.onStdIn(()=>cp.end());cp.stdout({result:\"success\",title:\"My Movie\"})})});await new Promise(cb=>{device.once(\"update:title\",event=>{assert.ok(event instanceof NodePyATVDeviceEvent);assert.strictEqual(event.key,\"title\");assert.strictEqual(event.oldValue,null);assert.strictEqual(event.newValue,\"My Movie\");assert.strictEqual(event.value,\"My Movie\");assert.deepStrictEqual(event.device,device);cb(void 0)})})",
                  "err": {},
                  "uuid": "def93784-8c62-474d-a656-a40c56986ea5",
                  "parentUUID": "c6b01a65-1206-4371-ad2a-485225d05a45",
                  "isHook": false,
                  "skipped": false
                },
                {
                  "title": "should emit update event",
                  "fullTitle": "NodePyATVDeviceEvents applyStateAndEmitEvents() should emit update event",
                  "timedOut": false,
                  "duration": 2,
                  "state": "passed",
                  "speed": "fast",
                  "pass": true,
                  "fail": false,
                  "pending": false,
                  "context": null,
                  "code": "const device=new NodePyATVDevice({name:\"My Testdevice\",host:\"192.168.178.2\",spawn:createFakeSpawn(cp=>{cp.onStdIn(()=>cp.end());cp.stdout({result:\"success\",title:\"My Movie\"})})});await new Promise(cb=>{device.once(\"update\",event=>{assert.ok(event instanceof NodePyATVDeviceEvent);assert.strictEqual(event.key,\"title\");assert.strictEqual(event.oldValue,null);assert.strictEqual(event.newValue,\"My Movie\");assert.strictEqual(event.value,\"My Movie\");assert.deepStrictEqual(event.device,device);cb(void 0)})})",
                  "err": {},
                  "uuid": "c5f12a03-2e1d-4be1-b3e5-2f2d113206e7",
                  "parentUUID": "c6b01a65-1206-4371-ad2a-485225d05a45",
                  "isHook": false,
                  "skipped": false
                },
                {
                  "title": "should emit update:key event before update",
                  "fullTitle": "NodePyATVDeviceEvents applyStateAndEmitEvents() should emit update:key event before update",
                  "timedOut": false,
                  "duration": 2,
                  "state": "passed",
                  "speed": "fast",
                  "pass": true,
                  "fail": false,
                  "pending": false,
                  "context": null,
                  "code": "const device=new NodePyATVDevice({name:\"My Testdevice\",host:\"192.168.178.2\",spawn:createFakeSpawn(cp=>{cp.onStdIn(()=>cp.end());cp.stdout({result:\"success\",title:\"My Movie\"})})});const sort=[];await Promise.race([new Promise(cb=>{device.once(\"update\",()=>{sort.push(\"update\");cb(void 0)})}),new Promise(cb=>{device.once(\"update:title\",()=>{sort.push(\"update:title\");cb(void 0)})})]);assert.deepStrictEqual(sort,[\"update:title\",\"update\"])",
                  "err": {},
                  "uuid": "b3cf0889-984e-4d6a-b098-979a3e1a147f",
                  "parentUUID": "c6b01a65-1206-4371-ad2a-485225d05a45",
                  "isHook": false,
                  "skipped": false
                },
                {
                  "title": "should emit error events on failures",
                  "fullTitle": "NodePyATVDeviceEvents applyStateAndEmitEvents() should emit error events on failures",
                  "timedOut": false,
                  "duration": 2,
                  "state": "passed",
                  "speed": "fast",
                  "pass": true,
                  "fail": false,
                  "pending": false,
                  "context": null,
                  "code": "const device=new NodePyATVDevice({name:\"My Testdevice\",host:\"192.168.178.2\",spawn:createFakeSpawn(cp=>{cp.onStdIn(()=>cp.end());cp.stdout({result:\"failure\",datetime:\"2021-11-24T21:13:36.424576+03:00\",exception:\"invalid credentials: 321\",stacktrace:'Traceback (most recent call last):\\n  File \"/Users/free/Library/Python/3.8/lib/python/site-packages/pyatv/scripts/atvscript.py\", line 302, in appstart\\n    print(args.output(await _handle_command(args, abort_sem, loop)), flush=True)\\n  File \"/Users/free/Library/Python/3.8/lib/python/site-packages/pyatv/scripts/atvscript.py\", line 196, in _handle_command\\n    atv = await connect(config, loop, protocol=Protocol.MRP)\\n  File \"/Users/free/Library/Python/3.8/lib/python/site-packages/pyatv/__init__.py\", line 96, in connect\\n    for setup_data in proto_methods.setup(\\n  File \"/Users/free/Library/Python/3.8/lib/python/site-packages/pyatv/protocols/airplay/__init__.py\", line 192, in setup\\n    stream = AirPlayStream(config, service)\\n  File \"/Users/free/Library/Python/3.8/lib/python/site-packages/pyatv/protocols/airplay/__init__.py\", line 79, in __init__\\n    self._credentials: HapCredentials = parse_credentials(self.service.credentials)\\n  File \"/Users/free/Library/Python/3.8/lib/python/site-packages/pyatv/auth/hap_pairing.py\", line 139, in parse_credentials\\n    raise exceptions.InvalidCredentialsError(\"invalid credentials: \" + detail_string)\\npyatv.exceptions.InvalidCredentialsError: invalid credentials: 321\\n'})})});await new Promise(cb=>{device.once(\"error\",error=>{assert.ok(error instanceof Error);assert.ok(error.toString().includes(\"invalid credentials: 321\"));cb(void 0)})})",
                  "err": {},
                  "uuid": "8b0daf7b-c552-4eca-8237-d09ebaef51cb",
                  "parentUUID": "c6b01a65-1206-4371-ad2a-485225d05a45",
                  "isHook": false,
                  "skipped": false
                },
                {
                  "title": "should not emit an update if new value is same as old one",
                  "fullTitle": "NodePyATVDeviceEvents applyStateAndEmitEvents() should not emit an update if new value is same as old one",
                  "timedOut": false,
                  "duration": 3,
                  "state": "passed",
                  "speed": "fast",
                  "pass": true,
                  "fail": false,
                  "pending": false,
                  "context": null,
                  "code": "let spawnCounter=0;let eventCounter=0;const device=new NodePyATVDevice({name:\"My Testdevice\",host:\"192.168.178.2\",spawn:createFakeSpawn(cp=>{if(spawnCounter===0){cp.onStdIn(()=>cp.end())}cp.stdout({result:\"success\",title:\"My Movie\"});spawnCounter++;if(spawnCounter>=2){cp.end()}})});const listener=__name(()=>{eventCounter++},\"listener\");device.on(\"update\",listener);await new Promise(cb=>setTimeout(cb,0));await device.getState();device.off(\"update\",listener);assert.strictEqual(spawnCounter,2);assert.strictEqual(eventCounter,1)",
                  "err": {},
                  "uuid": "cac523a5-ef59-4ba0-bde7-4cee11ef4851",
                  "parentUUID": "c6b01a65-1206-4371-ad2a-485225d05a45",
                  "isHook": false,
                  "skipped": false
                },
                {
                  "title": "should emit error event if event listener throws an exception",
                  "fullTitle": "NodePyATVDeviceEvents applyStateAndEmitEvents() should emit error event if event listener throws an exception",
                  "timedOut": false,
                  "duration": 2,
                  "state": "passed",
                  "speed": "fast",
                  "pass": true,
                  "fail": false,
                  "pending": false,
                  "context": null,
                  "code": "const device=new NodePyATVDevice({name:\"My Testdevice\",host:\"192.168.178.2\",spawn:createFakeSpawn(cp=>{cp.onStdIn(()=>cp.end());cp.stdout({result:\"success\",title:\"My Movie\"})})});let callCounter=0;const error=new Error(\"This is an error. Be nice.\");device.once(\"error\",err=>{assert.strictEqual(err,error);callCounter++});const listener=__name(()=>{throw error},\"listener\");device.on(\"update\",listener);await new Promise(cb=>setTimeout(cb,0));device.off(\"update\",listener);assert.strictEqual(callCounter,1)",
                  "err": {},
                  "uuid": "f5c4d12b-09e0-4282-9c6b-f9f26185460e",
                  "parentUUID": "c6b01a65-1206-4371-ad2a-485225d05a45",
                  "isHook": false,
                  "skipped": false
                },
                {
                  "title": "should also work with powerState",
                  "fullTitle": "NodePyATVDeviceEvents applyStateAndEmitEvents() should also work with powerState",
                  "timedOut": false,
                  "duration": 2,
                  "state": "passed",
                  "speed": "fast",
                  "pass": true,
                  "fail": false,
                  "pending": false,
                  "context": null,
                  "code": "const device=new NodePyATVDevice({name:\"My Testdevice\",host:\"192.168.178.2\",spawn:createFakeSpawn(cp=>{cp.onStdIn(()=>cp.end());cp.stdout({result:\"success\",datetime:new Date().toJSON(),power_state:\"off\"})})});await new Promise(cb=>{device.once(\"update:powerState\",event=>{assert.ok(event instanceof NodePyATVDeviceEvent);assert.strictEqual(event.key,\"powerState\");assert.strictEqual(event.oldValue,null);assert.strictEqual(event.newValue,\"off\");assert.strictEqual(event.newValue,NodePyATVPowerState.off);assert.strictEqual(event.value,\"off\");assert.strictEqual(event.value,NodePyATVPowerState.off);assert.deepStrictEqual(event.device,device);cb(void 0)})})",
                  "err": {},
                  "uuid": "01685296-2efe-4ad9-8af1-be71ddb3cf17",
                  "parentUUID": "c6b01a65-1206-4371-ad2a-485225d05a45",
                  "isHook": false,
                  "skipped": false
                },
                {
                  "title": "should only one event for powerState changes",
                  "fullTitle": "NodePyATVDeviceEvents applyStateAndEmitEvents() should only one event for powerState changes",
                  "timedOut": false,
                  "duration": 10,
                  "state": "passed",
                  "speed": "fast",
                  "pass": true,
                  "fail": false,
                  "pending": false,
                  "context": null,
                  "code": "const device=new NodePyATVDevice({name:\"My Testdevice\",host:\"192.168.178.2\",spawn:createFakeSpawn(cp=>{cp.onStdIn(()=>cp.end());cp.stdout({result:\"success\",datetime:new Date().toJSON(),power_state:\"off\"});cp.end()})});let counter=0;device.on(\"update\",event=>{assert.ok(event instanceof NodePyATVDeviceEvent);assert.strictEqual(event.key,\"powerState\");assert.strictEqual(event.oldValue,null);assert.strictEqual(event.newValue,\"off\");assert.strictEqual(event.newValue,NodePyATVPowerState.off);assert.strictEqual(event.value,\"off\");assert.strictEqual(event.value,NodePyATVPowerState.off);assert.deepStrictEqual(event.device,device);counter++});await new Promise(cb=>setTimeout(cb,10));assert.strictEqual(counter,1);device.removeAllListeners(\"update\")",
                  "err": {},
                  "uuid": "7f04c8a4-df14-44c2-8fde-0ff4fddfc3e6",
                  "parentUUID": "c6b01a65-1206-4371-ad2a-485225d05a45",
                  "isHook": false,
                  "skipped": false
                },
                {
                  "title": "should only one event for focusState changes",
                  "fullTitle": "NodePyATVDeviceEvents applyStateAndEmitEvents() should only one event for focusState changes",
                  "timedOut": false,
                  "duration": 10,
                  "state": "passed",
                  "speed": "fast",
                  "pass": true,
                  "fail": false,
                  "pending": false,
                  "context": null,
                  "code": "const device=new NodePyATVDevice({name:\"My Testdevice\",host:\"192.168.178.2\",spawn:createFakeSpawn(cp=>{cp.onStdIn(()=>cp.end());cp.stdout({result:\"success\",datetime:new Date().toJSON(),focus_state:\"unfocused\"});cp.end()})});let counter=0;device.on(\"update\",event=>{assert.ok(event instanceof NodePyATVDeviceEvent);assert.strictEqual(event.key,\"focusState\");assert.strictEqual(event.oldValue,null);assert.strictEqual(event.newValue,\"unfocused\");assert.strictEqual(event.newValue,NodePyATVFocusState.unfocused);assert.strictEqual(event.value,\"unfocused\");assert.strictEqual(event.value,NodePyATVFocusState.unfocused);assert.deepStrictEqual(event.device,device);counter++});await new Promise(cb=>setTimeout(cb,10));assert.strictEqual(counter,1);device.removeAllListeners(\"update\")",
                  "err": {},
                  "uuid": "4b3d84d7-0cdc-4711-8c89-4482ba72c723",
                  "parentUUID": "c6b01a65-1206-4371-ad2a-485225d05a45",
                  "isHook": false,
                  "skipped": false
                },
                {
                  "title": "should only one event for outputDevices changes",
                  "fullTitle": "NodePyATVDeviceEvents applyStateAndEmitEvents() should only one event for outputDevices changes",
                  "timedOut": false,
                  "duration": 9,
                  "state": "passed",
                  "speed": "fast",
                  "pass": true,
                  "fail": false,
                  "pending": false,
                  "context": null,
                  "code": "const device=new NodePyATVDevice({name:\"My Testdevice\",host:\"192.168.178.2\",spawn:createFakeSpawn(cp=>{cp.onStdIn(()=>cp.end());cp.stdout({result:\"success\",datetime:new Date().toJSON(),output_devices:[{name:\"Living room\",identifier:\"AAAAAAAA-BBBB-CCCC-DDDD-EEEEEEEEEEEE\"}]});cp.end()})});let counter=0;device.on(\"update\",event=>{assert.ok(event instanceof NodePyATVDeviceEvent);assert.strictEqual(event.key,\"outputDevices\");assert.strictEqual(event.oldValue,null);assert.deepStrictEqual(event.newValue,[{name:\"Living room\",identifier:\"AAAAAAAA-BBBB-CCCC-DDDD-EEEEEEEEEEEE\"}]);assert.deepStrictEqual(event.value,[{name:\"Living room\",identifier:\"AAAAAAAA-BBBB-CCCC-DDDD-EEEEEEEEEEEE\"}]);assert.deepStrictEqual(event.device,device);counter++});await new Promise(cb=>setTimeout(cb,10));assert.strictEqual(counter,1);device.removeAllListeners(\"update\")",
                  "err": {},
                  "uuid": "3350867d-c3f6-4ad4-8ee2-791c54f57812",
                  "parentUUID": "c6b01a65-1206-4371-ad2a-485225d05a45",
                  "isHook": false,
                  "skipped": false
                },
                {
                  "title": "should only one event for volume changes",
                  "fullTitle": "NodePyATVDeviceEvents applyStateAndEmitEvents() should only one event for volume changes",
                  "timedOut": false,
                  "duration": 10,
                  "state": "passed",
                  "speed": "fast",
                  "pass": true,
                  "fail": false,
                  "pending": false,
                  "context": null,
                  "code": "const device=new NodePyATVDevice({name:\"My Testdevice\",host:\"192.168.178.2\",spawn:createFakeSpawn(cp=>{cp.onStdIn(()=>cp.end());cp.stdout({result:\"success\",datetime:new Date().toJSON(),volume:20});cp.end()})});let counter=0;device.on(\"update\",event=>{assert.ok(event instanceof NodePyATVDeviceEvent);assert.strictEqual(event.key,\"volume\");assert.strictEqual(event.oldValue,null);assert.strictEqual(event.newValue,20);assert.strictEqual(event.value,20);assert.deepStrictEqual(event.device,device);counter++});await new Promise(cb=>setTimeout(cb,10));assert.strictEqual(counter,1);device.removeAllListeners(\"update\")",
                  "err": {},
                  "uuid": "d1e453f9-06d9-4951-975e-65164c0d8cc6",
                  "parentUUID": "c6b01a65-1206-4371-ad2a-485225d05a45",
                  "isHook": false,
                  "skipped": false
                },
                {
                  "title": "should not trigger any events for newly added fields",
                  "fullTitle": "NodePyATVDeviceEvents applyStateAndEmitEvents() should not trigger any events for newly added fields",
                  "timedOut": false,
                  "duration": 11,
                  "state": "passed",
                  "speed": "fast",
                  "pass": true,
                  "fail": false,
                  "pending": false,
                  "context": null,
                  "code": "const device=new NodePyATVDevice({name:\"My Testdevice\",host:\"192.168.178.2\",spawn:createFakeSpawn(cp=>{cp.onStdIn(()=>cp.end());cp.stdout({result:\"success\",datetime:new Date().toJSON(),foo:\"bar\"});cp.end()})});device.on(\"update\",event=>{assert.fail(`Got an update event for a new field: ${event}`)});await new Promise(cb=>setTimeout(cb,10));device.removeAllListeners(\"update\")",
                  "err": {},
                  "uuid": "58e9e259-4432-4ae1-a90f-09f88c54fb4c",
                  "parentUUID": "c6b01a65-1206-4371-ad2a-485225d05a45",
                  "isHook": false,
                  "skipped": false
                }
              ],
              "suites": [],
              "passes": [
                "def93784-8c62-474d-a656-a40c56986ea5",
                "c5f12a03-2e1d-4be1-b3e5-2f2d113206e7",
                "b3cf0889-984e-4d6a-b098-979a3e1a147f",
                "8b0daf7b-c552-4eca-8237-d09ebaef51cb",
                "cac523a5-ef59-4ba0-bde7-4cee11ef4851",
                "f5c4d12b-09e0-4282-9c6b-f9f26185460e",
                "01685296-2efe-4ad9-8af1-be71ddb3cf17",
                "7f04c8a4-df14-44c2-8fde-0ff4fddfc3e6",
                "4b3d84d7-0cdc-4711-8c89-4482ba72c723",
                "3350867d-c3f6-4ad4-8ee2-791c54f57812",
                "d1e453f9-06d9-4951-975e-65164c0d8cc6",
                "58e9e259-4432-4ae1-a90f-09f88c54fb4c"
              ],
              "failures": [],
              "pending": [],
              "skipped": [],
              "duration": 66,
              "root": false,
              "rootEmpty": false,
              "_timeout": 2000
            },
            {
              "uuid": "825dd757-2b70-4a51-bc48-3bbf25b9b439",
              "title": "start|stopListening()",
              "fullFile": "/home/runner/work/node-pyatv/node-pyatv/test/device-events.ts",
              "file": "/test/device-events.ts",
              "beforeHooks": [],
              "afterHooks": [],
              "tests": [
                {
                  "title": "should emit error if spawn fails",
                  "fullTitle": "NodePyATVDeviceEvents start|stopListening() should emit error if spawn fails",
                  "timedOut": false,
                  "duration": 2,
                  "state": "passed",
                  "speed": "fast",
                  "pass": true,
                  "fail": false,
                  "pending": false,
                  "context": null,
                  "code": "const error=new Error;const device=new NodePyATVDevice({name:\"My Testdevice\",host:\"192.168.178.2\",spawn:createFakeSpawn(cp=>{cp.error(error).end()})});const listener=__name(()=>{},\"listener\");device.on(\"update\",listener);await new Promise(cb=>{device.once(\"error\",err=>{assert.strictEqual(err,error);cb(void 0)})});device.off(\"update\",listener)",
                  "err": {},
                  "uuid": "bdc8e836-24c2-4cf5-b738-0eea13745e1a",
                  "parentUUID": "825dd757-2b70-4a51-bc48-3bbf25b9b439",
                  "isHook": false,
                  "skipped": false
                },
                {
                  "title": "should emit error on stderr data",
                  "fullTitle": "NodePyATVDeviceEvents start|stopListening() should emit error on stderr data",
                  "timedOut": false,
                  "duration": 1,
                  "state": "passed",
                  "speed": "fast",
                  "pass": true,
                  "fail": false,
                  "pending": false,
                  "context": null,
                  "code": "const device=new NodePyATVDevice({name:\"My Testdevice\",host:\"192.168.178.2\",spawn:createFakeSpawn(cp=>{cp.stderr(\"Hello World!\").end()})});const listener=__name(()=>{},\"listener\");device.on(\"update\",listener);await new Promise(cb=>{device.once(\"error\",err=>{assert.ok(err instanceof Error);assert.ok(err.toString().includes(\"Got stderr output from pyatv: Hello World!\"));cb(void 0)})});device.off(\"update\",listener)",
                  "err": {},
                  "uuid": "0410d2c1-6981-4d3f-95e5-c171c27fba22",
                  "parentUUID": "825dd757-2b70-4a51-bc48-3bbf25b9b439",
                  "isHook": false,
                  "skipped": false
                },
                {
                  "title": "should emit error if stdout is not valid json",
                  "fullTitle": "NodePyATVDeviceEvents start|stopListening() should emit error if stdout is not valid json",
                  "timedOut": false,
                  "duration": 1,
                  "state": "passed",
                  "speed": "fast",
                  "pass": true,
                  "fail": false,
                  "pending": false,
                  "context": null,
                  "code": "const device=new NodePyATVDevice({name:\"My Testdevice\",host:\"192.168.178.2\",spawn:createFakeSpawn(cp=>{cp.stdout(\"#\").end()})});const listener=__name(()=>{},\"listener\");device.on(\"update\",listener);await new Promise(cb=>{device.once(\"error\",err=>{assert.ok(err instanceof Error);assert.ok(err.toString().includes(\"Unable to parse stdout json: SyntaxError\"));cb(void 0)})});device.off(\"update\",listener)",
                  "err": {},
                  "uuid": "5d959563-9e6d-48ae-9307-dd1e568dba4b",
                  "parentUUID": "825dd757-2b70-4a51-bc48-3bbf25b9b439",
                  "isHook": false,
                  "skipped": false
                },
                {
                  "title": "should restart the process if it gets killed",
                  "fullTitle": "NodePyATVDeviceEvents start|stopListening() should restart the process if it gets killed",
                  "timedOut": false,
                  "duration": 0,
                  "state": "pending",
                  "speed": null,
                  "pass": false,
                  "fail": false,
                  "pending": true,
                  "context": null,
                  "code": "",
                  "err": {},
                  "uuid": "21256049-f6d3-47e8-ab5f-3d381f4c26e6",
                  "parentUUID": "825dd757-2b70-4a51-bc48-3bbf25b9b439",
                  "isHook": false,
                  "skipped": false
                }
              ],
              "suites": [],
              "passes": [
                "bdc8e836-24c2-4cf5-b738-0eea13745e1a",
                "0410d2c1-6981-4d3f-95e5-c171c27fba22",
                "5d959563-9e6d-48ae-9307-dd1e568dba4b"
              ],
              "failures": [],
              "pending": [
                "21256049-f6d3-47e8-ab5f-3d381f4c26e6"
              ],
              "skipped": [],
              "duration": 4,
              "root": false,
              "rootEmpty": false,
              "_timeout": 2000
            },
            {
              "uuid": "c102b272-20b7-4ae7-982c-44c75f668f13",
              "title": "addListener() / removeAllListeners()",
              "fullFile": "/home/runner/work/node-pyatv/node-pyatv/test/device-events.ts",
              "file": "/test/device-events.ts",
              "beforeHooks": [],
              "afterHooks": [],
              "tests": [
                {
                  "title": "should work without any exceptions",
                  "fullTitle": "NodePyATVDeviceEvents addListener() / removeAllListeners() should work without any exceptions",
                  "timedOut": false,
                  "duration": 1,
                  "state": "passed",
                  "speed": "fast",
                  "pass": true,
                  "fail": false,
                  "pending": false,
                  "context": null,
                  "code": "const device=new NodePyATVDevice({name:\"My Testdevice\",host:\"192.168.178.2\",spawn:createFakeSpawn(cp=>{cp.onStdIn(()=>cp.end());cp.stdout({result:\"success\",title:\"My Movie\"})})});const listener=__name(()=>{},\"listener\");device.addListener(\"update\",listener);device.removeAllListeners(\"update\")",
                  "err": {},
                  "uuid": "a653458d-ac27-4c92-9958-979cf6b3f1c8",
                  "parentUUID": "c102b272-20b7-4ae7-982c-44c75f668f13",
                  "isHook": false,
                  "skipped": false
                }
              ],
              "suites": [],
              "passes": [
                "a653458d-ac27-4c92-9958-979cf6b3f1c8"
              ],
              "failures": [],
              "pending": [],
              "skipped": [],
              "duration": 1,
              "root": false,
              "rootEmpty": false,
              "_timeout": 2000
            },
            {
              "uuid": "3f7dad06-e1d5-4c0f-80f8-eef1c69c1fe4",
              "title": "emit()",
              "fullFile": "/home/runner/work/node-pyatv/node-pyatv/test/device-events.ts",
              "file": "/test/device-events.ts",
              "beforeHooks": [],
              "afterHooks": [],
              "tests": [
                {
                  "title": "should work",
                  "fullTitle": "NodePyATVDeviceEvents emit() should work",
                  "timedOut": false,
                  "duration": 0,
                  "state": "passed",
                  "speed": "fast",
                  "pass": true,
                  "fail": false,
                  "pending": false,
                  "context": null,
                  "code": "const device=new NodePyATVDevice({name:\"My Testdevice\",host:\"192.168.178.2\",spawn:createFakeSpawn(cp=>{cp.onStdIn(()=>cp.end())})});const event=new NodePyATVDeviceEvent({key:\"dateTime\",old:\"foo\",new:\"bar\",device});let executions=0;device.once(\"test\",e=>{executions++;assert.strictEqual(e,event);assert.strictEqual(executions,1);done()});device.emit(\"test\",event)",
                  "err": {},
                  "uuid": "67e618a7-2ce3-433b-8d14-af89c60f66f1",
                  "parentUUID": "3f7dad06-e1d5-4c0f-80f8-eef1c69c1fe4",
                  "isHook": false,
                  "skipped": false
                }
              ],
              "suites": [],
              "passes": [
                "67e618a7-2ce3-433b-8d14-af89c60f66f1"
              ],
              "failures": [],
              "pending": [],
              "skipped": [],
              "duration": 0,
              "root": false,
              "rootEmpty": false,
              "_timeout": 2000
            },
            {
              "uuid": "12a4e50a-2cf7-4024-aabf-732d9c1b4f43",
              "title": "eventNames()",
              "fullFile": "/home/runner/work/node-pyatv/node-pyatv/test/device-events.ts",
              "file": "/test/device-events.ts",
              "beforeHooks": [],
              "afterHooks": [],
              "tests": [
                {
                  "title": "should work",
                  "fullTitle": "NodePyATVDeviceEvents eventNames() should work",
                  "timedOut": false,
                  "duration": 0,
                  "state": "passed",
                  "speed": "fast",
                  "pass": true,
                  "fail": false,
                  "pending": false,
                  "context": null,
                  "code": "const device=new NodePyATVDevice({name:\"My Testdevice\",host:\"192.168.178.2\",spawn:createFakeSpawn(cp=>{cp.onStdIn(()=>cp.end())})});const listener=__name(()=>{},\"listener\");device.on(\"test\",listener);assert.deepStrictEqual(device.eventNames(),[\"test\"]);device.off(\"test\",listener)",
                  "err": {},
                  "uuid": "ea0ba371-b0a9-4e21-96f7-7eb611e34f88",
                  "parentUUID": "12a4e50a-2cf7-4024-aabf-732d9c1b4f43",
                  "isHook": false,
                  "skipped": false
                }
              ],
              "suites": [],
              "passes": [
                "ea0ba371-b0a9-4e21-96f7-7eb611e34f88"
              ],
              "failures": [],
              "pending": [],
              "skipped": [],
              "duration": 0,
              "root": false,
              "rootEmpty": false,
              "_timeout": 2000
            },
            {
              "uuid": "664f620e-e351-4ab5-94c1-0663d9923712",
              "title": "getMaxListeners()",
              "fullFile": "/home/runner/work/node-pyatv/node-pyatv/test/device-events.ts",
              "file": "/test/device-events.ts",
              "beforeHooks": [],
              "afterHooks": [],
              "tests": [
                {
                  "title": "should work",
                  "fullTitle": "NodePyATVDeviceEvents getMaxListeners() should work",
                  "timedOut": false,
                  "duration": 0,
                  "state": "passed",
                  "speed": "fast",
                  "pass": true,
                  "fail": false,
                  "pending": false,
                  "context": null,
                  "code": "const device=new NodePyATVDevice({name:\"My Testdevice\",host:\"192.168.178.2\",spawn:createFakeSpawn(cp=>{cp.onStdIn(()=>cp.end())})});const result=device.getMaxListeners();assert.ok(typeof result,\"number\");assert.ok(result>=10)",
                  "err": {},
                  "uuid": "d641e103-1031-41e8-9292-75606dc578bb",
                  "parentUUID": "664f620e-e351-4ab5-94c1-0663d9923712",
                  "isHook": false,
                  "skipped": false
                }
              ],
              "suites": [],
              "passes": [
                "d641e103-1031-41e8-9292-75606dc578bb"
              ],
              "failures": [],
              "pending": [],
              "skipped": [],
              "duration": 0,
              "root": false,
              "rootEmpty": false,
              "_timeout": 2000
            },
            {
              "uuid": "91783ed4-4fed-4c15-8dde-572ef5224767",
              "title": "listenerCount()",
              "fullFile": "/home/runner/work/node-pyatv/node-pyatv/test/device-events.ts",
              "file": "/test/device-events.ts",
              "beforeHooks": [],
              "afterHooks": [],
              "tests": [
                {
                  "title": "should work",
                  "fullTitle": "NodePyATVDeviceEvents listenerCount() should work",
                  "timedOut": false,
                  "duration": 0,
                  "state": "passed",
                  "speed": "fast",
                  "pass": true,
                  "fail": false,
                  "pending": false,
                  "context": null,
                  "code": "const device=new NodePyATVDevice({name:\"My Testdevice\",host:\"192.168.178.2\",spawn:createFakeSpawn(cp=>{cp.onStdIn(()=>cp.end())})});const listener=__name(()=>{},\"listener\");assert.deepStrictEqual(device.listenerCount(\"test\"),0);device.on(\"test\",listener);assert.deepStrictEqual(device.listenerCount(\"test\"),1);device.off(\"test\",listener)",
                  "err": {},
                  "uuid": "d0f8a1b1-c046-4770-b305-7308d4d8c4be",
                  "parentUUID": "91783ed4-4fed-4c15-8dde-572ef5224767",
                  "isHook": false,
                  "skipped": false
                }
              ],
              "suites": [],
              "passes": [
                "d0f8a1b1-c046-4770-b305-7308d4d8c4be"
              ],
              "failures": [],
              "pending": [],
              "skipped": [],
              "duration": 0,
              "root": false,
              "rootEmpty": false,
              "_timeout": 2000
            },
            {
              "uuid": "3cc45cb0-8d90-4241-a7c5-7f0767aa1e56",
              "title": "listeners()",
              "fullFile": "/home/runner/work/node-pyatv/node-pyatv/test/device-events.ts",
              "file": "/test/device-events.ts",
              "beforeHooks": [],
              "afterHooks": [],
              "tests": [
                {
                  "title": "should work",
                  "fullTitle": "NodePyATVDeviceEvents listeners() should work",
                  "timedOut": false,
                  "duration": 0,
                  "state": "passed",
                  "speed": "fast",
                  "pass": true,
                  "fail": false,
                  "pending": false,
                  "context": null,
                  "code": "const device=new NodePyATVDevice({name:\"My Testdevice\",host:\"192.168.178.2\",spawn:createFakeSpawn(cp=>{cp.onStdIn(()=>cp.end())})});const listener=__name(()=>{},\"listener\");assert.deepStrictEqual(device.listeners(\"test\").length,0);device.on(\"test\",listener);assert.deepStrictEqual(device.listeners(\"test\").length,1);assert.deepStrictEqual(device.listeners(\"test\")[0],listener);device.off(\"test\",listener)",
                  "err": {},
                  "uuid": "8c494d55-867b-4bfc-816d-dfbf7bab0e2a",
                  "parentUUID": "3cc45cb0-8d90-4241-a7c5-7f0767aa1e56",
                  "isHook": false,
                  "skipped": false
                }
              ],
              "suites": [],
              "passes": [
                "8c494d55-867b-4bfc-816d-dfbf7bab0e2a"
              ],
              "failures": [],
              "pending": [],
              "skipped": [],
              "duration": 0,
              "root": false,
              "rootEmpty": false,
              "_timeout": 2000
            },
            {
              "uuid": "d682a6d5-caa1-4bb9-a20d-0f2c5e210533",
              "title": "prependListener()",
              "fullFile": "/home/runner/work/node-pyatv/node-pyatv/test/device-events.ts",
              "file": "/test/device-events.ts",
              "beforeHooks": [],
              "afterHooks": [],
              "tests": [
                {
                  "title": "should work",
                  "fullTitle": "NodePyATVDeviceEvents prependListener() should work",
                  "timedOut": false,
                  "duration": 1,
                  "state": "passed",
                  "speed": "fast",
                  "pass": true,
                  "fail": false,
                  "pending": false,
                  "context": null,
                  "code": "const device=new NodePyATVDevice({name:\"My Testdevice\",host:\"192.168.178.2\",spawn:createFakeSpawn(cp=>{cp.onStdIn(()=>cp.end());cp.stdout({result:\"success\",title:\"My Movie\"})})});const listener=__name(()=>{device.removeAllListeners(\"update\");done()},\"listener\");device.prependListener(\"update\",listener)",
                  "err": {},
                  "uuid": "72286bcc-dbc6-4c60-af66-fcecf830610f",
                  "parentUUID": "d682a6d5-caa1-4bb9-a20d-0f2c5e210533",
                  "isHook": false,
                  "skipped": false
                }
              ],
              "suites": [],
              "passes": [
                "72286bcc-dbc6-4c60-af66-fcecf830610f"
              ],
              "failures": [],
              "pending": [],
              "skipped": [],
              "duration": 1,
              "root": false,
              "rootEmpty": false,
              "_timeout": 2000
            },
            {
              "uuid": "8a3a304a-f873-47cb-abe1-6f683009dd4c",
              "title": "prependOnceListener()",
              "fullFile": "/home/runner/work/node-pyatv/node-pyatv/test/device-events.ts",
              "file": "/test/device-events.ts",
              "beforeHooks": [],
              "afterHooks": [],
              "tests": [
                {
                  "title": "should work",
                  "fullTitle": "NodePyATVDeviceEvents prependOnceListener() should work",
                  "timedOut": false,
                  "duration": 2,
                  "state": "passed",
                  "speed": "fast",
                  "pass": true,
                  "fail": false,
                  "pending": false,
                  "context": null,
                  "code": "const device=new NodePyATVDevice({name:\"My Testdevice\",host:\"192.168.178.2\",spawn:createFakeSpawn(cp=>{cp.onStdIn(()=>cp.end());cp.stdout({result:\"success\",title:\"My Movie\"})})});device.prependOnceListener(\"update\",()=>done())",
                  "err": {},
                  "uuid": "45838489-4c92-4eea-8903-bb0cc328a36f",
                  "parentUUID": "8a3a304a-f873-47cb-abe1-6f683009dd4c",
                  "isHook": false,
                  "skipped": false
                }
              ],
              "suites": [],
              "passes": [
                "45838489-4c92-4eea-8903-bb0cc328a36f"
              ],
              "failures": [],
              "pending": [],
              "skipped": [],
              "duration": 2,
              "root": false,
              "rootEmpty": false,
              "_timeout": 2000
            },
            {
              "uuid": "0f01b051-768f-4ec2-ae64-e9108c3cbddc",
              "title": "rawListeners()",
              "fullFile": "/home/runner/work/node-pyatv/node-pyatv/test/device-events.ts",
              "file": "/test/device-events.ts",
              "beforeHooks": [],
              "afterHooks": [],
              "tests": [
                {
                  "title": "should work",
                  "fullTitle": "NodePyATVDeviceEvents rawListeners() should work",
                  "timedOut": false,
                  "duration": 0,
                  "state": "passed",
                  "speed": "fast",
                  "pass": true,
                  "fail": false,
                  "pending": false,
                  "context": null,
                  "code": "const device=new NodePyATVDevice({name:\"My Testdevice\",host:\"192.168.178.2\",spawn:createFakeSpawn(cp=>{cp.onStdIn(()=>cp.end())})});const listener=__name(()=>{},\"listener\");assert.deepStrictEqual(device.rawListeners(\"test\").length,0);device.on(\"test\",listener);assert.deepStrictEqual(device.rawListeners(\"test\").length,1);assert.deepStrictEqual(device.rawListeners(\"test\")[0],listener);device.off(\"test\",listener)",
                  "err": {},
                  "uuid": "589fc4f5-2fc7-41f3-886b-9c3297d35d40",
                  "parentUUID": "0f01b051-768f-4ec2-ae64-e9108c3cbddc",
                  "isHook": false,
                  "skipped": false
                }
              ],
              "suites": [],
              "passes": [
                "589fc4f5-2fc7-41f3-886b-9c3297d35d40"
              ],
              "failures": [],
              "pending": [],
              "skipped": [],
              "duration": 0,
              "root": false,
              "rootEmpty": false,
              "_timeout": 2000
            },
            {
              "uuid": "2c4c2c41-2f5d-4298-a774-a78e6ceca4d5",
              "title": "removeListener()",
              "fullFile": "/home/runner/work/node-pyatv/node-pyatv/test/device-events.ts",
              "file": "/test/device-events.ts",
              "beforeHooks": [],
              "afterHooks": [],
              "tests": [
                {
                  "title": "should work without any exceptions",
                  "fullTitle": "NodePyATVDeviceEvents removeListener() should work without any exceptions",
                  "timedOut": false,
                  "duration": 0,
                  "state": "passed",
                  "speed": "fast",
                  "pass": true,
                  "fail": false,
                  "pending": false,
                  "context": null,
                  "code": "const device=new NodePyATVDevice({name:\"My Testdevice\",host:\"192.168.178.2\",spawn:createFakeSpawn(cp=>{cp.onStdIn(()=>cp.end());cp.stdout({result:\"success\",title:\"My Movie\"})})});const listener=__name(()=>{},\"listener\");device.addListener(\"update\",listener);assert.deepStrictEqual(device.listenerCount(\"update\"),1);device.removeListener(\"update\",listener);assert.deepStrictEqual(device.listenerCount(\"update\"),0)",
                  "err": {},
                  "uuid": "5824ac25-8852-4167-bff9-f6109d917e80",
                  "parentUUID": "2c4c2c41-2f5d-4298-a774-a78e6ceca4d5",
                  "isHook": false,
                  "skipped": false
                }
              ],
              "suites": [],
              "passes": [
                "5824ac25-8852-4167-bff9-f6109d917e80"
              ],
              "failures": [],
              "pending": [],
              "skipped": [],
              "duration": 0,
              "root": false,
              "rootEmpty": false,
              "_timeout": 2000
            }
          ],
          "passes": [],
          "failures": [],
          "pending": [],
          "skipped": [],
          "duration": 0,
          "root": false,
          "rootEmpty": false,
          "_timeout": 2000
        },
        {
          "uuid": "063172f3-8c64-42ba-a8cc-6fa373275481",
          "title": "NodePyATVDevice",
          "fullFile": "/home/runner/work/node-pyatv/node-pyatv/test/device.ts",
          "file": "/test/device.ts",
          "beforeHooks": [],
          "afterHooks": [],
          "tests": [],
          "suites": [
            {
              "uuid": "58a8ee0e-96e0-4a82-bb23-aa31cf56fc5f",
              "title": "get name()",
              "fullFile": "/home/runner/work/node-pyatv/node-pyatv/test/device.ts",
              "file": "/test/device.ts",
              "beforeHooks": [],
              "afterHooks": [],
              "tests": [
                {
                  "title": "should return the name",
                  "fullTitle": "NodePyATVDevice get name() should return the name",
                  "timedOut": false,
                  "duration": 0,
                  "state": "passed",
                  "speed": "fast",
                  "pass": true,
                  "fail": false,
                  "pending": false,
                  "context": null,
                  "code": "const device=new NodePyATVDevice({name:\"My Testdevice\",host:\"192.168.178.2\"});assert.strictEqual(device.name,\"My Testdevice\")",
                  "err": {},
                  "uuid": "d2f94371-50a4-4ca8-b11f-a822fa04ad91",
                  "parentUUID": "58a8ee0e-96e0-4a82-bb23-aa31cf56fc5f",
                  "isHook": false,
                  "skipped": false
                }
              ],
              "suites": [],
              "passes": [
                "d2f94371-50a4-4ca8-b11f-a822fa04ad91"
              ],
              "failures": [],
              "pending": [],
              "skipped": [],
              "duration": 0,
              "root": false,
              "rootEmpty": false,
              "_timeout": 2000
            },
            {
              "uuid": "8e22b5bf-38c9-4a20-876e-074f48d16429",
              "title": "get host()",
              "fullFile": "/home/runner/work/node-pyatv/node-pyatv/test/device.ts",
              "file": "/test/device.ts",
              "beforeHooks": [],
              "afterHooks": [],
              "tests": [
                {
                  "title": "should return the host",
                  "fullTitle": "NodePyATVDevice get host() should return the host",
                  "timedOut": false,
                  "duration": 0,
                  "state": "passed",
                  "speed": "fast",
                  "pass": true,
                  "fail": false,
                  "pending": false,
                  "context": null,
                  "code": "const device=new NodePyATVDevice({name:\"My Testdevice\",host:\"192.168.178.2\"});assert.strictEqual(device.host,\"192.168.178.2\")",
                  "err": {},
                  "uuid": "eccf2146-09a7-4d2a-a2d0-a760a94c7fd7",
                  "parentUUID": "8e22b5bf-38c9-4a20-876e-074f48d16429",
                  "isHook": false,
                  "skipped": false
                }
              ],
              "suites": [],
              "passes": [
                "eccf2146-09a7-4d2a-a2d0-a760a94c7fd7"
              ],
              "failures": [],
              "pending": [],
              "skipped": [],
              "duration": 0,
              "root": false,
              "rootEmpty": false,
              "_timeout": 2000
            },
            {
              "uuid": "7e2e3616-9acf-4fc8-9c86-0b83562e3252",
              "title": "get id()",
              "fullFile": "/home/runner/work/node-pyatv/node-pyatv/test/device.ts",
              "file": "/test/device.ts",
              "beforeHooks": [],
              "afterHooks": [],
              "tests": [
                {
                  "title": "should return the id",
                  "fullTitle": "NodePyATVDevice get id() should return the id",
                  "timedOut": false,
                  "duration": 0,
                  "state": "passed",
                  "speed": "fast",
                  "pass": true,
                  "fail": false,
                  "pending": false,
                  "context": null,
                  "code": "const device=new NodePyATVDevice({name:\"My Testdevice\",host:\"192.168.178.2\",id:\"*****\"});assert.strictEqual(device.id,\"*****\")",
                  "err": {},
                  "uuid": "41a70520-daa3-4fd1-a8f3-857a4dcea507",
                  "parentUUID": "7e2e3616-9acf-4fc8-9c86-0b83562e3252",
                  "isHook": false,
                  "skipped": false
                }
              ],
              "suites": [],
              "passes": [
                "41a70520-daa3-4fd1-a8f3-857a4dcea507"
              ],
              "failures": [],
              "pending": [],
              "skipped": [],
              "duration": 0,
              "root": false,
              "rootEmpty": false,
              "_timeout": 2000
            },
            {
              "uuid": "6290222f-e918-4733-866e-d40c1614aa3e",
              "title": "get allIDs()",
              "fullFile": "/home/runner/work/node-pyatv/node-pyatv/test/device.ts",
              "file": "/test/device.ts",
              "beforeHooks": [],
              "afterHooks": [],
              "tests": [
                {
                  "title": "should return all the IDs",
                  "fullTitle": "NodePyATVDevice get allIDs() should return all the IDs",
                  "timedOut": false,
                  "duration": 0,
                  "state": "passed",
                  "speed": "fast",
                  "pass": true,
                  "fail": false,
                  "pending": false,
                  "context": null,
                  "code": "const device=new NodePyATVDevice({name:\"My Testdevice\",host:\"192.168.178.2\",id:\"*****\",allIDs:[\"some_id_1\",\"some_id_2\",\"some_id_3\"]});assert.deepStrictEqual(device.allIDs,[\"some_id_1\",\"some_id_2\",\"some_id_3\"])",
                  "err": {},
                  "uuid": "b483b364-7eb7-4efd-82c5-7749dac5a7b8",
                  "parentUUID": "6290222f-e918-4733-866e-d40c1614aa3e",
                  "isHook": false,
                  "skipped": false
                }
              ],
              "suites": [],
              "passes": [
                "b483b364-7eb7-4efd-82c5-7749dac5a7b8"
              ],
              "failures": [],
              "pending": [],
              "skipped": [],
              "duration": 0,
              "root": false,
              "rootEmpty": false,
              "_timeout": 2000
            },
            {
              "uuid": "5f7c7b88-b4de-4be3-8e88-2ec3f0f8f5c7",
              "title": "get protocol()",
              "fullFile": "/home/runner/work/node-pyatv/node-pyatv/test/device.ts",
              "file": "/test/device.ts",
              "beforeHooks": [],
              "afterHooks": [],
              "tests": [
                {
                  "title": "should return the protocol",
                  "fullTitle": "NodePyATVDevice get protocol() should return the protocol",
                  "timedOut": false,
                  "duration": 0,
                  "state": "passed",
                  "speed": "fast",
                  "pass": true,
                  "fail": false,
                  "pending": false,
                  "context": null,
                  "code": "const device=new NodePyATVDevice({name:\"My Testdevice\",host:\"192.168.178.2\",protocol:NodePyATVProtocol.airplay});assert.strictEqual(device.protocol,NodePyATVProtocol.airplay)",
                  "err": {},
                  "uuid": "7024d225-2479-42b0-a511-0de4ebeaa52c",
                  "parentUUID": "5f7c7b88-b4de-4be3-8e88-2ec3f0f8f5c7",
                  "isHook": false,
                  "skipped": false
                }
              ],
              "suites": [],
              "passes": [
                "7024d225-2479-42b0-a511-0de4ebeaa52c"
              ],
              "failures": [],
              "pending": [],
              "skipped": [],
              "duration": 0,
              "root": false,
              "rootEmpty": false,
              "_timeout": 2000
            },
            {
              "uuid": "f1a7326b-30cd-4277-8dbb-0d78d38d5e3f",
              "title": "get mac()",
              "fullFile": "/home/runner/work/node-pyatv/node-pyatv/test/device.ts",
              "file": "/test/device.ts",
              "beforeHooks": [],
              "afterHooks": [],
              "tests": [
                {
                  "title": "should return the mac",
                  "fullTitle": "NodePyATVDevice get mac() should return the mac",
                  "timedOut": false,
                  "duration": 0,
                  "state": "passed",
                  "speed": "fast",
                  "pass": true,
                  "fail": false,
                  "pending": false,
                  "context": null,
                  "code": "const device=new NodePyATVDevice({name:\"My Testdevice\",host:\"192.168.178.2\",mac:\"AA:BB:CC:DD:EE:FF\"});assert.strictEqual(device.mac,\"AA:BB:CC:DD:EE:FF\")",
                  "err": {},
                  "uuid": "fc969f5e-98c7-4c74-a1e2-2a03bf289d5d",
                  "parentUUID": "f1a7326b-30cd-4277-8dbb-0d78d38d5e3f",
                  "isHook": false,
                  "skipped": false
                }
              ],
              "suites": [],
              "passes": [
                "fc969f5e-98c7-4c74-a1e2-2a03bf289d5d"
              ],
              "failures": [],
              "pending": [],
              "skipped": [],
              "duration": 0,
              "root": false,
              "rootEmpty": false,
              "_timeout": 2000
            },
            {
              "uuid": "382f5338-a038-41e9-be6a-baad979622c7",
              "title": "get model()",
              "fullFile": "/home/runner/work/node-pyatv/node-pyatv/test/device.ts",
              "file": "/test/device.ts",
              "beforeHooks": [],
              "afterHooks": [],
              "tests": [
                {
                  "title": "should return the model if set by scan",
                  "fullTitle": "NodePyATVDevice get model() should return the model if set by scan",
                  "timedOut": false,
                  "duration": 0,
                  "state": "passed",
                  "speed": "fast",
                  "pass": true,
                  "fail": false,
                  "pending": false,
                  "context": null,
                  "code": "const device=new NodePyATVDevice({name:\"Vardagsrum\",host:\"10.0.10.81\",id:\"xxx\",model:\"Gen4K\"});assert.strictEqual(device.model,\"Gen4K\")",
                  "err": {},
                  "uuid": "97e46f48-77e2-4995-afc7-35aca472f53d",
                  "parentUUID": "382f5338-a038-41e9-be6a-baad979622c7",
                  "isHook": false,
                  "skipped": false
                },
                {
                  "title": "should return undefined otherwise",
                  "fullTitle": "NodePyATVDevice get model() should return undefined otherwise",
                  "timedOut": false,
                  "duration": 1,
                  "state": "passed",
                  "speed": "fast",
                  "pass": true,
                  "fail": false,
                  "pending": false,
                  "context": null,
                  "code": "const device=new NodePyATVDevice({name:\"Vardagsrum\",host:\"10.0.10.81\"});assert.strictEqual(device.model,void 0)",
                  "err": {},
                  "uuid": "f26bfabb-9cfd-4de1-93f8-dca5ab64aada",
                  "parentUUID": "382f5338-a038-41e9-be6a-baad979622c7",
                  "isHook": false,
                  "skipped": false
                }
              ],
              "suites": [],
              "passes": [
                "97e46f48-77e2-4995-afc7-35aca472f53d",
                "f26bfabb-9cfd-4de1-93f8-dca5ab64aada"
              ],
              "failures": [],
              "pending": [],
              "skipped": [],
              "duration": 1,
              "root": false,
              "rootEmpty": false,
              "_timeout": 2000
            },
            {
              "uuid": "7d5dc21a-e5e8-4961-ae04-786a3339debd",
              "title": "get modelName()",
              "fullFile": "/home/runner/work/node-pyatv/node-pyatv/test/device.ts",
              "file": "/test/device.ts",
              "beforeHooks": [],
              "afterHooks": [],
              "tests": [
                {
                  "title": "should return the model name if set by scan",
                  "fullTitle": "NodePyATVDevice get modelName() should return the model name if set by scan",
                  "timedOut": false,
                  "duration": 0,
                  "state": "passed",
                  "speed": "fast",
                  "pass": true,
                  "fail": false,
                  "pending": false,
                  "context": null,
                  "code": "const device=new NodePyATVDevice({name:\"Vardagsrum\",host:\"10.0.10.81\",id:\"xxx\",modelName:\"Apple TV 4K\"});assert.strictEqual(device.modelName,\"Apple TV 4K\")",
                  "err": {},
                  "uuid": "38e32fcc-1e46-4ae5-9676-ccdddb8f8382",
                  "parentUUID": "7d5dc21a-e5e8-4961-ae04-786a3339debd",
                  "isHook": false,
                  "skipped": false
                },
                {
                  "title": "should return undefined otherwise",
                  "fullTitle": "NodePyATVDevice get modelName() should return undefined otherwise",
                  "timedOut": false,
                  "duration": 0,
                  "state": "passed",
                  "speed": "fast",
                  "pass": true,
                  "fail": false,
                  "pending": false,
                  "context": null,
                  "code": "const device=new NodePyATVDevice({name:\"Vardagsrum\",host:\"10.0.10.81\"});assert.strictEqual(device.modelName,void 0)",
                  "err": {},
                  "uuid": "505c2fdf-b58a-4a57-8e89-d50bef907ff8",
                  "parentUUID": "7d5dc21a-e5e8-4961-ae04-786a3339debd",
                  "isHook": false,
                  "skipped": false
                }
              ],
              "suites": [],
              "passes": [
                "38e32fcc-1e46-4ae5-9676-ccdddb8f8382",
                "505c2fdf-b58a-4a57-8e89-d50bef907ff8"
              ],
              "failures": [],
              "pending": [],
              "skipped": [],
              "duration": 0,
              "root": false,
              "rootEmpty": false,
              "_timeout": 2000
            },
            {
              "uuid": "b9971fc0-c59c-4c06-971c-e8967f317764",
              "title": "get os()",
              "fullFile": "/home/runner/work/node-pyatv/node-pyatv/test/device.ts",
              "file": "/test/device.ts",
              "beforeHooks": [],
              "afterHooks": [],
              "tests": [
                {
                  "title": "should return the operating system if set by scan",
                  "fullTitle": "NodePyATVDevice get os() should return the operating system if set by scan",
                  "timedOut": false,
                  "duration": 0,
                  "state": "passed",
                  "speed": "fast",
                  "pass": true,
                  "fail": false,
                  "pending": false,
                  "context": null,
                  "code": "const device=new NodePyATVDevice({name:\"Vardagsrum\",host:\"10.0.10.81\",id:\"xxx\",os:\"TvOS\"});assert.strictEqual(device.os,\"TvOS\")",
                  "err": {},
                  "uuid": "964b15d4-991e-48c3-a3a5-73dc3e3c5524",
                  "parentUUID": "b9971fc0-c59c-4c06-971c-e8967f317764",
                  "isHook": false,
                  "skipped": false
                },
                {
                  "title": "should return undefined otherwise",
                  "fullTitle": "NodePyATVDevice get os() should return undefined otherwise",
                  "timedOut": false,
                  "duration": 0,
                  "state": "passed",
                  "speed": "fast",
                  "pass": true,
                  "fail": false,
                  "pending": false,
                  "context": null,
                  "code": "const device=new NodePyATVDevice({name:\"Vardagsrum\",host:\"10.0.10.81\"});assert.strictEqual(device.os,void 0)",
                  "err": {},
                  "uuid": "46b33cf4-a403-4d15-bf14-8df48c2687ce",
                  "parentUUID": "b9971fc0-c59c-4c06-971c-e8967f317764",
                  "isHook": false,
                  "skipped": false
                }
              ],
              "suites": [],
              "passes": [
                "964b15d4-991e-48c3-a3a5-73dc3e3c5524",
                "46b33cf4-a403-4d15-bf14-8df48c2687ce"
              ],
              "failures": [],
              "pending": [],
              "skipped": [],
              "duration": 0,
              "root": false,
              "rootEmpty": false,
              "_timeout": 2000
            },
            {
              "uuid": "5a600dd5-b7df-4c71-a799-837f7a625db2",
              "title": "get version()",
              "fullFile": "/home/runner/work/node-pyatv/node-pyatv/test/device.ts",
              "file": "/test/device.ts",
              "beforeHooks": [],
              "afterHooks": [],
              "tests": [
                {
                  "title": "should return the version if set by scan",
                  "fullTitle": "NodePyATVDevice get version() should return the version if set by scan",
                  "timedOut": false,
                  "duration": 0,
                  "state": "passed",
                  "speed": "fast",
                  "pass": true,
                  "fail": false,
                  "pending": false,
                  "context": null,
                  "code": "const device=new NodePyATVDevice({name:\"Vardagsrum\",host:\"10.0.10.81\",id:\"xxx\",version:\"15.5.1\"});assert.strictEqual(device.version,\"15.5.1\")",
                  "err": {},
                  "uuid": "dc9159b5-cca5-4d67-ada7-bdb7784c6e11",
                  "parentUUID": "5a600dd5-b7df-4c71-a799-837f7a625db2",
                  "isHook": false,
                  "skipped": false
                },
                {
                  "title": "should return undefined otherwise",
                  "fullTitle": "NodePyATVDevice get version() should return undefined otherwise",
                  "timedOut": false,
                  "duration": 0,
                  "state": "passed",
                  "speed": "fast",
                  "pass": true,
                  "fail": false,
                  "pending": false,
                  "context": null,
                  "code": "const device=new NodePyATVDevice({name:\"Vardagsrum\",host:\"10.0.10.81\"});assert.strictEqual(device.version,void 0)",
                  "err": {},
                  "uuid": "e3c0131a-bc56-44f9-bda3-4ae073a9d22a",
                  "parentUUID": "5a600dd5-b7df-4c71-a799-837f7a625db2",
                  "isHook": false,
                  "skipped": false
                }
              ],
              "suites": [],
              "passes": [
                "dc9159b5-cca5-4d67-ada7-bdb7784c6e11",
                "e3c0131a-bc56-44f9-bda3-4ae073a9d22a"
              ],
              "failures": [],
              "pending": [],
              "skipped": [],
              "duration": 0,
              "root": false,
              "rootEmpty": false,
              "_timeout": 2000
            },
            {
              "uuid": "ae21b841-59fe-40b8-81a8-14ec8b8f1f67",
              "title": "get services()",
              "fullFile": "/home/runner/work/node-pyatv/node-pyatv/test/device.ts",
              "file": "/test/device.ts",
              "beforeHooks": [],
              "afterHooks": [],
              "tests": [
                {
                  "title": "should return the services if set by scan",
                  "fullTitle": "NodePyATVDevice get services() should return the services if set by scan",
                  "timedOut": false,
                  "duration": 1,
                  "state": "passed",
                  "speed": "fast",
                  "pass": true,
                  "fail": false,
                  "pending": false,
                  "context": null,
                  "code": "const device=new NodePyATVDevice({name:\"Vardagsrum\",host:\"10.0.10.81\",id:\"xxx\",services:[{protocol:NodePyATVProtocol.mrp,port:49152},{protocol:NodePyATVProtocol.airplay,port:7e3}]});assert.deepStrictEqual(device.services,[{protocol:\"mrp\",port:49152},{protocol:\"airplay\",port:7e3}])",
                  "err": {},
                  "uuid": "8c7b5fb7-ccdd-401a-b223-ca4ece61adee",
                  "parentUUID": "ae21b841-59fe-40b8-81a8-14ec8b8f1f67",
                  "isHook": false,
                  "skipped": false
                },
                {
                  "title": "should return undefined otherwise",
                  "fullTitle": "NodePyATVDevice get services() should return undefined otherwise",
                  "timedOut": false,
                  "duration": 0,
                  "state": "passed",
                  "speed": "fast",
                  "pass": true,
                  "fail": false,
                  "pending": false,
                  "context": null,
                  "code": "const device=new NodePyATVDevice({name:\"Vardagsrum\",host:\"10.0.10.81\"});assert.strictEqual(device.services,void 0)",
                  "err": {},
                  "uuid": "772e55b4-d9f8-4762-a9de-e7ff936a9f60",
                  "parentUUID": "ae21b841-59fe-40b8-81a8-14ec8b8f1f67",
                  "isHook": false,
                  "skipped": false
                }
              ],
              "suites": [],
              "passes": [
                "8c7b5fb7-ccdd-401a-b223-ca4ece61adee",
                "772e55b4-d9f8-4762-a9de-e7ff936a9f60"
              ],
              "failures": [],
              "pending": [],
              "skipped": [],
              "duration": 1,
              "root": false,
              "rootEmpty": false,
              "_timeout": 2000
            },
            {
              "uuid": "10020bb8-0247-454a-87c1-07af561fb05f",
              "title": "get debug()",
              "fullFile": "/home/runner/work/node-pyatv/node-pyatv/test/device.ts",
              "file": "/test/device.ts",
              "beforeHooks": [],
              "afterHooks": [],
              "tests": [
                {
                  "title": "should return true if set to true",
                  "fullTitle": "NodePyATVDevice get debug() should return true if set to true",
                  "timedOut": false,
                  "duration": 0,
                  "state": "passed",
                  "speed": "fast",
                  "pass": true,
                  "fail": false,
                  "pending": false,
                  "context": null,
                  "code": "const device=new NodePyATVDevice({name:\"My Testdevice\",host:\"192.168.178.2\",debug:true});assert.strictEqual(device.debug,true)",
                  "err": {},
                  "uuid": "c5504a94-0e15-4957-9bd3-235973c9c071",
                  "parentUUID": "10020bb8-0247-454a-87c1-07af561fb05f",
                  "isHook": false,
                  "skipped": false
                },
                {
                  "title": "should return fn if set to custom function",
                  "fullTitle": "NodePyATVDevice get debug() should return fn if set to custom function",
                  "timedOut": false,
                  "duration": 0,
                  "state": "passed",
                  "speed": "fast",
                  "pass": true,
                  "fail": false,
                  "pending": false,
                  "context": null,
                  "code": "const fn=__name(()=>{},\"fn\");const device=new NodePyATVDevice({name:\"My Testdevice\",host:\"192.168.178.2\",debug:fn});assert.strictEqual(device.debug,fn)",
                  "err": {},
                  "uuid": "f3922da6-d707-4764-9649-a677b4566374",
                  "parentUUID": "10020bb8-0247-454a-87c1-07af561fb05f",
                  "isHook": false,
                  "skipped": false
                },
                {
                  "title": "should return false if unset",
                  "fullTitle": "NodePyATVDevice get debug() should return false if unset",
                  "timedOut": false,
                  "duration": 0,
                  "state": "passed",
                  "speed": "fast",
                  "pass": true,
                  "fail": false,
                  "pending": false,
                  "context": null,
                  "code": "const device=new NodePyATVDevice({name:\"My Testdevice\",host:\"192.168.178.2\"});assert.strictEqual(device.debug,void 0)",
                  "err": {},
                  "uuid": "3e66cef8-7a9f-4614-80ba-85b2099d8c19",
                  "parentUUID": "10020bb8-0247-454a-87c1-07af561fb05f",
                  "isHook": false,
                  "skipped": false
                }
              ],
              "suites": [],
              "passes": [
                "c5504a94-0e15-4957-9bd3-235973c9c071",
                "f3922da6-d707-4764-9649-a677b4566374",
                "3e66cef8-7a9f-4614-80ba-85b2099d8c19"
              ],
              "failures": [],
              "pending": [],
              "skipped": [],
              "duration": 0,
              "root": false,
              "rootEmpty": false,
              "_timeout": 2000
            },
            {
              "uuid": "797794d7-a118-450e-80e2-0a77f2d26f8c",
              "title": "set debug()",
              "fullFile": "/home/runner/work/node-pyatv/node-pyatv/test/device.ts",
              "file": "/test/device.ts",
              "beforeHooks": [],
              "afterHooks": [],
              "tests": [
                {
                  "title": "should work for debug = true",
                  "fullTitle": "NodePyATVDevice set debug() should work for debug = true",
                  "timedOut": false,
                  "duration": 0,
                  "state": "passed",
                  "speed": "fast",
                  "pass": true,
                  "fail": false,
                  "pending": false,
                  "context": null,
                  "code": "const device=new NodePyATVDevice({name:\"My Testdevice\",host:\"192.168.178.2\"});assert.strictEqual(device.debug,void 0);device.debug=true;assert.strictEqual(device.debug,true)",
                  "err": {},
                  "uuid": "4b950779-5e40-453a-b93c-c9674ec474e4",
                  "parentUUID": "797794d7-a118-450e-80e2-0a77f2d26f8c",
                  "isHook": false,
                  "skipped": false
                },
                {
                  "title": "should work for debug = undefined",
                  "fullTitle": "NodePyATVDevice set debug() should work for debug = undefined",
                  "timedOut": false,
                  "duration": 0,
                  "state": "passed",
                  "speed": "fast",
                  "pass": true,
                  "fail": false,
                  "pending": false,
                  "context": null,
                  "code": "const device=new NodePyATVDevice({name:\"My Testdevice\",host:\"192.168.178.2\",debug:true});assert.strictEqual(device.debug,true);device.debug=void 0;assert.strictEqual(device.debug,void 0)",
                  "err": {},
                  "uuid": "bd432b0c-e151-4fed-b55c-cc53021f9786",
                  "parentUUID": "797794d7-a118-450e-80e2-0a77f2d26f8c",
                  "isHook": false,
                  "skipped": false
[...]
              "title": "getExecutable()",
              "fullFile": "/home/runner/work/node-pyatv/node-pyatv/test/tools.ts",
              "file": "/test/tools.ts",
              "beforeHooks": [],
              "afterHooks": [],
              "tests": [
                {
                  "title": "should handle atvremotePath if set",
                  "fullTitle": "Tools getExecutable() should handle atvremotePath if set",
                  "timedOut": false,
                  "duration": 0,
                  "state": "passed",
                  "speed": "fast",
                  "pass": true,
                  "fail": false,
                  "pending": false,
                  "context": null,
                  "code": "const result=getExecutable(NodePyATVExecutableType.atvremote,{atvremotePath:\"/tmp/1\",atvscriptPath:\"/tmp/2\"});assert.strictEqual(result,\"/tmp/1\")",
                  "err": {},
                  "uuid": "3066508c-1f76-4ccd-af6e-8eee7d9254f9",
                  "parentUUID": "d898eb50-3611-4343-bb0e-29f64f1067ad",
                  "isHook": false,
                  "skipped": false
                },
                {
                  "title": "should handle atvscriptPath if set",
                  "fullTitle": "Tools getExecutable() should handle atvscriptPath if set",
                  "timedOut": false,
                  "duration": 0,
                  "state": "passed",
                  "speed": "fast",
                  "pass": true,
                  "fail": false,
                  "pending": false,
                  "context": null,
                  "code": "const result=getExecutable(NodePyATVExecutableType.atvscript,{atvremotePath:\"/tmp/1\",atvscriptPath:\"/tmp/2\"});assert.strictEqual(result,\"/tmp/2\")",
                  "err": {},
                  "uuid": "5e7548df-32f9-4925-8b04-cd5abd8ac593",
                  "parentUUID": "d898eb50-3611-4343-bb0e-29f64f1067ad",
                  "isHook": false,
                  "skipped": false
                },
                {
                  "title": "should handle default for atvremote",
                  "fullTitle": "Tools getExecutable() should handle default for atvremote",
                  "timedOut": false,
                  "duration": 0,
                  "state": "passed",
                  "speed": "fast",
                  "pass": true,
                  "fail": false,
                  "pending": false,
                  "context": null,
                  "code": "const result=getExecutable(NodePyATVExecutableType.atvremote,{atvscriptPath:\"/tmp\"});assert.strictEqual(result,\"atvremote\")",
                  "err": {},
                  "uuid": "b5dc9d0e-e373-4d13-bde3-6b3638472e06",
                  "parentUUID": "d898eb50-3611-4343-bb0e-29f64f1067ad",
                  "isHook": false,
                  "skipped": false
                },
                {
                  "title": "should handle default for atvscript",
                  "fullTitle": "Tools getExecutable() should handle default for atvscript",
                  "timedOut": false,
                  "duration": 0,
                  "state": "passed",
                  "speed": "fast",
                  "pass": true,
                  "fail": false,
                  "pending": false,
                  "context": null,
                  "code": "const result=getExecutable(NodePyATVExecutableType.atvscript,{atvremotePath:\"/tmp\"});assert.strictEqual(result,\"atvscript\")",
                  "err": {},
                  "uuid": "a79ebcf9-4143-49e3-9915-2692da01c785",
                  "parentUUID": "d898eb50-3611-4343-bb0e-29f64f1067ad",
                  "isHook": false,
                  "skipped": false
                }
              ],
              "suites": [],
              "passes": [
                "3066508c-1f76-4ccd-af6e-8eee7d9254f9",
                "5e7548df-32f9-4925-8b04-cd5abd8ac593",
                "b5dc9d0e-e373-4d13-bde3-6b3638472e06",
                "a79ebcf9-4143-49e3-9915-2692da01c785"
              ],
              "failures": [],
              "pending": [],
              "skipped": [],
              "duration": 0,
              "root": false,
              "rootEmpty": false,
              "_timeout": 2000
            },
            {
              "uuid": "6671bb6c-d5fb-44a2-898e-364f1d372279",
              "title": "getParameters()",
              "fullFile": "/home/runner/work/node-pyatv/node-pyatv/test/tools.ts",
              "file": "/test/tools.ts",
              "beforeHooks": [],
              "afterHooks": [],
              "tests": [
                {
                  "title": "empty case",
                  "fullTitle": "Tools getParameters() empty case",
                  "timedOut": false,
                  "duration": 0,
                  "state": "passed",
                  "speed": "fast",
                  "pass": true,
                  "fail": false,
                  "pending": false,
                  "context": null,
                  "code": "const result=await getParameters();assert.deepEqual(result,[])",
                  "err": {},
                  "uuid": "0641e4b4-dcbf-4b5a-9f7f-f94350311631",
                  "parentUUID": "6671bb6c-d5fb-44a2-898e-364f1d372279",
                  "isHook": false,
                  "skipped": false
                },
                {
                  "title": "easy case",
                  "fullTitle": "Tools getParameters() easy case",
                  "timedOut": false,
                  "duration": 0,
                  "state": "passed",
                  "speed": "fast",
                  "pass": true,
                  "fail": false,
                  "pending": false,
                  "context": null,
                  "code": "const result=await getParameters({host:\"192.168.178.2\"});assert.deepEqual(result,[\"-s\",\"192.168.178.2\"])",
                  "err": {},
                  "uuid": "7f4880fb-34f9-452b-8a70-32f0ff24879d",
                  "parentUUID": "6671bb6c-d5fb-44a2-898e-364f1d372279",
                  "isHook": false,
                  "skipped": false
                },
                {
                  "title": "full case",
                  "fullTitle": "Tools getParameters() full case",
                  "timedOut": false,
                  "duration": 1,
                  "state": "passed",
                  "speed": "fast",
                  "pass": true,
                  "fail": false,
                  "pending": false,
                  "context": null,
                  "code": "const result=await getParameters({hosts:[\"192.168.178.2\",\"192.168.178.3\"],id:\"****\",protocol:NodePyATVProtocol.mrp,dmapCredentials:\"****\",mrpCredentials:\"****\",airplayCredentials:\"****\",companionCredentials:\"1234\",raopCredentials:\"::foo:\"});assert.deepEqual(result,[\"-s\",\"192.168.178.2,192.168.178.3\",\"-i\",\"****\",\"--protocol\",\"mrp\",\"--dmap-credentials\",\"****\",\"--mrp-credentials\",\"****\",\"--airplay-credentials\",\"****\",\"--companion-credentials\",\"1234\",\"--raop-credentials\",\"::foo:\"])",
                  "err": {},
                  "uuid": "dc9b74ba-6e59-484c-98d4-96bda6ee70b4",
                  "parentUUID": "6671bb6c-d5fb-44a2-898e-364f1d372279",
                  "isHook": false,
                  "skipped": false
                }
              ],
              "suites": [],
              "passes": [
                "0641e4b4-dcbf-4b5a-9f7f-f94350311631",
                "7f4880fb-34f9-452b-8a70-32f0ff24879d",
                "dc9b74ba-6e59-484c-98d4-96bda6ee70b4"
              ],
              "failures": [],
              "pending": [],
              "skipped": [],
              "duration": 1,
              "root": false,
              "rootEmpty": false,
              "_timeout": 2000
            },
            {
              "uuid": "99481b67-51ab-46f5-b5ec-8ca7cbb34004",
              "title": "parseState()",
              "fullFile": "/home/runner/work/node-pyatv/node-pyatv/test/tools.ts",
              "file": "/test/tools.ts",
              "beforeHooks": [],
              "afterHooks": [],
              "tests": [
                {
                  "title": "should work with empty data",
                  "fullTitle": "Tools parseState() should work with empty data",
                  "timedOut": false,
                  "duration": 0,
                  "state": "passed",
                  "speed": "fast",
                  "pass": true,
                  "fail": false,
                  "pending": false,
                  "context": null,
                  "code": "const input={};const result=parseState(input,\"\",{});assert.deepStrictEqual(result,{dateTime:null,hash:null,mediaType:null,deviceState:null,title:null,artist:null,album:null,genre:null,totalTime:null,position:null,shuffle:null,repeat:null,app:null,appId:null,powerState:null,focusState:null,volume:null,outputDevices:null,contentIdentifier:null,episodeNumber:null,seasonNumber:null,seriesName:null})",
                  "err": {},
                  "uuid": "cc490d04-ee6e-4dac-a4f2-07fee5b09483",
                  "parentUUID": "99481b67-51ab-46f5-b5ec-8ca7cbb34004",
                  "isHook": false,
                  "skipped": false
                },
                {
                  "title": "should work without data",
                  "fullTitle": "Tools parseState() should work without data",
                  "timedOut": false,
                  "duration": 0,
                  "state": "passed",
                  "speed": "fast",
                  "pass": true,
                  "fail": false,
                  "pending": false,
                  "context": null,
                  "code": "const result=parseState(null,\"\",{});assert.deepStrictEqual(result,{dateTime:null,hash:null,mediaType:null,deviceState:null,title:null,artist:null,album:null,genre:null,totalTime:null,position:null,shuffle:null,repeat:null,app:null,appId:null,powerState:null,focusState:null,volume:null,outputDevices:null,contentIdentifier:null,episodeNumber:null,seasonNumber:null,seriesName:null})",
                  "err": {},
                  "uuid": "3b7b4aed-156f-41cf-8e34-d8435ce0679a",
                  "parentUUID": "99481b67-51ab-46f5-b5ec-8ca7cbb34004",
                  "isHook": false,
                  "skipped": false
                },
                {
                  "title": "should work with example data",
                  "fullTitle": "Tools parseState() should work with example data",
                  "timedOut": false,
                  "duration": 0,
                  "state": "passed",
                  "speed": "fast",
                  "pass": true,
                  "fail": false,
                  "pending": false,
                  "context": null,
                  "code": "const input={result:\"success\",datetime:\"2020-11-07T22:38:43.608030+01:00\",hash:\"100e0ab6-6ff5-4199-9c04-a7107ff78712\",media_type:\"video\",device_state:\"playing\",title:\"Solo: A Star Wars Story\",artist:null,album:null,genre:null,total_time:8097,position:27,shuffle:\"off\",repeat:\"off\",app:\"Disney+\",app_id:\"com.disney.disneyplus\",power_state:null,focus_state:null,volume:null,output_devices:null,content_identifier:null,episode_number:null,season_number:null,series_name:null};const result=parseState(input,\"\",{});assert.deepStrictEqual(result,{dateTime:new Date(\"2020-11-07T22:38:43.608030+01:00\"),hash:\"100e0ab6-6ff5-4199-9c04-a7107ff78712\",mediaType:NodePyATVMediaType.video,deviceState:NodePyATVDeviceState.playing,title:\"Solo: A Star Wars Story\",artist:null,album:null,genre:null,totalTime:8097,position:27,shuffle:NodePyATVShuffleState.off,repeat:NodePyATVRepeatState.off,app:\"Disney+\",appId:\"com.disney.disneyplus\",powerState:null,focusState:null,volume:null,outputDevices:null,contentIdentifier:null,episodeNumber:null,seasonNumber:null,seriesName:null})",
                  "err": {},
                  "uuid": "16655fe2-c1b9-4e5e-85c4-754daeb21f5a",
                  "parentUUID": "99481b67-51ab-46f5-b5ec-8ca7cbb34004",
                  "isHook": false,
                  "skipped": false
                },
                {
                  "title": "should throw an error for pyatv exceptions",
                  "fullTitle": "Tools parseState() should throw an error for pyatv exceptions",
                  "timedOut": false,
                  "duration": 0,
                  "state": "passed",
                  "speed": "fast",
                  "pass": true,
                  "fail": false,
                  "pending": false,
                  "context": null,
                  "code": "const input={result:\"failure\",datetime:\"2021-11-24T21:13:36.424576+03:00\",exception:\"invalid credentials: 321\",stacktrace:'Traceback (most recent call last):\\n  File \"/Users/free/Library/Python/3.8/lib/python/site-packages/pyatv/scripts/atvscript.py\", line 302, in appstart\\n    print(args.output(await _handle_command(args, abort_sem, loop)), flush=True)\\n  File \"/Users/free/Library/Python/3.8/lib/python/site-packages/pyatv/scripts/atvscript.py\", line 196, in _handle_command\\n    atv = await connect(config, loop, protocol=Protocol.MRP)\\n  File \"/Users/free/Library/Python/3.8/lib/python/site-packages/pyatv/__init__.py\", line 96, in connect\\n    for setup_data in proto_methods.setup(\\n  File \"/Users/free/Library/Python/3.8/lib/python/site-packages/pyatv/protocols/airplay/__init__.py\", line 192, in setup\\n    stream = AirPlayStream(config, service)\\n  File \"/Users/free/Library/Python/3.8/lib/python/site-packages/pyatv/protocols/airplay/__init__.py\", line 79, in __init__\\n    self._credentials: HapCredentials = parse_credentials(self.service.credentials)\\n  File \"/Users/free/Library/Python/3.8/lib/python/site-packages/pyatv/auth/hap_pairing.py\", line 139, in parse_credentials\\n    raise exceptions.InvalidCredentialsError(\"invalid credentials: \" + detail_string)\\npyatv.exceptions.InvalidCredentialsError: invalid credentials: 321\\n'};assert.throws(()=>{parseState(input,\"\",{})},/Got pyatv Error: invalid credentials: 321/)",
                  "err": {},
                  "uuid": "0f67f107-47c3-49e5-ad90-e9ff47859db3",
                  "parentUUID": "99481b67-51ab-46f5-b5ec-8ca7cbb34004",
                  "isHook": false,
                  "skipped": false
                },
                {
                  "title": "should ignore date if it's an invalid date",
                  "fullTitle": "Tools parseState() should ignore date if it's an invalid date",
                  "timedOut": false,
                  "duration": 0,
                  "state": "passed",
                  "speed": "fast",
                  "pass": true,
                  "fail": false,
                  "pending": false,
                  "context": null,
                  "code": "const input={datetime:\"today\"};const result=parseState(input,\"\",{});assert.deepStrictEqual(result,{dateTime:null,hash:null,mediaType:null,deviceState:null,title:null,artist:null,album:null,genre:null,totalTime:null,position:null,shuffle:null,repeat:null,app:null,appId:null,powerState:null,focusState:null,volume:null,outputDevices:null,contentIdentifier:null,episodeNumber:null,seasonNumber:null,seriesName:null})",
                  "err": {},
                  "uuid": "3a77c289-6911-41c7-b448-ebc76607484f",
                  "parentUUID": "99481b67-51ab-46f5-b5ec-8ca7cbb34004",
                  "isHook": false,
                  "skipped": false
                },
                {
                  "title": "should ignore data if unsupported type",
                  "fullTitle": "Tools parseState() should ignore data if unsupported type",
                  "timedOut": false,
                  "duration": 0,
                  "state": "passed",
                  "speed": "fast",
                  "pass": true,
                  "fail": false,
                  "pending": false,
                  "context": null,
                  "code": "const input={result:\"success\",datetime:true,hash:1337,media_type:false,device_state:43,title:void 0,artist:90,album:Infinity,genre:Math.PI,total_time:\"23min\",position:\"0:30.123\",shuffle:false,repeat:true,app:0,app_id:891645381647289,power_state:null,focus_state:null,volume:null,output_devices:null,content_identifier:null,episode_number:null,season_number:null,series_name:null};const result=parseState(input,\"\",{});assert.deepStrictEqual(result,{dateTime:null,hash:null,mediaType:null,deviceState:null,title:null,artist:null,album:null,genre:null,totalTime:null,position:null,shuffle:null,repeat:null,app:null,appId:null,powerState:null,focusState:null,volume:null,outputDevices:null,contentIdentifier:null,episodeNumber:null,seasonNumber:null,seriesName:null})",
                  "err": {},
                  "uuid": "4fe9d42d-43b0-404c-9ec8-8d9fa578da4b",
                  "parentUUID": "99481b67-51ab-46f5-b5ec-8ca7cbb34004",
                  "isHook": false,
                  "skipped": false
                },
                {
                  "title": "should ignore enums with unsupported valid",
                  "fullTitle": "Tools parseState() should ignore enums with unsupported valid",
                  "timedOut": false,
                  "duration": 1,
                  "state": "passed",
                  "speed": "fast",
                  "pass": true,
                  "fail": false,
                  "pending": false,
                  "context": null,
                  "code": "const input={media_type:\"3d-experience\",device_state:\"initiating\",shuffle:\"everything\",repeat:\"nothing\"};const result=parseState(input,\"\",{});assert.deepStrictEqual(result,{dateTime:null,hash:null,mediaType:null,deviceState:null,title:null,artist:null,album:null,genre:null,totalTime:null,position:null,shuffle:null,repeat:null,app:null,appId:null,powerState:null,focusState:null,volume:null,outputDevices:null,contentIdentifier:null,episodeNumber:null,seasonNumber:null,seriesName:null})",
                  "err": {},
                  "uuid": "ea7fdace-9095-4f75-b326-98042aa69c74",
                  "parentUUID": "99481b67-51ab-46f5-b5ec-8ca7cbb34004",
                  "isHook": false,
                  "skipped": false
                }
              ],
              "suites": [],
              "passes": [
                "cc490d04-ee6e-4dac-a4f2-07fee5b09483",
                "3b7b4aed-156f-41cf-8e34-d8435ce0679a",
                "16655fe2-c1b9-4e5e-85c4-754daeb21f5a",
                "0f67f107-47c3-49e5-ad90-e9ff47859db3",
                "3a77c289-6911-41c7-b448-ebc76607484f",
                "4fe9d42d-43b0-404c-9ec8-8d9fa578da4b",
                "ea7fdace-9095-4f75-b326-98042aa69c74"
              ],
              "failures": [],
              "pending": [],
              "skipped": [],
              "duration": 1,
              "root": false,
              "rootEmpty": false,
              "_timeout": 2000
            }
          ],
          "passes": [],
          "failures": [],
          "pending": [],
          "skipped": [],
          "duration": 0,
          "root": false,
          "rootEmpty": false,
          "_timeout": 2000
        }
      ],
      "passes": [],
      "failures": [],
      "pending": [],
      "skipped": [],
      "duration": 0,
      "root": true,
      "rootEmpty": true,
      "_timeout": 2000
    }
  ],
  "meta": {
    "mocha": {
      "version": "10.7.3"
    },
    "mochawesome": {
      "options": {
        "quiet": false,
        "reportFilename": "mochawesome",
        "saveHtml": true,
        "saveJson": true,
        "consoleReporter": "spec",
        "useInlineDiffs": false,
        "code": true
      },
      "version": "7.1.3"
    },
    "marge": {
      "options": null,
      "version": "6.2.0"
    }
  }
}