{
  "stats": {
    "suites": 93,
    "tests": 162,
    "passes": 160,
    "pending": 2,
    "failures": 0,
    "start": "2024-02-27T20:37:30.464Z",
    "end": "2024-02-27T20:37:42.572Z",
    "duration": 12108,
    "testsRegistered": 162,
    "passPercent": 100,
    "pendingPercent": 1.2345679012345678,
    "other": 0,
    "hasOther": false,
    "skipped": 0,
    "hasSkipped": false
  },
  "results": [
    {
      "uuid": "7aecc240-4d34-40ab-8e75-94f9bbe18913",
      "title": "",
      "fullFile": "",
      "file": "",
      "beforeHooks": [],
      "afterHooks": [],
      "tests": [],
      "suites": [
        {
          "uuid": "f4985f5c-0125-42e2-8e37-a3b4552fd42e",
          "title": "NodePyATVDeviceEvent",
          "fullFile": "/home/runner/work/node-pyatv/node-pyatv/test/device-event.ts",
          "file": "/test/device-event.ts",
          "beforeHooks": [],
          "afterHooks": [],
          "tests": [],
          "suites": [
            {
              "uuid": "4cc02da4-efc6-4d2f-9ef9-d4808095e164",
              "title": "get key()",
              "fullFile": "/home/runner/work/node-pyatv/node-pyatv/test/device-event.ts",
              "file": "/test/device-event.ts",
              "beforeHooks": [],
              "afterHooks": [],
              "tests": [
                {
                  "title": "should work",
                  "fullTitle": "NodePyATVDeviceEvent get key() should work",
                  "timedOut": false,
                  "duration": 1,
                  "state": "passed",
                  "speed": "fast",
                  "pass": true,
                  "fail": false,
                  "pending": false,
                  "context": null,
                  "code": "const event = new NodePyATVDeviceEvent({\n    key: 'genre',\n    old: 'Jazz',\n    new: 'Rock',\n    device: new NodePyATVDevice({\n        host: '192.168.178.2',\n        name: 'My Testinstance'\n    })\n});\nassert.strictEqual(event.key, 'genre');",
                  "err": {},
                  "uuid": "bc737deb-348d-4078-811f-02afa48e02b1",
                  "parentUUID": "4cc02da4-efc6-4d2f-9ef9-d4808095e164",
                  "isHook": false,
                  "skipped": false
                }
              ],
              "suites": [],
              "passes": [
                "bc737deb-348d-4078-811f-02afa48e02b1"
              ],
              "failures": [],
              "pending": [],
              "skipped": [],
              "duration": 1,
              "root": false,
              "rootEmpty": false,
              "_timeout": 2000
            },
            {
              "uuid": "0692c0ad-3a1d-4fa1-9435-c5e155d9000c",
              "title": "get oldValue()",
              "fullFile": "/home/runner/work/node-pyatv/node-pyatv/test/device-event.ts",
              "file": "/test/device-event.ts",
              "beforeHooks": [],
              "afterHooks": [],
              "tests": [
                {
                  "title": "should work",
                  "fullTitle": "NodePyATVDeviceEvent get oldValue() should work",
                  "timedOut": false,
                  "duration": 0,
                  "state": "passed",
                  "speed": "fast",
                  "pass": true,
                  "fail": false,
                  "pending": false,
                  "context": null,
                  "code": "const event = new NodePyATVDeviceEvent({\n    key: 'genre',\n    old: 'Jazz',\n    new: 'Rock',\n    device: new NodePyATVDevice({\n        host: '192.168.178.2',\n        name: 'My Testinstance'\n    })\n});\nassert.strictEqual(event.oldValue, 'Jazz');",
                  "err": {},
                  "uuid": "10d88cf1-e959-4a2b-bc91-8cf52b432703",
                  "parentUUID": "0692c0ad-3a1d-4fa1-9435-c5e155d9000c",
                  "isHook": false,
                  "skipped": false
                }
              ],
              "suites": [],
              "passes": [
                "10d88cf1-e959-4a2b-bc91-8cf52b432703"
              ],
              "failures": [],
              "pending": [],
              "skipped": [],
              "duration": 0,
              "root": false,
              "rootEmpty": false,
              "_timeout": 2000
            },
            {
              "uuid": "4a0d9180-6fd4-4923-938c-f12ca5670dee",
              "title": "get newValue()",
              "fullFile": "/home/runner/work/node-pyatv/node-pyatv/test/device-event.ts",
              "file": "/test/device-event.ts",
              "beforeHooks": [],
              "afterHooks": [],
              "tests": [
                {
                  "title": "should work",
                  "fullTitle": "NodePyATVDeviceEvent get newValue() should work",
                  "timedOut": false,
                  "duration": 0,
                  "state": "passed",
                  "speed": "fast",
                  "pass": true,
                  "fail": false,
                  "pending": false,
                  "context": null,
                  "code": "const event = new NodePyATVDeviceEvent({\n    key: 'genre',\n    old: 'Jazz',\n    new: 'Rock',\n    device: new NodePyATVDevice({\n        host: '192.168.178.2',\n        name: 'My Testinstance'\n    })\n});\nassert.strictEqual(event.newValue, 'Rock');",
                  "err": {},
                  "uuid": "3ca822a1-4c74-413c-af76-2a53bf9f89ec",
                  "parentUUID": "4a0d9180-6fd4-4923-938c-f12ca5670dee",
                  "isHook": false,
                  "skipped": false
                }
              ],
              "suites": [],
              "passes": [
                "3ca822a1-4c74-413c-af76-2a53bf9f89ec"
              ],
              "failures": [],
              "pending": [],
              "skipped": [],
              "duration": 0,
              "root": false,
              "rootEmpty": false,
              "_timeout": 2000
            },
            {
              "uuid": "f8e45383-4c69-49f0-a4d5-3b99d4f1b6de",
              "title": "get value()",
              "fullFile": "/home/runner/work/node-pyatv/node-pyatv/test/device-event.ts",
              "file": "/test/device-event.ts",
              "beforeHooks": [],
              "afterHooks": [],
              "tests": [
                {
                  "title": "should work",
                  "fullTitle": "NodePyATVDeviceEvent get value() should work",
                  "timedOut": false,
                  "duration": 0,
                  "state": "passed",
                  "speed": "fast",
                  "pass": true,
                  "fail": false,
                  "pending": false,
                  "context": null,
                  "code": "const event = new NodePyATVDeviceEvent({\n    key: 'genre',\n    old: 'Jazz',\n    new: 'Rock',\n    device: new NodePyATVDevice({\n        host: '192.168.178.2',\n        name: 'My Testinstance'\n    })\n});\nassert.strictEqual(event.value, 'Rock');",
                  "err": {},
                  "uuid": "57e26ee4-e21e-4f6c-ab87-b199d8255001",
                  "parentUUID": "f8e45383-4c69-49f0-a4d5-3b99d4f1b6de",
                  "isHook": false,
                  "skipped": false
                }
              ],
              "suites": [],
              "passes": [
                "57e26ee4-e21e-4f6c-ab87-b199d8255001"
              ],
              "failures": [],
              "pending": [],
              "skipped": [],
              "duration": 0,
              "root": false,
              "rootEmpty": false,
              "_timeout": 2000
            },
            {
              "uuid": "1a038c57-631a-4547-a8a6-68adb7c0a405",
              "title": "get device()",
              "fullFile": "/home/runner/work/node-pyatv/node-pyatv/test/device-event.ts",
              "file": "/test/device-event.ts",
              "beforeHooks": [],
              "afterHooks": [],
              "tests": [
                {
                  "title": "should work",
                  "fullTitle": "NodePyATVDeviceEvent get device() should work",
                  "timedOut": false,
                  "duration": 0,
                  "state": "passed",
                  "speed": "fast",
                  "pass": true,
                  "fail": false,
                  "pending": false,
                  "context": null,
                  "code": "const device = new NodePyATVDevice({\n    host: '192.168.178.2',\n    name: 'My Testinstance'\n});\nconst event = new NodePyATVDeviceEvent({\n    key: 'genre',\n    old: 'Jazz',\n    new: 'Rock',\n    device\n});\nassert.deepEqual(event.device, device);",
                  "err": {},
                  "uuid": "5f990bd4-6222-4be5-baf1-fa5807da3cf7",
                  "parentUUID": "1a038c57-631a-4547-a8a6-68adb7c0a405",
                  "isHook": false,
                  "skipped": false
                }
              ],
              "suites": [],
              "passes": [
                "5f990bd4-6222-4be5-baf1-fa5807da3cf7"
              ],
              "failures": [],
              "pending": [],
              "skipped": [],
              "duration": 0,
              "root": false,
              "rootEmpty": false,
              "_timeout": 2000
            }
          ],
          "passes": [],
          "failures": [],
          "pending": [],
          "skipped": [],
          "duration": 0,
          "root": false,
          "rootEmpty": false,
          "_timeout": 2000
        },
        {
          "uuid": "c20b9b24-874e-4bac-b2c6-a071faf1003c",
          "title": "NodePyATVDeviceEvents",
          "fullFile": "/home/runner/work/node-pyatv/node-pyatv/test/device-events.ts",
          "file": "/test/device-events.ts",
          "beforeHooks": [],
          "afterHooks": [],
          "tests": [],
          "suites": [
            {
              "uuid": "ac73e537-a56c-4930-bc09-1d9eaecba29f",
              "title": "applyStateAndEmitEvents()",
              "fullFile": "/home/runner/work/node-pyatv/node-pyatv/test/device-events.ts",
              "file": "/test/device-events.ts",
              "beforeHooks": [],
              "afterHooks": [],
              "tests": [
                {
                  "title": "should emit update:key event",
                  "fullTitle": "NodePyATVDeviceEvents applyStateAndEmitEvents() should emit update:key event",
                  "timedOut": false,
                  "duration": 3,
                  "state": "passed",
                  "speed": "fast",
                  "pass": true,
                  "fail": false,
                  "pending": false,
                  "context": null,
                  "code": "return __awaiter(this, void 0, void 0, function* () {\n    const device = new NodePyATVDevice({\n        name: 'My Testdevice',\n        host: '192.168.178.2',\n        spawn: createFakeSpawn(cp => {\n            cp.onStdIn(() => cp.end());\n            cp.stdout({\n                result: 'success',\n                title: 'My Movie'\n            });\n        })\n    });\n    yield new Promise(cb => {\n        device.once('update:title', event => {\n            assert.ok(event instanceof NodePyATVDeviceEvent);\n            assert.strictEqual(event.key, 'title');\n            assert.strictEqual(event.oldValue, null);\n            assert.strictEqual(event.newValue, 'My Movie');\n            assert.strictEqual(event.value, 'My Movie');\n            assert.deepStrictEqual(event.device, device);\n            cb(undefined);\n        });\n    });\n});",
                  "err": {},
                  "uuid": "1b3c45ae-917c-4810-b1bf-fe3833babccc",
                  "parentUUID": "ac73e537-a56c-4930-bc09-1d9eaecba29f",
                  "isHook": false,
                  "skipped": false
                },
                {
                  "title": "should emit update event",
                  "fullTitle": "NodePyATVDeviceEvents applyStateAndEmitEvents() should emit update event",
                  "timedOut": false,
                  "duration": 2,
                  "state": "passed",
                  "speed": "fast",
                  "pass": true,
                  "fail": false,
                  "pending": false,
                  "context": null,
                  "code": "return __awaiter(this, void 0, void 0, function* () {\n    const device = new NodePyATVDevice({\n        name: 'My Testdevice',\n        host: '192.168.178.2',\n        spawn: createFakeSpawn(cp => {\n            cp.onStdIn(() => cp.end());\n            cp.stdout({\n                result: 'success',\n                title: 'My Movie'\n            });\n        })\n    });\n    yield new Promise(cb => {\n        device.once('update', event => {\n            assert.ok(event instanceof NodePyATVDeviceEvent);\n            assert.strictEqual(event.key, 'title');\n            assert.strictEqual(event.oldValue, null);\n            assert.strictEqual(event.newValue, 'My Movie');\n            assert.strictEqual(event.value, 'My Movie');\n            assert.deepStrictEqual(event.device, device);\n            cb(undefined);\n        });\n    });\n});",
                  "err": {},
                  "uuid": "2ecdcab3-cd8b-46a8-a2dc-3725211b6699",
                  "parentUUID": "ac73e537-a56c-4930-bc09-1d9eaecba29f",
                  "isHook": false,
                  "skipped": false
                },
                {
                  "title": "should emit update:key event before update",
                  "fullTitle": "NodePyATVDeviceEvents applyStateAndEmitEvents() should emit update:key event before update",
                  "timedOut": false,
                  "duration": 2,
                  "state": "passed",
                  "speed": "fast",
                  "pass": true,
                  "fail": false,
                  "pending": false,
                  "context": null,
                  "code": "return __awaiter(this, void 0, void 0, function* () {\n    const device = new NodePyATVDevice({\n        name: 'My Testdevice',\n        host: '192.168.178.2',\n        spawn: createFakeSpawn(cp => {\n            cp.onStdIn(() => cp.end());\n            cp.stdout({\n                result: 'success',\n                title: 'My Movie'\n            });\n        })\n    });\n    const sort = [];\n    yield Promise.race([\n        new Promise(cb => {\n            device.once('update', () => {\n                sort.push('update');\n                cb(undefined);\n            });\n        }),\n        new Promise(cb => {\n            device.once('update:title', () => {\n                sort.push('update:title');\n                cb(undefined);\n            });\n        })\n    ]);\n    assert.deepStrictEqual(sort, ['update:title', 'update']);\n});",
                  "err": {},
                  "uuid": "486b3e06-7411-499a-b589-3214f372bc4e",
                  "parentUUID": "ac73e537-a56c-4930-bc09-1d9eaecba29f",
                  "isHook": false,
                  "skipped": false
                },
                {
                  "title": "should emit error events on failures",
                  "fullTitle": "NodePyATVDeviceEvents applyStateAndEmitEvents() should emit error events on failures",
                  "timedOut": false,
                  "duration": 2,
                  "state": "passed",
                  "speed": "fast",
                  "pass": true,
                  "fail": false,
                  "pending": false,
                  "context": null,
                  "code": "return __awaiter(this, void 0, void 0, function* () {\n    const device = new NodePyATVDevice({\n        name: 'My Testdevice',\n        host: '192.168.178.2',\n        spawn: createFakeSpawn(cp => {\n            cp.onStdIn(() => cp.end());\n            cp.stdout({\n                result: 'failure',\n                datetime: '2021-11-24T21:13:36.424576+03:00',\n                exception: 'invalid credentials: 321',\n                stacktrace: 'Traceback (most recent call last):\\n  File \\\"/Users/free/Library/Python/3.8/lib/python/site-packages/pyatv/scripts/atvscript.py\\\", line 302, in appstart\\n    print(args.output(await _handle_command(args, abort_sem, loop)), flush=True)\\n  File \\\"/Users/free/Library/Python/3.8/lib/python/site-packages/pyatv/scripts/atvscript.py\\\", line 196, in _handle_command\\n    atv = await connect(config, loop, protocol=Protocol.MRP)\\n  File \\\"/Users/free/Library/Python/3.8/lib/python/site-packages/pyatv/__init__.py\\\", line 96, in connect\\n    for setup_data in proto_methods.setup(\\n  File \\\"/Users/free/Library/Python/3.8/lib/python/site-packages/pyatv/protocols/airplay/__init__.py\\\", line 192, in setup\\n    stream = AirPlayStream(config, service)\\n  File \\\"/Users/free/Library/Python/3.8/lib/python/site-packages/pyatv/protocols/airplay/__init__.py\\\", line 79, in __init__\\n    self._credentials: HapCredentials = parse_credentials(self.service.credentials)\\n  File \\\"/Users/free/Library/Python/3.8/lib/python/site-packages/pyatv/auth/hap_pairing.py\\\", line 139, in parse_credentials\\n    raise exceptions.InvalidCredentialsError(\\\"invalid credentials: \\\" + detail_string)\\npyatv.exceptions.InvalidCredentialsError: invalid credentials: 321\\n'\n            });\n        })\n    });\n    yield new Promise(cb => {\n        device.once('error', error => {\n            assert.ok(error instanceof Error);\n            assert.ok(error.toString().includes('invalid credentials: 321'));\n            cb(undefined);\n        });\n    });\n});",
                  "err": {},
                  "uuid": "cef08bfa-f8f4-4f64-8cfc-7fded49f5632",
                  "parentUUID": "ac73e537-a56c-4930-bc09-1d9eaecba29f",
                  "isHook": false,
                  "skipped": false
                },
                {
                  "title": "should not emit an update if new value is same as old one",
                  "fullTitle": "NodePyATVDeviceEvents applyStateAndEmitEvents() should not emit an update if new value is same as old one",
                  "timedOut": false,
                  "duration": 3,
                  "state": "passed",
                  "speed": "fast",
                  "pass": true,
                  "fail": false,
                  "pending": false,
                  "context": null,
                  "code": "return __awaiter(this, void 0, void 0, function* () {\n    let spawnCounter = 0;\n    let eventCounter = 0;\n    const device = new NodePyATVDevice({\n        name: 'My Testdevice',\n        host: '192.168.178.2',\n        spawn: createFakeSpawn(cp => {\n            if (spawnCounter === 0) {\n                cp.onStdIn(() => cp.end());\n            }\n            cp.stdout({\n                result: 'success',\n                title: 'My Movie'\n            });\n            spawnCounter++;\n            if (spawnCounter >= 2) {\n                cp.end();\n            }\n        })\n    });\n    const listener = () => {\n        eventCounter++;\n    };\n    device.on('update', listener);\n    yield new Promise(cb => setTimeout(cb, 0));\n    yield device.getState();\n    device.off('update', listener);\n    assert.strictEqual(spawnCounter, 2);\n    assert.strictEqual(eventCounter, 1);\n});",
                  "err": {},
                  "uuid": "dd627993-4a12-4f91-98ec-793c46685bd4",
                  "parentUUID": "ac73e537-a56c-4930-bc09-1d9eaecba29f",
                  "isHook": false,
                  "skipped": false
                },
                {
                  "title": "should emit error event if event listener throws an exception",
                  "fullTitle": "NodePyATVDeviceEvents applyStateAndEmitEvents() should emit error event if event listener throws an exception",
                  "timedOut": false,
                  "duration": 2,
                  "state": "passed",
                  "speed": "fast",
                  "pass": true,
                  "fail": false,
                  "pending": false,
                  "context": null,
                  "code": "return __awaiter(this, void 0, void 0, function* () {\n    const device = new NodePyATVDevice({\n        name: 'My Testdevice',\n        host: '192.168.178.2',\n        spawn: createFakeSpawn(cp => {\n            cp.onStdIn(() => cp.end());\n            cp.stdout({\n                result: 'success',\n                title: 'My Movie'\n            });\n        })\n    });\n    let callCounter = 0;\n    const error = new Error('This is an error. Be nice.');\n    device.once('error', err => {\n        assert.strictEqual(err, error);\n        callCounter++;\n    });\n    const listener = () => {\n        throw error;\n    };\n    device.on('update', listener);\n    yield new Promise(cb => setTimeout(cb, 0));\n    device.off('update', listener);\n    assert.strictEqual(callCounter, 1);\n});",
                  "err": {},
                  "uuid": "3e780295-06b7-47bb-aa07-d8d34eeee399",
                  "parentUUID": "ac73e537-a56c-4930-bc09-1d9eaecba29f",
                  "isHook": false,
                  "skipped": false
                },
                {
                  "title": "should also work with powerState",
                  "fullTitle": "NodePyATVDeviceEvents applyStateAndEmitEvents() should also work with powerState",
                  "timedOut": false,
                  "duration": 2,
                  "state": "passed",
                  "speed": "fast",
                  "pass": true,
                  "fail": false,
                  "pending": false,
                  "context": null,
                  "code": "return __awaiter(this, void 0, void 0, function* () {\n    const device = new NodePyATVDevice({\n        name: 'My Testdevice',\n        host: '192.168.178.2',\n        spawn: createFakeSpawn(cp => {\n            cp.onStdIn(() => cp.end());\n            cp.stdout({\n                result: 'success',\n                datetime: new Date().toJSON(),\n                power_state: 'off'\n            });\n        })\n    });\n    yield new Promise(cb => {\n        device.once('update:powerState', event => {\n            assert.ok(event instanceof NodePyATVDeviceEvent);\n            assert.strictEqual(event.key, 'powerState');\n            assert.strictEqual(event.oldValue, null);\n            assert.strictEqual(event.newValue, 'off');\n            assert.strictEqual(event.newValue, NodePyATVPowerState.off);\n            assert.strictEqual(event.value, 'off');\n            assert.strictEqual(event.value, NodePyATVPowerState.off);\n            assert.deepStrictEqual(event.device, device);\n            cb(undefined);\n        });\n    });\n});",
                  "err": {},
                  "uuid": "28733317-67e1-431f-8241-ea3603eefd54",
                  "parentUUID": "ac73e537-a56c-4930-bc09-1d9eaecba29f",
                  "isHook": false,
                  "skipped": false
                },
                {
                  "title": "should only one event for powerState changes",
                  "fullTitle": "NodePyATVDeviceEvents applyStateAndEmitEvents() should only one event for powerState changes",
                  "timedOut": false,
                  "duration": 10,
                  "state": "passed",
                  "speed": "fast",
                  "pass": true,
                  "fail": false,
                  "pending": false,
                  "context": null,
                  "code": "return __awaiter(this, void 0, void 0, function* () {\n    const device = new NodePyATVDevice({\n        name: 'My Testdevice',\n        host: '192.168.178.2',\n        spawn: createFakeSpawn(cp => {\n            cp.onStdIn(() => cp.end());\n            cp.stdout({\n                result: 'success',\n                datetime: new Date().toJSON(),\n                power_state: 'off'\n            });\n            cp.end();\n        })\n    });\n    let counter = 0;\n    device.on('update', event => {\n        assert.ok(event instanceof NodePyATVDeviceEvent);\n        assert.strictEqual(event.key, 'powerState');\n        assert.strictEqual(event.oldValue, null);\n        assert.strictEqual(event.newValue, 'off');\n        assert.strictEqual(event.newValue, NodePyATVPowerState.off);\n        assert.strictEqual(event.value, 'off');\n        assert.strictEqual(event.value, NodePyATVPowerState.off);\n        assert.deepStrictEqual(event.device, device);\n        counter++;\n    });\n    yield new Promise(cb => setTimeout(cb, 10));\n    assert.strictEqual(counter, 1);\n    device.removeAllListeners('update');\n});",
                  "err": {},
                  "uuid": "62281a87-8450-46a3-b420-7032f2d0c58b",
                  "parentUUID": "ac73e537-a56c-4930-bc09-1d9eaecba29f",
                  "isHook": false,
                  "skipped": false
                },
                {
                  "title": "should only one event for focusState changes",
                  "fullTitle": "NodePyATVDeviceEvents applyStateAndEmitEvents() should only one event for focusState changes",
                  "timedOut": false,
                  "duration": 11,
                  "state": "passed",
                  "speed": "fast",
                  "pass": true,
                  "fail": false,
                  "pending": false,
                  "context": null,
                  "code": "return __awaiter(this, void 0, void 0, function* () {\n    const device = new NodePyATVDevice({\n        name: 'My Testdevice',\n        host: '192.168.178.2',\n        spawn: createFakeSpawn(cp => {\n            cp.onStdIn(() => cp.end());\n            cp.stdout({\n                result: 'success',\n                datetime: new Date().toJSON(),\n                focus_state: 'unfocused'\n            });\n            cp.end();\n        })\n    });\n    let counter = 0;\n    device.on('update', event => {\n        assert.ok(event instanceof NodePyATVDeviceEvent);\n        assert.strictEqual(event.key, 'focusState');\n        assert.strictEqual(event.oldValue, null);\n        assert.strictEqual(event.newValue, 'unfocused');\n        assert.strictEqual(event.newValue, NodePyATVFocusState.unfocused);\n        assert.strictEqual(event.value, 'unfocused');\n        assert.strictEqual(event.value, NodePyATVFocusState.unfocused);\n        assert.deepStrictEqual(event.device, device);\n        counter++;\n    });\n    yield new Promise(cb => setTimeout(cb, 10));\n    assert.strictEqual(counter, 1);\n    device.removeAllListeners('update');\n});",
                  "err": {},
                  "uuid": "b85fd0ba-969e-466c-b45c-9a0acf693678",
                  "parentUUID": "ac73e537-a56c-4930-bc09-1d9eaecba29f",
                  "isHook": false,
                  "skipped": false
                },
                {
                  "title": "should only one event for outputDevices changes",
                  "fullTitle": "NodePyATVDeviceEvents applyStateAndEmitEvents() should only one event for outputDevices changes",
                  "timedOut": false,
                  "duration": 11,
                  "state": "passed",
                  "speed": "fast",
                  "pass": true,
                  "fail": false,
                  "pending": false,
                  "context": null,
                  "code": "return __awaiter(this, void 0, void 0, function* () {\n    const device = new NodePyATVDevice({\n        name: 'My Testdevice',\n        host: '192.168.178.2',\n        spawn: createFakeSpawn(cp => {\n            cp.onStdIn(() => cp.end());\n            cp.stdout({\n                result: 'success',\n                datetime: new Date().toJSON(),\n                output_devices: [{\n                        name: 'Living room',\n                        identifier: 'AAAAAAAA-BBBB-CCCC-DDDD-EEEEEEEEEEEE'\n                    }]\n            });\n            cp.end();\n        })\n    });\n    let counter = 0;\n    device.on('update', event => {\n        assert.ok(event instanceof NodePyATVDeviceEvent);\n        assert.strictEqual(event.key, 'outputDevices');\n        assert.strictEqual(event.oldValue, null);\n        assert.deepStrictEqual(event.newValue, [{\n                name: 'Living room',\n                identifier: 'AAAAAAAA-BBBB-CCCC-DDDD-EEEEEEEEEEEE'\n            }]);\n        assert.deepStrictEqual(event.value, [{\n                name: 'Living room',\n                identifier: 'AAAAAAAA-BBBB-CCCC-DDDD-EEEEEEEEEEEE'\n            }]);\n        assert.deepStrictEqual(event.device, device);\n        counter++;\n    });\n    yield new Promise(cb => setTimeout(cb, 10));\n    assert.strictEqual(counter, 1);\n    device.removeAllListeners('update');\n});",
                  "err": {},
                  "uuid": "84022bda-7fb5-455d-8015-b50209d5f119",
                  "parentUUID": "ac73e537-a56c-4930-bc09-1d9eaecba29f",
                  "isHook": false,
                  "skipped": false
                },
                {
                  "title": "should only one event for volume changes",
                  "fullTitle": "NodePyATVDeviceEvents applyStateAndEmitEvents() should only one event for volume changes",
                  "timedOut": false,
                  "duration": 10,
                  "state": "passed",
                  "speed": "fast",
                  "pass": true,
                  "fail": false,
                  "pending": false,
                  "context": null,
                  "code": "return __awaiter(this, void 0, void 0, function* () {\n    const device = new NodePyATVDevice({\n        name: 'My Testdevice',\n        host: '192.168.178.2',\n        spawn: createFakeSpawn(cp => {\n            cp.onStdIn(() => cp.end());\n            cp.stdout({\n                result: 'success',\n                datetime: new Date().toJSON(),\n                volume: 20.0\n            });\n            cp.end();\n        })\n    });\n    let counter = 0;\n    device.on('update', event => {\n        assert.ok(event instanceof NodePyATVDeviceEvent);\n        assert.strictEqual(event.key, 'volume');\n        assert.strictEqual(event.oldValue, null);\n        assert.strictEqual(event.newValue, 20);\n        assert.strictEqual(event.value, 20);\n        assert.deepStrictEqual(event.device, device);\n        counter++;\n    });\n    yield new Promise(cb => setTimeout(cb, 10));\n    assert.strictEqual(counter, 1);\n    device.removeAllListeners('update');\n});",
                  "err": {},
                  "uuid": "6d3baa52-2acd-494a-b1d4-ad4afabd8c22",
                  "parentUUID": "ac73e537-a56c-4930-bc09-1d9eaecba29f",
                  "isHook": false,
                  "skipped": false
                },
                {
                  "title": "should not trigger any events for newly added fields",
                  "fullTitle": "NodePyATVDeviceEvents applyStateAndEmitEvents() should not trigger any events for newly added fields",
                  "timedOut": false,
                  "duration": 10,
                  "state": "passed",
                  "speed": "fast",
                  "pass": true,
                  "fail": false,
                  "pending": false,
                  "context": null,
                  "code": "return __awaiter(this, void 0, void 0, function* () {\n    const device = new NodePyATVDevice({\n        name: 'My Testdevice',\n        host: '192.168.178.2',\n        spawn: createFakeSpawn(cp => {\n            cp.onStdIn(() => cp.end());\n            cp.stdout({\n                result: 'success',\n                datetime: new Date().toJSON(),\n                foo: 'bar'\n            });\n            cp.end();\n        })\n    });\n    device.on('update', event => {\n        assert.fail(`Got an update event for a new field: ${event}`);\n    });\n    yield new Promise(cb => setTimeout(cb, 10));\n    device.removeAllListeners('update');\n});",
                  "err": {},
                  "uuid": "95a4d07f-d800-4475-a11c-64258e06f339",
                  "parentUUID": "ac73e537-a56c-4930-bc09-1d9eaecba29f",
                  "isHook": false,
                  "skipped": false
                }
              ],
              "suites": [],
              "passes": [
                "1b3c45ae-917c-4810-b1bf-fe3833babccc",
                "2ecdcab3-cd8b-46a8-a2dc-3725211b6699",
                "486b3e06-7411-499a-b589-3214f372bc4e",
                "cef08bfa-f8f4-4f64-8cfc-7fded49f5632",
                "dd627993-4a12-4f91-98ec-793c46685bd4",
                "3e780295-06b7-47bb-aa07-d8d34eeee399",
                "28733317-67e1-431f-8241-ea3603eefd54",
                "62281a87-8450-46a3-b420-7032f2d0c58b",
                "b85fd0ba-969e-466c-b45c-9a0acf693678",
                "84022bda-7fb5-455d-8015-b50209d5f119",
                "6d3baa52-2acd-494a-b1d4-ad4afabd8c22",
                "95a4d07f-d800-4475-a11c-64258e06f339"
              ],
              "failures": [],
              "pending": [],
              "skipped": [],
              "duration": 68,
              "root": false,
              "rootEmpty": false,
              "_timeout": 2000
            },
            {
              "uuid": "39b0ebaa-1050-4443-bad0-34935c6e56f4",
              "title": "start|stopListening()",
              "fullFile": "/home/runner/work/node-pyatv/node-pyatv/test/device-events.ts",
              "file": "/test/device-events.ts",
              "beforeHooks": [],
              "afterHooks": [],
              "tests": [
                {
                  "title": "should emit error if spawn fails",
                  "fullTitle": "NodePyATVDeviceEvents start|stopListening() should emit error if spawn fails",
                  "timedOut": false,
                  "duration": 1,
                  "state": "passed",
                  "speed": "fast",
                  "pass": true,
                  "fail": false,
                  "pending": false,
                  "context": null,
                  "code": "return __awaiter(this, void 0, void 0, function* () {\n    const error = new Error();\n    const device = new NodePyATVDevice({\n        name: 'My Testdevice',\n        host: '192.168.178.2',\n        spawn: createFakeSpawn(cp => {\n            cp.error(error).end();\n        })\n    });\n    const listener = () => {\n        // empty listener\n    };\n    device.on('update', listener);\n    yield new Promise(cb => {\n        device.once('error', err => {\n            assert.strictEqual(err, error);\n            cb(undefined);\n        });\n    });\n    device.off('update', listener);\n});",
                  "err": {},
                  "uuid": "4da01ff6-cfad-4399-97d7-68274d3ed0a4",
                  "parentUUID": "39b0ebaa-1050-4443-bad0-34935c6e56f4",
                  "isHook": false,
                  "skipped": false
                },
                {
                  "title": "should emit error on stderr data",
                  "fullTitle": "NodePyATVDeviceEvents start|stopListening() should emit error on stderr data",
                  "timedOut": false,
                  "duration": 1,
                  "state": "passed",
                  "speed": "fast",
                  "pass": true,
                  "fail": false,
                  "pending": false,
                  "context": null,
                  "code": "return __awaiter(this, void 0, void 0, function* () {\n    const device = new NodePyATVDevice({\n        name: 'My Testdevice',\n        host: '192.168.178.2',\n        spawn: createFakeSpawn(cp => {\n            cp.stderr('Hello World!').end();\n        })\n    });\n    const listener = () => {\n        // empty listener\n    };\n    device.on('update', listener);\n    yield new Promise(cb => {\n        device.once('error', err => {\n            assert.ok(err instanceof Error);\n            assert.ok(err.toString().includes('Got stderr output from pyatv: Hello World!'));\n            cb(undefined);\n        });\n    });\n    device.off('update', listener);\n});",
                  "err": {},
                  "uuid": "93ef3d4f-fddb-48c7-9b6b-701a60698be6",
                  "parentUUID": "39b0ebaa-1050-4443-bad0-34935c6e56f4",
                  "isHook": false,
                  "skipped": false
                },
                {
                  "title": "should emit error if stdout is not valid json",
                  "fullTitle": "NodePyATVDeviceEvents start|stopListening() should emit error if stdout is not valid json",
                  "timedOut": false,
                  "duration": 1,
                  "state": "passed",
                  "speed": "fast",
                  "pass": true,
                  "fail": false,
                  "pending": false,
                  "context": null,
                  "code": "return __awaiter(this, void 0, void 0, function* () {\n    const device = new NodePyATVDevice({\n        name: 'My Testdevice',\n        host: '192.168.178.2',\n        spawn: createFakeSpawn(cp => {\n            cp.stdout('#').end();\n        })\n    });\n    const listener = () => {\n        // empty listener\n    };\n    device.on('update', listener);\n    yield new Promise(cb => {\n        device.once('error', err => {\n            assert.ok(err instanceof Error);\n            assert.ok(err.toString().includes('Unable to parse stdout json: SyntaxError'));\n            cb(undefined);\n        });\n    });\n    device.off('update', listener);\n});",
                  "err": {},
                  "uuid": "cd9c5b4c-5e1c-4bf8-b058-9fd9a207c091",
                  "parentUUID": "39b0ebaa-1050-4443-bad0-34935c6e56f4",
                  "isHook": false,
                  "skipped": false
                },
                {
                  "title": "should restart the process if it gets killed",
                  "fullTitle": "NodePyATVDeviceEvents start|stopListening() should restart the process if it gets killed",
                  "timedOut": false,
                  "duration": 0,
                  "state": "pending",
                  "speed": null,
                  "pass": false,
                  "fail": false,
                  "pending": true,
                  "context": null,
                  "code": "",
                  "err": {},
                  "uuid": "d0352e49-bda8-49b3-a5b8-3d2b85fc6ccb",
                  "parentUUID": "39b0ebaa-1050-4443-bad0-34935c6e56f4",
                  "isHook": false,
                  "skipped": false
                }
              ],
              "suites": [],
              "passes": [
                "4da01ff6-cfad-4399-97d7-68274d3ed0a4",
                "93ef3d4f-fddb-48c7-9b6b-701a60698be6",
                "cd9c5b4c-5e1c-4bf8-b058-9fd9a207c091"
              ],
              "failures": [],
              "pending": [
                "d0352e49-bda8-49b3-a5b8-3d2b85fc6ccb"
              ],
              "skipped": [],
              "duration": 3,
              "root": false,
              "rootEmpty": false,
              "_timeout": 2000
            },
            {
              "uuid": "3a5d7e78-016f-4abe-ab0a-504348399841",
              "title": "addListener() / removeAllListeners()",
              "fullFile": "/home/runner/work/node-pyatv/node-pyatv/test/device-events.ts",
              "file": "/test/device-events.ts",
              "beforeHooks": [],
              "afterHooks": [],
              "tests": [
                {
                  "title": "should work without any exceptions",
                  "fullTitle": "NodePyATVDeviceEvents addListener() / removeAllListeners() should work without any exceptions",
                  "timedOut": false,
                  "duration": 0,
                  "state": "passed",
                  "speed": "fast",
                  "pass": true,
                  "fail": false,
                  "pending": false,
                  "context": null,
                  "code": "return __awaiter(this, void 0, void 0, function* () {\n    const device = new NodePyATVDevice({\n        name: 'My Testdevice',\n        host: '192.168.178.2',\n        spawn: createFakeSpawn(cp => {\n            cp.onStdIn(() => cp.end());\n            cp.stdout({\n                result: 'success',\n                title: 'My Movie'\n            });\n        })\n    });\n    const listener = () => {\n        // empty listener\n    };\n    device.addListener('update', listener);\n    device.removeAllListeners('update');\n});",
                  "err": {},
                  "uuid": "ef6b71ef-0ee0-4036-94bf-a7bf3b2e09b4",
                  "parentUUID": "3a5d7e78-016f-4abe-ab0a-504348399841",
                  "isHook": false,
                  "skipped": false
                }
              ],
              "suites": [],
              "passes": [
                "ef6b71ef-0ee0-4036-94bf-a7bf3b2e09b4"
              ],
              "failures": [],
              "pending": [],
              "skipped": [],
              "duration": 0,
              "root": false,
              "rootEmpty": false,
              "_timeout": 2000
            },
            {
              "uuid": "adec49b2-739e-42fc-8d48-d420fe92ccfc",
              "title": "emit()",
              "fullFile": "/home/runner/work/node-pyatv/node-pyatv/test/device-events.ts",
              "file": "/test/device-events.ts",
              "beforeHooks": [],
              "afterHooks": [],
              "tests": [
                {
                  "title": "should work",
                  "fullTitle": "NodePyATVDeviceEvents emit() should work",
                  "timedOut": false,
                  "duration": 1,
                  "state": "passed",
                  "speed": "fast",
                  "pass": true,
                  "fail": false,
                  "pending": false,
                  "context": null,
                  "code": "const device = new NodePyATVDevice({\n    name: 'My Testdevice',\n    host: '192.168.178.2',\n    spawn: createFakeSpawn(cp => {\n        cp.onStdIn(() => cp.end());\n    })\n});\nconst event = new NodePyATVDeviceEvent({\n    key: 'dateTime',\n    old: 'foo',\n    new: 'bar',\n    device\n});\nlet executions = 0;\ndevice.once('test', (e) => {\n    executions++;\n    assert.strictEqual(e, event);\n    assert.strictEqual(executions, 1);\n    done();\n});\ndevice.emit('test', event);",
                  "err": {},
                  "uuid": "a3dbfdbc-49f1-4a2e-9ca8-de69cb236571",
                  "parentUUID": "adec49b2-739e-42fc-8d48-d420fe92ccfc",
                  "isHook": false,
                  "skipped": false
                }
              ],
              "suites": [],
              "passes": [
                "a3dbfdbc-49f1-4a2e-9ca8-de69cb236571"
              ],
              "failures": [],
              "pending": [],
              "skipped": [],
              "duration": 1,
              "root": false,
              "rootEmpty": false,
              "_timeout": 2000
            },
            {
              "uuid": "fef397e4-de07-4d22-b642-9049dbbf1056",
              "title": "eventNames()",
              "fullFile": "/home/runner/work/node-pyatv/node-pyatv/test/device-events.ts",
              "file": "/test/device-events.ts",
              "beforeHooks": [],
              "afterHooks": [],
              "tests": [
                {
                  "title": "should work",
                  "fullTitle": "NodePyATVDeviceEvents eventNames() should work",
                  "timedOut": false,
                  "duration": 0,
                  "state": "passed",
                  "speed": "fast",
                  "pass": true,
                  "fail": false,
                  "pending": false,
                  "context": null,
                  "code": "const device = new NodePyATVDevice({\n    name: 'My Testdevice',\n    host: '192.168.178.2',\n    spawn: createFakeSpawn(cp => {\n        cp.onStdIn(() => cp.end());\n    })\n});\nconst listener = () => {\n    // ignore\n};\ndevice.on('test', listener);\nassert.deepStrictEqual(device.eventNames(), ['test']);\ndevice.off('test', listener);",
                  "err": {},
                  "uuid": "e8ae6c84-e1dc-43fa-a868-f8e58b7dec8e",
                  "parentUUID": "fef397e4-de07-4d22-b642-9049dbbf1056",
                  "isHook": false,
                  "skipped": false
                }
              ],
              "suites": [],
              "passes": [
                "e8ae6c84-e1dc-43fa-a868-f8e58b7dec8e"
              ],
              "failures": [],
              "pending": [],
              "skipped": [],
              "duration": 0,
              "root": false,
              "rootEmpty": false,
              "_timeout": 2000
            },
            {
              "uuid": "6d584246-da7a-4887-b25d-d6107d6fffda",
              "title": "getMaxListeners()",
              "fullFile": "/home/runner/work/node-pyatv/node-pyatv/test/device-events.ts",
              "file": "/test/device-events.ts",
              "beforeHooks": [],
              "afterHooks": [],
              "tests": [
                {
                  "title": "should work",
                  "fullTitle": "NodePyATVDeviceEvents getMaxListeners() should work",
                  "timedOut": false,
                  "duration": 0,
                  "state": "passed",
                  "speed": "fast",
                  "pass": true,
                  "fail": false,
                  "pending": false,
                  "context": null,
                  "code": "const device = new NodePyATVDevice({\n    name: 'My Testdevice',\n    host: '192.168.178.2',\n    spawn: createFakeSpawn(cp => {\n        cp.onStdIn(() => cp.end());\n    })\n});\nconst result = device.getMaxListeners();\nassert.ok(typeof result, 'number');\nassert.ok(result >= 10);",
                  "err": {},
                  "uuid": "12e67a6b-9145-4cc8-b38b-066ae8e51ea1",
                  "parentUUID": "6d584246-da7a-4887-b25d-d6107d6fffda",
                  "isHook": false,
                  "skipped": false
                }
              ],
              "suites": [],
              "passes": [
                "12e67a6b-9145-4cc8-b38b-066ae8e51ea1"
              ],
              "failures": [],
              "pending": [],
              "skipped": [],
              "duration": 0,
              "root": false,
              "rootEmpty": false,
              "_timeout": 2000
            },
            {
              "uuid": "35c195e7-864f-49c4-bc3b-7b243cfee079",
              "title": "listenerCount()",
              "fullFile": "/home/runner/work/node-pyatv/node-pyatv/test/device-events.ts",
              "file": "/test/device-events.ts",
              "beforeHooks": [],
              "afterHooks": [],
              "tests": [
                {
                  "title": "should work",
                  "fullTitle": "NodePyATVDeviceEvents listenerCount() should work",
                  "timedOut": false,
                  "duration": 0,
                  "state": "passed",
                  "speed": "fast",
                  "pass": true,
                  "fail": false,
                  "pending": false,
                  "context": null,
                  "code": "const device = new NodePyATVDevice({\n    name: 'My Testdevice',\n    host: '192.168.178.2',\n    spawn: createFakeSpawn(cp => {\n        cp.onStdIn(() => cp.end());\n    })\n});\nconst listener = () => {\n    // ignore\n};\nassert.deepStrictEqual(device.listenerCount('test'), 0);\ndevice.on('test', listener);\nassert.deepStrictEqual(device.listenerCount('test'), 1);\ndevice.off('test', listener);",
                  "err": {},
                  "uuid": "5b979452-8d7e-4f62-b480-9619616ca4e0",
                  "parentUUID": "35c195e7-864f-49c4-bc3b-7b243cfee079",
                  "isHook": false,
                  "skipped": false
                }
              ],
              "suites": [],
              "passes": [
                "5b979452-8d7e-4f62-b480-9619616ca4e0"
              ],
              "failures": [],
              "pending": [],
              "skipped": [],
              "duration": 0,
              "root": false,
              "rootEmpty": false,
              "_timeout": 2000
            },
            {
              "uuid": "e883cc0a-f7f1-4587-879c-cd1ebe821ede",
              "title": "listeners()",
              "fullFile": "/home/runner/work/node-pyatv/node-pyatv/test/device-events.ts",
              "file": "/test/device-events.ts",
              "beforeHooks": [],
              "afterHooks": [],
              "tests": [
                {
                  "title": "should work",
                  "fullTitle": "NodePyATVDeviceEvents listeners() should work",
                  "timedOut": false,
                  "duration": 0,
                  "state": "passed",
                  "speed": "fast",
                  "pass": true,
                  "fail": false,
                  "pending": false,
                  "context": null,
                  "code": "const device = new NodePyATVDevice({\n    name: 'My Testdevice',\n    host: '192.168.178.2',\n    spawn: createFakeSpawn(cp => {\n        cp.onStdIn(() => cp.end());\n    })\n});\nconst listener = () => {\n    // ignore\n};\nassert.deepStrictEqual(device.listeners('test').length, 0);\ndevice.on('test', listener);\nassert.deepStrictEqual(device.listeners('test').length, 1);\nassert.deepStrictEqual(device.listeners('test')[0], listener);\ndevice.off('test', listener);",
                  "err": {},
                  "uuid": "19b223ad-f434-4ec7-a439-98b2a6136580",
                  "parentUUID": "e883cc0a-f7f1-4587-879c-cd1ebe821ede",
                  "isHook": false,
                  "skipped": false
                }
              ],
              "suites": [],
              "passes": [
                "19b223ad-f434-4ec7-a439-98b2a6136580"
              ],
              "failures": [],
              "pending": [],
              "skipped": [],
              "duration": 0,
              "root": false,
              "rootEmpty": false,
              "_timeout": 2000
            },
            {
              "uuid": "b23ddb4d-2174-41c2-ab1b-2220ea845605",
              "title": "prependListener()",
              "fullFile": "/home/runner/work/node-pyatv/node-pyatv/test/device-events.ts",
              "file": "/test/device-events.ts",
              "beforeHooks": [],
              "afterHooks": [],
              "tests": [
                {
                  "title": "should work",
                  "fullTitle": "NodePyATVDeviceEvents prependListener() should work",
                  "timedOut": false,
                  "duration": 1,
                  "state": "passed",
                  "speed": "fast",
                  "pass": true,
                  "fail": false,
                  "pending": false,
                  "context": null,
                  "code": "const device = new NodePyATVDevice({\n    name: 'My Testdevice',\n    host: '192.168.178.2',\n    spawn: createFakeSpawn(cp => {\n        cp.onStdIn(() => cp.end());\n        cp.stdout({\n            result: 'success',\n            title: 'My Movie'\n        });\n    })\n});\nconst listener = () => {\n    device.removeAllListeners('update');\n    done();\n};\ndevice.prependListener('update', listener);",
                  "err": {},
                  "uuid": "1e0ee8d4-3a35-479e-a81d-fe39a8f06c9b",
                  "parentUUID": "b23ddb4d-2174-41c2-ab1b-2220ea845605",
                  "isHook": false,
                  "skipped": false
                }
              ],
              "suites": [],
              "passes": [
                "1e0ee8d4-3a35-479e-a81d-fe39a8f06c9b"
              ],
              "failures": [],
              "pending": [],
              "skipped": [],
              "duration": 1,
              "root": false,
              "rootEmpty": false,
              "_timeout": 2000
            },
            {
              "uuid": "e9af7c71-7a43-493e-8c2d-e82738e9872b",
              "title": "prependOnceListener()",
              "fullFile": "/home/runner/work/node-pyatv/node-pyatv/test/device-events.ts",
              "file": "/test/device-events.ts",
              "beforeHooks": [],
              "afterHooks": [],
              "tests": [
                {
                  "title": "should work",
                  "fullTitle": "NodePyATVDeviceEvents prependOnceListener() should work",
                  "timedOut": false,
                  "duration": 2,
                  "state": "passed",
                  "speed": "fast",
                  "pass": true,
                  "fail": false,
                  "pending": false,
                  "context": null,
                  "code": "const device = new NodePyATVDevice({\n    name: 'My Testdevice',\n    host: '192.168.178.2',\n    spawn: createFakeSpawn(cp => {\n        cp.onStdIn(() => cp.end());\n        cp.stdout({\n            result: 'success',\n            title: 'My Movie'\n        });\n    })\n});\ndevice.prependOnceListener('update', () => done());",
                  "err": {},
                  "uuid": "0ad2f2fe-f72b-4651-bd3e-01d137ce0eda",
                  "parentUUID": "e9af7c71-7a43-493e-8c2d-e82738e9872b",
                  "isHook": false,
                  "skipped": false
                }
              ],
              "suites": [],
              "passes": [
                "0ad2f2fe-f72b-4651-bd3e-01d137ce0eda"
              ],
              "failures": [],
              "pending": [],
              "skipped": [],
              "duration": 2,
              "root": false,
              "rootEmpty": false,
              "_timeout": 2000
            },
            {
              "uuid": "c09ee673-3642-41f8-bfc4-96388e1c3489",
              "title": "rawListeners()",
              "fullFile": "/home/runner/work/node-pyatv/node-pyatv/test/device-events.ts",
              "file": "/test/device-events.ts",
              "beforeHooks": [],
              "afterHooks": [],
              "tests": [
                {
                  "title": "should work",
                  "fullTitle": "NodePyATVDeviceEvents rawListeners() should work",
                  "timedOut": false,
                  "duration": 0,
                  "state": "passed",
                  "speed": "fast",
                  "pass": true,
                  "fail": false,
                  "pending": false,
                  "context": null,
                  "code": "const device = new NodePyATVDevice({\n    name: 'My Testdevice',\n    host: '192.168.178.2',\n    spawn: createFakeSpawn(cp => {\n        cp.onStdIn(() => cp.end());\n    })\n});\nconst listener = () => {\n    // ignore\n};\nassert.deepStrictEqual(device.rawListeners('test').length, 0);\ndevice.on('test', listener);\nassert.deepStrictEqual(device.rawListeners('test').length, 1);\nassert.deepStrictEqual(device.rawListeners('test')[0], listener);\ndevice.off('test', listener);",
                  "err": {},
                  "uuid": "64ce0839-22e7-4bc4-8a0c-b2247051708c",
                  "parentUUID": "c09ee673-3642-41f8-bfc4-96388e1c3489",
                  "isHook": false,
                  "skipped": false
                }
              ],
              "suites": [],
              "passes": [
                "64ce0839-22e7-4bc4-8a0c-b2247051708c"
              ],
              "failures": [],
              "pending": [],
              "skipped": [],
              "duration": 0,
              "root": false,
              "rootEmpty": false,
              "_timeout": 2000
            },
            {
              "uuid": "e7a29853-f2fe-4b11-9d9d-eeb622d5eaaf",
              "title": "removeListener()",
              "fullFile": "/home/runner/work/node-pyatv/node-pyatv/test/device-events.ts",
              "file": "/test/device-events.ts",
              "beforeHooks": [],
              "afterHooks": [],
              "tests": [
                {
                  "title": "should work without any exceptions",
                  "fullTitle": "NodePyATVDeviceEvents removeListener() should work without any exceptions",
                  "timedOut": false,
                  "duration": 0,
                  "state": "passed",
                  "speed": "fast",
                  "pass": true,
                  "fail": false,
                  "pending": false,
                  "context": null,
                  "code": "return __awaiter(this, void 0, void 0, function* () {\n    const device = new NodePyATVDevice({\n        name: 'My Testdevice',\n        host: '192.168.178.2',\n        spawn: createFakeSpawn(cp => {\n            cp.onStdIn(() => cp.end());\n            cp.stdout({\n                result: 'success',\n                title: 'My Movie'\n            });\n        })\n    });\n    const listener = () => {\n        // empty listener\n    };\n    device.addListener('update', listener);\n    assert.deepStrictEqual(device.listenerCount('update'), 1);\n    device.removeListener('update', listener);\n    assert.deepStrictEqual(device.listenerCount('update'), 0);\n});",
                  "err": {},
                  "uuid": "c339331d-6902-4093-a874-bb07103568d2",
                  "parentUUID": "e7a29853-f2fe-4b11-9d9d-eeb622d5eaaf",
                  "isHook": false,
                  "skipped": false
                }
              ],
              "suites": [],
              "passes": [
                "c339331d-6902-4093-a874-bb07103568d2"
              ],
              "failures": [],
              "pending": [],
              "skipped": [],
              "duration": 0,
              "root": false,
              "rootEmpty": false,
              "_timeout": 2000
            }
          ],
          "passes": [],
          "failures": [],
          "pending": [],
          "skipped": [],
          "duration": 0,
          "root": false,
          "rootEmpty": false,
          "_timeout": 2000
        },
        {
          "uuid": "8cd71119-a4c9-4daa-81fc-74b739629faf",
          "title": "NodePyATVDevice",
          "fullFile": "/home/runner/work/node-pyatv/node-pyatv/test/device.ts",
          "file": "/test/device.ts",
          "beforeHooks": [],
          "afterHooks": [],
          "tests": [],
          "suites": [
            {
              "uuid": "0e010fed-0f41-4017-bcba-f0033cd9b591",
              "title": "get name()",
              "fullFile": "/home/runner/work/node-pyatv/node-pyatv/test/device.ts",
              "file": "/test/device.ts",
              "beforeHooks": [],
              "afterHooks": [],
              "tests": [
                {
                  "title": "should return the name",
                  "fullTitle": "NodePyATVDevice get name() should return the name",
                  "timedOut": false,
                  "duration": 0,
                  "state": "passed",
                  "speed": "fast",
                  "pass": true,
                  "fail": false,
                  "pending": false,
                  "context": null,
                  "code": "const device = new NodePyATVDevice({\n    name: 'My Testdevice',\n    host: '192.168.178.2'\n});\nassert.strictEqual(device.name, 'My Testdevice');",
                  "err": {},
                  "uuid": "6a3e21ef-fe0e-403e-b652-8b720d58620e",
                  "parentUUID": "0e010fed-0f41-4017-bcba-f0033cd9b591",
                  "isHook": false,
                  "skipped": false
                }
              ],
              "suites": [],
              "passes": [
                "6a3e21ef-fe0e-403e-b652-8b720d58620e"
              ],
              "failures": [],
              "pending": [],
              "skipped": [],
              "duration": 0,
              "root": false,
              "rootEmpty": false,
              "_timeout": 2000
            },
            {
              "uuid": "e7d9041e-6273-421b-97c2-0f87fc56d81b",
              "title": "get host()",
              "fullFile": "/home/runner/work/node-pyatv/node-pyatv/test/device.ts",
              "file": "/test/device.ts",
              "beforeHooks": [],
              "afterHooks": [],
              "tests": [
                {
                  "title": "should return the host",
                  "fullTitle": "NodePyATVDevice get host() should return the host",
                  "timedOut": false,
                  "duration": 1,
                  "state": "passed",
                  "speed": "fast",
                  "pass": true,
                  "fail": false,
                  "pending": false,
                  "context": null,
                  "code": "const device = new NodePyATVDevice({\n    name: 'My Testdevice',\n    host: '192.168.178.2'\n});\nassert.strictEqual(device.host, '192.168.178.2');",
                  "err": {},
                  "uuid": "1f407ad5-60e4-42ba-8985-2fd37ff21987",
                  "parentUUID": "e7d9041e-6273-421b-97c2-0f87fc56d81b",
                  "isHook": false,
                  "skipped": false
                }
              ],
              "suites": [],
              "passes": [
                "1f407ad5-60e4-42ba-8985-2fd37ff21987"
              ],
              "failures": [],
              "pending": [],
              "skipped": [],
              "duration": 1,
              "root": false,
              "rootEmpty": false,
              "_timeout": 2000
            },
            {
              "uuid": "6afd1d14-4a41-4b2f-8ef9-72ffccef0954",
              "title": "get id()",
              "fullFile": "/home/runner/work/node-pyatv/node-pyatv/test/device.ts",
              "file": "/test/device.ts",
              "beforeHooks": [],
              "afterHooks": [],
              "tests": [
                {
                  "title": "should return the id",
                  "fullTitle": "NodePyATVDevice get id() should return the id",
                  "timedOut": false,
                  "duration": 0,
                  "state": "passed",
                  "speed": "fast",
                  "pass": true,
                  "fail": false,
                  "pending": false,
                  "context": null,
                  "code": "const device = new NodePyATVDevice({\n    name: 'My Testdevice',\n    host: '192.168.178.2',\n    id: '*****'\n});\nassert.strictEqual(device.id, '*****');",
                  "err": {},
                  "uuid": "71156bc5-8155-41da-9c70-7b513ec9d8d0",
                  "parentUUID": "6afd1d14-4a41-4b2f-8ef9-72ffccef0954",
                  "isHook": false,
                  "skipped": false
                }
              ],
              "suites": [],
              "passes": [
                "71156bc5-8155-41da-9c70-7b513ec9d8d0"
              ],
              "failures": [],
              "pending": [],
              "skipped": [],
              "duration": 0,
              "root": false,
              "rootEmpty": false,
              "_timeout": 2000
            },
            {
              "uuid": "7893c71f-9805-4ca6-968a-baa494394117",
              "title": "get allIDs()",
              "fullFile": "/home/runner/work/node-pyatv/node-pyatv/test/device.ts",
              "file": "/test/device.ts",
              "beforeHooks": [],
              "afterHooks": [],
              "tests": [
                {
                  "title": "should return all the IDs",
                  "fullTitle": "NodePyATVDevice get allIDs() should return all the IDs",
                  "timedOut": false,
                  "duration": 0,
                  "state": "passed",
                  "speed": "fast",
                  "pass": true,
                  "fail": false,
                  "pending": false,
                  "context": null,
                  "code": "const device = new NodePyATVDevice({\n    name: 'My Testdevice',\n    host: '192.168.178.2',\n    id: '*****',\n    allIDs: [\n        'some_id_1',\n        'some_id_2',\n        'some_id_3',\n    ]\n});\nassert.deepStrictEqual(device.allIDs, [\n    'some_id_1',\n    'some_id_2',\n    'some_id_3',\n]);",
                  "err": {},
                  "uuid": "735f953b-a84d-4ce8-b980-01c202777863",
                  "parentUUID": "7893c71f-9805-4ca6-968a-baa494394117",
                  "isHook": false,
                  "skipped": false
                }
              ],
              "suites": [],
              "passes": [
                "735f953b-a84d-4ce8-b980-01c202777863"
              ],
              "failures": [],
              "pending": [],
              "skipped": [],
              "duration": 0,
              "root": false,
              "rootEmpty": false,
              "_timeout": 2000
            },
            {
              "uuid": "cc497d9a-2e92-4877-b2de-199777faddb8",
              "title": "get protocol()",
              "fullFile": "/home/runner/work/node-pyatv/node-pyatv/test/device.ts",
              "file": "/test/device.ts",
              "beforeHooks": [],
              "afterHooks": [],
              "tests": [
                {
                  "title": "should return the protocol",
                  "fullTitle": "NodePyATVDevice get protocol() should return the protocol",
                  "timedOut": false,
                  "duration": 0,
                  "state": "passed",
                  "speed": "fast",
                  "pass": true,
                  "fail": false,
                  "pending": false,
                  "context": null,
                  "code": "const device = new NodePyATVDevice({\n    name: 'My Testdevice',\n    host: '192.168.178.2',\n    protocol: NodePyATVProtocol.airplay\n});\nassert.strictEqual(device.protocol, NodePyATVProtocol.airplay);",
                  "err": {},
                  "uuid": "c0d7a122-3d75-4df3-b233-19b9cf4b9d3e",
                  "parentUUID": "cc497d9a-2e92-4877-b2de-199777faddb8",
                  "isHook": false,
                  "skipped": false
                }
              ],
              "suites": [],
              "passes": [
                "c0d7a122-3d75-4df3-b233-19b9cf4b9d3e"
              ],
              "failures": [],
              "pending": [],
              "skipped": [],
              "duration": 0,
              "root": false,
              "rootEmpty": false,
              "_timeout": 2000
            },
            {
              "uuid": "d5f71991-5bc1-46e2-8a50-0c130f04a650",
              "title": "get mac()",
              "fullFile": "/home/runner/work/node-pyatv/node-pyatv/test/device.ts",
              "file": "/test/device.ts",
              "beforeHooks": [],
              "afterHooks": [],
              "tests": [
                {
                  "title": "should return the mac",
                  "fullTitle": "NodePyATVDevice get mac() should return the mac",
                  "timedOut": false,
                  "duration": 0,
                  "state": "passed",
                  "speed": "fast",
                  "pass": true,
                  "fail": false,
                  "pending": false,
                  "context": null,
                  "code": "const device = new NodePyATVDevice({\n    name: 'My Testdevice',\n    host: '192.168.178.2',\n    mac: 'AA:BB:CC:DD:EE:FF'\n});\nassert.strictEqual(device.mac, 'AA:BB:CC:DD:EE:FF');",
                  "err": {},
                  "uuid": "c2cd7659-5219-4a76-841f-1dd80319d134",
                  "parentUUID": "d5f71991-5bc1-46e2-8a50-0c130f04a650",
                  "isHook": false,
                  "skipped": false
                }
              ],
              "suites": [],
              "passes": [
                "c2cd7659-5219-4a76-841f-1dd80319d134"
              ],
              "failures": [],
              "pending": [],
              "skipped": [],
              "duration": 0,
              "root": false,
              "rootEmpty": false,
              "_timeout": 2000
            },
            {
              "uuid": "383f4338-a099-4a71-b449-161f44a1c673",
              "title": "get model()",
              "fullFile": "/home/runner/work/node-pyatv/node-pyatv/test/device.ts",
              "file": "/test/device.ts",
              "beforeHooks": [],
              "afterHooks": [],
              "tests": [
                {
                  "title": "should return the model if set by scan",
                  "fullTitle": "NodePyATVDevice get model() should return the model if set by scan",
                  "timedOut": false,
                  "duration": 0,
                  "state": "passed",
                  "speed": "fast",
                  "pass": true,
                  "fail": false,
                  "pending": false,
                  "context": null,
                  "code": "const device = new NodePyATVDevice({\n    name: 'Vardagsrum',\n    host: '10.0.10.81',\n    id: 'xxx',\n    model: 'Gen4K'\n});\nassert.strictEqual(device.model, 'Gen4K');",
                  "err": {},
                  "uuid": "31ab277b-4daa-4cb5-afe0-ae7f7738c50a",
                  "parentUUID": "383f4338-a099-4a71-b449-161f44a1c673",
                  "isHook": false,
                  "skipped": false
                },
                {
                  "title": "should return undefined otherwise",
                  "fullTitle": "NodePyATVDevice get model() should return undefined otherwise",
                  "timedOut": false,
                  "duration": 0,
                  "state": "passed",
                  "speed": "fast",
                  "pass": true,
                  "fail": false,
                  "pending": false,
                  "context": null,
                  "code": "const device = new NodePyATVDevice({\n    name: 'Vardagsrum',\n    host: '10.0.10.81'\n});\nassert.strictEqual(device.model, undefined);",
                  "err": {},
                  "uuid": "920c9718-7971-427c-a056-002204259d2e",
                  "parentUUID": "383f4338-a099-4a71-b449-161f44a1c673",
                  "isHook": false,
                  "skipped": false
                }
              ],
              "suites": [],
              "passes": [
                "31ab277b-4daa-4cb5-afe0-ae7f7738c50a",
                "920c9718-7971-427c-a056-002204259d2e"
              ],
              "failures": [],
              "pending": [],
              "skipped": [],
              "duration": 0,
              "root": false,
              "rootEmpty": false,
              "_timeout": 2000
            },
            {
              "uuid": "98234c94-f46f-45cc-b610-97749b9a783d",
              "title": "get modelName()",
              "fullFile": "/home/runner/work/node-pyatv/node-pyatv/test/device.ts",
              "file": "/test/device.ts",
              "beforeHooks": [],
              "afterHooks": [],
              "tests": [
                {
                  "title": "should return the model name if set by scan",
                  "fullTitle": "NodePyATVDevice get modelName() should return the model name if set by scan",
                  "timedOut": false,
                  "duration": 0,
                  "state": "passed",
                  "speed": "fast",
                  "pass": true,
                  "fail": false,
                  "pending": false,
                  "context": null,
                  "code": "const device = new NodePyATVDevice({\n    name: 'Vardagsrum',\n    host: '10.0.10.81',\n    id: 'xxx',\n    modelName: 'Apple TV 4K'\n});\nassert.strictEqual(device.modelName, 'Apple TV 4K');",
                  "err": {},
                  "uuid": "bd303e3d-d341-4dc3-9a8d-a86e56cabc47",
                  "parentUUID": "98234c94-f46f-45cc-b610-97749b9a783d",
                  "isHook": false,
                  "skipped": false
                },
                {
                  "title": "should return undefined otherwise",
                  "fullTitle": "NodePyATVDevice get modelName() should return undefined otherwise",
                  "timedOut": false,
                  "duration": 0,
                  "state": "passed",
                  "speed": "fast",
                  "pass": true,
                  "fail": false,
                  "pending": false,
                  "context": null,
                  "code": "const device = new NodePyATVDevice({\n    name: 'Vardagsrum',\n    host: '10.0.10.81'\n});\nassert.strictEqual(device.modelName, undefined);",
                  "err": {},
                  "uuid": "b3fe0e15-2bcb-491e-92eb-5b15bc8f9b3b",
                  "parentUUID": "98234c94-f46f-45cc-b610-97749b9a783d",
                  "isHook": false,
                  "skipped": false
                }
              ],
              "suites": [],
              "passes": [
                "bd303e3d-d341-4dc3-9a8d-a86e56cabc47",
                "b3fe0e15-2bcb-491e-92eb-5b15bc8f9b3b"
              ],
              "failures": [],
              "pending": [],
              "skipped": [],
              "duration": 0,
              "root": false,
              "rootEmpty": false,
              "_timeout": 2000
            },
            {
              "uuid": "0e03c541-7033-4f4a-af46-28063ccae997",
              "title": "get os()",
              "fullFile": "/home/runner/work/node-pyatv/node-pyatv/test/device.ts",
              "file": "/test/device.ts",
              "beforeHooks": [],
              "afterHooks": [],
              "tests": [
                {
                  "title": "should return the operating system if set by scan",
                  "fullTitle": "NodePyATVDevice get os() should return the operating system if set by scan",
                  "timedOut": false,
                  "duration": 0,
                  "state": "passed",
                  "speed": "fast",
                  "pass": true,
                  "fail": false,
                  "pending": false,
                  "context": null,
                  "code": "const device = new NodePyATVDevice({\n    name: 'Vardagsrum',\n    host: '10.0.10.81',\n    id: 'xxx',\n    os: 'TvOS'\n});\nassert.strictEqual(device.os, 'TvOS');",
                  "err": {},
                  "uuid": "9e2a189b-7f2a-4a82-b6cf-b949cf548fdb",
                  "parentUUID": "0e03c541-7033-4f4a-af46-28063ccae997",
                  "isHook": false,
                  "skipped": false
                },
                {
                  "title": "should return undefined otherwise",
                  "fullTitle": "NodePyATVDevice get os() should return undefined otherwise",
                  "timedOut": false,
                  "duration": 0,
                  "state": "passed",
                  "speed": "fast",
                  "pass": true,
                  "fail": false,
                  "pending": false,
                  "context": null,
                  "code": "const device = new NodePyATVDevice({\n    name: 'Vardagsrum',\n    host: '10.0.10.81'\n});\nassert.strictEqual(device.os, undefined);",
                  "err": {},
                  "uuid": "f49bce67-39b0-430e-8566-b9d06194bcba",
                  "parentUUID": "0e03c541-7033-4f4a-af46-28063ccae997",
                  "isHook": false,
                  "skipped": false
                }
              ],
              "suites": [],
              "passes": [
                "9e2a189b-7f2a-4a82-b6cf-b949cf548fdb",
                "f49bce67-39b0-430e-8566-b9d06194bcba"
              ],
              "failures": [],
              "pending": [],
              "skipped": [],
              "duration": 0,
              "root": false,
              "rootEmpty": false,
              "_timeout": 2000
            },
            {
              "uuid": "34003318-4ef1-4b61-9a51-3aa0ab2c8231",
              "title": "get version()",
              "fullFile": "/home/runner/work/node-pyatv/node-pyatv/test/device.ts",
              "file": "/test/device.ts",
              "beforeHooks": [],
              "afterHooks": [],
              "tests": [
                {
                  "title": "should return the version if set by scan",
                  "fullTitle": "NodePyATVDevice get version() should return the version if set by scan",
                  "timedOut": false,
                  "duration": 0,
                  "state": "passed",
                  "speed": "fast",
                  "pass": true,
                  "fail": false,
                  "pending": false,
                  "context": null,
                  "code": "const device = new NodePyATVDevice({\n    name: 'Vardagsrum',\n    host: '10.0.10.81',\n    id: 'xxx',\n    version: '15.5.1'\n});\nassert.strictEqual(device.version, '15.5.1');",
                  "err": {},
                  "uuid": "edcf7d52-3d8c-4dd6-b3b7-61d67c666597",
                  "parentUUID": "34003318-4ef1-4b61-9a51-3aa0ab2c8231",
                  "isHook": false,
                  "skipped": false
                },
                {
                  "title": "should return undefined otherwise",
                  "fullTitle": "NodePyATVDevice get version() should return undefined otherwise",
                  "timedOut": false,
                  "duration": 0,
                  "state": "passed",
                  "speed": "fast",
                  "pass": true,
                  "fail": false,
                  "pending": false,
                  "context": null,
                  "code": "const device = new NodePyATVDevice({\n    name: 'Vardagsrum',\n    host: '10.0.10.81'\n});\nassert.strictEqual(device.version, undefined);",
                  "err": {},
                  "uuid": "b7e264a9-3154-45bd-b7c8-ed9148b81461",
                  "parentUUID": "34003318-4ef1-4b61-9a51-3aa0ab2c8231",
                  "isHook": false,
                  "skipped": false
                }
              ],
              "suites": [],
              "passes": [
                "edcf7d52-3d8c-4dd6-b3b7-61d67c666597",
                "b7e264a9-3154-45bd-b7c8-ed9148b81461"
              ],
              "failures": [],
              "pending": [],
              "skipped": [],
              "duration": 0,
              "root": false,
              "rootEmpty": false,
              "_timeout": 2000
            },
            {
              "uuid": "2270955f-cc8f-4099-8f59-ecb2dd3faf74",
              "title": "get services()",
              "fullFile": "/home/runner/work/node-pyatv/node-pyatv/test/device.ts",
              "file": "/test/device.ts",
              "beforeHooks": [],
              "afterHooks": [],
              "tests": [
                {
                  "title": "should return the services if set by scan",
                  "fullTitle": "NodePyATVDevice get services() should return the services if set by scan",
                  "timedOut": false,
                  "duration": 0,
                  "state": "passed",
                  "speed": "fast",
                  "pass": true,
                  "fail": false,
                  "pending": false,
                  "context": null,
                  "code": "const device = new NodePyATVDevice({\n    name: 'Vardagsrum',\n    host: '10.0.10.81',\n    id: 'xxx',\n    services: [\n        {\n            protocol: NodePyATVProtocol.mrp,\n            port: 49152\n        },\n        {\n            protocol: NodePyATVProtocol.airplay,\n            port: 7000\n        }\n    ]\n});\nassert.deepStrictEqual(device.services, [\n    {\n        protocol: 'mrp',\n        port: 49152\n    },\n    {\n        protocol: 'airplay',\n        port: 7000\n    }\n]);",
                  "err": {},
                  "uuid": "d206ad61-5f27-45b2-9f86-ee4b988c2868",
                  "parentUUID": "2270955f-cc8f-4099-8f59-ecb2dd3faf74",
                  "isHook": false,
                  "skipped": false
                },
                {
                  "title": "should return undefined otherwise",
[...]
                  "uuid": "5a9b54c0-37ee-4395-913b-747d7c63896b",
                  "parentUUID": "a751bcd3-dc4b-4bec-b52a-fde06ce9f770",
                  "isHook": false,
                  "skipped": false
                },
                {
                  "title": "should handle atvscriptPath if set",
                  "fullTitle": "Tools getExecutable() should handle atvscriptPath if set",
                  "timedOut": false,
                  "duration": 0,
                  "state": "passed",
                  "speed": "fast",
                  "pass": true,
                  "fail": false,
                  "pending": false,
                  "context": null,
                  "code": "const result = getExecutable(NodePyATVExecutableType.atvscript, {\n    atvremotePath: '/tmp/1',\n    atvscriptPath: '/tmp/2'\n});\nassert.strictEqual(result, '/tmp/2');",
                  "err": {},
                  "uuid": "1222ed39-1072-4cdc-94ec-331a07f75c29",
                  "parentUUID": "a751bcd3-dc4b-4bec-b52a-fde06ce9f770",
                  "isHook": false,
                  "skipped": false
                },
                {
                  "title": "should handle default for atvremote",
                  "fullTitle": "Tools getExecutable() should handle default for atvremote",
                  "timedOut": false,
                  "duration": 0,
                  "state": "passed",
                  "speed": "fast",
                  "pass": true,
                  "fail": false,
                  "pending": false,
                  "context": null,
                  "code": "const result = getExecutable(NodePyATVExecutableType.atvremote, {\n    atvscriptPath: '/tmp'\n});\nassert.strictEqual(result, 'atvremote');",
                  "err": {},
                  "uuid": "26239f63-dec6-41c4-a52f-1513287163bf",
                  "parentUUID": "a751bcd3-dc4b-4bec-b52a-fde06ce9f770",
                  "isHook": false,
                  "skipped": false
                },
                {
                  "title": "should handle default for atvscript",
                  "fullTitle": "Tools getExecutable() should handle default for atvscript",
                  "timedOut": false,
                  "duration": 0,
                  "state": "passed",
                  "speed": "fast",
                  "pass": true,
                  "fail": false,
                  "pending": false,
                  "context": null,
                  "code": "const result = getExecutable(NodePyATVExecutableType.atvscript, {\n    atvremotePath: '/tmp'\n});\nassert.strictEqual(result, 'atvscript');",
                  "err": {},
                  "uuid": "43cce3b9-dd88-4879-9023-f14f9cf7ffc4",
                  "parentUUID": "a751bcd3-dc4b-4bec-b52a-fde06ce9f770",
                  "isHook": false,
                  "skipped": false
                }
              ],
              "suites": [],
              "passes": [
                "5a9b54c0-37ee-4395-913b-747d7c63896b",
                "1222ed39-1072-4cdc-94ec-331a07f75c29",
                "26239f63-dec6-41c4-a52f-1513287163bf",
                "43cce3b9-dd88-4879-9023-f14f9cf7ffc4"
              ],
              "failures": [],
              "pending": [],
              "skipped": [],
              "duration": 0,
              "root": false,
              "rootEmpty": false,
              "_timeout": 2000
            },
            {
              "uuid": "36ac19c6-4bf4-4555-b0f0-3a4fc9df579b",
              "title": "getParameters()",
              "fullFile": "/home/runner/work/node-pyatv/node-pyatv/test/tools.ts",
              "file": "/test/tools.ts",
              "beforeHooks": [],
              "afterHooks": [],
              "tests": [
                {
                  "title": "empty case",
                  "fullTitle": "Tools getParameters() empty case",
                  "timedOut": false,
                  "duration": 0,
                  "state": "passed",
                  "speed": "fast",
                  "pass": true,
                  "fail": false,
                  "pending": false,
                  "context": null,
                  "code": "return __awaiter(this, void 0, void 0, function* () {\n    const result = yield getParameters();\n    assert.deepEqual(result, []);\n});",
                  "err": {},
                  "uuid": "dfb04ef4-9f4c-4cf3-a507-dd55f4b929cd",
                  "parentUUID": "36ac19c6-4bf4-4555-b0f0-3a4fc9df579b",
                  "isHook": false,
                  "skipped": false
                },
                {
                  "title": "easy case",
                  "fullTitle": "Tools getParameters() easy case",
                  "timedOut": false,
                  "duration": 1,
                  "state": "passed",
                  "speed": "fast",
                  "pass": true,
                  "fail": false,
                  "pending": false,
                  "context": null,
                  "code": "return __awaiter(this, void 0, void 0, function* () {\n    const result = yield getParameters({\n        host: '192.168.178.2'\n    });\n    assert.deepEqual(result, ['-s', '192.168.178.2']);\n});",
                  "err": {},
                  "uuid": "aa838154-a4d0-4734-bf3e-4f321c8cb15f",
                  "parentUUID": "36ac19c6-4bf4-4555-b0f0-3a4fc9df579b",
                  "isHook": false,
                  "skipped": false
                },
                {
                  "title": "full case",
                  "fullTitle": "Tools getParameters() full case",
                  "timedOut": false,
                  "duration": 0,
                  "state": "passed",
                  "speed": "fast",
                  "pass": true,
                  "fail": false,
                  "pending": false,
                  "context": null,
                  "code": "return __awaiter(this, void 0, void 0, function* () {\n    const result = yield getParameters({\n        hosts: ['192.168.178.2', '192.168.178.3'],\n        id: '****',\n        protocol: NodePyATVProtocol.mrp,\n        dmapCredentials: '****',\n        mrpCredentials: '****',\n        airplayCredentials: '****',\n        companionCredentials: '1234',\n        raopCredentials: '::foo:'\n    });\n    assert.deepEqual(result, [\n        '-s', '192.168.178.2,192.168.178.3',\n        '-i', '****',\n        '--protocol', 'mrp',\n        '--dmap-credentials', '****',\n        '--mrp-credentials', '****',\n        '--airplay-credentials', '****',\n        '--companion-credentials', '1234',\n        '--raop-credentials', '::foo:'\n    ]);\n});",
                  "err": {},
                  "uuid": "ca69a8a1-829f-4e50-98c6-3205eb7d4293",
                  "parentUUID": "36ac19c6-4bf4-4555-b0f0-3a4fc9df579b",
                  "isHook": false,
                  "skipped": false
                }
              ],
              "suites": [],
              "passes": [
                "dfb04ef4-9f4c-4cf3-a507-dd55f4b929cd",
                "aa838154-a4d0-4734-bf3e-4f321c8cb15f",
                "ca69a8a1-829f-4e50-98c6-3205eb7d4293"
              ],
              "failures": [],
              "pending": [],
              "skipped": [],
              "duration": 1,
              "root": false,
              "rootEmpty": false,
              "_timeout": 2000
            },
            {
              "uuid": "f6b0ec85-68e8-4e25-84e9-7b3eb322da8b",
              "title": "parseState()",
              "fullFile": "/home/runner/work/node-pyatv/node-pyatv/test/tools.ts",
              "file": "/test/tools.ts",
              "beforeHooks": [],
              "afterHooks": [],
              "tests": [
                {
                  "title": "should work with empty data",
                  "fullTitle": "Tools parseState() should work with empty data",
                  "timedOut": false,
                  "duration": 0,
                  "state": "passed",
                  "speed": "fast",
                  "pass": true,
                  "fail": false,
                  "pending": false,
                  "context": null,
                  "code": "const input = {};\nconst result = parseState(input, '', {});\nassert.deepStrictEqual(result, {\n    dateTime: null,\n    hash: null,\n    mediaType: null,\n    deviceState: null,\n    title: null,\n    artist: null,\n    album: null,\n    genre: null,\n    totalTime: null,\n    position: null,\n    shuffle: null,\n    repeat: null,\n    app: null,\n    appId: null,\n    powerState: null,\n    focusState: null,\n    volume: null,\n    outputDevices: null\n});",
                  "err": {},
                  "uuid": "27695a81-ae07-48bd-8c18-119036c75261",
                  "parentUUID": "f6b0ec85-68e8-4e25-84e9-7b3eb322da8b",
                  "isHook": false,
                  "skipped": false
                },
                {
                  "title": "should work without data",
                  "fullTitle": "Tools parseState() should work without data",
                  "timedOut": false,
                  "duration": 0,
                  "state": "passed",
                  "speed": "fast",
                  "pass": true,
                  "fail": false,
                  "pending": false,
                  "context": null,
                  "code": "// @ts-ignore\nconst result = parseState(null, '', {});\nassert.deepStrictEqual(result, {\n    dateTime: null,\n    hash: null,\n    mediaType: null,\n    deviceState: null,\n    title: null,\n    artist: null,\n    album: null,\n    genre: null,\n    totalTime: null,\n    position: null,\n    shuffle: null,\n    repeat: null,\n    app: null,\n    appId: null,\n    powerState: null,\n    focusState: null,\n    volume: null,\n    outputDevices: null\n});",
                  "err": {},
                  "uuid": "8047dee7-be09-4a81-9611-f114f029df42",
                  "parentUUID": "f6b0ec85-68e8-4e25-84e9-7b3eb322da8b",
                  "isHook": false,
                  "skipped": false
                },
                {
                  "title": "should work with example data",
                  "fullTitle": "Tools parseState() should work with example data",
                  "timedOut": false,
                  "duration": 0,
                  "state": "passed",
                  "speed": "fast",
                  "pass": true,
                  "fail": false,
                  "pending": false,
                  "context": null,
                  "code": "const input = {\n    result: 'success',\n    datetime: '2020-11-07T22:38:43.608030+01:00',\n    hash: '100e0ab6-6ff5-4199-9c04-a7107ff78712',\n    media_type: 'video',\n    device_state: 'playing',\n    title: 'Solo: A Star Wars Story',\n    artist: null,\n    album: null,\n    genre: null,\n    total_time: 8097,\n    position: 27,\n    shuffle: 'off',\n    repeat: 'off',\n    app: 'Disney+',\n    app_id: 'com.disney.disneyplus',\n    power_state: null,\n    focus_state: null,\n    volume: null,\n    output_devices: null\n};\nconst result = parseState(input, '', {});\nassert.deepStrictEqual(result, {\n    dateTime: new Date('2020-11-07T22:38:43.608030+01:00'),\n    hash: '100e0ab6-6ff5-4199-9c04-a7107ff78712',\n    mediaType: NodePyATVMediaType.video,\n    deviceState: NodePyATVDeviceState.playing,\n    title: 'Solo: A Star Wars Story',\n    artist: null,\n    album: null,\n    genre: null,\n    totalTime: 8097,\n    position: 27,\n    shuffle: NodePyATVShuffleState.off,\n    repeat: NodePyATVRepeatState.off,\n    app: 'Disney+',\n    appId: 'com.disney.disneyplus',\n    powerState: null,\n    focusState: null,\n    volume: null,\n    outputDevices: null\n});",
                  "err": {},
                  "uuid": "186ca2a3-438e-42bf-aed4-a9631447dd33",
                  "parentUUID": "f6b0ec85-68e8-4e25-84e9-7b3eb322da8b",
                  "isHook": false,
                  "skipped": false
                },
                {
                  "title": "should throw an error for pyatv exceptions",
                  "fullTitle": "Tools parseState() should throw an error for pyatv exceptions",
                  "timedOut": false,
                  "duration": 0,
                  "state": "passed",
                  "speed": "fast",
                  "pass": true,
                  "fail": false,
                  "pending": false,
                  "context": null,
                  "code": "const input = {\n    result: 'failure',\n    datetime: '2021-11-24T21:13:36.424576+03:00',\n    exception: 'invalid credentials: 321',\n    stacktrace: 'Traceback (most recent call last):\\n  File \\\"/Users/free/Library/Python/3.8/lib/python/site-packages/pyatv/scripts/atvscript.py\\\", line 302, in appstart\\n    print(args.output(await _handle_command(args, abort_sem, loop)), flush=True)\\n  File \\\"/Users/free/Library/Python/3.8/lib/python/site-packages/pyatv/scripts/atvscript.py\\\", line 196, in _handle_command\\n    atv = await connect(config, loop, protocol=Protocol.MRP)\\n  File \\\"/Users/free/Library/Python/3.8/lib/python/site-packages/pyatv/__init__.py\\\", line 96, in connect\\n    for setup_data in proto_methods.setup(\\n  File \\\"/Users/free/Library/Python/3.8/lib/python/site-packages/pyatv/protocols/airplay/__init__.py\\\", line 192, in setup\\n    stream = AirPlayStream(config, service)\\n  File \\\"/Users/free/Library/Python/3.8/lib/python/site-packages/pyatv/protocols/airplay/__init__.py\\\", line 79, in __init__\\n    self._credentials: HapCredentials = parse_credentials(self.service.credentials)\\n  File \\\"/Users/free/Library/Python/3.8/lib/python/site-packages/pyatv/auth/hap_pairing.py\\\", line 139, in parse_credentials\\n    raise exceptions.InvalidCredentialsError(\\\"invalid credentials: \\\" + detail_string)\\npyatv.exceptions.InvalidCredentialsError: invalid credentials: 321\\n'\n};\nassert.throws(() => {\n    parseState(input, '', {});\n}, /Got pyatv Error: invalid credentials: 321/);",
                  "err": {},
                  "uuid": "7c19da0a-9045-428a-bd16-124e50239411",
                  "parentUUID": "f6b0ec85-68e8-4e25-84e9-7b3eb322da8b",
                  "isHook": false,
                  "skipped": false
                },
                {
                  "title": "should ignore date if it's an invalid date",
                  "fullTitle": "Tools parseState() should ignore date if it's an invalid date",
                  "timedOut": false,
                  "duration": 0,
                  "state": "passed",
                  "speed": "fast",
                  "pass": true,
                  "fail": false,
                  "pending": false,
                  "context": null,
                  "code": "const input = { datetime: 'today' };\nconst result = parseState(input, '', {});\nassert.deepStrictEqual(result, {\n    dateTime: null,\n    hash: null,\n    mediaType: null,\n    deviceState: null,\n    title: null,\n    artist: null,\n    album: null,\n    genre: null,\n    totalTime: null,\n    position: null,\n    shuffle: null,\n    repeat: null,\n    app: null,\n    appId: null,\n    powerState: null,\n    focusState: null,\n    volume: null,\n    outputDevices: null\n});",
                  "err": {},
                  "uuid": "63411313-29f2-4bc0-9990-618d4cac1cb7",
                  "parentUUID": "f6b0ec85-68e8-4e25-84e9-7b3eb322da8b",
                  "isHook": false,
                  "skipped": false
                },
                {
                  "title": "should ignore data if unsupported type",
                  "fullTitle": "Tools parseState() should ignore data if unsupported type",
                  "timedOut": false,
                  "duration": 1,
                  "state": "passed",
                  "speed": "fast",
                  "pass": true,
                  "fail": false,
                  "pending": false,
                  "context": null,
                  "code": "const input = {\n    result: 'success',\n    datetime: true,\n    hash: 1337,\n    media_type: false,\n    device_state: 43,\n    title: undefined,\n    artist: 90,\n    album: Infinity,\n    genre: Math.PI,\n    total_time: '23min',\n    position: '0:30.123',\n    shuffle: false,\n    repeat: true,\n    app: 0,\n    app_id: 891645381647289,\n    power_state: null,\n    focus_state: null,\n    volume: null,\n    output_devices: null\n};\nconst result = parseState(input, '', {});\nassert.deepStrictEqual(result, {\n    dateTime: null,\n    hash: null,\n    mediaType: null,\n    deviceState: null,\n    title: null,\n    artist: null,\n    album: null,\n    genre: null,\n    totalTime: null,\n    position: null,\n    shuffle: null,\n    repeat: null,\n    app: null,\n    appId: null,\n    powerState: null,\n    focusState: null,\n    volume: null,\n    outputDevices: null\n});",
                  "err": {},
                  "uuid": "da7ed84a-c8b5-4364-95d7-3d8c1827e0be",
                  "parentUUID": "f6b0ec85-68e8-4e25-84e9-7b3eb322da8b",
                  "isHook": false,
                  "skipped": false
                },
                {
                  "title": "should ignore enums with unsupported valid",
                  "fullTitle": "Tools parseState() should ignore enums with unsupported valid",
                  "timedOut": false,
                  "duration": 0,
                  "state": "passed",
                  "speed": "fast",
                  "pass": true,
                  "fail": false,
                  "pending": false,
                  "context": null,
                  "code": "const input = {\n    media_type: '3d-experience',\n    device_state: 'initiating',\n    shuffle: 'everything',\n    repeat: 'nothing'\n};\nconst result = parseState(input, '', {});\nassert.deepStrictEqual(result, {\n    dateTime: null,\n    hash: null,\n    mediaType: null,\n    deviceState: null,\n    title: null,\n    artist: null,\n    album: null,\n    genre: null,\n    totalTime: null,\n    position: null,\n    shuffle: null,\n    repeat: null,\n    app: null,\n    appId: null,\n    powerState: null,\n    focusState: null,\n    volume: null,\n    outputDevices: null\n});",
                  "err": {},
                  "uuid": "c35519d3-daa5-427a-a056-bb82c85bc0c3",
                  "parentUUID": "f6b0ec85-68e8-4e25-84e9-7b3eb322da8b",
                  "isHook": false,
                  "skipped": false
                }
              ],
              "suites": [],
              "passes": [
                "27695a81-ae07-48bd-8c18-119036c75261",
                "8047dee7-be09-4a81-9611-f114f029df42",
                "186ca2a3-438e-42bf-aed4-a9631447dd33",
                "7c19da0a-9045-428a-bd16-124e50239411",
                "63411313-29f2-4bc0-9990-618d4cac1cb7",
                "da7ed84a-c8b5-4364-95d7-3d8c1827e0be",
                "c35519d3-daa5-427a-a056-bb82c85bc0c3"
              ],
              "failures": [],
              "pending": [],
              "skipped": [],
              "duration": 1,
              "root": false,
              "rootEmpty": false,
              "_timeout": 2000
            }
          ],
          "passes": [],
          "failures": [],
          "pending": [],
          "skipped": [],
          "duration": 0,
          "root": false,
          "rootEmpty": false,
          "_timeout": 2000
        }
      ],
      "passes": [],
      "failures": [],
      "pending": [],
      "skipped": [],
      "duration": 0,
      "root": true,
      "rootEmpty": true,
      "_timeout": 2000
    }
  ],
  "meta": {
    "mocha": {
      "version": "10.3.0"
    },
    "mochawesome": {
      "options": {
        "quiet": false,
        "reportFilename": "mochawesome",
        "saveHtml": true,
        "saveJson": true,
        "consoleReporter": "spec",
        "useInlineDiffs": false,
        "code": true
      },
      "version": "7.1.3"
    },
    "marge": {
      "options": null,
      "version": "6.2.0"
    }
  }
}