{
  "stats": {
    "suites": 101,
    "tests": 173,
    "passes": 171,
    "pending": 2,
    "failures": 0,
    "start": "2024-11-12T10:20:27.267Z",
    "end": "2024-11-12T10:20:39.103Z",
    "duration": 11836,
    "testsRegistered": 173,
    "passPercent": 100,
    "pendingPercent": 1.1560693641618496,
    "other": 0,
    "hasOther": false,
    "skipped": 0,
    "hasSkipped": false
  },
  "results": [
    {
      "uuid": "ceaffd32-48dd-4792-8a64-42201f7acadf",
      "title": "",
      "fullFile": "",
      "file": "",
      "beforeHooks": [],
      "afterHooks": [],
      "tests": [],
      "suites": [
        {
          "uuid": "37affac8-6792-4695-a418-1959700a6a64",
          "title": "NodePyATVDeviceEvent",
          "fullFile": "/home/runner/work/node-pyatv/node-pyatv/test/device-event.ts",
          "file": "/test/device-event.ts",
          "beforeHooks": [],
          "afterHooks": [],
          "tests": [],
          "suites": [
            {
              "uuid": "806b011c-eb83-42a9-b40f-a080bcc1f587",
              "title": "get key()",
              "fullFile": "/home/runner/work/node-pyatv/node-pyatv/test/device-event.ts",
              "file": "/test/device-event.ts",
              "beforeHooks": [],
              "afterHooks": [],
              "tests": [
                {
                  "title": "should work",
                  "fullTitle": "NodePyATVDeviceEvent get key() should work",
                  "timedOut": false,
                  "duration": 1,
                  "state": "passed",
                  "speed": "fast",
                  "pass": true,
                  "fail": false,
                  "pending": false,
                  "context": null,
                  "code": "const event=new NodePyATVDeviceEvent({key:\"genre\",old:\"Jazz\",new:\"Rock\",device:new NodePyATVDevice({host:\"192.168.178.2\",name:\"My Testinstance\"})});assert.strictEqual(event.key,\"genre\")",
                  "err": {},
                  "uuid": "e6adc9e3-6d3d-47bd-8a9c-1133e0ef06e4",
                  "parentUUID": "806b011c-eb83-42a9-b40f-a080bcc1f587",
                  "isHook": false,
                  "skipped": false
                }
              ],
              "suites": [],
              "passes": [
                "e6adc9e3-6d3d-47bd-8a9c-1133e0ef06e4"
              ],
              "failures": [],
              "pending": [],
              "skipped": [],
              "duration": 1,
              "root": false,
              "rootEmpty": false,
              "_timeout": 2000
            },
            {
              "uuid": "77e7687b-7ee2-4d20-9f08-574731579853",
              "title": "get oldValue()",
              "fullFile": "/home/runner/work/node-pyatv/node-pyatv/test/device-event.ts",
              "file": "/test/device-event.ts",
              "beforeHooks": [],
              "afterHooks": [],
              "tests": [
                {
                  "title": "should work",
                  "fullTitle": "NodePyATVDeviceEvent get oldValue() should work",
                  "timedOut": false,
                  "duration": 0,
                  "state": "passed",
                  "speed": "fast",
                  "pass": true,
                  "fail": false,
                  "pending": false,
                  "context": null,
                  "code": "const event=new NodePyATVDeviceEvent({key:\"genre\",old:\"Jazz\",new:\"Rock\",device:new NodePyATVDevice({host:\"192.168.178.2\",name:\"My Testinstance\"})});assert.strictEqual(event.oldValue,\"Jazz\")",
                  "err": {},
                  "uuid": "0a81f8bc-56cb-47c1-9531-1ef3a81e152a",
                  "parentUUID": "77e7687b-7ee2-4d20-9f08-574731579853",
                  "isHook": false,
                  "skipped": false
                }
              ],
              "suites": [],
              "passes": [
                "0a81f8bc-56cb-47c1-9531-1ef3a81e152a"
              ],
              "failures": [],
              "pending": [],
              "skipped": [],
              "duration": 0,
              "root": false,
              "rootEmpty": false,
              "_timeout": 2000
            },
            {
              "uuid": "5eaf46ea-d395-4120-b55a-cd3f527f845a",
              "title": "get newValue()",
              "fullFile": "/home/runner/work/node-pyatv/node-pyatv/test/device-event.ts",
              "file": "/test/device-event.ts",
              "beforeHooks": [],
              "afterHooks": [],
              "tests": [
                {
                  "title": "should work",
                  "fullTitle": "NodePyATVDeviceEvent get newValue() should work",
                  "timedOut": false,
                  "duration": 0,
                  "state": "passed",
                  "speed": "fast",
                  "pass": true,
                  "fail": false,
                  "pending": false,
                  "context": null,
                  "code": "const event=new NodePyATVDeviceEvent({key:\"genre\",old:\"Jazz\",new:\"Rock\",device:new NodePyATVDevice({host:\"192.168.178.2\",name:\"My Testinstance\"})});assert.strictEqual(event.newValue,\"Rock\")",
                  "err": {},
                  "uuid": "4ea281f4-fb71-4fe8-934c-c2a145fc4c83",
                  "parentUUID": "5eaf46ea-d395-4120-b55a-cd3f527f845a",
                  "isHook": false,
                  "skipped": false
                }
              ],
              "suites": [],
              "passes": [
                "4ea281f4-fb71-4fe8-934c-c2a145fc4c83"
              ],
              "failures": [],
              "pending": [],
              "skipped": [],
              "duration": 0,
              "root": false,
              "rootEmpty": false,
              "_timeout": 2000
            },
            {
              "uuid": "de44eb56-6400-40bc-9e11-52e4a5889e0a",
              "title": "get value()",
              "fullFile": "/home/runner/work/node-pyatv/node-pyatv/test/device-event.ts",
              "file": "/test/device-event.ts",
              "beforeHooks": [],
              "afterHooks": [],
              "tests": [
                {
                  "title": "should work",
                  "fullTitle": "NodePyATVDeviceEvent get value() should work",
                  "timedOut": false,
                  "duration": 1,
                  "state": "passed",
                  "speed": "fast",
                  "pass": true,
                  "fail": false,
                  "pending": false,
                  "context": null,
                  "code": "const event=new NodePyATVDeviceEvent({key:\"genre\",old:\"Jazz\",new:\"Rock\",device:new NodePyATVDevice({host:\"192.168.178.2\",name:\"My Testinstance\"})});assert.strictEqual(event.value,\"Rock\")",
                  "err": {},
                  "uuid": "58b31eb4-9a62-43d2-8b1e-73dd3eded6b5",
                  "parentUUID": "de44eb56-6400-40bc-9e11-52e4a5889e0a",
                  "isHook": false,
                  "skipped": false
                }
              ],
              "suites": [],
              "passes": [
                "58b31eb4-9a62-43d2-8b1e-73dd3eded6b5"
              ],
              "failures": [],
              "pending": [],
              "skipped": [],
              "duration": 1,
              "root": false,
              "rootEmpty": false,
              "_timeout": 2000
            },
            {
              "uuid": "5bfc6ee4-ce1b-4be6-afbc-417444caaef4",
              "title": "get device()",
              "fullFile": "/home/runner/work/node-pyatv/node-pyatv/test/device-event.ts",
              "file": "/test/device-event.ts",
              "beforeHooks": [],
              "afterHooks": [],
              "tests": [
                {
                  "title": "should work",
                  "fullTitle": "NodePyATVDeviceEvent get device() should work",
                  "timedOut": false,
                  "duration": 0,
                  "state": "passed",
                  "speed": "fast",
                  "pass": true,
                  "fail": false,
                  "pending": false,
                  "context": null,
                  "code": "const device=new NodePyATVDevice({host:\"192.168.178.2\",name:\"My Testinstance\"});const event=new NodePyATVDeviceEvent({key:\"genre\",old:\"Jazz\",new:\"Rock\",device});assert.deepEqual(event.device,device)",
                  "err": {},
                  "uuid": "410a5a10-e3b0-452a-a424-80bd572c08b8",
                  "parentUUID": "5bfc6ee4-ce1b-4be6-afbc-417444caaef4",
                  "isHook": false,
                  "skipped": false
                }
              ],
              "suites": [],
              "passes": [
                "410a5a10-e3b0-452a-a424-80bd572c08b8"
              ],
              "failures": [],
              "pending": [],
              "skipped": [],
              "duration": 0,
              "root": false,
              "rootEmpty": false,
              "_timeout": 2000
            }
          ],
          "passes": [],
          "failures": [],
          "pending": [],
          "skipped": [],
          "duration": 0,
          "root": false,
          "rootEmpty": false,
          "_timeout": 2000
        },
        {
          "uuid": "aeb0f5a6-c29c-4744-9dec-a7a681fd6ae4",
          "title": "NodePyATVDeviceEvents",
          "fullFile": "/home/runner/work/node-pyatv/node-pyatv/test/device-events.ts",
          "file": "/test/device-events.ts",
          "beforeHooks": [],
          "afterHooks": [],
          "tests": [],
          "suites": [
            {
              "uuid": "cf3164aa-f240-4e5c-8ce4-911b0c712e59",
              "title": "applyStateAndEmitEvents()",
              "fullFile": "/home/runner/work/node-pyatv/node-pyatv/test/device-events.ts",
              "file": "/test/device-events.ts",
              "beforeHooks": [],
              "afterHooks": [],
              "tests": [
                {
                  "title": "should emit update:key event",
                  "fullTitle": "NodePyATVDeviceEvents applyStateAndEmitEvents() should emit update:key event",
                  "timedOut": false,
                  "duration": 3,
                  "state": "passed",
                  "speed": "fast",
                  "pass": true,
                  "fail": false,
                  "pending": false,
                  "context": null,
                  "code": "const device=new NodePyATVDevice({name:\"My Testdevice\",host:\"192.168.178.2\",spawn:createFakeSpawn(cp=>{cp.onStdIn(()=>cp.end());cp.stdout({result:\"success\",title:\"My Movie\"})})});await new Promise(cb=>{device.once(\"update:title\",event=>{assert.ok(event instanceof NodePyATVDeviceEvent);assert.strictEqual(event.key,\"title\");assert.strictEqual(event.oldValue,null);assert.strictEqual(event.newValue,\"My Movie\");assert.strictEqual(event.value,\"My Movie\");assert.deepStrictEqual(event.device,device);cb(void 0)})})",
                  "err": {},
                  "uuid": "24aed932-82d0-4cff-a835-7ef5fba88527",
                  "parentUUID": "cf3164aa-f240-4e5c-8ce4-911b0c712e59",
                  "isHook": false,
                  "skipped": false
                },
                {
                  "title": "should emit update event",
                  "fullTitle": "NodePyATVDeviceEvents applyStateAndEmitEvents() should emit update event",
                  "timedOut": false,
                  "duration": 2,
                  "state": "passed",
                  "speed": "fast",
                  "pass": true,
                  "fail": false,
                  "pending": false,
                  "context": null,
                  "code": "const device=new NodePyATVDevice({name:\"My Testdevice\",host:\"192.168.178.2\",spawn:createFakeSpawn(cp=>{cp.onStdIn(()=>cp.end());cp.stdout({result:\"success\",title:\"My Movie\"})})});await new Promise(cb=>{device.once(\"update\",event=>{assert.ok(event instanceof NodePyATVDeviceEvent);assert.strictEqual(event.key,\"title\");assert.strictEqual(event.oldValue,null);assert.strictEqual(event.newValue,\"My Movie\");assert.strictEqual(event.value,\"My Movie\");assert.deepStrictEqual(event.device,device);cb(void 0)})})",
                  "err": {},
                  "uuid": "4b25589f-4930-42ca-b68b-7e65242a1301",
                  "parentUUID": "cf3164aa-f240-4e5c-8ce4-911b0c712e59",
                  "isHook": false,
                  "skipped": false
                },
                {
                  "title": "should emit update:key event before update",
                  "fullTitle": "NodePyATVDeviceEvents applyStateAndEmitEvents() should emit update:key event before update",
                  "timedOut": false,
                  "duration": 2,
                  "state": "passed",
                  "speed": "fast",
                  "pass": true,
                  "fail": false,
                  "pending": false,
                  "context": null,
                  "code": "const device=new NodePyATVDevice({name:\"My Testdevice\",host:\"192.168.178.2\",spawn:createFakeSpawn(cp=>{cp.onStdIn(()=>cp.end());cp.stdout({result:\"success\",title:\"My Movie\"})})});const sort=[];await Promise.race([new Promise(cb=>{device.once(\"update\",()=>{sort.push(\"update\");cb(void 0)})}),new Promise(cb=>{device.once(\"update:title\",()=>{sort.push(\"update:title\");cb(void 0)})})]);assert.deepStrictEqual(sort,[\"update:title\",\"update\"])",
                  "err": {},
                  "uuid": "20503d71-1fa7-4f59-a5ab-99ecb1209cfa",
                  "parentUUID": "cf3164aa-f240-4e5c-8ce4-911b0c712e59",
                  "isHook": false,
                  "skipped": false
                },
                {
                  "title": "should emit error events on failures",
                  "fullTitle": "NodePyATVDeviceEvents applyStateAndEmitEvents() should emit error events on failures",
                  "timedOut": false,
                  "duration": 2,
                  "state": "passed",
                  "speed": "fast",
                  "pass": true,
                  "fail": false,
                  "pending": false,
                  "context": null,
                  "code": "const device=new NodePyATVDevice({name:\"My Testdevice\",host:\"192.168.178.2\",spawn:createFakeSpawn(cp=>{cp.onStdIn(()=>cp.end());cp.stdout({result:\"failure\",datetime:\"2021-11-24T21:13:36.424576+03:00\",exception:\"invalid credentials: 321\",stacktrace:'Traceback (most recent call last):\\n  File \"/Users/free/Library/Python/3.8/lib/python/site-packages/pyatv/scripts/atvscript.py\", line 302, in appstart\\n    print(args.output(await _handle_command(args, abort_sem, loop)), flush=True)\\n  File \"/Users/free/Library/Python/3.8/lib/python/site-packages/pyatv/scripts/atvscript.py\", line 196, in _handle_command\\n    atv = await connect(config, loop, protocol=Protocol.MRP)\\n  File \"/Users/free/Library/Python/3.8/lib/python/site-packages/pyatv/__init__.py\", line 96, in connect\\n    for setup_data in proto_methods.setup(\\n  File \"/Users/free/Library/Python/3.8/lib/python/site-packages/pyatv/protocols/airplay/__init__.py\", line 192, in setup\\n    stream = AirPlayStream(config, service)\\n  File \"/Users/free/Library/Python/3.8/lib/python/site-packages/pyatv/protocols/airplay/__init__.py\", line 79, in __init__\\n    self._credentials: HapCredentials = parse_credentials(self.service.credentials)\\n  File \"/Users/free/Library/Python/3.8/lib/python/site-packages/pyatv/auth/hap_pairing.py\", line 139, in parse_credentials\\n    raise exceptions.InvalidCredentialsError(\"invalid credentials: \" + detail_string)\\npyatv.exceptions.InvalidCredentialsError: invalid credentials: 321\\n'})})});await new Promise(cb=>{device.once(\"error\",error=>{assert.ok(error instanceof Error);assert.ok(error.toString().includes(\"invalid credentials: 321\"));cb(void 0)})})",
                  "err": {},
                  "uuid": "bc80a368-1c21-4fc8-a198-fdf3524509d3",
                  "parentUUID": "cf3164aa-f240-4e5c-8ce4-911b0c712e59",
                  "isHook": false,
                  "skipped": false
                },
                {
                  "title": "should not emit an update if new value is same as old one",
                  "fullTitle": "NodePyATVDeviceEvents applyStateAndEmitEvents() should not emit an update if new value is same as old one",
                  "timedOut": false,
                  "duration": 3,
                  "state": "passed",
                  "speed": "fast",
                  "pass": true,
                  "fail": false,
                  "pending": false,
                  "context": null,
                  "code": "let spawnCounter=0;let eventCounter=0;const device=new NodePyATVDevice({name:\"My Testdevice\",host:\"192.168.178.2\",spawn:createFakeSpawn(cp=>{if(spawnCounter===0){cp.onStdIn(()=>cp.end())}cp.stdout({result:\"success\",title:\"My Movie\"});spawnCounter++;if(spawnCounter>=2){cp.end()}})});const listener=__name(()=>{eventCounter++},\"listener\");device.on(\"update\",listener);await new Promise(cb=>setTimeout(cb,0));await device.getState();device.off(\"update\",listener);assert.strictEqual(spawnCounter,2);assert.strictEqual(eventCounter,1)",
                  "err": {},
                  "uuid": "e638cc56-26aa-42df-8a40-db8a225619a0",
                  "parentUUID": "cf3164aa-f240-4e5c-8ce4-911b0c712e59",
                  "isHook": false,
                  "skipped": false
                },
                {
                  "title": "should emit error event if event listener throws an exception",
                  "fullTitle": "NodePyATVDeviceEvents applyStateAndEmitEvents() should emit error event if event listener throws an exception",
                  "timedOut": false,
                  "duration": 1,
                  "state": "passed",
                  "speed": "fast",
                  "pass": true,
                  "fail": false,
                  "pending": false,
                  "context": null,
                  "code": "const device=new NodePyATVDevice({name:\"My Testdevice\",host:\"192.168.178.2\",spawn:createFakeSpawn(cp=>{cp.onStdIn(()=>cp.end());cp.stdout({result:\"success\",title:\"My Movie\"})})});let callCounter=0;const error=new Error(\"This is an error. Be nice.\");device.once(\"error\",err=>{assert.strictEqual(err,error);callCounter++});const listener=__name(()=>{throw error},\"listener\");device.on(\"update\",listener);await new Promise(cb=>setTimeout(cb,0));device.off(\"update\",listener);assert.strictEqual(callCounter,1)",
                  "err": {},
                  "uuid": "550cb578-f665-4e50-8474-eafb45f4a19f",
                  "parentUUID": "cf3164aa-f240-4e5c-8ce4-911b0c712e59",
                  "isHook": false,
                  "skipped": false
                },
                {
                  "title": "should also work with powerState",
                  "fullTitle": "NodePyATVDeviceEvents applyStateAndEmitEvents() should also work with powerState",
                  "timedOut": false,
                  "duration": 0,
                  "state": "passed",
                  "speed": "fast",
                  "pass": true,
                  "fail": false,
                  "pending": false,
                  "context": null,
                  "code": "const device=new NodePyATVDevice({name:\"My Testdevice\",host:\"192.168.178.2\",spawn:createFakeSpawn(cp=>{cp.onStdIn(()=>cp.end());cp.stdout({result:\"success\",datetime:new Date().toJSON(),power_state:\"off\"})})});await new Promise(cb=>{device.once(\"update:powerState\",event=>{assert.ok(event instanceof NodePyATVDeviceEvent);assert.strictEqual(event.key,\"powerState\");assert.strictEqual(event.oldValue,null);assert.strictEqual(event.newValue,\"off\");assert.strictEqual(event.newValue,NodePyATVPowerState.off);assert.strictEqual(event.value,\"off\");assert.strictEqual(event.value,NodePyATVPowerState.off);assert.deepStrictEqual(event.device,device);cb(void 0)})})",
                  "err": {},
                  "uuid": "662ba4ab-2a95-46b8-92b2-49c4c8bf9bd7",
                  "parentUUID": "cf3164aa-f240-4e5c-8ce4-911b0c712e59",
                  "isHook": false,
                  "skipped": false
                },
                {
                  "title": "should only one event for powerState changes",
                  "fullTitle": "NodePyATVDeviceEvents applyStateAndEmitEvents() should only one event for powerState changes",
                  "timedOut": false,
                  "duration": 10,
                  "state": "passed",
                  "speed": "fast",
                  "pass": true,
                  "fail": false,
                  "pending": false,
                  "context": null,
                  "code": "const device=new NodePyATVDevice({name:\"My Testdevice\",host:\"192.168.178.2\",spawn:createFakeSpawn(cp=>{cp.onStdIn(()=>cp.end());cp.stdout({result:\"success\",datetime:new Date().toJSON(),power_state:\"off\"});cp.end()})});let counter=0;device.on(\"update\",event=>{assert.ok(event instanceof NodePyATVDeviceEvent);assert.strictEqual(event.key,\"powerState\");assert.strictEqual(event.oldValue,null);assert.strictEqual(event.newValue,\"off\");assert.strictEqual(event.newValue,NodePyATVPowerState.off);assert.strictEqual(event.value,\"off\");assert.strictEqual(event.value,NodePyATVPowerState.off);assert.deepStrictEqual(event.device,device);counter++});await new Promise(cb=>setTimeout(cb,10));assert.strictEqual(counter,1);device.removeAllListeners(\"update\")",
                  "err": {},
                  "uuid": "5da7e882-e087-4504-b084-6ae86295b4f0",
                  "parentUUID": "cf3164aa-f240-4e5c-8ce4-911b0c712e59",
                  "isHook": false,
                  "skipped": false
                },
                {
                  "title": "should only one event for focusState changes",
                  "fullTitle": "NodePyATVDeviceEvents applyStateAndEmitEvents() should only one event for focusState changes",
                  "timedOut": false,
                  "duration": 10,
                  "state": "passed",
                  "speed": "fast",
                  "pass": true,
                  "fail": false,
                  "pending": false,
                  "context": null,
                  "code": "const device=new NodePyATVDevice({name:\"My Testdevice\",host:\"192.168.178.2\",spawn:createFakeSpawn(cp=>{cp.onStdIn(()=>cp.end());cp.stdout({result:\"success\",datetime:new Date().toJSON(),focus_state:\"unfocused\"});cp.end()})});let counter=0;device.on(\"update\",event=>{assert.ok(event instanceof NodePyATVDeviceEvent);assert.strictEqual(event.key,\"focusState\");assert.strictEqual(event.oldValue,null);assert.strictEqual(event.newValue,\"unfocused\");assert.strictEqual(event.newValue,NodePyATVFocusState.unfocused);assert.strictEqual(event.value,\"unfocused\");assert.strictEqual(event.value,NodePyATVFocusState.unfocused);assert.deepStrictEqual(event.device,device);counter++});await new Promise(cb=>setTimeout(cb,10));assert.strictEqual(counter,1);device.removeAllListeners(\"update\")",
                  "err": {},
                  "uuid": "ab0436e4-7c4d-4cc1-b807-cf4404f63dc8",
                  "parentUUID": "cf3164aa-f240-4e5c-8ce4-911b0c712e59",
                  "isHook": false,
                  "skipped": false
                },
                {
                  "title": "should only one event for outputDevices changes",
                  "fullTitle": "NodePyATVDeviceEvents applyStateAndEmitEvents() should only one event for outputDevices changes",
                  "timedOut": false,
                  "duration": 10,
                  "state": "passed",
                  "speed": "fast",
                  "pass": true,
                  "fail": false,
                  "pending": false,
                  "context": null,
                  "code": "const device=new NodePyATVDevice({name:\"My Testdevice\",host:\"192.168.178.2\",spawn:createFakeSpawn(cp=>{cp.onStdIn(()=>cp.end());cp.stdout({result:\"success\",datetime:new Date().toJSON(),output_devices:[{name:\"Living room\",identifier:\"AAAAAAAA-BBBB-CCCC-DDDD-EEEEEEEEEEEE\"}]});cp.end()})});let counter=0;device.on(\"update\",event=>{assert.ok(event instanceof NodePyATVDeviceEvent);assert.strictEqual(event.key,\"outputDevices\");assert.strictEqual(event.oldValue,null);assert.deepStrictEqual(event.newValue,[{name:\"Living room\",identifier:\"AAAAAAAA-BBBB-CCCC-DDDD-EEEEEEEEEEEE\"}]);assert.deepStrictEqual(event.value,[{name:\"Living room\",identifier:\"AAAAAAAA-BBBB-CCCC-DDDD-EEEEEEEEEEEE\"}]);assert.deepStrictEqual(event.device,device);counter++});await new Promise(cb=>setTimeout(cb,10));assert.strictEqual(counter,1);device.removeAllListeners(\"update\")",
                  "err": {},
                  "uuid": "867f8474-c493-42b4-9f12-6361466f2432",
                  "parentUUID": "cf3164aa-f240-4e5c-8ce4-911b0c712e59",
                  "isHook": false,
                  "skipped": false
                },
                {
                  "title": "should only one event for volume changes",
                  "fullTitle": "NodePyATVDeviceEvents applyStateAndEmitEvents() should only one event for volume changes",
                  "timedOut": false,
                  "duration": 11,
                  "state": "passed",
                  "speed": "fast",
                  "pass": true,
                  "fail": false,
                  "pending": false,
                  "context": null,
                  "code": "const device=new NodePyATVDevice({name:\"My Testdevice\",host:\"192.168.178.2\",spawn:createFakeSpawn(cp=>{cp.onStdIn(()=>cp.end());cp.stdout({result:\"success\",datetime:new Date().toJSON(),volume:20});cp.end()})});let counter=0;device.on(\"update\",event=>{assert.ok(event instanceof NodePyATVDeviceEvent);assert.strictEqual(event.key,\"volume\");assert.strictEqual(event.oldValue,null);assert.strictEqual(event.newValue,20);assert.strictEqual(event.value,20);assert.deepStrictEqual(event.device,device);counter++});await new Promise(cb=>setTimeout(cb,10));assert.strictEqual(counter,1);device.removeAllListeners(\"update\")",
                  "err": {},
                  "uuid": "d97270a0-3aea-410f-afbf-683db565f95a",
                  "parentUUID": "cf3164aa-f240-4e5c-8ce4-911b0c712e59",
                  "isHook": false,
                  "skipped": false
                },
                {
                  "title": "should not trigger any events for newly added fields",
                  "fullTitle": "NodePyATVDeviceEvents applyStateAndEmitEvents() should not trigger any events for newly added fields",
                  "timedOut": false,
                  "duration": 10,
                  "state": "passed",
                  "speed": "fast",
                  "pass": true,
                  "fail": false,
                  "pending": false,
                  "context": null,
                  "code": "const device=new NodePyATVDevice({name:\"My Testdevice\",host:\"192.168.178.2\",spawn:createFakeSpawn(cp=>{cp.onStdIn(()=>cp.end());cp.stdout({result:\"success\",datetime:new Date().toJSON(),foo:\"bar\"});cp.end()})});device.on(\"update\",event=>{assert.fail(`Got an update event for a new field: ${event}`)});await new Promise(cb=>setTimeout(cb,10));device.removeAllListeners(\"update\")",
                  "err": {},
                  "uuid": "b62a8ea3-4310-404d-96eb-635e53d32722",
                  "parentUUID": "cf3164aa-f240-4e5c-8ce4-911b0c712e59",
                  "isHook": false,
                  "skipped": false
                }
              ],
              "suites": [],
              "passes": [
                "24aed932-82d0-4cff-a835-7ef5fba88527",
                "4b25589f-4930-42ca-b68b-7e65242a1301",
                "20503d71-1fa7-4f59-a5ab-99ecb1209cfa",
                "bc80a368-1c21-4fc8-a198-fdf3524509d3",
                "e638cc56-26aa-42df-8a40-db8a225619a0",
                "550cb578-f665-4e50-8474-eafb45f4a19f",
                "662ba4ab-2a95-46b8-92b2-49c4c8bf9bd7",
                "5da7e882-e087-4504-b084-6ae86295b4f0",
                "ab0436e4-7c4d-4cc1-b807-cf4404f63dc8",
                "867f8474-c493-42b4-9f12-6361466f2432",
                "d97270a0-3aea-410f-afbf-683db565f95a",
                "b62a8ea3-4310-404d-96eb-635e53d32722"
              ],
              "failures": [],
              "pending": [],
              "skipped": [],
              "duration": 64,
              "root": false,
              "rootEmpty": false,
              "_timeout": 2000
            },
            {
              "uuid": "bf7fb518-fe97-46a0-ab61-818d7e7ca5a5",
              "title": "start|stopListening()",
              "fullFile": "/home/runner/work/node-pyatv/node-pyatv/test/device-events.ts",
              "file": "/test/device-events.ts",
              "beforeHooks": [],
              "afterHooks": [],
              "tests": [
                {
                  "title": "should emit error if spawn fails",
                  "fullTitle": "NodePyATVDeviceEvents start|stopListening() should emit error if spawn fails",
                  "timedOut": false,
                  "duration": 1,
                  "state": "passed",
                  "speed": "fast",
                  "pass": true,
                  "fail": false,
                  "pending": false,
                  "context": null,
                  "code": "const error=new Error;const device=new NodePyATVDevice({name:\"My Testdevice\",host:\"192.168.178.2\",spawn:createFakeSpawn(cp=>{cp.error(error).end()})});const listener=__name(()=>{},\"listener\");device.on(\"update\",listener);await new Promise(cb=>{device.once(\"error\",err=>{assert.strictEqual(err,error);cb(void 0)})});device.off(\"update\",listener)",
                  "err": {},
                  "uuid": "4a6241f1-30ca-4903-84fb-9ba891cb7537",
                  "parentUUID": "bf7fb518-fe97-46a0-ab61-818d7e7ca5a5",
                  "isHook": false,
                  "skipped": false
                },
                {
                  "title": "should emit error on stderr data",
                  "fullTitle": "NodePyATVDeviceEvents start|stopListening() should emit error on stderr data",
                  "timedOut": false,
                  "duration": 2,
                  "state": "passed",
                  "speed": "fast",
                  "pass": true,
                  "fail": false,
                  "pending": false,
                  "context": null,
                  "code": "const device=new NodePyATVDevice({name:\"My Testdevice\",host:\"192.168.178.2\",spawn:createFakeSpawn(cp=>{cp.stderr(\"Hello World!\").end()})});const listener=__name(()=>{},\"listener\");device.on(\"update\",listener);await new Promise(cb=>{device.once(\"error\",err=>{assert.ok(err instanceof Error);assert.ok(err.toString().includes(\"Got stderr output from pyatv: Hello World!\"));cb(void 0)})});device.off(\"update\",listener)",
                  "err": {},
                  "uuid": "be2621a8-9889-41ab-af01-4fa9f2844364",
                  "parentUUID": "bf7fb518-fe97-46a0-ab61-818d7e7ca5a5",
                  "isHook": false,
                  "skipped": false
                },
                {
                  "title": "should emit error if stdout is not valid json",
                  "fullTitle": "NodePyATVDeviceEvents start|stopListening() should emit error if stdout is not valid json",
                  "timedOut": false,
                  "duration": 1,
                  "state": "passed",
                  "speed": "fast",
                  "pass": true,
                  "fail": false,
                  "pending": false,
                  "context": null,
                  "code": "const device=new NodePyATVDevice({name:\"My Testdevice\",host:\"192.168.178.2\",spawn:createFakeSpawn(cp=>{cp.stdout(\"#\").end()})});const listener=__name(()=>{},\"listener\");device.on(\"update\",listener);await new Promise(cb=>{device.once(\"error\",err=>{assert.ok(err instanceof Error);assert.ok(err.toString().includes(\"Unable to parse stdout json: SyntaxError\"));cb(void 0)})});device.off(\"update\",listener)",
                  "err": {},
                  "uuid": "0910073a-fbae-40b7-ade8-756825f6cdde",
                  "parentUUID": "bf7fb518-fe97-46a0-ab61-818d7e7ca5a5",
                  "isHook": false,
                  "skipped": false
                },
                {
                  "title": "should restart the process if it gets killed",
                  "fullTitle": "NodePyATVDeviceEvents start|stopListening() should restart the process if it gets killed",
                  "timedOut": false,
                  "duration": 0,
                  "state": "pending",
                  "speed": null,
                  "pass": false,
                  "fail": false,
                  "pending": true,
                  "context": null,
                  "code": "",
                  "err": {},
                  "uuid": "c691f096-6428-479d-a823-95a349bd9485",
                  "parentUUID": "bf7fb518-fe97-46a0-ab61-818d7e7ca5a5",
                  "isHook": false,
                  "skipped": false
                }
              ],
              "suites": [],
              "passes": [
                "4a6241f1-30ca-4903-84fb-9ba891cb7537",
                "be2621a8-9889-41ab-af01-4fa9f2844364",
                "0910073a-fbae-40b7-ade8-756825f6cdde"
              ],
              "failures": [],
              "pending": [
                "c691f096-6428-479d-a823-95a349bd9485"
              ],
              "skipped": [],
              "duration": 4,
              "root": false,
              "rootEmpty": false,
              "_timeout": 2000
            },
            {
              "uuid": "ee97e68c-ee56-40f0-9983-cb425e72712b",
              "title": "addListener() / removeAllListeners()",
              "fullFile": "/home/runner/work/node-pyatv/node-pyatv/test/device-events.ts",
              "file": "/test/device-events.ts",
              "beforeHooks": [],
              "afterHooks": [],
              "tests": [
                {
                  "title": "should work without any exceptions",
                  "fullTitle": "NodePyATVDeviceEvents addListener() / removeAllListeners() should work without any exceptions",
                  "timedOut": false,
                  "duration": 0,
                  "state": "passed",
                  "speed": "fast",
                  "pass": true,
                  "fail": false,
                  "pending": false,
                  "context": null,
                  "code": "const device=new NodePyATVDevice({name:\"My Testdevice\",host:\"192.168.178.2\",spawn:createFakeSpawn(cp=>{cp.onStdIn(()=>cp.end());cp.stdout({result:\"success\",title:\"My Movie\"})})});const listener=__name(()=>{},\"listener\");device.addListener(\"update\",listener);device.removeAllListeners(\"update\")",
                  "err": {},
                  "uuid": "b4fd44a7-e07b-4e66-b8d9-b8ddb730218e",
                  "parentUUID": "ee97e68c-ee56-40f0-9983-cb425e72712b",
                  "isHook": false,
                  "skipped": false
                }
              ],
              "suites": [],
              "passes": [
                "b4fd44a7-e07b-4e66-b8d9-b8ddb730218e"
              ],
              "failures": [],
              "pending": [],
              "skipped": [],
              "duration": 0,
              "root": false,
              "rootEmpty": false,
              "_timeout": 2000
            },
            {
              "uuid": "089a85b5-c4fb-4fb7-9e44-b6a3fbabff28",
              "title": "emit()",
              "fullFile": "/home/runner/work/node-pyatv/node-pyatv/test/device-events.ts",
              "file": "/test/device-events.ts",
              "beforeHooks": [],
              "afterHooks": [],
              "tests": [
                {
                  "title": "should work",
                  "fullTitle": "NodePyATVDeviceEvents emit() should work",
                  "timedOut": false,
                  "duration": 1,
                  "state": "passed",
                  "speed": "fast",
                  "pass": true,
                  "fail": false,
                  "pending": false,
                  "context": null,
                  "code": "const device=new NodePyATVDevice({name:\"My Testdevice\",host:\"192.168.178.2\",spawn:createFakeSpawn(cp=>{cp.onStdIn(()=>cp.end())})});const event=new NodePyATVDeviceEvent({key:\"dateTime\",old:\"foo\",new:\"bar\",device});let executions=0;device.once(\"test\",e=>{executions++;assert.strictEqual(e,event);assert.strictEqual(executions,1);done()});device.emit(\"test\",event)",
                  "err": {},
                  "uuid": "c8a867ee-1557-4cf1-80ab-eeb6b7e281f2",
                  "parentUUID": "089a85b5-c4fb-4fb7-9e44-b6a3fbabff28",
                  "isHook": false,
                  "skipped": false
                }
              ],
              "suites": [],
              "passes": [
                "c8a867ee-1557-4cf1-80ab-eeb6b7e281f2"
              ],
              "failures": [],
              "pending": [],
              "skipped": [],
              "duration": 1,
              "root": false,
              "rootEmpty": false,
              "_timeout": 2000
            },
            {
              "uuid": "eabc0546-a612-43f6-8198-c1cbff91cbcb",
              "title": "eventNames()",
              "fullFile": "/home/runner/work/node-pyatv/node-pyatv/test/device-events.ts",
              "file": "/test/device-events.ts",
              "beforeHooks": [],
              "afterHooks": [],
              "tests": [
                {
                  "title": "should work",
                  "fullTitle": "NodePyATVDeviceEvents eventNames() should work",
                  "timedOut": false,
                  "duration": 0,
                  "state": "passed",
                  "speed": "fast",
                  "pass": true,
                  "fail": false,
                  "pending": false,
                  "context": null,
                  "code": "const device=new NodePyATVDevice({name:\"My Testdevice\",host:\"192.168.178.2\",spawn:createFakeSpawn(cp=>{cp.onStdIn(()=>cp.end())})});const listener=__name(()=>{},\"listener\");device.on(\"test\",listener);assert.deepStrictEqual(device.eventNames(),[\"test\"]);device.off(\"test\",listener)",
                  "err": {},
                  "uuid": "0bea7581-f196-4c38-9f52-a8e5eb852c48",
                  "parentUUID": "eabc0546-a612-43f6-8198-c1cbff91cbcb",
                  "isHook": false,
                  "skipped": false
                }
              ],
              "suites": [],
              "passes": [
                "0bea7581-f196-4c38-9f52-a8e5eb852c48"
              ],
              "failures": [],
              "pending": [],
              "skipped": [],
              "duration": 0,
              "root": false,
              "rootEmpty": false,
              "_timeout": 2000
            },
            {
              "uuid": "114c3564-8ab9-4402-b0e4-caba704954a6",
              "title": "getMaxListeners()",
              "fullFile": "/home/runner/work/node-pyatv/node-pyatv/test/device-events.ts",
              "file": "/test/device-events.ts",
              "beforeHooks": [],
              "afterHooks": [],
              "tests": [
                {
                  "title": "should work",
                  "fullTitle": "NodePyATVDeviceEvents getMaxListeners() should work",
                  "timedOut": false,
                  "duration": 0,
                  "state": "passed",
                  "speed": "fast",
                  "pass": true,
                  "fail": false,
                  "pending": false,
                  "context": null,
                  "code": "const device=new NodePyATVDevice({name:\"My Testdevice\",host:\"192.168.178.2\",spawn:createFakeSpawn(cp=>{cp.onStdIn(()=>cp.end())})});const result=device.getMaxListeners();assert.ok(typeof result,\"number\");assert.ok(result>=10)",
                  "err": {},
                  "uuid": "9bc8b17f-7df5-410b-9f59-1909929f037e",
                  "parentUUID": "114c3564-8ab9-4402-b0e4-caba704954a6",
                  "isHook": false,
                  "skipped": false
                }
              ],
              "suites": [],
              "passes": [
                "9bc8b17f-7df5-410b-9f59-1909929f037e"
              ],
              "failures": [],
              "pending": [],
              "skipped": [],
              "duration": 0,
              "root": false,
              "rootEmpty": false,
              "_timeout": 2000
            },
            {
              "uuid": "a59d9d27-527c-4b65-808d-cee98f9a0469",
              "title": "listenerCount()",
              "fullFile": "/home/runner/work/node-pyatv/node-pyatv/test/device-events.ts",
              "file": "/test/device-events.ts",
              "beforeHooks": [],
              "afterHooks": [],
              "tests": [
                {
                  "title": "should work",
                  "fullTitle": "NodePyATVDeviceEvents listenerCount() should work",
                  "timedOut": false,
                  "duration": 0,
                  "state": "passed",
                  "speed": "fast",
                  "pass": true,
                  "fail": false,
                  "pending": false,
                  "context": null,
                  "code": "const device=new NodePyATVDevice({name:\"My Testdevice\",host:\"192.168.178.2\",spawn:createFakeSpawn(cp=>{cp.onStdIn(()=>cp.end())})});const listener=__name(()=>{},\"listener\");assert.deepStrictEqual(device.listenerCount(\"test\"),0);device.on(\"test\",listener);assert.deepStrictEqual(device.listenerCount(\"test\"),1);device.off(\"test\",listener)",
                  "err": {},
                  "uuid": "83d3625f-e031-4162-add2-0d692dca35f5",
                  "parentUUID": "a59d9d27-527c-4b65-808d-cee98f9a0469",
                  "isHook": false,
                  "skipped": false
                }
              ],
              "suites": [],
              "passes": [
                "83d3625f-e031-4162-add2-0d692dca35f5"
              ],
              "failures": [],
              "pending": [],
              "skipped": [],
              "duration": 0,
              "root": false,
              "rootEmpty": false,
              "_timeout": 2000
            },
            {
              "uuid": "1cbfcc74-11d8-40c6-a89c-5bb16b6fd929",
              "title": "listeners()",
              "fullFile": "/home/runner/work/node-pyatv/node-pyatv/test/device-events.ts",
              "file": "/test/device-events.ts",
              "beforeHooks": [],
              "afterHooks": [],
              "tests": [
                {
                  "title": "should work",
                  "fullTitle": "NodePyATVDeviceEvents listeners() should work",
                  "timedOut": false,
                  "duration": 1,
                  "state": "passed",
                  "speed": "fast",
                  "pass": true,
                  "fail": false,
                  "pending": false,
                  "context": null,
                  "code": "const device=new NodePyATVDevice({name:\"My Testdevice\",host:\"192.168.178.2\",spawn:createFakeSpawn(cp=>{cp.onStdIn(()=>cp.end())})});const listener=__name(()=>{},\"listener\");assert.deepStrictEqual(device.listeners(\"test\").length,0);device.on(\"test\",listener);assert.deepStrictEqual(device.listeners(\"test\").length,1);assert.deepStrictEqual(device.listeners(\"test\")[0],listener);device.off(\"test\",listener)",
                  "err": {},
                  "uuid": "08d1c77d-99a2-4d6e-adc1-8fe0c274abe0",
                  "parentUUID": "1cbfcc74-11d8-40c6-a89c-5bb16b6fd929",
                  "isHook": false,
                  "skipped": false
                }
              ],
              "suites": [],
              "passes": [
                "08d1c77d-99a2-4d6e-adc1-8fe0c274abe0"
              ],
              "failures": [],
              "pending": [],
              "skipped": [],
              "duration": 1,
              "root": false,
              "rootEmpty": false,
              "_timeout": 2000
            },
            {
              "uuid": "75b5987d-57d0-4386-be10-7782f454ff68",
              "title": "prependListener()",
              "fullFile": "/home/runner/work/node-pyatv/node-pyatv/test/device-events.ts",
              "file": "/test/device-events.ts",
              "beforeHooks": [],
              "afterHooks": [],
              "tests": [
                {
                  "title": "should work",
                  "fullTitle": "NodePyATVDeviceEvents prependListener() should work",
                  "timedOut": false,
                  "duration": 1,
                  "state": "passed",
                  "speed": "fast",
                  "pass": true,
                  "fail": false,
                  "pending": false,
                  "context": null,
                  "code": "const device=new NodePyATVDevice({name:\"My Testdevice\",host:\"192.168.178.2\",spawn:createFakeSpawn(cp=>{cp.onStdIn(()=>cp.end());cp.stdout({result:\"success\",title:\"My Movie\"})})});const listener=__name(()=>{device.removeAllListeners(\"update\");done()},\"listener\");device.prependListener(\"update\",listener)",
                  "err": {},
                  "uuid": "cb64b123-6ac9-4b92-b0dc-0d1761b3a941",
                  "parentUUID": "75b5987d-57d0-4386-be10-7782f454ff68",
                  "isHook": false,
                  "skipped": false
                }
              ],
              "suites": [],
              "passes": [
                "cb64b123-6ac9-4b92-b0dc-0d1761b3a941"
              ],
              "failures": [],
              "pending": [],
              "skipped": [],
              "duration": 1,
              "root": false,
              "rootEmpty": false,
              "_timeout": 2000
            },
            {
              "uuid": "6644b8e1-31d1-43b5-bbaa-7b82565c6614",
              "title": "prependOnceListener()",
              "fullFile": "/home/runner/work/node-pyatv/node-pyatv/test/device-events.ts",
              "file": "/test/device-events.ts",
              "beforeHooks": [],
              "afterHooks": [],
              "tests": [
                {
                  "title": "should work",
                  "fullTitle": "NodePyATVDeviceEvents prependOnceListener() should work",
                  "timedOut": false,
                  "duration": 1,
                  "state": "passed",
                  "speed": "fast",
                  "pass": true,
                  "fail": false,
                  "pending": false,
                  "context": null,
                  "code": "const device=new NodePyATVDevice({name:\"My Testdevice\",host:\"192.168.178.2\",spawn:createFakeSpawn(cp=>{cp.onStdIn(()=>cp.end());cp.stdout({result:\"success\",title:\"My Movie\"})})});device.prependOnceListener(\"update\",()=>done())",
                  "err": {},
                  "uuid": "02446b83-9889-42d6-a98f-2e8417fd21a1",
                  "parentUUID": "6644b8e1-31d1-43b5-bbaa-7b82565c6614",
                  "isHook": false,
                  "skipped": false
                }
              ],
              "suites": [],
              "passes": [
                "02446b83-9889-42d6-a98f-2e8417fd21a1"
              ],
              "failures": [],
              "pending": [],
              "skipped": [],
              "duration": 1,
              "root": false,
              "rootEmpty": false,
              "_timeout": 2000
            },
            {
              "uuid": "e947ce2e-0c4f-4de3-b871-bb13342f2b6f",
              "title": "rawListeners()",
              "fullFile": "/home/runner/work/node-pyatv/node-pyatv/test/device-events.ts",
              "file": "/test/device-events.ts",
              "beforeHooks": [],
              "afterHooks": [],
              "tests": [
                {
                  "title": "should work",
                  "fullTitle": "NodePyATVDeviceEvents rawListeners() should work",
                  "timedOut": false,
                  "duration": 0,
                  "state": "passed",
                  "speed": "fast",
                  "pass": true,
                  "fail": false,
                  "pending": false,
                  "context": null,
                  "code": "const device=new NodePyATVDevice({name:\"My Testdevice\",host:\"192.168.178.2\",spawn:createFakeSpawn(cp=>{cp.onStdIn(()=>cp.end())})});const listener=__name(()=>{},\"listener\");assert.deepStrictEqual(device.rawListeners(\"test\").length,0);device.on(\"test\",listener);assert.deepStrictEqual(device.rawListeners(\"test\").length,1);assert.deepStrictEqual(device.rawListeners(\"test\")[0],listener);device.off(\"test\",listener)",
                  "err": {},
                  "uuid": "9cf28475-2f7d-4217-ada7-2b0b4fd68a0f",
                  "parentUUID": "e947ce2e-0c4f-4de3-b871-bb13342f2b6f",
                  "isHook": false,
                  "skipped": false
                }
              ],
              "suites": [],
              "passes": [
                "9cf28475-2f7d-4217-ada7-2b0b4fd68a0f"
              ],
              "failures": [],
              "pending": [],
              "skipped": [],
              "duration": 0,
              "root": false,
              "rootEmpty": false,
              "_timeout": 2000
            },
            {
              "uuid": "46fd2af0-a806-456a-9bf3-70bf05ddff00",
              "title": "removeListener()",
              "fullFile": "/home/runner/work/node-pyatv/node-pyatv/test/device-events.ts",
              "file": "/test/device-events.ts",
              "beforeHooks": [],
              "afterHooks": [],
              "tests": [
                {
                  "title": "should work without any exceptions",
                  "fullTitle": "NodePyATVDeviceEvents removeListener() should work without any exceptions",
                  "timedOut": false,
                  "duration": 0,
                  "state": "passed",
                  "speed": "fast",
                  "pass": true,
                  "fail": false,
                  "pending": false,
                  "context": null,
                  "code": "const device=new NodePyATVDevice({name:\"My Testdevice\",host:\"192.168.178.2\",spawn:createFakeSpawn(cp=>{cp.onStdIn(()=>cp.end());cp.stdout({result:\"success\",title:\"My Movie\"})})});const listener=__name(()=>{},\"listener\");device.addListener(\"update\",listener);assert.deepStrictEqual(device.listenerCount(\"update\"),1);device.removeListener(\"update\",listener);assert.deepStrictEqual(device.listenerCount(\"update\"),0)",
                  "err": {},
                  "uuid": "82791ca2-abe3-49a9-a0b3-9add7d05fc64",
                  "parentUUID": "46fd2af0-a806-456a-9bf3-70bf05ddff00",
                  "isHook": false,
                  "skipped": false
                }
              ],
              "suites": [],
              "passes": [
                "82791ca2-abe3-49a9-a0b3-9add7d05fc64"
              ],
              "failures": [],
              "pending": [],
              "skipped": [],
              "duration": 0,
              "root": false,
              "rootEmpty": false,
              "_timeout": 2000
            }
          ],
          "passes": [],
          "failures": [],
          "pending": [],
          "skipped": [],
          "duration": 0,
          "root": false,
          "rootEmpty": false,
          "_timeout": 2000
        },
        {
          "uuid": "a879ef16-c409-4329-a71f-56a3a6512e1e",
          "title": "NodePyATVDevice",
          "fullFile": "/home/runner/work/node-pyatv/node-pyatv/test/device.ts",
          "file": "/test/device.ts",
          "beforeHooks": [],
          "afterHooks": [],
          "tests": [],
          "suites": [
            {
              "uuid": "0a407bf4-b311-4078-a333-d60da754b998",
              "title": "get name()",
              "fullFile": "/home/runner/work/node-pyatv/node-pyatv/test/device.ts",
              "file": "/test/device.ts",
              "beforeHooks": [],
              "afterHooks": [],
              "tests": [
                {
                  "title": "should return the name",
                  "fullTitle": "NodePyATVDevice get name() should return the name",
                  "timedOut": false,
                  "duration": 1,
                  "state": "passed",
                  "speed": "fast",
                  "pass": true,
                  "fail": false,
                  "pending": false,
                  "context": null,
                  "code": "const device=new NodePyATVDevice({name:\"My Testdevice\",host:\"192.168.178.2\"});assert.strictEqual(device.name,\"My Testdevice\")",
                  "err": {},
                  "uuid": "34d566e2-36c7-4261-b47f-7b5fefcaf76a",
                  "parentUUID": "0a407bf4-b311-4078-a333-d60da754b998",
                  "isHook": false,
                  "skipped": false
                }
              ],
              "suites": [],
              "passes": [
                "34d566e2-36c7-4261-b47f-7b5fefcaf76a"
              ],
              "failures": [],
              "pending": [],
              "skipped": [],
              "duration": 1,
              "root": false,
              "rootEmpty": false,
              "_timeout": 2000
            },
            {
              "uuid": "1dd255f5-b2ee-4027-bfa4-8159be9d171a",
              "title": "get host()",
              "fullFile": "/home/runner/work/node-pyatv/node-pyatv/test/device.ts",
              "file": "/test/device.ts",
              "beforeHooks": [],
              "afterHooks": [],
              "tests": [
                {
                  "title": "should return the host",
                  "fullTitle": "NodePyATVDevice get host() should return the host",
                  "timedOut": false,
                  "duration": 0,
                  "state": "passed",
                  "speed": "fast",
                  "pass": true,
                  "fail": false,
                  "pending": false,
                  "context": null,
                  "code": "const device=new NodePyATVDevice({name:\"My Testdevice\",host:\"192.168.178.2\"});assert.strictEqual(device.host,\"192.168.178.2\")",
                  "err": {},
                  "uuid": "45f7e049-6e90-499f-b09a-2c6e24578a7c",
                  "parentUUID": "1dd255f5-b2ee-4027-bfa4-8159be9d171a",
                  "isHook": false,
                  "skipped": false
                }
              ],
              "suites": [],
              "passes": [
                "45f7e049-6e90-499f-b09a-2c6e24578a7c"
              ],
              "failures": [],
              "pending": [],
              "skipped": [],
              "duration": 0,
              "root": false,
              "rootEmpty": false,
              "_timeout": 2000
            },
            {
              "uuid": "7248275c-a827-400c-92fa-cbaba071669f",
              "title": "get id()",
              "fullFile": "/home/runner/work/node-pyatv/node-pyatv/test/device.ts",
              "file": "/test/device.ts",
              "beforeHooks": [],
              "afterHooks": [],
              "tests": [
                {
                  "title": "should return the id",
                  "fullTitle": "NodePyATVDevice get id() should return the id",
                  "timedOut": false,
                  "duration": 0,
                  "state": "passed",
                  "speed": "fast",
                  "pass": true,
                  "fail": false,
                  "pending": false,
                  "context": null,
                  "code": "const device=new NodePyATVDevice({name:\"My Testdevice\",host:\"192.168.178.2\",id:\"*****\"});assert.strictEqual(device.id,\"*****\")",
                  "err": {},
                  "uuid": "7bc85a30-f35c-4ac0-b88c-5bb409fefe0c",
                  "parentUUID": "7248275c-a827-400c-92fa-cbaba071669f",
                  "isHook": false,
                  "skipped": false
                }
              ],
              "suites": [],
              "passes": [
                "7bc85a30-f35c-4ac0-b88c-5bb409fefe0c"
              ],
              "failures": [],
              "pending": [],
              "skipped": [],
              "duration": 0,
              "root": false,
              "rootEmpty": false,
              "_timeout": 2000
            },
            {
              "uuid": "72b455b4-d861-43d0-871b-8e8537134706",
              "title": "get allIDs()",
              "fullFile": "/home/runner/work/node-pyatv/node-pyatv/test/device.ts",
              "file": "/test/device.ts",
              "beforeHooks": [],
              "afterHooks": [],
              "tests": [
                {
                  "title": "should return all the IDs",
                  "fullTitle": "NodePyATVDevice get allIDs() should return all the IDs",
                  "timedOut": false,
                  "duration": 1,
                  "state": "passed",
                  "speed": "fast",
                  "pass": true,
                  "fail": false,
                  "pending": false,
                  "context": null,
                  "code": "const device=new NodePyATVDevice({name:\"My Testdevice\",host:\"192.168.178.2\",id:\"*****\",allIDs:[\"some_id_1\",\"some_id_2\",\"some_id_3\"]});assert.deepStrictEqual(device.allIDs,[\"some_id_1\",\"some_id_2\",\"some_id_3\"])",
                  "err": {},
                  "uuid": "ddf413ea-8c57-423e-97a6-9cc7b2522a9b",
                  "parentUUID": "72b455b4-d861-43d0-871b-8e8537134706",
                  "isHook": false,
                  "skipped": false
                }
              ],
              "suites": [],
              "passes": [
                "ddf413ea-8c57-423e-97a6-9cc7b2522a9b"
              ],
              "failures": [],
              "pending": [],
              "skipped": [],
              "duration": 1,
              "root": false,
              "rootEmpty": false,
              "_timeout": 2000
            },
            {
              "uuid": "487c159c-72fe-4f91-910f-8c6b69d32638",
              "title": "get protocol()",
              "fullFile": "/home/runner/work/node-pyatv/node-pyatv/test/device.ts",
              "file": "/test/device.ts",
              "beforeHooks": [],
              "afterHooks": [],
              "tests": [
                {
                  "title": "should return the protocol",
                  "fullTitle": "NodePyATVDevice get protocol() should return the protocol",
                  "timedOut": false,
                  "duration": 0,
                  "state": "passed",
                  "speed": "fast",
                  "pass": true,
                  "fail": false,
                  "pending": false,
                  "context": null,
                  "code": "const device=new NodePyATVDevice({name:\"My Testdevice\",host:\"192.168.178.2\",protocol:NodePyATVProtocol.airplay});assert.strictEqual(device.protocol,NodePyATVProtocol.airplay)",
                  "err": {},
                  "uuid": "ab514834-d20e-40fe-a1c1-b6c44b71f8c7",
                  "parentUUID": "487c159c-72fe-4f91-910f-8c6b69d32638",
                  "isHook": false,
                  "skipped": false
                }
              ],
              "suites": [],
              "passes": [
                "ab514834-d20e-40fe-a1c1-b6c44b71f8c7"
              ],
              "failures": [],
              "pending": [],
              "skipped": [],
              "duration": 0,
              "root": false,
              "rootEmpty": false,
              "_timeout": 2000
            },
            {
              "uuid": "89d288e6-efe2-4e1f-ae36-5c3a716168c8",
              "title": "get mac()",
              "fullFile": "/home/runner/work/node-pyatv/node-pyatv/test/device.ts",
              "file": "/test/device.ts",
              "beforeHooks": [],
              "afterHooks": [],
              "tests": [
                {
                  "title": "should return the mac",
                  "fullTitle": "NodePyATVDevice get mac() should return the mac",
                  "timedOut": false,
                  "duration": 0,
                  "state": "passed",
                  "speed": "fast",
                  "pass": true,
                  "fail": false,
                  "pending": false,
                  "context": null,
                  "code": "const device=new NodePyATVDevice({name:\"My Testdevice\",host:\"192.168.178.2\",mac:\"AA:BB:CC:DD:EE:FF\"});assert.strictEqual(device.mac,\"AA:BB:CC:DD:EE:FF\")",
                  "err": {},
                  "uuid": "a63e0a5e-a17f-4cd8-a0a4-cbaf812b2726",
                  "parentUUID": "89d288e6-efe2-4e1f-ae36-5c3a716168c8",
                  "isHook": false,
                  "skipped": false
                }
              ],
              "suites": [],
              "passes": [
                "a63e0a5e-a17f-4cd8-a0a4-cbaf812b2726"
              ],
              "failures": [],
              "pending": [],
              "skipped": [],
              "duration": 0,
              "root": false,
              "rootEmpty": false,
              "_timeout": 2000
            },
            {
              "uuid": "e04829b1-b268-4420-86e7-5467033284e7",
              "title": "get model()",
              "fullFile": "/home/runner/work/node-pyatv/node-pyatv/test/device.ts",
              "file": "/test/device.ts",
              "beforeHooks": [],
              "afterHooks": [],
              "tests": [
                {
                  "title": "should return the model if set by scan",
                  "fullTitle": "NodePyATVDevice get model() should return the model if set by scan",
                  "timedOut": false,
                  "duration": 0,
                  "state": "passed",
                  "speed": "fast",
                  "pass": true,
                  "fail": false,
                  "pending": false,
                  "context": null,
                  "code": "const device=new NodePyATVDevice({name:\"Vardagsrum\",host:\"10.0.10.81\",id:\"xxx\",model:\"Gen4K\"});assert.strictEqual(device.model,\"Gen4K\")",
                  "err": {},
                  "uuid": "cf8b4877-9cc2-4818-9196-69da00e4aa83",
                  "parentUUID": "e04829b1-b268-4420-86e7-5467033284e7",
                  "isHook": false,
                  "skipped": false
                },
                {
                  "title": "should return undefined otherwise",
                  "fullTitle": "NodePyATVDevice get model() should return undefined otherwise",
                  "timedOut": false,
                  "duration": 0,
                  "state": "passed",
                  "speed": "fast",
                  "pass": true,
                  "fail": false,
                  "pending": false,
                  "context": null,
                  "code": "const device=new NodePyATVDevice({name:\"Vardagsrum\",host:\"10.0.10.81\"});assert.strictEqual(device.model,void 0)",
                  "err": {},
                  "uuid": "4baa3a67-7895-42c8-a484-bcac8b2f485d",
                  "parentUUID": "e04829b1-b268-4420-86e7-5467033284e7",
                  "isHook": false,
                  "skipped": false
                }
              ],
              "suites": [],
              "passes": [
                "cf8b4877-9cc2-4818-9196-69da00e4aa83",
                "4baa3a67-7895-42c8-a484-bcac8b2f485d"
              ],
              "failures": [],
              "pending": [],
              "skipped": [],
              "duration": 0,
              "root": false,
              "rootEmpty": false,
              "_timeout": 2000
            },
            {
              "uuid": "87a7e65f-312a-4e16-a4a0-01b134a696ad",
              "title": "get modelName()",
              "fullFile": "/home/runner/work/node-pyatv/node-pyatv/test/device.ts",
              "file": "/test/device.ts",
              "beforeHooks": [],
              "afterHooks": [],
              "tests": [
                {
                  "title": "should return the model name if set by scan",
                  "fullTitle": "NodePyATVDevice get modelName() should return the model name if set by scan",
                  "timedOut": false,
                  "duration": 0,
                  "state": "passed",
                  "speed": "fast",
                  "pass": true,
                  "fail": false,
                  "pending": false,
                  "context": null,
                  "code": "const device=new NodePyATVDevice({name:\"Vardagsrum\",host:\"10.0.10.81\",id:\"xxx\",modelName:\"Apple TV 4K\"});assert.strictEqual(device.modelName,\"Apple TV 4K\")",
                  "err": {},
                  "uuid": "91d9d315-f27b-40d5-875f-9cfffc5832ed",
                  "parentUUID": "87a7e65f-312a-4e16-a4a0-01b134a696ad",
                  "isHook": false,
                  "skipped": false
                },
                {
                  "title": "should return undefined otherwise",
                  "fullTitle": "NodePyATVDevice get modelName() should return undefined otherwise",
                  "timedOut": false,
                  "duration": 0,
                  "state": "passed",
                  "speed": "fast",
                  "pass": true,
                  "fail": false,
                  "pending": false,
                  "context": null,
                  "code": "const device=new NodePyATVDevice({name:\"Vardagsrum\",host:\"10.0.10.81\"});assert.strictEqual(device.modelName,void 0)",
                  "err": {},
                  "uuid": "feec4384-b50c-44f2-973e-a17c727b96e2",
                  "parentUUID": "87a7e65f-312a-4e16-a4a0-01b134a696ad",
                  "isHook": false,
                  "skipped": false
                }
              ],
              "suites": [],
              "passes": [
                "91d9d315-f27b-40d5-875f-9cfffc5832ed",
                "feec4384-b50c-44f2-973e-a17c727b96e2"
              ],
              "failures": [],
              "pending": [],
              "skipped": [],
              "duration": 0,
              "root": false,
              "rootEmpty": false,
              "_timeout": 2000
            },
            {
              "uuid": "5a488239-c6df-4ff4-9bb2-9e6d08d373da",
              "title": "get os()",
              "fullFile": "/home/runner/work/node-pyatv/node-pyatv/test/device.ts",
              "file": "/test/device.ts",
              "beforeHooks": [],
              "afterHooks": [],
              "tests": [
                {
                  "title": "should return the operating system if set by scan",
                  "fullTitle": "NodePyATVDevice get os() should return the operating system if set by scan",
                  "timedOut": false,
                  "duration": 0,
                  "state": "passed",
                  "speed": "fast",
                  "pass": true,
                  "fail": false,
                  "pending": false,
                  "context": null,
                  "code": "const device=new NodePyATVDevice({name:\"Vardagsrum\",host:\"10.0.10.81\",id:\"xxx\",os:\"TvOS\"});assert.strictEqual(device.os,\"TvOS\")",
                  "err": {},
                  "uuid": "032a3c66-8516-46f0-8884-619bf3952a83",
                  "parentUUID": "5a488239-c6df-4ff4-9bb2-9e6d08d373da",
                  "isHook": false,
                  "skipped": false
                },
                {
                  "title": "should return undefined otherwise",
                  "fullTitle": "NodePyATVDevice get os() should return undefined otherwise",
                  "timedOut": false,
                  "duration": 0,
                  "state": "passed",
                  "speed": "fast",
                  "pass": true,
                  "fail": false,
                  "pending": false,
                  "context": null,
                  "code": "const device=new NodePyATVDevice({name:\"Vardagsrum\",host:\"10.0.10.81\"});assert.strictEqual(device.os,void 0)",
                  "err": {},
                  "uuid": "b38f418a-d185-4202-b600-2946ab4ec348",
                  "parentUUID": "5a488239-c6df-4ff4-9bb2-9e6d08d373da",
                  "isHook": false,
                  "skipped": false
                }
              ],
              "suites": [],
              "passes": [
                "032a3c66-8516-46f0-8884-619bf3952a83",
                "b38f418a-d185-4202-b600-2946ab4ec348"
              ],
              "failures": [],
              "pending": [],
              "skipped": [],
              "duration": 0,
              "root": false,
              "rootEmpty": false,
              "_timeout": 2000
            },
            {
              "uuid": "ca349b32-b7f9-42f7-b156-d10c91e4b552",
              "title": "get version()",
              "fullFile": "/home/runner/work/node-pyatv/node-pyatv/test/device.ts",
              "file": "/test/device.ts",
              "beforeHooks": [],
              "afterHooks": [],
              "tests": [
                {
                  "title": "should return the version if set by scan",
                  "fullTitle": "NodePyATVDevice get version() should return the version if set by scan",
                  "timedOut": false,
                  "duration": 0,
                  "state": "passed",
                  "speed": "fast",
                  "pass": true,
                  "fail": false,
                  "pending": false,
                  "context": null,
                  "code": "const device=new NodePyATVDevice({name:\"Vardagsrum\",host:\"10.0.10.81\",id:\"xxx\",version:\"15.5.1\"});assert.strictEqual(device.version,\"15.5.1\")",
                  "err": {},
                  "uuid": "4e55d077-21f8-4b06-a0ba-cf162f113ff7",
                  "parentUUID": "ca349b32-b7f9-42f7-b156-d10c91e4b552",
                  "isHook": false,
                  "skipped": false
                },
                {
                  "title": "should return undefined otherwise",
                  "fullTitle": "NodePyATVDevice get version() should return undefined otherwise",
                  "timedOut": false,
                  "duration": 1,
                  "state": "passed",
                  "speed": "fast",
                  "pass": true,
                  "fail": false,
                  "pending": false,
                  "context": null,
                  "code": "const device=new NodePyATVDevice({name:\"Vardagsrum\",host:\"10.0.10.81\"});assert.strictEqual(device.version,void 0)",
                  "err": {},
                  "uuid": "c74c4e51-0a83-43f5-b5d0-36922ec00ad1",
                  "parentUUID": "ca349b32-b7f9-42f7-b156-d10c91e4b552",
                  "isHook": false,
                  "skipped": false
                }
              ],
              "suites": [],
              "passes": [
                "4e55d077-21f8-4b06-a0ba-cf162f113ff7",
                "c74c4e51-0a83-43f5-b5d0-36922ec00ad1"
              ],
              "failures": [],
              "pending": [],
              "skipped": [],
              "duration": 1,
              "root": false,
              "rootEmpty": false,
              "_timeout": 2000
            },
            {
              "uuid": "c3147589-5d77-4bf2-9a5d-ad1fa86281fd",
              "title": "get services()",
              "fullFile": "/home/runner/work/node-pyatv/node-pyatv/test/device.ts",
              "file": "/test/device.ts",
              "beforeHooks": [],
              "afterHooks": [],
              "tests": [
                {
                  "title": "should return the services if set by scan",
                  "fullTitle": "NodePyATVDevice get services() should return the services if set by scan",
                  "timedOut": false,
                  "duration": 0,
                  "state": "passed",
                  "speed": "fast",
                  "pass": true,
                  "fail": false,
                  "pending": false,
                  "context": null,
                  "code": "const device=new NodePyATVDevice({name:\"Vardagsrum\",host:\"10.0.10.81\",id:\"xxx\",services:[{protocol:NodePyATVProtocol.mrp,port:49152},{protocol:NodePyATVProtocol.airplay,port:7e3}]});assert.deepStrictEqual(device.services,[{protocol:\"mrp\",port:49152},{protocol:\"airplay\",port:7e3}])",
                  "err": {},
                  "uuid": "70034d40-83ac-4204-9836-c0dd36f0a4dc",
                  "parentUUID": "c3147589-5d77-4bf2-9a5d-ad1fa86281fd",
                  "isHook": false,
                  "skipped": false
                },
                {
                  "title": "should return undefined otherwise",
                  "fullTitle": "NodePyATVDevice get services() should return undefined otherwise",
                  "timedOut": false,
                  "duration": 0,
                  "state": "passed",
                  "speed": "fast",
                  "pass": true,
                  "fail": false,
                  "pending": false,
                  "context": null,
                  "code": "const device=new NodePyATVDevice({name:\"Vardagsrum\",host:\"10.0.10.81\"});assert.strictEqual(device.services,void 0)",
                  "err": {},
                  "uuid": "477fadd4-bdce-4876-8abe-25ef94163a6d",
                  "parentUUID": "c3147589-5d77-4bf2-9a5d-ad1fa86281fd",
                  "isHook": false,
                  "skipped": false
                }
              ],
              "suites": [],
              "passes": [
                "70034d40-83ac-4204-9836-c0dd36f0a4dc",
                "477fadd4-bdce-4876-8abe-25ef94163a6d"
              ],
              "failures": [],
              "pending": [],
              "skipped": [],
              "duration": 0,
              "root": false,
              "rootEmpty": false,
              "_timeout": 2000
            },
            {
              "uuid": "ff357e0a-8bed-4e03-81eb-e9b405c0f58d",
              "title": "get debug()",
              "fullFile": "/home/runner/work/node-pyatv/node-pyatv/test/device.ts",
              "file": "/test/device.ts",
              "beforeHooks": [],
              "afterHooks": [],
              "tests": [
                {
                  "title": "should return true if set to true",
                  "fullTitle": "NodePyATVDevice get debug() should return true if set to true",
                  "timedOut": false,
                  "duration": 1,
                  "state": "passed",
                  "speed": "fast",
                  "pass": true,
                  "fail": false,
                  "pending": false,
                  "context": null,
                  "code": "const device=new NodePyATVDevice({name:\"My Testdevice\",host:\"192.168.178.2\",debug:true});assert.strictEqual(device.debug,true)",
                  "err": {},
                  "uuid": "fc66d130-1dd0-4aa8-92b7-ccc59b235e8c",
                  "parentUUID": "ff357e0a-8bed-4e03-81eb-e9b405c0f58d",
                  "isHook": false,
                  "skipped": false
                },
                {
                  "title": "should return fn if set to custom function",
                  "fullTitle": "NodePyATVDevice get debug() should return fn if set to custom function",
                  "timedOut": false,
                  "duration": 0,
                  "state": "passed",
                  "speed": "fast",
                  "pass": true,
                  "fail": false,
                  "pending": false,
                  "context": null,
                  "code": "const fn=__name(()=>{},\"fn\");const device=new NodePyATVDevice({name:\"My Testdevice\",host:\"192.168.178.2\",debug:fn});assert.strictEqual(device.debug,fn)",
                  "err": {},
                  "uuid": "a4d4fa58-2ad5-4742-b35c-c8b48e241cf9",
                  "parentUUID": "ff357e0a-8bed-4e03-81eb-e9b405c0f58d",
                  "isHook": false,
                  "skipped": false
                },
                {
                  "title": "should return false if unset",
                  "fullTitle": "NodePyATVDevice get debug() should return false if unset",
                  "timedOut": false,
                  "duration": 0,
                  "state": "passed",
                  "speed": "fast",
                  "pass": true,
                  "fail": false,
                  "pending": false,
                  "context": null,
                  "code": "const device=new NodePyATVDevice({name:\"My Testdevice\",host:\"192.168.178.2\"});assert.strictEqual(device.debug,void 0)",
                  "err": {},
                  "uuid": "3eb1f2e9-2315-4ea1-bab5-ed016a7a71d2",
                  "parentUUID": "ff357e0a-8bed-4e03-81eb-e9b405c0f58d",
                  "isHook": false,
                  "skipped": false
                }
              ],
              "suites": [],
              "passes": [
                "fc66d130-1dd0-4aa8-92b7-ccc59b235e8c",
                "a4d4fa58-2ad5-4742-b35c-c8b48e241cf9",
                "3eb1f2e9-2315-4ea1-bab5-ed016a7a71d2"
              ],
              "failures": [],
              "pending": [],
              "skipped": [],
              "duration": 1,
              "root": false,
              "rootEmpty": false,
              "_timeout": 2000
            },
            {
              "uuid": "f6ddb5ad-2766-4e4f-b05f-fc2b233bea87",
              "title": "set debug()",
              "fullFile": "/home/runner/work/node-pyatv/node-pyatv/test/device.ts",
              "file": "/test/device.ts",
              "beforeHooks": [],
              "afterHooks": [],
              "tests": [
                {
                  "title": "should work for debug = true",
                  "fullTitle": "NodePyATVDevice set debug() should work for debug = true",
                  "timedOut": false,
                  "duration": 0,
                  "state": "passed",
                  "speed": "fast",
                  "pass": true,
                  "fail": false,
                  "pending": false,
                  "context": null,
                  "code": "const device=new NodePyATVDevice({name:\"My Testdevice\",host:\"192.168.178.2\"});assert.strictEqual(device.debug,void 0);device.debug=true;assert.strictEqual(device.debug,true)",
                  "err": {},
                  "uuid": "f885536c-3563-4de1-98c6-a75c824b43e4",
                  "parentUUID": "f6ddb5ad-2766-4e4f-b05f-fc2b233bea87",
                  "isHook": false,
                  "skipped": false
                },
                {
                  "title": "should work for debug = undefined",
                  "fullTitle": "NodePyATVDevice set debug() should work for debug = undefined",
                  "timedOut": false,
                  "duration": 0,
                  "state": "passed",
                  "speed": "fast",
                  "pass": true,
                  "fail": false,
                  "pending": false,
                  "context": null,
                  "code": "const device=new NodePyATVDevice({name:\"My Testdevice\",host:\"192.168.178.2\",debug:true});assert.strictEqual(device.debug,true);device.debug=void 0;assert.strictEqual(device.debug,void 0)",
                  "err": {},
                  "uuid": "d298c4cd-792c-4b86-8b28-aab43a20feae",
                  "parentUUID": "f6ddb5ad-2766-4e4f-b05f-fc2b233bea87",
                  "isHook": false,
                  "skipped": false
[...]
              "title": "getExecutable()",
              "fullFile": "/home/runner/work/node-pyatv/node-pyatv/test/tools.ts",
              "file": "/test/tools.ts",
              "beforeHooks": [],
              "afterHooks": [],
              "tests": [
                {
                  "title": "should handle atvremotePath if set",
                  "fullTitle": "Tools getExecutable() should handle atvremotePath if set",
                  "timedOut": false,
                  "duration": 0,
                  "state": "passed",
                  "speed": "fast",
                  "pass": true,
                  "fail": false,
                  "pending": false,
                  "context": null,
                  "code": "const result=getExecutable(NodePyATVExecutableType.atvremote,{atvremotePath:\"/tmp/1\",atvscriptPath:\"/tmp/2\"});assert.strictEqual(result,\"/tmp/1\")",
                  "err": {},
                  "uuid": "654f5d46-68f3-4c66-8824-a9f645d9e8f1",
                  "parentUUID": "4dcf601b-3fdb-49de-a40d-eb2fba051859",
                  "isHook": false,
                  "skipped": false
                },
                {
                  "title": "should handle atvscriptPath if set",
                  "fullTitle": "Tools getExecutable() should handle atvscriptPath if set",
                  "timedOut": false,
                  "duration": 0,
                  "state": "passed",
                  "speed": "fast",
                  "pass": true,
                  "fail": false,
                  "pending": false,
                  "context": null,
                  "code": "const result=getExecutable(NodePyATVExecutableType.atvscript,{atvremotePath:\"/tmp/1\",atvscriptPath:\"/tmp/2\"});assert.strictEqual(result,\"/tmp/2\")",
                  "err": {},
                  "uuid": "feb1109d-f068-4d67-94d0-7e52cf446910",
                  "parentUUID": "4dcf601b-3fdb-49de-a40d-eb2fba051859",
                  "isHook": false,
                  "skipped": false
                },
                {
                  "title": "should handle default for atvremote",
                  "fullTitle": "Tools getExecutable() should handle default for atvremote",
                  "timedOut": false,
                  "duration": 0,
                  "state": "passed",
                  "speed": "fast",
                  "pass": true,
                  "fail": false,
                  "pending": false,
                  "context": null,
                  "code": "const result=getExecutable(NodePyATVExecutableType.atvremote,{atvscriptPath:\"/tmp\"});assert.strictEqual(result,\"atvremote\")",
                  "err": {},
                  "uuid": "7d450519-627e-4226-9c2c-446e52a90ffb",
                  "parentUUID": "4dcf601b-3fdb-49de-a40d-eb2fba051859",
                  "isHook": false,
                  "skipped": false
                },
                {
                  "title": "should handle default for atvscript",
                  "fullTitle": "Tools getExecutable() should handle default for atvscript",
                  "timedOut": false,
                  "duration": 0,
                  "state": "passed",
                  "speed": "fast",
                  "pass": true,
                  "fail": false,
                  "pending": false,
                  "context": null,
                  "code": "const result=getExecutable(NodePyATVExecutableType.atvscript,{atvremotePath:\"/tmp\"});assert.strictEqual(result,\"atvscript\")",
                  "err": {},
                  "uuid": "83f848d0-5b30-4ef7-a4bc-f54c6a0e83a2",
                  "parentUUID": "4dcf601b-3fdb-49de-a40d-eb2fba051859",
                  "isHook": false,
                  "skipped": false
                }
              ],
              "suites": [],
              "passes": [
                "654f5d46-68f3-4c66-8824-a9f645d9e8f1",
                "feb1109d-f068-4d67-94d0-7e52cf446910",
                "7d450519-627e-4226-9c2c-446e52a90ffb",
                "83f848d0-5b30-4ef7-a4bc-f54c6a0e83a2"
              ],
              "failures": [],
              "pending": [],
              "skipped": [],
              "duration": 0,
              "root": false,
              "rootEmpty": false,
              "_timeout": 2000
            },
            {
              "uuid": "29de9956-8105-4ba1-b9a4-c8299f704638",
              "title": "getParameters()",
              "fullFile": "/home/runner/work/node-pyatv/node-pyatv/test/tools.ts",
              "file": "/test/tools.ts",
              "beforeHooks": [],
              "afterHooks": [],
              "tests": [
                {
                  "title": "empty case",
                  "fullTitle": "Tools getParameters() empty case",
                  "timedOut": false,
                  "duration": 0,
                  "state": "passed",
                  "speed": "fast",
                  "pass": true,
                  "fail": false,
                  "pending": false,
                  "context": null,
                  "code": "const result=await getParameters();assert.deepEqual(result,[])",
                  "err": {},
                  "uuid": "20c080a7-b889-4dce-9f31-3eeb3d1d7043",
                  "parentUUID": "29de9956-8105-4ba1-b9a4-c8299f704638",
                  "isHook": false,
                  "skipped": false
                },
                {
                  "title": "easy case",
                  "fullTitle": "Tools getParameters() easy case",
                  "timedOut": false,
                  "duration": 0,
                  "state": "passed",
                  "speed": "fast",
                  "pass": true,
                  "fail": false,
                  "pending": false,
                  "context": null,
                  "code": "const result=await getParameters({host:\"192.168.178.2\"});assert.deepEqual(result,[\"-s\",\"192.168.178.2\"])",
                  "err": {},
                  "uuid": "67b53c2d-31b4-43f9-92e0-1ddd9d544ffb",
                  "parentUUID": "29de9956-8105-4ba1-b9a4-c8299f704638",
                  "isHook": false,
                  "skipped": false
                },
                {
                  "title": "full case",
                  "fullTitle": "Tools getParameters() full case",
                  "timedOut": false,
                  "duration": 0,
                  "state": "passed",
                  "speed": "fast",
                  "pass": true,
                  "fail": false,
                  "pending": false,
                  "context": null,
                  "code": "const result=await getParameters({hosts:[\"192.168.178.2\",\"192.168.178.3\"],id:\"****\",protocol:NodePyATVProtocol.mrp,dmapCredentials:\"****\",mrpCredentials:\"****\",airplayCredentials:\"****\",companionCredentials:\"1234\",raopCredentials:\"::foo:\"});assert.deepEqual(result,[\"-s\",\"192.168.178.2,192.168.178.3\",\"-i\",\"****\",\"--protocol\",\"mrp\",\"--dmap-credentials\",\"****\",\"--mrp-credentials\",\"****\",\"--airplay-credentials\",\"****\",\"--companion-credentials\",\"1234\",\"--raop-credentials\",\"::foo:\"])",
                  "err": {},
                  "uuid": "a13d5946-dc3c-4d32-ade8-240af7a0d1f9",
                  "parentUUID": "29de9956-8105-4ba1-b9a4-c8299f704638",
                  "isHook": false,
                  "skipped": false
                }
              ],
              "suites": [],
              "passes": [
                "20c080a7-b889-4dce-9f31-3eeb3d1d7043",
                "67b53c2d-31b4-43f9-92e0-1ddd9d544ffb",
                "a13d5946-dc3c-4d32-ade8-240af7a0d1f9"
              ],
              "failures": [],
              "pending": [],
              "skipped": [],
              "duration": 0,
              "root": false,
              "rootEmpty": false,
              "_timeout": 2000
            },
            {
              "uuid": "7185c250-2959-40c9-92d1-9b0b167467e5",
              "title": "parseState()",
              "fullFile": "/home/runner/work/node-pyatv/node-pyatv/test/tools.ts",
              "file": "/test/tools.ts",
              "beforeHooks": [],
              "afterHooks": [],
              "tests": [
                {
                  "title": "should work with empty data",
                  "fullTitle": "Tools parseState() should work with empty data",
                  "timedOut": false,
                  "duration": 1,
                  "state": "passed",
                  "speed": "fast",
                  "pass": true,
                  "fail": false,
                  "pending": false,
                  "context": null,
                  "code": "const input={};const result=parseState(input,\"\",{});assert.deepStrictEqual(result,{dateTime:null,hash:null,mediaType:null,deviceState:null,title:null,artist:null,album:null,genre:null,totalTime:null,position:null,shuffle:null,repeat:null,app:null,appId:null,powerState:null,focusState:null,volume:null,outputDevices:null,contentIdentifier:null,episodeNumber:null,seasonNumber:null,seriesName:null})",
                  "err": {},
                  "uuid": "652357fc-b82b-40c1-be0c-4ff030ee7fcd",
                  "parentUUID": "7185c250-2959-40c9-92d1-9b0b167467e5",
                  "isHook": false,
                  "skipped": false
                },
                {
                  "title": "should work without data",
                  "fullTitle": "Tools parseState() should work without data",
                  "timedOut": false,
                  "duration": 0,
                  "state": "passed",
                  "speed": "fast",
                  "pass": true,
                  "fail": false,
                  "pending": false,
                  "context": null,
                  "code": "const result=parseState(null,\"\",{});assert.deepStrictEqual(result,{dateTime:null,hash:null,mediaType:null,deviceState:null,title:null,artist:null,album:null,genre:null,totalTime:null,position:null,shuffle:null,repeat:null,app:null,appId:null,powerState:null,focusState:null,volume:null,outputDevices:null,contentIdentifier:null,episodeNumber:null,seasonNumber:null,seriesName:null})",
                  "err": {},
                  "uuid": "4db9fdd4-71d0-421d-8cce-aa24890a742c",
                  "parentUUID": "7185c250-2959-40c9-92d1-9b0b167467e5",
                  "isHook": false,
                  "skipped": false
                },
                {
                  "title": "should work with example data",
                  "fullTitle": "Tools parseState() should work with example data",
                  "timedOut": false,
                  "duration": 0,
                  "state": "passed",
                  "speed": "fast",
                  "pass": true,
                  "fail": false,
                  "pending": false,
                  "context": null,
                  "code": "const input={result:\"success\",datetime:\"2020-11-07T22:38:43.608030+01:00\",hash:\"100e0ab6-6ff5-4199-9c04-a7107ff78712\",media_type:\"video\",device_state:\"playing\",title:\"Solo: A Star Wars Story\",artist:null,album:null,genre:null,total_time:8097,position:27,shuffle:\"off\",repeat:\"off\",app:\"Disney+\",app_id:\"com.disney.disneyplus\",power_state:null,focus_state:null,volume:null,output_devices:null,content_identifier:null,episode_number:null,season_number:null,series_name:null};const result=parseState(input,\"\",{});assert.deepStrictEqual(result,{dateTime:new Date(\"2020-11-07T22:38:43.608030+01:00\"),hash:\"100e0ab6-6ff5-4199-9c04-a7107ff78712\",mediaType:NodePyATVMediaType.video,deviceState:NodePyATVDeviceState.playing,title:\"Solo: A Star Wars Story\",artist:null,album:null,genre:null,totalTime:8097,position:27,shuffle:NodePyATVShuffleState.off,repeat:NodePyATVRepeatState.off,app:\"Disney+\",appId:\"com.disney.disneyplus\",powerState:null,focusState:null,volume:null,outputDevices:null,contentIdentifier:null,episodeNumber:null,seasonNumber:null,seriesName:null})",
                  "err": {},
                  "uuid": "c9ad9195-1878-43cb-996a-9e46d4bb0389",
                  "parentUUID": "7185c250-2959-40c9-92d1-9b0b167467e5",
                  "isHook": false,
                  "skipped": false
                },
                {
                  "title": "should throw an error for pyatv exceptions",
                  "fullTitle": "Tools parseState() should throw an error for pyatv exceptions",
                  "timedOut": false,
                  "duration": 0,
                  "state": "passed",
                  "speed": "fast",
                  "pass": true,
                  "fail": false,
                  "pending": false,
                  "context": null,
                  "code": "const input={result:\"failure\",datetime:\"2021-11-24T21:13:36.424576+03:00\",exception:\"invalid credentials: 321\",stacktrace:'Traceback (most recent call last):\\n  File \"/Users/free/Library/Python/3.8/lib/python/site-packages/pyatv/scripts/atvscript.py\", line 302, in appstart\\n    print(args.output(await _handle_command(args, abort_sem, loop)), flush=True)\\n  File \"/Users/free/Library/Python/3.8/lib/python/site-packages/pyatv/scripts/atvscript.py\", line 196, in _handle_command\\n    atv = await connect(config, loop, protocol=Protocol.MRP)\\n  File \"/Users/free/Library/Python/3.8/lib/python/site-packages/pyatv/__init__.py\", line 96, in connect\\n    for setup_data in proto_methods.setup(\\n  File \"/Users/free/Library/Python/3.8/lib/python/site-packages/pyatv/protocols/airplay/__init__.py\", line 192, in setup\\n    stream = AirPlayStream(config, service)\\n  File \"/Users/free/Library/Python/3.8/lib/python/site-packages/pyatv/protocols/airplay/__init__.py\", line 79, in __init__\\n    self._credentials: HapCredentials = parse_credentials(self.service.credentials)\\n  File \"/Users/free/Library/Python/3.8/lib/python/site-packages/pyatv/auth/hap_pairing.py\", line 139, in parse_credentials\\n    raise exceptions.InvalidCredentialsError(\"invalid credentials: \" + detail_string)\\npyatv.exceptions.InvalidCredentialsError: invalid credentials: 321\\n'};assert.throws(()=>{parseState(input,\"\",{})},/Got pyatv Error: invalid credentials: 321/)",
                  "err": {},
                  "uuid": "2a0b0350-0472-4b8f-9b44-8f6af5a4db8d",
                  "parentUUID": "7185c250-2959-40c9-92d1-9b0b167467e5",
                  "isHook": false,
                  "skipped": false
                },
                {
                  "title": "should ignore date if it's an invalid date",
                  "fullTitle": "Tools parseState() should ignore date if it's an invalid date",
                  "timedOut": false,
                  "duration": 0,
                  "state": "passed",
                  "speed": "fast",
                  "pass": true,
                  "fail": false,
                  "pending": false,
                  "context": null,
                  "code": "const input={datetime:\"today\"};const result=parseState(input,\"\",{});assert.deepStrictEqual(result,{dateTime:null,hash:null,mediaType:null,deviceState:null,title:null,artist:null,album:null,genre:null,totalTime:null,position:null,shuffle:null,repeat:null,app:null,appId:null,powerState:null,focusState:null,volume:null,outputDevices:null,contentIdentifier:null,episodeNumber:null,seasonNumber:null,seriesName:null})",
                  "err": {},
                  "uuid": "d3fd620e-9045-480b-9db1-d358120125ca",
                  "parentUUID": "7185c250-2959-40c9-92d1-9b0b167467e5",
                  "isHook": false,
                  "skipped": false
                },
                {
                  "title": "should ignore data if unsupported type",
                  "fullTitle": "Tools parseState() should ignore data if unsupported type",
                  "timedOut": false,
                  "duration": 0,
                  "state": "passed",
                  "speed": "fast",
                  "pass": true,
                  "fail": false,
                  "pending": false,
                  "context": null,
                  "code": "const input={result:\"success\",datetime:true,hash:1337,media_type:false,device_state:43,title:void 0,artist:90,album:Infinity,genre:Math.PI,total_time:\"23min\",position:\"0:30.123\",shuffle:false,repeat:true,app:0,app_id:891645381647289,power_state:null,focus_state:null,volume:null,output_devices:null,content_identifier:null,episode_number:null,season_number:null,series_name:null};const result=parseState(input,\"\",{});assert.deepStrictEqual(result,{dateTime:null,hash:null,mediaType:null,deviceState:null,title:null,artist:null,album:null,genre:null,totalTime:null,position:null,shuffle:null,repeat:null,app:null,appId:null,powerState:null,focusState:null,volume:null,outputDevices:null,contentIdentifier:null,episodeNumber:null,seasonNumber:null,seriesName:null})",
                  "err": {},
                  "uuid": "6045eec1-6c62-4fb5-b13b-95a50fa6914c",
                  "parentUUID": "7185c250-2959-40c9-92d1-9b0b167467e5",
                  "isHook": false,
                  "skipped": false
                },
                {
                  "title": "should ignore enums with unsupported valid",
                  "fullTitle": "Tools parseState() should ignore enums with unsupported valid",
                  "timedOut": false,
                  "duration": 0,
                  "state": "passed",
                  "speed": "fast",
                  "pass": true,
                  "fail": false,
                  "pending": false,
                  "context": null,
                  "code": "const input={media_type:\"3d-experience\",device_state:\"initiating\",shuffle:\"everything\",repeat:\"nothing\"};const result=parseState(input,\"\",{});assert.deepStrictEqual(result,{dateTime:null,hash:null,mediaType:null,deviceState:null,title:null,artist:null,album:null,genre:null,totalTime:null,position:null,shuffle:null,repeat:null,app:null,appId:null,powerState:null,focusState:null,volume:null,outputDevices:null,contentIdentifier:null,episodeNumber:null,seasonNumber:null,seriesName:null})",
                  "err": {},
                  "uuid": "e8bd46f6-24cb-4560-8547-2cb29eb49b79",
                  "parentUUID": "7185c250-2959-40c9-92d1-9b0b167467e5",
                  "isHook": false,
                  "skipped": false
                }
              ],
              "suites": [],
              "passes": [
                "652357fc-b82b-40c1-be0c-4ff030ee7fcd",
                "4db9fdd4-71d0-421d-8cce-aa24890a742c",
                "c9ad9195-1878-43cb-996a-9e46d4bb0389",
                "2a0b0350-0472-4b8f-9b44-8f6af5a4db8d",
                "d3fd620e-9045-480b-9db1-d358120125ca",
                "6045eec1-6c62-4fb5-b13b-95a50fa6914c",
                "e8bd46f6-24cb-4560-8547-2cb29eb49b79"
              ],
              "failures": [],
              "pending": [],
              "skipped": [],
              "duration": 1,
              "root": false,
              "rootEmpty": false,
              "_timeout": 2000
            }
          ],
          "passes": [],
          "failures": [],
          "pending": [],
          "skipped": [],
          "duration": 0,
          "root": false,
          "rootEmpty": false,
          "_timeout": 2000
        }
      ],
      "passes": [],
      "failures": [],
      "pending": [],
      "skipped": [],
      "duration": 0,
      "root": true,
      "rootEmpty": true,
      "_timeout": 2000
    }
  ],
  "meta": {
    "mocha": {
      "version": "10.8.2"
    },
    "mochawesome": {
      "options": {
        "quiet": false,
        "reportFilename": "mochawesome",
        "saveHtml": true,
        "saveJson": true,
        "consoleReporter": "spec",
        "useInlineDiffs": false,
        "code": true
      },
      "version": "7.1.3"
    },
    "marge": {
      "options": null,
      "version": "6.2.0"
    }
  }
}