{
  "stats": {
    "suites": 82,
    "tests": 135,
    "passes": 133,
    "pending": 2,
    "failures": 0,
    "start": "2020-11-15T16:36:12.036Z",
    "end": "2020-11-15T16:36:24.298Z",
    "duration": 12262,
    "testsRegistered": 135,
    "passPercent": 100,
    "pendingPercent": 1.4814814814814816,
    "other": 0,
    "hasOther": false,
    "skipped": 0,
    "hasSkipped": false
  },
  "results": [
    {
      "uuid": "7509f239-37c2-48d6-b8bb-048a116a0882",
      "title": "",
      "fullFile": "",
      "file": "",
      "beforeHooks": [],
      "afterHooks": [],
      "tests": [],
      "suites": [
        {
          "uuid": "30551c04-3ded-4a1f-b87d-c461ff0de54d",
          "title": "NodePyATVDeviceEvent",
          "fullFile": "/home/runner/work/node-pyatv/node-pyatv/test/device-event.ts",
          "file": "/test/device-event.ts",
          "beforeHooks": [],
          "afterHooks": [],
          "tests": [],
          "suites": [
            {
              "uuid": "04700fd7-7ebf-4d2b-9fbd-d67c2351d2da",
              "title": "get key()",
              "fullFile": "/home/runner/work/node-pyatv/node-pyatv/test/device-event.ts",
              "file": "/test/device-event.ts",
              "beforeHooks": [],
              "afterHooks": [],
              "tests": [
                {
                  "title": "should work",
                  "fullTitle": "NodePyATVDeviceEvent get key() should work",
                  "timedOut": false,
                  "duration": 1,
                  "state": "passed",
                  "speed": "fast",
                  "pass": true,
                  "fail": false,
                  "pending": false,
                  "context": null,
                  "code": "const event = new device_event_1.default({\n    key: 'genre',\n    old: 'Jazz',\n    new: 'Rock',\n    device: new device_1.default({\n        host: '192.168.178.2',\n        name: 'My Testinstance'\n    })\n});\nassert_1.default.strictEqual(event.key, 'genre');",
                  "err": {},
                  "uuid": "75d51819-3109-4a4a-ab38-05b2b9ff4ab1",
                  "parentUUID": "04700fd7-7ebf-4d2b-9fbd-d67c2351d2da",
                  "isHook": false,
                  "skipped": false
                }
              ],
              "suites": [],
              "passes": [
                "75d51819-3109-4a4a-ab38-05b2b9ff4ab1"
              ],
              "failures": [],
              "pending": [],
              "skipped": [],
              "duration": 1,
              "root": false,
              "rootEmpty": false,
              "_timeout": 2000
            },
            {
              "uuid": "d02fede2-e4d9-4178-aab5-9e8800c65c3a",
              "title": "get oldValue()",
              "fullFile": "/home/runner/work/node-pyatv/node-pyatv/test/device-event.ts",
              "file": "/test/device-event.ts",
              "beforeHooks": [],
              "afterHooks": [],
              "tests": [
                {
                  "title": "should work",
                  "fullTitle": "NodePyATVDeviceEvent get oldValue() should work",
                  "timedOut": false,
                  "duration": 0,
                  "state": "passed",
                  "speed": "fast",
                  "pass": true,
                  "fail": false,
                  "pending": false,
                  "context": null,
                  "code": "const event = new device_event_1.default({\n    key: 'genre',\n    old: 'Jazz',\n    new: 'Rock',\n    device: new device_1.default({\n        host: '192.168.178.2',\n        name: 'My Testinstance'\n    })\n});\nassert_1.default.strictEqual(event.oldValue, 'Jazz');",
                  "err": {},
                  "uuid": "205aba60-6711-4494-9d50-ae78c41be5b6",
                  "parentUUID": "d02fede2-e4d9-4178-aab5-9e8800c65c3a",
                  "isHook": false,
                  "skipped": false
                }
              ],
              "suites": [],
              "passes": [
                "205aba60-6711-4494-9d50-ae78c41be5b6"
              ],
              "failures": [],
              "pending": [],
              "skipped": [],
              "duration": 0,
              "root": false,
              "rootEmpty": false,
              "_timeout": 2000
            },
            {
              "uuid": "fddc3fa4-4462-4315-92db-68f0c13a5aee",
              "title": "get newValue()",
              "fullFile": "/home/runner/work/node-pyatv/node-pyatv/test/device-event.ts",
              "file": "/test/device-event.ts",
              "beforeHooks": [],
              "afterHooks": [],
              "tests": [
                {
                  "title": "should work",
                  "fullTitle": "NodePyATVDeviceEvent get newValue() should work",
                  "timedOut": false,
                  "duration": 0,
                  "state": "passed",
                  "speed": "fast",
                  "pass": true,
                  "fail": false,
                  "pending": false,
                  "context": null,
                  "code": "const event = new device_event_1.default({\n    key: 'genre',\n    old: 'Jazz',\n    new: 'Rock',\n    device: new device_1.default({\n        host: '192.168.178.2',\n        name: 'My Testinstance'\n    })\n});\nassert_1.default.strictEqual(event.newValue, 'Rock');",
                  "err": {},
                  "uuid": "b3005b4b-a564-4ffd-b3c1-e51d689e3066",
                  "parentUUID": "fddc3fa4-4462-4315-92db-68f0c13a5aee",
                  "isHook": false,
                  "skipped": false
                }
              ],
              "suites": [],
              "passes": [
                "b3005b4b-a564-4ffd-b3c1-e51d689e3066"
              ],
              "failures": [],
              "pending": [],
              "skipped": [],
              "duration": 0,
              "root": false,
              "rootEmpty": false,
              "_timeout": 2000
            },
            {
              "uuid": "27bc9232-bddb-45d4-abf0-0270fba663c6",
              "title": "get value()",
              "fullFile": "/home/runner/work/node-pyatv/node-pyatv/test/device-event.ts",
              "file": "/test/device-event.ts",
              "beforeHooks": [],
              "afterHooks": [],
              "tests": [
                {
                  "title": "should work",
                  "fullTitle": "NodePyATVDeviceEvent get value() should work",
                  "timedOut": false,
                  "duration": 0,
                  "state": "passed",
                  "speed": "fast",
                  "pass": true,
                  "fail": false,
                  "pending": false,
                  "context": null,
                  "code": "const event = new device_event_1.default({\n    key: 'genre',\n    old: 'Jazz',\n    new: 'Rock',\n    device: new device_1.default({\n        host: '192.168.178.2',\n        name: 'My Testinstance'\n    })\n});\nassert_1.default.strictEqual(event.value, 'Rock');",
                  "err": {},
                  "uuid": "fe23ab1d-1210-4f4f-9cda-aaecffe94e19",
                  "parentUUID": "27bc9232-bddb-45d4-abf0-0270fba663c6",
                  "isHook": false,
                  "skipped": false
                }
              ],
              "suites": [],
              "passes": [
                "fe23ab1d-1210-4f4f-9cda-aaecffe94e19"
              ],
              "failures": [],
              "pending": [],
              "skipped": [],
              "duration": 0,
              "root": false,
              "rootEmpty": false,
              "_timeout": 2000
            },
            {
              "uuid": "b140a7be-667f-4a84-b460-21a23744d2ff",
              "title": "get device()",
              "fullFile": "/home/runner/work/node-pyatv/node-pyatv/test/device-event.ts",
              "file": "/test/device-event.ts",
              "beforeHooks": [],
              "afterHooks": [],
              "tests": [
                {
                  "title": "should work",
                  "fullTitle": "NodePyATVDeviceEvent get device() should work",
                  "timedOut": false,
                  "duration": 0,
                  "state": "passed",
                  "speed": "fast",
                  "pass": true,
                  "fail": false,
                  "pending": false,
                  "context": null,
                  "code": "const device = new device_1.default({\n    host: '192.168.178.2',\n    name: 'My Testinstance'\n});\nconst event = new device_event_1.default({\n    key: 'genre',\n    old: 'Jazz',\n    new: 'Rock',\n    device\n});\nassert_1.default.deepEqual(event.device, device);",
                  "err": {},
                  "uuid": "0d897348-9ed7-45f5-91d6-d9b790c8a327",
                  "parentUUID": "b140a7be-667f-4a84-b460-21a23744d2ff",
                  "isHook": false,
                  "skipped": false
                }
              ],
              "suites": [],
              "passes": [
                "0d897348-9ed7-45f5-91d6-d9b790c8a327"
              ],
              "failures": [],
              "pending": [],
              "skipped": [],
              "duration": 0,
              "root": false,
              "rootEmpty": false,
              "_timeout": 2000
            }
          ],
          "passes": [],
          "failures": [],
          "pending": [],
          "skipped": [],
          "duration": 0,
          "root": false,
          "rootEmpty": false,
          "_timeout": 2000
        },
        {
          "uuid": "e4eb64a3-7d1f-43cd-8716-0a3a831056e6",
          "title": "NodePyATVDeviceEvents",
          "fullFile": "/home/runner/work/node-pyatv/node-pyatv/test/device-events.ts",
          "file": "/test/device-events.ts",
          "beforeHooks": [],
          "afterHooks": [],
          "tests": [],
          "suites": [
            {
              "uuid": "ac9fdf8e-6529-4cfd-bdc2-2fc3464ef82f",
              "title": "applyStateAndEmitEvents()",
              "fullFile": "/home/runner/work/node-pyatv/node-pyatv/test/device-events.ts",
              "file": "/test/device-events.ts",
              "beforeHooks": [],
              "afterHooks": [],
              "tests": [
                {
                  "title": "should emit update:key event",
                  "fullTitle": "NodePyATVDeviceEvents applyStateAndEmitEvents() should emit update:key event",
                  "timedOut": false,
                  "duration": 9,
                  "state": "passed",
                  "speed": "fast",
                  "pass": true,
                  "fail": false,
                  "pending": false,
                  "context": null,
                  "code": "return __awaiter(this, void 0, void 0, function* () {\n    const device = new device_1.default({\n        name: 'My Testdevice',\n        host: '192.168.178.2',\n        spawn: fake_spawn_1.createFakeSpawn(cp => {\n            cp.onStdIn(() => cp.end());\n            cp.stdout({\n                result: 'success',\n                title: 'My Movie'\n            });\n        })\n    });\n    yield new Promise(cb => {\n        device.once('update:title', event => {\n            assert_1.default.ok(event instanceof device_event_1.default);\n            assert_1.default.strictEqual(event.key, 'title');\n            assert_1.default.strictEqual(event.oldValue, null);\n            assert_1.default.strictEqual(event.newValue, 'My Movie');\n            assert_1.default.strictEqual(event.value, 'My Movie');\n            assert_1.default.deepStrictEqual(event.device, device);\n            cb();\n        });\n    });\n});",
                  "err": {},
                  "uuid": "a62566ef-56de-437f-a7c4-cc9172000cf8",
                  "parentUUID": "ac9fdf8e-6529-4cfd-bdc2-2fc3464ef82f",
                  "isHook": false,
                  "skipped": false
                },
                {
                  "title": "should emit update event",
                  "fullTitle": "NodePyATVDeviceEvents applyStateAndEmitEvents() should emit update event",
                  "timedOut": false,
                  "duration": 0,
                  "state": "passed",
                  "speed": "fast",
                  "pass": true,
                  "fail": false,
                  "pending": false,
                  "context": null,
                  "code": "return __awaiter(this, void 0, void 0, function* () {\n    const device = new device_1.default({\n        name: 'My Testdevice',\n        host: '192.168.178.2',\n        spawn: fake_spawn_1.createFakeSpawn(cp => {\n            cp.onStdIn(() => cp.end());\n            cp.stdout({\n                result: 'success',\n                title: 'My Movie'\n            });\n        })\n    });\n    yield new Promise(cb => {\n        device.once('update', event => {\n            assert_1.default.ok(event instanceof device_event_1.default);\n            assert_1.default.strictEqual(event.key, 'title');\n            assert_1.default.strictEqual(event.oldValue, null);\n            assert_1.default.strictEqual(event.newValue, 'My Movie');\n            assert_1.default.strictEqual(event.value, 'My Movie');\n            assert_1.default.deepStrictEqual(event.device, device);\n            cb();\n        });\n    });\n});",
                  "err": {},
                  "uuid": "731a29ba-cce5-4732-96dc-b2e69d3c8614",
                  "parentUUID": "ac9fdf8e-6529-4cfd-bdc2-2fc3464ef82f",
                  "isHook": false,
                  "skipped": false
                },
                {
                  "title": "should emit update:key event before update",
                  "fullTitle": "NodePyATVDeviceEvents applyStateAndEmitEvents() should emit update:key event before update",
                  "timedOut": false,
                  "duration": 2,
                  "state": "passed",
                  "speed": "fast",
                  "pass": true,
                  "fail": false,
                  "pending": false,
                  "context": null,
                  "code": "return __awaiter(this, void 0, void 0, function* () {\n    const device = new device_1.default({\n        name: 'My Testdevice',\n        host: '192.168.178.2',\n        spawn: fake_spawn_1.createFakeSpawn(cp => {\n            cp.onStdIn(() => cp.end());\n            cp.stdout({\n                result: 'success',\n                title: 'My Movie'\n            });\n        })\n    });\n    const sort = [];\n    yield Promise.race([\n        new Promise(cb => {\n            device.once('update', () => {\n                sort.push('update');\n                cb();\n            });\n        }),\n        new Promise(cb => {\n            device.once('update:title', () => {\n                sort.push('update:title');\n                cb();\n            });\n        })\n    ]);\n    assert_1.default.deepStrictEqual(sort, ['update:title', 'update']);\n});",
                  "err": {},
                  "uuid": "90310596-aa30-46d7-8f69-1dae0083248c",
                  "parentUUID": "ac9fdf8e-6529-4cfd-bdc2-2fc3464ef82f",
                  "isHook": false,
                  "skipped": false
                },
                {
                  "title": "should not emit an update if new value is same as old one",
                  "fullTitle": "NodePyATVDeviceEvents applyStateAndEmitEvents() should not emit an update if new value is same as old one",
                  "timedOut": false,
                  "duration": 4,
                  "state": "passed",
                  "speed": "fast",
                  "pass": true,
                  "fail": false,
                  "pending": false,
                  "context": null,
                  "code": "return __awaiter(this, void 0, void 0, function* () {\n    let spawnCounter = 0;\n    let eventCounter = 0;\n    const device = new device_1.default({\n        name: 'My Testdevice',\n        host: '192.168.178.2',\n        spawn: fake_spawn_1.createFakeSpawn(cp => {\n            if (spawnCounter === 0) {\n                cp.onStdIn(() => cp.end());\n            }\n            cp.stdout({\n                result: 'success',\n                title: 'My Movie'\n            });\n            spawnCounter++;\n            if (spawnCounter >= 2) {\n                cp.end();\n            }\n        })\n    });\n    const listener = () => {\n        eventCounter++;\n    };\n    device.on('update', listener);\n    yield new Promise(cb => setTimeout(cb, 0));\n    yield device.getState();\n    device.off('update', listener);\n    assert_1.default.strictEqual(spawnCounter, 2);\n    assert_1.default.strictEqual(eventCounter, 1);\n});",
                  "err": {},
                  "uuid": "ff3d5f96-b8a7-4063-9ee2-d9d71f469395",
                  "parentUUID": "ac9fdf8e-6529-4cfd-bdc2-2fc3464ef82f",
                  "isHook": false,
                  "skipped": false
                },
                {
                  "title": "should emit error event if event listener throws an exception",
                  "fullTitle": "NodePyATVDeviceEvents applyStateAndEmitEvents() should emit error event if event listener throws an exception",
                  "timedOut": false,
                  "duration": 2,
                  "state": "passed",
                  "speed": "fast",
                  "pass": true,
                  "fail": false,
                  "pending": false,
                  "context": null,
                  "code": "return __awaiter(this, void 0, void 0, function* () {\n    const device = new device_1.default({\n        name: 'My Testdevice',\n        host: '192.168.178.2',\n        spawn: fake_spawn_1.createFakeSpawn(cp => {\n            cp.onStdIn(() => cp.end());\n            cp.stdout({\n                result: 'success',\n                title: 'My Movie'\n            });\n        })\n    });\n    let callCounter = 0;\n    const error = new Error('This is an error. Be nice.');\n    device.once('error', err => {\n        assert_1.default.strictEqual(err, error);\n        callCounter++;\n    });\n    const listener = () => {\n        throw error;\n    };\n    device.on('update', listener);\n    yield new Promise(cb => setTimeout(cb, 0));\n    device.off('update', listener);\n    assert_1.default.strictEqual(callCounter, 1);\n});",
                  "err": {},
                  "uuid": "7cce5061-e03f-4a1d-9b14-c86da415dc1f",
                  "parentUUID": "ac9fdf8e-6529-4cfd-bdc2-2fc3464ef82f",
                  "isHook": false,
                  "skipped": false
                }
              ],
              "suites": [],
              "passes": [
                "a62566ef-56de-437f-a7c4-cc9172000cf8",
                "731a29ba-cce5-4732-96dc-b2e69d3c8614",
                "90310596-aa30-46d7-8f69-1dae0083248c",
                "ff3d5f96-b8a7-4063-9ee2-d9d71f469395",
                "7cce5061-e03f-4a1d-9b14-c86da415dc1f"
              ],
              "failures": [],
              "pending": [],
              "skipped": [],
              "duration": 17,
              "root": false,
              "rootEmpty": false,
              "_timeout": 2000
            },
            {
              "uuid": "9488345f-71f7-4d96-ad76-ce2541a48416",
              "title": "start|stopListening()",
              "fullFile": "/home/runner/work/node-pyatv/node-pyatv/test/device-events.ts",
              "file": "/test/device-events.ts",
              "beforeHooks": [],
              "afterHooks": [],
              "tests": [
                {
                  "title": "should emit error if spawn fails",
                  "fullTitle": "NodePyATVDeviceEvents start|stopListening() should emit error if spawn fails",
                  "timedOut": false,
                  "duration": 1,
                  "state": "passed",
                  "speed": "fast",
                  "pass": true,
                  "fail": false,
                  "pending": false,
                  "context": null,
                  "code": "return __awaiter(this, void 0, void 0, function* () {\n    const error = new Error();\n    const device = new device_1.default({\n        name: 'My Testdevice',\n        host: '192.168.178.2',\n        spawn: fake_spawn_1.createFakeSpawn(cp => {\n            cp.error(error).end();\n        })\n    });\n    const listener = () => {\n        // empty listener\n    };\n    device.on('update', listener);\n    yield new Promise(cb => {\n        device.once('error', err => {\n            assert_1.default.strictEqual(err, error);\n            cb();\n        });\n    });\n    device.off('update', listener);\n});",
                  "err": {},
                  "uuid": "4d6b9f82-26ab-468a-95eb-6e436a4904b4",
                  "parentUUID": "9488345f-71f7-4d96-ad76-ce2541a48416",
                  "isHook": false,
                  "skipped": false
                },
                {
                  "title": "should emit error on stderr data",
                  "fullTitle": "NodePyATVDeviceEvents start|stopListening() should emit error on stderr data",
                  "timedOut": false,
                  "duration": 1,
                  "state": "passed",
                  "speed": "fast",
                  "pass": true,
                  "fail": false,
                  "pending": false,
                  "context": null,
                  "code": "return __awaiter(this, void 0, void 0, function* () {\n    const device = new device_1.default({\n        name: 'My Testdevice',\n        host: '192.168.178.2',\n        spawn: fake_spawn_1.createFakeSpawn(cp => {\n            cp.stderr('Hello World!').end();\n        })\n    });\n    const listener = () => {\n        // empty listener\n    };\n    device.on('update', listener);\n    yield new Promise(cb => {\n        device.once('error', err => {\n            assert_1.default.ok(err instanceof Error);\n            assert_1.default.ok(err.toString().includes('Got stderr output from pyatv: Hello World!'));\n            cb();\n        });\n    });\n    device.off('update', listener);\n});",
                  "err": {},
                  "uuid": "4bb616b1-5ae2-4d6c-9f1f-f1cec6ddc7e2",
                  "parentUUID": "9488345f-71f7-4d96-ad76-ce2541a48416",
                  "isHook": false,
                  "skipped": false
                },
                {
                  "title": "should emit error if stdout is not valid json",
                  "fullTitle": "NodePyATVDeviceEvents start|stopListening() should emit error if stdout is not valid json",
                  "timedOut": false,
                  "duration": 1,
                  "state": "passed",
                  "speed": "fast",
                  "pass": true,
                  "fail": false,
                  "pending": false,
                  "context": null,
                  "code": "return __awaiter(this, void 0, void 0, function* () {\n    const device = new device_1.default({\n        name: 'My Testdevice',\n        host: '192.168.178.2',\n        spawn: fake_spawn_1.createFakeSpawn(cp => {\n            cp.stdout('#').end();\n        })\n    });\n    const listener = () => {\n        // empty listener\n    };\n    device.on('update', listener);\n    yield new Promise(cb => {\n        device.once('error', err => {\n            assert_1.default.ok(err instanceof Error);\n            assert_1.default.ok(err.toString().includes('Unable to parse stdout json: SyntaxError: ' +\n                'Unexpected token # in JSON at position 0'));\n            cb();\n        });\n    });\n    device.off('update', listener);\n});",
                  "err": {},
                  "uuid": "b7bd751f-5289-4f0e-a008-8ebc15ed8afb",
                  "parentUUID": "9488345f-71f7-4d96-ad76-ce2541a48416",
                  "isHook": false,
                  "skipped": false
                },
                {
                  "title": "should restart the process if it gets killed",
                  "fullTitle": "NodePyATVDeviceEvents start|stopListening() should restart the process if it gets killed",
                  "timedOut": false,
                  "duration": 0,
                  "state": "pending",
                  "speed": null,
                  "pass": false,
                  "fail": false,
                  "pending": true,
                  "context": null,
                  "code": "",
                  "err": {},
                  "uuid": "ee7bd556-9613-434b-afb4-57df841d30d7",
                  "parentUUID": "9488345f-71f7-4d96-ad76-ce2541a48416",
                  "isHook": false,
                  "skipped": false
                }
              ],
              "suites": [],
              "passes": [
                "4d6b9f82-26ab-468a-95eb-6e436a4904b4",
                "4bb616b1-5ae2-4d6c-9f1f-f1cec6ddc7e2",
                "b7bd751f-5289-4f0e-a008-8ebc15ed8afb"
              ],
              "failures": [],
              "pending": [
                "ee7bd556-9613-434b-afb4-57df841d30d7"
              ],
              "skipped": [],
              "duration": 3,
              "root": false,
              "rootEmpty": false,
              "_timeout": 2000
            },
            {
              "uuid": "0bc7c8ea-1574-4aa1-b6eb-2e6c77b02601",
              "title": "addListener() / removeAllListeners()",
              "fullFile": "/home/runner/work/node-pyatv/node-pyatv/test/device-events.ts",
              "file": "/test/device-events.ts",
              "beforeHooks": [],
              "afterHooks": [],
              "tests": [
                {
                  "title": "should work without any exceptions",
                  "fullTitle": "NodePyATVDeviceEvents addListener() / removeAllListeners() should work without any exceptions",
                  "timedOut": false,
                  "duration": 1,
                  "state": "passed",
                  "speed": "fast",
                  "pass": true,
                  "fail": false,
                  "pending": false,
                  "context": null,
                  "code": "return __awaiter(this, void 0, void 0, function* () {\n    const device = new device_1.default({\n        name: 'My Testdevice',\n        host: '192.168.178.2',\n        spawn: fake_spawn_1.createFakeSpawn(cp => {\n            cp.onStdIn(() => cp.end());\n            cp.stdout({\n                result: 'success',\n                title: 'My Movie'\n            });\n        })\n    });\n    const listener = () => {\n        // empty listener\n    };\n    device.addListener('update', listener);\n    device.removeAllListeners('update');\n});",
                  "err": {},
                  "uuid": "e540958d-ff9d-4ac1-a173-3e89477b03e2",
                  "parentUUID": "0bc7c8ea-1574-4aa1-b6eb-2e6c77b02601",
                  "isHook": false,
                  "skipped": false
                }
              ],
              "suites": [],
              "passes": [
                "e540958d-ff9d-4ac1-a173-3e89477b03e2"
              ],
              "failures": [],
              "pending": [],
              "skipped": [],
              "duration": 1,
              "root": false,
              "rootEmpty": false,
              "_timeout": 2000
            },
            {
              "uuid": "b6aa89d5-68ea-40a7-97bd-c03316d3ad0d",
              "title": "emit()",
              "fullFile": "/home/runner/work/node-pyatv/node-pyatv/test/device-events.ts",
              "file": "/test/device-events.ts",
              "beforeHooks": [],
              "afterHooks": [],
              "tests": [
                {
                  "title": "should work",
                  "fullTitle": "NodePyATVDeviceEvents emit() should work",
                  "timedOut": false,
                  "duration": 0,
                  "state": "passed",
                  "speed": "fast",
                  "pass": true,
                  "fail": false,
                  "pending": false,
                  "context": null,
                  "code": "const device = new device_1.default({\n    name: 'My Testdevice',\n    host: '192.168.178.2',\n    spawn: fake_spawn_1.createFakeSpawn(cp => {\n        cp.onStdIn(() => cp.end());\n    })\n});\nconst event = new device_event_1.default({\n    key: 'dateTime',\n    old: 'foo',\n    new: 'bar',\n    device\n});\nlet executions = 0;\ndevice.once('test', (e) => {\n    executions++;\n    assert_1.default.strictEqual(e, event);\n    assert_1.default.strictEqual(executions, 1);\n    done();\n});\ndevice.emit('test', event);",
                  "err": {},
                  "uuid": "30a6f000-628a-4898-b737-edb9cb3ebc61",
                  "parentUUID": "b6aa89d5-68ea-40a7-97bd-c03316d3ad0d",
                  "isHook": false,
                  "skipped": false
                }
              ],
              "suites": [],
              "passes": [
                "30a6f000-628a-4898-b737-edb9cb3ebc61"
              ],
              "failures": [],
              "pending": [],
              "skipped": [],
              "duration": 0,
              "root": false,
              "rootEmpty": false,
              "_timeout": 2000
            },
            {
              "uuid": "4cc51821-ed8b-4fee-a7fb-2a92b64c504d",
              "title": "eventNames()",
              "fullFile": "/home/runner/work/node-pyatv/node-pyatv/test/device-events.ts",
              "file": "/test/device-events.ts",
              "beforeHooks": [],
              "afterHooks": [],
              "tests": [
                {
                  "title": "should work",
                  "fullTitle": "NodePyATVDeviceEvents eventNames() should work",
                  "timedOut": false,
                  "duration": 1,
                  "state": "passed",
                  "speed": "fast",
                  "pass": true,
                  "fail": false,
                  "pending": false,
                  "context": null,
                  "code": "const device = new device_1.default({\n    name: 'My Testdevice',\n    host: '192.168.178.2',\n    spawn: fake_spawn_1.createFakeSpawn(cp => {\n        cp.onStdIn(() => cp.end());\n    })\n});\nconst listener = () => {\n    // ignore\n};\ndevice.on('test', listener);\nassert_1.default.deepStrictEqual(device.eventNames(), ['test']);\ndevice.off('test', listener);",
                  "err": {},
                  "uuid": "c8440aa6-0c72-45f8-86fa-a65814c02e00",
                  "parentUUID": "4cc51821-ed8b-4fee-a7fb-2a92b64c504d",
                  "isHook": false,
                  "skipped": false
                }
              ],
              "suites": [],
              "passes": [
                "c8440aa6-0c72-45f8-86fa-a65814c02e00"
              ],
              "failures": [],
              "pending": [],
              "skipped": [],
              "duration": 1,
              "root": false,
              "rootEmpty": false,
              "_timeout": 2000
            },
            {
              "uuid": "766c64e7-6b72-4d76-8e73-a6a3de4551e9",
              "title": "getMaxListeners()",
              "fullFile": "/home/runner/work/node-pyatv/node-pyatv/test/device-events.ts",
              "file": "/test/device-events.ts",
              "beforeHooks": [],
              "afterHooks": [],
              "tests": [
                {
                  "title": "should work",
                  "fullTitle": "NodePyATVDeviceEvents getMaxListeners() should work",
                  "timedOut": false,
                  "duration": 0,
                  "state": "passed",
                  "speed": "fast",
                  "pass": true,
                  "fail": false,
                  "pending": false,
                  "context": null,
                  "code": "const device = new device_1.default({\n    name: 'My Testdevice',\n    host: '192.168.178.2',\n    spawn: fake_spawn_1.createFakeSpawn(cp => {\n        cp.onStdIn(() => cp.end());\n    })\n});\nconst result = device.getMaxListeners();\nassert_1.default.ok(typeof result, 'number');\nassert_1.default.ok(result >= 10);",
                  "err": {},
                  "uuid": "99e2ba6a-2ed2-4527-bc56-cf05c51c7b0d",
                  "parentUUID": "766c64e7-6b72-4d76-8e73-a6a3de4551e9",
                  "isHook": false,
                  "skipped": false
                }
              ],
              "suites": [],
              "passes": [
                "99e2ba6a-2ed2-4527-bc56-cf05c51c7b0d"
              ],
              "failures": [],
              "pending": [],
              "skipped": [],
              "duration": 0,
              "root": false,
              "rootEmpty": false,
              "_timeout": 2000
            },
            {
              "uuid": "6243b394-b33a-44f3-b333-015335022022",
              "title": "listenerCount()",
              "fullFile": "/home/runner/work/node-pyatv/node-pyatv/test/device-events.ts",
              "file": "/test/device-events.ts",
              "beforeHooks": [],
              "afterHooks": [],
              "tests": [
                {
                  "title": "should work",
                  "fullTitle": "NodePyATVDeviceEvents listenerCount() should work",
                  "timedOut": false,
                  "duration": 0,
                  "state": "passed",
                  "speed": "fast",
                  "pass": true,
                  "fail": false,
                  "pending": false,
                  "context": null,
                  "code": "const device = new device_1.default({\n    name: 'My Testdevice',\n    host: '192.168.178.2',\n    spawn: fake_spawn_1.createFakeSpawn(cp => {\n        cp.onStdIn(() => cp.end());\n    })\n});\nconst listener = () => {\n    // ignore\n};\nassert_1.default.deepStrictEqual(device.listenerCount('test'), 0);\ndevice.on('test', listener);\nassert_1.default.deepStrictEqual(device.listenerCount('test'), 1);\ndevice.off('test', listener);",
                  "err": {},
                  "uuid": "57d992ef-69cb-48bc-85b9-5b49f4f7c129",
                  "parentUUID": "6243b394-b33a-44f3-b333-015335022022",
                  "isHook": false,
                  "skipped": false
                }
              ],
              "suites": [],
              "passes": [
                "57d992ef-69cb-48bc-85b9-5b49f4f7c129"
              ],
              "failures": [],
              "pending": [],
              "skipped": [],
              "duration": 0,
              "root": false,
              "rootEmpty": false,
              "_timeout": 2000
            },
            {
              "uuid": "c2acfdef-7b5d-4eb5-a2a6-fab8b58ad050",
              "title": "listeners()",
              "fullFile": "/home/runner/work/node-pyatv/node-pyatv/test/device-events.ts",
              "file": "/test/device-events.ts",
              "beforeHooks": [],
              "afterHooks": [],
              "tests": [
                {
                  "title": "should work",
                  "fullTitle": "NodePyATVDeviceEvents listeners() should work",
                  "timedOut": false,
                  "duration": 0,
                  "state": "passed",
                  "speed": "fast",
                  "pass": true,
                  "fail": false,
                  "pending": false,
                  "context": null,
                  "code": "const device = new device_1.default({\n    name: 'My Testdevice',\n    host: '192.168.178.2',\n    spawn: fake_spawn_1.createFakeSpawn(cp => {\n        cp.onStdIn(() => cp.end());\n    })\n});\nconst listener = () => {\n    // ignore\n};\nassert_1.default.deepStrictEqual(device.listeners('test').length, 0);\ndevice.on('test', listener);\nassert_1.default.deepStrictEqual(device.listeners('test').length, 1);\nassert_1.default.deepStrictEqual(device.listeners('test')[0], listener);\ndevice.off('test', listener);",
                  "err": {},
                  "uuid": "ffe45e77-0cfb-41cd-8d9f-8b7fae42829c",
                  "parentUUID": "c2acfdef-7b5d-4eb5-a2a6-fab8b58ad050",
                  "isHook": false,
                  "skipped": false
                }
              ],
              "suites": [],
              "passes": [
                "ffe45e77-0cfb-41cd-8d9f-8b7fae42829c"
              ],
              "failures": [],
              "pending": [],
              "skipped": [],
              "duration": 0,
              "root": false,
              "rootEmpty": false,
              "_timeout": 2000
            },
            {
              "uuid": "e3986122-9c53-41a3-8316-371bde70c54e",
              "title": "prependListener()",
              "fullFile": "/home/runner/work/node-pyatv/node-pyatv/test/device-events.ts",
              "file": "/test/device-events.ts",
              "beforeHooks": [],
              "afterHooks": [],
              "tests": [
                {
                  "title": "should work",
                  "fullTitle": "NodePyATVDeviceEvents prependListener() should work",
                  "timedOut": false,
                  "duration": 2,
                  "state": "passed",
                  "speed": "fast",
                  "pass": true,
                  "fail": false,
                  "pending": false,
                  "context": null,
                  "code": "const device = new device_1.default({\n    name: 'My Testdevice',\n    host: '192.168.178.2',\n    spawn: fake_spawn_1.createFakeSpawn(cp => {\n        cp.onStdIn(() => cp.end());\n        cp.stdout({\n            result: 'success',\n            title: 'My Movie'\n        });\n    })\n});\nconst listener = () => {\n    device.removeAllListeners('update');\n    done();\n};\ndevice.prependListener('update', listener);",
                  "err": {},
                  "uuid": "5ede30e6-0f09-4bba-9403-bb1bb05cc7de",
                  "parentUUID": "e3986122-9c53-41a3-8316-371bde70c54e",
                  "isHook": false,
                  "skipped": false
                }
              ],
              "suites": [],
              "passes": [
                "5ede30e6-0f09-4bba-9403-bb1bb05cc7de"
              ],
              "failures": [],
              "pending": [],
              "skipped": [],
              "duration": 2,
              "root": false,
              "rootEmpty": false,
              "_timeout": 2000
            },
            {
              "uuid": "62e67f04-71b5-43e0-82a9-dd044289b646",
              "title": "prependOnceListener()",
              "fullFile": "/home/runner/work/node-pyatv/node-pyatv/test/device-events.ts",
              "file": "/test/device-events.ts",
              "beforeHooks": [],
              "afterHooks": [],
              "tests": [
                {
                  "title": "should work",
                  "fullTitle": "NodePyATVDeviceEvents prependOnceListener() should work",
                  "timedOut": false,
                  "duration": 2,
                  "state": "passed",
                  "speed": "fast",
                  "pass": true,
                  "fail": false,
                  "pending": false,
                  "context": null,
                  "code": "const device = new device_1.default({\n    name: 'My Testdevice',\n    host: '192.168.178.2',\n    spawn: fake_spawn_1.createFakeSpawn(cp => {\n        cp.onStdIn(() => cp.end());\n        cp.stdout({\n            result: 'success',\n            title: 'My Movie'\n        });\n    })\n});\ndevice.prependOnceListener('update', () => done());",
                  "err": {},
                  "uuid": "79fe04d4-5f47-45fc-9810-d3528a68d35f",
                  "parentUUID": "62e67f04-71b5-43e0-82a9-dd044289b646",
                  "isHook": false,
                  "skipped": false
                }
              ],
              "suites": [],
              "passes": [
                "79fe04d4-5f47-45fc-9810-d3528a68d35f"
              ],
              "failures": [],
              "pending": [],
              "skipped": [],
              "duration": 2,
              "root": false,
              "rootEmpty": false,
              "_timeout": 2000
            },
            {
              "uuid": "be122c95-5f06-45e8-aa0e-6b73fff8dbdc",
              "title": "rawListeners()",
              "fullFile": "/home/runner/work/node-pyatv/node-pyatv/test/device-events.ts",
              "file": "/test/device-events.ts",
              "beforeHooks": [],
              "afterHooks": [],
              "tests": [
                {
                  "title": "should work",
                  "fullTitle": "NodePyATVDeviceEvents rawListeners() should work",
                  "timedOut": false,
                  "duration": 1,
                  "state": "passed",
                  "speed": "fast",
                  "pass": true,
                  "fail": false,
                  "pending": false,
                  "context": null,
                  "code": "const device = new device_1.default({\n    name: 'My Testdevice',\n    host: '192.168.178.2',\n    spawn: fake_spawn_1.createFakeSpawn(cp => {\n        cp.onStdIn(() => cp.end());\n    })\n});\nconst listener = () => {\n    // ignore\n};\nassert_1.default.deepStrictEqual(device.rawListeners('test').length, 0);\ndevice.on('test', listener);\nassert_1.default.deepStrictEqual(device.rawListeners('test').length, 1);\nassert_1.default.deepStrictEqual(device.rawListeners('test')[0], listener);\ndevice.off('test', listener);",
                  "err": {},
                  "uuid": "2282c355-3dc6-40d5-9475-9a27fa0b1431",
                  "parentUUID": "be122c95-5f06-45e8-aa0e-6b73fff8dbdc",
                  "isHook": false,
                  "skipped": false
                }
              ],
              "suites": [],
              "passes": [
                "2282c355-3dc6-40d5-9475-9a27fa0b1431"
              ],
              "failures": [],
              "pending": [],
              "skipped": [],
              "duration": 1,
              "root": false,
              "rootEmpty": false,
              "_timeout": 2000
            },
            {
              "uuid": "25a2e9ab-6092-4f16-a52b-a7a41ff0862f",
              "title": "removeListener()",
              "fullFile": "/home/runner/work/node-pyatv/node-pyatv/test/device-events.ts",
              "file": "/test/device-events.ts",
              "beforeHooks": [],
              "afterHooks": [],
              "tests": [
                {
                  "title": "should work without any exceptions",
                  "fullTitle": "NodePyATVDeviceEvents removeListener() should work without any exceptions",
                  "timedOut": false,
                  "duration": 0,
                  "state": "passed",
                  "speed": "fast",
                  "pass": true,
                  "fail": false,
                  "pending": false,
                  "context": null,
                  "code": "return __awaiter(this, void 0, void 0, function* () {\n    const device = new device_1.default({\n        name: 'My Testdevice',\n        host: '192.168.178.2',\n        spawn: fake_spawn_1.createFakeSpawn(cp => {\n            cp.onStdIn(() => cp.end());\n            cp.stdout({\n                result: 'success',\n                title: 'My Movie'\n            });\n        })\n    });\n    const listener = () => {\n        // empty listener\n    };\n    device.addListener('update', listener);\n    assert_1.default.deepStrictEqual(device.listenerCount('update'), 1);\n    device.removeListener('update', listener);\n    assert_1.default.deepStrictEqual(device.listenerCount('update'), 0);\n});",
                  "err": {},
                  "uuid": "e95fbe22-83ca-4d6c-a624-680d9f74746c",
                  "parentUUID": "25a2e9ab-6092-4f16-a52b-a7a41ff0862f",
                  "isHook": false,
                  "skipped": false
                }
              ],
              "suites": [],
              "passes": [
                "e95fbe22-83ca-4d6c-a624-680d9f74746c"
              ],
              "failures": [],
              "pending": [],
              "skipped": [],
              "duration": 0,
              "root": false,
              "rootEmpty": false,
              "_timeout": 2000
            }
          ],
          "passes": [],
          "failures": [],
          "pending": [],
          "skipped": [],
          "duration": 0,
          "root": false,
          "rootEmpty": false,
          "_timeout": 2000
        },
        {
          "uuid": "266005f8-614e-4801-8b92-85aef63ea505",
          "title": "NodePyATVDevice",
          "fullFile": "/home/runner/work/node-pyatv/node-pyatv/test/device.ts",
          "file": "/test/device.ts",
          "beforeHooks": [],
          "afterHooks": [],
          "tests": [],
          "suites": [
            {
              "uuid": "cb593069-2a57-4be0-827f-dd4ede24443d",
              "title": "get name()",
              "fullFile": "/home/runner/work/node-pyatv/node-pyatv/test/device.ts",
              "file": "/test/device.ts",
              "beforeHooks": [],
              "afterHooks": [],
              "tests": [
                {
                  "title": "should return the name",
                  "fullTitle": "NodePyATVDevice get name() should return the name",
                  "timedOut": false,
                  "duration": 0,
                  "state": "passed",
                  "speed": "fast",
                  "pass": true,
                  "fail": false,
                  "pending": false,
                  "context": null,
                  "code": "const device = new device_1.default({\n    name: 'My Testdevice',\n    host: '192.168.178.2'\n});\nassert_1.default.strictEqual(device.name, 'My Testdevice');",
                  "err": {},
                  "uuid": "47eaa03e-1746-4d85-ac9e-a73dcc0e766c",
                  "parentUUID": "cb593069-2a57-4be0-827f-dd4ede24443d",
                  "isHook": false,
                  "skipped": false
                }
              ],
              "suites": [],
              "passes": [
                "47eaa03e-1746-4d85-ac9e-a73dcc0e766c"
              ],
              "failures": [],
              "pending": [],
              "skipped": [],
              "duration": 0,
              "root": false,
              "rootEmpty": false,
              "_timeout": 2000
            },
            {
              "uuid": "53869968-32d6-499e-8d0b-fd9a783fef7d",
              "title": "get host()",
              "fullFile": "/home/runner/work/node-pyatv/node-pyatv/test/device.ts",
              "file": "/test/device.ts",
              "beforeHooks": [],
              "afterHooks": [],
              "tests": [
                {
                  "title": "should return the host",
                  "fullTitle": "NodePyATVDevice get host() should return the host",
                  "timedOut": false,
                  "duration": 0,
                  "state": "passed",
                  "speed": "fast",
                  "pass": true,
                  "fail": false,
                  "pending": false,
                  "context": null,
                  "code": "const device = new device_1.default({\n    name: 'My Testdevice',\n    host: '192.168.178.2'\n});\nassert_1.default.strictEqual(device.host, '192.168.178.2');",
                  "err": {},
                  "uuid": "5e02b6b2-4455-4e22-93e8-980a861a0fd3",
                  "parentUUID": "53869968-32d6-499e-8d0b-fd9a783fef7d",
                  "isHook": false,
                  "skipped": false
                }
              ],
              "suites": [],
              "passes": [
                "5e02b6b2-4455-4e22-93e8-980a861a0fd3"
              ],
              "failures": [],
              "pending": [],
              "skipped": [],
              "duration": 0,
              "root": false,
              "rootEmpty": false,
              "_timeout": 2000
            },
            {
              "uuid": "e36001c4-1c62-4375-b657-a8b0b3ef4643",
              "title": "get id()",
              "fullFile": "/home/runner/work/node-pyatv/node-pyatv/test/device.ts",
              "file": "/test/device.ts",
              "beforeHooks": [],
              "afterHooks": [],
              "tests": [
                {
                  "title": "should return the id",
                  "fullTitle": "NodePyATVDevice get id() should return the id",
                  "timedOut": false,
                  "duration": 0,
                  "state": "passed",
                  "speed": "fast",
                  "pass": true,
                  "fail": false,
                  "pending": false,
                  "context": null,
                  "code": "const device = new device_1.default({\n    name: 'My Testdevice',\n    host: '192.168.178.2',\n    id: '*****'\n});\nassert_1.default.strictEqual(device.id, '*****');",
                  "err": {},
                  "uuid": "8c9925ed-0af1-4127-906a-7bf88f394654",
                  "parentUUID": "e36001c4-1c62-4375-b657-a8b0b3ef4643",
                  "isHook": false,
                  "skipped": false
                }
              ],
              "suites": [],
              "passes": [
                "8c9925ed-0af1-4127-906a-7bf88f394654"
              ],
              "failures": [],
              "pending": [],
              "skipped": [],
              "duration": 0,
              "root": false,
              "rootEmpty": false,
              "_timeout": 2000
            },
            {
              "uuid": "375d623e-d29c-43f8-9552-f4def60d2cc2",
              "title": "get protocol()",
              "fullFile": "/home/runner/work/node-pyatv/node-pyatv/test/device.ts",
              "file": "/test/device.ts",
              "beforeHooks": [],
              "afterHooks": [],
              "tests": [
                {
                  "title": "should return the protocol",
                  "fullTitle": "NodePyATVDevice get protocol() should return the protocol",
                  "timedOut": false,
                  "duration": 0,
                  "state": "passed",
                  "speed": "fast",
                  "pass": true,
                  "fail": false,
                  "pending": false,
                  "context": null,
                  "code": "const device = new device_1.default({\n    name: 'My Testdevice',\n    host: '192.168.178.2',\n    protocol: types_1.NodePyATVProtocol.airplay\n});\nassert_1.default.strictEqual(device.protocol, types_1.NodePyATVProtocol.airplay);",
                  "err": {},
                  "uuid": "310a1f83-9e36-4b01-bec1-4fa369c8ebfa",
                  "parentUUID": "375d623e-d29c-43f8-9552-f4def60d2cc2",
                  "isHook": false,
                  "skipped": false
                }
              ],
              "suites": [],
              "passes": [
                "310a1f83-9e36-4b01-bec1-4fa369c8ebfa"
              ],
              "failures": [],
              "pending": [],
              "skipped": [],
              "duration": 0,
              "root": false,
              "rootEmpty": false,
              "_timeout": 2000
            },
            {
              "uuid": "a2d0b4ac-83f5-4997-96a7-ef4f99c4c965",
              "title": "get debug()",
              "fullFile": "/home/runner/work/node-pyatv/node-pyatv/test/device.ts",
              "file": "/test/device.ts",
              "beforeHooks": [],
              "afterHooks": [],
              "tests": [
                {
                  "title": "should return true if set to true",
                  "fullTitle": "NodePyATVDevice get debug() should return true if set to true",
                  "timedOut": false,
                  "duration": 0,
                  "state": "passed",
                  "speed": "fast",
                  "pass": true,
                  "fail": false,
                  "pending": false,
                  "context": null,
                  "code": "const device = new device_1.default({\n    name: 'My Testdevice',\n    host: '192.168.178.2',\n    debug: true\n});\nassert_1.default.strictEqual(device.debug, true);",
                  "err": {},
                  "uuid": "4ce347b8-2250-4303-a373-7aea78f5c5e2",
                  "parentUUID": "a2d0b4ac-83f5-4997-96a7-ef4f99c4c965",
                  "isHook": false,
                  "skipped": false
                },
                {
                  "title": "should return fn if set to custom function",
                  "fullTitle": "NodePyATVDevice get debug() should return fn if set to custom function",
                  "timedOut": false,
                  "duration": 0,
                  "state": "passed",
                  "speed": "fast",
                  "pass": true,
                  "fail": false,
                  "pending": false,
                  "context": null,
                  "code": "// eslint-disable-next-line @typescript-eslint/no-empty-function\nconst fn = () => {\n};\nconst device = new device_1.default({\n    name: 'My Testdevice',\n    host: '192.168.178.2',\n    debug: fn\n});\nassert_1.default.strictEqual(device.debug, fn);",
                  "err": {},
                  "uuid": "2677c094-6804-4465-bb6a-0f86efe0b6c1",
                  "parentUUID": "a2d0b4ac-83f5-4997-96a7-ef4f99c4c965",
                  "isHook": false,
                  "skipped": false
                },
                {
                  "title": "should return false if unset",
                  "fullTitle": "NodePyATVDevice get debug() should return false if unset",
                  "timedOut": false,
                  "duration": 0,
                  "state": "passed",
                  "speed": "fast",
                  "pass": true,
                  "fail": false,
                  "pending": false,
                  "context": null,
                  "code": "const device = new device_1.default({\n    name: 'My Testdevice',\n    host: '192.168.178.2'\n});\nassert_1.default.strictEqual(device.debug, undefined);",
                  "err": {},
                  "uuid": "3750fbe0-e2cf-4dcb-bce6-b4139646af00",
                  "parentUUID": "a2d0b4ac-83f5-4997-96a7-ef4f99c4c965",
                  "isHook": false,
                  "skipped": false
                }
              ],
              "suites": [],
              "passes": [
                "4ce347b8-2250-4303-a373-7aea78f5c5e2",
                "2677c094-6804-4465-bb6a-0f86efe0b6c1",
                "3750fbe0-e2cf-4dcb-bce6-b4139646af00"
              ],
              "failures": [],
              "pending": [],
              "skipped": [],
              "duration": 0,
              "root": false,
              "rootEmpty": false,
              "_timeout": 2000
            },
            {
              "uuid": "dbf53364-2fd8-4a84-9fb4-3465c7bdbe3c",
              "title": "set debug()",
              "fullFile": "/home/runner/work/node-pyatv/node-pyatv/test/device.ts",
              "file": "/test/device.ts",
              "beforeHooks": [],
              "afterHooks": [],
              "tests": [
                {
                  "title": "should work for debug = true",
                  "fullTitle": "NodePyATVDevice set debug() should work for debug = true",
                  "timedOut": false,
                  "duration": 0,
                  "state": "passed",
                  "speed": "fast",
                  "pass": true,
                  "fail": false,
                  "pending": false,
                  "context": null,
                  "code": "const device = new device_1.default({\n    name: 'My Testdevice',\n    host: '192.168.178.2'\n});\nassert_1.default.strictEqual(device.debug, undefined);\ndevice.debug = true;\nassert_1.default.strictEqual(device.debug, true);",
                  "err": {},
                  "uuid": "0987ff62-3049-4fae-859d-4282b2b71ee6",
                  "parentUUID": "dbf53364-2fd8-4a84-9fb4-3465c7bdbe3c",
                  "isHook": false,
                  "skipped": false
                },
                {
                  "title": "should work for debug = undefined",
                  "fullTitle": "NodePyATVDevice set debug() should work for debug = undefined",
                  "timedOut": false,
                  "duration": 0,
                  "state": "passed",
                  "speed": "fast",
                  "pass": true,
                  "fail": false,
                  "pending": false,
                  "context": null,
                  "code": "const device = new device_1.default({\n    name: 'My Testdevice',\n    host: '192.168.178.2',\n    debug: true\n});\nassert_1.default.strictEqual(device.debug, true);\ndevice.debug = undefined;\nassert_1.default.strictEqual(device.debug, undefined);",
                  "err": {},
                  "uuid": "735dc628-5f53-43ff-93c5-df4d02201a04",
                  "parentUUID": "dbf53364-2fd8-4a84-9fb4-3465c7bdbe3c",
                  "isHook": false,
                  "skipped": false
                },
                {
                  "title": "should work for debug = undefined",
                  "fullTitle": "NodePyATVDevice set debug() should work for debug = undefined",
                  "timedOut": false,
                  "duration": 0,
                  "state": "passed",
                  "speed": "fast",
                  "pass": true,
                  "fail": false,
                  "pending": false,
                  "context": null,
                  "code": "const device = new device_1.default({\n    name: 'My Testdevice',\n    host: '192.168.178.2',\n    debug: true\n});\nassert_1.default.strictEqual(device.debug, true);\ndevice.debug = undefined;\nassert_1.default.strictEqual(device.debug, undefined);",
                  "err": {},
                  "uuid": "c950b5ab-e9c9-4d25-9368-56d11c6dc8a0",
                  "parentUUID": "dbf53364-2fd8-4a84-9fb4-3465c7bdbe3c",
                  "isHook": false,
                  "skipped": false
                },
                {
                  "title": "should work for debug = fn",
                  "fullTitle": "NodePyATVDevice set debug() should work for debug = fn",
                  "timedOut": false,
                  "duration": 0,
                  "state": "passed",
                  "speed": "fast",
                  "pass": true,
                  "fail": false,
                  "pending": false,
                  "context": null,
                  "code": "const device = new device_1.default({\n    name: 'My Testdevice',\n    host: '192.168.178.2'\n});\n// eslint-disable-next-line @typescript-eslint/no-empty-function\nconst fn = () => {\n};\nassert_1.default.strictEqual(device.debug, undefined);\ndevice.debug = fn;\nassert_1.default.strictEqual(device.debug, fn);",
                  "err": {},
                  "uuid": "3cc04fa8-455c-4e44-af71-b8e7f98ed681",
                  "parentUUID": "dbf53364-2fd8-4a84-9fb4-3465c7bdbe3c",
                  "isHook": false,
                  "skipped": false
                }
              ],
              "suites": [],
              "passes": [
                "0987ff62-3049-4fae-859d-4282b2b71ee6",
                "735dc628-5f53-43ff-93c5-df4d02201a04",
                "c950b5ab-e9c9-4d25-9368-56d11c6dc8a0",
                "3cc04fa8-455c-4e44-af71-b8e7f98ed681"
              ],
              "failures": [],
              "pending": [],
              "skipped": [],
              "duration": 0,
              "root": false,
              "rootEmpty": false,
              "_timeout": 2000
            },
            {
              "uuid": "ea5f0a55-0aa3-4ad5-b39c-9af1eb0ccfb2",
              "title": "toJSON()",
              "fullFile": "/home/runner/work/node-pyatv/node-pyatv/test/device.ts",
              "file": "/test/device.ts",
              "beforeHooks": [],
              "afterHooks": [],
              "tests": [
                {
                  "title": "should return a object representation",
                  "fullTitle": "NodePyATVDevice toJSON() should return a object representation",
                  "timedOut": false,
                  "duration": 0,
                  "state": "passed",
                  "speed": "fast",
                  "pass": true,
                  "fail": false,
                  "pending": false,
                  "context": null,
                  "code": "const device = new device_1.default({\n    name: 'My Testdevice',\n    host: '192.168.178.2',\n    id: '*****',\n    protocol: types_1.NodePyATVProtocol.airplay\n});\nassert_1.default.deepEqual(device.toJSON(), {\n    name: 'My Testdevice',\n    host: '192.168.178.2',\n    id: '*****',\n    protocol: types_1.NodePyATVProtocol.airplay\n});",
                  "err": {},
                  "uuid": "2a3ef5d4-b0f0-49a8-b918-2987ffe0caec",
                  "parentUUID": "ea5f0a55-0aa3-4ad5-b39c-9af1eb0ccfb2",
                  "isHook": false,
                  "skipped": false
                },
                {
                  "title": "should be possible to create a new device from this",
                  "fullTitle": "NodePyATVDevice toJSON() should be possible to create a new device from this",
                  "timedOut": false,
                  "duration": 0,
                  "state": "passed",
                  "speed": "fast",
                  "pass": true,
                  "fail": false,
                  "pending": false,
                  "context": null,
                  "code": "const config = {\n    name: 'My Testdevice',\n    host: '192.168.178.2',\n    id: '*****',\n    protocol: types_1.NodePyATVProtocol.airplay\n};\nconst deviceA = new device_1.default(config);\nconst deviceB = new device_1.default(deviceA.toJSON());\nassert_1.default.deepEqual(deviceB.toJSON(), config);",
                  "err": {},
                  "uuid": "7f08a60a-2e2a-499f-98e4-1d3ee2419354",
                  "parentUUID": "ea5f0a55-0aa3-4ad5-b39c-9af1eb0ccfb2",
                  "isHook": false,
                  "skipped": false
                }
              ],
              "suites": [],
              "passes": [
                "2a3ef5d4-b0f0-49a8-b918-2987ffe0caec",
                "7f08a60a-2e2a-499f-98e4-1d3ee2419354"
              ],
              "failures": [],
              "pending": [],
              "skipped": [],
              "duration": 0,
              "root": false,
              "rootEmpty": false,
              "_timeout": 2000
            },
            {
              "uuid": "633b59ee-6eaa-4ea1-9033-16edfe703f73",
              "title": "toString()",
              "fullFile": "/home/runner/work/node-pyatv/node-pyatv/test/device.ts",
              "file": "/test/device.ts",
              "beforeHooks": [],
              "afterHooks": [],
              "tests": [
                {
                  "title": "should work",
                  "fullTitle": "NodePyATVDevice toString() should work",
                  "timedOut": false,
                  "duration": 0,
                  "state": "passed",
                  "speed": "fast",
                  "pass": true,
                  "fail": false,
                  "pending": false,
                  "context": null,
                  "code": "const device = new device_1.default({\n    name: 'My Testdevice',\n    host: '192.168.178.2'\n});\nassert_1.default.strictEqual(device.toString(), 'NodePyATVDevice(My Testdevice, 192.168.178.2)');",
                  "err": {},
                  "uuid": "98cebac8-3b13-46b7-8770-a4ad7e866cbd",
                  "parentUUID": "633b59ee-6eaa-4ea1-9033-16edfe703f73",
                  "isHook": false,
                  "skipped": false
                }
              ],
              "suites": [],
              "passes": [
                "98cebac8-3b13-46b7-8770-a4ad7e866cbd"
              ],
              "failures": [],
              "pending": [],
              "skipped": [],
              "duration": 0,
              "root": false,
              "rootEmpty": false,
              "_timeout": 2000
            },
            {
              "uuid": "837c220b-59b5-49e0-af7d-c3ca1023ead7",
              "title": "getState()",
              "fullFile": "/home/runner/work/node-pyatv/node-pyatv/test/device.ts",
              "file": "/test/device.ts",
              "beforeHooks": [],
              "afterHooks": [],
              "tests": [
                {
                  "title": "should work [I]",
                  "fullTitle": "NodePyATVDevice getState() should work [I]",
                  "timedOut": false,
                  "duration": 0,
                  "state": "pending",
                  "speed": null,
                  "pass": false,
                  "fail": false,
                  "pending": true,
                  "context": null,
                  "code": "",
                  "err": {},
                  "uuid": "14840d3d-0359-4049-9223-92abaef99183",
                  "parentUUID": "837c220b-59b5-49e0-af7d-c3ca1023ead7",
                  "isHook": false,
                  "skipped": false
                },
                {
                  "title": "should work",
                  "fullTitle": "NodePyATVDevice getState() should work",
                  "timedOut": false,
                  "duration": 1,
                  "state": "passed",
                  "speed": "fast",
                  "pass": true,
                  "fail": false,
                  "pending": false,
                  "context": null,
                  "code": "return __awaiter(this, void 0, void 0, function* () {\n    const device = new device_1.default({\n        name: 'My Testdevice',\n        host: '192.168.178.2',\n        spawn: fake_spawn_1.createFakeSpawn(cp => {\n            cp.end({\n                result: 'success',\n                datetime: '2020-11-07T22:38:43.608030+01:00',\n                hash: '100e0ab6-6ff5-4199-9c04-a7107ff78712',\n                media_type: 'video',\n                device_state: 'playing',\n                title: 'Solo: A Star Wars Story',\n                artist: null,\n                album: null,\n                genre: null,\n                total_time: 8097,\n                position: 27,\n                shuffle: 'off',\n                repeat: 'off',\n                app: 'Disney+',\n                app_id: 'com.disney.disneyplus'\n            });\n        })\n    });\n    const result = yield device.getState();\n    assert_1.default.deepStrictEqual(result, {\n        dateTime: new Date('2020-11-07T22:38:43.608030+01:00'),\n        hash: '100e0ab6-6ff5-4199-9c04-a7107ff78712',\n        mediaType: types_1.NodePyATVMediaType.video,\n        deviceState: types_1.NodePyATVDeviceState.playing,\n        title: 'Solo: A Star Wars Story',\n        artist: null,\n        album: null,\n        genre: null,\n        totalTime: 8097,\n        position: 27,\n        shuffle: types_1.NodePyATVShuffleState.off,\n        repeat: types_1.NodePyATVRepeatState.off,\n        app: 'Disney+',\n        appId: 'com.disney.disneyplus'\n    });\n});",
                  "err": {},
                  "uuid": "be37f29e-7cd9-448f-a9a2-68ecdcd7bf2d",
                  "parentUUID": "837c220b-59b5-49e0-af7d-c3ca1023ead7",
                  "isHook": false,
                  "skipped": false
                },
                {
                  "title": "should cache requests for a bit",
                  "fullTitle": "NodePyATVDevice getState() should cache requests for a bit",
                  "timedOut": false,
                  "duration": 1,
                  "state": "passed",
                  "speed": "fast",
                  "pass": true,
                  "fail": false,
                  "pending": false,
                  "context": null,
                  "code": "return __awaiter(this, void 0, void 0, function* () {\n    let executions = 0;\n    const device = new device_1.default({\n        name: 'My Testdevice',\n        host: '192.168.178.2',\n        spawn: fake_spawn_1.createFakeSpawn(cp => {\n            executions++;\n            cp.end({\n                result: 'success',\n                datetime: new Date().toJSON(),\n                hash: '100e0ab6-6ff5-4199-9c04-a7107ff78712',\n                media_type: 'video',\n                device_state: 'playing',\n                title: 'Solo: A Star Wars Story',\n                artist: null,\n                album: null,\n                genre: null,\n                total_time: 8097,\n                position: 27,\n                shuffle: 'off',\n                repeat: 'off',\n                app: 'Disney+',\n                app_id: 'com.disney.disneyplus'\n            });\n        })\n    });\n    const firstResult = yield device.getState();\n    const secondResult = yield device.getState();\n    assert_1.default.strictEqual(firstResult.dateTime, secondResult.dateTime);\n    assert_1.default.strictEqual(executions, 1);\n});",
                  "err": {},
                  "uuid": "c9be7138-6264-4f75-9ecc-7082f27c6803",
                  "parentUUID": "837c220b-59b5-49e0-af7d-c3ca1023ead7",
                  "isHook": false,
                  "skipped": false
                },
                {
                  "title": "should update the position if cache was used",
                  "fullTitle": "NodePyATVDevice getState() should update the position if cache was used",
                  "timedOut": false,
                  "duration": 1,
                  "state": "passed",
                  "speed": "fast",
                  "pass": true,
                  "fail": false,
                  "pending": false,
                  "context": null,
                  "code": "return __awaiter(this, void 0, void 0, function* () {\n    const device = new device_1.default({\n        name: 'My Testdevice',\n        host: '192.168.178.2',\n        spawn: fake_spawn_1.createFakeSpawn(cp => {\n            cp.end({\n                result: 'success',\n                datetime: new Date(new Date().getTime() - 1000).toJSON(),\n                hash: '100e0ab6-6ff5-4199-9c04-a7107ff78712',\n                media_type: 'video',\n                device_state: 'playing',\n                title: 'Solo: A Star Wars Story',\n                artist: null,\n                album: null,\n                genre: null,\n                total_time: 8097,\n                position: 27,\n                shuffle: 'off',\n                repeat: 'off',\n                app: 'Disney+',\n                app_id: 'com.disney.disneyplus'\n            });\n        })\n    });\n    const firstResult = yield device.getState();\n    assert_1.default.strictEqual(firstResult.position, 27);\n    const secondResult = yield device.getState();\n    assert_1.default.ok(secondResult.position);\n    assert_1.default.ok(secondResult.position > 27, `Position should be > 27, was ${secondResult.position}`);\n    assert_1.default.ok(secondResult.position < 30, `Position should be > 27, was ${secondResult.position}`);\n});",
                  "err": {},
                  "uuid": "98c68b78-531a-4506-858c-100874c9b37b",
                  "parentUUID": "837c220b-59b5-49e0-af7d-c3ca1023ead7",
                  "isHook": false,
                  "skipped": false
                }
              ],
              "suites": [],
              "passes": [
                "be37f29e-7cd9-448f-a9a2-68ecdcd7bf2d",
                "c9be7138-6264-4f75-9ecc-7082f27c6803",
                "98c68b78-531a-4506-858c-100874c9b37b"
              ],
              "failures": [],
              "pending": [
                "14840d3d-0359-4049-9223-92abaef99183"
              ],
              "skipped": [],
              "duration": 3,
              "root": false,
              "rootEmpty": false,
              "_timeout": 2000
            },
            {
              "uuid": "538439bc-3f89-44ff-a7d5-03087f7df0d7",
              "title": "clearState()",
              "fullFile": "/home/runner/work/node-pyatv/node-pyatv/test/device.ts",
              "file": "/test/device.ts",
              "beforeHooks": [],
              "afterHooks": [],
              "tests": [
                {
                  "title": "should work",
                  "fullTitle": "NodePyATVDevice clearState() should work",
                  "timedOut": false,
                  "duration": 2,
                  "state": "passed",
                  "speed": "fast",
                  "pass": true,
                  "fail": false,
                  "pending": false,
                  "context": null,
                  "code": "return __awaiter(this, void 0, void 0, function* () {\n    let executions = 0;\n    const device = new device_1.default({\n        name: 'My Testdevice',\n        host: '192.168.178.2',\n        spawn: fake_spawn_1.createFakeSpawn(cp => {\n            executions++;\n            cp.end({\n                result: 'success',\n                datetime: '2020-11-07T22:38:43.608030+01:00',\n                title: 'Solo: A Star Wars Story'\n            });\n        })\n    });\n    assert_1.default.deepStrictEqual(yield device.getTitle(), 'Solo: A Star Wars Story');\n    device.clearState();\n    assert_1.default.deepStrictEqual(yield device.getTitle(), 'Solo: A Star Wars Story');\n    assert_1.default.strictEqual(executions, 2);\n});",
                  "err": {},
                  "uuid": "c9a03e20-70c5-4c36-9db6-19ce9e71725d",
                  "parentUUID": "538439bc-3f89-44ff-a7d5-03087f7df0d7",
                  "isHook": false,
                  "skipped": false
                }
              ],
              "suites": [],
              "passes": [
                "c9a03e20-70c5-4c36-9db6-19ce9e71725d"
              ],
              "failures": [],
              "pending": [],
              "skipped": [],
              "duration": 2,
              "root": false,
              "rootEmpty": false,
              "_timeout": 2000
            },
            {
              "uuid": "8aaba3b0-8adc-421e-b16f-a29081a80f6e",
              "title": "getDateTime()",
              "fullFile": "/home/runner/work/node-pyatv/node-pyatv/test/device.ts",
              "file": "/test/device.ts",
              "beforeHooks": [],
              "afterHooks": [],
              "tests": [
                {
                  "title": "should work",
                  "fullTitle": "NodePyATVDevice getDateTime() should work",
                  "timedOut": false,
                  "duration": 1,
                  "state": "passed",
                  "speed": "fast",
                  "pass": true,
                  "fail": false,
                  "pending": false,
                  "context": null,
                  "code": "return __awaiter(this, void 0, void 0, function* () {\n    const device = new device_1.default({\n        name: 'My Testdevice',\n        host: '192.168.178.2',\n        spawn: fake_spawn_1.createFakeSpawn(cp => {\n            cp.end({\n                result: 'success',\n                datetime: new Date().toJSON()\n            });\n        })\n    });\n    const result = yield device.getDateTime();\n    assert_1.default.ok(result instanceof Date);\n});",
                  "err": {},
                  "uuid": "abd5971c-55b4-4730-897d-776dd1faf1f0",
                  "parentUUID": "8aaba3b0-8adc-421e-b16f-a29081a80f6e",
                  "isHook": false,
                  "skipped": false
                }
              ],
              "suites": [],
              "passes": [
                "abd5971c-55b4-4730-897d-776dd1faf1f0"
              ],
              "failures": [],
              "pending": [],
              "skipped": [],
              "duration": 1,
              "root": false,
              "rootEmpty": false,
              "_timeout": 2000
            },
            {
              "uuid": "f70b82aa-4b72-4251-bd6f-0274b577aaaf",
              "title": "getHash()",
              "fullFile": "/home/runner/work/node-pyatv/node-pyatv/test/device.ts",
              "file": "/test/device.ts",
              "beforeHooks": [],
              "afterHooks": [],
              "tests": [
                {
                  "title": "should work",
                  "fullTitle": "NodePyATVDevice getHash() should work",
                  "timedOut": false,
                  "duration": 1,
                  "state": "passed",
                  "speed": "fast",
                  "pass": true,
                  "fail": false,
                  "pending": false,
                  "context": null,
                  "code": "return __awaiter(this, void 0, void 0, function* () {\n    const device = new device_1.default({\n        name: 'My Testdevice',\n        host: '192.168.178.2',\n        spawn: fake_spawn_1.createFakeSpawn(cp => {\n            cp.end({\n                result: 'success',\n                hash: '12345'\n            });\n        })\n    });\n    const result = yield device.getHash();\n    assert_1.default.strictEqual(result, '12345');\n});",
                  "err": {},
                  "uuid": "a59feab7-d8d1-4db4-acb0-28a476d7537e",
                  "parentUUID": "f70b82aa-4b72-4251-bd6f-0274b577aaaf",
                  "isHook": false,
                  "skipped": false
                }
              ],
              "suites": [],
              "passes": [
                "a59feab7-d8d1-4db4-acb0-28a476d7537e"
              ],
              "failures": [],
              "pending": [],
              "skipped": [],
              "duration": 1,
              "root": false,
              "rootEmpty": false,
              "_timeout": 2000
            },
            {
              "uuid": "5b44e9b6-2b89-4e1f-ba23-58255f5990fb",
              "title": "getMediaType()",
              "fullFile": "/home/runner/work/node-pyatv/node-pyatv/test/device.ts",
              "file": "/test/device.ts",
              "beforeHooks": [],
              "afterHooks": [],
              "tests": [
                {
                  "title": "should work",
                  "fullTitle": "NodePyATVDevice getMediaType() should work",
                  "timedOut": false,
                  "duration": 2,
                  "state": "passed",
                  "speed": "fast",
                  "pass": true,
                  "fail": false,
                  "pending": false,
                  "context": null,
                  "code": "return __awaiter(this, void 0, void 0, function* () {\n    const device = new device_1.default({\n        name: 'My Testdevice',\n        host: '192.168.178.2',\n        spawn: fake_spawn_1.createFakeSpawn(cp => {\n            cp.end({\n                result: 'success',\n                media_type: 'video'\n            });\n        })\n    });\n    const result = yield device.getMediaType();\n    assert_1.default.deepStrictEqual(result, types_1.NodePyATVMediaType.video);\n    assert_1.default.deepStrictEqual(result, 'video');\n});",
                  "err": {},
                  "uuid": "f1f792a6-1af3-4104-9cb1-67b885c33e4d",
                  "parentUUID": "5b44e9b6-2b89-4e1f-ba23-58255f5990fb",
                  "isHook": false,
                  "skipped": false
                }
              ],
              "suites": [],
              "passes": [
                "f1f792a6-1af3-4104-9cb1-67b885c33e4d"
              ],
              "failures": [],
              "pending": [],
              "skipped": [],
              "duration": 2,
              "root": false,
              "rootEmpty": false,
              "_timeout": 2000
            },
            {
              "uuid": "7a26b792-b06c-482a-997c-bff05c897c12",
              "title": "getDeviceState()",
              "fullFile": "/home/runner/work/node-pyatv/node-pyatv/test/device.ts",
              "file": "/test/device.ts",
[...]
                  "code": "tools_1.debug('TEST', 'Hello World.', { noColors: true });",
                  "err": {},
                  "uuid": "22ff56cb-8a3d-4e8e-9643-d6a3db33b60f",
                  "parentUUID": "c2fada0b-d3b8-49c9-8977-fdac797f8853",
                  "isHook": false,
                  "skipped": false
                },
                {
                  "title": "should work with custom logger and colors disabled",
                  "fullTitle": "Tools debug() should work with custom logger and colors disabled",
                  "timedOut": false,
                  "duration": 0,
                  "state": "passed",
                  "speed": "fast",
                  "pass": true,
                  "fail": false,
                  "pending": false,
                  "context": null,
                  "code": "tools_1.debug('TEST', 'Hello World.', {\n    noColors: true,\n    debug: function (msg) {\n        assert_1.default.strictEqual(this, null);\n        assert_1.default.strictEqual(msg, '[node-pyatv][TEST] Hello World.');\n    }\n});",
                  "err": {},
                  "uuid": "5e9fb230-1a01-4073-a827-55e8d9eb47a0",
                  "parentUUID": "c2fada0b-d3b8-49c9-8977-fdac797f8853",
                  "isHook": false,
                  "skipped": false
                }
              ],
              "suites": [],
              "passes": [
                "6cfc5f44-8f93-44a2-83d1-2dc76b4ba78f",
                "9391b495-7ab5-45f3-8646-a4e378f10e7c",
                "ef9238d0-6c69-45c1-96c6-b535b5814ddc",
                "22ff56cb-8a3d-4e8e-9643-d6a3db33b60f",
                "5e9fb230-1a01-4073-a827-55e8d9eb47a0"
              ],
              "failures": [],
              "pending": [],
              "skipped": [],
              "duration": 0,
              "root": false,
              "rootEmpty": false,
              "_timeout": 2000
            },
            {
              "uuid": "4ec317d2-c98e-469f-a996-a6c29994ac08",
              "title": "getExecutable()",
              "fullFile": "/home/runner/work/node-pyatv/node-pyatv/test/tools.ts",
              "file": "/test/tools.ts",
              "beforeHooks": [],
              "afterHooks": [],
              "tests": [
                {
                  "title": "should handle atvremotePath if set",
                  "fullTitle": "Tools getExecutable() should handle atvremotePath if set",
                  "timedOut": false,
                  "duration": 0,
                  "state": "passed",
                  "speed": "fast",
                  "pass": true,
                  "fail": false,
                  "pending": false,
                  "context": null,
                  "code": "const result = tools_1.getExecutable(types_1.NodePyATVExecutableType.atvremote, {\n    atvremotePath: '/tmp/1',\n    atvscriptPath: '/tmp/2'\n});\nassert_1.default.strictEqual(result, '/tmp/1');",
                  "err": {},
                  "uuid": "f764a49a-7a12-48a0-a1c3-3462a99c0196",
                  "parentUUID": "4ec317d2-c98e-469f-a996-a6c29994ac08",
                  "isHook": false,
                  "skipped": false
                },
                {
                  "title": "should handle atvscriptPath if set",
                  "fullTitle": "Tools getExecutable() should handle atvscriptPath if set",
                  "timedOut": false,
                  "duration": 0,
                  "state": "passed",
                  "speed": "fast",
                  "pass": true,
                  "fail": false,
                  "pending": false,
                  "context": null,
                  "code": "const result = tools_1.getExecutable(types_1.NodePyATVExecutableType.atvscript, {\n    atvremotePath: '/tmp/1',\n    atvscriptPath: '/tmp/2'\n});\nassert_1.default.strictEqual(result, '/tmp/2');",
                  "err": {},
                  "uuid": "07d6e5d5-d831-4bcd-b11e-b698e7311dcc",
                  "parentUUID": "4ec317d2-c98e-469f-a996-a6c29994ac08",
                  "isHook": false,
                  "skipped": false
                },
                {
                  "title": "should handle default for atvremote",
                  "fullTitle": "Tools getExecutable() should handle default for atvremote",
                  "timedOut": false,
                  "duration": 0,
                  "state": "passed",
                  "speed": "fast",
                  "pass": true,
                  "fail": false,
                  "pending": false,
                  "context": null,
                  "code": "const result = tools_1.getExecutable(types_1.NodePyATVExecutableType.atvremote, {\n    atvscriptPath: '/tmp'\n});\nassert_1.default.strictEqual(result, 'atvremote');",
                  "err": {},
                  "uuid": "b33e2cfa-6d0e-440f-8994-72cfec7bceb6",
                  "parentUUID": "4ec317d2-c98e-469f-a996-a6c29994ac08",
                  "isHook": false,
                  "skipped": false
                },
                {
                  "title": "should handle default for atvscript",
                  "fullTitle": "Tools getExecutable() should handle default for atvscript",
                  "timedOut": false,
                  "duration": 0,
                  "state": "passed",
                  "speed": "fast",
                  "pass": true,
                  "fail": false,
                  "pending": false,
                  "context": null,
                  "code": "const result = tools_1.getExecutable(types_1.NodePyATVExecutableType.atvscript, {\n    atvremotePath: '/tmp'\n});\nassert_1.default.strictEqual(result, 'atvscript');",
                  "err": {},
                  "uuid": "51c2928e-4a6a-4c65-8cfc-f76b9b688ad5",
                  "parentUUID": "4ec317d2-c98e-469f-a996-a6c29994ac08",
                  "isHook": false,
                  "skipped": false
                }
              ],
              "suites": [],
              "passes": [
                "f764a49a-7a12-48a0-a1c3-3462a99c0196",
                "07d6e5d5-d831-4bcd-b11e-b698e7311dcc",
                "b33e2cfa-6d0e-440f-8994-72cfec7bceb6",
                "51c2928e-4a6a-4c65-8cfc-f76b9b688ad5"
              ],
              "failures": [],
              "pending": [],
              "skipped": [],
              "duration": 0,
              "root": false,
              "rootEmpty": false,
              "_timeout": 2000
            },
            {
              "uuid": "26c06853-a917-4d3f-a2e9-10c1c4bf88fe",
              "title": "getParameters()",
              "fullFile": "/home/runner/work/node-pyatv/node-pyatv/test/tools.ts",
              "file": "/test/tools.ts",
              "beforeHooks": [],
              "afterHooks": [],
              "tests": [
                {
                  "title": "empty case",
                  "fullTitle": "Tools getParameters() empty case",
                  "timedOut": false,
                  "duration": 1,
                  "state": "passed",
                  "speed": "fast",
                  "pass": true,
                  "fail": false,
                  "pending": false,
                  "context": null,
                  "code": "return __awaiter(this, void 0, void 0, function* () {\n    const result = yield tools_1.getParamters();\n    assert_1.default.deepEqual(result, []);\n});",
                  "err": {},
                  "uuid": "7c86fb9d-1e74-4627-b43a-3b2e46b94779",
                  "parentUUID": "26c06853-a917-4d3f-a2e9-10c1c4bf88fe",
                  "isHook": false,
                  "skipped": false
                },
                {
                  "title": "easy case",
                  "fullTitle": "Tools getParameters() easy case",
                  "timedOut": false,
                  "duration": 0,
                  "state": "passed",
                  "speed": "fast",
                  "pass": true,
                  "fail": false,
                  "pending": false,
                  "context": null,
                  "code": "return __awaiter(this, void 0, void 0, function* () {\n    const result = yield tools_1.getParamters({\n        host: '192.168.178.2'\n    });\n    assert_1.default.deepEqual(result, ['-s', '192.168.178.2']);\n});",
                  "err": {},
                  "uuid": "69641e98-cf5c-4e01-8a4b-9c94a264096f",
                  "parentUUID": "26c06853-a917-4d3f-a2e9-10c1c4bf88fe",
                  "isHook": false,
                  "skipped": false
                },
                {
                  "title": "full case",
                  "fullTitle": "Tools getParameters() full case",
                  "timedOut": false,
                  "duration": 0,
                  "state": "passed",
                  "speed": "fast",
                  "pass": true,
                  "fail": false,
                  "pending": false,
                  "context": null,
                  "code": "return __awaiter(this, void 0, void 0, function* () {\n    const result = yield tools_1.getParamters({\n        hosts: ['192.168.178.2', '192.168.178.3'],\n        id: '****',\n        protocol: types_1.NodePyATVProtocol.mrp,\n        dmapCredentials: '****',\n        mrpCredentials: '****',\n        airplayCredentials: '****'\n    });\n    assert_1.default.deepEqual(result, [\n        '-s', '192.168.178.2,192.168.178.3',\n        '-i', '****',\n        '--protocol', 'mrp',\n        '--dmap-credentials', '****',\n        '--mrp-credentials', '****',\n        '--airplay-credentials', '****'\n    ]);\n});",
                  "err": {},
                  "uuid": "ecb1c2a2-328b-4d13-980f-43ee05a44f9a",
                  "parentUUID": "26c06853-a917-4d3f-a2e9-10c1c4bf88fe",
                  "isHook": false,
                  "skipped": false
                }
              ],
              "suites": [],
              "passes": [
                "7c86fb9d-1e74-4627-b43a-3b2e46b94779",
                "69641e98-cf5c-4e01-8a4b-9c94a264096f",
                "ecb1c2a2-328b-4d13-980f-43ee05a44f9a"
              ],
              "failures": [],
              "pending": [],
              "skipped": [],
              "duration": 1,
              "root": false,
              "rootEmpty": false,
              "_timeout": 2000
            },
            {
              "uuid": "45e8968e-552e-491b-9150-4753e2190e24",
              "title": "parseState()",
              "fullFile": "/home/runner/work/node-pyatv/node-pyatv/test/tools.ts",
              "file": "/test/tools.ts",
              "beforeHooks": [],
              "afterHooks": [],
              "tests": [
                {
                  "title": "should work with empty data",
                  "fullTitle": "Tools parseState() should work with empty data",
                  "timedOut": false,
                  "duration": 0,
                  "state": "passed",
                  "speed": "fast",
                  "pass": true,
                  "fail": false,
                  "pending": false,
                  "context": null,
                  "code": "const input = {};\nconst result = tools_1.parseState(input, '', {});\nassert_1.default.deepStrictEqual(result, {\n    dateTime: null,\n    hash: null,\n    mediaType: null,\n    deviceState: null,\n    title: null,\n    artist: null,\n    album: null,\n    genre: null,\n    totalTime: null,\n    position: null,\n    shuffle: null,\n    repeat: null,\n    app: null,\n    appId: null\n});",
                  "err": {},
                  "uuid": "c4a67ec0-0f98-4e1c-ad98-55ef98377a10",
                  "parentUUID": "45e8968e-552e-491b-9150-4753e2190e24",
                  "isHook": false,
                  "skipped": false
                },
                {
                  "title": "should work without data",
                  "fullTitle": "Tools parseState() should work without data",
                  "timedOut": false,
                  "duration": 0,
                  "state": "passed",
                  "speed": "fast",
                  "pass": true,
                  "fail": false,
                  "pending": false,
                  "context": null,
                  "code": "// @ts-ignore\nconst result = tools_1.parseState(null, '', {});\nassert_1.default.deepStrictEqual(result, {\n    dateTime: null,\n    hash: null,\n    mediaType: null,\n    deviceState: null,\n    title: null,\n    artist: null,\n    album: null,\n    genre: null,\n    totalTime: null,\n    position: null,\n    shuffle: null,\n    repeat: null,\n    app: null,\n    appId: null\n});",
                  "err": {},
                  "uuid": "beb2803c-d336-4711-a841-69d0473ce45b",
                  "parentUUID": "45e8968e-552e-491b-9150-4753e2190e24",
                  "isHook": false,
                  "skipped": false
                },
                {
                  "title": "should work with example data",
                  "fullTitle": "Tools parseState() should work with example data",
                  "timedOut": false,
                  "duration": 0,
                  "state": "passed",
                  "speed": "fast",
                  "pass": true,
                  "fail": false,
                  "pending": false,
                  "context": null,
                  "code": "const input = {\n    result: 'success',\n    datetime: '2020-11-07T22:38:43.608030+01:00',\n    hash: '100e0ab6-6ff5-4199-9c04-a7107ff78712',\n    media_type: 'video',\n    device_state: 'playing',\n    title: 'Solo: A Star Wars Story',\n    artist: null,\n    album: null,\n    genre: null,\n    total_time: 8097,\n    position: 27,\n    shuffle: 'off',\n    repeat: 'off',\n    app: 'Disney+',\n    app_id: 'com.disney.disneyplus'\n};\nconst result = tools_1.parseState(input, '', {});\nassert_1.default.deepStrictEqual(result, {\n    dateTime: new Date('2020-11-07T22:38:43.608030+01:00'),\n    hash: '100e0ab6-6ff5-4199-9c04-a7107ff78712',\n    mediaType: types_1.NodePyATVMediaType.video,\n    deviceState: types_1.NodePyATVDeviceState.playing,\n    title: 'Solo: A Star Wars Story',\n    artist: null,\n    album: null,\n    genre: null,\n    totalTime: 8097,\n    position: 27,\n    shuffle: types_1.NodePyATVShuffleState.off,\n    repeat: types_1.NodePyATVRepeatState.off,\n    app: 'Disney+',\n    appId: 'com.disney.disneyplus'\n});",
                  "err": {},
                  "uuid": "23c1a87f-5d5f-4baa-ac73-c2b17042ab24",
                  "parentUUID": "45e8968e-552e-491b-9150-4753e2190e24",
                  "isHook": false,
                  "skipped": false
                },
                {
                  "title": "should ignore date if it's an invalid date",
                  "fullTitle": "Tools parseState() should ignore date if it's an invalid date",
                  "timedOut": false,
                  "duration": 0,
                  "state": "passed",
                  "speed": "fast",
                  "pass": true,
                  "fail": false,
                  "pending": false,
                  "context": null,
                  "code": "const input = { datetime: 'today' };\nconst result = tools_1.parseState(input, '', {});\nassert_1.default.deepStrictEqual(result, {\n    dateTime: null,\n    hash: null,\n    mediaType: null,\n    deviceState: null,\n    title: null,\n    artist: null,\n    album: null,\n    genre: null,\n    totalTime: null,\n    position: null,\n    shuffle: null,\n    repeat: null,\n    app: null,\n    appId: null\n});",
                  "err": {},
                  "uuid": "95cee62c-c0c0-48e2-9c33-c4a8bc00aa5b",
                  "parentUUID": "45e8968e-552e-491b-9150-4753e2190e24",
                  "isHook": false,
                  "skipped": false
                },
                {
                  "title": "should ignore data if unsupported type",
                  "fullTitle": "Tools parseState() should ignore data if unsupported type",
                  "timedOut": false,
                  "duration": 0,
                  "state": "passed",
                  "speed": "fast",
                  "pass": true,
                  "fail": false,
                  "pending": false,
                  "context": null,
                  "code": "const input = {\n    result: 'success',\n    datetime: true,\n    hash: 1337,\n    media_type: false,\n    device_state: 43,\n    title: undefined,\n    artist: 90,\n    album: Infinity,\n    genre: Math.PI,\n    total_time: '23min',\n    position: '0:30.123',\n    shuffle: false,\n    repeat: true,\n    app: 0,\n    app_id: 891645381647289\n};\nconst result = tools_1.parseState(input, '', {});\nassert_1.default.deepStrictEqual(result, {\n    dateTime: null,\n    hash: null,\n    mediaType: null,\n    deviceState: null,\n    title: null,\n    artist: null,\n    album: null,\n    genre: null,\n    totalTime: null,\n    position: null,\n    shuffle: null,\n    repeat: null,\n    app: null,\n    appId: null\n});",
                  "err": {},
                  "uuid": "8b10217b-207c-4bf0-9271-4f0d48b7f9e7",
                  "parentUUID": "45e8968e-552e-491b-9150-4753e2190e24",
                  "isHook": false,
                  "skipped": false
                },
                {
                  "title": "should ignore enums with unsupported valid",
                  "fullTitle": "Tools parseState() should ignore enums with unsupported valid",
                  "timedOut": false,
                  "duration": 0,
                  "state": "passed",
                  "speed": "fast",
                  "pass": true,
                  "fail": false,
                  "pending": false,
                  "context": null,
                  "code": "const input = {\n    media_type: '3d-experience',\n    device_state: 'initiating',\n    shuffle: 'everything',\n    repeat: 'nothing'\n};\nconst result = tools_1.parseState(input, '', {});\nassert_1.default.deepStrictEqual(result, {\n    dateTime: null,\n    hash: null,\n    mediaType: null,\n    deviceState: null,\n    title: null,\n    artist: null,\n    album: null,\n    genre: null,\n    totalTime: null,\n    position: null,\n    shuffle: null,\n    repeat: null,\n    app: null,\n    appId: null\n});",
                  "err": {},
                  "uuid": "3ce21a75-9eca-4bd5-8281-571b192b1b73",
                  "parentUUID": "45e8968e-552e-491b-9150-4753e2190e24",
                  "isHook": false,
                  "skipped": false
                }
              ],
              "suites": [],
              "passes": [
                "c4a67ec0-0f98-4e1c-ad98-55ef98377a10",
                "beb2803c-d336-4711-a841-69d0473ce45b",
                "23c1a87f-5d5f-4baa-ac73-c2b17042ab24",
                "95cee62c-c0c0-48e2-9c33-c4a8bc00aa5b",
                "8b10217b-207c-4bf0-9271-4f0d48b7f9e7",
                "3ce21a75-9eca-4bd5-8281-571b192b1b73"
              ],
              "failures": [],
              "pending": [],
              "skipped": [],
              "duration": 0,
              "root": false,
              "rootEmpty": false,
              "_timeout": 2000
            }
          ],
          "passes": [],
          "failures": [],
          "pending": [],
          "skipped": [],
          "duration": 0,
          "root": false,
          "rootEmpty": false,
          "_timeout": 2000
        }
      ],
      "passes": [],
      "failures": [],
      "pending": [],
      "skipped": [],
      "duration": 0,
      "root": true,
      "rootEmpty": true,
      "_timeout": 2000
    }
  ],
  "meta": {
    "mocha": {
      "version": "8.2.0"
    },
    "mochawesome": {
      "options": {
        "quiet": false,
        "reportFilename": "mochawesome",
        "saveHtml": true,
        "saveJson": true,
        "consoleReporter": "spec",
        "useInlineDiffs": false,
        "code": true
      },
      "version": "6.2.1"
    },
    "marge": {
      "options": null,
      "version": "5.1.0"
    }
  }
}