{
  "stats": {
    "suites": 102,
    "tests": 174,
    "passes": 172,
    "pending": 2,
    "failures": 0,
    "start": "2025-09-30T09:30:14.416Z",
    "end": "2025-09-30T09:30:26.964Z",
    "duration": 12548,
    "testsRegistered": 174,
    "passPercent": 100,
    "pendingPercent": 1.1494252873563218,
    "other": 0,
    "hasOther": false,
    "skipped": 0,
    "hasSkipped": false
  },
  "results": [
    {
      "uuid": "95fa1735-6442-4419-827f-2b5063b2b83d",
      "title": "",
      "fullFile": "",
      "file": "",
      "beforeHooks": [],
      "afterHooks": [],
      "tests": [],
      "suites": [
        {
          "uuid": "7076761e-a75a-40c7-87fa-cadf81b29469",
          "title": "NodePyATVDeviceEvent",
          "fullFile": "/home/runner/work/node-pyatv/node-pyatv/test/device-event.ts",
          "file": "/test/device-event.ts",
          "beforeHooks": [],
          "afterHooks": [],
          "tests": [],
          "suites": [
            {
              "uuid": "e4c266f4-df05-40b4-b1fb-b0a041ac9c9e",
              "title": "get key()",
              "fullFile": "/home/runner/work/node-pyatv/node-pyatv/test/device-event.ts",
              "file": "/test/device-event.ts",
              "beforeHooks": [],
              "afterHooks": [],
              "tests": [
                {
                  "title": "should work",
                  "fullTitle": "NodePyATVDeviceEvent get key() should work",
                  "timedOut": false,
                  "duration": 1,
                  "state": "passed",
                  "speed": "fast",
                  "pass": true,
                  "fail": false,
                  "pending": false,
                  "context": null,
                  "code": "const event=new import_device_event.default({device:new import_device.default({host:\"192.168.178.2\",name:\"My Testinstance\"}),key:\"genre\",new:\"Rock\",old:\"Jazz\"});import_assert.default.strictEqual(event.key,\"genre\")",
                  "err": {},
                  "uuid": "a0a8c17f-7d78-4b65-81e2-fecc39bde014",
                  "parentUUID": "e4c266f4-df05-40b4-b1fb-b0a041ac9c9e",
                  "isHook": false,
                  "skipped": false
                }
              ],
              "suites": [],
              "passes": [
                "a0a8c17f-7d78-4b65-81e2-fecc39bde014"
              ],
              "failures": [],
              "pending": [],
              "skipped": [],
              "duration": 1,
              "root": false,
              "rootEmpty": false,
              "_timeout": 2000
            },
            {
              "uuid": "1116a5cb-ce8b-4abe-9923-e83301b4106e",
              "title": "get oldValue()",
              "fullFile": "/home/runner/work/node-pyatv/node-pyatv/test/device-event.ts",
              "file": "/test/device-event.ts",
              "beforeHooks": [],
              "afterHooks": [],
              "tests": [
                {
                  "title": "should work",
                  "fullTitle": "NodePyATVDeviceEvent get oldValue() should work",
                  "timedOut": false,
                  "duration": 0,
                  "state": "passed",
                  "speed": "fast",
                  "pass": true,
                  "fail": false,
                  "pending": false,
                  "context": null,
                  "code": "const event=new import_device_event.default({device:new import_device.default({host:\"192.168.178.2\",name:\"My Testinstance\"}),key:\"genre\",new:\"Rock\",old:\"Jazz\"});import_assert.default.strictEqual(event.oldValue,\"Jazz\")",
                  "err": {},
                  "uuid": "a33e481b-42ba-4670-901e-9049eb37c202",
                  "parentUUID": "1116a5cb-ce8b-4abe-9923-e83301b4106e",
                  "isHook": false,
                  "skipped": false
                }
              ],
              "suites": [],
              "passes": [
                "a33e481b-42ba-4670-901e-9049eb37c202"
              ],
              "failures": [],
              "pending": [],
              "skipped": [],
              "duration": 0,
              "root": false,
              "rootEmpty": false,
              "_timeout": 2000
            },
            {
              "uuid": "997c8f66-ed78-46d7-a452-bdf5d0bd2182",
              "title": "get newValue()",
              "fullFile": "/home/runner/work/node-pyatv/node-pyatv/test/device-event.ts",
              "file": "/test/device-event.ts",
              "beforeHooks": [],
              "afterHooks": [],
              "tests": [
                {
                  "title": "should work",
                  "fullTitle": "NodePyATVDeviceEvent get newValue() should work",
                  "timedOut": false,
                  "duration": 0,
                  "state": "passed",
                  "speed": "fast",
                  "pass": true,
                  "fail": false,
                  "pending": false,
                  "context": null,
                  "code": "const event=new import_device_event.default({device:new import_device.default({host:\"192.168.178.2\",name:\"My Testinstance\"}),key:\"genre\",new:\"Rock\",old:\"Jazz\"});import_assert.default.strictEqual(event.newValue,\"Rock\")",
                  "err": {},
                  "uuid": "3a5955b5-4cad-4ce2-820c-868332215278",
                  "parentUUID": "997c8f66-ed78-46d7-a452-bdf5d0bd2182",
                  "isHook": false,
                  "skipped": false
                }
              ],
              "suites": [],
              "passes": [
                "3a5955b5-4cad-4ce2-820c-868332215278"
              ],
              "failures": [],
              "pending": [],
              "skipped": [],
              "duration": 0,
              "root": false,
              "rootEmpty": false,
              "_timeout": 2000
            },
            {
              "uuid": "48be1044-c928-4880-8aac-064aa62ba810",
              "title": "get value()",
              "fullFile": "/home/runner/work/node-pyatv/node-pyatv/test/device-event.ts",
              "file": "/test/device-event.ts",
              "beforeHooks": [],
              "afterHooks": [],
              "tests": [
                {
                  "title": "should work",
                  "fullTitle": "NodePyATVDeviceEvent get value() should work",
                  "timedOut": false,
                  "duration": 0,
                  "state": "passed",
                  "speed": "fast",
                  "pass": true,
                  "fail": false,
                  "pending": false,
                  "context": null,
                  "code": "const event=new import_device_event.default({device:new import_device.default({host:\"192.168.178.2\",name:\"My Testinstance\"}),key:\"genre\",new:\"Rock\",old:\"Jazz\"});import_assert.default.strictEqual(event.value,\"Rock\")",
                  "err": {},
                  "uuid": "cd4d033b-ccc8-415d-b234-09237717ee06",
                  "parentUUID": "48be1044-c928-4880-8aac-064aa62ba810",
                  "isHook": false,
                  "skipped": false
                }
              ],
              "suites": [],
              "passes": [
                "cd4d033b-ccc8-415d-b234-09237717ee06"
              ],
              "failures": [],
              "pending": [],
              "skipped": [],
              "duration": 0,
              "root": false,
              "rootEmpty": false,
              "_timeout": 2000
            },
            {
              "uuid": "cce31309-feda-4aa9-a955-517abb0903f8",
              "title": "get device()",
              "fullFile": "/home/runner/work/node-pyatv/node-pyatv/test/device-event.ts",
              "file": "/test/device-event.ts",
              "beforeHooks": [],
              "afterHooks": [],
              "tests": [
                {
                  "title": "should work",
                  "fullTitle": "NodePyATVDeviceEvent get device() should work",
                  "timedOut": false,
                  "duration": 0,
                  "state": "passed",
                  "speed": "fast",
                  "pass": true,
                  "fail": false,
                  "pending": false,
                  "context": null,
                  "code": "const device=new import_device.default({host:\"192.168.178.2\",name:\"My Testinstance\"});const event=new import_device_event.default({device,key:\"genre\",new:\"Rock\",old:\"Jazz\"});import_assert.default.deepEqual(event.device,device)",
                  "err": {},
                  "uuid": "05546d7a-40ef-411a-9688-52bbcf62e26e",
                  "parentUUID": "cce31309-feda-4aa9-a955-517abb0903f8",
                  "isHook": false,
                  "skipped": false
                }
              ],
              "suites": [],
              "passes": [
                "05546d7a-40ef-411a-9688-52bbcf62e26e"
              ],
              "failures": [],
              "pending": [],
              "skipped": [],
              "duration": 0,
              "root": false,
              "rootEmpty": false,
              "_timeout": 2000
            }
          ],
          "passes": [],
          "failures": [],
          "pending": [],
          "skipped": [],
          "duration": 0,
          "root": false,
          "rootEmpty": false,
          "_timeout": 2000
        },
        {
          "uuid": "9528020f-69f0-42ec-b024-68cf57fa1f36",
          "title": "NodePyATVDeviceEvents",
          "fullFile": "/home/runner/work/node-pyatv/node-pyatv/test/device-events.ts",
          "file": "/test/device-events.ts",
          "beforeHooks": [],
          "afterHooks": [],
          "tests": [],
          "suites": [
            {
              "uuid": "b91bb112-4c6e-4b5e-a195-b37a1217d873",
              "title": "applyStateAndEmitEvents()",
              "fullFile": "/home/runner/work/node-pyatv/node-pyatv/test/device-events.ts",
              "file": "/test/device-events.ts",
              "beforeHooks": [],
              "afterHooks": [],
              "tests": [
                {
                  "title": "should emit update:key event",
                  "fullTitle": "NodePyATVDeviceEvents applyStateAndEmitEvents() should emit update:key event",
                  "timedOut": false,
                  "duration": 2,
                  "state": "passed",
                  "speed": "fast",
                  "pass": true,
                  "fail": false,
                  "pending": false,
                  "context": null,
                  "code": "const device=new import_lib.NodePyATVDevice({host:\"192.168.178.2\",name:\"My Testdevice\",spawn:(0,import_fake_spawn.createFakeSpawn)(cp=>{cp.onStdIn(()=>cp.end());cp.stdout({result:\"success\",title:\"My Movie\"})})});await new Promise(cb=>{device.once(\"update:title\",event=>{import_assert.default.ok(event instanceof import_lib.NodePyATVDeviceEvent);import_assert.default.strictEqual(event.key,\"title\");import_assert.default.strictEqual(event.oldValue,null);import_assert.default.strictEqual(event.newValue,\"My Movie\");import_assert.default.strictEqual(event.value,\"My Movie\");import_assert.default.deepStrictEqual(event.device,device);cb(void 0)})})",
                  "err": {},
                  "uuid": "ac40330d-23b5-4966-bf0d-8f9165902344",
                  "parentUUID": "b91bb112-4c6e-4b5e-a195-b37a1217d873",
                  "isHook": false,
                  "skipped": false
                },
                {
                  "title": "should emit update event",
                  "fullTitle": "NodePyATVDeviceEvents applyStateAndEmitEvents() should emit update event",
                  "timedOut": false,
                  "duration": 1,
                  "state": "passed",
                  "speed": "fast",
                  "pass": true,
                  "fail": false,
                  "pending": false,
                  "context": null,
                  "code": "const device=new import_lib.NodePyATVDevice({host:\"192.168.178.2\",name:\"My Testdevice\",spawn:(0,import_fake_spawn.createFakeSpawn)(cp=>{cp.onStdIn(()=>cp.end());cp.stdout({result:\"success\",title:\"My Movie\"})})});await new Promise(cb=>{device.once(\"update\",event=>{import_assert.default.ok(event instanceof import_lib.NodePyATVDeviceEvent);import_assert.default.strictEqual(event.key,\"title\");import_assert.default.strictEqual(event.oldValue,null);import_assert.default.strictEqual(event.newValue,\"My Movie\");import_assert.default.strictEqual(event.value,\"My Movie\");import_assert.default.deepStrictEqual(event.device,device);cb(void 0)})})",
                  "err": {},
                  "uuid": "0dfdff04-8302-42a4-9f19-f6e1d1779410",
                  "parentUUID": "b91bb112-4c6e-4b5e-a195-b37a1217d873",
                  "isHook": false,
                  "skipped": false
                },
                {
                  "title": "should emit update:key event before update",
                  "fullTitle": "NodePyATVDeviceEvents applyStateAndEmitEvents() should emit update:key event before update",
                  "timedOut": false,
                  "duration": 2,
                  "state": "passed",
                  "speed": "fast",
                  "pass": true,
                  "fail": false,
                  "pending": false,
                  "context": null,
                  "code": "const device=new import_lib.NodePyATVDevice({host:\"192.168.178.2\",name:\"My Testdevice\",spawn:(0,import_fake_spawn.createFakeSpawn)(cp=>{cp.onStdIn(()=>cp.end());cp.stdout({result:\"success\",title:\"My Movie\"})})});const sort=[];await Promise.race([new Promise(cb=>{device.once(\"update\",()=>{sort.push(\"update\");cb(void 0)})}),new Promise(cb=>{device.once(\"update:title\",()=>{sort.push(\"update:title\");cb(void 0)})})]);import_assert.default.deepStrictEqual(sort,[\"update:title\",\"update\"])",
                  "err": {},
                  "uuid": "ad1c3101-0ef9-4212-b43d-76de55f62c72",
                  "parentUUID": "b91bb112-4c6e-4b5e-a195-b37a1217d873",
                  "isHook": false,
                  "skipped": false
                },
                {
                  "title": "should emit error events on failures",
                  "fullTitle": "NodePyATVDeviceEvents applyStateAndEmitEvents() should emit error events on failures",
                  "timedOut": false,
                  "duration": 2,
                  "state": "passed",
                  "speed": "fast",
                  "pass": true,
                  "fail": false,
                  "pending": false,
                  "context": null,
                  "code": "const device=new import_lib.NodePyATVDevice({host:\"192.168.178.2\",name:\"My Testdevice\",spawn:(0,import_fake_spawn.createFakeSpawn)(cp=>{cp.onStdIn(()=>cp.end());cp.stdout({datetime:\"2021-11-24T21:13:36.424576+03:00\",exception:\"invalid credentials: 321\",result:\"failure\",stacktrace:'Traceback (most recent call last):\\n  File \"/Users/free/Library/Python/3.8/lib/python/site-packages/pyatv/scripts/atvscript.py\", line 302, in appstart\\n    print(args.output(await _handle_command(args, abort_sem, loop)), flush=True)\\n  File \"/Users/free/Library/Python/3.8/lib/python/site-packages/pyatv/scripts/atvscript.py\", line 196, in _handle_command\\n    atv = await connect(config, loop, protocol=Protocol.MRP)\\n  File \"/Users/free/Library/Python/3.8/lib/python/site-packages/pyatv/__init__.py\", line 96, in connect\\n    for setup_data in proto_methods.setup(\\n  File \"/Users/free/Library/Python/3.8/lib/python/site-packages/pyatv/protocols/airplay/__init__.py\", line 192, in setup\\n    stream = AirPlayStream(config, service)\\n  File \"/Users/free/Library/Python/3.8/lib/python/site-packages/pyatv/protocols/airplay/__init__.py\", line 79, in __init__\\n    self._credentials: HapCredentials = parse_credentials(self.service.credentials)\\n  File \"/Users/free/Library/Python/3.8/lib/python/site-packages/pyatv/auth/hap_pairing.py\", line 139, in parse_credentials\\n    raise exceptions.InvalidCredentialsError(\"invalid credentials: \" + detail_string)\\npyatv.exceptions.InvalidCredentialsError: invalid credentials: 321\\n'})})});await new Promise(cb=>{device.once(\"error\",error=>{import_assert.default.ok(error instanceof Error);import_assert.default.ok(error.toString().includes(\"invalid credentials: 321\"));cb(void 0)})})",
                  "err": {},
                  "uuid": "a67840b8-95e8-4fd6-b0d5-0a47d15395ed",
                  "parentUUID": "b91bb112-4c6e-4b5e-a195-b37a1217d873",
                  "isHook": false,
                  "skipped": false
                },
                {
                  "title": "should not emit an update if new value is same as old one",
                  "fullTitle": "NodePyATVDeviceEvents applyStateAndEmitEvents() should not emit an update if new value is same as old one",
                  "timedOut": false,
                  "duration": 3,
                  "state": "passed",
                  "speed": "fast",
                  "pass": true,
                  "fail": false,
                  "pending": false,
                  "context": null,
                  "code": "let spawnCounter=0;let eventCounter=0;const device=new import_lib.NodePyATVDevice({host:\"192.168.178.2\",name:\"My Testdevice\",spawn:(0,import_fake_spawn.createFakeSpawn)(cp=>{if(spawnCounter===0){cp.onStdIn(()=>cp.end())}cp.stdout({result:\"success\",title:\"My Movie\"});spawnCounter++;if(spawnCounter>=2){cp.end()}})});const listener=__name(()=>{eventCounter++},\"listener\");device.on(\"update\",listener);await new Promise(cb=>setTimeout(cb,0));await device.getState();device.off(\"update\",listener);import_assert.default.strictEqual(spawnCounter,2);import_assert.default.strictEqual(eventCounter,1)",
                  "err": {},
                  "uuid": "643af9c2-5964-4b91-824d-e4ba73575ae8",
                  "parentUUID": "b91bb112-4c6e-4b5e-a195-b37a1217d873",
                  "isHook": false,
                  "skipped": false
                },
                {
                  "title": "should emit error event if event listener throws an exception",
                  "fullTitle": "NodePyATVDeviceEvents applyStateAndEmitEvents() should emit error event if event listener throws an exception",
                  "timedOut": false,
                  "duration": 2,
                  "state": "passed",
                  "speed": "fast",
                  "pass": true,
                  "fail": false,
                  "pending": false,
                  "context": null,
                  "code": "const device=new import_lib.NodePyATVDevice({host:\"192.168.178.2\",name:\"My Testdevice\",spawn:(0,import_fake_spawn.createFakeSpawn)(cp=>{cp.onStdIn(()=>cp.end());cp.stdout({result:\"success\",title:\"My Movie\"})})});let callCounter=0;const error=new Error(\"This is an error. Be nice.\");device.once(\"error\",err=>{import_assert.default.strictEqual(err,error);callCounter++});const listener=__name(()=>{throw error},\"listener\");device.on(\"update\",listener);await new Promise(cb=>setTimeout(cb,0));device.off(\"update\",listener);import_assert.default.strictEqual(callCounter,1)",
                  "err": {},
                  "uuid": "ead644f4-3500-4e5f-b193-169124f31e09",
                  "parentUUID": "b91bb112-4c6e-4b5e-a195-b37a1217d873",
                  "isHook": false,
                  "skipped": false
                },
                {
                  "title": "should also work with powerState",
                  "fullTitle": "NodePyATVDeviceEvents applyStateAndEmitEvents() should also work with powerState",
                  "timedOut": false,
                  "duration": 1,
                  "state": "passed",
                  "speed": "fast",
                  "pass": true,
                  "fail": false,
                  "pending": false,
                  "context": null,
                  "code": "const device=new import_lib.NodePyATVDevice({host:\"192.168.178.2\",name:\"My Testdevice\",spawn:(0,import_fake_spawn.createFakeSpawn)(cp=>{cp.onStdIn(()=>cp.end());cp.stdout({datetime:new Date().toJSON(),power_state:\"off\",result:\"success\"})})});await new Promise(cb=>{device.once(\"update:powerState\",event=>{import_assert.default.ok(event instanceof import_lib.NodePyATVDeviceEvent);import_assert.default.strictEqual(event.key,\"powerState\");import_assert.default.strictEqual(event.oldValue,null);import_assert.default.strictEqual(event.newValue,\"off\");import_assert.default.strictEqual(event.newValue,import_lib.NodePyATVPowerState.off);import_assert.default.strictEqual(event.value,\"off\");import_assert.default.strictEqual(event.value,import_lib.NodePyATVPowerState.off);import_assert.default.deepStrictEqual(event.device,device);cb(void 0)})})",
                  "err": {},
                  "uuid": "2fa45959-1c25-439e-9886-b059df0afd5f",
                  "parentUUID": "b91bb112-4c6e-4b5e-a195-b37a1217d873",
                  "isHook": false,
                  "skipped": false
                },
                {
                  "title": "should only one event for powerState changes",
                  "fullTitle": "NodePyATVDeviceEvents applyStateAndEmitEvents() should only one event for powerState changes",
                  "timedOut": false,
                  "duration": 10,
                  "state": "passed",
                  "speed": "fast",
                  "pass": true,
                  "fail": false,
                  "pending": false,
                  "context": null,
                  "code": "const device=new import_lib.NodePyATVDevice({host:\"192.168.178.2\",name:\"My Testdevice\",spawn:(0,import_fake_spawn.createFakeSpawn)(cp=>{cp.onStdIn(()=>cp.end());cp.stdout({datetime:new Date().toJSON(),power_state:\"off\",result:\"success\"});cp.end()})});let counter=0;device.on(\"update\",event=>{import_assert.default.ok(event instanceof import_lib.NodePyATVDeviceEvent);import_assert.default.strictEqual(event.key,\"powerState\");import_assert.default.strictEqual(event.oldValue,null);import_assert.default.strictEqual(event.newValue,\"off\");import_assert.default.strictEqual(event.newValue,import_lib.NodePyATVPowerState.off);import_assert.default.strictEqual(event.value,\"off\");import_assert.default.strictEqual(event.value,import_lib.NodePyATVPowerState.off);import_assert.default.deepStrictEqual(event.device,device);counter++});await new Promise(cb=>setTimeout(cb,10));import_assert.default.strictEqual(counter,1);device.removeAllListeners(\"update\")",
                  "err": {},
                  "uuid": "5c6c664f-fe13-428d-8ed5-3bc88556c29d",
                  "parentUUID": "b91bb112-4c6e-4b5e-a195-b37a1217d873",
                  "isHook": false,
                  "skipped": false
                },
                {
                  "title": "should only one event for focusState changes",
                  "fullTitle": "NodePyATVDeviceEvents applyStateAndEmitEvents() should only one event for focusState changes",
                  "timedOut": false,
                  "duration": 11,
                  "state": "passed",
                  "speed": "fast",
                  "pass": true,
                  "fail": false,
                  "pending": false,
                  "context": null,
                  "code": "const device=new import_lib.NodePyATVDevice({host:\"192.168.178.2\",name:\"My Testdevice\",spawn:(0,import_fake_spawn.createFakeSpawn)(cp=>{cp.onStdIn(()=>cp.end());cp.stdout({datetime:new Date().toJSON(),focus_state:\"unfocused\",result:\"success\"});cp.end()})});let counter=0;device.on(\"update\",event=>{import_assert.default.ok(event instanceof import_lib.NodePyATVDeviceEvent);import_assert.default.strictEqual(event.key,\"focusState\");import_assert.default.strictEqual(event.oldValue,null);import_assert.default.strictEqual(event.newValue,\"unfocused\");import_assert.default.strictEqual(event.newValue,import_types.NodePyATVFocusState.unfocused);import_assert.default.strictEqual(event.value,\"unfocused\");import_assert.default.strictEqual(event.value,import_types.NodePyATVFocusState.unfocused);import_assert.default.deepStrictEqual(event.device,device);counter++});await new Promise(cb=>setTimeout(cb,10));import_assert.default.strictEqual(counter,1);device.removeAllListeners(\"update\")",
                  "err": {},
                  "uuid": "c0a46e7d-9e7a-4d19-b6de-a8af61a8142c",
                  "parentUUID": "b91bb112-4c6e-4b5e-a195-b37a1217d873",
                  "isHook": false,
                  "skipped": false
                },
                {
                  "title": "should only one event for outputDevices changes",
                  "fullTitle": "NodePyATVDeviceEvents applyStateAndEmitEvents() should only one event for outputDevices changes",
                  "timedOut": false,
                  "duration": 10,
                  "state": "passed",
                  "speed": "fast",
                  "pass": true,
                  "fail": false,
                  "pending": false,
                  "context": null,
                  "code": "const device=new import_lib.NodePyATVDevice({host:\"192.168.178.2\",name:\"My Testdevice\",spawn:(0,import_fake_spawn.createFakeSpawn)(cp=>{cp.onStdIn(()=>cp.end());cp.stdout({datetime:new Date().toJSON(),output_devices:[{identifier:\"AAAAAAAA-BBBB-CCCC-DDDD-EEEEEEEEEEEE\",name:\"Living room\"}],result:\"success\"});cp.end()})});let counter=0;device.on(\"update\",event=>{import_assert.default.ok(event instanceof import_lib.NodePyATVDeviceEvent);import_assert.default.strictEqual(event.key,\"outputDevices\");import_assert.default.strictEqual(event.oldValue,null);import_assert.default.deepStrictEqual(event.newValue,[{identifier:\"AAAAAAAA-BBBB-CCCC-DDDD-EEEEEEEEEEEE\",name:\"Living room\"}]);import_assert.default.deepStrictEqual(event.value,[{identifier:\"AAAAAAAA-BBBB-CCCC-DDDD-EEEEEEEEEEEE\",name:\"Living room\"}]);import_assert.default.deepStrictEqual(event.device,device);counter++});await new Promise(cb=>setTimeout(cb,10));import_assert.default.strictEqual(counter,1);device.removeAllListeners(\"update\")",
                  "err": {},
                  "uuid": "777d1751-e3fb-4409-8260-5b511044030b",
                  "parentUUID": "b91bb112-4c6e-4b5e-a195-b37a1217d873",
                  "isHook": false,
                  "skipped": false
                },
                {
                  "title": "should only one event for volume changes",
                  "fullTitle": "NodePyATVDeviceEvents applyStateAndEmitEvents() should only one event for volume changes",
                  "timedOut": false,
                  "duration": 11,
                  "state": "passed",
                  "speed": "fast",
                  "pass": true,
                  "fail": false,
                  "pending": false,
                  "context": null,
                  "code": "const device=new import_lib.NodePyATVDevice({host:\"192.168.178.2\",name:\"My Testdevice\",spawn:(0,import_fake_spawn.createFakeSpawn)(cp=>{cp.onStdIn(()=>cp.end());cp.stdout({datetime:new Date().toJSON(),result:\"success\",volume:20});cp.end()})});let counter=0;device.on(\"update\",event=>{import_assert.default.ok(event instanceof import_lib.NodePyATVDeviceEvent);import_assert.default.strictEqual(event.key,\"volume\");import_assert.default.strictEqual(event.oldValue,null);import_assert.default.strictEqual(event.newValue,20);import_assert.default.strictEqual(event.value,20);import_assert.default.deepStrictEqual(event.device,device);counter++});await new Promise(cb=>setTimeout(cb,10));import_assert.default.strictEqual(counter,1);device.removeAllListeners(\"update\")",
                  "err": {},
                  "uuid": "98a38100-74fb-42e8-9850-ca39dac48613",
                  "parentUUID": "b91bb112-4c6e-4b5e-a195-b37a1217d873",
                  "isHook": false,
                  "skipped": false
                },
                {
                  "title": "should not trigger any events for newly added fields",
                  "fullTitle": "NodePyATVDeviceEvents applyStateAndEmitEvents() should not trigger any events for newly added fields",
                  "timedOut": false,
                  "duration": 10,
                  "state": "passed",
                  "speed": "fast",
                  "pass": true,
                  "fail": false,
                  "pending": false,
                  "context": null,
                  "code": "const device=new import_lib.NodePyATVDevice({host:\"192.168.178.2\",name:\"My Testdevice\",spawn:(0,import_fake_spawn.createFakeSpawn)(cp=>{cp.onStdIn(()=>cp.end());cp.stdout({datetime:new Date().toJSON(),foo:\"bar\",result:\"success\"});cp.end()})});device.on(\"update\",event=>{import_assert.default.fail(`Got an update event for a new field: ${event}`)});await new Promise(cb=>setTimeout(cb,10));device.removeAllListeners(\"update\")",
                  "err": {},
                  "uuid": "33e22cec-c187-457b-9d2c-ccddefb09c9d",
                  "parentUUID": "b91bb112-4c6e-4b5e-a195-b37a1217d873",
                  "isHook": false,
                  "skipped": false
                }
              ],
              "suites": [],
              "passes": [
                "ac40330d-23b5-4966-bf0d-8f9165902344",
                "0dfdff04-8302-42a4-9f19-f6e1d1779410",
                "ad1c3101-0ef9-4212-b43d-76de55f62c72",
                "a67840b8-95e8-4fd6-b0d5-0a47d15395ed",
                "643af9c2-5964-4b91-824d-e4ba73575ae8",
                "ead644f4-3500-4e5f-b193-169124f31e09",
                "2fa45959-1c25-439e-9886-b059df0afd5f",
                "5c6c664f-fe13-428d-8ed5-3bc88556c29d",
                "c0a46e7d-9e7a-4d19-b6de-a8af61a8142c",
                "777d1751-e3fb-4409-8260-5b511044030b",
                "98a38100-74fb-42e8-9850-ca39dac48613",
                "33e22cec-c187-457b-9d2c-ccddefb09c9d"
              ],
              "failures": [],
              "pending": [],
              "skipped": [],
              "duration": 65,
              "root": false,
              "rootEmpty": false,
              "_timeout": 2000
            },
            {
              "uuid": "04ce359d-9286-41e8-8fec-163e5bd18d52",
              "title": "start|stopListening()",
              "fullFile": "/home/runner/work/node-pyatv/node-pyatv/test/device-events.ts",
              "file": "/test/device-events.ts",
              "beforeHooks": [],
              "afterHooks": [],
              "tests": [
                {
                  "title": "should emit error if spawn fails",
                  "fullTitle": "NodePyATVDeviceEvents start|stopListening() should emit error if spawn fails",
                  "timedOut": false,
                  "duration": 1,
                  "state": "passed",
                  "speed": "fast",
                  "pass": true,
                  "fail": false,
                  "pending": false,
                  "context": null,
                  "code": "const error=new Error;const device=new import_lib.NodePyATVDevice({host:\"192.168.178.2\",name:\"My Testdevice\",spawn:(0,import_fake_spawn.createFakeSpawn)(cp=>{cp.error(error).end()})});const listener=__name(()=>{},\"listener\");device.on(\"update\",listener);await new Promise(cb=>{device.once(\"error\",err=>{import_assert.default.strictEqual(err,error);cb(void 0)})});device.off(\"update\",listener)",
                  "err": {},
                  "uuid": "f03c744b-8eba-4da7-bee8-99f1fac8ee8a",
                  "parentUUID": "04ce359d-9286-41e8-8fec-163e5bd18d52",
                  "isHook": false,
                  "skipped": false
                },
                {
                  "title": "should emit error on stderr data",
                  "fullTitle": "NodePyATVDeviceEvents start|stopListening() should emit error on stderr data",
                  "timedOut": false,
                  "duration": 2,
                  "state": "passed",
                  "speed": "fast",
                  "pass": true,
                  "fail": false,
                  "pending": false,
                  "context": null,
                  "code": "const device=new import_lib.NodePyATVDevice({host:\"192.168.178.2\",name:\"My Testdevice\",spawn:(0,import_fake_spawn.createFakeSpawn)(cp=>{cp.stderr(\"Hello World!\").end()})});const listener=__name(()=>{},\"listener\");device.on(\"update\",listener);await new Promise(cb=>{device.once(\"error\",err=>{import_assert.default.ok(err instanceof Error);import_assert.default.ok(err.toString().includes(\"Got stderr output from pyatv: Hello World!\"));cb(void 0)})});device.off(\"update\",listener)",
                  "err": {},
                  "uuid": "8c634838-c995-45d9-9bfb-74bd8ee90506",
                  "parentUUID": "04ce359d-9286-41e8-8fec-163e5bd18d52",
                  "isHook": false,
                  "skipped": false
                },
                {
                  "title": "should emit error if stdout is not valid json",
                  "fullTitle": "NodePyATVDeviceEvents start|stopListening() should emit error if stdout is not valid json",
                  "timedOut": false,
                  "duration": 2,
                  "state": "passed",
                  "speed": "fast",
                  "pass": true,
                  "fail": false,
                  "pending": false,
                  "context": null,
                  "code": "const device=new import_lib.NodePyATVDevice({host:\"192.168.178.2\",name:\"My Testdevice\",spawn:(0,import_fake_spawn.createFakeSpawn)(cp=>{cp.stdout(\"#\").end()})});const listener=__name(()=>{},\"listener\");device.on(\"update\",listener);await new Promise(cb=>{device.once(\"error\",err=>{import_assert.default.ok(err instanceof Error);import_assert.default.ok(err.toString().includes(\"Unable to parse stdout json: SyntaxError\"));cb(void 0)})});device.off(\"update\",listener)",
                  "err": {},
                  "uuid": "5b12d0e0-52ac-448b-93b1-b80dd235d369",
                  "parentUUID": "04ce359d-9286-41e8-8fec-163e5bd18d52",
                  "isHook": false,
                  "skipped": false
                },
                {
                  "title": "should restart the process if it gets killed",
                  "fullTitle": "NodePyATVDeviceEvents start|stopListening() should restart the process if it gets killed",
                  "timedOut": false,
                  "duration": 0,
                  "state": "pending",
                  "speed": null,
                  "pass": false,
                  "fail": false,
                  "pending": true,
                  "context": null,
                  "code": "",
                  "err": {},
                  "uuid": "1a376c54-39d6-4832-a92d-aa04450e6d81",
                  "parentUUID": "04ce359d-9286-41e8-8fec-163e5bd18d52",
                  "isHook": false,
                  "skipped": false
                }
              ],
              "suites": [],
              "passes": [
                "f03c744b-8eba-4da7-bee8-99f1fac8ee8a",
                "8c634838-c995-45d9-9bfb-74bd8ee90506",
                "5b12d0e0-52ac-448b-93b1-b80dd235d369"
              ],
              "failures": [],
              "pending": [
                "1a376c54-39d6-4832-a92d-aa04450e6d81"
              ],
              "skipped": [],
              "duration": 5,
              "root": false,
              "rootEmpty": false,
              "_timeout": 2000
            },
            {
              "uuid": "41f9e2dc-b166-4f3e-abc2-b020f1951df3",
              "title": "addListener() / removeAllListeners()",
              "fullFile": "/home/runner/work/node-pyatv/node-pyatv/test/device-events.ts",
              "file": "/test/device-events.ts",
              "beforeHooks": [],
              "afterHooks": [],
              "tests": [
                {
                  "title": "should work without any exceptions",
                  "fullTitle": "NodePyATVDeviceEvents addListener() / removeAllListeners() should work without any exceptions",
                  "timedOut": false,
                  "duration": 0,
                  "state": "passed",
                  "speed": "fast",
                  "pass": true,
                  "fail": false,
                  "pending": false,
                  "context": null,
                  "code": "const device=new import_lib.NodePyATVDevice({host:\"192.168.178.2\",name:\"My Testdevice\",spawn:(0,import_fake_spawn.createFakeSpawn)(cp=>{cp.onStdIn(()=>cp.end());cp.stdout({result:\"success\",title:\"My Movie\"})})});const listener=__name(()=>{},\"listener\");device.addListener(\"update\",listener);device.removeAllListeners(\"update\")",
                  "err": {},
                  "uuid": "d024facd-7282-4f3f-80d0-cdf6b53e6195",
                  "parentUUID": "41f9e2dc-b166-4f3e-abc2-b020f1951df3",
                  "isHook": false,
                  "skipped": false
                }
              ],
              "suites": [],
              "passes": [
                "d024facd-7282-4f3f-80d0-cdf6b53e6195"
              ],
              "failures": [],
              "pending": [],
              "skipped": [],
              "duration": 0,
              "root": false,
              "rootEmpty": false,
              "_timeout": 2000
            },
            {
              "uuid": "c56dc927-6dc5-4df5-ae8a-cd4e1ad5f0fc",
              "title": "emit()",
              "fullFile": "/home/runner/work/node-pyatv/node-pyatv/test/device-events.ts",
              "file": "/test/device-events.ts",
              "beforeHooks": [],
              "afterHooks": [],
              "tests": [
                {
                  "title": "should work",
                  "fullTitle": "NodePyATVDeviceEvents emit() should work",
                  "timedOut": false,
                  "duration": 0,
                  "state": "passed",
                  "speed": "fast",
                  "pass": true,
                  "fail": false,
                  "pending": false,
                  "context": null,
                  "code": "const device=new import_lib.NodePyATVDevice({host:\"192.168.178.2\",name:\"My Testdevice\",spawn:(0,import_fake_spawn.createFakeSpawn)(cp=>{cp.onStdIn(()=>cp.end())})});const event=new import_lib.NodePyATVDeviceEvent({device,key:\"dateTime\",new:\"bar\",old:\"foo\"});let executions=0;device.once(\"test\",e=>{executions++;import_assert.default.strictEqual(e,event);import_assert.default.strictEqual(executions,1);done()});device.emit(\"test\",event)",
                  "err": {},
                  "uuid": "2e50fbbe-cd6c-424f-814e-252b9838dce0",
                  "parentUUID": "c56dc927-6dc5-4df5-ae8a-cd4e1ad5f0fc",
                  "isHook": false,
                  "skipped": false
                }
              ],
              "suites": [],
              "passes": [
                "2e50fbbe-cd6c-424f-814e-252b9838dce0"
              ],
              "failures": [],
              "pending": [],
              "skipped": [],
              "duration": 0,
              "root": false,
              "rootEmpty": false,
              "_timeout": 2000
            },
            {
              "uuid": "6a0a0eec-128b-4c76-9fcf-9aa132af1b7e",
              "title": "eventNames()",
              "fullFile": "/home/runner/work/node-pyatv/node-pyatv/test/device-events.ts",
              "file": "/test/device-events.ts",
              "beforeHooks": [],
              "afterHooks": [],
              "tests": [
                {
                  "title": "should work",
                  "fullTitle": "NodePyATVDeviceEvents eventNames() should work",
                  "timedOut": false,
                  "duration": 1,
                  "state": "passed",
                  "speed": "fast",
                  "pass": true,
                  "fail": false,
                  "pending": false,
                  "context": null,
                  "code": "const device=new import_lib.NodePyATVDevice({host:\"192.168.178.2\",name:\"My Testdevice\",spawn:(0,import_fake_spawn.createFakeSpawn)(cp=>{cp.onStdIn(()=>cp.end())})});const listener=__name(()=>{},\"listener\");device.on(\"test\",listener);import_assert.default.deepStrictEqual(device.eventNames(),[\"test\"]);device.off(\"test\",listener)",
                  "err": {},
                  "uuid": "7ee0d61a-bf87-451a-8cb6-401323723a0e",
                  "parentUUID": "6a0a0eec-128b-4c76-9fcf-9aa132af1b7e",
                  "isHook": false,
                  "skipped": false
                }
              ],
              "suites": [],
              "passes": [
                "7ee0d61a-bf87-451a-8cb6-401323723a0e"
              ],
              "failures": [],
              "pending": [],
              "skipped": [],
              "duration": 1,
              "root": false,
              "rootEmpty": false,
              "_timeout": 2000
            },
            {
              "uuid": "5ace23bf-2656-4c9c-bb7a-41fd7edbb23e",
              "title": "getMaxListeners()",
              "fullFile": "/home/runner/work/node-pyatv/node-pyatv/test/device-events.ts",
              "file": "/test/device-events.ts",
              "beforeHooks": [],
              "afterHooks": [],
              "tests": [
                {
                  "title": "should work",
                  "fullTitle": "NodePyATVDeviceEvents getMaxListeners() should work",
                  "timedOut": false,
                  "duration": 0,
                  "state": "passed",
                  "speed": "fast",
                  "pass": true,
                  "fail": false,
                  "pending": false,
                  "context": null,
                  "code": "const device=new import_lib.NodePyATVDevice({host:\"192.168.178.2\",name:\"My Testdevice\",spawn:(0,import_fake_spawn.createFakeSpawn)(cp=>{cp.onStdIn(()=>cp.end())})});const result=device.getMaxListeners();import_assert.default.ok(typeof result,\"number\");import_assert.default.ok(result>=10)",
                  "err": {},
                  "uuid": "b0001abe-42cf-463a-871a-550d868f423a",
                  "parentUUID": "5ace23bf-2656-4c9c-bb7a-41fd7edbb23e",
                  "isHook": false,
                  "skipped": false
                }
              ],
              "suites": [],
              "passes": [
                "b0001abe-42cf-463a-871a-550d868f423a"
              ],
              "failures": [],
              "pending": [],
              "skipped": [],
              "duration": 0,
              "root": false,
              "rootEmpty": false,
              "_timeout": 2000
            },
            {
              "uuid": "4771ea23-0011-4b4e-835d-bc780919c750",
              "title": "listenerCount()",
              "fullFile": "/home/runner/work/node-pyatv/node-pyatv/test/device-events.ts",
              "file": "/test/device-events.ts",
              "beforeHooks": [],
              "afterHooks": [],
              "tests": [
                {
                  "title": "should work",
                  "fullTitle": "NodePyATVDeviceEvents listenerCount() should work",
                  "timedOut": false,
                  "duration": 0,
                  "state": "passed",
                  "speed": "fast",
                  "pass": true,
                  "fail": false,
                  "pending": false,
                  "context": null,
                  "code": "const device=new import_lib.NodePyATVDevice({host:\"192.168.178.2\",name:\"My Testdevice\",spawn:(0,import_fake_spawn.createFakeSpawn)(cp=>{cp.onStdIn(()=>cp.end())})});const listener=__name(()=>{},\"listener\");import_assert.default.deepStrictEqual(device.listenerCount(\"test\"),0);device.on(\"test\",listener);import_assert.default.deepStrictEqual(device.listenerCount(\"test\"),1);device.off(\"test\",listener)",
                  "err": {},
                  "uuid": "e1f9e980-ef1d-42ae-864d-b2ddaa657d34",
                  "parentUUID": "4771ea23-0011-4b4e-835d-bc780919c750",
                  "isHook": false,
                  "skipped": false
                }
              ],
              "suites": [],
              "passes": [
                "e1f9e980-ef1d-42ae-864d-b2ddaa657d34"
              ],
              "failures": [],
              "pending": [],
              "skipped": [],
              "duration": 0,
              "root": false,
              "rootEmpty": false,
              "_timeout": 2000
            },
            {
              "uuid": "a0c8f7d9-6e2a-4da2-936b-73e2eeb86a7e",
              "title": "listeners()",
              "fullFile": "/home/runner/work/node-pyatv/node-pyatv/test/device-events.ts",
              "file": "/test/device-events.ts",
              "beforeHooks": [],
              "afterHooks": [],
              "tests": [
                {
                  "title": "should work",
                  "fullTitle": "NodePyATVDeviceEvents listeners() should work",
                  "timedOut": false,
                  "duration": 0,
                  "state": "passed",
                  "speed": "fast",
                  "pass": true,
                  "fail": false,
                  "pending": false,
                  "context": null,
                  "code": "const device=new import_lib.NodePyATVDevice({host:\"192.168.178.2\",name:\"My Testdevice\",spawn:(0,import_fake_spawn.createFakeSpawn)(cp=>{cp.onStdIn(()=>cp.end())})});const listener=__name(()=>{},\"listener\");import_assert.default.deepStrictEqual(device.listeners(\"test\").length,0);device.on(\"test\",listener);import_assert.default.deepStrictEqual(device.listeners(\"test\").length,1);import_assert.default.deepStrictEqual(device.listeners(\"test\")[0],listener);device.off(\"test\",listener)",
                  "err": {},
                  "uuid": "90b1ffe4-d3fa-41cc-b8bb-b80e6fcb0e89",
                  "parentUUID": "a0c8f7d9-6e2a-4da2-936b-73e2eeb86a7e",
                  "isHook": false,
                  "skipped": false
                }
              ],
              "suites": [],
              "passes": [
                "90b1ffe4-d3fa-41cc-b8bb-b80e6fcb0e89"
              ],
              "failures": [],
              "pending": [],
              "skipped": [],
              "duration": 0,
              "root": false,
              "rootEmpty": false,
              "_timeout": 2000
            },
            {
              "uuid": "7c1eb0cd-e262-4ceb-9751-aa0ef6b18b72",
              "title": "prependListener()",
              "fullFile": "/home/runner/work/node-pyatv/node-pyatv/test/device-events.ts",
              "file": "/test/device-events.ts",
              "beforeHooks": [],
              "afterHooks": [],
              "tests": [
                {
                  "title": "should work",
                  "fullTitle": "NodePyATVDeviceEvents prependListener() should work",
                  "timedOut": false,
                  "duration": 1,
                  "state": "passed",
                  "speed": "fast",
                  "pass": true,
                  "fail": false,
                  "pending": false,
                  "context": null,
                  "code": "const device=new import_lib.NodePyATVDevice({host:\"192.168.178.2\",name:\"My Testdevice\",spawn:(0,import_fake_spawn.createFakeSpawn)(cp=>{cp.onStdIn(()=>cp.end());cp.stdout({result:\"success\",title:\"My Movie\"})})});const listener=__name(()=>{device.removeAllListeners(\"update\");done()},\"listener\");device.prependListener(\"update\",listener)",
                  "err": {},
                  "uuid": "e822f989-0bec-4088-bf17-cb07a0fb6ffe",
                  "parentUUID": "7c1eb0cd-e262-4ceb-9751-aa0ef6b18b72",
                  "isHook": false,
                  "skipped": false
                }
              ],
              "suites": [],
              "passes": [
                "e822f989-0bec-4088-bf17-cb07a0fb6ffe"
              ],
              "failures": [],
              "pending": [],
              "skipped": [],
              "duration": 1,
              "root": false,
              "rootEmpty": false,
              "_timeout": 2000
            },
            {
              "uuid": "4850666f-fd8f-48dc-bfd8-8f98e2dfee36",
              "title": "prependOnceListener()",
              "fullFile": "/home/runner/work/node-pyatv/node-pyatv/test/device-events.ts",
              "file": "/test/device-events.ts",
              "beforeHooks": [],
              "afterHooks": [],
              "tests": [
                {
                  "title": "should work",
                  "fullTitle": "NodePyATVDeviceEvents prependOnceListener() should work",
                  "timedOut": false,
                  "duration": 1,
                  "state": "passed",
                  "speed": "fast",
                  "pass": true,
                  "fail": false,
                  "pending": false,
                  "context": null,
                  "code": "const device=new import_lib.NodePyATVDevice({host:\"192.168.178.2\",name:\"My Testdevice\",spawn:(0,import_fake_spawn.createFakeSpawn)(cp=>{cp.onStdIn(()=>cp.end());cp.stdout({result:\"success\",title:\"My Movie\"})})});device.prependOnceListener(\"update\",()=>done())",
                  "err": {},
                  "uuid": "f3790692-656b-47bb-ad76-0ccfda1274c8",
                  "parentUUID": "4850666f-fd8f-48dc-bfd8-8f98e2dfee36",
                  "isHook": false,
                  "skipped": false
                }
              ],
              "suites": [],
              "passes": [
                "f3790692-656b-47bb-ad76-0ccfda1274c8"
              ],
              "failures": [],
              "pending": [],
              "skipped": [],
              "duration": 1,
              "root": false,
              "rootEmpty": false,
              "_timeout": 2000
            },
            {
              "uuid": "954565fb-ca16-48be-a9f7-b054cb1c73e3",
              "title": "rawListeners()",
              "fullFile": "/home/runner/work/node-pyatv/node-pyatv/test/device-events.ts",
              "file": "/test/device-events.ts",
              "beforeHooks": [],
              "afterHooks": [],
              "tests": [
                {
                  "title": "should work",
                  "fullTitle": "NodePyATVDeviceEvents rawListeners() should work",
                  "timedOut": false,
                  "duration": 0,
                  "state": "passed",
                  "speed": "fast",
                  "pass": true,
                  "fail": false,
                  "pending": false,
                  "context": null,
                  "code": "const device=new import_lib.NodePyATVDevice({host:\"192.168.178.2\",name:\"My Testdevice\",spawn:(0,import_fake_spawn.createFakeSpawn)(cp=>{cp.onStdIn(()=>cp.end())})});const listener=__name(()=>{},\"listener\");import_assert.default.deepStrictEqual(device.rawListeners(\"test\").length,0);device.on(\"test\",listener);import_assert.default.deepStrictEqual(device.rawListeners(\"test\").length,1);import_assert.default.deepStrictEqual(device.rawListeners(\"test\")[0],listener);device.off(\"test\",listener)",
                  "err": {},
                  "uuid": "2cb0ee1f-a0d7-4d14-9cde-ebf7c77d0d88",
                  "parentUUID": "954565fb-ca16-48be-a9f7-b054cb1c73e3",
                  "isHook": false,
                  "skipped": false
                }
              ],
              "suites": [],
              "passes": [
                "2cb0ee1f-a0d7-4d14-9cde-ebf7c77d0d88"
              ],
              "failures": [],
              "pending": [],
              "skipped": [],
              "duration": 0,
              "root": false,
              "rootEmpty": false,
              "_timeout": 2000
            },
            {
              "uuid": "e6a7fb9d-411e-4097-b426-ed6e699f1480",
              "title": "removeListener()",
              "fullFile": "/home/runner/work/node-pyatv/node-pyatv/test/device-events.ts",
              "file": "/test/device-events.ts",
              "beforeHooks": [],
              "afterHooks": [],
              "tests": [
                {
                  "title": "should work without any exceptions",
                  "fullTitle": "NodePyATVDeviceEvents removeListener() should work without any exceptions",
                  "timedOut": false,
                  "duration": 0,
                  "state": "passed",
                  "speed": "fast",
                  "pass": true,
                  "fail": false,
                  "pending": false,
                  "context": null,
                  "code": "const device=new import_lib.NodePyATVDevice({host:\"192.168.178.2\",name:\"My Testdevice\",spawn:(0,import_fake_spawn.createFakeSpawn)(cp=>{cp.onStdIn(()=>cp.end());cp.stdout({result:\"success\",title:\"My Movie\"})})});const listener=__name(()=>{},\"listener\");device.addListener(\"update\",listener);import_assert.default.deepStrictEqual(device.listenerCount(\"update\"),1);device.removeListener(\"update\",listener);import_assert.default.deepStrictEqual(device.listenerCount(\"update\"),0)",
                  "err": {},
                  "uuid": "86417428-b5db-44a8-9e26-c8426b9907d7",
                  "parentUUID": "e6a7fb9d-411e-4097-b426-ed6e699f1480",
                  "isHook": false,
                  "skipped": false
                }
              ],
              "suites": [],
              "passes": [
                "86417428-b5db-44a8-9e26-c8426b9907d7"
              ],
              "failures": [],
              "pending": [],
              "skipped": [],
              "duration": 0,
              "root": false,
              "rootEmpty": false,
              "_timeout": 2000
            }
          ],
          "passes": [],
          "failures": [],
          "pending": [],
          "skipped": [],
          "duration": 0,
          "root": false,
          "rootEmpty": false,
          "_timeout": 2000
        },
        {
          "uuid": "0f4a4737-00f0-45f4-99d4-d90c10e8b398",
          "title": "NodePyATVDevice",
          "fullFile": "/home/runner/work/node-pyatv/node-pyatv/test/device.ts",
          "file": "/test/device.ts",
          "beforeHooks": [],
          "afterHooks": [],
          "tests": [],
          "suites": [
            {
              "uuid": "57b05f1e-0336-41c9-997c-3c54ac37d8f9",
              "title": "get name()",
              "fullFile": "/home/runner/work/node-pyatv/node-pyatv/test/device.ts",
              "file": "/test/device.ts",
              "beforeHooks": [],
              "afterHooks": [],
              "tests": [
                {
                  "title": "should return the name",
                  "fullTitle": "NodePyATVDevice get name() should return the name",
                  "timedOut": false,
                  "duration": 0,
                  "state": "passed",
                  "speed": "fast",
                  "pass": true,
                  "fail": false,
                  "pending": false,
                  "context": null,
                  "code": "const device=new import_device.default({host:\"192.168.178.2\",name:\"My Testdevice\"});import_assert.default.strictEqual(device.name,\"My Testdevice\")",
                  "err": {},
                  "uuid": "1d098716-e16a-40b9-a2eb-ff91913899d3",
                  "parentUUID": "57b05f1e-0336-41c9-997c-3c54ac37d8f9",
                  "isHook": false,
                  "skipped": false
                }
              ],
              "suites": [],
              "passes": [
                "1d098716-e16a-40b9-a2eb-ff91913899d3"
              ],
              "failures": [],
              "pending": [],
              "skipped": [],
              "duration": 0,
              "root": false,
              "rootEmpty": false,
              "_timeout": 2000
            },
            {
              "uuid": "eb6b1f36-f7b3-4bfb-91f7-9e76bbefd3cf",
              "title": "get host()",
              "fullFile": "/home/runner/work/node-pyatv/node-pyatv/test/device.ts",
              "file": "/test/device.ts",
              "beforeHooks": [],
              "afterHooks": [],
              "tests": [
                {
                  "title": "should return the host",
                  "fullTitle": "NodePyATVDevice get host() should return the host",
                  "timedOut": false,
                  "duration": 0,
                  "state": "passed",
                  "speed": "fast",
                  "pass": true,
                  "fail": false,
                  "pending": false,
                  "context": null,
                  "code": "const device=new import_device.default({host:\"192.168.178.2\",name:\"My Testdevice\"});import_assert.default.strictEqual(device.host,\"192.168.178.2\")",
                  "err": {},
                  "uuid": "e186ff8c-419b-4738-8ebf-d478ccc05aee",
                  "parentUUID": "eb6b1f36-f7b3-4bfb-91f7-9e76bbefd3cf",
                  "isHook": false,
                  "skipped": false
                }
              ],
              "suites": [],
              "passes": [
                "e186ff8c-419b-4738-8ebf-d478ccc05aee"
              ],
              "failures": [],
              "pending": [],
              "skipped": [],
              "duration": 0,
              "root": false,
              "rootEmpty": false,
              "_timeout": 2000
            },
            {
              "uuid": "d460b0cd-dbf3-4a48-bcec-3ac069232a2d",
              "title": "get id()",
              "fullFile": "/home/runner/work/node-pyatv/node-pyatv/test/device.ts",
              "file": "/test/device.ts",
              "beforeHooks": [],
              "afterHooks": [],
              "tests": [
                {
                  "title": "should return the id",
                  "fullTitle": "NodePyATVDevice get id() should return the id",
                  "timedOut": false,
                  "duration": 0,
                  "state": "passed",
                  "speed": "fast",
                  "pass": true,
                  "fail": false,
                  "pending": false,
                  "context": null,
                  "code": "const device=new import_device.default({host:\"192.168.178.2\",id:\"*****\",name:\"My Testdevice\"});import_assert.default.strictEqual(device.id,\"*****\")",
                  "err": {},
                  "uuid": "11d76c0c-09a1-419d-83a9-89661b18b020",
                  "parentUUID": "d460b0cd-dbf3-4a48-bcec-3ac069232a2d",
                  "isHook": false,
                  "skipped": false
                }
              ],
              "suites": [],
              "passes": [
                "11d76c0c-09a1-419d-83a9-89661b18b020"
              ],
              "failures": [],
              "pending": [],
              "skipped": [],
              "duration": 0,
              "root": false,
              "rootEmpty": false,
              "_timeout": 2000
            },
            {
              "uuid": "0f981b7d-c365-4e04-b516-e88e1a9c45ae",
              "title": "get allIDs()",
              "fullFile": "/home/runner/work/node-pyatv/node-pyatv/test/device.ts",
              "file": "/test/device.ts",
              "beforeHooks": [],
              "afterHooks": [],
              "tests": [
                {
                  "title": "should return all the IDs",
                  "fullTitle": "NodePyATVDevice get allIDs() should return all the IDs",
                  "timedOut": false,
                  "duration": 0,
                  "state": "passed",
                  "speed": "fast",
                  "pass": true,
                  "fail": false,
                  "pending": false,
                  "context": null,
                  "code": "const device=new import_device.default({allIDs:[\"some_id_1\",\"some_id_2\",\"some_id_3\"],host:\"192.168.178.2\",id:\"*****\",name:\"My Testdevice\"});import_assert.default.deepStrictEqual(device.allIDs,[\"some_id_1\",\"some_id_2\",\"some_id_3\"])",
                  "err": {},
                  "uuid": "c1c6e93e-749e-4a1c-afff-a46e6e7d9bad",
                  "parentUUID": "0f981b7d-c365-4e04-b516-e88e1a9c45ae",
                  "isHook": false,
                  "skipped": false
                }
              ],
              "suites": [],
              "passes": [
                "c1c6e93e-749e-4a1c-afff-a46e6e7d9bad"
              ],
              "failures": [],
              "pending": [],
              "skipped": [],
              "duration": 0,
              "root": false,
              "rootEmpty": false,
              "_timeout": 2000
            },
            {
              "uuid": "be14f386-cf3a-46c6-8dbe-034cf82a1546",
              "title": "get protocol()",
              "fullFile": "/home/runner/work/node-pyatv/node-pyatv/test/device.ts",
              "file": "/test/device.ts",
              "beforeHooks": [],
              "afterHooks": [],
              "tests": [
                {
                  "title": "should return the protocol",
                  "fullTitle": "NodePyATVDevice get protocol() should return the protocol",
                  "timedOut": false,
                  "duration": 0,
                  "state": "passed",
                  "speed": "fast",
                  "pass": true,
                  "fail": false,
                  "pending": false,
                  "context": null,
                  "code": "const device=new import_device.default({host:\"192.168.178.2\",name:\"My Testdevice\",protocol:import_types.NodePyATVProtocol.airplay});import_assert.default.strictEqual(device.protocol,import_types.NodePyATVProtocol.airplay)",
                  "err": {},
                  "uuid": "036d7b78-dc9e-404b-aa2a-dc67b956a303",
                  "parentUUID": "be14f386-cf3a-46c6-8dbe-034cf82a1546",
                  "isHook": false,
                  "skipped": false
                }
              ],
              "suites": [],
              "passes": [
                "036d7b78-dc9e-404b-aa2a-dc67b956a303"
              ],
              "failures": [],
              "pending": [],
              "skipped": [],
              "duration": 0,
              "root": false,
              "rootEmpty": false,
              "_timeout": 2000
            },
            {
              "uuid": "15fa2ddd-aa3d-482f-9351-87fb72599969",
              "title": "get mac()",
              "fullFile": "/home/runner/work/node-pyatv/node-pyatv/test/device.ts",
              "file": "/test/device.ts",
              "beforeHooks": [],
              "afterHooks": [],
              "tests": [
                {
                  "title": "should return the mac",
                  "fullTitle": "NodePyATVDevice get mac() should return the mac",
                  "timedOut": false,
                  "duration": 0,
                  "state": "passed",
                  "speed": "fast",
                  "pass": true,
                  "fail": false,
                  "pending": false,
                  "context": null,
                  "code": "const device=new import_device.default({host:\"192.168.178.2\",mac:\"AA:BB:CC:DD:EE:FF\",name:\"My Testdevice\"});import_assert.default.strictEqual(device.mac,\"AA:BB:CC:DD:EE:FF\")",
                  "err": {},
                  "uuid": "04abbd53-dbee-45ab-bc8a-d2fcbc5aad84",
                  "parentUUID": "15fa2ddd-aa3d-482f-9351-87fb72599969",
                  "isHook": false,
                  "skipped": false
                }
              ],
              "suites": [],
              "passes": [
                "04abbd53-dbee-45ab-bc8a-d2fcbc5aad84"
              ],
              "failures": [],
              "pending": [],
              "skipped": [],
              "duration": 0,
              "root": false,
              "rootEmpty": false,
              "_timeout": 2000
            },
            {
              "uuid": "0c91ba17-0385-4445-8309-6441e1235fdf",
              "title": "get model()",
              "fullFile": "/home/runner/work/node-pyatv/node-pyatv/test/device.ts",
              "file": "/test/device.ts",
              "beforeHooks": [],
              "afterHooks": [],
              "tests": [
                {
                  "title": "should return the model if set by scan",
                  "fullTitle": "NodePyATVDevice get model() should return the model if set by scan",
                  "timedOut": false,
                  "duration": 0,
                  "state": "passed",
                  "speed": "fast",
                  "pass": true,
                  "fail": false,
                  "pending": false,
                  "context": null,
                  "code": "const device=new import_device.default({host:\"10.0.10.81\",id:\"xxx\",model:\"Gen4K\",name:\"Vardagsrum\"});import_assert.default.strictEqual(device.model,\"Gen4K\")",
                  "err": {},
                  "uuid": "710fe4cd-49ea-427e-80ae-f552e8743488",
                  "parentUUID": "0c91ba17-0385-4445-8309-6441e1235fdf",
                  "isHook": false,
                  "skipped": false
                },
                {
                  "title": "should return undefined otherwise",
                  "fullTitle": "NodePyATVDevice get model() should return undefined otherwise",
                  "timedOut": false,
                  "duration": 0,
                  "state": "passed",
                  "speed": "fast",
                  "pass": true,
                  "fail": false,
                  "pending": false,
                  "context": null,
                  "code": "const device=new import_device.default({host:\"10.0.10.81\",name:\"Vardagsrum\"});import_assert.default.strictEqual(device.model,void 0)",
                  "err": {},
                  "uuid": "93a9d09a-3fe5-426b-ac47-e1faeaeb8fb2",
                  "parentUUID": "0c91ba17-0385-4445-8309-6441e1235fdf",
                  "isHook": false,
                  "skipped": false
                }
              ],
              "suites": [],
              "passes": [
                "710fe4cd-49ea-427e-80ae-f552e8743488",
                "93a9d09a-3fe5-426b-ac47-e1faeaeb8fb2"
              ],
              "failures": [],
              "pending": [],
              "skipped": [],
              "duration": 0,
              "root": false,
              "rootEmpty": false,
              "_timeout": 2000
            },
            {
              "uuid": "a32448a1-dca9-4c67-97b6-d8ba414c2274",
              "title": "get modelName()",
              "fullFile": "/home/runner/work/node-pyatv/node-pyatv/test/device.ts",
              "file": "/test/device.ts",
              "beforeHooks": [],
              "afterHooks": [],
              "tests": [
                {
                  "title": "should return the model name if set by scan",
                  "fullTitle": "NodePyATVDevice get modelName() should return the model name if set by scan",
                  "timedOut": false,
                  "duration": 0,
                  "state": "passed",
                  "speed": "fast",
                  "pass": true,
                  "fail": false,
                  "pending": false,
                  "context": null,
                  "code": "const device=new import_device.default({host:\"10.0.10.81\",id:\"xxx\",modelName:\"Apple TV 4K\",name:\"Vardagsrum\"});import_assert.default.strictEqual(device.modelName,\"Apple TV 4K\")",
                  "err": {},
                  "uuid": "5b37d0bf-fa81-4911-927a-cda89611146d",
                  "parentUUID": "a32448a1-dca9-4c67-97b6-d8ba414c2274",
                  "isHook": false,
                  "skipped": false
                },
                {
                  "title": "should return undefined otherwise",
                  "fullTitle": "NodePyATVDevice get modelName() should return undefined otherwise",
                  "timedOut": false,
                  "duration": 0,
                  "state": "passed",
                  "speed": "fast",
                  "pass": true,
                  "fail": false,
                  "pending": false,
                  "context": null,
                  "code": "const device=new import_device.default({host:\"10.0.10.81\",name:\"Vardagsrum\"});import_assert.default.strictEqual(device.modelName,void 0)",
                  "err": {},
                  "uuid": "13e30129-0d0d-4204-bb58-6beac7aa5ebf",
                  "parentUUID": "a32448a1-dca9-4c67-97b6-d8ba414c2274",
                  "isHook": false,
                  "skipped": false
                }
              ],
              "suites": [],
              "passes": [
                "5b37d0bf-fa81-4911-927a-cda89611146d",
                "13e30129-0d0d-4204-bb58-6beac7aa5ebf"
              ],
              "failures": [],
              "pending": [],
              "skipped": [],
              "duration": 0,
              "root": false,
              "rootEmpty": false,
              "_timeout": 2000
            },
            {
              "uuid": "a462bda1-5549-4ae3-aeac-81fdec328665",
              "title": "get os()",
              "fullFile": "/home/runner/work/node-pyatv/node-pyatv/test/device.ts",
              "file": "/test/device.ts",
              "beforeHooks": [],
              "afterHooks": [],
              "tests": [
                {
                  "title": "should return the operating system if set by scan",
                  "fullTitle": "NodePyATVDevice get os() should return the operating system if set by scan",
                  "timedOut": false,
                  "duration": 0,
                  "state": "passed",
                  "speed": "fast",
                  "pass": true,
                  "fail": false,
                  "pending": false,
                  "context": null,
                  "code": "const device=new import_device.default({host:\"10.0.10.81\",id:\"xxx\",name:\"Vardagsrum\",os:\"TvOS\"});import_assert.default.strictEqual(device.os,\"TvOS\")",
                  "err": {},
                  "uuid": "cb56fdad-7479-4ff4-b090-0d2cf97682ca",
                  "parentUUID": "a462bda1-5549-4ae3-aeac-81fdec328665",
                  "isHook": false,
                  "skipped": false
                },
                {
                  "title": "should return undefined otherwise",
                  "fullTitle": "NodePyATVDevice get os() should return undefined otherwise",
                  "timedOut": false,
                  "duration": 0,
                  "state": "passed",
                  "speed": "fast",
                  "pass": true,
                  "fail": false,
                  "pending": false,
                  "context": null,
                  "code": "const device=new import_device.default({host:\"10.0.10.81\",name:\"Vardagsrum\"});import_assert.default.strictEqual(device.os,void 0)",
                  "err": {},
                  "uuid": "89491093-dd9a-4c1e-b7aa-4a54b22708e4",
                  "parentUUID": "a462bda1-5549-4ae3-aeac-81fdec328665",
                  "isHook": false,
                  "skipped": false
                }
              ],
              "suites": [],
              "passes": [
                "cb56fdad-7479-4ff4-b090-0d2cf97682ca",
                "89491093-dd9a-4c1e-b7aa-4a54b22708e4"
              ],
              "failures": [],
              "pending": [],
              "skipped": [],
              "duration": 0,
              "root": false,
              "rootEmpty": false,
              "_timeout": 2000
            },
            {
              "uuid": "0aee4479-9ecf-4e36-80c6-9c189c9ac0d3",
              "title": "get version()",
              "fullFile": "/home/runner/work/node-pyatv/node-pyatv/test/device.ts",
              "file": "/test/device.ts",
              "beforeHooks": [],
              "afterHooks": [],
              "tests": [
                {
                  "title": "should return the version if set by scan",
                  "fullTitle": "NodePyATVDevice get version() should return the version if set by scan",
                  "timedOut": false,
                  "duration": 0,
                  "state": "passed",
                  "speed": "fast",
                  "pass": true,
                  "fail": false,
                  "pending": false,
                  "context": null,
                  "code": "const device=new import_device.default({host:\"10.0.10.81\",id:\"xxx\",name:\"Vardagsrum\",version:\"15.5.1\"});import_assert.default.strictEqual(device.version,\"15.5.1\")",
                  "err": {},
                  "uuid": "df9f8c48-ccef-4d4c-8649-3c771806fa49",
                  "parentUUID": "0aee4479-9ecf-4e36-80c6-9c189c9ac0d3",
                  "isHook": false,
                  "skipped": false
                },
                {
                  "title": "should return undefined otherwise",
                  "fullTitle": "NodePyATVDevice get version() should return undefined otherwise",
                  "timedOut": false,
                  "duration": 1,
                  "state": "passed",
                  "speed": "fast",
                  "pass": true,
                  "fail": false,
                  "pending": false,
                  "context": null,
                  "code": "const device=new import_device.default({host:\"10.0.10.81\",name:\"Vardagsrum\"});import_assert.default.strictEqual(device.version,void 0)",
                  "err": {},
                  "uuid": "52aac0b5-8972-4273-b908-7e11159c558a",
                  "parentUUID": "0aee4479-9ecf-4e36-80c6-9c189c9ac0d3",
                  "isHook": false,
                  "skipped": false
                }
              ],
              "suites": [],
              "passes": [
                "df9f8c48-ccef-4d4c-8649-3c771806fa49",
                "52aac0b5-8972-4273-b908-7e11159c558a"
              ],
              "failures": [],
              "pending": [],
              "skipped": [],
              "duration": 1,
              "root": false,
              "rootEmpty": false,
              "_timeout": 2000
            },
            {
              "uuid": "cfe4b33c-dcd5-49fc-bc40-4b14d75f8b58",
              "title": "get services()",
              "fullFile": "/home/runner/work/node-pyatv/node-pyatv/test/device.ts",
              "file": "/test/device.ts",
              "beforeHooks": [],
              "afterHooks": [],
              "tests": [
                {
                  "title": "should return the services if set by scan",
                  "fullTitle": "NodePyATVDevice get services() should return the services if set by scan",
                  "timedOut": false,
                  "duration": 0,
                  "state": "passed",
                  "speed": "fast",
                  "pass": true,
                  "fail": false,
                  "pending": false,
                  "context": null,
                  "code": "const device=new import_device.default({host:\"10.0.10.81\",id:\"xxx\",name:\"Vardagsrum\",services:[{port:49152,protocol:import_types.NodePyATVProtocol.mrp},{port:7e3,protocol:import_types.NodePyATVProtocol.airplay}]});import_assert.default.deepStrictEqual(device.services,[{port:49152,protocol:\"mrp\"},{port:7e3,protocol:\"airplay\"}])",
                  "err": {},
                  "uuid": "4e94b539-e9ab-42a7-a5cd-99289dba9233",
                  "parentUUID": "cfe4b33c-dcd5-49fc-bc40-4b14d75f8b58",
                  "isHook": false,
                  "skipped": false
                },
                {
                  "title": "should return undefined otherwise",
                  "fullTitle": "NodePyATVDevice get services() should return undefined otherwise",
                  "timedOut": false,
                  "duration": 0,
                  "state": "passed",
                  "speed": "fast",
                  "pass": true,
                  "fail": false,
                  "pending": false,
                  "context": null,
                  "code": "const device=new import_device.default({host:\"10.0.10.81\",name:\"Vardagsrum\"});import_assert.default.strictEqual(device.services,void 0)",
                  "err": {},
                  "uuid": "8f9b2136-4d2f-4005-9a20-e77ccb9eb2bd",
                  "parentUUID": "cfe4b33c-dcd5-49fc-bc40-4b14d75f8b58",
                  "isHook": false,
                  "skipped": false
                }
              ],
              "suites": [],
              "passes": [
                "4e94b539-e9ab-42a7-a5cd-99289dba9233",
                "8f9b2136-4d2f-4005-9a20-e77ccb9eb2bd"
              ],
              "failures": [],
              "pending": [],
              "skipped": [],
              "duration": 0,
              "root": false,
              "rootEmpty": false,
              "_timeout": 2000
            },
            {
              "uuid": "b9135571-cbcc-401d-b894-c411043d2e0c",
              "title": "get debug()",
              "fullFile": "/home/runner/work/node-pyatv/node-pyatv/test/device.ts",
              "file": "/test/device.ts",
              "beforeHooks": [],
              "afterHooks": [],
              "tests": [
                {
                  "title": "should return true if set to true",
                  "fullTitle": "NodePyATVDevice get debug() should return true if set to true",
                  "timedOut": false,
                  "duration": 1,
                  "state": "passed",
                  "speed": "fast",
                  "pass": true,
                  "fail": false,
                  "pending": false,
                  "context": null,
                  "code": "const device=new import_device.default({debug:true,host:\"192.168.178.2\",name:\"My Testdevice\"});import_assert.default.strictEqual(device.debug,true)",
                  "err": {},
                  "uuid": "e60bcde3-3f02-42ea-8721-3bc11d52d790",
                  "parentUUID": "b9135571-cbcc-401d-b894-c411043d2e0c",
                  "isHook": false,
                  "skipped": false
                },
                {
                  "title": "should return fn if set to custom function",
                  "fullTitle": "NodePyATVDevice get debug() should return fn if set to custom function",
                  "timedOut": false,
                  "duration": 0,
                  "state": "passed",
                  "speed": "fast",
                  "pass": true,
                  "fail": false,
                  "pending": false,
                  "context": null,
                  "code": "const fn=__name(()=>{},\"fn\");const device=new import_device.default({debug:fn,host:\"192.168.178.2\",name:\"My Testdevice\"});import_assert.default.strictEqual(device.debug,fn)",
                  "err": {},
                  "uuid": "8c4ed47f-62b9-4225-8df9-8452f49dc289",
                  "parentUUID": "b9135571-cbcc-401d-b894-c411043d2e0c",
                  "isHook": false,
                  "skipped": false
                },
                {
                  "title": "should return false if unset",
                  "fullTitle": "NodePyATVDevice get debug() should return false if unset",
                  "timedOut": false,
                  "duration": 0,
                  "state": "passed",
                  "speed": "fast",
                  "pass": true,
                  "fail": false,
                  "pending": false,
                  "context": null,
                  "code": "const device=new import_device.default({host:\"192.168.178.2\",name:\"My Testdevice\"});import_assert.default.strictEqual(device.debug,void 0)",
                  "err": {},
                  "uuid": "db2e7b3e-1fbe-41fd-9bbf-1ce5fd771a96",
[...]
                  "err": {},
                  "uuid": "ac147200-3a4e-4d8f-a24c-c9ab7772f38b",
                  "parentUUID": "1b7238c3-cbd6-409d-94e0-7fe74f357a6b",
                  "isHook": false,
                  "skipped": false
                },
                {
                  "title": "should handle atvscriptPath if set",
                  "fullTitle": "Tools getExecutable() should handle atvscriptPath if set",
                  "timedOut": false,
                  "duration": 0,
                  "state": "passed",
                  "speed": "fast",
                  "pass": true,
                  "fail": false,
                  "pending": false,
                  "context": null,
                  "code": "const result=(0,import_tools.getExecutable)(import_types.NodePyATVExecutableType.atvscript,{atvremotePath:\"/tmp/1\",atvscriptPath:\"/tmp/2\"});import_assert.default.strictEqual(result,\"/tmp/2\")",
                  "err": {},
                  "uuid": "88948099-c74f-4011-af55-fa49b31d456f",
                  "parentUUID": "1b7238c3-cbd6-409d-94e0-7fe74f357a6b",
                  "isHook": false,
                  "skipped": false
                },
                {
                  "title": "should handle default for atvremote",
                  "fullTitle": "Tools getExecutable() should handle default for atvremote",
                  "timedOut": false,
                  "duration": 0,
                  "state": "passed",
                  "speed": "fast",
                  "pass": true,
                  "fail": false,
                  "pending": false,
                  "context": null,
                  "code": "const result=(0,import_tools.getExecutable)(import_types.NodePyATVExecutableType.atvremote,{atvscriptPath:\"/tmp\"});import_assert.default.strictEqual(result,\"atvremote\")",
                  "err": {},
                  "uuid": "760813b7-a021-4e7d-8b74-ef1e5b4dadb5",
                  "parentUUID": "1b7238c3-cbd6-409d-94e0-7fe74f357a6b",
                  "isHook": false,
                  "skipped": false
                },
                {
                  "title": "should handle default for atvscript",
                  "fullTitle": "Tools getExecutable() should handle default for atvscript",
                  "timedOut": false,
                  "duration": 0,
                  "state": "passed",
                  "speed": "fast",
                  "pass": true,
                  "fail": false,
                  "pending": false,
                  "context": null,
                  "code": "const result=(0,import_tools.getExecutable)(import_types.NodePyATVExecutableType.atvscript,{atvremotePath:\"/tmp\"});import_assert.default.strictEqual(result,\"atvscript\")",
                  "err": {},
                  "uuid": "47a2328e-3cef-4c57-aa78-670b103c6214",
                  "parentUUID": "1b7238c3-cbd6-409d-94e0-7fe74f357a6b",
                  "isHook": false,
                  "skipped": false
                }
              ],
              "suites": [],
              "passes": [
                "ac147200-3a4e-4d8f-a24c-c9ab7772f38b",
                "88948099-c74f-4011-af55-fa49b31d456f",
                "760813b7-a021-4e7d-8b74-ef1e5b4dadb5",
                "47a2328e-3cef-4c57-aa78-670b103c6214"
              ],
              "failures": [],
              "pending": [],
              "skipped": [],
              "duration": 0,
              "root": false,
              "rootEmpty": false,
              "_timeout": 2000
            },
            {
              "uuid": "92bd157d-aa66-4e52-9efe-b57a2df6ddf3",
              "title": "getParameters()",
              "fullFile": "/home/runner/work/node-pyatv/node-pyatv/test/tools.ts",
              "file": "/test/tools.ts",
              "beforeHooks": [],
              "afterHooks": [],
              "tests": [
                {
                  "title": "empty case",
                  "fullTitle": "Tools getParameters() empty case",
                  "timedOut": false,
                  "duration": 1,
                  "state": "passed",
                  "speed": "fast",
                  "pass": true,
                  "fail": false,
                  "pending": false,
                  "context": null,
                  "code": "const result=await(0,import_tools.getParameters)();import_assert.default.deepEqual(result,[])",
                  "err": {},
                  "uuid": "96769c39-6090-490f-8789-18f95bda00ff",
                  "parentUUID": "92bd157d-aa66-4e52-9efe-b57a2df6ddf3",
                  "isHook": false,
                  "skipped": false
                },
                {
                  "title": "easy case",
                  "fullTitle": "Tools getParameters() easy case",
                  "timedOut": false,
                  "duration": 0,
                  "state": "passed",
                  "speed": "fast",
                  "pass": true,
                  "fail": false,
                  "pending": false,
                  "context": null,
                  "code": "const result=await(0,import_tools.getParameters)({host:\"192.168.178.2\"});import_assert.default.deepEqual(result,[\"-s\",\"192.168.178.2\"])",
                  "err": {},
                  "uuid": "df586859-0625-41c3-a36c-2c7558b8ae2a",
                  "parentUUID": "92bd157d-aa66-4e52-9efe-b57a2df6ddf3",
                  "isHook": false,
                  "skipped": false
                },
                {
                  "title": "full case",
                  "fullTitle": "Tools getParameters() full case",
                  "timedOut": false,
                  "duration": 0,
                  "state": "passed",
                  "speed": "fast",
                  "pass": true,
                  "fail": false,
                  "pending": false,
                  "context": null,
                  "code": "const result=await(0,import_tools.getParameters)({airplayCredentials:\"****\",companionCredentials:\"1234\",dmapCredentials:\"****\",hosts:[\"192.168.178.2\",\"192.168.178.3\"],id:\"****\",mrpCredentials:\"****\",protocol:import_types.NodePyATVProtocol.mrp,raopCredentials:\"::foo:\"});import_assert.default.deepEqual(result,[\"-s\",\"192.168.178.2,192.168.178.3\",\"-i\",\"****\",\"--protocol\",\"mrp\",\"--dmap-credentials\",\"****\",\"--mrp-credentials\",\"****\",\"--airplay-credentials\",\"****\",\"--companion-credentials\",\"1234\",\"--raop-credentials\",\"::foo:\"])",
                  "err": {},
                  "uuid": "2c7c12fc-0eb2-4961-9670-490ab1ef1089",
                  "parentUUID": "92bd157d-aa66-4e52-9efe-b57a2df6ddf3",
                  "isHook": false,
                  "skipped": false
                }
              ],
              "suites": [],
              "passes": [
                "96769c39-6090-490f-8789-18f95bda00ff",
                "df586859-0625-41c3-a36c-2c7558b8ae2a",
                "2c7c12fc-0eb2-4961-9670-490ab1ef1089"
              ],
              "failures": [],
              "pending": [],
              "skipped": [],
              "duration": 1,
              "root": false,
              "rootEmpty": false,
              "_timeout": 2000
            },
            {
              "uuid": "53e7e0c9-f357-49a7-accb-c4ae35733e87",
              "title": "parseState()",
              "fullFile": "/home/runner/work/node-pyatv/node-pyatv/test/tools.ts",
              "file": "/test/tools.ts",
              "beforeHooks": [],
              "afterHooks": [],
              "tests": [
                {
                  "title": "should work with empty data",
                  "fullTitle": "Tools parseState() should work with empty data",
                  "timedOut": false,
                  "duration": 0,
                  "state": "passed",
                  "speed": "fast",
                  "pass": true,
                  "fail": false,
                  "pending": false,
                  "context": null,
                  "code": "const input={};const result=(0,import_tools.parseState)(input,\"\",{});import_assert.default.deepStrictEqual(result,{album:null,app:null,appId:null,artist:null,contentIdentifier:null,dateTime:null,deviceState:null,episodeNumber:null,focusState:null,genre:null,hash:null,iTunesStoreIdentifier:null,mediaType:null,outputDevices:null,position:null,powerState:null,repeat:null,seasonNumber:null,seriesName:null,shuffle:null,title:null,totalTime:null,volume:null})",
                  "err": {},
                  "uuid": "71521fb9-9004-44cb-88a5-a89d0d775fbd",
                  "parentUUID": "53e7e0c9-f357-49a7-accb-c4ae35733e87",
                  "isHook": false,
                  "skipped": false
                },
                {
                  "title": "should work without data",
                  "fullTitle": "Tools parseState() should work without data",
                  "timedOut": false,
                  "duration": 0,
                  "state": "passed",
                  "speed": "fast",
                  "pass": true,
                  "fail": false,
                  "pending": false,
                  "context": null,
                  "code": "const result=(0,import_tools.parseState)(null,\"\",{});import_assert.default.deepStrictEqual(result,{album:null,app:null,appId:null,artist:null,contentIdentifier:null,dateTime:null,deviceState:null,episodeNumber:null,focusState:null,genre:null,hash:null,iTunesStoreIdentifier:null,mediaType:null,outputDevices:null,position:null,powerState:null,repeat:null,seasonNumber:null,seriesName:null,shuffle:null,title:null,totalTime:null,volume:null})",
                  "err": {},
                  "uuid": "72cc84e4-42aa-4440-9ddb-edf72d00a4ed",
                  "parentUUID": "53e7e0c9-f357-49a7-accb-c4ae35733e87",
                  "isHook": false,
                  "skipped": false
                },
                {
                  "title": "should work with example data",
                  "fullTitle": "Tools parseState() should work with example data",
                  "timedOut": false,
                  "duration": 0,
                  "state": "passed",
                  "speed": "fast",
                  "pass": true,
                  "fail": false,
                  "pending": false,
                  "context": null,
                  "code": "const input={album:null,app:\"Disney+\",app_id:\"com.disney.disneyplus\",artist:null,content_identifier:null,datetime:\"2020-11-07T22:38:43.608030+01:00\",device_state:\"playing\",episode_number:null,focus_state:null,genre:null,hash:\"100e0ab6-6ff5-4199-9c04-a7107ff78712\",itunes_store_identifier:null,media_type:\"video\",output_devices:null,position:27,power_state:null,repeat:\"off\",result:\"success\",season_number:null,series_name:null,shuffle:\"off\",title:\"Solo: A Star Wars Story\",total_time:8097,volume:null};const result=(0,import_tools.parseState)(input,\"\",{});import_assert.default.deepStrictEqual(result,{album:null,app:\"Disney+\",appId:\"com.disney.disneyplus\",artist:null,contentIdentifier:null,dateTime:new Date(\"2020-11-07T22:38:43.608030+01:00\"),deviceState:import_types.NodePyATVDeviceState.playing,episodeNumber:null,focusState:null,genre:null,hash:\"100e0ab6-6ff5-4199-9c04-a7107ff78712\",iTunesStoreIdentifier:null,mediaType:import_types.NodePyATVMediaType.video,outputDevices:null,position:27,powerState:null,repeat:import_types.NodePyATVRepeatState.off,seasonNumber:null,seriesName:null,shuffle:import_types.NodePyATVShuffleState.off,title:\"Solo: A Star Wars Story\",totalTime:8097,volume:null})",
                  "err": {},
                  "uuid": "18b5e0b6-34ae-4297-954e-681e16cc5808",
                  "parentUUID": "53e7e0c9-f357-49a7-accb-c4ae35733e87",
                  "isHook": false,
                  "skipped": false
                },
                {
                  "title": "should throw an error for pyatv exceptions",
                  "fullTitle": "Tools parseState() should throw an error for pyatv exceptions",
                  "timedOut": false,
                  "duration": 0,
                  "state": "passed",
                  "speed": "fast",
                  "pass": true,
                  "fail": false,
                  "pending": false,
                  "context": null,
                  "code": "const input={datetime:\"2021-11-24T21:13:36.424576+03:00\",exception:\"invalid credentials: 321\",result:\"failure\",stacktrace:'Traceback (most recent call last):\\n  File \"/Users/free/Library/Python/3.8/lib/python/site-packages/pyatv/scripts/atvscript.py\", line 302, in appstart\\n    print(args.output(await _handle_command(args, abort_sem, loop)), flush=True)\\n  File \"/Users/free/Library/Python/3.8/lib/python/site-packages/pyatv/scripts/atvscript.py\", line 196, in _handle_command\\n    atv = await connect(config, loop, protocol=Protocol.MRP)\\n  File \"/Users/free/Library/Python/3.8/lib/python/site-packages/pyatv/__init__.py\", line 96, in connect\\n    for setup_data in proto_methods.setup(\\n  File \"/Users/free/Library/Python/3.8/lib/python/site-packages/pyatv/protocols/airplay/__init__.py\", line 192, in setup\\n    stream = AirPlayStream(config, service)\\n  File \"/Users/free/Library/Python/3.8/lib/python/site-packages/pyatv/protocols/airplay/__init__.py\", line 79, in __init__\\n    self._credentials: HapCredentials = parse_credentials(self.service.credentials)\\n  File \"/Users/free/Library/Python/3.8/lib/python/site-packages/pyatv/auth/hap_pairing.py\", line 139, in parse_credentials\\n    raise exceptions.InvalidCredentialsError(\"invalid credentials: \" + detail_string)\\npyatv.exceptions.InvalidCredentialsError: invalid credentials: 321\\n'};import_assert.default.throws(()=>{(0,import_tools.parseState)(input,\"\",{})},/Got pyatv Error: invalid credentials: 321/)",
                  "err": {},
                  "uuid": "cecf25ce-6464-47fb-a382-c593bef4ba99",
                  "parentUUID": "53e7e0c9-f357-49a7-accb-c4ae35733e87",
                  "isHook": false,
                  "skipped": false
                },
                {
                  "title": "should ignore date if it's an invalid date",
                  "fullTitle": "Tools parseState() should ignore date if it's an invalid date",
                  "timedOut": false,
                  "duration": 1,
                  "state": "passed",
                  "speed": "fast",
                  "pass": true,
                  "fail": false,
                  "pending": false,
                  "context": null,
                  "code": "const input={datetime:\"today\"};const result=(0,import_tools.parseState)(input,\"\",{});import_assert.default.deepStrictEqual(result,{album:null,app:null,appId:null,artist:null,contentIdentifier:null,dateTime:null,deviceState:null,episodeNumber:null,focusState:null,genre:null,hash:null,iTunesStoreIdentifier:null,mediaType:null,outputDevices:null,position:null,powerState:null,repeat:null,seasonNumber:null,seriesName:null,shuffle:null,title:null,totalTime:null,volume:null})",
                  "err": {},
                  "uuid": "b77e4e8a-6bb0-42e7-b8ac-10f4a858c44e",
                  "parentUUID": "53e7e0c9-f357-49a7-accb-c4ae35733e87",
                  "isHook": false,
                  "skipped": false
                },
                {
                  "title": "should ignore data if unsupported type",
                  "fullTitle": "Tools parseState() should ignore data if unsupported type",
                  "timedOut": false,
                  "duration": 0,
                  "state": "passed",
                  "speed": "fast",
                  "pass": true,
                  "fail": false,
                  "pending": false,
                  "context": null,
                  "code": "const input={album:Infinity,app:0,app_id:891645381647289,artist:90,content_identifier:null,datetime:true,device_state:43,episode_number:null,focus_state:null,genre:Math.PI,hash:1337,itunes_store_identifier:null,media_type:false,output_devices:null,position:\"0:30.123\",power_state:null,repeat:true,result:\"success\",season_number:null,series_name:null,shuffle:false,title:void 0,total_time:\"23min\",volume:null};const result=(0,import_tools.parseState)(input,\"\",{});import_assert.default.deepStrictEqual(result,{album:null,app:null,appId:null,artist:null,contentIdentifier:null,dateTime:null,deviceState:null,episodeNumber:null,focusState:null,genre:null,hash:null,iTunesStoreIdentifier:null,mediaType:null,outputDevices:null,position:null,powerState:null,repeat:null,seasonNumber:null,seriesName:null,shuffle:null,title:null,totalTime:null,volume:null})",
                  "err": {},
                  "uuid": "54372751-4ce8-4e79-8a95-3094fcb3f9fc",
                  "parentUUID": "53e7e0c9-f357-49a7-accb-c4ae35733e87",
                  "isHook": false,
                  "skipped": false
                },
                {
                  "title": "should ignore enums with unsupported valid",
                  "fullTitle": "Tools parseState() should ignore enums with unsupported valid",
                  "timedOut": false,
                  "duration": 0,
                  "state": "passed",
                  "speed": "fast",
                  "pass": true,
                  "fail": false,
                  "pending": false,
                  "context": null,
                  "code": "const input={device_state:\"initiating\",media_type:\"3d-experience\",repeat:\"nothing\",shuffle:\"everything\"};const result=(0,import_tools.parseState)(input,\"\",{});import_assert.default.deepStrictEqual(result,{album:null,app:null,appId:null,artist:null,contentIdentifier:null,dateTime:null,deviceState:null,episodeNumber:null,focusState:null,genre:null,hash:null,iTunesStoreIdentifier:null,mediaType:null,outputDevices:null,position:null,powerState:null,repeat:null,seasonNumber:null,seriesName:null,shuffle:null,title:null,totalTime:null,volume:null})",
                  "err": {},
                  "uuid": "c0d57c05-ab56-4638-a2f9-e83f5d05fd0f",
                  "parentUUID": "53e7e0c9-f357-49a7-accb-c4ae35733e87",
                  "isHook": false,
                  "skipped": false
                }
              ],
              "suites": [],
              "passes": [
                "71521fb9-9004-44cb-88a5-a89d0d775fbd",
                "72cc84e4-42aa-4440-9ddb-edf72d00a4ed",
                "18b5e0b6-34ae-4297-954e-681e16cc5808",
                "cecf25ce-6464-47fb-a382-c593bef4ba99",
                "b77e4e8a-6bb0-42e7-b8ac-10f4a858c44e",
                "54372751-4ce8-4e79-8a95-3094fcb3f9fc",
                "c0d57c05-ab56-4638-a2f9-e83f5d05fd0f"
              ],
              "failures": [],
              "pending": [],
              "skipped": [],
              "duration": 1,
              "root": false,
              "rootEmpty": false,
              "_timeout": 2000
            }
          ],
          "passes": [],
          "failures": [],
          "pending": [],
          "skipped": [],
          "duration": 0,
          "root": false,
          "rootEmpty": false,
          "_timeout": 2000
        }
      ],
      "passes": [],
      "failures": [],
      "pending": [],
      "skipped": [],
      "duration": 0,
      "root": true,
      "rootEmpty": true,
      "_timeout": 2000
    }
  ],
  "meta": {
    "mocha": {
      "version": "11.7.2"
    },
    "mochawesome": {
      "options": {
        "quiet": false,
        "reportFilename": "mochawesome",
        "saveHtml": true,
        "saveJson": true,
        "consoleReporter": "spec",
        "useInlineDiffs": false,
        "code": true
      },
      "version": "7.1.4"
    },
    "marge": {
      "options": null,
      "version": "6.3.0"
    }
  }
}