{
  "stats": {
    "suites": 102,
    "tests": 174,
    "passes": 172,
    "pending": 2,
    "failures": 0,
    "start": "2025-10-28T08:50:35.620Z",
    "end": "2025-10-28T08:50:47.984Z",
    "duration": 12364,
    "testsRegistered": 174,
    "passPercent": 100,
    "pendingPercent": 1.1494252873563218,
    "other": 0,
    "hasOther": false,
    "skipped": 0,
    "hasSkipped": false
  },
  "results": [
    {
      "uuid": "3a7dfa28-5df1-4c92-9c6e-c8474dfc8be6",
      "title": "",
      "fullFile": "",
      "file": "",
      "beforeHooks": [],
      "afterHooks": [],
      "tests": [],
      "suites": [
        {
          "uuid": "665c1829-9862-41c0-a3c4-e2aba109e24e",
          "title": "NodePyATVDeviceEvent",
          "fullFile": "/home/runner/work/node-pyatv/node-pyatv/test/device-event.ts",
          "file": "/test/device-event.ts",
          "beforeHooks": [],
          "afterHooks": [],
          "tests": [],
          "suites": [
            {
              "uuid": "574f0c8e-0f54-4cc7-a932-efbfac6012cf",
              "title": "get key()",
              "fullFile": "/home/runner/work/node-pyatv/node-pyatv/test/device-event.ts",
              "file": "/test/device-event.ts",
              "beforeHooks": [],
              "afterHooks": [],
              "tests": [
                {
                  "title": "should work",
                  "fullTitle": "NodePyATVDeviceEvent get key() should work",
                  "timedOut": false,
                  "duration": 1,
                  "state": "passed",
                  "speed": "fast",
                  "pass": true,
                  "fail": false,
                  "pending": false,
                  "context": null,
                  "code": "const event=new import_device_event.default({device:new import_device.default({host:\"192.168.178.2\",name:\"My Testinstance\"}),key:\"genre\",new:\"Rock\",old:\"Jazz\"});import_assert.default.strictEqual(event.key,\"genre\")",
                  "err": {},
                  "uuid": "f66cfef1-f332-4c9c-92bc-69c74d7b0422",
                  "parentUUID": "574f0c8e-0f54-4cc7-a932-efbfac6012cf",
                  "isHook": false,
                  "skipped": false
                }
              ],
              "suites": [],
              "passes": [
                "f66cfef1-f332-4c9c-92bc-69c74d7b0422"
              ],
              "failures": [],
              "pending": [],
              "skipped": [],
              "duration": 1,
              "root": false,
              "rootEmpty": false,
              "_timeout": 2000
            },
            {
              "uuid": "d9a807f6-2da6-4499-8587-1f4bbd8a278c",
              "title": "get oldValue()",
              "fullFile": "/home/runner/work/node-pyatv/node-pyatv/test/device-event.ts",
              "file": "/test/device-event.ts",
              "beforeHooks": [],
              "afterHooks": [],
              "tests": [
                {
                  "title": "should work",
                  "fullTitle": "NodePyATVDeviceEvent get oldValue() should work",
                  "timedOut": false,
                  "duration": 0,
                  "state": "passed",
                  "speed": "fast",
                  "pass": true,
                  "fail": false,
                  "pending": false,
                  "context": null,
                  "code": "const event=new import_device_event.default({device:new import_device.default({host:\"192.168.178.2\",name:\"My Testinstance\"}),key:\"genre\",new:\"Rock\",old:\"Jazz\"});import_assert.default.strictEqual(event.oldValue,\"Jazz\")",
                  "err": {},
                  "uuid": "c5b3f22c-f2a6-4f19-9c7d-ef495a82447e",
                  "parentUUID": "d9a807f6-2da6-4499-8587-1f4bbd8a278c",
                  "isHook": false,
                  "skipped": false
                }
              ],
              "suites": [],
              "passes": [
                "c5b3f22c-f2a6-4f19-9c7d-ef495a82447e"
              ],
              "failures": [],
              "pending": [],
              "skipped": [],
              "duration": 0,
              "root": false,
              "rootEmpty": false,
              "_timeout": 2000
            },
            {
              "uuid": "a3ae4d0c-2d1a-4aad-ac13-3728650619dd",
              "title": "get newValue()",
              "fullFile": "/home/runner/work/node-pyatv/node-pyatv/test/device-event.ts",
              "file": "/test/device-event.ts",
              "beforeHooks": [],
              "afterHooks": [],
              "tests": [
                {
                  "title": "should work",
                  "fullTitle": "NodePyATVDeviceEvent get newValue() should work",
                  "timedOut": false,
                  "duration": 0,
                  "state": "passed",
                  "speed": "fast",
                  "pass": true,
                  "fail": false,
                  "pending": false,
                  "context": null,
                  "code": "const event=new import_device_event.default({device:new import_device.default({host:\"192.168.178.2\",name:\"My Testinstance\"}),key:\"genre\",new:\"Rock\",old:\"Jazz\"});import_assert.default.strictEqual(event.newValue,\"Rock\")",
                  "err": {},
                  "uuid": "9d4e6828-7789-481d-bde0-ca2cabff06c3",
                  "parentUUID": "a3ae4d0c-2d1a-4aad-ac13-3728650619dd",
                  "isHook": false,
                  "skipped": false
                }
              ],
              "suites": [],
              "passes": [
                "9d4e6828-7789-481d-bde0-ca2cabff06c3"
              ],
              "failures": [],
              "pending": [],
              "skipped": [],
              "duration": 0,
              "root": false,
              "rootEmpty": false,
              "_timeout": 2000
            },
            {
              "uuid": "371f1c19-326d-4056-a90c-458da002981c",
              "title": "get value()",
              "fullFile": "/home/runner/work/node-pyatv/node-pyatv/test/device-event.ts",
              "file": "/test/device-event.ts",
              "beforeHooks": [],
              "afterHooks": [],
              "tests": [
                {
                  "title": "should work",
                  "fullTitle": "NodePyATVDeviceEvent get value() should work",
                  "timedOut": false,
                  "duration": 0,
                  "state": "passed",
                  "speed": "fast",
                  "pass": true,
                  "fail": false,
                  "pending": false,
                  "context": null,
                  "code": "const event=new import_device_event.default({device:new import_device.default({host:\"192.168.178.2\",name:\"My Testinstance\"}),key:\"genre\",new:\"Rock\",old:\"Jazz\"});import_assert.default.strictEqual(event.value,\"Rock\")",
                  "err": {},
                  "uuid": "52efa358-d48f-4c8b-8844-521c183c5b1b",
                  "parentUUID": "371f1c19-326d-4056-a90c-458da002981c",
                  "isHook": false,
                  "skipped": false
                }
              ],
              "suites": [],
              "passes": [
                "52efa358-d48f-4c8b-8844-521c183c5b1b"
              ],
              "failures": [],
              "pending": [],
              "skipped": [],
              "duration": 0,
              "root": false,
              "rootEmpty": false,
              "_timeout": 2000
            },
            {
              "uuid": "6e7f1ec4-75af-4ea4-9b8f-09b20eaa24d9",
              "title": "get device()",
              "fullFile": "/home/runner/work/node-pyatv/node-pyatv/test/device-event.ts",
              "file": "/test/device-event.ts",
              "beforeHooks": [],
              "afterHooks": [],
              "tests": [
                {
                  "title": "should work",
                  "fullTitle": "NodePyATVDeviceEvent get device() should work",
                  "timedOut": false,
                  "duration": 0,
                  "state": "passed",
                  "speed": "fast",
                  "pass": true,
                  "fail": false,
                  "pending": false,
                  "context": null,
                  "code": "const device=new import_device.default({host:\"192.168.178.2\",name:\"My Testinstance\"});const event=new import_device_event.default({device,key:\"genre\",new:\"Rock\",old:\"Jazz\"});import_assert.default.deepEqual(event.device,device)",
                  "err": {},
                  "uuid": "0da01027-c92c-49a5-8ea6-2d2f679e6aa7",
                  "parentUUID": "6e7f1ec4-75af-4ea4-9b8f-09b20eaa24d9",
                  "isHook": false,
                  "skipped": false
                }
              ],
              "suites": [],
              "passes": [
                "0da01027-c92c-49a5-8ea6-2d2f679e6aa7"
              ],
              "failures": [],
              "pending": [],
              "skipped": [],
              "duration": 0,
              "root": false,
              "rootEmpty": false,
              "_timeout": 2000
            }
          ],
          "passes": [],
          "failures": [],
          "pending": [],
          "skipped": [],
          "duration": 0,
          "root": false,
          "rootEmpty": false,
          "_timeout": 2000
        },
        {
          "uuid": "6ee45b24-8c46-443f-8ee8-eb428c042c54",
          "title": "NodePyATVDeviceEvents",
          "fullFile": "/home/runner/work/node-pyatv/node-pyatv/test/device-events.ts",
          "file": "/test/device-events.ts",
          "beforeHooks": [],
          "afterHooks": [],
          "tests": [],
          "suites": [
            {
              "uuid": "36c1fe65-d75a-476d-8671-0450879b4bd7",
              "title": "applyStateAndEmitEvents()",
              "fullFile": "/home/runner/work/node-pyatv/node-pyatv/test/device-events.ts",
              "file": "/test/device-events.ts",
              "beforeHooks": [],
              "afterHooks": [],
              "tests": [
                {
                  "title": "should emit update:key event",
                  "fullTitle": "NodePyATVDeviceEvents applyStateAndEmitEvents() should emit update:key event",
                  "timedOut": false,
                  "duration": 2,
                  "state": "passed",
                  "speed": "fast",
                  "pass": true,
                  "fail": false,
                  "pending": false,
                  "context": null,
                  "code": "const device=new import_lib.NodePyATVDevice({host:\"192.168.178.2\",name:\"My Testdevice\",spawn:(0,import_fake_spawn.createFakeSpawn)(cp=>{cp.onStdIn(()=>cp.end());cp.stdout({result:\"success\",title:\"My Movie\"})})});await new Promise(cb=>{device.once(\"update:title\",event=>{import_assert.default.ok(event instanceof import_lib.NodePyATVDeviceEvent);import_assert.default.strictEqual(event.key,\"title\");import_assert.default.strictEqual(event.oldValue,null);import_assert.default.strictEqual(event.newValue,\"My Movie\");import_assert.default.strictEqual(event.value,\"My Movie\");import_assert.default.deepStrictEqual(event.device,device);cb(void 0)})})",
                  "err": {},
                  "uuid": "739ab899-176c-4e28-a7f6-a43c459ae2a7",
                  "parentUUID": "36c1fe65-d75a-476d-8671-0450879b4bd7",
                  "isHook": false,
                  "skipped": false
                },
                {
                  "title": "should emit update event",
                  "fullTitle": "NodePyATVDeviceEvents applyStateAndEmitEvents() should emit update event",
                  "timedOut": false,
                  "duration": 1,
                  "state": "passed",
                  "speed": "fast",
                  "pass": true,
                  "fail": false,
                  "pending": false,
                  "context": null,
                  "code": "const device=new import_lib.NodePyATVDevice({host:\"192.168.178.2\",name:\"My Testdevice\",spawn:(0,import_fake_spawn.createFakeSpawn)(cp=>{cp.onStdIn(()=>cp.end());cp.stdout({result:\"success\",title:\"My Movie\"})})});await new Promise(cb=>{device.once(\"update\",event=>{import_assert.default.ok(event instanceof import_lib.NodePyATVDeviceEvent);import_assert.default.strictEqual(event.key,\"title\");import_assert.default.strictEqual(event.oldValue,null);import_assert.default.strictEqual(event.newValue,\"My Movie\");import_assert.default.strictEqual(event.value,\"My Movie\");import_assert.default.deepStrictEqual(event.device,device);cb(void 0)})})",
                  "err": {},
                  "uuid": "9739fe91-f107-4841-83ed-5851d329e4fc",
                  "parentUUID": "36c1fe65-d75a-476d-8671-0450879b4bd7",
                  "isHook": false,
                  "skipped": false
                },
                {
                  "title": "should emit update:key event before update",
                  "fullTitle": "NodePyATVDeviceEvents applyStateAndEmitEvents() should emit update:key event before update",
                  "timedOut": false,
                  "duration": 2,
                  "state": "passed",
                  "speed": "fast",
                  "pass": true,
                  "fail": false,
                  "pending": false,
                  "context": null,
                  "code": "const device=new import_lib.NodePyATVDevice({host:\"192.168.178.2\",name:\"My Testdevice\",spawn:(0,import_fake_spawn.createFakeSpawn)(cp=>{cp.onStdIn(()=>cp.end());cp.stdout({result:\"success\",title:\"My Movie\"})})});const sort=[];await Promise.race([new Promise(cb=>{device.once(\"update\",()=>{sort.push(\"update\");cb(void 0)})}),new Promise(cb=>{device.once(\"update:title\",()=>{sort.push(\"update:title\");cb(void 0)})})]);import_assert.default.deepStrictEqual(sort,[\"update:title\",\"update\"])",
                  "err": {},
                  "uuid": "e3bff9c5-3c75-430e-85e6-be15bd0eeb07",
                  "parentUUID": "36c1fe65-d75a-476d-8671-0450879b4bd7",
                  "isHook": false,
                  "skipped": false
                },
                {
                  "title": "should emit error events on failures",
                  "fullTitle": "NodePyATVDeviceEvents applyStateAndEmitEvents() should emit error events on failures",
                  "timedOut": false,
                  "duration": 1,
                  "state": "passed",
                  "speed": "fast",
                  "pass": true,
                  "fail": false,
                  "pending": false,
                  "context": null,
                  "code": "const device=new import_lib.NodePyATVDevice({host:\"192.168.178.2\",name:\"My Testdevice\",spawn:(0,import_fake_spawn.createFakeSpawn)(cp=>{cp.onStdIn(()=>cp.end());cp.stdout({datetime:\"2021-11-24T21:13:36.424576+03:00\",exception:\"invalid credentials: 321\",result:\"failure\",stacktrace:'Traceback (most recent call last):\\n  File \"/Users/free/Library/Python/3.8/lib/python/site-packages/pyatv/scripts/atvscript.py\", line 302, in appstart\\n    print(args.output(await _handle_command(args, abort_sem, loop)), flush=True)\\n  File \"/Users/free/Library/Python/3.8/lib/python/site-packages/pyatv/scripts/atvscript.py\", line 196, in _handle_command\\n    atv = await connect(config, loop, protocol=Protocol.MRP)\\n  File \"/Users/free/Library/Python/3.8/lib/python/site-packages/pyatv/__init__.py\", line 96, in connect\\n    for setup_data in proto_methods.setup(\\n  File \"/Users/free/Library/Python/3.8/lib/python/site-packages/pyatv/protocols/airplay/__init__.py\", line 192, in setup\\n    stream = AirPlayStream(config, service)\\n  File \"/Users/free/Library/Python/3.8/lib/python/site-packages/pyatv/protocols/airplay/__init__.py\", line 79, in __init__\\n    self._credentials: HapCredentials = parse_credentials(self.service.credentials)\\n  File \"/Users/free/Library/Python/3.8/lib/python/site-packages/pyatv/auth/hap_pairing.py\", line 139, in parse_credentials\\n    raise exceptions.InvalidCredentialsError(\"invalid credentials: \" + detail_string)\\npyatv.exceptions.InvalidCredentialsError: invalid credentials: 321\\n'})})});await new Promise(cb=>{device.once(\"error\",error=>{import_assert.default.ok(error instanceof Error);import_assert.default.ok(error.toString().includes(\"invalid credentials: 321\"));cb(void 0)})})",
                  "err": {},
                  "uuid": "fd10ad52-458a-4f70-90af-59235cbcbadc",
                  "parentUUID": "36c1fe65-d75a-476d-8671-0450879b4bd7",
                  "isHook": false,
                  "skipped": false
                },
                {
                  "title": "should not emit an update if new value is same as old one",
                  "fullTitle": "NodePyATVDeviceEvents applyStateAndEmitEvents() should not emit an update if new value is same as old one",
                  "timedOut": false,
                  "duration": 3,
                  "state": "passed",
                  "speed": "fast",
                  "pass": true,
                  "fail": false,
                  "pending": false,
                  "context": null,
                  "code": "let spawnCounter=0;let eventCounter=0;const device=new import_lib.NodePyATVDevice({host:\"192.168.178.2\",name:\"My Testdevice\",spawn:(0,import_fake_spawn.createFakeSpawn)(cp=>{if(spawnCounter===0){cp.onStdIn(()=>cp.end())}cp.stdout({result:\"success\",title:\"My Movie\"});spawnCounter++;if(spawnCounter>=2){cp.end()}})});const listener=__name(()=>{eventCounter++},\"listener\");device.on(\"update\",listener);await new Promise(cb=>setTimeout(cb,0));await device.getState();device.off(\"update\",listener);import_assert.default.strictEqual(spawnCounter,2);import_assert.default.strictEqual(eventCounter,1)",
                  "err": {},
                  "uuid": "38adc038-4040-4b49-90ed-299b40dfaceb",
                  "parentUUID": "36c1fe65-d75a-476d-8671-0450879b4bd7",
                  "isHook": false,
                  "skipped": false
                },
                {
                  "title": "should emit error event if event listener throws an exception",
                  "fullTitle": "NodePyATVDeviceEvents applyStateAndEmitEvents() should emit error event if event listener throws an exception",
                  "timedOut": false,
                  "duration": 1,
                  "state": "passed",
                  "speed": "fast",
                  "pass": true,
                  "fail": false,
                  "pending": false,
                  "context": null,
                  "code": "const device=new import_lib.NodePyATVDevice({host:\"192.168.178.2\",name:\"My Testdevice\",spawn:(0,import_fake_spawn.createFakeSpawn)(cp=>{cp.onStdIn(()=>cp.end());cp.stdout({result:\"success\",title:\"My Movie\"})})});let callCounter=0;const error=new Error(\"This is an error. Be nice.\");device.once(\"error\",err=>{import_assert.default.strictEqual(err,error);callCounter++});const listener=__name(()=>{throw error},\"listener\");device.on(\"update\",listener);await new Promise(cb=>setTimeout(cb,0));device.off(\"update\",listener);import_assert.default.strictEqual(callCounter,1)",
                  "err": {},
                  "uuid": "0d97c545-801d-4561-a19d-241644b6ff39",
                  "parentUUID": "36c1fe65-d75a-476d-8671-0450879b4bd7",
                  "isHook": false,
                  "skipped": false
                },
                {
                  "title": "should also work with powerState",
                  "fullTitle": "NodePyATVDeviceEvents applyStateAndEmitEvents() should also work with powerState",
                  "timedOut": false,
                  "duration": 2,
                  "state": "passed",
                  "speed": "fast",
                  "pass": true,
                  "fail": false,
                  "pending": false,
                  "context": null,
                  "code": "const device=new import_lib.NodePyATVDevice({host:\"192.168.178.2\",name:\"My Testdevice\",spawn:(0,import_fake_spawn.createFakeSpawn)(cp=>{cp.onStdIn(()=>cp.end());cp.stdout({datetime:new Date().toJSON(),power_state:\"off\",result:\"success\"})})});await new Promise(cb=>{device.once(\"update:powerState\",event=>{import_assert.default.ok(event instanceof import_lib.NodePyATVDeviceEvent);import_assert.default.strictEqual(event.key,\"powerState\");import_assert.default.strictEqual(event.oldValue,null);import_assert.default.strictEqual(event.newValue,\"off\");import_assert.default.strictEqual(event.newValue,import_lib.NodePyATVPowerState.off);import_assert.default.strictEqual(event.value,\"off\");import_assert.default.strictEqual(event.value,import_lib.NodePyATVPowerState.off);import_assert.default.deepStrictEqual(event.device,device);cb(void 0)})})",
                  "err": {},
                  "uuid": "1ec26c2e-f112-4b09-8e57-49a35f26b7ce",
                  "parentUUID": "36c1fe65-d75a-476d-8671-0450879b4bd7",
                  "isHook": false,
                  "skipped": false
                },
                {
                  "title": "should only one event for powerState changes",
                  "fullTitle": "NodePyATVDeviceEvents applyStateAndEmitEvents() should only one event for powerState changes",
                  "timedOut": false,
                  "duration": 10,
                  "state": "passed",
                  "speed": "fast",
                  "pass": true,
                  "fail": false,
                  "pending": false,
                  "context": null,
                  "code": "const device=new import_lib.NodePyATVDevice({host:\"192.168.178.2\",name:\"My Testdevice\",spawn:(0,import_fake_spawn.createFakeSpawn)(cp=>{cp.onStdIn(()=>cp.end());cp.stdout({datetime:new Date().toJSON(),power_state:\"off\",result:\"success\"});cp.end()})});let counter=0;device.on(\"update\",event=>{import_assert.default.ok(event instanceof import_lib.NodePyATVDeviceEvent);import_assert.default.strictEqual(event.key,\"powerState\");import_assert.default.strictEqual(event.oldValue,null);import_assert.default.strictEqual(event.newValue,\"off\");import_assert.default.strictEqual(event.newValue,import_lib.NodePyATVPowerState.off);import_assert.default.strictEqual(event.value,\"off\");import_assert.default.strictEqual(event.value,import_lib.NodePyATVPowerState.off);import_assert.default.deepStrictEqual(event.device,device);counter++});await new Promise(cb=>setTimeout(cb,10));import_assert.default.strictEqual(counter,1);device.removeAllListeners(\"update\")",
                  "err": {},
                  "uuid": "d6a7e1b9-f06c-4d59-b54c-9c7367f67f89",
                  "parentUUID": "36c1fe65-d75a-476d-8671-0450879b4bd7",
                  "isHook": false,
                  "skipped": false
                },
                {
                  "title": "should only one event for focusState changes",
                  "fullTitle": "NodePyATVDeviceEvents applyStateAndEmitEvents() should only one event for focusState changes",
                  "timedOut": false,
                  "duration": 10,
                  "state": "passed",
                  "speed": "fast",
                  "pass": true,
                  "fail": false,
                  "pending": false,
                  "context": null,
                  "code": "const device=new import_lib.NodePyATVDevice({host:\"192.168.178.2\",name:\"My Testdevice\",spawn:(0,import_fake_spawn.createFakeSpawn)(cp=>{cp.onStdIn(()=>cp.end());cp.stdout({datetime:new Date().toJSON(),focus_state:\"unfocused\",result:\"success\"});cp.end()})});let counter=0;device.on(\"update\",event=>{import_assert.default.ok(event instanceof import_lib.NodePyATVDeviceEvent);import_assert.default.strictEqual(event.key,\"focusState\");import_assert.default.strictEqual(event.oldValue,null);import_assert.default.strictEqual(event.newValue,\"unfocused\");import_assert.default.strictEqual(event.newValue,import_types.NodePyATVFocusState.unfocused);import_assert.default.strictEqual(event.value,\"unfocused\");import_assert.default.strictEqual(event.value,import_types.NodePyATVFocusState.unfocused);import_assert.default.deepStrictEqual(event.device,device);counter++});await new Promise(cb=>setTimeout(cb,10));import_assert.default.strictEqual(counter,1);device.removeAllListeners(\"update\")",
                  "err": {},
                  "uuid": "fc232a24-1618-414e-812d-11bbde96a229",
                  "parentUUID": "36c1fe65-d75a-476d-8671-0450879b4bd7",
                  "isHook": false,
                  "skipped": false
                },
                {
                  "title": "should only one event for outputDevices changes",
                  "fullTitle": "NodePyATVDeviceEvents applyStateAndEmitEvents() should only one event for outputDevices changes",
                  "timedOut": false,
                  "duration": 10,
                  "state": "passed",
                  "speed": "fast",
                  "pass": true,
                  "fail": false,
                  "pending": false,
                  "context": null,
                  "code": "const device=new import_lib.NodePyATVDevice({host:\"192.168.178.2\",name:\"My Testdevice\",spawn:(0,import_fake_spawn.createFakeSpawn)(cp=>{cp.onStdIn(()=>cp.end());cp.stdout({datetime:new Date().toJSON(),output_devices:[{identifier:\"AAAAAAAA-BBBB-CCCC-DDDD-EEEEEEEEEEEE\",name:\"Living room\"}],result:\"success\"});cp.end()})});let counter=0;device.on(\"update\",event=>{import_assert.default.ok(event instanceof import_lib.NodePyATVDeviceEvent);import_assert.default.strictEqual(event.key,\"outputDevices\");import_assert.default.strictEqual(event.oldValue,null);import_assert.default.deepStrictEqual(event.newValue,[{identifier:\"AAAAAAAA-BBBB-CCCC-DDDD-EEEEEEEEEEEE\",name:\"Living room\"}]);import_assert.default.deepStrictEqual(event.value,[{identifier:\"AAAAAAAA-BBBB-CCCC-DDDD-EEEEEEEEEEEE\",name:\"Living room\"}]);import_assert.default.deepStrictEqual(event.device,device);counter++});await new Promise(cb=>setTimeout(cb,10));import_assert.default.strictEqual(counter,1);device.removeAllListeners(\"update\")",
                  "err": {},
                  "uuid": "b800a08d-bd23-4736-81a6-fec39164a8f0",
                  "parentUUID": "36c1fe65-d75a-476d-8671-0450879b4bd7",
                  "isHook": false,
                  "skipped": false
                },
                {
                  "title": "should only one event for volume changes",
                  "fullTitle": "NodePyATVDeviceEvents applyStateAndEmitEvents() should only one event for volume changes",
                  "timedOut": false,
                  "duration": 11,
                  "state": "passed",
                  "speed": "fast",
                  "pass": true,
                  "fail": false,
                  "pending": false,
                  "context": null,
                  "code": "const device=new import_lib.NodePyATVDevice({host:\"192.168.178.2\",name:\"My Testdevice\",spawn:(0,import_fake_spawn.createFakeSpawn)(cp=>{cp.onStdIn(()=>cp.end());cp.stdout({datetime:new Date().toJSON(),result:\"success\",volume:20});cp.end()})});let counter=0;device.on(\"update\",event=>{import_assert.default.ok(event instanceof import_lib.NodePyATVDeviceEvent);import_assert.default.strictEqual(event.key,\"volume\");import_assert.default.strictEqual(event.oldValue,null);import_assert.default.strictEqual(event.newValue,20);import_assert.default.strictEqual(event.value,20);import_assert.default.deepStrictEqual(event.device,device);counter++});await new Promise(cb=>setTimeout(cb,10));import_assert.default.strictEqual(counter,1);device.removeAllListeners(\"update\")",
                  "err": {},
                  "uuid": "04f82379-3075-4d28-8854-abd10453b34e",
                  "parentUUID": "36c1fe65-d75a-476d-8671-0450879b4bd7",
                  "isHook": false,
                  "skipped": false
                },
                {
                  "title": "should not trigger any events for newly added fields",
                  "fullTitle": "NodePyATVDeviceEvents applyStateAndEmitEvents() should not trigger any events for newly added fields",
                  "timedOut": false,
                  "duration": 10,
                  "state": "passed",
                  "speed": "fast",
                  "pass": true,
                  "fail": false,
                  "pending": false,
                  "context": null,
                  "code": "const device=new import_lib.NodePyATVDevice({host:\"192.168.178.2\",name:\"My Testdevice\",spawn:(0,import_fake_spawn.createFakeSpawn)(cp=>{cp.onStdIn(()=>cp.end());cp.stdout({datetime:new Date().toJSON(),foo:\"bar\",result:\"success\"});cp.end()})});device.on(\"update\",event=>{import_assert.default.fail(`Got an update event for a new field: ${event}`)});await new Promise(cb=>setTimeout(cb,10));device.removeAllListeners(\"update\")",
                  "err": {},
                  "uuid": "ca78a985-3c5d-42ec-bf76-2302f6b17075",
                  "parentUUID": "36c1fe65-d75a-476d-8671-0450879b4bd7",
                  "isHook": false,
                  "skipped": false
                }
              ],
              "suites": [],
              "passes": [
                "739ab899-176c-4e28-a7f6-a43c459ae2a7",
                "9739fe91-f107-4841-83ed-5851d329e4fc",
                "e3bff9c5-3c75-430e-85e6-be15bd0eeb07",
                "fd10ad52-458a-4f70-90af-59235cbcbadc",
                "38adc038-4040-4b49-90ed-299b40dfaceb",
                "0d97c545-801d-4561-a19d-241644b6ff39",
                "1ec26c2e-f112-4b09-8e57-49a35f26b7ce",
                "d6a7e1b9-f06c-4d59-b54c-9c7367f67f89",
                "fc232a24-1618-414e-812d-11bbde96a229",
                "b800a08d-bd23-4736-81a6-fec39164a8f0",
                "04f82379-3075-4d28-8854-abd10453b34e",
                "ca78a985-3c5d-42ec-bf76-2302f6b17075"
              ],
              "failures": [],
              "pending": [],
              "skipped": [],
              "duration": 63,
              "root": false,
              "rootEmpty": false,
              "_timeout": 2000
            },
            {
              "uuid": "1401dcc1-5c78-4a79-bc47-48516560cd70",
              "title": "start|stopListening()",
              "fullFile": "/home/runner/work/node-pyatv/node-pyatv/test/device-events.ts",
              "file": "/test/device-events.ts",
              "beforeHooks": [],
              "afterHooks": [],
              "tests": [
                {
                  "title": "should emit error if spawn fails",
                  "fullTitle": "NodePyATVDeviceEvents start|stopListening() should emit error if spawn fails",
                  "timedOut": false,
                  "duration": 1,
                  "state": "passed",
                  "speed": "fast",
                  "pass": true,
                  "fail": false,
                  "pending": false,
                  "context": null,
                  "code": "const error=new Error;const device=new import_lib.NodePyATVDevice({host:\"192.168.178.2\",name:\"My Testdevice\",spawn:(0,import_fake_spawn.createFakeSpawn)(cp=>{cp.error(error).end()})});const listener=__name(()=>{},\"listener\");device.on(\"update\",listener);await new Promise(cb=>{device.once(\"error\",err=>{import_assert.default.strictEqual(err,error);cb(void 0)})});device.off(\"update\",listener)",
                  "err": {},
                  "uuid": "b63830c7-5a9e-4de9-a1cb-bf8925511b9c",
                  "parentUUID": "1401dcc1-5c78-4a79-bc47-48516560cd70",
                  "isHook": false,
                  "skipped": false
                },
                {
                  "title": "should emit error on stderr data",
                  "fullTitle": "NodePyATVDeviceEvents start|stopListening() should emit error on stderr data",
                  "timedOut": false,
                  "duration": 2,
                  "state": "passed",
                  "speed": "fast",
                  "pass": true,
                  "fail": false,
                  "pending": false,
                  "context": null,
                  "code": "const device=new import_lib.NodePyATVDevice({host:\"192.168.178.2\",name:\"My Testdevice\",spawn:(0,import_fake_spawn.createFakeSpawn)(cp=>{cp.stderr(\"Hello World!\").end()})});const listener=__name(()=>{},\"listener\");device.on(\"update\",listener);await new Promise(cb=>{device.once(\"error\",err=>{import_assert.default.ok(err instanceof Error);import_assert.default.ok(err.toString().includes(\"Got stderr output from pyatv: Hello World!\"));cb(void 0)})});device.off(\"update\",listener)",
                  "err": {},
                  "uuid": "3fad1c14-30ac-404e-8506-6d24e26cf8dc",
                  "parentUUID": "1401dcc1-5c78-4a79-bc47-48516560cd70",
                  "isHook": false,
                  "skipped": false
                },
                {
                  "title": "should emit error if stdout is not valid json",
                  "fullTitle": "NodePyATVDeviceEvents start|stopListening() should emit error if stdout is not valid json",
                  "timedOut": false,
                  "duration": 1,
                  "state": "passed",
                  "speed": "fast",
                  "pass": true,
                  "fail": false,
                  "pending": false,
                  "context": null,
                  "code": "const device=new import_lib.NodePyATVDevice({host:\"192.168.178.2\",name:\"My Testdevice\",spawn:(0,import_fake_spawn.createFakeSpawn)(cp=>{cp.stdout(\"#\").end()})});const listener=__name(()=>{},\"listener\");device.on(\"update\",listener);await new Promise(cb=>{device.once(\"error\",err=>{import_assert.default.ok(err instanceof Error);import_assert.default.ok(err.toString().includes(\"Unable to parse stdout json: SyntaxError\"));cb(void 0)})});device.off(\"update\",listener)",
                  "err": {},
                  "uuid": "bb0ce102-2b9d-4052-baa4-2cfde5e3822e",
                  "parentUUID": "1401dcc1-5c78-4a79-bc47-48516560cd70",
                  "isHook": false,
                  "skipped": false
                },
                {
                  "title": "should restart the process if it gets killed",
                  "fullTitle": "NodePyATVDeviceEvents start|stopListening() should restart the process if it gets killed",
                  "timedOut": false,
                  "duration": 0,
                  "state": "pending",
                  "speed": null,
                  "pass": false,
                  "fail": false,
                  "pending": true,
                  "context": null,
                  "code": "",
                  "err": {},
                  "uuid": "29410ffc-7bae-4f08-afae-0efa4308160e",
                  "parentUUID": "1401dcc1-5c78-4a79-bc47-48516560cd70",
                  "isHook": false,
                  "skipped": false
                }
              ],
              "suites": [],
              "passes": [
                "b63830c7-5a9e-4de9-a1cb-bf8925511b9c",
                "3fad1c14-30ac-404e-8506-6d24e26cf8dc",
                "bb0ce102-2b9d-4052-baa4-2cfde5e3822e"
              ],
              "failures": [],
              "pending": [
                "29410ffc-7bae-4f08-afae-0efa4308160e"
              ],
              "skipped": [],
              "duration": 4,
              "root": false,
              "rootEmpty": false,
              "_timeout": 2000
            },
            {
              "uuid": "5548f7fc-3abc-4578-b0d9-1bc389f5b8ce",
              "title": "addListener() / removeAllListeners()",
              "fullFile": "/home/runner/work/node-pyatv/node-pyatv/test/device-events.ts",
              "file": "/test/device-events.ts",
              "beforeHooks": [],
              "afterHooks": [],
              "tests": [
                {
                  "title": "should work without any exceptions",
                  "fullTitle": "NodePyATVDeviceEvents addListener() / removeAllListeners() should work without any exceptions",
                  "timedOut": false,
                  "duration": 0,
                  "state": "passed",
                  "speed": "fast",
                  "pass": true,
                  "fail": false,
                  "pending": false,
                  "context": null,
                  "code": "const device=new import_lib.NodePyATVDevice({host:\"192.168.178.2\",name:\"My Testdevice\",spawn:(0,import_fake_spawn.createFakeSpawn)(cp=>{cp.onStdIn(()=>cp.end());cp.stdout({result:\"success\",title:\"My Movie\"})})});const listener=__name(()=>{},\"listener\");device.addListener(\"update\",listener);device.removeAllListeners(\"update\")",
                  "err": {},
                  "uuid": "e1738d83-a9e5-4178-b8f0-26026889d784",
                  "parentUUID": "5548f7fc-3abc-4578-b0d9-1bc389f5b8ce",
                  "isHook": false,
                  "skipped": false
                }
              ],
              "suites": [],
              "passes": [
                "e1738d83-a9e5-4178-b8f0-26026889d784"
              ],
              "failures": [],
              "pending": [],
              "skipped": [],
              "duration": 0,
              "root": false,
              "rootEmpty": false,
              "_timeout": 2000
            },
            {
              "uuid": "a5b9d728-51aa-4333-ade7-960089a86224",
              "title": "emit()",
              "fullFile": "/home/runner/work/node-pyatv/node-pyatv/test/device-events.ts",
              "file": "/test/device-events.ts",
              "beforeHooks": [],
              "afterHooks": [],
              "tests": [
                {
                  "title": "should work",
                  "fullTitle": "NodePyATVDeviceEvents emit() should work",
                  "timedOut": false,
                  "duration": 1,
                  "state": "passed",
                  "speed": "fast",
                  "pass": true,
                  "fail": false,
                  "pending": false,
                  "context": null,
                  "code": "const device=new import_lib.NodePyATVDevice({host:\"192.168.178.2\",name:\"My Testdevice\",spawn:(0,import_fake_spawn.createFakeSpawn)(cp=>{cp.onStdIn(()=>cp.end())})});const event=new import_lib.NodePyATVDeviceEvent({device,key:\"dateTime\",new:\"bar\",old:\"foo\"});let executions=0;device.once(\"test\",e=>{executions++;import_assert.default.strictEqual(e,event);import_assert.default.strictEqual(executions,1);done()});device.emit(\"test\",event)",
                  "err": {},
                  "uuid": "bb337dd9-101a-4475-94fc-7626a945e919",
                  "parentUUID": "a5b9d728-51aa-4333-ade7-960089a86224",
                  "isHook": false,
                  "skipped": false
                }
              ],
              "suites": [],
              "passes": [
                "bb337dd9-101a-4475-94fc-7626a945e919"
              ],
              "failures": [],
              "pending": [],
              "skipped": [],
              "duration": 1,
              "root": false,
              "rootEmpty": false,
              "_timeout": 2000
            },
            {
              "uuid": "e42ac30f-d00a-49e4-b59c-4cfafd907973",
              "title": "eventNames()",
              "fullFile": "/home/runner/work/node-pyatv/node-pyatv/test/device-events.ts",
              "file": "/test/device-events.ts",
              "beforeHooks": [],
              "afterHooks": [],
              "tests": [
                {
                  "title": "should work",
                  "fullTitle": "NodePyATVDeviceEvents eventNames() should work",
                  "timedOut": false,
                  "duration": 0,
                  "state": "passed",
                  "speed": "fast",
                  "pass": true,
                  "fail": false,
                  "pending": false,
                  "context": null,
                  "code": "const device=new import_lib.NodePyATVDevice({host:\"192.168.178.2\",name:\"My Testdevice\",spawn:(0,import_fake_spawn.createFakeSpawn)(cp=>{cp.onStdIn(()=>cp.end())})});const listener=__name(()=>{},\"listener\");device.on(\"test\",listener);import_assert.default.deepStrictEqual(device.eventNames(),[\"test\"]);device.off(\"test\",listener)",
                  "err": {},
                  "uuid": "aa7ab6ac-6728-4e3b-8cfc-1109d5b59847",
                  "parentUUID": "e42ac30f-d00a-49e4-b59c-4cfafd907973",
                  "isHook": false,
                  "skipped": false
                }
              ],
              "suites": [],
              "passes": [
                "aa7ab6ac-6728-4e3b-8cfc-1109d5b59847"
              ],
              "failures": [],
              "pending": [],
              "skipped": [],
              "duration": 0,
              "root": false,
              "rootEmpty": false,
              "_timeout": 2000
            },
            {
              "uuid": "739844e7-fa21-4712-8b2e-f3070bbe19f2",
              "title": "getMaxListeners()",
              "fullFile": "/home/runner/work/node-pyatv/node-pyatv/test/device-events.ts",
              "file": "/test/device-events.ts",
              "beforeHooks": [],
              "afterHooks": [],
              "tests": [
                {
                  "title": "should work",
                  "fullTitle": "NodePyATVDeviceEvents getMaxListeners() should work",
                  "timedOut": false,
                  "duration": 0,
                  "state": "passed",
                  "speed": "fast",
                  "pass": true,
                  "fail": false,
                  "pending": false,
                  "context": null,
                  "code": "const device=new import_lib.NodePyATVDevice({host:\"192.168.178.2\",name:\"My Testdevice\",spawn:(0,import_fake_spawn.createFakeSpawn)(cp=>{cp.onStdIn(()=>cp.end())})});const result=device.getMaxListeners();import_assert.default.ok(typeof result,\"number\");import_assert.default.ok(result>=10)",
                  "err": {},
                  "uuid": "6ee3da66-924a-4432-bd2e-27d193fe8c86",
                  "parentUUID": "739844e7-fa21-4712-8b2e-f3070bbe19f2",
                  "isHook": false,
                  "skipped": false
                }
              ],
              "suites": [],
              "passes": [
                "6ee3da66-924a-4432-bd2e-27d193fe8c86"
              ],
              "failures": [],
              "pending": [],
              "skipped": [],
              "duration": 0,
              "root": false,
              "rootEmpty": false,
              "_timeout": 2000
            },
            {
              "uuid": "7860dfb7-d2a7-4cde-97eb-6bcce8c60a68",
              "title": "listenerCount()",
              "fullFile": "/home/runner/work/node-pyatv/node-pyatv/test/device-events.ts",
              "file": "/test/device-events.ts",
              "beforeHooks": [],
              "afterHooks": [],
              "tests": [
                {
                  "title": "should work",
                  "fullTitle": "NodePyATVDeviceEvents listenerCount() should work",
                  "timedOut": false,
                  "duration": 0,
                  "state": "passed",
                  "speed": "fast",
                  "pass": true,
                  "fail": false,
                  "pending": false,
                  "context": null,
                  "code": "const device=new import_lib.NodePyATVDevice({host:\"192.168.178.2\",name:\"My Testdevice\",spawn:(0,import_fake_spawn.createFakeSpawn)(cp=>{cp.onStdIn(()=>cp.end())})});const listener=__name(()=>{},\"listener\");import_assert.default.deepStrictEqual(device.listenerCount(\"test\"),0);device.on(\"test\",listener);import_assert.default.deepStrictEqual(device.listenerCount(\"test\"),1);device.off(\"test\",listener)",
                  "err": {},
                  "uuid": "472f80a2-8b5a-4d0c-8b66-105079bc94c0",
                  "parentUUID": "7860dfb7-d2a7-4cde-97eb-6bcce8c60a68",
                  "isHook": false,
                  "skipped": false
                }
              ],
              "suites": [],
              "passes": [
                "472f80a2-8b5a-4d0c-8b66-105079bc94c0"
              ],
              "failures": [],
              "pending": [],
              "skipped": [],
              "duration": 0,
              "root": false,
              "rootEmpty": false,
              "_timeout": 2000
            },
            {
              "uuid": "caded817-5e2d-45a1-8187-6246aaf3ae16",
              "title": "listeners()",
              "fullFile": "/home/runner/work/node-pyatv/node-pyatv/test/device-events.ts",
              "file": "/test/device-events.ts",
              "beforeHooks": [],
              "afterHooks": [],
              "tests": [
                {
                  "title": "should work",
                  "fullTitle": "NodePyATVDeviceEvents listeners() should work",
                  "timedOut": false,
                  "duration": 0,
                  "state": "passed",
                  "speed": "fast",
                  "pass": true,
                  "fail": false,
                  "pending": false,
                  "context": null,
                  "code": "const device=new import_lib.NodePyATVDevice({host:\"192.168.178.2\",name:\"My Testdevice\",spawn:(0,import_fake_spawn.createFakeSpawn)(cp=>{cp.onStdIn(()=>cp.end())})});const listener=__name(()=>{},\"listener\");import_assert.default.deepStrictEqual(device.listeners(\"test\").length,0);device.on(\"test\",listener);import_assert.default.deepStrictEqual(device.listeners(\"test\").length,1);import_assert.default.deepStrictEqual(device.listeners(\"test\")[0],listener);device.off(\"test\",listener)",
                  "err": {},
                  "uuid": "79635bd1-4182-49bf-97df-28614a897164",
                  "parentUUID": "caded817-5e2d-45a1-8187-6246aaf3ae16",
                  "isHook": false,
                  "skipped": false
                }
              ],
              "suites": [],
              "passes": [
                "79635bd1-4182-49bf-97df-28614a897164"
              ],
              "failures": [],
              "pending": [],
              "skipped": [],
              "duration": 0,
              "root": false,
              "rootEmpty": false,
              "_timeout": 2000
            },
            {
              "uuid": "babd543d-90ab-4e3a-be22-fc73b8a7daa2",
              "title": "prependListener()",
              "fullFile": "/home/runner/work/node-pyatv/node-pyatv/test/device-events.ts",
              "file": "/test/device-events.ts",
              "beforeHooks": [],
              "afterHooks": [],
              "tests": [
                {
                  "title": "should work",
                  "fullTitle": "NodePyATVDeviceEvents prependListener() should work",
                  "timedOut": false,
                  "duration": 0,
                  "state": "passed",
                  "speed": "fast",
                  "pass": true,
                  "fail": false,
                  "pending": false,
                  "context": null,
                  "code": "const device=new import_lib.NodePyATVDevice({host:\"192.168.178.2\",name:\"My Testdevice\",spawn:(0,import_fake_spawn.createFakeSpawn)(cp=>{cp.onStdIn(()=>cp.end());cp.stdout({result:\"success\",title:\"My Movie\"})})});const listener=__name(()=>{device.removeAllListeners(\"update\");done()},\"listener\");device.prependListener(\"update\",listener)",
                  "err": {},
                  "uuid": "bbf0e468-0d4d-428a-8d62-c20680bbf4f5",
                  "parentUUID": "babd543d-90ab-4e3a-be22-fc73b8a7daa2",
                  "isHook": false,
                  "skipped": false
                }
              ],
              "suites": [],
              "passes": [
                "bbf0e468-0d4d-428a-8d62-c20680bbf4f5"
              ],
              "failures": [],
              "pending": [],
              "skipped": [],
              "duration": 0,
              "root": false,
              "rootEmpty": false,
              "_timeout": 2000
            },
            {
              "uuid": "4fc604f9-a018-45d6-82f6-dbc1179dfa99",
              "title": "prependOnceListener()",
              "fullFile": "/home/runner/work/node-pyatv/node-pyatv/test/device-events.ts",
              "file": "/test/device-events.ts",
              "beforeHooks": [],
              "afterHooks": [],
              "tests": [
                {
                  "title": "should work",
                  "fullTitle": "NodePyATVDeviceEvents prependOnceListener() should work",
                  "timedOut": false,
                  "duration": 2,
                  "state": "passed",
                  "speed": "fast",
                  "pass": true,
                  "fail": false,
                  "pending": false,
                  "context": null,
                  "code": "const device=new import_lib.NodePyATVDevice({host:\"192.168.178.2\",name:\"My Testdevice\",spawn:(0,import_fake_spawn.createFakeSpawn)(cp=>{cp.onStdIn(()=>cp.end());cp.stdout({result:\"success\",title:\"My Movie\"})})});device.prependOnceListener(\"update\",()=>done())",
                  "err": {},
                  "uuid": "bcba0621-98d4-42e4-ba2c-92f1ba6c15b9",
                  "parentUUID": "4fc604f9-a018-45d6-82f6-dbc1179dfa99",
                  "isHook": false,
                  "skipped": false
                }
              ],
              "suites": [],
              "passes": [
                "bcba0621-98d4-42e4-ba2c-92f1ba6c15b9"
              ],
              "failures": [],
              "pending": [],
              "skipped": [],
              "duration": 2,
              "root": false,
              "rootEmpty": false,
              "_timeout": 2000
            },
            {
              "uuid": "607869a8-6d65-48c0-9b18-b1760a423580",
              "title": "rawListeners()",
              "fullFile": "/home/runner/work/node-pyatv/node-pyatv/test/device-events.ts",
              "file": "/test/device-events.ts",
              "beforeHooks": [],
              "afterHooks": [],
              "tests": [
                {
                  "title": "should work",
                  "fullTitle": "NodePyATVDeviceEvents rawListeners() should work",
                  "timedOut": false,
                  "duration": 0,
                  "state": "passed",
                  "speed": "fast",
                  "pass": true,
                  "fail": false,
                  "pending": false,
                  "context": null,
                  "code": "const device=new import_lib.NodePyATVDevice({host:\"192.168.178.2\",name:\"My Testdevice\",spawn:(0,import_fake_spawn.createFakeSpawn)(cp=>{cp.onStdIn(()=>cp.end())})});const listener=__name(()=>{},\"listener\");import_assert.default.deepStrictEqual(device.rawListeners(\"test\").length,0);device.on(\"test\",listener);import_assert.default.deepStrictEqual(device.rawListeners(\"test\").length,1);import_assert.default.deepStrictEqual(device.rawListeners(\"test\")[0],listener);device.off(\"test\",listener)",
                  "err": {},
                  "uuid": "b6421082-0557-413a-acef-bccdaf3de21a",
                  "parentUUID": "607869a8-6d65-48c0-9b18-b1760a423580",
                  "isHook": false,
                  "skipped": false
                }
              ],
              "suites": [],
              "passes": [
                "b6421082-0557-413a-acef-bccdaf3de21a"
              ],
              "failures": [],
              "pending": [],
              "skipped": [],
              "duration": 0,
              "root": false,
              "rootEmpty": false,
              "_timeout": 2000
            },
            {
              "uuid": "b815a94d-ebe3-4f66-8dbb-f241a5e69b56",
              "title": "removeListener()",
              "fullFile": "/home/runner/work/node-pyatv/node-pyatv/test/device-events.ts",
              "file": "/test/device-events.ts",
              "beforeHooks": [],
              "afterHooks": [],
              "tests": [
                {
                  "title": "should work without any exceptions",
                  "fullTitle": "NodePyATVDeviceEvents removeListener() should work without any exceptions",
                  "timedOut": false,
                  "duration": 0,
                  "state": "passed",
                  "speed": "fast",
                  "pass": true,
                  "fail": false,
                  "pending": false,
                  "context": null,
                  "code": "const device=new import_lib.NodePyATVDevice({host:\"192.168.178.2\",name:\"My Testdevice\",spawn:(0,import_fake_spawn.createFakeSpawn)(cp=>{cp.onStdIn(()=>cp.end());cp.stdout({result:\"success\",title:\"My Movie\"})})});const listener=__name(()=>{},\"listener\");device.addListener(\"update\",listener);import_assert.default.deepStrictEqual(device.listenerCount(\"update\"),1);device.removeListener(\"update\",listener);import_assert.default.deepStrictEqual(device.listenerCount(\"update\"),0)",
                  "err": {},
                  "uuid": "912b8c44-ca93-4e2e-b714-0401362cfed0",
                  "parentUUID": "b815a94d-ebe3-4f66-8dbb-f241a5e69b56",
                  "isHook": false,
                  "skipped": false
                }
              ],
              "suites": [],
              "passes": [
                "912b8c44-ca93-4e2e-b714-0401362cfed0"
              ],
              "failures": [],
              "pending": [],
              "skipped": [],
              "duration": 0,
              "root": false,
              "rootEmpty": false,
              "_timeout": 2000
            }
          ],
          "passes": [],
          "failures": [],
          "pending": [],
          "skipped": [],
          "duration": 0,
          "root": false,
          "rootEmpty": false,
          "_timeout": 2000
        },
        {
          "uuid": "1ee772bf-92a6-4b46-b822-f317d4cf53b4",
          "title": "NodePyATVDevice",
          "fullFile": "/home/runner/work/node-pyatv/node-pyatv/test/device.ts",
          "file": "/test/device.ts",
          "beforeHooks": [],
          "afterHooks": [],
          "tests": [],
          "suites": [
            {
              "uuid": "a099ddaa-416d-404e-8edd-6a111dd3bc4f",
              "title": "get name()",
              "fullFile": "/home/runner/work/node-pyatv/node-pyatv/test/device.ts",
              "file": "/test/device.ts",
              "beforeHooks": [],
              "afterHooks": [],
              "tests": [
                {
                  "title": "should return the name",
                  "fullTitle": "NodePyATVDevice get name() should return the name",
                  "timedOut": false,
                  "duration": 0,
                  "state": "passed",
                  "speed": "fast",
                  "pass": true,
                  "fail": false,
                  "pending": false,
                  "context": null,
                  "code": "const device=new import_device.default({host:\"192.168.178.2\",name:\"My Testdevice\"});import_assert.default.strictEqual(device.name,\"My Testdevice\")",
                  "err": {},
                  "uuid": "ed99096c-513f-4632-a8e0-7818c21ad1b3",
                  "parentUUID": "a099ddaa-416d-404e-8edd-6a111dd3bc4f",
                  "isHook": false,
                  "skipped": false
                }
              ],
              "suites": [],
              "passes": [
                "ed99096c-513f-4632-a8e0-7818c21ad1b3"
              ],
              "failures": [],
              "pending": [],
              "skipped": [],
              "duration": 0,
              "root": false,
              "rootEmpty": false,
              "_timeout": 2000
            },
            {
              "uuid": "f54c4583-0bf8-4af7-99cf-fefddde1b444",
              "title": "get host()",
              "fullFile": "/home/runner/work/node-pyatv/node-pyatv/test/device.ts",
              "file": "/test/device.ts",
              "beforeHooks": [],
              "afterHooks": [],
              "tests": [
                {
                  "title": "should return the host",
                  "fullTitle": "NodePyATVDevice get host() should return the host",
                  "timedOut": false,
                  "duration": 0,
                  "state": "passed",
                  "speed": "fast",
                  "pass": true,
                  "fail": false,
                  "pending": false,
                  "context": null,
                  "code": "const device=new import_device.default({host:\"192.168.178.2\",name:\"My Testdevice\"});import_assert.default.strictEqual(device.host,\"192.168.178.2\")",
                  "err": {},
                  "uuid": "97e71ffc-a898-458d-a161-b0eb46304aef",
                  "parentUUID": "f54c4583-0bf8-4af7-99cf-fefddde1b444",
                  "isHook": false,
                  "skipped": false
                }
              ],
              "suites": [],
              "passes": [
                "97e71ffc-a898-458d-a161-b0eb46304aef"
              ],
              "failures": [],
              "pending": [],
              "skipped": [],
              "duration": 0,
              "root": false,
              "rootEmpty": false,
              "_timeout": 2000
            },
            {
              "uuid": "5488671e-dd7c-4517-82a3-f6c1fbfd1438",
              "title": "get id()",
              "fullFile": "/home/runner/work/node-pyatv/node-pyatv/test/device.ts",
              "file": "/test/device.ts",
              "beforeHooks": [],
              "afterHooks": [],
              "tests": [
                {
                  "title": "should return the id",
                  "fullTitle": "NodePyATVDevice get id() should return the id",
                  "timedOut": false,
                  "duration": 0,
                  "state": "passed",
                  "speed": "fast",
                  "pass": true,
                  "fail": false,
                  "pending": false,
                  "context": null,
                  "code": "const device=new import_device.default({host:\"192.168.178.2\",id:\"*****\",name:\"My Testdevice\"});import_assert.default.strictEqual(device.id,\"*****\")",
                  "err": {},
                  "uuid": "7ce8b18a-94f3-4c31-ad0b-e974f89f1778",
                  "parentUUID": "5488671e-dd7c-4517-82a3-f6c1fbfd1438",
                  "isHook": false,
                  "skipped": false
                }
              ],
              "suites": [],
              "passes": [
                "7ce8b18a-94f3-4c31-ad0b-e974f89f1778"
              ],
              "failures": [],
              "pending": [],
              "skipped": [],
              "duration": 0,
              "root": false,
              "rootEmpty": false,
              "_timeout": 2000
            },
            {
              "uuid": "0f6fda33-7ca2-4d1d-952a-3c54ce2730ac",
              "title": "get allIDs()",
              "fullFile": "/home/runner/work/node-pyatv/node-pyatv/test/device.ts",
              "file": "/test/device.ts",
              "beforeHooks": [],
              "afterHooks": [],
              "tests": [
                {
                  "title": "should return all the IDs",
                  "fullTitle": "NodePyATVDevice get allIDs() should return all the IDs",
                  "timedOut": false,
                  "duration": 1,
                  "state": "passed",
                  "speed": "fast",
                  "pass": true,
                  "fail": false,
                  "pending": false,
                  "context": null,
                  "code": "const device=new import_device.default({allIDs:[\"some_id_1\",\"some_id_2\",\"some_id_3\"],host:\"192.168.178.2\",id:\"*****\",name:\"My Testdevice\"});import_assert.default.deepStrictEqual(device.allIDs,[\"some_id_1\",\"some_id_2\",\"some_id_3\"])",
                  "err": {},
                  "uuid": "e52d418d-1331-4d2b-9397-26b1f4306411",
                  "parentUUID": "0f6fda33-7ca2-4d1d-952a-3c54ce2730ac",
                  "isHook": false,
                  "skipped": false
                }
              ],
              "suites": [],
              "passes": [
                "e52d418d-1331-4d2b-9397-26b1f4306411"
              ],
              "failures": [],
              "pending": [],
              "skipped": [],
              "duration": 1,
              "root": false,
              "rootEmpty": false,
              "_timeout": 2000
            },
            {
              "uuid": "54e83364-90c2-40a8-ae9f-03dcdf50d483",
              "title": "get protocol()",
              "fullFile": "/home/runner/work/node-pyatv/node-pyatv/test/device.ts",
              "file": "/test/device.ts",
              "beforeHooks": [],
              "afterHooks": [],
              "tests": [
                {
                  "title": "should return the protocol",
                  "fullTitle": "NodePyATVDevice get protocol() should return the protocol",
                  "timedOut": false,
                  "duration": 0,
                  "state": "passed",
                  "speed": "fast",
                  "pass": true,
                  "fail": false,
                  "pending": false,
                  "context": null,
                  "code": "const device=new import_device.default({host:\"192.168.178.2\",name:\"My Testdevice\",protocol:import_types.NodePyATVProtocol.airplay});import_assert.default.strictEqual(device.protocol,import_types.NodePyATVProtocol.airplay)",
                  "err": {},
                  "uuid": "dc527afb-a739-4a01-85f5-e78aedc065d5",
                  "parentUUID": "54e83364-90c2-40a8-ae9f-03dcdf50d483",
                  "isHook": false,
                  "skipped": false
                }
              ],
              "suites": [],
              "passes": [
                "dc527afb-a739-4a01-85f5-e78aedc065d5"
              ],
              "failures": [],
              "pending": [],
              "skipped": [],
              "duration": 0,
              "root": false,
              "rootEmpty": false,
              "_timeout": 2000
            },
            {
              "uuid": "937d563c-97db-4c15-9fd9-725a9a3eaacb",
              "title": "get mac()",
              "fullFile": "/home/runner/work/node-pyatv/node-pyatv/test/device.ts",
              "file": "/test/device.ts",
              "beforeHooks": [],
              "afterHooks": [],
              "tests": [
                {
                  "title": "should return the mac",
                  "fullTitle": "NodePyATVDevice get mac() should return the mac",
                  "timedOut": false,
                  "duration": 0,
                  "state": "passed",
                  "speed": "fast",
                  "pass": true,
                  "fail": false,
                  "pending": false,
                  "context": null,
                  "code": "const device=new import_device.default({host:\"192.168.178.2\",mac:\"AA:BB:CC:DD:EE:FF\",name:\"My Testdevice\"});import_assert.default.strictEqual(device.mac,\"AA:BB:CC:DD:EE:FF\")",
                  "err": {},
                  "uuid": "dc0bcfb7-ee37-4c33-9a78-6b4c207aabd8",
                  "parentUUID": "937d563c-97db-4c15-9fd9-725a9a3eaacb",
                  "isHook": false,
                  "skipped": false
                }
              ],
              "suites": [],
              "passes": [
                "dc0bcfb7-ee37-4c33-9a78-6b4c207aabd8"
              ],
              "failures": [],
              "pending": [],
              "skipped": [],
              "duration": 0,
              "root": false,
              "rootEmpty": false,
              "_timeout": 2000
            },
            {
              "uuid": "565db309-6173-4a0b-9002-e505ef6005a3",
              "title": "get model()",
              "fullFile": "/home/runner/work/node-pyatv/node-pyatv/test/device.ts",
              "file": "/test/device.ts",
              "beforeHooks": [],
              "afterHooks": [],
              "tests": [
                {
                  "title": "should return the model if set by scan",
                  "fullTitle": "NodePyATVDevice get model() should return the model if set by scan",
                  "timedOut": false,
                  "duration": 0,
                  "state": "passed",
                  "speed": "fast",
                  "pass": true,
                  "fail": false,
                  "pending": false,
                  "context": null,
                  "code": "const device=new import_device.default({host:\"10.0.10.81\",id:\"xxx\",model:\"Gen4K\",name:\"Vardagsrum\"});import_assert.default.strictEqual(device.model,\"Gen4K\")",
                  "err": {},
                  "uuid": "538279f1-bc77-4cb1-a726-9e52761820d2",
                  "parentUUID": "565db309-6173-4a0b-9002-e505ef6005a3",
                  "isHook": false,
                  "skipped": false
                },
                {
                  "title": "should return undefined otherwise",
                  "fullTitle": "NodePyATVDevice get model() should return undefined otherwise",
                  "timedOut": false,
                  "duration": 0,
                  "state": "passed",
                  "speed": "fast",
                  "pass": true,
                  "fail": false,
                  "pending": false,
                  "context": null,
                  "code": "const device=new import_device.default({host:\"10.0.10.81\",name:\"Vardagsrum\"});import_assert.default.strictEqual(device.model,void 0)",
                  "err": {},
                  "uuid": "85cb70f5-fb9d-4e5a-a80e-060917233307",
                  "parentUUID": "565db309-6173-4a0b-9002-e505ef6005a3",
                  "isHook": false,
                  "skipped": false
                }
              ],
              "suites": [],
              "passes": [
                "538279f1-bc77-4cb1-a726-9e52761820d2",
                "85cb70f5-fb9d-4e5a-a80e-060917233307"
              ],
              "failures": [],
              "pending": [],
              "skipped": [],
              "duration": 0,
              "root": false,
              "rootEmpty": false,
              "_timeout": 2000
            },
            {
              "uuid": "ba3d081c-5df2-4fea-a22b-020365d37f48",
              "title": "get modelName()",
              "fullFile": "/home/runner/work/node-pyatv/node-pyatv/test/device.ts",
              "file": "/test/device.ts",
              "beforeHooks": [],
              "afterHooks": [],
              "tests": [
                {
                  "title": "should return the model name if set by scan",
                  "fullTitle": "NodePyATVDevice get modelName() should return the model name if set by scan",
                  "timedOut": false,
                  "duration": 0,
                  "state": "passed",
                  "speed": "fast",
                  "pass": true,
                  "fail": false,
                  "pending": false,
                  "context": null,
                  "code": "const device=new import_device.default({host:\"10.0.10.81\",id:\"xxx\",modelName:\"Apple TV 4K\",name:\"Vardagsrum\"});import_assert.default.strictEqual(device.modelName,\"Apple TV 4K\")",
                  "err": {},
                  "uuid": "da4a6228-e828-4f83-9ee2-53e1939f65b0",
                  "parentUUID": "ba3d081c-5df2-4fea-a22b-020365d37f48",
                  "isHook": false,
                  "skipped": false
                },
                {
                  "title": "should return undefined otherwise",
                  "fullTitle": "NodePyATVDevice get modelName() should return undefined otherwise",
                  "timedOut": false,
                  "duration": 0,
                  "state": "passed",
                  "speed": "fast",
                  "pass": true,
                  "fail": false,
                  "pending": false,
                  "context": null,
                  "code": "const device=new import_device.default({host:\"10.0.10.81\",name:\"Vardagsrum\"});import_assert.default.strictEqual(device.modelName,void 0)",
                  "err": {},
                  "uuid": "8dbb98cb-4f6d-4ce5-9a0b-7cb85f5664d0",
                  "parentUUID": "ba3d081c-5df2-4fea-a22b-020365d37f48",
                  "isHook": false,
                  "skipped": false
                }
              ],
              "suites": [],
              "passes": [
                "da4a6228-e828-4f83-9ee2-53e1939f65b0",
                "8dbb98cb-4f6d-4ce5-9a0b-7cb85f5664d0"
              ],
              "failures": [],
              "pending": [],
              "skipped": [],
              "duration": 0,
              "root": false,
              "rootEmpty": false,
              "_timeout": 2000
            },
            {
              "uuid": "e1665a2d-e993-45f0-ae40-2329b2f21a60",
              "title": "get os()",
              "fullFile": "/home/runner/work/node-pyatv/node-pyatv/test/device.ts",
              "file": "/test/device.ts",
              "beforeHooks": [],
              "afterHooks": [],
              "tests": [
                {
                  "title": "should return the operating system if set by scan",
                  "fullTitle": "NodePyATVDevice get os() should return the operating system if set by scan",
                  "timedOut": false,
                  "duration": 0,
                  "state": "passed",
                  "speed": "fast",
                  "pass": true,
                  "fail": false,
                  "pending": false,
                  "context": null,
                  "code": "const device=new import_device.default({host:\"10.0.10.81\",id:\"xxx\",name:\"Vardagsrum\",os:\"TvOS\"});import_assert.default.strictEqual(device.os,\"TvOS\")",
                  "err": {},
                  "uuid": "86cedc1c-d6f9-4737-8cc1-f9629ec3d16b",
                  "parentUUID": "e1665a2d-e993-45f0-ae40-2329b2f21a60",
                  "isHook": false,
                  "skipped": false
                },
                {
                  "title": "should return undefined otherwise",
                  "fullTitle": "NodePyATVDevice get os() should return undefined otherwise",
                  "timedOut": false,
                  "duration": 0,
                  "state": "passed",
                  "speed": "fast",
                  "pass": true,
                  "fail": false,
                  "pending": false,
                  "context": null,
                  "code": "const device=new import_device.default({host:\"10.0.10.81\",name:\"Vardagsrum\"});import_assert.default.strictEqual(device.os,void 0)",
                  "err": {},
                  "uuid": "e29f3ade-b306-464c-81c8-0cbc5e75afed",
                  "parentUUID": "e1665a2d-e993-45f0-ae40-2329b2f21a60",
                  "isHook": false,
                  "skipped": false
                }
              ],
              "suites": [],
              "passes": [
                "86cedc1c-d6f9-4737-8cc1-f9629ec3d16b",
                "e29f3ade-b306-464c-81c8-0cbc5e75afed"
              ],
              "failures": [],
              "pending": [],
              "skipped": [],
              "duration": 0,
              "root": false,
              "rootEmpty": false,
              "_timeout": 2000
            },
            {
              "uuid": "7274651c-2602-4a6a-979c-a981683d9dc9",
              "title": "get version()",
              "fullFile": "/home/runner/work/node-pyatv/node-pyatv/test/device.ts",
              "file": "/test/device.ts",
              "beforeHooks": [],
              "afterHooks": [],
              "tests": [
                {
                  "title": "should return the version if set by scan",
                  "fullTitle": "NodePyATVDevice get version() should return the version if set by scan",
                  "timedOut": false,
                  "duration": 0,
                  "state": "passed",
                  "speed": "fast",
                  "pass": true,
                  "fail": false,
                  "pending": false,
                  "context": null,
                  "code": "const device=new import_device.default({host:\"10.0.10.81\",id:\"xxx\",name:\"Vardagsrum\",version:\"15.5.1\"});import_assert.default.strictEqual(device.version,\"15.5.1\")",
                  "err": {},
                  "uuid": "6b8fbccd-59a1-46a5-866f-54c0eea29ae1",
                  "parentUUID": "7274651c-2602-4a6a-979c-a981683d9dc9",
                  "isHook": false,
                  "skipped": false
                },
                {
                  "title": "should return undefined otherwise",
                  "fullTitle": "NodePyATVDevice get version() should return undefined otherwise",
                  "timedOut": false,
                  "duration": 0,
                  "state": "passed",
                  "speed": "fast",
                  "pass": true,
                  "fail": false,
                  "pending": false,
                  "context": null,
                  "code": "const device=new import_device.default({host:\"10.0.10.81\",name:\"Vardagsrum\"});import_assert.default.strictEqual(device.version,void 0)",
                  "err": {},
                  "uuid": "8adeabb2-7c12-4c26-910b-6ad9f4db7e92",
                  "parentUUID": "7274651c-2602-4a6a-979c-a981683d9dc9",
                  "isHook": false,
                  "skipped": false
                }
              ],
              "suites": [],
              "passes": [
                "6b8fbccd-59a1-46a5-866f-54c0eea29ae1",
                "8adeabb2-7c12-4c26-910b-6ad9f4db7e92"
              ],
              "failures": [],
              "pending": [],
              "skipped": [],
              "duration": 0,
              "root": false,
              "rootEmpty": false,
              "_timeout": 2000
            },
            {
              "uuid": "e69e447f-8a98-418b-a7bc-c5e799bcac84",
              "title": "get services()",
              "fullFile": "/home/runner/work/node-pyatv/node-pyatv/test/device.ts",
              "file": "/test/device.ts",
              "beforeHooks": [],
              "afterHooks": [],
              "tests": [
                {
                  "title": "should return the services if set by scan",
                  "fullTitle": "NodePyATVDevice get services() should return the services if set by scan",
                  "timedOut": false,
                  "duration": 0,
                  "state": "passed",
                  "speed": "fast",
                  "pass": true,
                  "fail": false,
                  "pending": false,
                  "context": null,
                  "code": "const device=new import_device.default({host:\"10.0.10.81\",id:\"xxx\",name:\"Vardagsrum\",services:[{port:49152,protocol:import_types.NodePyATVProtocol.mrp},{port:7e3,protocol:import_types.NodePyATVProtocol.airplay}]});import_assert.default.deepStrictEqual(device.services,[{port:49152,protocol:\"mrp\"},{port:7e3,protocol:\"airplay\"}])",
                  "err": {},
                  "uuid": "5032fd7e-fb90-46ce-95a0-3a4d4b06f25a",
                  "parentUUID": "e69e447f-8a98-418b-a7bc-c5e799bcac84",
                  "isHook": false,
                  "skipped": false
                },
                {
                  "title": "should return undefined otherwise",
                  "fullTitle": "NodePyATVDevice get services() should return undefined otherwise",
                  "timedOut": false,
                  "duration": 0,
                  "state": "passed",
                  "speed": "fast",
                  "pass": true,
                  "fail": false,
                  "pending": false,
                  "context": null,
                  "code": "const device=new import_device.default({host:\"10.0.10.81\",name:\"Vardagsrum\"});import_assert.default.strictEqual(device.services,void 0)",
                  "err": {},
                  "uuid": "d5b9f712-ad0f-4575-b0e0-6059c7f16f35",
                  "parentUUID": "e69e447f-8a98-418b-a7bc-c5e799bcac84",
                  "isHook": false,
                  "skipped": false
                }
              ],
              "suites": [],
              "passes": [
                "5032fd7e-fb90-46ce-95a0-3a4d4b06f25a",
                "d5b9f712-ad0f-4575-b0e0-6059c7f16f35"
              ],
              "failures": [],
              "pending": [],
              "skipped": [],
              "duration": 0,
              "root": false,
              "rootEmpty": false,
              "_timeout": 2000
            },
            {
              "uuid": "578eebda-7ebd-4355-98df-423a2f373b37",
              "title": "get debug()",
              "fullFile": "/home/runner/work/node-pyatv/node-pyatv/test/device.ts",
              "file": "/test/device.ts",
              "beforeHooks": [],
              "afterHooks": [],
              "tests": [
                {
                  "title": "should return true if set to true",
                  "fullTitle": "NodePyATVDevice get debug() should return true if set to true",
                  "timedOut": false,
                  "duration": 0,
                  "state": "passed",
                  "speed": "fast",
                  "pass": true,
                  "fail": false,
                  "pending": false,
                  "context": null,
                  "code": "const device=new import_device.default({debug:true,host:\"192.168.178.2\",name:\"My Testdevice\"});import_assert.default.strictEqual(device.debug,true)",
                  "err": {},
                  "uuid": "7ad39452-ae75-437c-946c-92411049e39f",
                  "parentUUID": "578eebda-7ebd-4355-98df-423a2f373b37",
                  "isHook": false,
                  "skipped": false
                },
                {
                  "title": "should return fn if set to custom function",
                  "fullTitle": "NodePyATVDevice get debug() should return fn if set to custom function",
                  "timedOut": false,
                  "duration": 0,
                  "state": "passed",
                  "speed": "fast",
                  "pass": true,
                  "fail": false,
                  "pending": false,
                  "context": null,
                  "code": "const fn=__name(()=>{},\"fn\");const device=new import_device.default({debug:fn,host:\"192.168.178.2\",name:\"My Testdevice\"});import_assert.default.strictEqual(device.debug,fn)",
                  "err": {},
                  "uuid": "4031aa62-9d0c-4f4f-865f-83e4e8788dea",
                  "parentUUID": "578eebda-7ebd-4355-98df-423a2f373b37",
                  "isHook": false,
                  "skipped": false
                },
                {
                  "title": "should return false if unset",
                  "fullTitle": "NodePyATVDevice get debug() should return false if unset",
                  "timedOut": false,
                  "duration": 0,
                  "state": "passed",
                  "speed": "fast",
                  "pass": true,
                  "fail": false,
                  "pending": false,
                  "context": null,
                  "code": "const device=new import_device.default({host:\"192.168.178.2\",name:\"My Testdevice\"});import_assert.default.strictEqual(device.debug,void 0)",
                  "err": {},
                  "uuid": "c7065a7b-9293-4a0f-8814-8b853e0fdf30",
[...]
                  "err": {},
                  "uuid": "33152450-1c0e-4860-896e-c02d6cd52a4f",
                  "parentUUID": "c66a6f82-84ac-4f76-9966-37b3e552e7a5",
                  "isHook": false,
                  "skipped": false
                },
                {
                  "title": "should handle atvscriptPath if set",
                  "fullTitle": "Tools getExecutable() should handle atvscriptPath if set",
                  "timedOut": false,
                  "duration": 0,
                  "state": "passed",
                  "speed": "fast",
                  "pass": true,
                  "fail": false,
                  "pending": false,
                  "context": null,
                  "code": "const result=(0,import_tools.getExecutable)(import_types.NodePyATVExecutableType.atvscript,{atvremotePath:\"/tmp/1\",atvscriptPath:\"/tmp/2\"});import_assert.default.strictEqual(result,\"/tmp/2\")",
                  "err": {},
                  "uuid": "81aa2534-c490-496b-bb91-b6cb19ab67e6",
                  "parentUUID": "c66a6f82-84ac-4f76-9966-37b3e552e7a5",
                  "isHook": false,
                  "skipped": false
                },
                {
                  "title": "should handle default for atvremote",
                  "fullTitle": "Tools getExecutable() should handle default for atvremote",
                  "timedOut": false,
                  "duration": 0,
                  "state": "passed",
                  "speed": "fast",
                  "pass": true,
                  "fail": false,
                  "pending": false,
                  "context": null,
                  "code": "const result=(0,import_tools.getExecutable)(import_types.NodePyATVExecutableType.atvremote,{atvscriptPath:\"/tmp\"});import_assert.default.strictEqual(result,\"atvremote\")",
                  "err": {},
                  "uuid": "8e9e29b2-bb2e-4136-b489-a02cde449ece",
                  "parentUUID": "c66a6f82-84ac-4f76-9966-37b3e552e7a5",
                  "isHook": false,
                  "skipped": false
                },
                {
                  "title": "should handle default for atvscript",
                  "fullTitle": "Tools getExecutable() should handle default for atvscript",
                  "timedOut": false,
                  "duration": 1,
                  "state": "passed",
                  "speed": "fast",
                  "pass": true,
                  "fail": false,
                  "pending": false,
                  "context": null,
                  "code": "const result=(0,import_tools.getExecutable)(import_types.NodePyATVExecutableType.atvscript,{atvremotePath:\"/tmp\"});import_assert.default.strictEqual(result,\"atvscript\")",
                  "err": {},
                  "uuid": "15677cca-23a8-44c8-b2dd-6f2d90fce3e2",
                  "parentUUID": "c66a6f82-84ac-4f76-9966-37b3e552e7a5",
                  "isHook": false,
                  "skipped": false
                }
              ],
              "suites": [],
              "passes": [
                "33152450-1c0e-4860-896e-c02d6cd52a4f",
                "81aa2534-c490-496b-bb91-b6cb19ab67e6",
                "8e9e29b2-bb2e-4136-b489-a02cde449ece",
                "15677cca-23a8-44c8-b2dd-6f2d90fce3e2"
              ],
              "failures": [],
              "pending": [],
              "skipped": [],
              "duration": 1,
              "root": false,
              "rootEmpty": false,
              "_timeout": 2000
            },
            {
              "uuid": "93ae2651-e056-4875-bdfb-9d6f6b11021a",
              "title": "getParameters()",
              "fullFile": "/home/runner/work/node-pyatv/node-pyatv/test/tools.ts",
              "file": "/test/tools.ts",
              "beforeHooks": [],
              "afterHooks": [],
              "tests": [
                {
                  "title": "empty case",
                  "fullTitle": "Tools getParameters() empty case",
                  "timedOut": false,
                  "duration": 0,
                  "state": "passed",
                  "speed": "fast",
                  "pass": true,
                  "fail": false,
                  "pending": false,
                  "context": null,
                  "code": "const result=await(0,import_tools.getParameters)();import_assert.default.deepEqual(result,[])",
                  "err": {},
                  "uuid": "efdaabbe-48f0-4e8d-b688-ce66cc888198",
                  "parentUUID": "93ae2651-e056-4875-bdfb-9d6f6b11021a",
                  "isHook": false,
                  "skipped": false
                },
                {
                  "title": "easy case",
                  "fullTitle": "Tools getParameters() easy case",
                  "timedOut": false,
                  "duration": 0,
                  "state": "passed",
                  "speed": "fast",
                  "pass": true,
                  "fail": false,
                  "pending": false,
                  "context": null,
                  "code": "const result=await(0,import_tools.getParameters)({host:\"192.168.178.2\"});import_assert.default.deepEqual(result,[\"-s\",\"192.168.178.2\"])",
                  "err": {},
                  "uuid": "2d336e93-2e63-45da-8e94-cf25190aaabb",
                  "parentUUID": "93ae2651-e056-4875-bdfb-9d6f6b11021a",
                  "isHook": false,
                  "skipped": false
                },
                {
                  "title": "full case",
                  "fullTitle": "Tools getParameters() full case",
                  "timedOut": false,
                  "duration": 0,
                  "state": "passed",
                  "speed": "fast",
                  "pass": true,
                  "fail": false,
                  "pending": false,
                  "context": null,
                  "code": "const result=await(0,import_tools.getParameters)({airplayCredentials:\"****\",companionCredentials:\"1234\",dmapCredentials:\"****\",hosts:[\"192.168.178.2\",\"192.168.178.3\"],id:\"****\",mrpCredentials:\"****\",protocol:import_types.NodePyATVProtocol.mrp,raopCredentials:\"::foo:\"});import_assert.default.deepEqual(result,[\"-s\",\"192.168.178.2,192.168.178.3\",\"-i\",\"****\",\"--protocol\",\"mrp\",\"--dmap-credentials\",\"****\",\"--mrp-credentials\",\"****\",\"--airplay-credentials\",\"****\",\"--companion-credentials\",\"1234\",\"--raop-credentials\",\"::foo:\"])",
                  "err": {},
                  "uuid": "b126fb5f-f4ab-48f4-8c68-bc3b39a5289b",
                  "parentUUID": "93ae2651-e056-4875-bdfb-9d6f6b11021a",
                  "isHook": false,
                  "skipped": false
                }
              ],
              "suites": [],
              "passes": [
                "efdaabbe-48f0-4e8d-b688-ce66cc888198",
                "2d336e93-2e63-45da-8e94-cf25190aaabb",
                "b126fb5f-f4ab-48f4-8c68-bc3b39a5289b"
              ],
              "failures": [],
              "pending": [],
              "skipped": [],
              "duration": 0,
              "root": false,
              "rootEmpty": false,
              "_timeout": 2000
            },
            {
              "uuid": "4cc950d2-9916-4a71-a31d-01bc33ee3217",
              "title": "parseState()",
              "fullFile": "/home/runner/work/node-pyatv/node-pyatv/test/tools.ts",
              "file": "/test/tools.ts",
              "beforeHooks": [],
              "afterHooks": [],
              "tests": [
                {
                  "title": "should work with empty data",
                  "fullTitle": "Tools parseState() should work with empty data",
                  "timedOut": false,
                  "duration": 0,
                  "state": "passed",
                  "speed": "fast",
                  "pass": true,
                  "fail": false,
                  "pending": false,
                  "context": null,
                  "code": "const input={};const result=(0,import_tools.parseState)(input,\"\",{});import_assert.default.deepStrictEqual(result,{album:null,app:null,appId:null,artist:null,contentIdentifier:null,dateTime:null,deviceState:null,episodeNumber:null,focusState:null,genre:null,hash:null,iTunesStoreIdentifier:null,mediaType:null,outputDevices:null,position:null,powerState:null,repeat:null,seasonNumber:null,seriesName:null,shuffle:null,title:null,totalTime:null,volume:null})",
                  "err": {},
                  "uuid": "817ae051-9592-4bca-ba09-bf56fdd3b39f",
                  "parentUUID": "4cc950d2-9916-4a71-a31d-01bc33ee3217",
                  "isHook": false,
                  "skipped": false
                },
                {
                  "title": "should work without data",
                  "fullTitle": "Tools parseState() should work without data",
                  "timedOut": false,
                  "duration": 0,
                  "state": "passed",
                  "speed": "fast",
                  "pass": true,
                  "fail": false,
                  "pending": false,
                  "context": null,
                  "code": "const result=(0,import_tools.parseState)(null,\"\",{});import_assert.default.deepStrictEqual(result,{album:null,app:null,appId:null,artist:null,contentIdentifier:null,dateTime:null,deviceState:null,episodeNumber:null,focusState:null,genre:null,hash:null,iTunesStoreIdentifier:null,mediaType:null,outputDevices:null,position:null,powerState:null,repeat:null,seasonNumber:null,seriesName:null,shuffle:null,title:null,totalTime:null,volume:null})",
                  "err": {},
                  "uuid": "6fb79c79-760d-4639-9fd4-a8c75493dd26",
                  "parentUUID": "4cc950d2-9916-4a71-a31d-01bc33ee3217",
                  "isHook": false,
                  "skipped": false
                },
                {
                  "title": "should work with example data",
                  "fullTitle": "Tools parseState() should work with example data",
                  "timedOut": false,
                  "duration": 0,
                  "state": "passed",
                  "speed": "fast",
                  "pass": true,
                  "fail": false,
                  "pending": false,
                  "context": null,
                  "code": "const input={album:null,app:\"Disney+\",app_id:\"com.disney.disneyplus\",artist:null,content_identifier:null,datetime:\"2020-11-07T22:38:43.608030+01:00\",device_state:\"playing\",episode_number:null,focus_state:null,genre:null,hash:\"100e0ab6-6ff5-4199-9c04-a7107ff78712\",itunes_store_identifier:null,media_type:\"video\",output_devices:null,position:27,power_state:null,repeat:\"off\",result:\"success\",season_number:null,series_name:null,shuffle:\"off\",title:\"Solo: A Star Wars Story\",total_time:8097,volume:null};const result=(0,import_tools.parseState)(input,\"\",{});import_assert.default.deepStrictEqual(result,{album:null,app:\"Disney+\",appId:\"com.disney.disneyplus\",artist:null,contentIdentifier:null,dateTime:new Date(\"2020-11-07T22:38:43.608030+01:00\"),deviceState:import_types.NodePyATVDeviceState.playing,episodeNumber:null,focusState:null,genre:null,hash:\"100e0ab6-6ff5-4199-9c04-a7107ff78712\",iTunesStoreIdentifier:null,mediaType:import_types.NodePyATVMediaType.video,outputDevices:null,position:27,powerState:null,repeat:import_types.NodePyATVRepeatState.off,seasonNumber:null,seriesName:null,shuffle:import_types.NodePyATVShuffleState.off,title:\"Solo: A Star Wars Story\",totalTime:8097,volume:null})",
                  "err": {},
                  "uuid": "87dc6b02-fdfc-401b-9900-a0abb9d7ebe1",
                  "parentUUID": "4cc950d2-9916-4a71-a31d-01bc33ee3217",
                  "isHook": false,
                  "skipped": false
                },
                {
                  "title": "should throw an error for pyatv exceptions",
                  "fullTitle": "Tools parseState() should throw an error for pyatv exceptions",
                  "timedOut": false,
                  "duration": 0,
                  "state": "passed",
                  "speed": "fast",
                  "pass": true,
                  "fail": false,
                  "pending": false,
                  "context": null,
                  "code": "const input={datetime:\"2021-11-24T21:13:36.424576+03:00\",exception:\"invalid credentials: 321\",result:\"failure\",stacktrace:'Traceback (most recent call last):\\n  File \"/Users/free/Library/Python/3.8/lib/python/site-packages/pyatv/scripts/atvscript.py\", line 302, in appstart\\n    print(args.output(await _handle_command(args, abort_sem, loop)), flush=True)\\n  File \"/Users/free/Library/Python/3.8/lib/python/site-packages/pyatv/scripts/atvscript.py\", line 196, in _handle_command\\n    atv = await connect(config, loop, protocol=Protocol.MRP)\\n  File \"/Users/free/Library/Python/3.8/lib/python/site-packages/pyatv/__init__.py\", line 96, in connect\\n    for setup_data in proto_methods.setup(\\n  File \"/Users/free/Library/Python/3.8/lib/python/site-packages/pyatv/protocols/airplay/__init__.py\", line 192, in setup\\n    stream = AirPlayStream(config, service)\\n  File \"/Users/free/Library/Python/3.8/lib/python/site-packages/pyatv/protocols/airplay/__init__.py\", line 79, in __init__\\n    self._credentials: HapCredentials = parse_credentials(self.service.credentials)\\n  File \"/Users/free/Library/Python/3.8/lib/python/site-packages/pyatv/auth/hap_pairing.py\", line 139, in parse_credentials\\n    raise exceptions.InvalidCredentialsError(\"invalid credentials: \" + detail_string)\\npyatv.exceptions.InvalidCredentialsError: invalid credentials: 321\\n'};import_assert.default.throws(()=>{(0,import_tools.parseState)(input,\"\",{})},/Got pyatv Error: invalid credentials: 321/)",
                  "err": {},
                  "uuid": "230893be-6d74-4b4d-97dd-962ffdce8ee9",
                  "parentUUID": "4cc950d2-9916-4a71-a31d-01bc33ee3217",
                  "isHook": false,
                  "skipped": false
                },
                {
                  "title": "should ignore date if it's an invalid date",
                  "fullTitle": "Tools parseState() should ignore date if it's an invalid date",
                  "timedOut": false,
                  "duration": 0,
                  "state": "passed",
                  "speed": "fast",
                  "pass": true,
                  "fail": false,
                  "pending": false,
                  "context": null,
                  "code": "const input={datetime:\"today\"};const result=(0,import_tools.parseState)(input,\"\",{});import_assert.default.deepStrictEqual(result,{album:null,app:null,appId:null,artist:null,contentIdentifier:null,dateTime:null,deviceState:null,episodeNumber:null,focusState:null,genre:null,hash:null,iTunesStoreIdentifier:null,mediaType:null,outputDevices:null,position:null,powerState:null,repeat:null,seasonNumber:null,seriesName:null,shuffle:null,title:null,totalTime:null,volume:null})",
                  "err": {},
                  "uuid": "bade29e6-d2df-4bf4-92f6-6dddb1b38be1",
                  "parentUUID": "4cc950d2-9916-4a71-a31d-01bc33ee3217",
                  "isHook": false,
                  "skipped": false
                },
                {
                  "title": "should ignore data if unsupported type",
                  "fullTitle": "Tools parseState() should ignore data if unsupported type",
                  "timedOut": false,
                  "duration": 0,
                  "state": "passed",
                  "speed": "fast",
                  "pass": true,
                  "fail": false,
                  "pending": false,
                  "context": null,
                  "code": "const input={album:Infinity,app:0,app_id:891645381647289,artist:90,content_identifier:null,datetime:true,device_state:43,episode_number:null,focus_state:null,genre:Math.PI,hash:1337,itunes_store_identifier:null,media_type:false,output_devices:null,position:\"0:30.123\",power_state:null,repeat:true,result:\"success\",season_number:null,series_name:null,shuffle:false,title:void 0,total_time:\"23min\",volume:null};const result=(0,import_tools.parseState)(input,\"\",{});import_assert.default.deepStrictEqual(result,{album:null,app:null,appId:null,artist:null,contentIdentifier:null,dateTime:null,deviceState:null,episodeNumber:null,focusState:null,genre:null,hash:null,iTunesStoreIdentifier:null,mediaType:null,outputDevices:null,position:null,powerState:null,repeat:null,seasonNumber:null,seriesName:null,shuffle:null,title:null,totalTime:null,volume:null})",
                  "err": {},
                  "uuid": "b084db41-e712-4b2a-83df-4b8f24c4d510",
                  "parentUUID": "4cc950d2-9916-4a71-a31d-01bc33ee3217",
                  "isHook": false,
                  "skipped": false
                },
                {
                  "title": "should ignore enums with unsupported valid",
                  "fullTitle": "Tools parseState() should ignore enums with unsupported valid",
                  "timedOut": false,
                  "duration": 1,
                  "state": "passed",
                  "speed": "fast",
                  "pass": true,
                  "fail": false,
                  "pending": false,
                  "context": null,
                  "code": "const input={device_state:\"initiating\",media_type:\"3d-experience\",repeat:\"nothing\",shuffle:\"everything\"};const result=(0,import_tools.parseState)(input,\"\",{});import_assert.default.deepStrictEqual(result,{album:null,app:null,appId:null,artist:null,contentIdentifier:null,dateTime:null,deviceState:null,episodeNumber:null,focusState:null,genre:null,hash:null,iTunesStoreIdentifier:null,mediaType:null,outputDevices:null,position:null,powerState:null,repeat:null,seasonNumber:null,seriesName:null,shuffle:null,title:null,totalTime:null,volume:null})",
                  "err": {},
                  "uuid": "5d68abc5-23d0-4347-8202-162b426a10f4",
                  "parentUUID": "4cc950d2-9916-4a71-a31d-01bc33ee3217",
                  "isHook": false,
                  "skipped": false
                }
              ],
              "suites": [],
              "passes": [
                "817ae051-9592-4bca-ba09-bf56fdd3b39f",
                "6fb79c79-760d-4639-9fd4-a8c75493dd26",
                "87dc6b02-fdfc-401b-9900-a0abb9d7ebe1",
                "230893be-6d74-4b4d-97dd-962ffdce8ee9",
                "bade29e6-d2df-4bf4-92f6-6dddb1b38be1",
                "b084db41-e712-4b2a-83df-4b8f24c4d510",
                "5d68abc5-23d0-4347-8202-162b426a10f4"
              ],
              "failures": [],
              "pending": [],
              "skipped": [],
              "duration": 1,
              "root": false,
              "rootEmpty": false,
              "_timeout": 2000
            }
          ],
          "passes": [],
          "failures": [],
          "pending": [],
          "skipped": [],
          "duration": 0,
          "root": false,
          "rootEmpty": false,
          "_timeout": 2000
        }
      ],
      "passes": [],
      "failures": [],
      "pending": [],
      "skipped": [],
      "duration": 0,
      "root": true,
      "rootEmpty": true,
      "_timeout": 2000
    }
  ],
  "meta": {
    "mocha": {
      "version": "11.7.4"
    },
    "mochawesome": {
      "options": {
        "quiet": false,
        "reportFilename": "mochawesome",
        "saveHtml": true,
        "saveJson": true,
        "consoleReporter": "spec",
        "useInlineDiffs": false,
        "code": true
      },
      "version": "7.1.4"
    },
    "marge": {
      "options": null,
      "version": "6.3.0"
    }
  }
}