{
  "stats": {
    "suites": 82,
    "tests": 136,
    "passes": 134,
    "pending": 2,
    "failures": 0,
    "start": "2020-11-29T12:47:36.406Z",
    "end": "2020-11-29T12:47:48.113Z",
    "duration": 11707,
    "testsRegistered": 136,
    "passPercent": 100,
    "pendingPercent": 1.4705882352941175,
    "other": 0,
    "hasOther": false,
    "skipped": 0,
    "hasSkipped": false
  },
  "results": [
    {
      "uuid": "a68beaea-7f25-4cc7-8c61-163e25c43e36",
      "title": "",
      "fullFile": "",
      "file": "",
      "beforeHooks": [],
      "afterHooks": [],
      "tests": [],
      "suites": [
        {
          "uuid": "2995aa1d-80d2-407d-8f72-565f895e2150",
          "title": "NodePyATVDeviceEvent",
          "fullFile": "/home/runner/work/node-pyatv/node-pyatv/test/device-event.ts",
          "file": "/test/device-event.ts",
          "beforeHooks": [],
          "afterHooks": [],
          "tests": [],
          "suites": [
            {
              "uuid": "40a991eb-c39c-4e66-b976-a16c92fa98a3",
              "title": "get key()",
              "fullFile": "/home/runner/work/node-pyatv/node-pyatv/test/device-event.ts",
              "file": "/test/device-event.ts",
              "beforeHooks": [],
              "afterHooks": [],
              "tests": [
                {
                  "title": "should work",
                  "fullTitle": "NodePyATVDeviceEvent get key() should work",
                  "timedOut": false,
                  "duration": 1,
                  "state": "passed",
                  "speed": "fast",
                  "pass": true,
                  "fail": false,
                  "pending": false,
                  "context": null,
                  "code": "const event = new device_event_1.default({\n    key: 'genre',\n    old: 'Jazz',\n    new: 'Rock',\n    device: new device_1.default({\n        host: '192.168.178.2',\n        name: 'My Testinstance'\n    })\n});\nassert_1.default.strictEqual(event.key, 'genre');",
                  "err": {},
                  "uuid": "1692309e-152d-4229-a67b-58becfcd68bb",
                  "parentUUID": "40a991eb-c39c-4e66-b976-a16c92fa98a3",
                  "isHook": false,
                  "skipped": false
                }
              ],
              "suites": [],
              "passes": [
                "1692309e-152d-4229-a67b-58becfcd68bb"
              ],
              "failures": [],
              "pending": [],
              "skipped": [],
              "duration": 1,
              "root": false,
              "rootEmpty": false,
              "_timeout": 2000
            },
            {
              "uuid": "e6a6aa4d-4aa7-45ed-9d50-322126573b9b",
              "title": "get oldValue()",
              "fullFile": "/home/runner/work/node-pyatv/node-pyatv/test/device-event.ts",
              "file": "/test/device-event.ts",
              "beforeHooks": [],
              "afterHooks": [],
              "tests": [
                {
                  "title": "should work",
                  "fullTitle": "NodePyATVDeviceEvent get oldValue() should work",
                  "timedOut": false,
                  "duration": 0,
                  "state": "passed",
                  "speed": "fast",
                  "pass": true,
                  "fail": false,
                  "pending": false,
                  "context": null,
                  "code": "const event = new device_event_1.default({\n    key: 'genre',\n    old: 'Jazz',\n    new: 'Rock',\n    device: new device_1.default({\n        host: '192.168.178.2',\n        name: 'My Testinstance'\n    })\n});\nassert_1.default.strictEqual(event.oldValue, 'Jazz');",
                  "err": {},
                  "uuid": "34c4a8cd-6a05-4cf7-9289-6c872f9dcfa0",
                  "parentUUID": "e6a6aa4d-4aa7-45ed-9d50-322126573b9b",
                  "isHook": false,
                  "skipped": false
                }
              ],
              "suites": [],
              "passes": [
                "34c4a8cd-6a05-4cf7-9289-6c872f9dcfa0"
              ],
              "failures": [],
              "pending": [],
              "skipped": [],
              "duration": 0,
              "root": false,
              "rootEmpty": false,
              "_timeout": 2000
            },
            {
              "uuid": "791e3708-2546-4b25-b7b3-f75ee618362c",
              "title": "get newValue()",
              "fullFile": "/home/runner/work/node-pyatv/node-pyatv/test/device-event.ts",
              "file": "/test/device-event.ts",
              "beforeHooks": [],
              "afterHooks": [],
              "tests": [
                {
                  "title": "should work",
                  "fullTitle": "NodePyATVDeviceEvent get newValue() should work",
                  "timedOut": false,
                  "duration": 0,
                  "state": "passed",
                  "speed": "fast",
                  "pass": true,
                  "fail": false,
                  "pending": false,
                  "context": null,
                  "code": "const event = new device_event_1.default({\n    key: 'genre',\n    old: 'Jazz',\n    new: 'Rock',\n    device: new device_1.default({\n        host: '192.168.178.2',\n        name: 'My Testinstance'\n    })\n});\nassert_1.default.strictEqual(event.newValue, 'Rock');",
                  "err": {},
                  "uuid": "6390e6cb-d122-44c2-a057-d463e95ec18c",
                  "parentUUID": "791e3708-2546-4b25-b7b3-f75ee618362c",
                  "isHook": false,
                  "skipped": false
                }
              ],
              "suites": [],
              "passes": [
                "6390e6cb-d122-44c2-a057-d463e95ec18c"
              ],
              "failures": [],
              "pending": [],
              "skipped": [],
              "duration": 0,
              "root": false,
              "rootEmpty": false,
              "_timeout": 2000
            },
            {
              "uuid": "4c38d58a-9d75-495f-914f-3816b2bd79fd",
              "title": "get value()",
              "fullFile": "/home/runner/work/node-pyatv/node-pyatv/test/device-event.ts",
              "file": "/test/device-event.ts",
              "beforeHooks": [],
              "afterHooks": [],
              "tests": [
                {
                  "title": "should work",
                  "fullTitle": "NodePyATVDeviceEvent get value() should work",
                  "timedOut": false,
                  "duration": 0,
                  "state": "passed",
                  "speed": "fast",
                  "pass": true,
                  "fail": false,
                  "pending": false,
                  "context": null,
                  "code": "const event = new device_event_1.default({\n    key: 'genre',\n    old: 'Jazz',\n    new: 'Rock',\n    device: new device_1.default({\n        host: '192.168.178.2',\n        name: 'My Testinstance'\n    })\n});\nassert_1.default.strictEqual(event.value, 'Rock');",
                  "err": {},
                  "uuid": "a4decf2f-1155-498c-8b00-6f86d07564e8",
                  "parentUUID": "4c38d58a-9d75-495f-914f-3816b2bd79fd",
                  "isHook": false,
                  "skipped": false
                }
              ],
              "suites": [],
              "passes": [
                "a4decf2f-1155-498c-8b00-6f86d07564e8"
              ],
              "failures": [],
              "pending": [],
              "skipped": [],
              "duration": 0,
              "root": false,
              "rootEmpty": false,
              "_timeout": 2000
            },
            {
              "uuid": "c6326b2d-36fb-47b3-98b3-a894bd264112",
              "title": "get device()",
              "fullFile": "/home/runner/work/node-pyatv/node-pyatv/test/device-event.ts",
              "file": "/test/device-event.ts",
              "beforeHooks": [],
              "afterHooks": [],
              "tests": [
                {
                  "title": "should work",
                  "fullTitle": "NodePyATVDeviceEvent get device() should work",
                  "timedOut": false,
                  "duration": 0,
                  "state": "passed",
                  "speed": "fast",
                  "pass": true,
                  "fail": false,
                  "pending": false,
                  "context": null,
                  "code": "const device = new device_1.default({\n    host: '192.168.178.2',\n    name: 'My Testinstance'\n});\nconst event = new device_event_1.default({\n    key: 'genre',\n    old: 'Jazz',\n    new: 'Rock',\n    device\n});\nassert_1.default.deepEqual(event.device, device);",
                  "err": {},
                  "uuid": "38962df3-c490-4dc1-b9f5-47cccddab649",
                  "parentUUID": "c6326b2d-36fb-47b3-98b3-a894bd264112",
                  "isHook": false,
                  "skipped": false
                }
              ],
              "suites": [],
              "passes": [
                "38962df3-c490-4dc1-b9f5-47cccddab649"
              ],
              "failures": [],
              "pending": [],
              "skipped": [],
              "duration": 0,
              "root": false,
              "rootEmpty": false,
              "_timeout": 2000
            }
          ],
          "passes": [],
          "failures": [],
          "pending": [],
          "skipped": [],
          "duration": 0,
          "root": false,
          "rootEmpty": false,
          "_timeout": 2000
        },
        {
          "uuid": "9a37b325-8600-40e9-9af3-ed7391899ec1",
          "title": "NodePyATVDeviceEvents",
          "fullFile": "/home/runner/work/node-pyatv/node-pyatv/test/device-events.ts",
          "file": "/test/device-events.ts",
          "beforeHooks": [],
          "afterHooks": [],
          "tests": [],
          "suites": [
            {
              "uuid": "8124c098-9774-4431-8313-3309ee608f1b",
              "title": "applyStateAndEmitEvents()",
              "fullFile": "/home/runner/work/node-pyatv/node-pyatv/test/device-events.ts",
              "file": "/test/device-events.ts",
              "beforeHooks": [],
              "afterHooks": [],
              "tests": [
                {
                  "title": "should emit update:key event",
                  "fullTitle": "NodePyATVDeviceEvents applyStateAndEmitEvents() should emit update:key event",
                  "timedOut": false,
                  "duration": 5,
                  "state": "passed",
                  "speed": "fast",
                  "pass": true,
                  "fail": false,
                  "pending": false,
                  "context": null,
                  "code": "return __awaiter(this, void 0, void 0, function* () {\n    const device = new device_1.default({\n        name: 'My Testdevice',\n        host: '192.168.178.2',\n        spawn: fake_spawn_1.createFakeSpawn(cp => {\n            cp.onStdIn(() => cp.end());\n            cp.stdout({\n                result: 'success',\n                title: 'My Movie'\n            });\n        })\n    });\n    yield new Promise(cb => {\n        device.once('update:title', event => {\n            assert_1.default.ok(event instanceof device_event_1.default);\n            assert_1.default.strictEqual(event.key, 'title');\n            assert_1.default.strictEqual(event.oldValue, null);\n            assert_1.default.strictEqual(event.newValue, 'My Movie');\n            assert_1.default.strictEqual(event.value, 'My Movie');\n            assert_1.default.deepStrictEqual(event.device, device);\n            cb(undefined);\n        });\n    });\n});",
                  "err": {},
                  "uuid": "a2bd007f-fa10-479b-8df8-dce1d13f4f15",
                  "parentUUID": "8124c098-9774-4431-8313-3309ee608f1b",
                  "isHook": false,
                  "skipped": false
                },
                {
                  "title": "should emit update event",
                  "fullTitle": "NodePyATVDeviceEvents applyStateAndEmitEvents() should emit update event",
                  "timedOut": false,
                  "duration": 2,
                  "state": "passed",
                  "speed": "fast",
                  "pass": true,
                  "fail": false,
                  "pending": false,
                  "context": null,
                  "code": "return __awaiter(this, void 0, void 0, function* () {\n    const device = new device_1.default({\n        name: 'My Testdevice',\n        host: '192.168.178.2',\n        spawn: fake_spawn_1.createFakeSpawn(cp => {\n            cp.onStdIn(() => cp.end());\n            cp.stdout({\n                result: 'success',\n                title: 'My Movie'\n            });\n        })\n    });\n    yield new Promise(cb => {\n        device.once('update', event => {\n            assert_1.default.ok(event instanceof device_event_1.default);\n            assert_1.default.strictEqual(event.key, 'title');\n            assert_1.default.strictEqual(event.oldValue, null);\n            assert_1.default.strictEqual(event.newValue, 'My Movie');\n            assert_1.default.strictEqual(event.value, 'My Movie');\n            assert_1.default.deepStrictEqual(event.device, device);\n            cb(undefined);\n        });\n    });\n});",
                  "err": {},
                  "uuid": "3c887b62-2c56-428e-babf-4061ac524e3b",
                  "parentUUID": "8124c098-9774-4431-8313-3309ee608f1b",
                  "isHook": false,
                  "skipped": false
                },
                {
                  "title": "should emit update:key event before update",
                  "fullTitle": "NodePyATVDeviceEvents applyStateAndEmitEvents() should emit update:key event before update",
                  "timedOut": false,
                  "duration": 2,
                  "state": "passed",
                  "speed": "fast",
                  "pass": true,
                  "fail": false,
                  "pending": false,
                  "context": null,
                  "code": "return __awaiter(this, void 0, void 0, function* () {\n    const device = new device_1.default({\n        name: 'My Testdevice',\n        host: '192.168.178.2',\n        spawn: fake_spawn_1.createFakeSpawn(cp => {\n            cp.onStdIn(() => cp.end());\n            cp.stdout({\n                result: 'success',\n                title: 'My Movie'\n            });\n        })\n    });\n    const sort = [];\n    yield Promise.race([\n        new Promise(cb => {\n            device.once('update', () => {\n                sort.push('update');\n                cb(undefined);\n            });\n        }),\n        new Promise(cb => {\n            device.once('update:title', () => {\n                sort.push('update:title');\n                cb(undefined);\n            });\n        })\n    ]);\n    assert_1.default.deepStrictEqual(sort, ['update:title', 'update']);\n});",
                  "err": {},
                  "uuid": "1e1bc58e-cb9a-4c96-a6ab-d5285daac448",
                  "parentUUID": "8124c098-9774-4431-8313-3309ee608f1b",
                  "isHook": false,
                  "skipped": false
                },
                {
                  "title": "should not emit an update if new value is same as old one",
                  "fullTitle": "NodePyATVDeviceEvents applyStateAndEmitEvents() should not emit an update if new value is same as old one",
                  "timedOut": false,
                  "duration": 4,
                  "state": "passed",
                  "speed": "fast",
                  "pass": true,
                  "fail": false,
                  "pending": false,
                  "context": null,
                  "code": "return __awaiter(this, void 0, void 0, function* () {\n    let spawnCounter = 0;\n    let eventCounter = 0;\n    const device = new device_1.default({\n        name: 'My Testdevice',\n        host: '192.168.178.2',\n        spawn: fake_spawn_1.createFakeSpawn(cp => {\n            if (spawnCounter === 0) {\n                cp.onStdIn(() => cp.end());\n            }\n            cp.stdout({\n                result: 'success',\n                title: 'My Movie'\n            });\n            spawnCounter++;\n            if (spawnCounter >= 2) {\n                cp.end();\n            }\n        })\n    });\n    const listener = () => {\n        eventCounter++;\n    };\n    device.on('update', listener);\n    yield new Promise(cb => setTimeout(cb, 0));\n    yield device.getState();\n    device.off('update', listener);\n    assert_1.default.strictEqual(spawnCounter, 2);\n    assert_1.default.strictEqual(eventCounter, 1);\n});",
                  "err": {},
                  "uuid": "dbca1261-0db3-4534-ae57-469e62c78f7a",
                  "parentUUID": "8124c098-9774-4431-8313-3309ee608f1b",
                  "isHook": false,
                  "skipped": false
                },
                {
                  "title": "should emit error event if event listener throws an exception",
                  "fullTitle": "NodePyATVDeviceEvents applyStateAndEmitEvents() should emit error event if event listener throws an exception",
                  "timedOut": false,
                  "duration": 2,
                  "state": "passed",
                  "speed": "fast",
                  "pass": true,
                  "fail": false,
                  "pending": false,
                  "context": null,
                  "code": "return __awaiter(this, void 0, void 0, function* () {\n    const device = new device_1.default({\n        name: 'My Testdevice',\n        host: '192.168.178.2',\n        spawn: fake_spawn_1.createFakeSpawn(cp => {\n            cp.onStdIn(() => cp.end());\n            cp.stdout({\n                result: 'success',\n                title: 'My Movie'\n            });\n        })\n    });\n    let callCounter = 0;\n    const error = new Error('This is an error. Be nice.');\n    device.once('error', err => {\n        assert_1.default.strictEqual(err, error);\n        callCounter++;\n    });\n    const listener = () => {\n        throw error;\n    };\n    device.on('update', listener);\n    yield new Promise(cb => setTimeout(cb, 0));\n    device.off('update', listener);\n    assert_1.default.strictEqual(callCounter, 1);\n});",
                  "err": {},
                  "uuid": "cd01d5e6-20e7-4548-bc7b-504bb1b9d9b8",
                  "parentUUID": "8124c098-9774-4431-8313-3309ee608f1b",
                  "isHook": false,
                  "skipped": false
                },
                {
                  "title": "should also work with powerState",
                  "fullTitle": "NodePyATVDeviceEvents applyStateAndEmitEvents() should also work with powerState",
                  "timedOut": false,
                  "duration": 2,
                  "state": "passed",
                  "speed": "fast",
                  "pass": true,
                  "fail": false,
                  "pending": false,
                  "context": null,
                  "code": "return __awaiter(this, void 0, void 0, function* () {\n    const device = new device_1.default({\n        name: 'My Testdevice',\n        host: '192.168.178.2',\n        spawn: fake_spawn_1.createFakeSpawn(cp => {\n            cp.onStdIn(() => cp.end());\n            cp.stdout({\n                result: 'success',\n                datetime: new Date().toJSON(),\n                power_state: 'off'\n            });\n        })\n    });\n    yield new Promise(cb => {\n        device.once('update:powerState', event => {\n            assert_1.default.ok(event instanceof device_event_1.default);\n            assert_1.default.strictEqual(event.key, 'powerState');\n            assert_1.default.strictEqual(event.oldValue, null);\n            assert_1.default.strictEqual(event.newValue, 'off');\n            assert_1.default.strictEqual(event.newValue, types_1.NodePyATVPowerState.off);\n            assert_1.default.strictEqual(event.value, 'off');\n            assert_1.default.strictEqual(event.value, types_1.NodePyATVPowerState.off);\n            assert_1.default.deepStrictEqual(event.device, device);\n            cb(undefined);\n        });\n    });\n});",
                  "err": {},
                  "uuid": "7cb2d9b9-03b5-41dd-912f-5b18391726e1",
                  "parentUUID": "8124c098-9774-4431-8313-3309ee608f1b",
                  "isHook": false,
                  "skipped": false
                }
              ],
              "suites": [],
              "passes": [
                "a2bd007f-fa10-479b-8df8-dce1d13f4f15",
                "3c887b62-2c56-428e-babf-4061ac524e3b",
                "1e1bc58e-cb9a-4c96-a6ab-d5285daac448",
                "dbca1261-0db3-4534-ae57-469e62c78f7a",
                "cd01d5e6-20e7-4548-bc7b-504bb1b9d9b8",
                "7cb2d9b9-03b5-41dd-912f-5b18391726e1"
              ],
              "failures": [],
              "pending": [],
              "skipped": [],
              "duration": 17,
              "root": false,
              "rootEmpty": false,
              "_timeout": 2000
            },
            {
              "uuid": "3b9142cf-9be3-46a7-8e56-8fac8f78bd2c",
              "title": "start|stopListening()",
              "fullFile": "/home/runner/work/node-pyatv/node-pyatv/test/device-events.ts",
              "file": "/test/device-events.ts",
              "beforeHooks": [],
              "afterHooks": [],
              "tests": [
                {
                  "title": "should emit error if spawn fails",
                  "fullTitle": "NodePyATVDeviceEvents start|stopListening() should emit error if spawn fails",
                  "timedOut": false,
                  "duration": 2,
                  "state": "passed",
                  "speed": "fast",
                  "pass": true,
                  "fail": false,
                  "pending": false,
                  "context": null,
                  "code": "return __awaiter(this, void 0, void 0, function* () {\n    const error = new Error();\n    const device = new device_1.default({\n        name: 'My Testdevice',\n        host: '192.168.178.2',\n        spawn: fake_spawn_1.createFakeSpawn(cp => {\n            cp.error(error).end();\n        })\n    });\n    const listener = () => {\n        // empty listener\n    };\n    device.on('update', listener);\n    yield new Promise(cb => {\n        device.once('error', err => {\n            assert_1.default.strictEqual(err, error);\n            cb(undefined);\n        });\n    });\n    device.off('update', listener);\n});",
                  "err": {},
                  "uuid": "d442b273-71da-4db3-8563-61ec5deb3ace",
                  "parentUUID": "3b9142cf-9be3-46a7-8e56-8fac8f78bd2c",
                  "isHook": false,
                  "skipped": false
                },
                {
                  "title": "should emit error on stderr data",
                  "fullTitle": "NodePyATVDeviceEvents start|stopListening() should emit error on stderr data",
                  "timedOut": false,
                  "duration": 2,
                  "state": "passed",
                  "speed": "fast",
                  "pass": true,
                  "fail": false,
                  "pending": false,
                  "context": null,
                  "code": "return __awaiter(this, void 0, void 0, function* () {\n    const device = new device_1.default({\n        name: 'My Testdevice',\n        host: '192.168.178.2',\n        spawn: fake_spawn_1.createFakeSpawn(cp => {\n            cp.stderr('Hello World!').end();\n        })\n    });\n    const listener = () => {\n        // empty listener\n    };\n    device.on('update', listener);\n    yield new Promise(cb => {\n        device.once('error', err => {\n            assert_1.default.ok(err instanceof Error);\n            assert_1.default.ok(err.toString().includes('Got stderr output from pyatv: Hello World!'));\n            cb(undefined);\n        });\n    });\n    device.off('update', listener);\n});",
                  "err": {},
                  "uuid": "47d88d5f-5e8c-406c-a1b3-bf550619b6fe",
                  "parentUUID": "3b9142cf-9be3-46a7-8e56-8fac8f78bd2c",
                  "isHook": false,
                  "skipped": false
                },
                {
                  "title": "should emit error if stdout is not valid json",
                  "fullTitle": "NodePyATVDeviceEvents start|stopListening() should emit error if stdout is not valid json",
                  "timedOut": false,
                  "duration": 2,
                  "state": "passed",
                  "speed": "fast",
                  "pass": true,
                  "fail": false,
                  "pending": false,
                  "context": null,
                  "code": "return __awaiter(this, void 0, void 0, function* () {\n    const device = new device_1.default({\n        name: 'My Testdevice',\n        host: '192.168.178.2',\n        spawn: fake_spawn_1.createFakeSpawn(cp => {\n            cp.stdout('#').end();\n        })\n    });\n    const listener = () => {\n        // empty listener\n    };\n    device.on('update', listener);\n    yield new Promise(cb => {\n        device.once('error', err => {\n            assert_1.default.ok(err instanceof Error);\n            assert_1.default.ok(err.toString().includes('Unable to parse stdout json: SyntaxError: ' +\n                'Unexpected token # in JSON at position 0'));\n            cb(undefined);\n        });\n    });\n    device.off('update', listener);\n});",
                  "err": {},
                  "uuid": "ebe58a0d-072d-41cb-8d33-c7e419411637",
                  "parentUUID": "3b9142cf-9be3-46a7-8e56-8fac8f78bd2c",
                  "isHook": false,
                  "skipped": false
                },
                {
                  "title": "should restart the process if it gets killed",
                  "fullTitle": "NodePyATVDeviceEvents start|stopListening() should restart the process if it gets killed",
                  "timedOut": false,
                  "duration": 0,
                  "state": "pending",
                  "speed": null,
                  "pass": false,
                  "fail": false,
                  "pending": true,
                  "context": null,
                  "code": "",
                  "err": {},
                  "uuid": "b622a269-1129-48d5-b624-70eabfc6d10e",
                  "parentUUID": "3b9142cf-9be3-46a7-8e56-8fac8f78bd2c",
                  "isHook": false,
                  "skipped": false
                }
              ],
              "suites": [],
              "passes": [
                "d442b273-71da-4db3-8563-61ec5deb3ace",
                "47d88d5f-5e8c-406c-a1b3-bf550619b6fe",
                "ebe58a0d-072d-41cb-8d33-c7e419411637"
              ],
              "failures": [],
              "pending": [
                "b622a269-1129-48d5-b624-70eabfc6d10e"
              ],
              "skipped": [],
              "duration": 6,
              "root": false,
              "rootEmpty": false,
              "_timeout": 2000
            },
            {
              "uuid": "8426b029-4d42-4f15-bc24-177e606696bf",
              "title": "addListener() / removeAllListeners()",
              "fullFile": "/home/runner/work/node-pyatv/node-pyatv/test/device-events.ts",
              "file": "/test/device-events.ts",
              "beforeHooks": [],
              "afterHooks": [],
              "tests": [
                {
                  "title": "should work without any exceptions",
                  "fullTitle": "NodePyATVDeviceEvents addListener() / removeAllListeners() should work without any exceptions",
                  "timedOut": false,
                  "duration": 1,
                  "state": "passed",
                  "speed": "fast",
                  "pass": true,
                  "fail": false,
                  "pending": false,
                  "context": null,
                  "code": "return __awaiter(this, void 0, void 0, function* () {\n    const device = new device_1.default({\n        name: 'My Testdevice',\n        host: '192.168.178.2',\n        spawn: fake_spawn_1.createFakeSpawn(cp => {\n            cp.onStdIn(() => cp.end());\n            cp.stdout({\n                result: 'success',\n                title: 'My Movie'\n            });\n        })\n    });\n    const listener = () => {\n        // empty listener\n    };\n    device.addListener('update', listener);\n    device.removeAllListeners('update');\n});",
                  "err": {},
                  "uuid": "79c0e72c-c51c-4126-b616-e163b7f74126",
                  "parentUUID": "8426b029-4d42-4f15-bc24-177e606696bf",
                  "isHook": false,
                  "skipped": false
                }
              ],
              "suites": [],
              "passes": [
                "79c0e72c-c51c-4126-b616-e163b7f74126"
              ],
              "failures": [],
              "pending": [],
              "skipped": [],
              "duration": 1,
              "root": false,
              "rootEmpty": false,
              "_timeout": 2000
            },
            {
              "uuid": "d53176b7-8bad-4f41-9bc9-68ff52585f8e",
              "title": "emit()",
              "fullFile": "/home/runner/work/node-pyatv/node-pyatv/test/device-events.ts",
              "file": "/test/device-events.ts",
              "beforeHooks": [],
              "afterHooks": [],
              "tests": [
                {
                  "title": "should work",
                  "fullTitle": "NodePyATVDeviceEvents emit() should work",
                  "timedOut": false,
                  "duration": 1,
                  "state": "passed",
                  "speed": "fast",
                  "pass": true,
                  "fail": false,
                  "pending": false,
                  "context": null,
                  "code": "const device = new device_1.default({\n    name: 'My Testdevice',\n    host: '192.168.178.2',\n    spawn: fake_spawn_1.createFakeSpawn(cp => {\n        cp.onStdIn(() => cp.end());\n    })\n});\nconst event = new device_event_1.default({\n    key: 'dateTime',\n    old: 'foo',\n    new: 'bar',\n    device\n});\nlet executions = 0;\ndevice.once('test', (e) => {\n    executions++;\n    assert_1.default.strictEqual(e, event);\n    assert_1.default.strictEqual(executions, 1);\n    done();\n});\ndevice.emit('test', event);",
                  "err": {},
                  "uuid": "d19cf652-6ab1-49bc-87e6-d9c6484862c4",
                  "parentUUID": "d53176b7-8bad-4f41-9bc9-68ff52585f8e",
                  "isHook": false,
                  "skipped": false
                }
              ],
              "suites": [],
              "passes": [
                "d19cf652-6ab1-49bc-87e6-d9c6484862c4"
              ],
              "failures": [],
              "pending": [],
              "skipped": [],
              "duration": 1,
              "root": false,
              "rootEmpty": false,
              "_timeout": 2000
            },
            {
              "uuid": "79da08b9-0d22-4156-8a34-a4a4b3c4ceca",
              "title": "eventNames()",
              "fullFile": "/home/runner/work/node-pyatv/node-pyatv/test/device-events.ts",
              "file": "/test/device-events.ts",
              "beforeHooks": [],
              "afterHooks": [],
              "tests": [
                {
                  "title": "should work",
                  "fullTitle": "NodePyATVDeviceEvents eventNames() should work",
                  "timedOut": false,
                  "duration": 0,
                  "state": "passed",
                  "speed": "fast",
                  "pass": true,
                  "fail": false,
                  "pending": false,
                  "context": null,
                  "code": "const device = new device_1.default({\n    name: 'My Testdevice',\n    host: '192.168.178.2',\n    spawn: fake_spawn_1.createFakeSpawn(cp => {\n        cp.onStdIn(() => cp.end());\n    })\n});\nconst listener = () => {\n    // ignore\n};\ndevice.on('test', listener);\nassert_1.default.deepStrictEqual(device.eventNames(), ['test']);\ndevice.off('test', listener);",
                  "err": {},
                  "uuid": "0b73da86-79ee-4750-925e-2682151380dc",
                  "parentUUID": "79da08b9-0d22-4156-8a34-a4a4b3c4ceca",
                  "isHook": false,
                  "skipped": false
                }
              ],
              "suites": [],
              "passes": [
                "0b73da86-79ee-4750-925e-2682151380dc"
              ],
              "failures": [],
              "pending": [],
              "skipped": [],
              "duration": 0,
              "root": false,
              "rootEmpty": false,
              "_timeout": 2000
            },
            {
              "uuid": "f2f36f88-6322-4621-b909-88540ce34613",
              "title": "getMaxListeners()",
              "fullFile": "/home/runner/work/node-pyatv/node-pyatv/test/device-events.ts",
              "file": "/test/device-events.ts",
              "beforeHooks": [],
              "afterHooks": [],
              "tests": [
                {
                  "title": "should work",
                  "fullTitle": "NodePyATVDeviceEvents getMaxListeners() should work",
                  "timedOut": false,
                  "duration": 0,
                  "state": "passed",
                  "speed": "fast",
                  "pass": true,
                  "fail": false,
                  "pending": false,
                  "context": null,
                  "code": "const device = new device_1.default({\n    name: 'My Testdevice',\n    host: '192.168.178.2',\n    spawn: fake_spawn_1.createFakeSpawn(cp => {\n        cp.onStdIn(() => cp.end());\n    })\n});\nconst result = device.getMaxListeners();\nassert_1.default.ok(typeof result, 'number');\nassert_1.default.ok(result >= 10);",
                  "err": {},
                  "uuid": "891dce72-46e7-436f-ae42-7b1471ad7a7b",
                  "parentUUID": "f2f36f88-6322-4621-b909-88540ce34613",
                  "isHook": false,
                  "skipped": false
                }
              ],
              "suites": [],
              "passes": [
                "891dce72-46e7-436f-ae42-7b1471ad7a7b"
              ],
              "failures": [],
              "pending": [],
              "skipped": [],
              "duration": 0,
              "root": false,
              "rootEmpty": false,
              "_timeout": 2000
            },
            {
              "uuid": "dcb8af5a-062d-468a-9aa5-cc1d751edf09",
              "title": "listenerCount()",
              "fullFile": "/home/runner/work/node-pyatv/node-pyatv/test/device-events.ts",
              "file": "/test/device-events.ts",
              "beforeHooks": [],
              "afterHooks": [],
              "tests": [
                {
                  "title": "should work",
                  "fullTitle": "NodePyATVDeviceEvents listenerCount() should work",
                  "timedOut": false,
                  "duration": 0,
                  "state": "passed",
                  "speed": "fast",
                  "pass": true,
                  "fail": false,
                  "pending": false,
                  "context": null,
                  "code": "const device = new device_1.default({\n    name: 'My Testdevice',\n    host: '192.168.178.2',\n    spawn: fake_spawn_1.createFakeSpawn(cp => {\n        cp.onStdIn(() => cp.end());\n    })\n});\nconst listener = () => {\n    // ignore\n};\nassert_1.default.deepStrictEqual(device.listenerCount('test'), 0);\ndevice.on('test', listener);\nassert_1.default.deepStrictEqual(device.listenerCount('test'), 1);\ndevice.off('test', listener);",
                  "err": {},
                  "uuid": "4f732e4b-6cd4-4149-a1a7-b8c788f8b7ab",
                  "parentUUID": "dcb8af5a-062d-468a-9aa5-cc1d751edf09",
                  "isHook": false,
                  "skipped": false
                }
              ],
              "suites": [],
              "passes": [
                "4f732e4b-6cd4-4149-a1a7-b8c788f8b7ab"
              ],
              "failures": [],
              "pending": [],
              "skipped": [],
              "duration": 0,
              "root": false,
              "rootEmpty": false,
              "_timeout": 2000
            },
            {
              "uuid": "7a97d2df-d1fb-425a-832f-b6ffa9d3ea3e",
              "title": "listeners()",
              "fullFile": "/home/runner/work/node-pyatv/node-pyatv/test/device-events.ts",
              "file": "/test/device-events.ts",
              "beforeHooks": [],
              "afterHooks": [],
              "tests": [
                {
                  "title": "should work",
                  "fullTitle": "NodePyATVDeviceEvents listeners() should work",
                  "timedOut": false,
                  "duration": 0,
                  "state": "passed",
                  "speed": "fast",
                  "pass": true,
                  "fail": false,
                  "pending": false,
                  "context": null,
                  "code": "const device = new device_1.default({\n    name: 'My Testdevice',\n    host: '192.168.178.2',\n    spawn: fake_spawn_1.createFakeSpawn(cp => {\n        cp.onStdIn(() => cp.end());\n    })\n});\nconst listener = () => {\n    // ignore\n};\nassert_1.default.deepStrictEqual(device.listeners('test').length, 0);\ndevice.on('test', listener);\nassert_1.default.deepStrictEqual(device.listeners('test').length, 1);\nassert_1.default.deepStrictEqual(device.listeners('test')[0], listener);\ndevice.off('test', listener);",
                  "err": {},
                  "uuid": "02e7e192-e89b-479a-a9e6-d8f69034c1c0",
                  "parentUUID": "7a97d2df-d1fb-425a-832f-b6ffa9d3ea3e",
                  "isHook": false,
                  "skipped": false
                }
              ],
              "suites": [],
              "passes": [
                "02e7e192-e89b-479a-a9e6-d8f69034c1c0"
              ],
              "failures": [],
              "pending": [],
              "skipped": [],
              "duration": 0,
              "root": false,
              "rootEmpty": false,
              "_timeout": 2000
            },
            {
              "uuid": "4bdc03a9-fafe-4426-a469-4eb76ddb85de",
              "title": "prependListener()",
              "fullFile": "/home/runner/work/node-pyatv/node-pyatv/test/device-events.ts",
              "file": "/test/device-events.ts",
              "beforeHooks": [],
              "afterHooks": [],
              "tests": [
                {
                  "title": "should work",
                  "fullTitle": "NodePyATVDeviceEvents prependListener() should work",
                  "timedOut": false,
                  "duration": 1,
                  "state": "passed",
                  "speed": "fast",
                  "pass": true,
                  "fail": false,
                  "pending": false,
                  "context": null,
                  "code": "const device = new device_1.default({\n    name: 'My Testdevice',\n    host: '192.168.178.2',\n    spawn: fake_spawn_1.createFakeSpawn(cp => {\n        cp.onStdIn(() => cp.end());\n        cp.stdout({\n            result: 'success',\n            title: 'My Movie'\n        });\n    })\n});\nconst listener = () => {\n    device.removeAllListeners('update');\n    done();\n};\ndevice.prependListener('update', listener);",
                  "err": {},
                  "uuid": "cb825aa3-066e-4df7-854e-4b7117fa82c6",
                  "parentUUID": "4bdc03a9-fafe-4426-a469-4eb76ddb85de",
                  "isHook": false,
                  "skipped": false
                }
              ],
              "suites": [],
              "passes": [
                "cb825aa3-066e-4df7-854e-4b7117fa82c6"
              ],
              "failures": [],
              "pending": [],
              "skipped": [],
              "duration": 1,
              "root": false,
              "rootEmpty": false,
              "_timeout": 2000
            },
            {
              "uuid": "cee27556-7d6b-4a3e-b41c-1b1fe3ce12b9",
              "title": "prependOnceListener()",
              "fullFile": "/home/runner/work/node-pyatv/node-pyatv/test/device-events.ts",
              "file": "/test/device-events.ts",
              "beforeHooks": [],
              "afterHooks": [],
              "tests": [
                {
                  "title": "should work",
                  "fullTitle": "NodePyATVDeviceEvents prependOnceListener() should work",
                  "timedOut": false,
                  "duration": 2,
                  "state": "passed",
                  "speed": "fast",
                  "pass": true,
                  "fail": false,
                  "pending": false,
                  "context": null,
                  "code": "const device = new device_1.default({\n    name: 'My Testdevice',\n    host: '192.168.178.2',\n    spawn: fake_spawn_1.createFakeSpawn(cp => {\n        cp.onStdIn(() => cp.end());\n        cp.stdout({\n            result: 'success',\n            title: 'My Movie'\n        });\n    })\n});\ndevice.prependOnceListener('update', () => done());",
                  "err": {},
                  "uuid": "2425b174-e3d8-4c02-bcce-14045bc75c2f",
                  "parentUUID": "cee27556-7d6b-4a3e-b41c-1b1fe3ce12b9",
                  "isHook": false,
                  "skipped": false
                }
              ],
              "suites": [],
              "passes": [
                "2425b174-e3d8-4c02-bcce-14045bc75c2f"
              ],
              "failures": [],
              "pending": [],
              "skipped": [],
              "duration": 2,
              "root": false,
              "rootEmpty": false,
              "_timeout": 2000
            },
            {
              "uuid": "936f4eda-8ebf-4ec2-a738-6354fc27ba66",
              "title": "rawListeners()",
              "fullFile": "/home/runner/work/node-pyatv/node-pyatv/test/device-events.ts",
              "file": "/test/device-events.ts",
              "beforeHooks": [],
              "afterHooks": [],
              "tests": [
                {
                  "title": "should work",
                  "fullTitle": "NodePyATVDeviceEvents rawListeners() should work",
                  "timedOut": false,
                  "duration": 1,
                  "state": "passed",
                  "speed": "fast",
                  "pass": true,
                  "fail": false,
                  "pending": false,
                  "context": null,
                  "code": "const device = new device_1.default({\n    name: 'My Testdevice',\n    host: '192.168.178.2',\n    spawn: fake_spawn_1.createFakeSpawn(cp => {\n        cp.onStdIn(() => cp.end());\n    })\n});\nconst listener = () => {\n    // ignore\n};\nassert_1.default.deepStrictEqual(device.rawListeners('test').length, 0);\ndevice.on('test', listener);\nassert_1.default.deepStrictEqual(device.rawListeners('test').length, 1);\nassert_1.default.deepStrictEqual(device.rawListeners('test')[0], listener);\ndevice.off('test', listener);",
                  "err": {},
                  "uuid": "9e2867cc-9fac-48c6-81df-8481d6108a49",
                  "parentUUID": "936f4eda-8ebf-4ec2-a738-6354fc27ba66",
                  "isHook": false,
                  "skipped": false
                }
              ],
              "suites": [],
              "passes": [
                "9e2867cc-9fac-48c6-81df-8481d6108a49"
              ],
              "failures": [],
              "pending": [],
              "skipped": [],
              "duration": 1,
              "root": false,
              "rootEmpty": false,
              "_timeout": 2000
            },
            {
              "uuid": "2a566f61-7b67-4479-b05f-7ee82bdb9726",
              "title": "removeListener()",
              "fullFile": "/home/runner/work/node-pyatv/node-pyatv/test/device-events.ts",
              "file": "/test/device-events.ts",
              "beforeHooks": [],
              "afterHooks": [],
              "tests": [
                {
                  "title": "should work without any exceptions",
                  "fullTitle": "NodePyATVDeviceEvents removeListener() should work without any exceptions",
                  "timedOut": false,
                  "duration": 0,
                  "state": "passed",
                  "speed": "fast",
                  "pass": true,
                  "fail": false,
                  "pending": false,
                  "context": null,
                  "code": "return __awaiter(this, void 0, void 0, function* () {\n    const device = new device_1.default({\n        name: 'My Testdevice',\n        host: '192.168.178.2',\n        spawn: fake_spawn_1.createFakeSpawn(cp => {\n            cp.onStdIn(() => cp.end());\n            cp.stdout({\n                result: 'success',\n                title: 'My Movie'\n            });\n        })\n    });\n    const listener = () => {\n        // empty listener\n    };\n    device.addListener('update', listener);\n    assert_1.default.deepStrictEqual(device.listenerCount('update'), 1);\n    device.removeListener('update', listener);\n    assert_1.default.deepStrictEqual(device.listenerCount('update'), 0);\n});",
                  "err": {},
                  "uuid": "4b21875c-5356-4bfd-8534-bf1a1b738b6f",
                  "parentUUID": "2a566f61-7b67-4479-b05f-7ee82bdb9726",
                  "isHook": false,
                  "skipped": false
                }
              ],
              "suites": [],
              "passes": [
                "4b21875c-5356-4bfd-8534-bf1a1b738b6f"
              ],
              "failures": [],
              "pending": [],
              "skipped": [],
              "duration": 0,
              "root": false,
              "rootEmpty": false,
              "_timeout": 2000
            }
          ],
          "passes": [],
          "failures": [],
          "pending": [],
          "skipped": [],
          "duration": 0,
          "root": false,
          "rootEmpty": false,
          "_timeout": 2000
        },
        {
          "uuid": "3cf6728b-a371-4399-8c93-8338e413e9ba",
          "title": "NodePyATVDevice",
          "fullFile": "/home/runner/work/node-pyatv/node-pyatv/test/device.ts",
          "file": "/test/device.ts",
          "beforeHooks": [],
          "afterHooks": [],
          "tests": [],
          "suites": [
            {
              "uuid": "de2ec9d3-1824-446f-b4e1-90590de5189b",
              "title": "get name()",
              "fullFile": "/home/runner/work/node-pyatv/node-pyatv/test/device.ts",
              "file": "/test/device.ts",
              "beforeHooks": [],
              "afterHooks": [],
              "tests": [
                {
                  "title": "should return the name",
                  "fullTitle": "NodePyATVDevice get name() should return the name",
                  "timedOut": false,
                  "duration": 0,
                  "state": "passed",
                  "speed": "fast",
                  "pass": true,
                  "fail": false,
                  "pending": false,
                  "context": null,
                  "code": "const device = new device_1.default({\n    name: 'My Testdevice',\n    host: '192.168.178.2'\n});\nassert_1.default.strictEqual(device.name, 'My Testdevice');",
                  "err": {},
                  "uuid": "629406dd-41ef-4600-9085-a2b0b70b4f92",
                  "parentUUID": "de2ec9d3-1824-446f-b4e1-90590de5189b",
                  "isHook": false,
                  "skipped": false
                }
              ],
              "suites": [],
              "passes": [
                "629406dd-41ef-4600-9085-a2b0b70b4f92"
              ],
              "failures": [],
              "pending": [],
              "skipped": [],
              "duration": 0,
              "root": false,
              "rootEmpty": false,
              "_timeout": 2000
            },
            {
              "uuid": "29aaa7b0-1c37-4a28-808a-1173b87ce02e",
              "title": "get host()",
              "fullFile": "/home/runner/work/node-pyatv/node-pyatv/test/device.ts",
              "file": "/test/device.ts",
              "beforeHooks": [],
              "afterHooks": [],
              "tests": [
                {
                  "title": "should return the host",
                  "fullTitle": "NodePyATVDevice get host() should return the host",
                  "timedOut": false,
                  "duration": 0,
                  "state": "passed",
                  "speed": "fast",
                  "pass": true,
                  "fail": false,
                  "pending": false,
                  "context": null,
                  "code": "const device = new device_1.default({\n    name: 'My Testdevice',\n    host: '192.168.178.2'\n});\nassert_1.default.strictEqual(device.host, '192.168.178.2');",
                  "err": {},
                  "uuid": "4a89a856-a8f5-4855-b53e-236352acfdaa",
                  "parentUUID": "29aaa7b0-1c37-4a28-808a-1173b87ce02e",
                  "isHook": false,
                  "skipped": false
                }
              ],
              "suites": [],
              "passes": [
                "4a89a856-a8f5-4855-b53e-236352acfdaa"
              ],
              "failures": [],
              "pending": [],
              "skipped": [],
              "duration": 0,
              "root": false,
              "rootEmpty": false,
              "_timeout": 2000
            },
            {
              "uuid": "9d984ecb-19ed-466c-abb7-0150f8349e4d",
              "title": "get id()",
              "fullFile": "/home/runner/work/node-pyatv/node-pyatv/test/device.ts",
              "file": "/test/device.ts",
              "beforeHooks": [],
              "afterHooks": [],
              "tests": [
                {
                  "title": "should return the id",
                  "fullTitle": "NodePyATVDevice get id() should return the id",
                  "timedOut": false,
                  "duration": 0,
                  "state": "passed",
                  "speed": "fast",
                  "pass": true,
                  "fail": false,
                  "pending": false,
                  "context": null,
                  "code": "const device = new device_1.default({\n    name: 'My Testdevice',\n    host: '192.168.178.2',\n    id: '*****'\n});\nassert_1.default.strictEqual(device.id, '*****');",
                  "err": {},
                  "uuid": "047ad890-a456-4e7c-81b8-7c5f8a09fa65",
                  "parentUUID": "9d984ecb-19ed-466c-abb7-0150f8349e4d",
                  "isHook": false,
                  "skipped": false
                }
              ],
              "suites": [],
              "passes": [
                "047ad890-a456-4e7c-81b8-7c5f8a09fa65"
              ],
              "failures": [],
              "pending": [],
              "skipped": [],
              "duration": 0,
              "root": false,
              "rootEmpty": false,
              "_timeout": 2000
            },
            {
              "uuid": "89e22bc2-438e-4eb5-97b9-58d457a6c08b",
              "title": "get protocol()",
              "fullFile": "/home/runner/work/node-pyatv/node-pyatv/test/device.ts",
              "file": "/test/device.ts",
              "beforeHooks": [],
              "afterHooks": [],
              "tests": [
                {
                  "title": "should return the protocol",
                  "fullTitle": "NodePyATVDevice get protocol() should return the protocol",
                  "timedOut": false,
                  "duration": 0,
                  "state": "passed",
                  "speed": "fast",
                  "pass": true,
                  "fail": false,
                  "pending": false,
                  "context": null,
                  "code": "const device = new device_1.default({\n    name: 'My Testdevice',\n    host: '192.168.178.2',\n    protocol: types_1.NodePyATVProtocol.airplay\n});\nassert_1.default.strictEqual(device.protocol, types_1.NodePyATVProtocol.airplay);",
                  "err": {},
                  "uuid": "18d98931-cd79-468a-9ea8-81482e772fcb",
                  "parentUUID": "89e22bc2-438e-4eb5-97b9-58d457a6c08b",
                  "isHook": false,
                  "skipped": false
                }
              ],
              "suites": [],
              "passes": [
                "18d98931-cd79-468a-9ea8-81482e772fcb"
              ],
              "failures": [],
              "pending": [],
              "skipped": [],
              "duration": 0,
              "root": false,
              "rootEmpty": false,
              "_timeout": 2000
            },
            {
              "uuid": "36fe7f00-12aa-42d0-9924-5a838b349737",
              "title": "get debug()",
              "fullFile": "/home/runner/work/node-pyatv/node-pyatv/test/device.ts",
              "file": "/test/device.ts",
              "beforeHooks": [],
              "afterHooks": [],
              "tests": [
                {
                  "title": "should return true if set to true",
                  "fullTitle": "NodePyATVDevice get debug() should return true if set to true",
                  "timedOut": false,
                  "duration": 0,
                  "state": "passed",
                  "speed": "fast",
                  "pass": true,
                  "fail": false,
                  "pending": false,
                  "context": null,
                  "code": "const device = new device_1.default({\n    name: 'My Testdevice',\n    host: '192.168.178.2',\n    debug: true\n});\nassert_1.default.strictEqual(device.debug, true);",
                  "err": {},
                  "uuid": "94df590d-e4e6-4c53-aac0-9271465a9e87",
                  "parentUUID": "36fe7f00-12aa-42d0-9924-5a838b349737",
                  "isHook": false,
                  "skipped": false
                },
                {
                  "title": "should return fn if set to custom function",
                  "fullTitle": "NodePyATVDevice get debug() should return fn if set to custom function",
                  "timedOut": false,
                  "duration": 0,
                  "state": "passed",
                  "speed": "fast",
                  "pass": true,
                  "fail": false,
                  "pending": false,
                  "context": null,
                  "code": "// eslint-disable-next-line @typescript-eslint/no-empty-function\nconst fn = () => {\n};\nconst device = new device_1.default({\n    name: 'My Testdevice',\n    host: '192.168.178.2',\n    debug: fn\n});\nassert_1.default.strictEqual(device.debug, fn);",
                  "err": {},
                  "uuid": "8cf58e2c-6acf-498a-b634-9cefb3951292",
                  "parentUUID": "36fe7f00-12aa-42d0-9924-5a838b349737",
                  "isHook": false,
                  "skipped": false
                },
                {
                  "title": "should return false if unset",
                  "fullTitle": "NodePyATVDevice get debug() should return false if unset",
                  "timedOut": false,
                  "duration": 0,
                  "state": "passed",
                  "speed": "fast",
                  "pass": true,
                  "fail": false,
                  "pending": false,
                  "context": null,
                  "code": "const device = new device_1.default({\n    name: 'My Testdevice',\n    host: '192.168.178.2'\n});\nassert_1.default.strictEqual(device.debug, undefined);",
                  "err": {},
                  "uuid": "5ec5c5b1-6ba1-4107-ae1c-dc3831989e1b",
                  "parentUUID": "36fe7f00-12aa-42d0-9924-5a838b349737",
                  "isHook": false,
                  "skipped": false
                }
              ],
              "suites": [],
              "passes": [
                "94df590d-e4e6-4c53-aac0-9271465a9e87",
                "8cf58e2c-6acf-498a-b634-9cefb3951292",
                "5ec5c5b1-6ba1-4107-ae1c-dc3831989e1b"
              ],
              "failures": [],
              "pending": [],
              "skipped": [],
              "duration": 0,
              "root": false,
              "rootEmpty": false,
              "_timeout": 2000
            },
            {
              "uuid": "7264a28d-3a0b-4d73-ac9f-5f0474ad4485",
              "title": "set debug()",
              "fullFile": "/home/runner/work/node-pyatv/node-pyatv/test/device.ts",
              "file": "/test/device.ts",
              "beforeHooks": [],
              "afterHooks": [],
              "tests": [
                {
                  "title": "should work for debug = true",
                  "fullTitle": "NodePyATVDevice set debug() should work for debug = true",
                  "timedOut": false,
                  "duration": 0,
                  "state": "passed",
                  "speed": "fast",
                  "pass": true,
                  "fail": false,
                  "pending": false,
                  "context": null,
                  "code": "const device = new device_1.default({\n    name: 'My Testdevice',\n    host: '192.168.178.2'\n});\nassert_1.default.strictEqual(device.debug, undefined);\ndevice.debug = true;\nassert_1.default.strictEqual(device.debug, true);",
                  "err": {},
                  "uuid": "bdad3ea2-2cea-4b3d-a4c0-daa02741a4d8",
                  "parentUUID": "7264a28d-3a0b-4d73-ac9f-5f0474ad4485",
                  "isHook": false,
                  "skipped": false
                },
                {
                  "title": "should work for debug = undefined",
                  "fullTitle": "NodePyATVDevice set debug() should work for debug = undefined",
                  "timedOut": false,
                  "duration": 0,
                  "state": "passed",
                  "speed": "fast",
                  "pass": true,
                  "fail": false,
                  "pending": false,
                  "context": null,
                  "code": "const device = new device_1.default({\n    name: 'My Testdevice',\n    host: '192.168.178.2',\n    debug: true\n});\nassert_1.default.strictEqual(device.debug, true);\ndevice.debug = undefined;\nassert_1.default.strictEqual(device.debug, undefined);",
                  "err": {},
                  "uuid": "fdb0cc52-4ef8-466d-9ada-e8644b893a13",
                  "parentUUID": "7264a28d-3a0b-4d73-ac9f-5f0474ad4485",
                  "isHook": false,
                  "skipped": false
                },
                {
                  "title": "should work for debug = undefined",
                  "fullTitle": "NodePyATVDevice set debug() should work for debug = undefined",
                  "timedOut": false,
                  "duration": 0,
                  "state": "passed",
                  "speed": "fast",
                  "pass": true,
                  "fail": false,
                  "pending": false,
                  "context": null,
                  "code": "const device = new device_1.default({\n    name: 'My Testdevice',\n    host: '192.168.178.2',\n    debug: true\n});\nassert_1.default.strictEqual(device.debug, true);\ndevice.debug = undefined;\nassert_1.default.strictEqual(device.debug, undefined);",
                  "err": {},
                  "uuid": "5f6521aa-0ef8-4a7e-b693-ba356dbedec9",
                  "parentUUID": "7264a28d-3a0b-4d73-ac9f-5f0474ad4485",
                  "isHook": false,
                  "skipped": false
                },
                {
                  "title": "should work for debug = fn",
                  "fullTitle": "NodePyATVDevice set debug() should work for debug = fn",
                  "timedOut": false,
                  "duration": 0,
                  "state": "passed",
                  "speed": "fast",
                  "pass": true,
                  "fail": false,
                  "pending": false,
                  "context": null,
                  "code": "const device = new device_1.default({\n    name: 'My Testdevice',\n    host: '192.168.178.2'\n});\n// eslint-disable-next-line @typescript-eslint/no-empty-function\nconst fn = () => {\n};\nassert_1.default.strictEqual(device.debug, undefined);\ndevice.debug = fn;\nassert_1.default.strictEqual(device.debug, fn);",
                  "err": {},
                  "uuid": "e6f32541-dbc3-447e-8db3-6fb14608d368",
                  "parentUUID": "7264a28d-3a0b-4d73-ac9f-5f0474ad4485",
                  "isHook": false,
                  "skipped": false
                }
              ],
              "suites": [],
              "passes": [
                "bdad3ea2-2cea-4b3d-a4c0-daa02741a4d8",
                "fdb0cc52-4ef8-466d-9ada-e8644b893a13",
                "5f6521aa-0ef8-4a7e-b693-ba356dbedec9",
                "e6f32541-dbc3-447e-8db3-6fb14608d368"
              ],
              "failures": [],
              "pending": [],
              "skipped": [],
              "duration": 0,
              "root": false,
              "rootEmpty": false,
              "_timeout": 2000
            },
            {
              "uuid": "84931dcf-55a3-4004-95aa-9417e535a52a",
              "title": "toJSON()",
              "fullFile": "/home/runner/work/node-pyatv/node-pyatv/test/device.ts",
              "file": "/test/device.ts",
              "beforeHooks": [],
              "afterHooks": [],
              "tests": [
                {
                  "title": "should return a object representation",
                  "fullTitle": "NodePyATVDevice toJSON() should return a object representation",
                  "timedOut": false,
                  "duration": 0,
                  "state": "passed",
                  "speed": "fast",
                  "pass": true,
                  "fail": false,
                  "pending": false,
                  "context": null,
                  "code": "const device = new device_1.default({\n    name: 'My Testdevice',\n    host: '192.168.178.2',\n    id: '*****',\n    protocol: types_1.NodePyATVProtocol.airplay\n});\nassert_1.default.deepEqual(device.toJSON(), {\n    name: 'My Testdevice',\n    host: '192.168.178.2',\n    id: '*****',\n    protocol: types_1.NodePyATVProtocol.airplay\n});",
                  "err": {},
                  "uuid": "71603d8a-31db-4cec-ba3e-29964e6ffa18",
                  "parentUUID": "84931dcf-55a3-4004-95aa-9417e535a52a",
                  "isHook": false,
                  "skipped": false
                },
                {
                  "title": "should be possible to create a new device from this",
                  "fullTitle": "NodePyATVDevice toJSON() should be possible to create a new device from this",
                  "timedOut": false,
                  "duration": 0,
                  "state": "passed",
                  "speed": "fast",
                  "pass": true,
                  "fail": false,
                  "pending": false,
                  "context": null,
                  "code": "const config = {\n    name: 'My Testdevice',\n    host: '192.168.178.2',\n    id: '*****',\n    protocol: types_1.NodePyATVProtocol.airplay\n};\nconst deviceA = new device_1.default(config);\nconst deviceB = new device_1.default(deviceA.toJSON());\nassert_1.default.deepEqual(deviceB.toJSON(), config);",
                  "err": {},
                  "uuid": "cbfddd3f-8b9d-456a-87f9-18aa07e374a6",
                  "parentUUID": "84931dcf-55a3-4004-95aa-9417e535a52a",
                  "isHook": false,
                  "skipped": false
                }
              ],
              "suites": [],
              "passes": [
                "71603d8a-31db-4cec-ba3e-29964e6ffa18",
                "cbfddd3f-8b9d-456a-87f9-18aa07e374a6"
              ],
              "failures": [],
              "pending": [],
              "skipped": [],
              "duration": 0,
              "root": false,
              "rootEmpty": false,
              "_timeout": 2000
            },
            {
              "uuid": "e0b337e5-db69-4b58-8e0b-1b6cf3f6204c",
              "title": "toString()",
              "fullFile": "/home/runner/work/node-pyatv/node-pyatv/test/device.ts",
              "file": "/test/device.ts",
              "beforeHooks": [],
              "afterHooks": [],
              "tests": [
                {
                  "title": "should work",
                  "fullTitle": "NodePyATVDevice toString() should work",
                  "timedOut": false,
                  "duration": 0,
                  "state": "passed",
                  "speed": "fast",
                  "pass": true,
                  "fail": false,
                  "pending": false,
                  "context": null,
                  "code": "const device = new device_1.default({\n    name: 'My Testdevice',\n    host: '192.168.178.2'\n});\nassert_1.default.strictEqual(device.toString(), 'NodePyATVDevice(My Testdevice, 192.168.178.2)');",
                  "err": {},
                  "uuid": "bf6f5ec8-b159-4bc4-a576-92ad97d19435",
                  "parentUUID": "e0b337e5-db69-4b58-8e0b-1b6cf3f6204c",
                  "isHook": false,
                  "skipped": false
                }
              ],
              "suites": [],
              "passes": [
                "bf6f5ec8-b159-4bc4-a576-92ad97d19435"
              ],
              "failures": [],
              "pending": [],
              "skipped": [],
              "duration": 0,
              "root": false,
              "rootEmpty": false,
              "_timeout": 2000
            },
            {
              "uuid": "7d136e18-5392-42c9-9712-6d1e67b4a26a",
              "title": "getState()",
              "fullFile": "/home/runner/work/node-pyatv/node-pyatv/test/device.ts",
              "file": "/test/device.ts",
              "beforeHooks": [],
              "afterHooks": [],
              "tests": [
                {
                  "title": "should work [I]",
                  "fullTitle": "NodePyATVDevice getState() should work [I]",
                  "timedOut": false,
                  "duration": 0,
                  "state": "pending",
                  "speed": null,
                  "pass": false,
                  "fail": false,
                  "pending": true,
                  "context": null,
                  "code": "",
                  "err": {},
                  "uuid": "f8474624-3878-4c80-a501-037842caccf2",
                  "parentUUID": "7d136e18-5392-42c9-9712-6d1e67b4a26a",
                  "isHook": false,
                  "skipped": false
                },
                {
                  "title": "should work",
                  "fullTitle": "NodePyATVDevice getState() should work",
                  "timedOut": false,
                  "duration": 2,
                  "state": "passed",
                  "speed": "fast",
                  "pass": true,
                  "fail": false,
                  "pending": false,
                  "context": null,
                  "code": "return __awaiter(this, void 0, void 0, function* () {\n    const device = new device_1.default({\n        name: 'My Testdevice',\n        host: '192.168.178.2',\n        spawn: fake_spawn_1.createFakeSpawn(cp => {\n            cp.end({\n                result: 'success',\n                datetime: '2020-11-07T22:38:43.608030+01:00',\n                hash: '100e0ab6-6ff5-4199-9c04-a7107ff78712',\n                media_type: 'video',\n                device_state: 'playing',\n                title: 'Solo: A Star Wars Story',\n                artist: null,\n                album: null,\n                genre: null,\n                total_time: 8097,\n                position: 27,\n                shuffle: 'off',\n                repeat: 'off',\n                app: 'Disney+',\n                app_id: 'com.disney.disneyplus'\n            });\n        })\n    });\n    const result = yield device.getState();\n    assert_1.default.deepStrictEqual(result, {\n        dateTime: new Date('2020-11-07T22:38:43.608030+01:00'),\n        hash: '100e0ab6-6ff5-4199-9c04-a7107ff78712',\n        mediaType: types_1.NodePyATVMediaType.video,\n        deviceState: types_1.NodePyATVDeviceState.playing,\n        title: 'Solo: A Star Wars Story',\n        artist: null,\n        album: null,\n        genre: null,\n        totalTime: 8097,\n        position: 27,\n        shuffle: types_1.NodePyATVShuffleState.off,\n        repeat: types_1.NodePyATVRepeatState.off,\n        app: 'Disney+',\n        appId: 'com.disney.disneyplus',\n        powerState: null\n    });\n});",
                  "err": {},
                  "uuid": "fb3dfe5a-8090-4d79-a4d5-b1d0becb82c3",
                  "parentUUID": "7d136e18-5392-42c9-9712-6d1e67b4a26a",
                  "isHook": false,
                  "skipped": false
                },
                {
                  "title": "should cache requests for a bit",
                  "fullTitle": "NodePyATVDevice getState() should cache requests for a bit",
                  "timedOut": false,
                  "duration": 2,
                  "state": "passed",
                  "speed": "fast",
                  "pass": true,
                  "fail": false,
                  "pending": false,
                  "context": null,
                  "code": "return __awaiter(this, void 0, void 0, function* () {\n    let executions = 0;\n    const device = new device_1.default({\n        name: 'My Testdevice',\n        host: '192.168.178.2',\n        spawn: fake_spawn_1.createFakeSpawn(cp => {\n            executions++;\n            cp.end({\n                result: 'success',\n                datetime: new Date().toJSON(),\n                hash: '100e0ab6-6ff5-4199-9c04-a7107ff78712',\n                media_type: 'video',\n                device_state: 'playing',\n                title: 'Solo: A Star Wars Story',\n                artist: null,\n                album: null,\n                genre: null,\n                total_time: 8097,\n                position: 27,\n                shuffle: 'off',\n                repeat: 'off',\n                app: 'Disney+',\n                app_id: 'com.disney.disneyplus'\n            });\n        })\n    });\n    const firstResult = yield device.getState();\n    const secondResult = yield device.getState();\n    assert_1.default.strictEqual(firstResult.dateTime, secondResult.dateTime);\n    assert_1.default.strictEqual(executions, 1);\n});",
                  "err": {},
                  "uuid": "402b5dda-7a96-485c-8c81-5b0a3cd6c750",
                  "parentUUID": "7d136e18-5392-42c9-9712-6d1e67b4a26a",
                  "isHook": false,
                  "skipped": false
                },
                {
                  "title": "should update the position if cache was used",
                  "fullTitle": "NodePyATVDevice getState() should update the position if cache was used",
                  "timedOut": false,
                  "duration": 1,
                  "state": "passed",
                  "speed": "fast",
                  "pass": true,
                  "fail": false,
                  "pending": false,
                  "context": null,
                  "code": "return __awaiter(this, void 0, void 0, function* () {\n    const device = new device_1.default({\n        name: 'My Testdevice',\n        host: '192.168.178.2',\n        spawn: fake_spawn_1.createFakeSpawn(cp => {\n            cp.end({\n                result: 'success',\n                datetime: new Date(new Date().getTime() - 1000).toJSON(),\n                hash: '100e0ab6-6ff5-4199-9c04-a7107ff78712',\n                media_type: 'video',\n                device_state: 'playing',\n                title: 'Solo: A Star Wars Story',\n                artist: null,\n                album: null,\n                genre: null,\n                total_time: 8097,\n                position: 27,\n                shuffle: 'off',\n                repeat: 'off',\n                app: 'Disney+',\n                app_id: 'com.disney.disneyplus'\n            });\n        })\n    });\n    const firstResult = yield device.getState();\n    assert_1.default.strictEqual(firstResult.position, 27);\n    const secondResult = yield device.getState();\n    assert_1.default.ok(secondResult.position);\n    assert_1.default.ok(secondResult.position > 27, `Position should be > 27, was ${secondResult.position}`);\n    assert_1.default.ok(secondResult.position < 30, `Position should be > 27, was ${secondResult.position}`);\n});",
                  "err": {},
                  "uuid": "521f495f-7b11-43c6-81b9-c40f4fb357e4",
                  "parentUUID": "7d136e18-5392-42c9-9712-6d1e67b4a26a",
                  "isHook": false,
                  "skipped": false
                }
              ],
              "suites": [],
              "passes": [
                "fb3dfe5a-8090-4d79-a4d5-b1d0becb82c3",
                "402b5dda-7a96-485c-8c81-5b0a3cd6c750",
                "521f495f-7b11-43c6-81b9-c40f4fb357e4"
              ],
              "failures": [],
              "pending": [
                "f8474624-3878-4c80-a501-037842caccf2"
              ],
              "skipped": [],
              "duration": 5,
              "root": false,
              "rootEmpty": false,
              "_timeout": 2000
            },
            {
              "uuid": "6d8a0bb8-a562-4c8d-9440-5ff94505e945",
              "title": "clearState()",
              "fullFile": "/home/runner/work/node-pyatv/node-pyatv/test/device.ts",
              "file": "/test/device.ts",
              "beforeHooks": [],
              "afterHooks": [],
              "tests": [
                {
                  "title": "should work",
                  "fullTitle": "NodePyATVDevice clearState() should work",
                  "timedOut": false,
                  "duration": 3,
                  "state": "passed",
                  "speed": "fast",
                  "pass": true,
                  "fail": false,
                  "pending": false,
                  "context": null,
                  "code": "return __awaiter(this, void 0, void 0, function* () {\n    let executions = 0;\n    const device = new device_1.default({\n        name: 'My Testdevice',\n        host: '192.168.178.2',\n        spawn: fake_spawn_1.createFakeSpawn(cp => {\n            executions++;\n            cp.end({\n                result: 'success',\n                datetime: '2020-11-07T22:38:43.608030+01:00',\n                title: 'Solo: A Star Wars Story'\n            });\n        })\n    });\n    assert_1.default.deepStrictEqual(yield device.getTitle(), 'Solo: A Star Wars Story');\n    device.clearState();\n    assert_1.default.deepStrictEqual(yield device.getTitle(), 'Solo: A Star Wars Story');\n    assert_1.default.strictEqual(executions, 2);\n});",
                  "err": {},
                  "uuid": "70534c4a-5a6e-4bd8-9531-014e4b782e88",
                  "parentUUID": "6d8a0bb8-a562-4c8d-9440-5ff94505e945",
                  "isHook": false,
                  "skipped": false
                }
              ],
              "suites": [],
              "passes": [
                "70534c4a-5a6e-4bd8-9531-014e4b782e88"
              ],
              "failures": [],
              "pending": [],
              "skipped": [],
              "duration": 3,
              "root": false,
              "rootEmpty": false,
              "_timeout": 2000
            },
            {
              "uuid": "0f3e5d32-1046-472c-87ec-8026d9cb5f92",
              "title": "getDateTime()",
              "fullFile": "/home/runner/work/node-pyatv/node-pyatv/test/device.ts",
              "file": "/test/device.ts",
              "beforeHooks": [],
              "afterHooks": [],
              "tests": [
                {
                  "title": "should work",
                  "fullTitle": "NodePyATVDevice getDateTime() should work",
                  "timedOut": false,
                  "duration": 2,
                  "state": "passed",
                  "speed": "fast",
                  "pass": true,
                  "fail": false,
                  "pending": false,
                  "context": null,
                  "code": "return __awaiter(this, void 0, void 0, function* () {\n    const device = new device_1.default({\n        name: 'My Testdevice',\n        host: '192.168.178.2',\n        spawn: fake_spawn_1.createFakeSpawn(cp => {\n            cp.end({\n                result: 'success',\n                datetime: new Date().toJSON()\n            });\n        })\n    });\n    const result = yield device.getDateTime();\n    assert_1.default.ok(result instanceof Date);\n});",
                  "err": {},
                  "uuid": "433418fd-4be5-4b82-8b8f-f32b4751c0d4",
                  "parentUUID": "0f3e5d32-1046-472c-87ec-8026d9cb5f92",
                  "isHook": false,
                  "skipped": false
                }
              ],
              "suites": [],
              "passes": [
                "433418fd-4be5-4b82-8b8f-f32b4751c0d4"
              ],
              "failures": [],
              "pending": [],
              "skipped": [],
              "duration": 2,
              "root": false,
              "rootEmpty": false,
              "_timeout": 2000
            },
            {
              "uuid": "6dba0f7d-2b6f-4906-8070-e0228dff3d65",
              "title": "getHash()",
              "fullFile": "/home/runner/work/node-pyatv/node-pyatv/test/device.ts",
              "file": "/test/device.ts",
              "beforeHooks": [],
              "afterHooks": [],
              "tests": [
                {
                  "title": "should work",
                  "fullTitle": "NodePyATVDevice getHash() should work",
                  "timedOut": false,
                  "duration": 1,
                  "state": "passed",
                  "speed": "fast",
                  "pass": true,
                  "fail": false,
                  "pending": false,
                  "context": null,
                  "code": "return __awaiter(this, void 0, void 0, function* () {\n    const device = new device_1.default({\n        name: 'My Testdevice',\n        host: '192.168.178.2',\n        spawn: fake_spawn_1.createFakeSpawn(cp => {\n            cp.end({\n                result: 'success',\n                hash: '12345'\n            });\n        })\n    });\n    const result = yield device.getHash();\n    assert_1.default.strictEqual(result, '12345');\n});",
                  "err": {},
                  "uuid": "086edeb9-5535-4841-a047-634d4d9de960",
                  "parentUUID": "6dba0f7d-2b6f-4906-8070-e0228dff3d65",
                  "isHook": false,
                  "skipped": false
                }
              ],
              "suites": [],
              "passes": [
                "086edeb9-5535-4841-a047-634d4d9de960"
              ],
              "failures": [],
              "pending": [],
              "skipped": [],
              "duration": 1,
              "root": false,
              "rootEmpty": false,
              "_timeout": 2000
            },
            {
              "uuid": "d53dc42b-c21e-4930-89bd-cd1a3708be11",
              "title": "getMediaType()",
[...]
                  "parentUUID": "f7218f93-9a6a-4b13-a680-6aaa91976b11",
                  "isHook": false,
                  "skipped": false
                },
                {
                  "title": "should work with custom logger and colors disabled",
                  "fullTitle": "Tools debug() should work with custom logger and colors disabled",
                  "timedOut": false,
                  "duration": 0,
                  "state": "passed",
                  "speed": "fast",
                  "pass": true,
                  "fail": false,
                  "pending": false,
                  "context": null,
                  "code": "tools_1.debug('TEST', 'Hello World.', {\n    noColors: true,\n    debug: function (msg) {\n        assert_1.default.strictEqual(this, null);\n        assert_1.default.strictEqual(msg, '[node-pyatv][TEST] Hello World.');\n    }\n});",
                  "err": {},
                  "uuid": "d150a0b5-b8df-4a2a-b239-ac9e616a2dc6",
                  "parentUUID": "f7218f93-9a6a-4b13-a680-6aaa91976b11",
                  "isHook": false,
                  "skipped": false
                }
              ],
              "suites": [],
              "passes": [
                "65d60708-c430-4a36-879a-61259e9831ec",
                "386db946-7086-4ca6-bfe0-5d734c245146",
                "388e1f04-9335-426c-8f51-dcaf4f0fcb8a",
                "2f78025a-d2c1-4db6-a015-32e2ca53366d",
                "d150a0b5-b8df-4a2a-b239-ac9e616a2dc6"
              ],
              "failures": [],
              "pending": [],
              "skipped": [],
              "duration": 0,
              "root": false,
              "rootEmpty": false,
              "_timeout": 2000
            },
            {
              "uuid": "1f3d1911-9415-40ba-8c94-4ac04cbc8ebc",
              "title": "getExecutable()",
              "fullFile": "/home/runner/work/node-pyatv/node-pyatv/test/tools.ts",
              "file": "/test/tools.ts",
              "beforeHooks": [],
              "afterHooks": [],
              "tests": [
                {
                  "title": "should handle atvremotePath if set",
                  "fullTitle": "Tools getExecutable() should handle atvremotePath if set",
                  "timedOut": false,
                  "duration": 0,
                  "state": "passed",
                  "speed": "fast",
                  "pass": true,
                  "fail": false,
                  "pending": false,
                  "context": null,
                  "code": "const result = tools_1.getExecutable(types_1.NodePyATVExecutableType.atvremote, {\n    atvremotePath: '/tmp/1',\n    atvscriptPath: '/tmp/2'\n});\nassert_1.default.strictEqual(result, '/tmp/1');",
                  "err": {},
                  "uuid": "eacffb41-e98c-4822-8bd5-d9dae5f96f6e",
                  "parentUUID": "1f3d1911-9415-40ba-8c94-4ac04cbc8ebc",
                  "isHook": false,
                  "skipped": false
                },
                {
                  "title": "should handle atvscriptPath if set",
                  "fullTitle": "Tools getExecutable() should handle atvscriptPath if set",
                  "timedOut": false,
                  "duration": 0,
                  "state": "passed",
                  "speed": "fast",
                  "pass": true,
                  "fail": false,
                  "pending": false,
                  "context": null,
                  "code": "const result = tools_1.getExecutable(types_1.NodePyATVExecutableType.atvscript, {\n    atvremotePath: '/tmp/1',\n    atvscriptPath: '/tmp/2'\n});\nassert_1.default.strictEqual(result, '/tmp/2');",
                  "err": {},
                  "uuid": "ac3f0240-f05d-42ac-b4b8-4926db681fbc",
                  "parentUUID": "1f3d1911-9415-40ba-8c94-4ac04cbc8ebc",
                  "isHook": false,
                  "skipped": false
                },
                {
                  "title": "should handle default for atvremote",
                  "fullTitle": "Tools getExecutable() should handle default for atvremote",
                  "timedOut": false,
                  "duration": 0,
                  "state": "passed",
                  "speed": "fast",
                  "pass": true,
                  "fail": false,
                  "pending": false,
                  "context": null,
                  "code": "const result = tools_1.getExecutable(types_1.NodePyATVExecutableType.atvremote, {\n    atvscriptPath: '/tmp'\n});\nassert_1.default.strictEqual(result, 'atvremote');",
                  "err": {},
                  "uuid": "887151ba-3020-4ab4-a66f-632941a9b05e",
                  "parentUUID": "1f3d1911-9415-40ba-8c94-4ac04cbc8ebc",
                  "isHook": false,
                  "skipped": false
                },
                {
                  "title": "should handle default for atvscript",
                  "fullTitle": "Tools getExecutable() should handle default for atvscript",
                  "timedOut": false,
                  "duration": 1,
                  "state": "passed",
                  "speed": "fast",
                  "pass": true,
                  "fail": false,
                  "pending": false,
                  "context": null,
                  "code": "const result = tools_1.getExecutable(types_1.NodePyATVExecutableType.atvscript, {\n    atvremotePath: '/tmp'\n});\nassert_1.default.strictEqual(result, 'atvscript');",
                  "err": {},
                  "uuid": "85f07623-67a8-405d-aca2-5497c23b560b",
                  "parentUUID": "1f3d1911-9415-40ba-8c94-4ac04cbc8ebc",
                  "isHook": false,
                  "skipped": false
                }
              ],
              "suites": [],
              "passes": [
                "eacffb41-e98c-4822-8bd5-d9dae5f96f6e",
                "ac3f0240-f05d-42ac-b4b8-4926db681fbc",
                "887151ba-3020-4ab4-a66f-632941a9b05e",
                "85f07623-67a8-405d-aca2-5497c23b560b"
              ],
              "failures": [],
              "pending": [],
              "skipped": [],
              "duration": 1,
              "root": false,
              "rootEmpty": false,
              "_timeout": 2000
            },
            {
              "uuid": "5b0eed67-b6f9-4c7b-8345-badd34753968",
              "title": "getParameters()",
              "fullFile": "/home/runner/work/node-pyatv/node-pyatv/test/tools.ts",
              "file": "/test/tools.ts",
              "beforeHooks": [],
              "afterHooks": [],
              "tests": [
                {
                  "title": "empty case",
                  "fullTitle": "Tools getParameters() empty case",
                  "timedOut": false,
                  "duration": 0,
                  "state": "passed",
                  "speed": "fast",
                  "pass": true,
                  "fail": false,
                  "pending": false,
                  "context": null,
                  "code": "return __awaiter(this, void 0, void 0, function* () {\n    const result = yield tools_1.getParamters();\n    assert_1.default.deepEqual(result, []);\n});",
                  "err": {},
                  "uuid": "495232f6-7a85-485a-9e30-19dd5aa8171a",
                  "parentUUID": "5b0eed67-b6f9-4c7b-8345-badd34753968",
                  "isHook": false,
                  "skipped": false
                },
                {
                  "title": "easy case",
                  "fullTitle": "Tools getParameters() easy case",
                  "timedOut": false,
                  "duration": 0,
                  "state": "passed",
                  "speed": "fast",
                  "pass": true,
                  "fail": false,
                  "pending": false,
                  "context": null,
                  "code": "return __awaiter(this, void 0, void 0, function* () {\n    const result = yield tools_1.getParamters({\n        host: '192.168.178.2'\n    });\n    assert_1.default.deepEqual(result, ['-s', '192.168.178.2']);\n});",
                  "err": {},
                  "uuid": "91a07658-13c8-4593-bdbf-5630908c3e78",
                  "parentUUID": "5b0eed67-b6f9-4c7b-8345-badd34753968",
                  "isHook": false,
                  "skipped": false
                },
                {
                  "title": "full case",
                  "fullTitle": "Tools getParameters() full case",
                  "timedOut": false,
                  "duration": 0,
                  "state": "passed",
                  "speed": "fast",
                  "pass": true,
                  "fail": false,
                  "pending": false,
                  "context": null,
                  "code": "return __awaiter(this, void 0, void 0, function* () {\n    const result = yield tools_1.getParamters({\n        hosts: ['192.168.178.2', '192.168.178.3'],\n        id: '****',\n        protocol: types_1.NodePyATVProtocol.mrp,\n        dmapCredentials: '****',\n        mrpCredentials: '****',\n        airplayCredentials: '****'\n    });\n    assert_1.default.deepEqual(result, [\n        '-s', '192.168.178.2,192.168.178.3',\n        '-i', '****',\n        '--protocol', 'mrp',\n        '--dmap-credentials', '****',\n        '--mrp-credentials', '****',\n        '--airplay-credentials', '****'\n    ]);\n});",
                  "err": {},
                  "uuid": "2bcc15b5-d6b2-4987-9c30-078d8c6034a4",
                  "parentUUID": "5b0eed67-b6f9-4c7b-8345-badd34753968",
                  "isHook": false,
                  "skipped": false
                }
              ],
              "suites": [],
              "passes": [
                "495232f6-7a85-485a-9e30-19dd5aa8171a",
                "91a07658-13c8-4593-bdbf-5630908c3e78",
                "2bcc15b5-d6b2-4987-9c30-078d8c6034a4"
              ],
              "failures": [],
              "pending": [],
              "skipped": [],
              "duration": 0,
              "root": false,
              "rootEmpty": false,
              "_timeout": 2000
            },
            {
              "uuid": "3aee5bcb-737c-4e93-8a27-3f0b4e46612a",
              "title": "parseState()",
              "fullFile": "/home/runner/work/node-pyatv/node-pyatv/test/tools.ts",
              "file": "/test/tools.ts",
              "beforeHooks": [],
              "afterHooks": [],
              "tests": [
                {
                  "title": "should work with empty data",
                  "fullTitle": "Tools parseState() should work with empty data",
                  "timedOut": false,
                  "duration": 0,
                  "state": "passed",
                  "speed": "fast",
                  "pass": true,
                  "fail": false,
                  "pending": false,
                  "context": null,
                  "code": "const input = {};\nconst result = tools_1.parseState(input, '', {});\nassert_1.default.deepStrictEqual(result, {\n    dateTime: null,\n    hash: null,\n    mediaType: null,\n    deviceState: null,\n    title: null,\n    artist: null,\n    album: null,\n    genre: null,\n    totalTime: null,\n    position: null,\n    shuffle: null,\n    repeat: null,\n    app: null,\n    appId: null,\n    powerState: null\n});",
                  "err": {},
                  "uuid": "46444c75-a02f-4f64-9552-56ecb9b78f2b",
                  "parentUUID": "3aee5bcb-737c-4e93-8a27-3f0b4e46612a",
                  "isHook": false,
                  "skipped": false
                },
                {
                  "title": "should work without data",
                  "fullTitle": "Tools parseState() should work without data",
                  "timedOut": false,
                  "duration": 0,
                  "state": "passed",
                  "speed": "fast",
                  "pass": true,
                  "fail": false,
                  "pending": false,
                  "context": null,
                  "code": "// @ts-ignore\nconst result = tools_1.parseState(null, '', {});\nassert_1.default.deepStrictEqual(result, {\n    dateTime: null,\n    hash: null,\n    mediaType: null,\n    deviceState: null,\n    title: null,\n    artist: null,\n    album: null,\n    genre: null,\n    totalTime: null,\n    position: null,\n    shuffle: null,\n    repeat: null,\n    app: null,\n    appId: null,\n    powerState: null\n});",
                  "err": {},
                  "uuid": "86d943be-28f2-4787-afe0-c05a45ee4834",
                  "parentUUID": "3aee5bcb-737c-4e93-8a27-3f0b4e46612a",
                  "isHook": false,
                  "skipped": false
                },
                {
                  "title": "should work with example data",
                  "fullTitle": "Tools parseState() should work with example data",
                  "timedOut": false,
                  "duration": 0,
                  "state": "passed",
                  "speed": "fast",
                  "pass": true,
                  "fail": false,
                  "pending": false,
                  "context": null,
                  "code": "const input = {\n    result: 'success',\n    datetime: '2020-11-07T22:38:43.608030+01:00',\n    hash: '100e0ab6-6ff5-4199-9c04-a7107ff78712',\n    media_type: 'video',\n    device_state: 'playing',\n    title: 'Solo: A Star Wars Story',\n    artist: null,\n    album: null,\n    genre: null,\n    total_time: 8097,\n    position: 27,\n    shuffle: 'off',\n    repeat: 'off',\n    app: 'Disney+',\n    app_id: 'com.disney.disneyplus',\n    powerState: null\n};\nconst result = tools_1.parseState(input, '', {});\nassert_1.default.deepStrictEqual(result, {\n    dateTime: new Date('2020-11-07T22:38:43.608030+01:00'),\n    hash: '100e0ab6-6ff5-4199-9c04-a7107ff78712',\n    mediaType: types_1.NodePyATVMediaType.video,\n    deviceState: types_1.NodePyATVDeviceState.playing,\n    title: 'Solo: A Star Wars Story',\n    artist: null,\n    album: null,\n    genre: null,\n    totalTime: 8097,\n    position: 27,\n    shuffle: types_1.NodePyATVShuffleState.off,\n    repeat: types_1.NodePyATVRepeatState.off,\n    app: 'Disney+',\n    appId: 'com.disney.disneyplus',\n    powerState: null\n});",
                  "err": {},
                  "uuid": "76b6042d-a8d7-4695-b3e7-744232a88e51",
                  "parentUUID": "3aee5bcb-737c-4e93-8a27-3f0b4e46612a",
                  "isHook": false,
                  "skipped": false
                },
                {
                  "title": "should ignore date if it's an invalid date",
                  "fullTitle": "Tools parseState() should ignore date if it's an invalid date",
                  "timedOut": false,
                  "duration": 0,
                  "state": "passed",
                  "speed": "fast",
                  "pass": true,
                  "fail": false,
                  "pending": false,
                  "context": null,
                  "code": "const input = { datetime: 'today' };\nconst result = tools_1.parseState(input, '', {});\nassert_1.default.deepStrictEqual(result, {\n    dateTime: null,\n    hash: null,\n    mediaType: null,\n    deviceState: null,\n    title: null,\n    artist: null,\n    album: null,\n    genre: null,\n    totalTime: null,\n    position: null,\n    shuffle: null,\n    repeat: null,\n    app: null,\n    appId: null,\n    powerState: null\n});",
                  "err": {},
                  "uuid": "ea1916a3-b853-4fc3-9c64-86c6985954e4",
                  "parentUUID": "3aee5bcb-737c-4e93-8a27-3f0b4e46612a",
                  "isHook": false,
                  "skipped": false
                },
                {
                  "title": "should ignore data if unsupported type",
                  "fullTitle": "Tools parseState() should ignore data if unsupported type",
                  "timedOut": false,
                  "duration": 0,
                  "state": "passed",
                  "speed": "fast",
                  "pass": true,
                  "fail": false,
                  "pending": false,
                  "context": null,
                  "code": "const input = {\n    result: 'success',\n    datetime: true,\n    hash: 1337,\n    media_type: false,\n    device_state: 43,\n    title: undefined,\n    artist: 90,\n    album: Infinity,\n    genre: Math.PI,\n    total_time: '23min',\n    position: '0:30.123',\n    shuffle: false,\n    repeat: true,\n    app: 0,\n    app_id: 891645381647289,\n    powerState: null\n};\nconst result = tools_1.parseState(input, '', {});\nassert_1.default.deepStrictEqual(result, {\n    dateTime: null,\n    hash: null,\n    mediaType: null,\n    deviceState: null,\n    title: null,\n    artist: null,\n    album: null,\n    genre: null,\n    totalTime: null,\n    position: null,\n    shuffle: null,\n    repeat: null,\n    app: null,\n    appId: null,\n    powerState: null\n});",
                  "err": {},
                  "uuid": "3af36748-c3f4-48c6-bdab-70e7027cdf72",
                  "parentUUID": "3aee5bcb-737c-4e93-8a27-3f0b4e46612a",
                  "isHook": false,
                  "skipped": false
                },
                {
                  "title": "should ignore enums with unsupported valid",
                  "fullTitle": "Tools parseState() should ignore enums with unsupported valid",
                  "timedOut": false,
                  "duration": 0,
                  "state": "passed",
                  "speed": "fast",
                  "pass": true,
                  "fail": false,
                  "pending": false,
                  "context": null,
                  "code": "const input = {\n    media_type: '3d-experience',\n    device_state: 'initiating',\n    shuffle: 'everything',\n    repeat: 'nothing'\n};\nconst result = tools_1.parseState(input, '', {});\nassert_1.default.deepStrictEqual(result, {\n    dateTime: null,\n    hash: null,\n    mediaType: null,\n    deviceState: null,\n    title: null,\n    artist: null,\n    album: null,\n    genre: null,\n    totalTime: null,\n    position: null,\n    shuffle: null,\n    repeat: null,\n    app: null,\n    appId: null,\n    powerState: null\n});",
                  "err": {},
                  "uuid": "3d72a266-559a-4564-928c-db7b66cbdf97",
                  "parentUUID": "3aee5bcb-737c-4e93-8a27-3f0b4e46612a",
                  "isHook": false,
                  "skipped": false
                }
              ],
              "suites": [],
              "passes": [
                "46444c75-a02f-4f64-9552-56ecb9b78f2b",
                "86d943be-28f2-4787-afe0-c05a45ee4834",
                "76b6042d-a8d7-4695-b3e7-744232a88e51",
                "ea1916a3-b853-4fc3-9c64-86c6985954e4",
                "3af36748-c3f4-48c6-bdab-70e7027cdf72",
                "3d72a266-559a-4564-928c-db7b66cbdf97"
              ],
              "failures": [],
              "pending": [],
              "skipped": [],
              "duration": 0,
              "root": false,
              "rootEmpty": false,
              "_timeout": 2000
            }
          ],
          "passes": [],
          "failures": [],
          "pending": [],
          "skipped": [],
          "duration": 0,
          "root": false,
          "rootEmpty": false,
          "_timeout": 2000
        }
      ],
      "passes": [],
      "failures": [],
      "pending": [],
      "skipped": [],
      "duration": 0,
      "root": true,
      "rootEmpty": true,
      "_timeout": 2000
    }
  ],
  "meta": {
    "mocha": {
      "version": "8.2.1"
    },
    "mochawesome": {
      "options": {
        "quiet": false,
        "reportFilename": "mochawesome",
        "saveHtml": true,
        "saveJson": true,
        "consoleReporter": "spec",
        "useInlineDiffs": false,
        "code": true
      },
      "version": "6.2.1"
    },
    "marge": {
      "options": null,
      "version": "5.1.0"
    }
  }
}