{
  "stats": {
    "suites": 82,
    "tests": 136,
    "passes": 134,
    "pending": 2,
    "failures": 0,
    "start": "2021-06-08T15:39:07.117Z",
    "end": "2021-06-08T15:39:19.045Z",
    "duration": 11928,
    "testsRegistered": 136,
    "passPercent": 100,
    "pendingPercent": 1.4705882352941175,
    "other": 0,
    "hasOther": false,
    "skipped": 0,
    "hasSkipped": false
  },
  "results": [
    {
      "uuid": "61d4fa9e-e248-4cbd-a861-8d7a5de73ec8",
      "title": "",
      "fullFile": "",
      "file": "",
      "beforeHooks": [],
      "afterHooks": [],
      "tests": [],
      "suites": [
        {
          "uuid": "52472fb9-e150-4f5f-bce3-a519cbad0e5c",
          "title": "NodePyATVDeviceEvent",
          "fullFile": "/home/runner/work/node-pyatv/node-pyatv/test/device-event.ts",
          "file": "/test/device-event.ts",
          "beforeHooks": [],
          "afterHooks": [],
          "tests": [],
          "suites": [
            {
              "uuid": "3d8ab606-1345-4ad0-853b-0e37d332319d",
              "title": "get key()",
              "fullFile": "/home/runner/work/node-pyatv/node-pyatv/test/device-event.ts",
              "file": "/test/device-event.ts",
              "beforeHooks": [],
              "afterHooks": [],
              "tests": [
                {
                  "title": "should work",
                  "fullTitle": "NodePyATVDeviceEvent get key() should work",
                  "timedOut": false,
                  "duration": 1,
                  "state": "passed",
                  "speed": "fast",
                  "pass": true,
                  "fail": false,
                  "pending": false,
                  "context": null,
                  "code": "const event = new device_event_1.default({\n    key: 'genre',\n    old: 'Jazz',\n    new: 'Rock',\n    device: new device_1.default({\n        host: '192.168.178.2',\n        name: 'My Testinstance'\n    })\n});\nassert_1.default.strictEqual(event.key, 'genre');",
                  "err": {},
                  "uuid": "be92b6d0-d4e4-4c75-a0fc-e79a83657875",
                  "parentUUID": "3d8ab606-1345-4ad0-853b-0e37d332319d",
                  "isHook": false,
                  "skipped": false
                }
              ],
              "suites": [],
              "passes": [
                "be92b6d0-d4e4-4c75-a0fc-e79a83657875"
              ],
              "failures": [],
              "pending": [],
              "skipped": [],
              "duration": 1,
              "root": false,
              "rootEmpty": false,
              "_timeout": 2000
            },
            {
              "uuid": "cda7f297-2dac-41a7-8593-055f54a6b508",
              "title": "get oldValue()",
              "fullFile": "/home/runner/work/node-pyatv/node-pyatv/test/device-event.ts",
              "file": "/test/device-event.ts",
              "beforeHooks": [],
              "afterHooks": [],
              "tests": [
                {
                  "title": "should work",
                  "fullTitle": "NodePyATVDeviceEvent get oldValue() should work",
                  "timedOut": false,
                  "duration": 1,
                  "state": "passed",
                  "speed": "fast",
                  "pass": true,
                  "fail": false,
                  "pending": false,
                  "context": null,
                  "code": "const event = new device_event_1.default({\n    key: 'genre',\n    old: 'Jazz',\n    new: 'Rock',\n    device: new device_1.default({\n        host: '192.168.178.2',\n        name: 'My Testinstance'\n    })\n});\nassert_1.default.strictEqual(event.oldValue, 'Jazz');",
                  "err": {},
                  "uuid": "a9d4451e-e12b-44dd-bac7-38fc6328b145",
                  "parentUUID": "cda7f297-2dac-41a7-8593-055f54a6b508",
                  "isHook": false,
                  "skipped": false
                }
              ],
              "suites": [],
              "passes": [
                "a9d4451e-e12b-44dd-bac7-38fc6328b145"
              ],
              "failures": [],
              "pending": [],
              "skipped": [],
              "duration": 1,
              "root": false,
              "rootEmpty": false,
              "_timeout": 2000
            },
            {
              "uuid": "94651791-f60f-44c0-adf6-dac9fa786956",
              "title": "get newValue()",
              "fullFile": "/home/runner/work/node-pyatv/node-pyatv/test/device-event.ts",
              "file": "/test/device-event.ts",
              "beforeHooks": [],
              "afterHooks": [],
              "tests": [
                {
                  "title": "should work",
                  "fullTitle": "NodePyATVDeviceEvent get newValue() should work",
                  "timedOut": false,
                  "duration": 0,
                  "state": "passed",
                  "speed": "fast",
                  "pass": true,
                  "fail": false,
                  "pending": false,
                  "context": null,
                  "code": "const event = new device_event_1.default({\n    key: 'genre',\n    old: 'Jazz',\n    new: 'Rock',\n    device: new device_1.default({\n        host: '192.168.178.2',\n        name: 'My Testinstance'\n    })\n});\nassert_1.default.strictEqual(event.newValue, 'Rock');",
                  "err": {},
                  "uuid": "140aefbf-375f-4120-aff4-e5cdc3c63542",
                  "parentUUID": "94651791-f60f-44c0-adf6-dac9fa786956",
                  "isHook": false,
                  "skipped": false
                }
              ],
              "suites": [],
              "passes": [
                "140aefbf-375f-4120-aff4-e5cdc3c63542"
              ],
              "failures": [],
              "pending": [],
              "skipped": [],
              "duration": 0,
              "root": false,
              "rootEmpty": false,
              "_timeout": 2000
            },
            {
              "uuid": "1ee46136-aa7c-449f-b74e-9617dd1e76d1",
              "title": "get value()",
              "fullFile": "/home/runner/work/node-pyatv/node-pyatv/test/device-event.ts",
              "file": "/test/device-event.ts",
              "beforeHooks": [],
              "afterHooks": [],
              "tests": [
                {
                  "title": "should work",
                  "fullTitle": "NodePyATVDeviceEvent get value() should work",
                  "timedOut": false,
                  "duration": 0,
                  "state": "passed",
                  "speed": "fast",
                  "pass": true,
                  "fail": false,
                  "pending": false,
                  "context": null,
                  "code": "const event = new device_event_1.default({\n    key: 'genre',\n    old: 'Jazz',\n    new: 'Rock',\n    device: new device_1.default({\n        host: '192.168.178.2',\n        name: 'My Testinstance'\n    })\n});\nassert_1.default.strictEqual(event.value, 'Rock');",
                  "err": {},
                  "uuid": "dece99df-6352-4459-8d6c-2bbd5ecb9cb5",
                  "parentUUID": "1ee46136-aa7c-449f-b74e-9617dd1e76d1",
                  "isHook": false,
                  "skipped": false
                }
              ],
              "suites": [],
              "passes": [
                "dece99df-6352-4459-8d6c-2bbd5ecb9cb5"
              ],
              "failures": [],
              "pending": [],
              "skipped": [],
              "duration": 0,
              "root": false,
              "rootEmpty": false,
              "_timeout": 2000
            },
            {
              "uuid": "b4d6cbb9-ff59-48b9-88eb-5c77fac97bc3",
              "title": "get device()",
              "fullFile": "/home/runner/work/node-pyatv/node-pyatv/test/device-event.ts",
              "file": "/test/device-event.ts",
              "beforeHooks": [],
              "afterHooks": [],
              "tests": [
                {
                  "title": "should work",
                  "fullTitle": "NodePyATVDeviceEvent get device() should work",
                  "timedOut": false,
                  "duration": 1,
                  "state": "passed",
                  "speed": "fast",
                  "pass": true,
                  "fail": false,
                  "pending": false,
                  "context": null,
                  "code": "const device = new device_1.default({\n    host: '192.168.178.2',\n    name: 'My Testinstance'\n});\nconst event = new device_event_1.default({\n    key: 'genre',\n    old: 'Jazz',\n    new: 'Rock',\n    device\n});\nassert_1.default.deepEqual(event.device, device);",
                  "err": {},
                  "uuid": "6bf7fa46-f5d7-4cb2-911a-6580b75396aa",
                  "parentUUID": "b4d6cbb9-ff59-48b9-88eb-5c77fac97bc3",
                  "isHook": false,
                  "skipped": false
                }
              ],
              "suites": [],
              "passes": [
                "6bf7fa46-f5d7-4cb2-911a-6580b75396aa"
              ],
              "failures": [],
              "pending": [],
              "skipped": [],
              "duration": 1,
              "root": false,
              "rootEmpty": false,
              "_timeout": 2000
            }
          ],
          "passes": [],
          "failures": [],
          "pending": [],
          "skipped": [],
          "duration": 0,
          "root": false,
          "rootEmpty": false,
          "_timeout": 2000
        },
        {
          "uuid": "4b35c157-7bb6-44a4-ab32-b5a49d22621f",
          "title": "NodePyATVDeviceEvents",
          "fullFile": "/home/runner/work/node-pyatv/node-pyatv/test/device-events.ts",
          "file": "/test/device-events.ts",
          "beforeHooks": [],
          "afterHooks": [],
          "tests": [],
          "suites": [
            {
              "uuid": "47398cdf-59c7-47bd-b1fa-2412933fcafb",
              "title": "applyStateAndEmitEvents()",
              "fullFile": "/home/runner/work/node-pyatv/node-pyatv/test/device-events.ts",
              "file": "/test/device-events.ts",
              "beforeHooks": [],
              "afterHooks": [],
              "tests": [
                {
                  "title": "should emit update:key event",
                  "fullTitle": "NodePyATVDeviceEvents applyStateAndEmitEvents() should emit update:key event",
                  "timedOut": false,
                  "duration": 4,
                  "state": "passed",
                  "speed": "fast",
                  "pass": true,
                  "fail": false,
                  "pending": false,
                  "context": null,
                  "code": "return __awaiter(this, void 0, void 0, function* () {\n    const device = new device_1.default({\n        name: 'My Testdevice',\n        host: '192.168.178.2',\n        spawn: fake_spawn_1.createFakeSpawn(cp => {\n            cp.onStdIn(() => cp.end());\n            cp.stdout({\n                result: 'success',\n                title: 'My Movie'\n            });\n        })\n    });\n    yield new Promise(cb => {\n        device.once('update:title', event => {\n            assert_1.default.ok(event instanceof device_event_1.default);\n            assert_1.default.strictEqual(event.key, 'title');\n            assert_1.default.strictEqual(event.oldValue, null);\n            assert_1.default.strictEqual(event.newValue, 'My Movie');\n            assert_1.default.strictEqual(event.value, 'My Movie');\n            assert_1.default.deepStrictEqual(event.device, device);\n            cb(undefined);\n        });\n    });\n});",
                  "err": {},
                  "uuid": "e4981bc6-fbf2-41f9-ac62-fcd866aa39f1",
                  "parentUUID": "47398cdf-59c7-47bd-b1fa-2412933fcafb",
                  "isHook": false,
                  "skipped": false
                },
                {
                  "title": "should emit update event",
                  "fullTitle": "NodePyATVDeviceEvents applyStateAndEmitEvents() should emit update event",
                  "timedOut": false,
                  "duration": 1,
                  "state": "passed",
                  "speed": "fast",
                  "pass": true,
                  "fail": false,
                  "pending": false,
                  "context": null,
                  "code": "return __awaiter(this, void 0, void 0, function* () {\n    const device = new device_1.default({\n        name: 'My Testdevice',\n        host: '192.168.178.2',\n        spawn: fake_spawn_1.createFakeSpawn(cp => {\n            cp.onStdIn(() => cp.end());\n            cp.stdout({\n                result: 'success',\n                title: 'My Movie'\n            });\n        })\n    });\n    yield new Promise(cb => {\n        device.once('update', event => {\n            assert_1.default.ok(event instanceof device_event_1.default);\n            assert_1.default.strictEqual(event.key, 'title');\n            assert_1.default.strictEqual(event.oldValue, null);\n            assert_1.default.strictEqual(event.newValue, 'My Movie');\n            assert_1.default.strictEqual(event.value, 'My Movie');\n            assert_1.default.deepStrictEqual(event.device, device);\n            cb(undefined);\n        });\n    });\n});",
                  "err": {},
                  "uuid": "eaaf4ac2-00ef-4d7d-b9d6-62fe283a4d76",
                  "parentUUID": "47398cdf-59c7-47bd-b1fa-2412933fcafb",
                  "isHook": false,
                  "skipped": false
                },
                {
                  "title": "should emit update:key event before update",
                  "fullTitle": "NodePyATVDeviceEvents applyStateAndEmitEvents() should emit update:key event before update",
                  "timedOut": false,
                  "duration": 2,
                  "state": "passed",
                  "speed": "fast",
                  "pass": true,
                  "fail": false,
                  "pending": false,
                  "context": null,
                  "code": "return __awaiter(this, void 0, void 0, function* () {\n    const device = new device_1.default({\n        name: 'My Testdevice',\n        host: '192.168.178.2',\n        spawn: fake_spawn_1.createFakeSpawn(cp => {\n            cp.onStdIn(() => cp.end());\n            cp.stdout({\n                result: 'success',\n                title: 'My Movie'\n            });\n        })\n    });\n    const sort = [];\n    yield Promise.race([\n        new Promise(cb => {\n            device.once('update', () => {\n                sort.push('update');\n                cb(undefined);\n            });\n        }),\n        new Promise(cb => {\n            device.once('update:title', () => {\n                sort.push('update:title');\n                cb(undefined);\n            });\n        })\n    ]);\n    assert_1.default.deepStrictEqual(sort, ['update:title', 'update']);\n});",
                  "err": {},
                  "uuid": "99fb9e9b-2c78-4b5e-ae67-d9ce09b9568d",
                  "parentUUID": "47398cdf-59c7-47bd-b1fa-2412933fcafb",
                  "isHook": false,
                  "skipped": false
                },
                {
                  "title": "should not emit an update if new value is same as old one",
                  "fullTitle": "NodePyATVDeviceEvents applyStateAndEmitEvents() should not emit an update if new value is same as old one",
                  "timedOut": false,
                  "duration": 4,
                  "state": "passed",
                  "speed": "fast",
                  "pass": true,
                  "fail": false,
                  "pending": false,
                  "context": null,
                  "code": "return __awaiter(this, void 0, void 0, function* () {\n    let spawnCounter = 0;\n    let eventCounter = 0;\n    const device = new device_1.default({\n        name: 'My Testdevice',\n        host: '192.168.178.2',\n        spawn: fake_spawn_1.createFakeSpawn(cp => {\n            if (spawnCounter === 0) {\n                cp.onStdIn(() => cp.end());\n            }\n            cp.stdout({\n                result: 'success',\n                title: 'My Movie'\n            });\n            spawnCounter++;\n            if (spawnCounter >= 2) {\n                cp.end();\n            }\n        })\n    });\n    const listener = () => {\n        eventCounter++;\n    };\n    device.on('update', listener);\n    yield new Promise(cb => setTimeout(cb, 0));\n    yield device.getState();\n    device.off('update', listener);\n    assert_1.default.strictEqual(spawnCounter, 2);\n    assert_1.default.strictEqual(eventCounter, 1);\n});",
                  "err": {},
                  "uuid": "3915304f-1f73-43a4-8043-f6cd4398d11b",
                  "parentUUID": "47398cdf-59c7-47bd-b1fa-2412933fcafb",
                  "isHook": false,
                  "skipped": false
                },
                {
                  "title": "should emit error event if event listener throws an exception",
                  "fullTitle": "NodePyATVDeviceEvents applyStateAndEmitEvents() should emit error event if event listener throws an exception",
                  "timedOut": false,
                  "duration": 1,
                  "state": "passed",
                  "speed": "fast",
                  "pass": true,
                  "fail": false,
                  "pending": false,
                  "context": null,
                  "code": "return __awaiter(this, void 0, void 0, function* () {\n    const device = new device_1.default({\n        name: 'My Testdevice',\n        host: '192.168.178.2',\n        spawn: fake_spawn_1.createFakeSpawn(cp => {\n            cp.onStdIn(() => cp.end());\n            cp.stdout({\n                result: 'success',\n                title: 'My Movie'\n            });\n        })\n    });\n    let callCounter = 0;\n    const error = new Error('This is an error. Be nice.');\n    device.once('error', err => {\n        assert_1.default.strictEqual(err, error);\n        callCounter++;\n    });\n    const listener = () => {\n        throw error;\n    };\n    device.on('update', listener);\n    yield new Promise(cb => setTimeout(cb, 0));\n    device.off('update', listener);\n    assert_1.default.strictEqual(callCounter, 1);\n});",
                  "err": {},
                  "uuid": "dddf9d6a-e8fc-40aa-84e4-f84b7bf498bb",
                  "parentUUID": "47398cdf-59c7-47bd-b1fa-2412933fcafb",
                  "isHook": false,
                  "skipped": false
                },
                {
                  "title": "should also work with powerState",
                  "fullTitle": "NodePyATVDeviceEvents applyStateAndEmitEvents() should also work with powerState",
                  "timedOut": false,
                  "duration": 1,
                  "state": "passed",
                  "speed": "fast",
                  "pass": true,
                  "fail": false,
                  "pending": false,
                  "context": null,
                  "code": "return __awaiter(this, void 0, void 0, function* () {\n    const device = new device_1.default({\n        name: 'My Testdevice',\n        host: '192.168.178.2',\n        spawn: fake_spawn_1.createFakeSpawn(cp => {\n            cp.onStdIn(() => cp.end());\n            cp.stdout({\n                result: 'success',\n                datetime: new Date().toJSON(),\n                power_state: 'off'\n            });\n        })\n    });\n    yield new Promise(cb => {\n        device.once('update:powerState', event => {\n            assert_1.default.ok(event instanceof device_event_1.default);\n            assert_1.default.strictEqual(event.key, 'powerState');\n            assert_1.default.strictEqual(event.oldValue, null);\n            assert_1.default.strictEqual(event.newValue, 'off');\n            assert_1.default.strictEqual(event.newValue, types_1.NodePyATVPowerState.off);\n            assert_1.default.strictEqual(event.value, 'off');\n            assert_1.default.strictEqual(event.value, types_1.NodePyATVPowerState.off);\n            assert_1.default.deepStrictEqual(event.device, device);\n            cb(undefined);\n        });\n    });\n});",
                  "err": {},
                  "uuid": "009cfef9-6836-4248-b46e-baa140e4b665",
                  "parentUUID": "47398cdf-59c7-47bd-b1fa-2412933fcafb",
                  "isHook": false,
                  "skipped": false
                }
              ],
              "suites": [],
              "passes": [
                "e4981bc6-fbf2-41f9-ac62-fcd866aa39f1",
                "eaaf4ac2-00ef-4d7d-b9d6-62fe283a4d76",
                "99fb9e9b-2c78-4b5e-ae67-d9ce09b9568d",
                "3915304f-1f73-43a4-8043-f6cd4398d11b",
                "dddf9d6a-e8fc-40aa-84e4-f84b7bf498bb",
                "009cfef9-6836-4248-b46e-baa140e4b665"
              ],
              "failures": [],
              "pending": [],
              "skipped": [],
              "duration": 13,
              "root": false,
              "rootEmpty": false,
              "_timeout": 2000
            },
            {
              "uuid": "67932e47-9d5e-4406-b722-877fac9f624b",
              "title": "start|stopListening()",
              "fullFile": "/home/runner/work/node-pyatv/node-pyatv/test/device-events.ts",
              "file": "/test/device-events.ts",
              "beforeHooks": [],
              "afterHooks": [],
              "tests": [
                {
                  "title": "should emit error if spawn fails",
                  "fullTitle": "NodePyATVDeviceEvents start|stopListening() should emit error if spawn fails",
                  "timedOut": false,
                  "duration": 2,
                  "state": "passed",
                  "speed": "fast",
                  "pass": true,
                  "fail": false,
                  "pending": false,
                  "context": null,
                  "code": "return __awaiter(this, void 0, void 0, function* () {\n    const error = new Error();\n    const device = new device_1.default({\n        name: 'My Testdevice',\n        host: '192.168.178.2',\n        spawn: fake_spawn_1.createFakeSpawn(cp => {\n            cp.error(error).end();\n        })\n    });\n    const listener = () => {\n        // empty listener\n    };\n    device.on('update', listener);\n    yield new Promise(cb => {\n        device.once('error', err => {\n            assert_1.default.strictEqual(err, error);\n            cb(undefined);\n        });\n    });\n    device.off('update', listener);\n});",
                  "err": {},
                  "uuid": "5b0d6c85-9719-4f9e-a59e-726da3358a9b",
                  "parentUUID": "67932e47-9d5e-4406-b722-877fac9f624b",
                  "isHook": false,
                  "skipped": false
                },
                {
                  "title": "should emit error on stderr data",
                  "fullTitle": "NodePyATVDeviceEvents start|stopListening() should emit error on stderr data",
                  "timedOut": false,
                  "duration": 2,
                  "state": "passed",
                  "speed": "fast",
                  "pass": true,
                  "fail": false,
                  "pending": false,
                  "context": null,
                  "code": "return __awaiter(this, void 0, void 0, function* () {\n    const device = new device_1.default({\n        name: 'My Testdevice',\n        host: '192.168.178.2',\n        spawn: fake_spawn_1.createFakeSpawn(cp => {\n            cp.stderr('Hello World!').end();\n        })\n    });\n    const listener = () => {\n        // empty listener\n    };\n    device.on('update', listener);\n    yield new Promise(cb => {\n        device.once('error', err => {\n            assert_1.default.ok(err instanceof Error);\n            assert_1.default.ok(err.toString().includes('Got stderr output from pyatv: Hello World!'));\n            cb(undefined);\n        });\n    });\n    device.off('update', listener);\n});",
                  "err": {},
                  "uuid": "d43e0037-29fa-4824-93dc-ef04f09e5a7d",
                  "parentUUID": "67932e47-9d5e-4406-b722-877fac9f624b",
                  "isHook": false,
                  "skipped": false
                },
                {
                  "title": "should emit error if stdout is not valid json",
                  "fullTitle": "NodePyATVDeviceEvents start|stopListening() should emit error if stdout is not valid json",
                  "timedOut": false,
                  "duration": 2,
                  "state": "passed",
                  "speed": "fast",
                  "pass": true,
                  "fail": false,
                  "pending": false,
                  "context": null,
                  "code": "return __awaiter(this, void 0, void 0, function* () {\n    const device = new device_1.default({\n        name: 'My Testdevice',\n        host: '192.168.178.2',\n        spawn: fake_spawn_1.createFakeSpawn(cp => {\n            cp.stdout('#').end();\n        })\n    });\n    const listener = () => {\n        // empty listener\n    };\n    device.on('update', listener);\n    yield new Promise(cb => {\n        device.once('error', err => {\n            assert_1.default.ok(err instanceof Error);\n            assert_1.default.ok(err.toString().includes('Unable to parse stdout json: SyntaxError: ' +\n                'Unexpected token # in JSON at position 0'));\n            cb(undefined);\n        });\n    });\n    device.off('update', listener);\n});",
                  "err": {},
                  "uuid": "e4db174c-d7ab-4b87-a885-2f61dd42b40e",
                  "parentUUID": "67932e47-9d5e-4406-b722-877fac9f624b",
                  "isHook": false,
                  "skipped": false
                },
                {
                  "title": "should restart the process if it gets killed",
                  "fullTitle": "NodePyATVDeviceEvents start|stopListening() should restart the process if it gets killed",
                  "timedOut": false,
                  "duration": 0,
                  "state": "pending",
                  "speed": null,
                  "pass": false,
                  "fail": false,
                  "pending": true,
                  "context": null,
                  "code": "",
                  "err": {},
                  "uuid": "f2a71e94-996a-4f7a-b0eb-441092d8636b",
                  "parentUUID": "67932e47-9d5e-4406-b722-877fac9f624b",
                  "isHook": false,
                  "skipped": false
                }
              ],
              "suites": [],
              "passes": [
                "5b0d6c85-9719-4f9e-a59e-726da3358a9b",
                "d43e0037-29fa-4824-93dc-ef04f09e5a7d",
                "e4db174c-d7ab-4b87-a885-2f61dd42b40e"
              ],
              "failures": [],
              "pending": [
                "f2a71e94-996a-4f7a-b0eb-441092d8636b"
              ],
              "skipped": [],
              "duration": 6,
              "root": false,
              "rootEmpty": false,
              "_timeout": 2000
            },
            {
              "uuid": "eaf11a27-ce9c-4312-9bac-18f21e4d095f",
              "title": "addListener() / removeAllListeners()",
              "fullFile": "/home/runner/work/node-pyatv/node-pyatv/test/device-events.ts",
              "file": "/test/device-events.ts",
              "beforeHooks": [],
              "afterHooks": [],
              "tests": [
                {
                  "title": "should work without any exceptions",
                  "fullTitle": "NodePyATVDeviceEvents addListener() / removeAllListeners() should work without any exceptions",
                  "timedOut": false,
                  "duration": 1,
                  "state": "passed",
                  "speed": "fast",
                  "pass": true,
                  "fail": false,
                  "pending": false,
                  "context": null,
                  "code": "return __awaiter(this, void 0, void 0, function* () {\n    const device = new device_1.default({\n        name: 'My Testdevice',\n        host: '192.168.178.2',\n        spawn: fake_spawn_1.createFakeSpawn(cp => {\n            cp.onStdIn(() => cp.end());\n            cp.stdout({\n                result: 'success',\n                title: 'My Movie'\n            });\n        })\n    });\n    const listener = () => {\n        // empty listener\n    };\n    device.addListener('update', listener);\n    device.removeAllListeners('update');\n});",
                  "err": {},
                  "uuid": "27e29394-a891-4809-af0e-236b4146d3bb",
                  "parentUUID": "eaf11a27-ce9c-4312-9bac-18f21e4d095f",
                  "isHook": false,
                  "skipped": false
                }
              ],
              "suites": [],
              "passes": [
                "27e29394-a891-4809-af0e-236b4146d3bb"
              ],
              "failures": [],
              "pending": [],
              "skipped": [],
              "duration": 1,
              "root": false,
              "rootEmpty": false,
              "_timeout": 2000
            },
            {
              "uuid": "8dda0ed9-2796-4d62-99fb-eb39ea9d2d9a",
              "title": "emit()",
              "fullFile": "/home/runner/work/node-pyatv/node-pyatv/test/device-events.ts",
              "file": "/test/device-events.ts",
              "beforeHooks": [],
              "afterHooks": [],
              "tests": [
                {
                  "title": "should work",
                  "fullTitle": "NodePyATVDeviceEvents emit() should work",
                  "timedOut": false,
                  "duration": 1,
                  "state": "passed",
                  "speed": "fast",
                  "pass": true,
                  "fail": false,
                  "pending": false,
                  "context": null,
                  "code": "const device = new device_1.default({\n    name: 'My Testdevice',\n    host: '192.168.178.2',\n    spawn: fake_spawn_1.createFakeSpawn(cp => {\n        cp.onStdIn(() => cp.end());\n    })\n});\nconst event = new device_event_1.default({\n    key: 'dateTime',\n    old: 'foo',\n    new: 'bar',\n    device\n});\nlet executions = 0;\ndevice.once('test', (e) => {\n    executions++;\n    assert_1.default.strictEqual(e, event);\n    assert_1.default.strictEqual(executions, 1);\n    done();\n});\ndevice.emit('test', event);",
                  "err": {},
                  "uuid": "4eb55e95-f211-4235-8f01-c19505aa1017",
                  "parentUUID": "8dda0ed9-2796-4d62-99fb-eb39ea9d2d9a",
                  "isHook": false,
                  "skipped": false
                }
              ],
              "suites": [],
              "passes": [
                "4eb55e95-f211-4235-8f01-c19505aa1017"
              ],
              "failures": [],
              "pending": [],
              "skipped": [],
              "duration": 1,
              "root": false,
              "rootEmpty": false,
              "_timeout": 2000
            },
            {
              "uuid": "7236224f-bd95-4b46-b00a-e946ee1d2919",
              "title": "eventNames()",
              "fullFile": "/home/runner/work/node-pyatv/node-pyatv/test/device-events.ts",
              "file": "/test/device-events.ts",
              "beforeHooks": [],
              "afterHooks": [],
              "tests": [
                {
                  "title": "should work",
                  "fullTitle": "NodePyATVDeviceEvents eventNames() should work",
                  "timedOut": false,
                  "duration": 0,
                  "state": "passed",
                  "speed": "fast",
                  "pass": true,
                  "fail": false,
                  "pending": false,
                  "context": null,
                  "code": "const device = new device_1.default({\n    name: 'My Testdevice',\n    host: '192.168.178.2',\n    spawn: fake_spawn_1.createFakeSpawn(cp => {\n        cp.onStdIn(() => cp.end());\n    })\n});\nconst listener = () => {\n    // ignore\n};\ndevice.on('test', listener);\nassert_1.default.deepStrictEqual(device.eventNames(), ['test']);\ndevice.off('test', listener);",
                  "err": {},
                  "uuid": "d25ad932-1878-48e6-9a53-1c117b6dea8f",
                  "parentUUID": "7236224f-bd95-4b46-b00a-e946ee1d2919",
                  "isHook": false,
                  "skipped": false
                }
              ],
              "suites": [],
              "passes": [
                "d25ad932-1878-48e6-9a53-1c117b6dea8f"
              ],
              "failures": [],
              "pending": [],
              "skipped": [],
              "duration": 0,
              "root": false,
              "rootEmpty": false,
              "_timeout": 2000
            },
            {
              "uuid": "d95188f2-58ab-48d6-8077-ce41d466851f",
              "title": "getMaxListeners()",
              "fullFile": "/home/runner/work/node-pyatv/node-pyatv/test/device-events.ts",
              "file": "/test/device-events.ts",
              "beforeHooks": [],
              "afterHooks": [],
              "tests": [
                {
                  "title": "should work",
                  "fullTitle": "NodePyATVDeviceEvents getMaxListeners() should work",
                  "timedOut": false,
                  "duration": 0,
                  "state": "passed",
                  "speed": "fast",
                  "pass": true,
                  "fail": false,
                  "pending": false,
                  "context": null,
                  "code": "const device = new device_1.default({\n    name: 'My Testdevice',\n    host: '192.168.178.2',\n    spawn: fake_spawn_1.createFakeSpawn(cp => {\n        cp.onStdIn(() => cp.end());\n    })\n});\nconst result = device.getMaxListeners();\nassert_1.default.ok(typeof result, 'number');\nassert_1.default.ok(result >= 10);",
                  "err": {},
                  "uuid": "ca696af7-2499-4f8e-ace1-6d3f9378b1ec",
                  "parentUUID": "d95188f2-58ab-48d6-8077-ce41d466851f",
                  "isHook": false,
                  "skipped": false
                }
              ],
              "suites": [],
              "passes": [
                "ca696af7-2499-4f8e-ace1-6d3f9378b1ec"
              ],
              "failures": [],
              "pending": [],
              "skipped": [],
              "duration": 0,
              "root": false,
              "rootEmpty": false,
              "_timeout": 2000
            },
            {
              "uuid": "a0b4aedd-7cd8-478a-ab02-bd2d5ce26278",
              "title": "listenerCount()",
              "fullFile": "/home/runner/work/node-pyatv/node-pyatv/test/device-events.ts",
              "file": "/test/device-events.ts",
              "beforeHooks": [],
              "afterHooks": [],
              "tests": [
                {
                  "title": "should work",
                  "fullTitle": "NodePyATVDeviceEvents listenerCount() should work",
                  "timedOut": false,
                  "duration": 0,
                  "state": "passed",
                  "speed": "fast",
                  "pass": true,
                  "fail": false,
                  "pending": false,
                  "context": null,
                  "code": "const device = new device_1.default({\n    name: 'My Testdevice',\n    host: '192.168.178.2',\n    spawn: fake_spawn_1.createFakeSpawn(cp => {\n        cp.onStdIn(() => cp.end());\n    })\n});\nconst listener = () => {\n    // ignore\n};\nassert_1.default.deepStrictEqual(device.listenerCount('test'), 0);\ndevice.on('test', listener);\nassert_1.default.deepStrictEqual(device.listenerCount('test'), 1);\ndevice.off('test', listener);",
                  "err": {},
                  "uuid": "b56b5ef4-bb04-47f3-8ad1-5714e4157e7c",
                  "parentUUID": "a0b4aedd-7cd8-478a-ab02-bd2d5ce26278",
                  "isHook": false,
                  "skipped": false
                }
              ],
              "suites": [],
              "passes": [
                "b56b5ef4-bb04-47f3-8ad1-5714e4157e7c"
              ],
              "failures": [],
              "pending": [],
              "skipped": [],
              "duration": 0,
              "root": false,
              "rootEmpty": false,
              "_timeout": 2000
            },
            {
              "uuid": "4aa6154a-9cc1-40fa-9eba-035d74fe5c5b",
              "title": "listeners()",
              "fullFile": "/home/runner/work/node-pyatv/node-pyatv/test/device-events.ts",
              "file": "/test/device-events.ts",
              "beforeHooks": [],
              "afterHooks": [],
              "tests": [
                {
                  "title": "should work",
                  "fullTitle": "NodePyATVDeviceEvents listeners() should work",
                  "timedOut": false,
                  "duration": 0,
                  "state": "passed",
                  "speed": "fast",
                  "pass": true,
                  "fail": false,
                  "pending": false,
                  "context": null,
                  "code": "const device = new device_1.default({\n    name: 'My Testdevice',\n    host: '192.168.178.2',\n    spawn: fake_spawn_1.createFakeSpawn(cp => {\n        cp.onStdIn(() => cp.end());\n    })\n});\nconst listener = () => {\n    // ignore\n};\nassert_1.default.deepStrictEqual(device.listeners('test').length, 0);\ndevice.on('test', listener);\nassert_1.default.deepStrictEqual(device.listeners('test').length, 1);\nassert_1.default.deepStrictEqual(device.listeners('test')[0], listener);\ndevice.off('test', listener);",
                  "err": {},
                  "uuid": "7d223088-39f1-43a0-b5a5-0a15d990ea65",
                  "parentUUID": "4aa6154a-9cc1-40fa-9eba-035d74fe5c5b",
                  "isHook": false,
                  "skipped": false
                }
              ],
              "suites": [],
              "passes": [
                "7d223088-39f1-43a0-b5a5-0a15d990ea65"
              ],
              "failures": [],
              "pending": [],
              "skipped": [],
              "duration": 0,
              "root": false,
              "rootEmpty": false,
              "_timeout": 2000
            },
            {
              "uuid": "f89a1e6c-09ae-47d7-937c-6cc9ba8402d8",
              "title": "prependListener()",
              "fullFile": "/home/runner/work/node-pyatv/node-pyatv/test/device-events.ts",
              "file": "/test/device-events.ts",
              "beforeHooks": [],
              "afterHooks": [],
              "tests": [
                {
                  "title": "should work",
                  "fullTitle": "NodePyATVDeviceEvents prependListener() should work",
                  "timedOut": false,
                  "duration": 1,
                  "state": "passed",
                  "speed": "fast",
                  "pass": true,
                  "fail": false,
                  "pending": false,
                  "context": null,
                  "code": "const device = new device_1.default({\n    name: 'My Testdevice',\n    host: '192.168.178.2',\n    spawn: fake_spawn_1.createFakeSpawn(cp => {\n        cp.onStdIn(() => cp.end());\n        cp.stdout({\n            result: 'success',\n            title: 'My Movie'\n        });\n    })\n});\nconst listener = () => {\n    device.removeAllListeners('update');\n    done();\n};\ndevice.prependListener('update', listener);",
                  "err": {},
                  "uuid": "7bd4d5fd-5e11-4394-b881-0cc43658151f",
                  "parentUUID": "f89a1e6c-09ae-47d7-937c-6cc9ba8402d8",
                  "isHook": false,
                  "skipped": false
                }
              ],
              "suites": [],
              "passes": [
                "7bd4d5fd-5e11-4394-b881-0cc43658151f"
              ],
              "failures": [],
              "pending": [],
              "skipped": [],
              "duration": 1,
              "root": false,
              "rootEmpty": false,
              "_timeout": 2000
            },
            {
              "uuid": "2b30dc46-40cd-45ec-9729-4cf02f54def6",
              "title": "prependOnceListener()",
              "fullFile": "/home/runner/work/node-pyatv/node-pyatv/test/device-events.ts",
              "file": "/test/device-events.ts",
              "beforeHooks": [],
              "afterHooks": [],
              "tests": [
                {
                  "title": "should work",
                  "fullTitle": "NodePyATVDeviceEvents prependOnceListener() should work",
                  "timedOut": false,
                  "duration": 1,
                  "state": "passed",
                  "speed": "fast",
                  "pass": true,
                  "fail": false,
                  "pending": false,
                  "context": null,
                  "code": "const device = new device_1.default({\n    name: 'My Testdevice',\n    host: '192.168.178.2',\n    spawn: fake_spawn_1.createFakeSpawn(cp => {\n        cp.onStdIn(() => cp.end());\n        cp.stdout({\n            result: 'success',\n            title: 'My Movie'\n        });\n    })\n});\ndevice.prependOnceListener('update', () => done());",
                  "err": {},
                  "uuid": "74daed59-7b8b-4548-a39e-d4f24d318b2a",
                  "parentUUID": "2b30dc46-40cd-45ec-9729-4cf02f54def6",
                  "isHook": false,
                  "skipped": false
                }
              ],
              "suites": [],
              "passes": [
                "74daed59-7b8b-4548-a39e-d4f24d318b2a"
              ],
              "failures": [],
              "pending": [],
              "skipped": [],
              "duration": 1,
              "root": false,
              "rootEmpty": false,
              "_timeout": 2000
            },
            {
              "uuid": "3589d900-8952-4e2a-8817-b5b74c1e2a49",
              "title": "rawListeners()",
              "fullFile": "/home/runner/work/node-pyatv/node-pyatv/test/device-events.ts",
              "file": "/test/device-events.ts",
              "beforeHooks": [],
              "afterHooks": [],
              "tests": [
                {
                  "title": "should work",
                  "fullTitle": "NodePyATVDeviceEvents rawListeners() should work",
                  "timedOut": false,
                  "duration": 1,
                  "state": "passed",
                  "speed": "fast",
                  "pass": true,
                  "fail": false,
                  "pending": false,
                  "context": null,
                  "code": "const device = new device_1.default({\n    name: 'My Testdevice',\n    host: '192.168.178.2',\n    spawn: fake_spawn_1.createFakeSpawn(cp => {\n        cp.onStdIn(() => cp.end());\n    })\n});\nconst listener = () => {\n    // ignore\n};\nassert_1.default.deepStrictEqual(device.rawListeners('test').length, 0);\ndevice.on('test', listener);\nassert_1.default.deepStrictEqual(device.rawListeners('test').length, 1);\nassert_1.default.deepStrictEqual(device.rawListeners('test')[0], listener);\ndevice.off('test', listener);",
                  "err": {},
                  "uuid": "3b7def2d-455f-45f4-8041-a1c576bea39e",
                  "parentUUID": "3589d900-8952-4e2a-8817-b5b74c1e2a49",
                  "isHook": false,
                  "skipped": false
                }
              ],
              "suites": [],
              "passes": [
                "3b7def2d-455f-45f4-8041-a1c576bea39e"
              ],
              "failures": [],
              "pending": [],
              "skipped": [],
              "duration": 1,
              "root": false,
              "rootEmpty": false,
              "_timeout": 2000
            },
            {
              "uuid": "628126dd-a04f-4c98-9ec8-59507b700f6a",
              "title": "removeListener()",
              "fullFile": "/home/runner/work/node-pyatv/node-pyatv/test/device-events.ts",
              "file": "/test/device-events.ts",
              "beforeHooks": [],
              "afterHooks": [],
              "tests": [
                {
                  "title": "should work without any exceptions",
                  "fullTitle": "NodePyATVDeviceEvents removeListener() should work without any exceptions",
                  "timedOut": false,
                  "duration": 0,
                  "state": "passed",
                  "speed": "fast",
                  "pass": true,
                  "fail": false,
                  "pending": false,
                  "context": null,
                  "code": "return __awaiter(this, void 0, void 0, function* () {\n    const device = new device_1.default({\n        name: 'My Testdevice',\n        host: '192.168.178.2',\n        spawn: fake_spawn_1.createFakeSpawn(cp => {\n            cp.onStdIn(() => cp.end());\n            cp.stdout({\n                result: 'success',\n                title: 'My Movie'\n            });\n        })\n    });\n    const listener = () => {\n        // empty listener\n    };\n    device.addListener('update', listener);\n    assert_1.default.deepStrictEqual(device.listenerCount('update'), 1);\n    device.removeListener('update', listener);\n    assert_1.default.deepStrictEqual(device.listenerCount('update'), 0);\n});",
                  "err": {},
                  "uuid": "18c4e0f0-f008-4c6c-96fb-398c3317b7b6",
                  "parentUUID": "628126dd-a04f-4c98-9ec8-59507b700f6a",
                  "isHook": false,
                  "skipped": false
                }
              ],
              "suites": [],
              "passes": [
                "18c4e0f0-f008-4c6c-96fb-398c3317b7b6"
              ],
              "failures": [],
              "pending": [],
              "skipped": [],
              "duration": 0,
              "root": false,
              "rootEmpty": false,
              "_timeout": 2000
            }
          ],
          "passes": [],
          "failures": [],
          "pending": [],
          "skipped": [],
          "duration": 0,
          "root": false,
          "rootEmpty": false,
          "_timeout": 2000
        },
        {
          "uuid": "a3ae6b89-be90-4598-a7f5-c64bbb79ed2d",
          "title": "NodePyATVDevice",
          "fullFile": "/home/runner/work/node-pyatv/node-pyatv/test/device.ts",
          "file": "/test/device.ts",
          "beforeHooks": [],
          "afterHooks": [],
          "tests": [],
          "suites": [
            {
              "uuid": "e7e53e90-7458-47ea-b65d-c5d10dfca782",
              "title": "get name()",
              "fullFile": "/home/runner/work/node-pyatv/node-pyatv/test/device.ts",
              "file": "/test/device.ts",
              "beforeHooks": [],
              "afterHooks": [],
              "tests": [
                {
                  "title": "should return the name",
                  "fullTitle": "NodePyATVDevice get name() should return the name",
                  "timedOut": false,
                  "duration": 0,
                  "state": "passed",
                  "speed": "fast",
                  "pass": true,
                  "fail": false,
                  "pending": false,
                  "context": null,
                  "code": "const device = new device_1.default({\n    name: 'My Testdevice',\n    host: '192.168.178.2'\n});\nassert_1.default.strictEqual(device.name, 'My Testdevice');",
                  "err": {},
                  "uuid": "3beaa64e-884a-440c-885d-da8213d3892e",
                  "parentUUID": "e7e53e90-7458-47ea-b65d-c5d10dfca782",
                  "isHook": false,
                  "skipped": false
                }
              ],
              "suites": [],
              "passes": [
                "3beaa64e-884a-440c-885d-da8213d3892e"
              ],
              "failures": [],
              "pending": [],
              "skipped": [],
              "duration": 0,
              "root": false,
              "rootEmpty": false,
              "_timeout": 2000
            },
            {
              "uuid": "78ee679e-942e-45a3-9525-b16170333997",
              "title": "get host()",
              "fullFile": "/home/runner/work/node-pyatv/node-pyatv/test/device.ts",
              "file": "/test/device.ts",
              "beforeHooks": [],
              "afterHooks": [],
              "tests": [
                {
                  "title": "should return the host",
                  "fullTitle": "NodePyATVDevice get host() should return the host",
                  "timedOut": false,
                  "duration": 0,
                  "state": "passed",
                  "speed": "fast",
                  "pass": true,
                  "fail": false,
                  "pending": false,
                  "context": null,
                  "code": "const device = new device_1.default({\n    name: 'My Testdevice',\n    host: '192.168.178.2'\n});\nassert_1.default.strictEqual(device.host, '192.168.178.2');",
                  "err": {},
                  "uuid": "4e49280c-96a1-464a-8a9f-4eb20d6f9b48",
                  "parentUUID": "78ee679e-942e-45a3-9525-b16170333997",
                  "isHook": false,
                  "skipped": false
                }
              ],
              "suites": [],
              "passes": [
                "4e49280c-96a1-464a-8a9f-4eb20d6f9b48"
              ],
              "failures": [],
              "pending": [],
              "skipped": [],
              "duration": 0,
              "root": false,
              "rootEmpty": false,
              "_timeout": 2000
            },
            {
              "uuid": "a88004d9-ca0d-4697-b4c8-824b0959d039",
              "title": "get id()",
              "fullFile": "/home/runner/work/node-pyatv/node-pyatv/test/device.ts",
              "file": "/test/device.ts",
              "beforeHooks": [],
              "afterHooks": [],
              "tests": [
                {
                  "title": "should return the id",
                  "fullTitle": "NodePyATVDevice get id() should return the id",
                  "timedOut": false,
                  "duration": 0,
                  "state": "passed",
                  "speed": "fast",
                  "pass": true,
                  "fail": false,
                  "pending": false,
                  "context": null,
                  "code": "const device = new device_1.default({\n    name: 'My Testdevice',\n    host: '192.168.178.2',\n    id: '*****'\n});\nassert_1.default.strictEqual(device.id, '*****');",
                  "err": {},
                  "uuid": "b44f3fe3-d964-46ee-94a8-75f37f2b5f4f",
                  "parentUUID": "a88004d9-ca0d-4697-b4c8-824b0959d039",
                  "isHook": false,
                  "skipped": false
                }
              ],
              "suites": [],
              "passes": [
                "b44f3fe3-d964-46ee-94a8-75f37f2b5f4f"
              ],
              "failures": [],
              "pending": [],
              "skipped": [],
              "duration": 0,
              "root": false,
              "rootEmpty": false,
              "_timeout": 2000
            },
            {
              "uuid": "f6ecf51e-0fa5-496a-8b54-099731aefcbb",
              "title": "get protocol()",
              "fullFile": "/home/runner/work/node-pyatv/node-pyatv/test/device.ts",
              "file": "/test/device.ts",
              "beforeHooks": [],
              "afterHooks": [],
              "tests": [
                {
                  "title": "should return the protocol",
                  "fullTitle": "NodePyATVDevice get protocol() should return the protocol",
                  "timedOut": false,
                  "duration": 0,
                  "state": "passed",
                  "speed": "fast",
                  "pass": true,
                  "fail": false,
                  "pending": false,
                  "context": null,
                  "code": "const device = new device_1.default({\n    name: 'My Testdevice',\n    host: '192.168.178.2',\n    protocol: types_1.NodePyATVProtocol.airplay\n});\nassert_1.default.strictEqual(device.protocol, types_1.NodePyATVProtocol.airplay);",
                  "err": {},
                  "uuid": "1e48595c-9479-4a77-8f0d-32c78e3613f7",
                  "parentUUID": "f6ecf51e-0fa5-496a-8b54-099731aefcbb",
                  "isHook": false,
                  "skipped": false
                }
              ],
              "suites": [],
              "passes": [
                "1e48595c-9479-4a77-8f0d-32c78e3613f7"
              ],
              "failures": [],
              "pending": [],
              "skipped": [],
              "duration": 0,
              "root": false,
              "rootEmpty": false,
              "_timeout": 2000
            },
            {
              "uuid": "c1c3ec7e-7eab-4d92-b1b7-c2c3d6bea53b",
              "title": "get debug()",
              "fullFile": "/home/runner/work/node-pyatv/node-pyatv/test/device.ts",
              "file": "/test/device.ts",
              "beforeHooks": [],
              "afterHooks": [],
              "tests": [
                {
                  "title": "should return true if set to true",
                  "fullTitle": "NodePyATVDevice get debug() should return true if set to true",
                  "timedOut": false,
                  "duration": 0,
                  "state": "passed",
                  "speed": "fast",
                  "pass": true,
                  "fail": false,
                  "pending": false,
                  "context": null,
                  "code": "const device = new device_1.default({\n    name: 'My Testdevice',\n    host: '192.168.178.2',\n    debug: true\n});\nassert_1.default.strictEqual(device.debug, true);",
                  "err": {},
                  "uuid": "416f5a1e-136d-4039-a202-0968c91523fa",
                  "parentUUID": "c1c3ec7e-7eab-4d92-b1b7-c2c3d6bea53b",
                  "isHook": false,
                  "skipped": false
                },
                {
                  "title": "should return fn if set to custom function",
                  "fullTitle": "NodePyATVDevice get debug() should return fn if set to custom function",
                  "timedOut": false,
                  "duration": 1,
                  "state": "passed",
                  "speed": "fast",
                  "pass": true,
                  "fail": false,
                  "pending": false,
                  "context": null,
                  "code": "// eslint-disable-next-line @typescript-eslint/no-empty-function\nconst fn = () => {\n};\nconst device = new device_1.default({\n    name: 'My Testdevice',\n    host: '192.168.178.2',\n    debug: fn\n});\nassert_1.default.strictEqual(device.debug, fn);",
                  "err": {},
                  "uuid": "e9747d02-c38f-402d-8724-f6e9c44f5e43",
                  "parentUUID": "c1c3ec7e-7eab-4d92-b1b7-c2c3d6bea53b",
                  "isHook": false,
                  "skipped": false
                },
                {
                  "title": "should return false if unset",
                  "fullTitle": "NodePyATVDevice get debug() should return false if unset",
                  "timedOut": false,
                  "duration": 0,
                  "state": "passed",
                  "speed": "fast",
                  "pass": true,
                  "fail": false,
                  "pending": false,
                  "context": null,
                  "code": "const device = new device_1.default({\n    name: 'My Testdevice',\n    host: '192.168.178.2'\n});\nassert_1.default.strictEqual(device.debug, undefined);",
                  "err": {},
                  "uuid": "f100154f-f847-419b-b488-226187e66dd6",
                  "parentUUID": "c1c3ec7e-7eab-4d92-b1b7-c2c3d6bea53b",
                  "isHook": false,
                  "skipped": false
                }
              ],
              "suites": [],
              "passes": [
                "416f5a1e-136d-4039-a202-0968c91523fa",
                "e9747d02-c38f-402d-8724-f6e9c44f5e43",
                "f100154f-f847-419b-b488-226187e66dd6"
              ],
              "failures": [],
              "pending": [],
              "skipped": [],
              "duration": 1,
              "root": false,
              "rootEmpty": false,
              "_timeout": 2000
            },
            {
              "uuid": "b5164324-8c66-4293-8770-db921c6f78c3",
              "title": "set debug()",
              "fullFile": "/home/runner/work/node-pyatv/node-pyatv/test/device.ts",
              "file": "/test/device.ts",
              "beforeHooks": [],
              "afterHooks": [],
              "tests": [
                {
                  "title": "should work for debug = true",
                  "fullTitle": "NodePyATVDevice set debug() should work for debug = true",
                  "timedOut": false,
                  "duration": 0,
                  "state": "passed",
                  "speed": "fast",
                  "pass": true,
                  "fail": false,
                  "pending": false,
                  "context": null,
                  "code": "const device = new device_1.default({\n    name: 'My Testdevice',\n    host: '192.168.178.2'\n});\nassert_1.default.strictEqual(device.debug, undefined);\ndevice.debug = true;\nassert_1.default.strictEqual(device.debug, true);",
                  "err": {},
                  "uuid": "31bcb1ef-1241-4b7f-8d66-0f593c4c9754",
                  "parentUUID": "b5164324-8c66-4293-8770-db921c6f78c3",
                  "isHook": false,
                  "skipped": false
                },
                {
                  "title": "should work for debug = undefined",
                  "fullTitle": "NodePyATVDevice set debug() should work for debug = undefined",
                  "timedOut": false,
                  "duration": 0,
                  "state": "passed",
                  "speed": "fast",
                  "pass": true,
                  "fail": false,
                  "pending": false,
                  "context": null,
                  "code": "const device = new device_1.default({\n    name: 'My Testdevice',\n    host: '192.168.178.2',\n    debug: true\n});\nassert_1.default.strictEqual(device.debug, true);\ndevice.debug = undefined;\nassert_1.default.strictEqual(device.debug, undefined);",
                  "err": {},
                  "uuid": "30b9cc09-34a3-4199-bf52-71cd518ac561",
                  "parentUUID": "b5164324-8c66-4293-8770-db921c6f78c3",
                  "isHook": false,
                  "skipped": false
                },
                {
                  "title": "should work for debug = undefined",
                  "fullTitle": "NodePyATVDevice set debug() should work for debug = undefined",
                  "timedOut": false,
                  "duration": 0,
                  "state": "passed",
                  "speed": "fast",
                  "pass": true,
                  "fail": false,
                  "pending": false,
                  "context": null,
                  "code": "const device = new device_1.default({\n    name: 'My Testdevice',\n    host: '192.168.178.2',\n    debug: true\n});\nassert_1.default.strictEqual(device.debug, true);\ndevice.debug = undefined;\nassert_1.default.strictEqual(device.debug, undefined);",
                  "err": {},
                  "uuid": "a560c70e-2062-4db7-9a01-ca98d1b9292b",
                  "parentUUID": "b5164324-8c66-4293-8770-db921c6f78c3",
                  "isHook": false,
                  "skipped": false
                },
                {
                  "title": "should work for debug = fn",
                  "fullTitle": "NodePyATVDevice set debug() should work for debug = fn",
                  "timedOut": false,
                  "duration": 0,
                  "state": "passed",
                  "speed": "fast",
                  "pass": true,
                  "fail": false,
                  "pending": false,
                  "context": null,
                  "code": "const device = new device_1.default({\n    name: 'My Testdevice',\n    host: '192.168.178.2'\n});\n// eslint-disable-next-line @typescript-eslint/no-empty-function\nconst fn = () => {\n};\nassert_1.default.strictEqual(device.debug, undefined);\ndevice.debug = fn;\nassert_1.default.strictEqual(device.debug, fn);",
                  "err": {},
                  "uuid": "c8b5df3b-d0d9-498a-a38c-d90f71cc0b08",
                  "parentUUID": "b5164324-8c66-4293-8770-db921c6f78c3",
                  "isHook": false,
                  "skipped": false
                }
              ],
              "suites": [],
              "passes": [
                "31bcb1ef-1241-4b7f-8d66-0f593c4c9754",
                "30b9cc09-34a3-4199-bf52-71cd518ac561",
                "a560c70e-2062-4db7-9a01-ca98d1b9292b",
                "c8b5df3b-d0d9-498a-a38c-d90f71cc0b08"
              ],
              "failures": [],
              "pending": [],
              "skipped": [],
              "duration": 0,
              "root": false,
              "rootEmpty": false,
              "_timeout": 2000
            },
            {
              "uuid": "da2465d4-8955-4d96-a651-cba226b1162a",
              "title": "toJSON()",
              "fullFile": "/home/runner/work/node-pyatv/node-pyatv/test/device.ts",
              "file": "/test/device.ts",
              "beforeHooks": [],
              "afterHooks": [],
              "tests": [
                {
                  "title": "should return a object representation",
                  "fullTitle": "NodePyATVDevice toJSON() should return a object representation",
                  "timedOut": false,
                  "duration": 0,
                  "state": "passed",
                  "speed": "fast",
                  "pass": true,
                  "fail": false,
                  "pending": false,
                  "context": null,
                  "code": "const device = new device_1.default({\n    name: 'My Testdevice',\n    host: '192.168.178.2',\n    id: '*****',\n    protocol: types_1.NodePyATVProtocol.airplay\n});\nassert_1.default.deepEqual(device.toJSON(), {\n    name: 'My Testdevice',\n    host: '192.168.178.2',\n    id: '*****',\n    protocol: types_1.NodePyATVProtocol.airplay\n});",
                  "err": {},
                  "uuid": "899b1602-edc5-4e3c-bc77-8e5aff7cb95c",
                  "parentUUID": "da2465d4-8955-4d96-a651-cba226b1162a",
                  "isHook": false,
                  "skipped": false
                },
                {
                  "title": "should be possible to create a new device from this",
                  "fullTitle": "NodePyATVDevice toJSON() should be possible to create a new device from this",
                  "timedOut": false,
                  "duration": 0,
                  "state": "passed",
                  "speed": "fast",
                  "pass": true,
                  "fail": false,
                  "pending": false,
                  "context": null,
                  "code": "const config = {\n    name: 'My Testdevice',\n    host: '192.168.178.2',\n    id: '*****',\n    protocol: types_1.NodePyATVProtocol.airplay\n};\nconst deviceA = new device_1.default(config);\nconst deviceB = new device_1.default(deviceA.toJSON());\nassert_1.default.deepEqual(deviceB.toJSON(), config);",
                  "err": {},
                  "uuid": "57c2a36c-460c-4ea3-a0c2-6b65084bac44",
                  "parentUUID": "da2465d4-8955-4d96-a651-cba226b1162a",
                  "isHook": false,
                  "skipped": false
                }
              ],
              "suites": [],
              "passes": [
                "899b1602-edc5-4e3c-bc77-8e5aff7cb95c",
                "57c2a36c-460c-4ea3-a0c2-6b65084bac44"
              ],
              "failures": [],
              "pending": [],
              "skipped": [],
              "duration": 0,
              "root": false,
              "rootEmpty": false,
              "_timeout": 2000
            },
            {
              "uuid": "c7cba3ef-9809-4a89-93b7-d2356ae68765",
              "title": "toString()",
              "fullFile": "/home/runner/work/node-pyatv/node-pyatv/test/device.ts",
              "file": "/test/device.ts",
              "beforeHooks": [],
              "afterHooks": [],
              "tests": [
                {
                  "title": "should work",
                  "fullTitle": "NodePyATVDevice toString() should work",
                  "timedOut": false,
                  "duration": 0,
                  "state": "passed",
                  "speed": "fast",
                  "pass": true,
                  "fail": false,
                  "pending": false,
                  "context": null,
                  "code": "const device = new device_1.default({\n    name: 'My Testdevice',\n    host: '192.168.178.2'\n});\nassert_1.default.strictEqual(device.toString(), 'NodePyATVDevice(My Testdevice, 192.168.178.2)');",
                  "err": {},
                  "uuid": "61d0ed0b-6646-45f4-9f95-81feaa39351d",
                  "parentUUID": "c7cba3ef-9809-4a89-93b7-d2356ae68765",
                  "isHook": false,
                  "skipped": false
                }
              ],
              "suites": [],
              "passes": [
                "61d0ed0b-6646-45f4-9f95-81feaa39351d"
              ],
              "failures": [],
              "pending": [],
              "skipped": [],
              "duration": 0,
              "root": false,
              "rootEmpty": false,
              "_timeout": 2000
            },
            {
              "uuid": "90c9b95c-cf3c-415f-84fc-5ea163fe19c8",
              "title": "getState()",
              "fullFile": "/home/runner/work/node-pyatv/node-pyatv/test/device.ts",
              "file": "/test/device.ts",
              "beforeHooks": [],
              "afterHooks": [],
              "tests": [
                {
                  "title": "should work [I]",
                  "fullTitle": "NodePyATVDevice getState() should work [I]",
                  "timedOut": false,
                  "duration": 0,
                  "state": "pending",
                  "speed": null,
                  "pass": false,
                  "fail": false,
                  "pending": true,
                  "context": null,
                  "code": "",
                  "err": {},
                  "uuid": "4062a725-e2fc-44b5-9fc5-12a28dc9a3a5",
                  "parentUUID": "90c9b95c-cf3c-415f-84fc-5ea163fe19c8",
                  "isHook": false,
                  "skipped": false
                },
                {
                  "title": "should work",
                  "fullTitle": "NodePyATVDevice getState() should work",
                  "timedOut": false,
                  "duration": 2,
                  "state": "passed",
                  "speed": "fast",
                  "pass": true,
                  "fail": false,
                  "pending": false,
                  "context": null,
                  "code": "return __awaiter(this, void 0, void 0, function* () {\n    const device = new device_1.default({\n        name: 'My Testdevice',\n        host: '192.168.178.2',\n        spawn: fake_spawn_1.createFakeSpawn(cp => {\n            cp.end({\n                result: 'success',\n                datetime: '2020-11-07T22:38:43.608030+01:00',\n                hash: '100e0ab6-6ff5-4199-9c04-a7107ff78712',\n                media_type: 'video',\n                device_state: 'playing',\n                title: 'Solo: A Star Wars Story',\n                artist: null,\n                album: null,\n                genre: null,\n                total_time: 8097,\n                position: 27,\n                shuffle: 'off',\n                repeat: 'off',\n                app: 'Disney+',\n                app_id: 'com.disney.disneyplus'\n            });\n        })\n    });\n    const result = yield device.getState();\n    assert_1.default.deepStrictEqual(result, {\n        dateTime: new Date('2020-11-07T22:38:43.608030+01:00'),\n        hash: '100e0ab6-6ff5-4199-9c04-a7107ff78712',\n        mediaType: types_1.NodePyATVMediaType.video,\n        deviceState: types_1.NodePyATVDeviceState.playing,\n        title: 'Solo: A Star Wars Story',\n        artist: null,\n        album: null,\n        genre: null,\n        totalTime: 8097,\n        position: 27,\n        shuffle: types_1.NodePyATVShuffleState.off,\n        repeat: types_1.NodePyATVRepeatState.off,\n        app: 'Disney+',\n        appId: 'com.disney.disneyplus',\n        powerState: null\n    });\n});",
                  "err": {},
                  "uuid": "f5e289af-764c-48b8-bc69-068b260d7874",
                  "parentUUID": "90c9b95c-cf3c-415f-84fc-5ea163fe19c8",
                  "isHook": false,
                  "skipped": false
                },
                {
                  "title": "should cache requests for a bit",
                  "fullTitle": "NodePyATVDevice getState() should cache requests for a bit",
                  "timedOut": false,
                  "duration": 0,
                  "state": "passed",
                  "speed": "fast",
                  "pass": true,
                  "fail": false,
                  "pending": false,
                  "context": null,
                  "code": "return __awaiter(this, void 0, void 0, function* () {\n    let executions = 0;\n    const device = new device_1.default({\n        name: 'My Testdevice',\n        host: '192.168.178.2',\n        spawn: fake_spawn_1.createFakeSpawn(cp => {\n            executions++;\n            cp.end({\n                result: 'success',\n                datetime: new Date().toJSON(),\n                hash: '100e0ab6-6ff5-4199-9c04-a7107ff78712',\n                media_type: 'video',\n                device_state: 'playing',\n                title: 'Solo: A Star Wars Story',\n                artist: null,\n                album: null,\n                genre: null,\n                total_time: 8097,\n                position: 27,\n                shuffle: 'off',\n                repeat: 'off',\n                app: 'Disney+',\n                app_id: 'com.disney.disneyplus'\n            });\n        })\n    });\n    const firstResult = yield device.getState();\n    const secondResult = yield device.getState();\n    assert_1.default.strictEqual(firstResult.dateTime, secondResult.dateTime);\n    assert_1.default.strictEqual(executions, 1);\n});",
                  "err": {},
                  "uuid": "794d3af7-9724-4ddb-aacf-484896f17b97",
                  "parentUUID": "90c9b95c-cf3c-415f-84fc-5ea163fe19c8",
                  "isHook": false,
                  "skipped": false
                },
                {
                  "title": "should update the position if cache was used",
                  "fullTitle": "NodePyATVDevice getState() should update the position if cache was used",
                  "timedOut": false,
                  "duration": 2,
                  "state": "passed",
                  "speed": "fast",
                  "pass": true,
                  "fail": false,
                  "pending": false,
                  "context": null,
                  "code": "return __awaiter(this, void 0, void 0, function* () {\n    const device = new device_1.default({\n        name: 'My Testdevice',\n        host: '192.168.178.2',\n        spawn: fake_spawn_1.createFakeSpawn(cp => {\n            cp.end({\n                result: 'success',\n                datetime: new Date(new Date().getTime() - 1000).toJSON(),\n                hash: '100e0ab6-6ff5-4199-9c04-a7107ff78712',\n                media_type: 'video',\n                device_state: 'playing',\n                title: 'Solo: A Star Wars Story',\n                artist: null,\n                album: null,\n                genre: null,\n                total_time: 8097,\n                position: 27,\n                shuffle: 'off',\n                repeat: 'off',\n                app: 'Disney+',\n                app_id: 'com.disney.disneyplus'\n            });\n        })\n    });\n    const firstResult = yield device.getState();\n    assert_1.default.strictEqual(firstResult.position, 27);\n    const secondResult = yield device.getState();\n    assert_1.default.ok(secondResult.position);\n    assert_1.default.ok(secondResult.position > 27, `Position should be > 27, was ${secondResult.position}`);\n    assert_1.default.ok(secondResult.position < 30, `Position should be > 27, was ${secondResult.position}`);\n});",
                  "err": {},
                  "uuid": "4647607c-3ed1-4d62-b932-c83deda48098",
                  "parentUUID": "90c9b95c-cf3c-415f-84fc-5ea163fe19c8",
                  "isHook": false,
                  "skipped": false
                }
              ],
              "suites": [],
              "passes": [
                "f5e289af-764c-48b8-bc69-068b260d7874",
                "794d3af7-9724-4ddb-aacf-484896f17b97",
                "4647607c-3ed1-4d62-b932-c83deda48098"
              ],
              "failures": [],
              "pending": [
                "4062a725-e2fc-44b5-9fc5-12a28dc9a3a5"
              ],
              "skipped": [],
              "duration": 4,
              "root": false,
              "rootEmpty": false,
              "_timeout": 2000
            },
            {
              "uuid": "8f63c78b-54b7-4310-880d-2a81ef4b0c2b",
              "title": "clearState()",
              "fullFile": "/home/runner/work/node-pyatv/node-pyatv/test/device.ts",
              "file": "/test/device.ts",
              "beforeHooks": [],
              "afterHooks": [],
              "tests": [
                {
                  "title": "should work",
                  "fullTitle": "NodePyATVDevice clearState() should work",
                  "timedOut": false,
                  "duration": 3,
                  "state": "passed",
                  "speed": "fast",
                  "pass": true,
                  "fail": false,
                  "pending": false,
                  "context": null,
                  "code": "return __awaiter(this, void 0, void 0, function* () {\n    let executions = 0;\n    const device = new device_1.default({\n        name: 'My Testdevice',\n        host: '192.168.178.2',\n        spawn: fake_spawn_1.createFakeSpawn(cp => {\n            executions++;\n            cp.end({\n                result: 'success',\n                datetime: '2020-11-07T22:38:43.608030+01:00',\n                title: 'Solo: A Star Wars Story'\n            });\n        })\n    });\n    assert_1.default.deepStrictEqual(yield device.getTitle(), 'Solo: A Star Wars Story');\n    device.clearState();\n    assert_1.default.deepStrictEqual(yield device.getTitle(), 'Solo: A Star Wars Story');\n    assert_1.default.strictEqual(executions, 2);\n});",
                  "err": {},
                  "uuid": "305ee6dd-c249-4e32-af58-b6910de8131d",
                  "parentUUID": "8f63c78b-54b7-4310-880d-2a81ef4b0c2b",
                  "isHook": false,
                  "skipped": false
                }
              ],
              "suites": [],
              "passes": [
                "305ee6dd-c249-4e32-af58-b6910de8131d"
              ],
              "failures": [],
              "pending": [],
              "skipped": [],
              "duration": 3,
              "root": false,
              "rootEmpty": false,
              "_timeout": 2000
            },
            {
              "uuid": "dc1cf585-027f-4662-b044-10332486885b",
              "title": "getDateTime()",
              "fullFile": "/home/runner/work/node-pyatv/node-pyatv/test/device.ts",
              "file": "/test/device.ts",
              "beforeHooks": [],
              "afterHooks": [],
              "tests": [
                {
                  "title": "should work",
                  "fullTitle": "NodePyATVDevice getDateTime() should work",
                  "timedOut": false,
                  "duration": 2,
                  "state": "passed",
                  "speed": "fast",
                  "pass": true,
                  "fail": false,
                  "pending": false,
                  "context": null,
                  "code": "return __awaiter(this, void 0, void 0, function* () {\n    const device = new device_1.default({\n        name: 'My Testdevice',\n        host: '192.168.178.2',\n        spawn: fake_spawn_1.createFakeSpawn(cp => {\n            cp.end({\n                result: 'success',\n                datetime: new Date().toJSON()\n            });\n        })\n    });\n    const result = yield device.getDateTime();\n    assert_1.default.ok(result instanceof Date);\n});",
                  "err": {},
                  "uuid": "98c94c8d-76d2-4be5-b2d1-89bc3b70b3a3",
                  "parentUUID": "dc1cf585-027f-4662-b044-10332486885b",
                  "isHook": false,
                  "skipped": false
                }
              ],
              "suites": [],
              "passes": [
                "98c94c8d-76d2-4be5-b2d1-89bc3b70b3a3"
              ],
              "failures": [],
              "pending": [],
              "skipped": [],
              "duration": 2,
              "root": false,
              "rootEmpty": false,
              "_timeout": 2000
            },
            {
              "uuid": "80c7130f-96d7-4535-8ed6-22668a3caafb",
              "title": "getHash()",
              "fullFile": "/home/runner/work/node-pyatv/node-pyatv/test/device.ts",
              "file": "/test/device.ts",
              "beforeHooks": [],
              "afterHooks": [],
              "tests": [
                {
                  "title": "should work",
                  "fullTitle": "NodePyATVDevice getHash() should work",
                  "timedOut": false,
                  "duration": 2,
                  "state": "passed",
                  "speed": "fast",
                  "pass": true,
                  "fail": false,
                  "pending": false,
                  "context": null,
                  "code": "return __awaiter(this, void 0, void 0, function* () {\n    const device = new device_1.default({\n        name: 'My Testdevice',\n        host: '192.168.178.2',\n        spawn: fake_spawn_1.createFakeSpawn(cp => {\n            cp.end({\n                result: 'success',\n                hash: '12345'\n            });\n        })\n    });\n    const result = yield device.getHash();\n    assert_1.default.strictEqual(result, '12345');\n});",
                  "err": {},
                  "uuid": "2a36cea7-61d9-4a3f-87a4-c45046e35b43",
                  "parentUUID": "80c7130f-96d7-4535-8ed6-22668a3caafb",
                  "isHook": false,
                  "skipped": false
                }
              ],
              "suites": [],
              "passes": [
                "2a36cea7-61d9-4a3f-87a4-c45046e35b43"
              ],
              "failures": [],
              "pending": [],
              "skipped": [],
              "duration": 2,
              "root": false,
              "rootEmpty": false,
              "_timeout": 2000
            },
            {
              "uuid": "c61dcbf5-4318-4fe4-a31c-1c61bdea0570",
              "title": "getMediaType()",
[...]
                  "parentUUID": "8c99deda-0839-4f63-8ba4-6ff05471650d",
                  "isHook": false,
                  "skipped": false
                },
                {
                  "title": "should work with custom logger and colors disabled",
                  "fullTitle": "Tools debug() should work with custom logger and colors disabled",
                  "timedOut": false,
                  "duration": 0,
                  "state": "passed",
                  "speed": "fast",
                  "pass": true,
                  "fail": false,
                  "pending": false,
                  "context": null,
                  "code": "tools_1.debug('TEST', 'Hello World.', {\n    noColors: true,\n    debug: function (msg) {\n        assert_1.default.strictEqual(this, null);\n        assert_1.default.strictEqual(msg, '[node-pyatv][TEST] Hello World.');\n    }\n});",
                  "err": {},
                  "uuid": "65202ac8-3b29-4445-a8f0-d3558ebe2f51",
                  "parentUUID": "8c99deda-0839-4f63-8ba4-6ff05471650d",
                  "isHook": false,
                  "skipped": false
                }
              ],
              "suites": [],
              "passes": [
                "3300d3a6-c533-4c8c-b8cd-908639f89717",
                "a64987ba-c95e-46dd-a8b4-a7c7f0454643",
                "65007053-d132-4d9d-9f56-dab04875dab4",
                "ebdc79aa-6895-4415-a1fb-619176225c69",
                "65202ac8-3b29-4445-a8f0-d3558ebe2f51"
              ],
              "failures": [],
              "pending": [],
              "skipped": [],
              "duration": 0,
              "root": false,
              "rootEmpty": false,
              "_timeout": 2000
            },
            {
              "uuid": "13938b62-9bde-478a-8a05-09b5ce69d6d9",
              "title": "getExecutable()",
              "fullFile": "/home/runner/work/node-pyatv/node-pyatv/test/tools.ts",
              "file": "/test/tools.ts",
              "beforeHooks": [],
              "afterHooks": [],
              "tests": [
                {
                  "title": "should handle atvremotePath if set",
                  "fullTitle": "Tools getExecutable() should handle atvremotePath if set",
                  "timedOut": false,
                  "duration": 0,
                  "state": "passed",
                  "speed": "fast",
                  "pass": true,
                  "fail": false,
                  "pending": false,
                  "context": null,
                  "code": "const result = tools_1.getExecutable(types_1.NodePyATVExecutableType.atvremote, {\n    atvremotePath: '/tmp/1',\n    atvscriptPath: '/tmp/2'\n});\nassert_1.default.strictEqual(result, '/tmp/1');",
                  "err": {},
                  "uuid": "3ee7b2b1-df38-4484-b87d-2fba48024bd8",
                  "parentUUID": "13938b62-9bde-478a-8a05-09b5ce69d6d9",
                  "isHook": false,
                  "skipped": false
                },
                {
                  "title": "should handle atvscriptPath if set",
                  "fullTitle": "Tools getExecutable() should handle atvscriptPath if set",
                  "timedOut": false,
                  "duration": 0,
                  "state": "passed",
                  "speed": "fast",
                  "pass": true,
                  "fail": false,
                  "pending": false,
                  "context": null,
                  "code": "const result = tools_1.getExecutable(types_1.NodePyATVExecutableType.atvscript, {\n    atvremotePath: '/tmp/1',\n    atvscriptPath: '/tmp/2'\n});\nassert_1.default.strictEqual(result, '/tmp/2');",
                  "err": {},
                  "uuid": "38aeff93-f6b7-4570-b5e4-df604acd3e5c",
                  "parentUUID": "13938b62-9bde-478a-8a05-09b5ce69d6d9",
                  "isHook": false,
                  "skipped": false
                },
                {
                  "title": "should handle default for atvremote",
                  "fullTitle": "Tools getExecutable() should handle default for atvremote",
                  "timedOut": false,
                  "duration": 0,
                  "state": "passed",
                  "speed": "fast",
                  "pass": true,
                  "fail": false,
                  "pending": false,
                  "context": null,
                  "code": "const result = tools_1.getExecutable(types_1.NodePyATVExecutableType.atvremote, {\n    atvscriptPath: '/tmp'\n});\nassert_1.default.strictEqual(result, 'atvremote');",
                  "err": {},
                  "uuid": "072c7df2-088c-4ca9-98e9-e50ac05ffbf5",
                  "parentUUID": "13938b62-9bde-478a-8a05-09b5ce69d6d9",
                  "isHook": false,
                  "skipped": false
                },
                {
                  "title": "should handle default for atvscript",
                  "fullTitle": "Tools getExecutable() should handle default for atvscript",
                  "timedOut": false,
                  "duration": 0,
                  "state": "passed",
                  "speed": "fast",
                  "pass": true,
                  "fail": false,
                  "pending": false,
                  "context": null,
                  "code": "const result = tools_1.getExecutable(types_1.NodePyATVExecutableType.atvscript, {\n    atvremotePath: '/tmp'\n});\nassert_1.default.strictEqual(result, 'atvscript');",
                  "err": {},
                  "uuid": "fb59a4e6-91e1-47e0-a64c-cccb3c8eb10f",
                  "parentUUID": "13938b62-9bde-478a-8a05-09b5ce69d6d9",
                  "isHook": false,
                  "skipped": false
                }
              ],
              "suites": [],
              "passes": [
                "3ee7b2b1-df38-4484-b87d-2fba48024bd8",
                "38aeff93-f6b7-4570-b5e4-df604acd3e5c",
                "072c7df2-088c-4ca9-98e9-e50ac05ffbf5",
                "fb59a4e6-91e1-47e0-a64c-cccb3c8eb10f"
              ],
              "failures": [],
              "pending": [],
              "skipped": [],
              "duration": 0,
              "root": false,
              "rootEmpty": false,
              "_timeout": 2000
            },
            {
              "uuid": "68426714-bed0-40b3-b951-10f5456c1309",
              "title": "getParameters()",
              "fullFile": "/home/runner/work/node-pyatv/node-pyatv/test/tools.ts",
              "file": "/test/tools.ts",
              "beforeHooks": [],
              "afterHooks": [],
              "tests": [
                {
                  "title": "empty case",
                  "fullTitle": "Tools getParameters() empty case",
                  "timedOut": false,
                  "duration": 0,
                  "state": "passed",
                  "speed": "fast",
                  "pass": true,
                  "fail": false,
                  "pending": false,
                  "context": null,
                  "code": "return __awaiter(this, void 0, void 0, function* () {\n    const result = yield tools_1.getParamters();\n    assert_1.default.deepEqual(result, []);\n});",
                  "err": {},
                  "uuid": "81784fe5-21e4-4f05-ae5a-e60c590dd6cb",
                  "parentUUID": "68426714-bed0-40b3-b951-10f5456c1309",
                  "isHook": false,
                  "skipped": false
                },
                {
                  "title": "easy case",
                  "fullTitle": "Tools getParameters() easy case",
                  "timedOut": false,
                  "duration": 1,
                  "state": "passed",
                  "speed": "fast",
                  "pass": true,
                  "fail": false,
                  "pending": false,
                  "context": null,
                  "code": "return __awaiter(this, void 0, void 0, function* () {\n    const result = yield tools_1.getParamters({\n        host: '192.168.178.2'\n    });\n    assert_1.default.deepEqual(result, ['-s', '192.168.178.2']);\n});",
                  "err": {},
                  "uuid": "668528a5-4329-4f61-884b-f25cb3f2b8ac",
                  "parentUUID": "68426714-bed0-40b3-b951-10f5456c1309",
                  "isHook": false,
                  "skipped": false
                },
                {
                  "title": "full case",
                  "fullTitle": "Tools getParameters() full case",
                  "timedOut": false,
                  "duration": 0,
                  "state": "passed",
                  "speed": "fast",
                  "pass": true,
                  "fail": false,
                  "pending": false,
                  "context": null,
                  "code": "return __awaiter(this, void 0, void 0, function* () {\n    const result = yield tools_1.getParamters({\n        hosts: ['192.168.178.2', '192.168.178.3'],\n        id: '****',\n        protocol: types_1.NodePyATVProtocol.mrp,\n        dmapCredentials: '****',\n        mrpCredentials: '****',\n        airplayCredentials: '****'\n    });\n    assert_1.default.deepEqual(result, [\n        '-s', '192.168.178.2,192.168.178.3',\n        '-i', '****',\n        '--protocol', 'mrp',\n        '--dmap-credentials', '****',\n        '--mrp-credentials', '****',\n        '--airplay-credentials', '****'\n    ]);\n});",
                  "err": {},
                  "uuid": "82b8b3df-f3db-4969-8240-e062dcc35920",
                  "parentUUID": "68426714-bed0-40b3-b951-10f5456c1309",
                  "isHook": false,
                  "skipped": false
                }
              ],
              "suites": [],
              "passes": [
                "81784fe5-21e4-4f05-ae5a-e60c590dd6cb",
                "668528a5-4329-4f61-884b-f25cb3f2b8ac",
                "82b8b3df-f3db-4969-8240-e062dcc35920"
              ],
              "failures": [],
              "pending": [],
              "skipped": [],
              "duration": 1,
              "root": false,
              "rootEmpty": false,
              "_timeout": 2000
            },
            {
              "uuid": "69b573a8-7ed5-4f53-8928-fdb0c923f0f8",
              "title": "parseState()",
              "fullFile": "/home/runner/work/node-pyatv/node-pyatv/test/tools.ts",
              "file": "/test/tools.ts",
              "beforeHooks": [],
              "afterHooks": [],
              "tests": [
                {
                  "title": "should work with empty data",
                  "fullTitle": "Tools parseState() should work with empty data",
                  "timedOut": false,
                  "duration": 0,
                  "state": "passed",
                  "speed": "fast",
                  "pass": true,
                  "fail": false,
                  "pending": false,
                  "context": null,
                  "code": "const input = {};\nconst result = tools_1.parseState(input, '', {});\nassert_1.default.deepStrictEqual(result, {\n    dateTime: null,\n    hash: null,\n    mediaType: null,\n    deviceState: null,\n    title: null,\n    artist: null,\n    album: null,\n    genre: null,\n    totalTime: null,\n    position: null,\n    shuffle: null,\n    repeat: null,\n    app: null,\n    appId: null,\n    powerState: null\n});",
                  "err": {},
                  "uuid": "fc98c9e6-bc69-442d-8e5e-991a14462758",
                  "parentUUID": "69b573a8-7ed5-4f53-8928-fdb0c923f0f8",
                  "isHook": false,
                  "skipped": false
                },
                {
                  "title": "should work without data",
                  "fullTitle": "Tools parseState() should work without data",
                  "timedOut": false,
                  "duration": 0,
                  "state": "passed",
                  "speed": "fast",
                  "pass": true,
                  "fail": false,
                  "pending": false,
                  "context": null,
                  "code": "// @ts-ignore\nconst result = tools_1.parseState(null, '', {});\nassert_1.default.deepStrictEqual(result, {\n    dateTime: null,\n    hash: null,\n    mediaType: null,\n    deviceState: null,\n    title: null,\n    artist: null,\n    album: null,\n    genre: null,\n    totalTime: null,\n    position: null,\n    shuffle: null,\n    repeat: null,\n    app: null,\n    appId: null,\n    powerState: null\n});",
                  "err": {},
                  "uuid": "e3c72feb-37a1-4a49-bee3-759d06654561",
                  "parentUUID": "69b573a8-7ed5-4f53-8928-fdb0c923f0f8",
                  "isHook": false,
                  "skipped": false
                },
                {
                  "title": "should work with example data",
                  "fullTitle": "Tools parseState() should work with example data",
                  "timedOut": false,
                  "duration": 0,
                  "state": "passed",
                  "speed": "fast",
                  "pass": true,
                  "fail": false,
                  "pending": false,
                  "context": null,
                  "code": "const input = {\n    result: 'success',\n    datetime: '2020-11-07T22:38:43.608030+01:00',\n    hash: '100e0ab6-6ff5-4199-9c04-a7107ff78712',\n    media_type: 'video',\n    device_state: 'playing',\n    title: 'Solo: A Star Wars Story',\n    artist: null,\n    album: null,\n    genre: null,\n    total_time: 8097,\n    position: 27,\n    shuffle: 'off',\n    repeat: 'off',\n    app: 'Disney+',\n    app_id: 'com.disney.disneyplus',\n    powerState: null\n};\nconst result = tools_1.parseState(input, '', {});\nassert_1.default.deepStrictEqual(result, {\n    dateTime: new Date('2020-11-07T22:38:43.608030+01:00'),\n    hash: '100e0ab6-6ff5-4199-9c04-a7107ff78712',\n    mediaType: types_1.NodePyATVMediaType.video,\n    deviceState: types_1.NodePyATVDeviceState.playing,\n    title: 'Solo: A Star Wars Story',\n    artist: null,\n    album: null,\n    genre: null,\n    totalTime: 8097,\n    position: 27,\n    shuffle: types_1.NodePyATVShuffleState.off,\n    repeat: types_1.NodePyATVRepeatState.off,\n    app: 'Disney+',\n    appId: 'com.disney.disneyplus',\n    powerState: null\n});",
                  "err": {},
                  "uuid": "b7bc7772-6fc6-49d8-9b22-e15e60e2bce5",
                  "parentUUID": "69b573a8-7ed5-4f53-8928-fdb0c923f0f8",
                  "isHook": false,
                  "skipped": false
                },
                {
                  "title": "should ignore date if it's an invalid date",
                  "fullTitle": "Tools parseState() should ignore date if it's an invalid date",
                  "timedOut": false,
                  "duration": 0,
                  "state": "passed",
                  "speed": "fast",
                  "pass": true,
                  "fail": false,
                  "pending": false,
                  "context": null,
                  "code": "const input = { datetime: 'today' };\nconst result = tools_1.parseState(input, '', {});\nassert_1.default.deepStrictEqual(result, {\n    dateTime: null,\n    hash: null,\n    mediaType: null,\n    deviceState: null,\n    title: null,\n    artist: null,\n    album: null,\n    genre: null,\n    totalTime: null,\n    position: null,\n    shuffle: null,\n    repeat: null,\n    app: null,\n    appId: null,\n    powerState: null\n});",
                  "err": {},
                  "uuid": "97c1eb41-3677-4e45-9aaf-81445f722b80",
                  "parentUUID": "69b573a8-7ed5-4f53-8928-fdb0c923f0f8",
                  "isHook": false,
                  "skipped": false
                },
                {
                  "title": "should ignore data if unsupported type",
                  "fullTitle": "Tools parseState() should ignore data if unsupported type",
                  "timedOut": false,
                  "duration": 0,
                  "state": "passed",
                  "speed": "fast",
                  "pass": true,
                  "fail": false,
                  "pending": false,
                  "context": null,
                  "code": "const input = {\n    result: 'success',\n    datetime: true,\n    hash: 1337,\n    media_type: false,\n    device_state: 43,\n    title: undefined,\n    artist: 90,\n    album: Infinity,\n    genre: Math.PI,\n    total_time: '23min',\n    position: '0:30.123',\n    shuffle: false,\n    repeat: true,\n    app: 0,\n    app_id: 891645381647289,\n    powerState: null\n};\nconst result = tools_1.parseState(input, '', {});\nassert_1.default.deepStrictEqual(result, {\n    dateTime: null,\n    hash: null,\n    mediaType: null,\n    deviceState: null,\n    title: null,\n    artist: null,\n    album: null,\n    genre: null,\n    totalTime: null,\n    position: null,\n    shuffle: null,\n    repeat: null,\n    app: null,\n    appId: null,\n    powerState: null\n});",
                  "err": {},
                  "uuid": "ce35e669-5a16-4bb8-9df6-a5e75cfcf039",
                  "parentUUID": "69b573a8-7ed5-4f53-8928-fdb0c923f0f8",
                  "isHook": false,
                  "skipped": false
                },
                {
                  "title": "should ignore enums with unsupported valid",
                  "fullTitle": "Tools parseState() should ignore enums with unsupported valid",
                  "timedOut": false,
                  "duration": 0,
                  "state": "passed",
                  "speed": "fast",
                  "pass": true,
                  "fail": false,
                  "pending": false,
                  "context": null,
                  "code": "const input = {\n    media_type: '3d-experience',\n    device_state: 'initiating',\n    shuffle: 'everything',\n    repeat: 'nothing'\n};\nconst result = tools_1.parseState(input, '', {});\nassert_1.default.deepStrictEqual(result, {\n    dateTime: null,\n    hash: null,\n    mediaType: null,\n    deviceState: null,\n    title: null,\n    artist: null,\n    album: null,\n    genre: null,\n    totalTime: null,\n    position: null,\n    shuffle: null,\n    repeat: null,\n    app: null,\n    appId: null,\n    powerState: null\n});",
                  "err": {},
                  "uuid": "6222ece4-cd85-4616-a5b9-6d27d353142b",
                  "parentUUID": "69b573a8-7ed5-4f53-8928-fdb0c923f0f8",
                  "isHook": false,
                  "skipped": false
                }
              ],
              "suites": [],
              "passes": [
                "fc98c9e6-bc69-442d-8e5e-991a14462758",
                "e3c72feb-37a1-4a49-bee3-759d06654561",
                "b7bc7772-6fc6-49d8-9b22-e15e60e2bce5",
                "97c1eb41-3677-4e45-9aaf-81445f722b80",
                "ce35e669-5a16-4bb8-9df6-a5e75cfcf039",
                "6222ece4-cd85-4616-a5b9-6d27d353142b"
              ],
              "failures": [],
              "pending": [],
              "skipped": [],
              "duration": 0,
              "root": false,
              "rootEmpty": false,
              "_timeout": 2000
            }
          ],
          "passes": [],
          "failures": [],
          "pending": [],
          "skipped": [],
          "duration": 0,
          "root": false,
          "rootEmpty": false,
          "_timeout": 2000
        }
      ],
      "passes": [],
      "failures": [],
      "pending": [],
      "skipped": [],
      "duration": 0,
      "root": true,
      "rootEmpty": true,
      "_timeout": 2000
    }
  ],
  "meta": {
    "mocha": {
      "version": "8.4.0"
    },
    "mochawesome": {
      "options": {
        "quiet": false,
        "reportFilename": "mochawesome",
        "saveHtml": true,
        "saveJson": true,
        "consoleReporter": "spec",
        "useInlineDiffs": false,
        "code": true
      },
      "version": "6.2.2"
    },
    "marge": {
      "options": null,
      "version": "5.2.0"
    }
  }
}