{
  "stats": {
    "suites": 102,
    "tests": 174,
    "passes": 172,
    "pending": 2,
    "failures": 0,
    "start": "2025-05-13T21:34:17.769Z",
    "end": "2025-05-13T21:34:29.792Z",
    "duration": 12023,
    "testsRegistered": 174,
    "passPercent": 100,
    "pendingPercent": 1.1494252873563218,
    "other": 0,
    "hasOther": false,
    "skipped": 0,
    "hasSkipped": false
  },
  "results": [
    {
      "uuid": "d28d57fa-ce92-451b-bd2a-8951a8092ba9",
      "title": "",
      "fullFile": "",
      "file": "",
      "beforeHooks": [],
      "afterHooks": [],
      "tests": [],
      "suites": [
        {
          "uuid": "f1590995-df83-465c-b369-9ba271742938",
          "title": "NodePyATVDeviceEvent",
          "fullFile": "/home/runner/work/node-pyatv/node-pyatv/test/device-event.ts",
          "file": "/test/device-event.ts",
          "beforeHooks": [],
          "afterHooks": [],
          "tests": [],
          "suites": [
            {
              "uuid": "e64be821-17a1-4ec6-9642-532ee19e7731",
              "title": "get key()",
              "fullFile": "/home/runner/work/node-pyatv/node-pyatv/test/device-event.ts",
              "file": "/test/device-event.ts",
              "beforeHooks": [],
              "afterHooks": [],
              "tests": [
                {
                  "title": "should work",
                  "fullTitle": "NodePyATVDeviceEvent get key() should work",
                  "timedOut": false,
                  "duration": 1,
                  "state": "passed",
                  "speed": "fast",
                  "pass": true,
                  "fail": false,
                  "pending": false,
                  "context": null,
                  "code": "const event=new NodePyATVDeviceEvent({device:new NodePyATVDevice({host:\"192.168.178.2\",name:\"My Testinstance\"}),key:\"genre\",new:\"Rock\",old:\"Jazz\"});assert.strictEqual(event.key,\"genre\")",
                  "err": {},
                  "uuid": "caaedaf4-4bd7-4725-bb3e-c9ef33373e50",
                  "parentUUID": "e64be821-17a1-4ec6-9642-532ee19e7731",
                  "isHook": false,
                  "skipped": false
                }
              ],
              "suites": [],
              "passes": [
                "caaedaf4-4bd7-4725-bb3e-c9ef33373e50"
              ],
              "failures": [],
              "pending": [],
              "skipped": [],
              "duration": 1,
              "root": false,
              "rootEmpty": false,
              "_timeout": 2000
            },
            {
              "uuid": "038b2b9e-5d53-400f-af61-030ccb8493cb",
              "title": "get oldValue()",
              "fullFile": "/home/runner/work/node-pyatv/node-pyatv/test/device-event.ts",
              "file": "/test/device-event.ts",
              "beforeHooks": [],
              "afterHooks": [],
              "tests": [
                {
                  "title": "should work",
                  "fullTitle": "NodePyATVDeviceEvent get oldValue() should work",
                  "timedOut": false,
                  "duration": 0,
                  "state": "passed",
                  "speed": "fast",
                  "pass": true,
                  "fail": false,
                  "pending": false,
                  "context": null,
                  "code": "const event=new NodePyATVDeviceEvent({device:new NodePyATVDevice({host:\"192.168.178.2\",name:\"My Testinstance\"}),key:\"genre\",new:\"Rock\",old:\"Jazz\"});assert.strictEqual(event.oldValue,\"Jazz\")",
                  "err": {},
                  "uuid": "580d065c-9566-4ad8-8789-314d1a70b294",
                  "parentUUID": "038b2b9e-5d53-400f-af61-030ccb8493cb",
                  "isHook": false,
                  "skipped": false
                }
              ],
              "suites": [],
              "passes": [
                "580d065c-9566-4ad8-8789-314d1a70b294"
              ],
              "failures": [],
              "pending": [],
              "skipped": [],
              "duration": 0,
              "root": false,
              "rootEmpty": false,
              "_timeout": 2000
            },
            {
              "uuid": "f23bebd1-f43a-4991-b839-ed5700889323",
              "title": "get newValue()",
              "fullFile": "/home/runner/work/node-pyatv/node-pyatv/test/device-event.ts",
              "file": "/test/device-event.ts",
              "beforeHooks": [],
              "afterHooks": [],
              "tests": [
                {
                  "title": "should work",
                  "fullTitle": "NodePyATVDeviceEvent get newValue() should work",
                  "timedOut": false,
                  "duration": 0,
                  "state": "passed",
                  "speed": "fast",
                  "pass": true,
                  "fail": false,
                  "pending": false,
                  "context": null,
                  "code": "const event=new NodePyATVDeviceEvent({device:new NodePyATVDevice({host:\"192.168.178.2\",name:\"My Testinstance\"}),key:\"genre\",new:\"Rock\",old:\"Jazz\"});assert.strictEqual(event.newValue,\"Rock\")",
                  "err": {},
                  "uuid": "aeeaa63c-246a-4712-84e3-500b1a71af1e",
                  "parentUUID": "f23bebd1-f43a-4991-b839-ed5700889323",
                  "isHook": false,
                  "skipped": false
                }
              ],
              "suites": [],
              "passes": [
                "aeeaa63c-246a-4712-84e3-500b1a71af1e"
              ],
              "failures": [],
              "pending": [],
              "skipped": [],
              "duration": 0,
              "root": false,
              "rootEmpty": false,
              "_timeout": 2000
            },
            {
              "uuid": "aa2efcd2-424f-4e4e-8b09-e8361b68976c",
              "title": "get value()",
              "fullFile": "/home/runner/work/node-pyatv/node-pyatv/test/device-event.ts",
              "file": "/test/device-event.ts",
              "beforeHooks": [],
              "afterHooks": [],
              "tests": [
                {
                  "title": "should work",
                  "fullTitle": "NodePyATVDeviceEvent get value() should work",
                  "timedOut": false,
                  "duration": 0,
                  "state": "passed",
                  "speed": "fast",
                  "pass": true,
                  "fail": false,
                  "pending": false,
                  "context": null,
                  "code": "const event=new NodePyATVDeviceEvent({device:new NodePyATVDevice({host:\"192.168.178.2\",name:\"My Testinstance\"}),key:\"genre\",new:\"Rock\",old:\"Jazz\"});assert.strictEqual(event.value,\"Rock\")",
                  "err": {},
                  "uuid": "0094d11d-1825-4da4-8222-9498f443e7ba",
                  "parentUUID": "aa2efcd2-424f-4e4e-8b09-e8361b68976c",
                  "isHook": false,
                  "skipped": false
                }
              ],
              "suites": [],
              "passes": [
                "0094d11d-1825-4da4-8222-9498f443e7ba"
              ],
              "failures": [],
              "pending": [],
              "skipped": [],
              "duration": 0,
              "root": false,
              "rootEmpty": false,
              "_timeout": 2000
            },
            {
              "uuid": "c4ef2e2a-c767-4abb-8daf-ba1ae0322b59",
              "title": "get device()",
              "fullFile": "/home/runner/work/node-pyatv/node-pyatv/test/device-event.ts",
              "file": "/test/device-event.ts",
              "beforeHooks": [],
              "afterHooks": [],
              "tests": [
                {
                  "title": "should work",
                  "fullTitle": "NodePyATVDeviceEvent get device() should work",
                  "timedOut": false,
                  "duration": 1,
                  "state": "passed",
                  "speed": "fast",
                  "pass": true,
                  "fail": false,
                  "pending": false,
                  "context": null,
                  "code": "const device=new NodePyATVDevice({host:\"192.168.178.2\",name:\"My Testinstance\"});const event=new NodePyATVDeviceEvent({device,key:\"genre\",new:\"Rock\",old:\"Jazz\"});assert.deepEqual(event.device,device)",
                  "err": {},
                  "uuid": "f6eabc13-0fc2-47ec-a36d-d6c8650f3e80",
                  "parentUUID": "c4ef2e2a-c767-4abb-8daf-ba1ae0322b59",
                  "isHook": false,
                  "skipped": false
                }
              ],
              "suites": [],
              "passes": [
                "f6eabc13-0fc2-47ec-a36d-d6c8650f3e80"
              ],
              "failures": [],
              "pending": [],
              "skipped": [],
              "duration": 1,
              "root": false,
              "rootEmpty": false,
              "_timeout": 2000
            }
          ],
          "passes": [],
          "failures": [],
          "pending": [],
          "skipped": [],
          "duration": 0,
          "root": false,
          "rootEmpty": false,
          "_timeout": 2000
        },
        {
          "uuid": "274855a2-c5e0-4fd2-b23b-07393df264a6",
          "title": "NodePyATVDeviceEvents",
          "fullFile": "/home/runner/work/node-pyatv/node-pyatv/test/device-events.ts",
          "file": "/test/device-events.ts",
          "beforeHooks": [],
          "afterHooks": [],
          "tests": [],
          "suites": [
            {
              "uuid": "94fccdf9-c989-49ec-9566-476362fe08ff",
              "title": "applyStateAndEmitEvents()",
              "fullFile": "/home/runner/work/node-pyatv/node-pyatv/test/device-events.ts",
              "file": "/test/device-events.ts",
              "beforeHooks": [],
              "afterHooks": [],
              "tests": [
                {
                  "title": "should emit update:key event",
                  "fullTitle": "NodePyATVDeviceEvents applyStateAndEmitEvents() should emit update:key event",
                  "timedOut": false,
                  "duration": 2,
                  "state": "passed",
                  "speed": "fast",
                  "pass": true,
                  "fail": false,
                  "pending": false,
                  "context": null,
                  "code": "const device=new NodePyATVDevice({host:\"192.168.178.2\",name:\"My Testdevice\",spawn:createFakeSpawn(cp=>{cp.onStdIn(()=>cp.end());cp.stdout({result:\"success\",title:\"My Movie\"})})});await new Promise(cb=>{device.once(\"update:title\",event=>{assert.ok(event instanceof NodePyATVDeviceEvent);assert.strictEqual(event.key,\"title\");assert.strictEqual(event.oldValue,null);assert.strictEqual(event.newValue,\"My Movie\");assert.strictEqual(event.value,\"My Movie\");assert.deepStrictEqual(event.device,device);cb(void 0)})})",
                  "err": {},
                  "uuid": "1647cbe0-75af-4857-a2d3-15506e3b2de6",
                  "parentUUID": "94fccdf9-c989-49ec-9566-476362fe08ff",
                  "isHook": false,
                  "skipped": false
                },
                {
                  "title": "should emit update event",
                  "fullTitle": "NodePyATVDeviceEvents applyStateAndEmitEvents() should emit update event",
                  "timedOut": false,
                  "duration": 2,
                  "state": "passed",
                  "speed": "fast",
                  "pass": true,
                  "fail": false,
                  "pending": false,
                  "context": null,
                  "code": "const device=new NodePyATVDevice({host:\"192.168.178.2\",name:\"My Testdevice\",spawn:createFakeSpawn(cp=>{cp.onStdIn(()=>cp.end());cp.stdout({result:\"success\",title:\"My Movie\"})})});await new Promise(cb=>{device.once(\"update\",event=>{assert.ok(event instanceof NodePyATVDeviceEvent);assert.strictEqual(event.key,\"title\");assert.strictEqual(event.oldValue,null);assert.strictEqual(event.newValue,\"My Movie\");assert.strictEqual(event.value,\"My Movie\");assert.deepStrictEqual(event.device,device);cb(void 0)})})",
                  "err": {},
                  "uuid": "ecaed42e-d81d-4184-a686-75d4fda96dfa",
                  "parentUUID": "94fccdf9-c989-49ec-9566-476362fe08ff",
                  "isHook": false,
                  "skipped": false
                },
                {
                  "title": "should emit update:key event before update",
                  "fullTitle": "NodePyATVDeviceEvents applyStateAndEmitEvents() should emit update:key event before update",
                  "timedOut": false,
                  "duration": 1,
                  "state": "passed",
                  "speed": "fast",
                  "pass": true,
                  "fail": false,
                  "pending": false,
                  "context": null,
                  "code": "const device=new NodePyATVDevice({host:\"192.168.178.2\",name:\"My Testdevice\",spawn:createFakeSpawn(cp=>{cp.onStdIn(()=>cp.end());cp.stdout({result:\"success\",title:\"My Movie\"})})});const sort=[];await Promise.race([new Promise(cb=>{device.once(\"update\",()=>{sort.push(\"update\");cb(void 0)})}),new Promise(cb=>{device.once(\"update:title\",()=>{sort.push(\"update:title\");cb(void 0)})})]);assert.deepStrictEqual(sort,[\"update:title\",\"update\"])",
                  "err": {},
                  "uuid": "beb1dbd3-8c0d-4d65-82a0-62dba6542790",
                  "parentUUID": "94fccdf9-c989-49ec-9566-476362fe08ff",
                  "isHook": false,
                  "skipped": false
                },
                {
                  "title": "should emit error events on failures",
                  "fullTitle": "NodePyATVDeviceEvents applyStateAndEmitEvents() should emit error events on failures",
                  "timedOut": false,
                  "duration": 1,
                  "state": "passed",
                  "speed": "fast",
                  "pass": true,
                  "fail": false,
                  "pending": false,
                  "context": null,
                  "code": "const device=new NodePyATVDevice({host:\"192.168.178.2\",name:\"My Testdevice\",spawn:createFakeSpawn(cp=>{cp.onStdIn(()=>cp.end());cp.stdout({datetime:\"2021-11-24T21:13:36.424576+03:00\",exception:\"invalid credentials: 321\",result:\"failure\",stacktrace:'Traceback (most recent call last):\\n  File \"/Users/free/Library/Python/3.8/lib/python/site-packages/pyatv/scripts/atvscript.py\", line 302, in appstart\\n    print(args.output(await _handle_command(args, abort_sem, loop)), flush=True)\\n  File \"/Users/free/Library/Python/3.8/lib/python/site-packages/pyatv/scripts/atvscript.py\", line 196, in _handle_command\\n    atv = await connect(config, loop, protocol=Protocol.MRP)\\n  File \"/Users/free/Library/Python/3.8/lib/python/site-packages/pyatv/__init__.py\", line 96, in connect\\n    for setup_data in proto_methods.setup(\\n  File \"/Users/free/Library/Python/3.8/lib/python/site-packages/pyatv/protocols/airplay/__init__.py\", line 192, in setup\\n    stream = AirPlayStream(config, service)\\n  File \"/Users/free/Library/Python/3.8/lib/python/site-packages/pyatv/protocols/airplay/__init__.py\", line 79, in __init__\\n    self._credentials: HapCredentials = parse_credentials(self.service.credentials)\\n  File \"/Users/free/Library/Python/3.8/lib/python/site-packages/pyatv/auth/hap_pairing.py\", line 139, in parse_credentials\\n    raise exceptions.InvalidCredentialsError(\"invalid credentials: \" + detail_string)\\npyatv.exceptions.InvalidCredentialsError: invalid credentials: 321\\n'})})});await new Promise(cb=>{device.once(\"error\",error=>{assert.ok(error instanceof Error);assert.ok(error.toString().includes(\"invalid credentials: 321\"));cb(void 0)})})",
                  "err": {},
                  "uuid": "6541a0de-66ff-480f-bb0f-b74df6d723a2",
                  "parentUUID": "94fccdf9-c989-49ec-9566-476362fe08ff",
                  "isHook": false,
                  "skipped": false
                },
                {
                  "title": "should not emit an update if new value is same as old one",
                  "fullTitle": "NodePyATVDeviceEvents applyStateAndEmitEvents() should not emit an update if new value is same as old one",
                  "timedOut": false,
                  "duration": 3,
                  "state": "passed",
                  "speed": "fast",
                  "pass": true,
                  "fail": false,
                  "pending": false,
                  "context": null,
                  "code": "let spawnCounter=0;let eventCounter=0;const device=new NodePyATVDevice({host:\"192.168.178.2\",name:\"My Testdevice\",spawn:createFakeSpawn(cp=>{if(spawnCounter===0){cp.onStdIn(()=>cp.end())}cp.stdout({result:\"success\",title:\"My Movie\"});spawnCounter++;if(spawnCounter>=2){cp.end()}})});const listener=__name(()=>{eventCounter++},\"listener\");device.on(\"update\",listener);await new Promise(cb=>setTimeout(cb,0));await device.getState();device.off(\"update\",listener);assert.strictEqual(spawnCounter,2);assert.strictEqual(eventCounter,1)",
                  "err": {},
                  "uuid": "4141052f-e36c-4df8-9614-3d88cacbc8a3",
                  "parentUUID": "94fccdf9-c989-49ec-9566-476362fe08ff",
                  "isHook": false,
                  "skipped": false
                },
                {
                  "title": "should emit error event if event listener throws an exception",
                  "fullTitle": "NodePyATVDeviceEvents applyStateAndEmitEvents() should emit error event if event listener throws an exception",
                  "timedOut": false,
                  "duration": 2,
                  "state": "passed",
                  "speed": "fast",
                  "pass": true,
                  "fail": false,
                  "pending": false,
                  "context": null,
                  "code": "const device=new NodePyATVDevice({host:\"192.168.178.2\",name:\"My Testdevice\",spawn:createFakeSpawn(cp=>{cp.onStdIn(()=>cp.end());cp.stdout({result:\"success\",title:\"My Movie\"})})});let callCounter=0;const error=new Error(\"This is an error. Be nice.\");device.once(\"error\",err=>{assert.strictEqual(err,error);callCounter++});const listener=__name(()=>{throw error},\"listener\");device.on(\"update\",listener);await new Promise(cb=>setTimeout(cb,0));device.off(\"update\",listener);assert.strictEqual(callCounter,1)",
                  "err": {},
                  "uuid": "b1414d83-d9f2-4bd8-ab1f-8ebaa435291c",
                  "parentUUID": "94fccdf9-c989-49ec-9566-476362fe08ff",
                  "isHook": false,
                  "skipped": false
                },
                {
                  "title": "should also work with powerState",
                  "fullTitle": "NodePyATVDeviceEvents applyStateAndEmitEvents() should also work with powerState",
                  "timedOut": false,
                  "duration": 2,
                  "state": "passed",
                  "speed": "fast",
                  "pass": true,
                  "fail": false,
                  "pending": false,
                  "context": null,
                  "code": "const device=new NodePyATVDevice({host:\"192.168.178.2\",name:\"My Testdevice\",spawn:createFakeSpawn(cp=>{cp.onStdIn(()=>cp.end());cp.stdout({datetime:new Date().toJSON(),power_state:\"off\",result:\"success\"})})});await new Promise(cb=>{device.once(\"update:powerState\",event=>{assert.ok(event instanceof NodePyATVDeviceEvent);assert.strictEqual(event.key,\"powerState\");assert.strictEqual(event.oldValue,null);assert.strictEqual(event.newValue,\"off\");assert.strictEqual(event.newValue,NodePyATVPowerState.off);assert.strictEqual(event.value,\"off\");assert.strictEqual(event.value,NodePyATVPowerState.off);assert.deepStrictEqual(event.device,device);cb(void 0)})})",
                  "err": {},
                  "uuid": "68994b7e-6b73-49fe-9712-f483175cd40a",
                  "parentUUID": "94fccdf9-c989-49ec-9566-476362fe08ff",
                  "isHook": false,
                  "skipped": false
                },
                {
                  "title": "should only one event for powerState changes",
                  "fullTitle": "NodePyATVDeviceEvents applyStateAndEmitEvents() should only one event for powerState changes",
                  "timedOut": false,
                  "duration": 11,
                  "state": "passed",
                  "speed": "fast",
                  "pass": true,
                  "fail": false,
                  "pending": false,
                  "context": null,
                  "code": "const device=new NodePyATVDevice({host:\"192.168.178.2\",name:\"My Testdevice\",spawn:createFakeSpawn(cp=>{cp.onStdIn(()=>cp.end());cp.stdout({datetime:new Date().toJSON(),power_state:\"off\",result:\"success\"});cp.end()})});let counter=0;device.on(\"update\",event=>{assert.ok(event instanceof NodePyATVDeviceEvent);assert.strictEqual(event.key,\"powerState\");assert.strictEqual(event.oldValue,null);assert.strictEqual(event.newValue,\"off\");assert.strictEqual(event.newValue,NodePyATVPowerState.off);assert.strictEqual(event.value,\"off\");assert.strictEqual(event.value,NodePyATVPowerState.off);assert.deepStrictEqual(event.device,device);counter++});await new Promise(cb=>setTimeout(cb,10));assert.strictEqual(counter,1);device.removeAllListeners(\"update\")",
                  "err": {},
                  "uuid": "08dfeb29-18a3-4afe-88dd-a604ff78deec",
                  "parentUUID": "94fccdf9-c989-49ec-9566-476362fe08ff",
                  "isHook": false,
                  "skipped": false
                },
                {
                  "title": "should only one event for focusState changes",
                  "fullTitle": "NodePyATVDeviceEvents applyStateAndEmitEvents() should only one event for focusState changes",
                  "timedOut": false,
                  "duration": 11,
                  "state": "passed",
                  "speed": "fast",
                  "pass": true,
                  "fail": false,
                  "pending": false,
                  "context": null,
                  "code": "const device=new NodePyATVDevice({host:\"192.168.178.2\",name:\"My Testdevice\",spawn:createFakeSpawn(cp=>{cp.onStdIn(()=>cp.end());cp.stdout({datetime:new Date().toJSON(),focus_state:\"unfocused\",result:\"success\"});cp.end()})});let counter=0;device.on(\"update\",event=>{assert.ok(event instanceof NodePyATVDeviceEvent);assert.strictEqual(event.key,\"focusState\");assert.strictEqual(event.oldValue,null);assert.strictEqual(event.newValue,\"unfocused\");assert.strictEqual(event.newValue,NodePyATVFocusState.unfocused);assert.strictEqual(event.value,\"unfocused\");assert.strictEqual(event.value,NodePyATVFocusState.unfocused);assert.deepStrictEqual(event.device,device);counter++});await new Promise(cb=>setTimeout(cb,10));assert.strictEqual(counter,1);device.removeAllListeners(\"update\")",
                  "err": {},
                  "uuid": "16c8dc98-03be-49f2-a6d2-499997957843",
                  "parentUUID": "94fccdf9-c989-49ec-9566-476362fe08ff",
                  "isHook": false,
                  "skipped": false
                },
                {
                  "title": "should only one event for outputDevices changes",
                  "fullTitle": "NodePyATVDeviceEvents applyStateAndEmitEvents() should only one event for outputDevices changes",
                  "timedOut": false,
                  "duration": 11,
                  "state": "passed",
                  "speed": "fast",
                  "pass": true,
                  "fail": false,
                  "pending": false,
                  "context": null,
                  "code": "const device=new NodePyATVDevice({host:\"192.168.178.2\",name:\"My Testdevice\",spawn:createFakeSpawn(cp=>{cp.onStdIn(()=>cp.end());cp.stdout({datetime:new Date().toJSON(),output_devices:[{identifier:\"AAAAAAAA-BBBB-CCCC-DDDD-EEEEEEEEEEEE\",name:\"Living room\"}],result:\"success\"});cp.end()})});let counter=0;device.on(\"update\",event=>{assert.ok(event instanceof NodePyATVDeviceEvent);assert.strictEqual(event.key,\"outputDevices\");assert.strictEqual(event.oldValue,null);assert.deepStrictEqual(event.newValue,[{identifier:\"AAAAAAAA-BBBB-CCCC-DDDD-EEEEEEEEEEEE\",name:\"Living room\"}]);assert.deepStrictEqual(event.value,[{identifier:\"AAAAAAAA-BBBB-CCCC-DDDD-EEEEEEEEEEEE\",name:\"Living room\"}]);assert.deepStrictEqual(event.device,device);counter++});await new Promise(cb=>setTimeout(cb,10));assert.strictEqual(counter,1);device.removeAllListeners(\"update\")",
                  "err": {},
                  "uuid": "91d40669-4d6c-4d8b-8d62-3e74a64ddc21",
                  "parentUUID": "94fccdf9-c989-49ec-9566-476362fe08ff",
                  "isHook": false,
                  "skipped": false
                },
                {
                  "title": "should only one event for volume changes",
                  "fullTitle": "NodePyATVDeviceEvents applyStateAndEmitEvents() should only one event for volume changes",
                  "timedOut": false,
                  "duration": 10,
                  "state": "passed",
                  "speed": "fast",
                  "pass": true,
                  "fail": false,
                  "pending": false,
                  "context": null,
                  "code": "const device=new NodePyATVDevice({host:\"192.168.178.2\",name:\"My Testdevice\",spawn:createFakeSpawn(cp=>{cp.onStdIn(()=>cp.end());cp.stdout({datetime:new Date().toJSON(),result:\"success\",volume:20});cp.end()})});let counter=0;device.on(\"update\",event=>{assert.ok(event instanceof NodePyATVDeviceEvent);assert.strictEqual(event.key,\"volume\");assert.strictEqual(event.oldValue,null);assert.strictEqual(event.newValue,20);assert.strictEqual(event.value,20);assert.deepStrictEqual(event.device,device);counter++});await new Promise(cb=>setTimeout(cb,10));assert.strictEqual(counter,1);device.removeAllListeners(\"update\")",
                  "err": {},
                  "uuid": "430eff6a-0ded-4057-a42e-f3c037f717e4",
                  "parentUUID": "94fccdf9-c989-49ec-9566-476362fe08ff",
                  "isHook": false,
                  "skipped": false
                },
                {
                  "title": "should not trigger any events for newly added fields",
                  "fullTitle": "NodePyATVDeviceEvents applyStateAndEmitEvents() should not trigger any events for newly added fields",
                  "timedOut": false,
                  "duration": 10,
                  "state": "passed",
                  "speed": "fast",
                  "pass": true,
                  "fail": false,
                  "pending": false,
                  "context": null,
                  "code": "const device=new NodePyATVDevice({host:\"192.168.178.2\",name:\"My Testdevice\",spawn:createFakeSpawn(cp=>{cp.onStdIn(()=>cp.end());cp.stdout({datetime:new Date().toJSON(),foo:\"bar\",result:\"success\"});cp.end()})});device.on(\"update\",event=>{assert.fail(`Got an update event for a new field: ${event}`)});await new Promise(cb=>setTimeout(cb,10));device.removeAllListeners(\"update\")",
                  "err": {},
                  "uuid": "4f194dbc-8cc6-4c40-9b2d-8464275b3d14",
                  "parentUUID": "94fccdf9-c989-49ec-9566-476362fe08ff",
                  "isHook": false,
                  "skipped": false
                }
              ],
              "suites": [],
              "passes": [
                "1647cbe0-75af-4857-a2d3-15506e3b2de6",
                "ecaed42e-d81d-4184-a686-75d4fda96dfa",
                "beb1dbd3-8c0d-4d65-82a0-62dba6542790",
                "6541a0de-66ff-480f-bb0f-b74df6d723a2",
                "4141052f-e36c-4df8-9614-3d88cacbc8a3",
                "b1414d83-d9f2-4bd8-ab1f-8ebaa435291c",
                "68994b7e-6b73-49fe-9712-f483175cd40a",
                "08dfeb29-18a3-4afe-88dd-a604ff78deec",
                "16c8dc98-03be-49f2-a6d2-499997957843",
                "91d40669-4d6c-4d8b-8d62-3e74a64ddc21",
                "430eff6a-0ded-4057-a42e-f3c037f717e4",
                "4f194dbc-8cc6-4c40-9b2d-8464275b3d14"
              ],
              "failures": [],
              "pending": [],
              "skipped": [],
              "duration": 66,
              "root": false,
              "rootEmpty": false,
              "_timeout": 2000
            },
            {
              "uuid": "b50b259d-9ebf-44a3-8046-c55dfe0b3131",
              "title": "start|stopListening()",
              "fullFile": "/home/runner/work/node-pyatv/node-pyatv/test/device-events.ts",
              "file": "/test/device-events.ts",
              "beforeHooks": [],
              "afterHooks": [],
              "tests": [
                {
                  "title": "should emit error if spawn fails",
                  "fullTitle": "NodePyATVDeviceEvents start|stopListening() should emit error if spawn fails",
                  "timedOut": false,
                  "duration": 2,
                  "state": "passed",
                  "speed": "fast",
                  "pass": true,
                  "fail": false,
                  "pending": false,
                  "context": null,
                  "code": "const error=new Error;const device=new NodePyATVDevice({host:\"192.168.178.2\",name:\"My Testdevice\",spawn:createFakeSpawn(cp=>{cp.error(error).end()})});const listener=__name(()=>{},\"listener\");device.on(\"update\",listener);await new Promise(cb=>{device.once(\"error\",err=>{assert.strictEqual(err,error);cb(void 0)})});device.off(\"update\",listener)",
                  "err": {},
                  "uuid": "f979985c-6e76-48bd-9117-2ed219d82473",
                  "parentUUID": "b50b259d-9ebf-44a3-8046-c55dfe0b3131",
                  "isHook": false,
                  "skipped": false
                },
                {
                  "title": "should emit error on stderr data",
                  "fullTitle": "NodePyATVDeviceEvents start|stopListening() should emit error on stderr data",
                  "timedOut": false,
                  "duration": 1,
                  "state": "passed",
                  "speed": "fast",
                  "pass": true,
                  "fail": false,
                  "pending": false,
                  "context": null,
                  "code": "const device=new NodePyATVDevice({host:\"192.168.178.2\",name:\"My Testdevice\",spawn:createFakeSpawn(cp=>{cp.stderr(\"Hello World!\").end()})});const listener=__name(()=>{},\"listener\");device.on(\"update\",listener);await new Promise(cb=>{device.once(\"error\",err=>{assert.ok(err instanceof Error);assert.ok(err.toString().includes(\"Got stderr output from pyatv: Hello World!\"));cb(void 0)})});device.off(\"update\",listener)",
                  "err": {},
                  "uuid": "bf8f7287-b82d-4e44-a6d5-a99a441c62df",
                  "parentUUID": "b50b259d-9ebf-44a3-8046-c55dfe0b3131",
                  "isHook": false,
                  "skipped": false
                },
                {
                  "title": "should emit error if stdout is not valid json",
                  "fullTitle": "NodePyATVDeviceEvents start|stopListening() should emit error if stdout is not valid json",
                  "timedOut": false,
                  "duration": 2,
                  "state": "passed",
                  "speed": "fast",
                  "pass": true,
                  "fail": false,
                  "pending": false,
                  "context": null,
                  "code": "const device=new NodePyATVDevice({host:\"192.168.178.2\",name:\"My Testdevice\",spawn:createFakeSpawn(cp=>{cp.stdout(\"#\").end()})});const listener=__name(()=>{},\"listener\");device.on(\"update\",listener);await new Promise(cb=>{device.once(\"error\",err=>{assert.ok(err instanceof Error);assert.ok(err.toString().includes(\"Unable to parse stdout json: SyntaxError\"));cb(void 0)})});device.off(\"update\",listener)",
                  "err": {},
                  "uuid": "c09909ee-e1a8-45ff-9d68-dfd92aba7552",
                  "parentUUID": "b50b259d-9ebf-44a3-8046-c55dfe0b3131",
                  "isHook": false,
                  "skipped": false
                },
                {
                  "title": "should restart the process if it gets killed",
                  "fullTitle": "NodePyATVDeviceEvents start|stopListening() should restart the process if it gets killed",
                  "timedOut": false,
                  "duration": 0,
                  "state": "pending",
                  "speed": null,
                  "pass": false,
                  "fail": false,
                  "pending": true,
                  "context": null,
                  "code": "",
                  "err": {},
                  "uuid": "4a941518-3d15-4bc3-9c2b-d5b9531a30f2",
                  "parentUUID": "b50b259d-9ebf-44a3-8046-c55dfe0b3131",
                  "isHook": false,
                  "skipped": false
                }
              ],
              "suites": [],
              "passes": [
                "f979985c-6e76-48bd-9117-2ed219d82473",
                "bf8f7287-b82d-4e44-a6d5-a99a441c62df",
                "c09909ee-e1a8-45ff-9d68-dfd92aba7552"
              ],
              "failures": [],
              "pending": [
                "4a941518-3d15-4bc3-9c2b-d5b9531a30f2"
              ],
              "skipped": [],
              "duration": 5,
              "root": false,
              "rootEmpty": false,
              "_timeout": 2000
            },
            {
              "uuid": "d788e968-fbdf-4bef-9794-4d2e3d4da2d3",
              "title": "addListener() / removeAllListeners()",
              "fullFile": "/home/runner/work/node-pyatv/node-pyatv/test/device-events.ts",
              "file": "/test/device-events.ts",
              "beforeHooks": [],
              "afterHooks": [],
              "tests": [
                {
                  "title": "should work without any exceptions",
                  "fullTitle": "NodePyATVDeviceEvents addListener() / removeAllListeners() should work without any exceptions",
                  "timedOut": false,
                  "duration": 0,
                  "state": "passed",
                  "speed": "fast",
                  "pass": true,
                  "fail": false,
                  "pending": false,
                  "context": null,
                  "code": "const device=new NodePyATVDevice({host:\"192.168.178.2\",name:\"My Testdevice\",spawn:createFakeSpawn(cp=>{cp.onStdIn(()=>cp.end());cp.stdout({result:\"success\",title:\"My Movie\"})})});const listener=__name(()=>{},\"listener\");device.addListener(\"update\",listener);device.removeAllListeners(\"update\")",
                  "err": {},
                  "uuid": "71eb258b-739e-4507-bd86-ead2f627630f",
                  "parentUUID": "d788e968-fbdf-4bef-9794-4d2e3d4da2d3",
                  "isHook": false,
                  "skipped": false
                }
              ],
              "suites": [],
              "passes": [
                "71eb258b-739e-4507-bd86-ead2f627630f"
              ],
              "failures": [],
              "pending": [],
              "skipped": [],
              "duration": 0,
              "root": false,
              "rootEmpty": false,
              "_timeout": 2000
            },
            {
              "uuid": "47528c5c-e53b-4742-8572-b5460da668a1",
              "title": "emit()",
              "fullFile": "/home/runner/work/node-pyatv/node-pyatv/test/device-events.ts",
              "file": "/test/device-events.ts",
              "beforeHooks": [],
              "afterHooks": [],
              "tests": [
                {
                  "title": "should work",
                  "fullTitle": "NodePyATVDeviceEvents emit() should work",
                  "timedOut": false,
                  "duration": 0,
                  "state": "passed",
                  "speed": "fast",
                  "pass": true,
                  "fail": false,
                  "pending": false,
                  "context": null,
                  "code": "const device=new NodePyATVDevice({host:\"192.168.178.2\",name:\"My Testdevice\",spawn:createFakeSpawn(cp=>{cp.onStdIn(()=>cp.end())})});const event=new NodePyATVDeviceEvent({device,key:\"dateTime\",new:\"bar\",old:\"foo\"});let executions=0;device.once(\"test\",e=>{executions++;assert.strictEqual(e,event);assert.strictEqual(executions,1);done()});device.emit(\"test\",event)",
                  "err": {},
                  "uuid": "c57da342-f864-4f7f-a145-c9189e1f9058",
                  "parentUUID": "47528c5c-e53b-4742-8572-b5460da668a1",
                  "isHook": false,
                  "skipped": false
                }
              ],
              "suites": [],
              "passes": [
                "c57da342-f864-4f7f-a145-c9189e1f9058"
              ],
              "failures": [],
              "pending": [],
              "skipped": [],
              "duration": 0,
              "root": false,
              "rootEmpty": false,
              "_timeout": 2000
            },
            {
              "uuid": "c1877c4c-bbdf-4564-a067-12b555172fa2",
              "title": "eventNames()",
              "fullFile": "/home/runner/work/node-pyatv/node-pyatv/test/device-events.ts",
              "file": "/test/device-events.ts",
              "beforeHooks": [],
              "afterHooks": [],
              "tests": [
                {
                  "title": "should work",
                  "fullTitle": "NodePyATVDeviceEvents eventNames() should work",
                  "timedOut": false,
                  "duration": 1,
                  "state": "passed",
                  "speed": "fast",
                  "pass": true,
                  "fail": false,
                  "pending": false,
                  "context": null,
                  "code": "const device=new NodePyATVDevice({host:\"192.168.178.2\",name:\"My Testdevice\",spawn:createFakeSpawn(cp=>{cp.onStdIn(()=>cp.end())})});const listener=__name(()=>{},\"listener\");device.on(\"test\",listener);assert.deepStrictEqual(device.eventNames(),[\"test\"]);device.off(\"test\",listener)",
                  "err": {},
                  "uuid": "49b24553-1fb5-44a9-847e-2701fd17f16e",
                  "parentUUID": "c1877c4c-bbdf-4564-a067-12b555172fa2",
                  "isHook": false,
                  "skipped": false
                }
              ],
              "suites": [],
              "passes": [
                "49b24553-1fb5-44a9-847e-2701fd17f16e"
              ],
              "failures": [],
              "pending": [],
              "skipped": [],
              "duration": 1,
              "root": false,
              "rootEmpty": false,
              "_timeout": 2000
            },
            {
              "uuid": "6c881e7d-a4ff-4688-94ef-8566deacc90d",
              "title": "getMaxListeners()",
              "fullFile": "/home/runner/work/node-pyatv/node-pyatv/test/device-events.ts",
              "file": "/test/device-events.ts",
              "beforeHooks": [],
              "afterHooks": [],
              "tests": [
                {
                  "title": "should work",
                  "fullTitle": "NodePyATVDeviceEvents getMaxListeners() should work",
                  "timedOut": false,
                  "duration": 0,
                  "state": "passed",
                  "speed": "fast",
                  "pass": true,
                  "fail": false,
                  "pending": false,
                  "context": null,
                  "code": "const device=new NodePyATVDevice({host:\"192.168.178.2\",name:\"My Testdevice\",spawn:createFakeSpawn(cp=>{cp.onStdIn(()=>cp.end())})});const result=device.getMaxListeners();assert.ok(typeof result,\"number\");assert.ok(result>=10)",
                  "err": {},
                  "uuid": "9a88abee-93da-4d67-8020-9cba3f0b21d1",
                  "parentUUID": "6c881e7d-a4ff-4688-94ef-8566deacc90d",
                  "isHook": false,
                  "skipped": false
                }
              ],
              "suites": [],
              "passes": [
                "9a88abee-93da-4d67-8020-9cba3f0b21d1"
              ],
              "failures": [],
              "pending": [],
              "skipped": [],
              "duration": 0,
              "root": false,
              "rootEmpty": false,
              "_timeout": 2000
            },
            {
              "uuid": "d7cf65f2-318a-40f7-ab6a-041196e32c73",
              "title": "listenerCount()",
              "fullFile": "/home/runner/work/node-pyatv/node-pyatv/test/device-events.ts",
              "file": "/test/device-events.ts",
              "beforeHooks": [],
              "afterHooks": [],
              "tests": [
                {
                  "title": "should work",
                  "fullTitle": "NodePyATVDeviceEvents listenerCount() should work",
                  "timedOut": false,
                  "duration": 1,
                  "state": "passed",
                  "speed": "fast",
                  "pass": true,
                  "fail": false,
                  "pending": false,
                  "context": null,
                  "code": "const device=new NodePyATVDevice({host:\"192.168.178.2\",name:\"My Testdevice\",spawn:createFakeSpawn(cp=>{cp.onStdIn(()=>cp.end())})});const listener=__name(()=>{},\"listener\");assert.deepStrictEqual(device.listenerCount(\"test\"),0);device.on(\"test\",listener);assert.deepStrictEqual(device.listenerCount(\"test\"),1);device.off(\"test\",listener)",
                  "err": {},
                  "uuid": "064ad032-e959-4075-ae4c-aedeb9436429",
                  "parentUUID": "d7cf65f2-318a-40f7-ab6a-041196e32c73",
                  "isHook": false,
                  "skipped": false
                }
              ],
              "suites": [],
              "passes": [
                "064ad032-e959-4075-ae4c-aedeb9436429"
              ],
              "failures": [],
              "pending": [],
              "skipped": [],
              "duration": 1,
              "root": false,
              "rootEmpty": false,
              "_timeout": 2000
            },
            {
              "uuid": "40ac3032-7fdb-43bf-b611-57e2a39d72a4",
              "title": "listeners()",
              "fullFile": "/home/runner/work/node-pyatv/node-pyatv/test/device-events.ts",
              "file": "/test/device-events.ts",
              "beforeHooks": [],
              "afterHooks": [],
              "tests": [
                {
                  "title": "should work",
                  "fullTitle": "NodePyATVDeviceEvents listeners() should work",
                  "timedOut": false,
                  "duration": 0,
                  "state": "passed",
                  "speed": "fast",
                  "pass": true,
                  "fail": false,
                  "pending": false,
                  "context": null,
                  "code": "const device=new NodePyATVDevice({host:\"192.168.178.2\",name:\"My Testdevice\",spawn:createFakeSpawn(cp=>{cp.onStdIn(()=>cp.end())})});const listener=__name(()=>{},\"listener\");assert.deepStrictEqual(device.listeners(\"test\").length,0);device.on(\"test\",listener);assert.deepStrictEqual(device.listeners(\"test\").length,1);assert.deepStrictEqual(device.listeners(\"test\")[0],listener);device.off(\"test\",listener)",
                  "err": {},
                  "uuid": "bc64f7cd-1bca-4f73-bf07-00576cd12e29",
                  "parentUUID": "40ac3032-7fdb-43bf-b611-57e2a39d72a4",
                  "isHook": false,
                  "skipped": false
                }
              ],
              "suites": [],
              "passes": [
                "bc64f7cd-1bca-4f73-bf07-00576cd12e29"
              ],
              "failures": [],
              "pending": [],
              "skipped": [],
              "duration": 0,
              "root": false,
              "rootEmpty": false,
              "_timeout": 2000
            },
            {
              "uuid": "6c19c3a7-6049-4af5-a0cf-59335a619c97",
              "title": "prependListener()",
              "fullFile": "/home/runner/work/node-pyatv/node-pyatv/test/device-events.ts",
              "file": "/test/device-events.ts",
              "beforeHooks": [],
              "afterHooks": [],
              "tests": [
                {
                  "title": "should work",
                  "fullTitle": "NodePyATVDeviceEvents prependListener() should work",
                  "timedOut": false,
                  "duration": 2,
                  "state": "passed",
                  "speed": "fast",
                  "pass": true,
                  "fail": false,
                  "pending": false,
                  "context": null,
                  "code": "const device=new NodePyATVDevice({host:\"192.168.178.2\",name:\"My Testdevice\",spawn:createFakeSpawn(cp=>{cp.onStdIn(()=>cp.end());cp.stdout({result:\"success\",title:\"My Movie\"})})});const listener=__name(()=>{device.removeAllListeners(\"update\");done()},\"listener\");device.prependListener(\"update\",listener)",
                  "err": {},
                  "uuid": "53715208-7e9f-4e2a-a4b3-3e608e5b67a2",
                  "parentUUID": "6c19c3a7-6049-4af5-a0cf-59335a619c97",
                  "isHook": false,
                  "skipped": false
                }
              ],
              "suites": [],
              "passes": [
                "53715208-7e9f-4e2a-a4b3-3e608e5b67a2"
              ],
              "failures": [],
              "pending": [],
              "skipped": [],
              "duration": 2,
              "root": false,
              "rootEmpty": false,
              "_timeout": 2000
            },
            {
              "uuid": "d14564c6-fcbd-42c7-ba3d-89d1319bee8a",
              "title": "prependOnceListener()",
              "fullFile": "/home/runner/work/node-pyatv/node-pyatv/test/device-events.ts",
              "file": "/test/device-events.ts",
              "beforeHooks": [],
              "afterHooks": [],
              "tests": [
                {
                  "title": "should work",
                  "fullTitle": "NodePyATVDeviceEvents prependOnceListener() should work",
                  "timedOut": false,
                  "duration": 1,
                  "state": "passed",
                  "speed": "fast",
                  "pass": true,
                  "fail": false,
                  "pending": false,
                  "context": null,
                  "code": "const device=new NodePyATVDevice({host:\"192.168.178.2\",name:\"My Testdevice\",spawn:createFakeSpawn(cp=>{cp.onStdIn(()=>cp.end());cp.stdout({result:\"success\",title:\"My Movie\"})})});device.prependOnceListener(\"update\",()=>done())",
                  "err": {},
                  "uuid": "dddfef1f-2384-4fda-8418-2d70cb58f91e",
                  "parentUUID": "d14564c6-fcbd-42c7-ba3d-89d1319bee8a",
                  "isHook": false,
                  "skipped": false
                }
              ],
              "suites": [],
              "passes": [
                "dddfef1f-2384-4fda-8418-2d70cb58f91e"
              ],
              "failures": [],
              "pending": [],
              "skipped": [],
              "duration": 1,
              "root": false,
              "rootEmpty": false,
              "_timeout": 2000
            },
            {
              "uuid": "74e55d29-14f3-469a-bf21-8b1ca8d06fda",
              "title": "rawListeners()",
              "fullFile": "/home/runner/work/node-pyatv/node-pyatv/test/device-events.ts",
              "file": "/test/device-events.ts",
              "beforeHooks": [],
              "afterHooks": [],
              "tests": [
                {
                  "title": "should work",
                  "fullTitle": "NodePyATVDeviceEvents rawListeners() should work",
                  "timedOut": false,
                  "duration": 0,
                  "state": "passed",
                  "speed": "fast",
                  "pass": true,
                  "fail": false,
                  "pending": false,
                  "context": null,
                  "code": "const device=new NodePyATVDevice({host:\"192.168.178.2\",name:\"My Testdevice\",spawn:createFakeSpawn(cp=>{cp.onStdIn(()=>cp.end())})});const listener=__name(()=>{},\"listener\");assert.deepStrictEqual(device.rawListeners(\"test\").length,0);device.on(\"test\",listener);assert.deepStrictEqual(device.rawListeners(\"test\").length,1);assert.deepStrictEqual(device.rawListeners(\"test\")[0],listener);device.off(\"test\",listener)",
                  "err": {},
                  "uuid": "59422454-824f-4528-9fb6-a894d48d8ad4",
                  "parentUUID": "74e55d29-14f3-469a-bf21-8b1ca8d06fda",
                  "isHook": false,
                  "skipped": false
                }
              ],
              "suites": [],
              "passes": [
                "59422454-824f-4528-9fb6-a894d48d8ad4"
              ],
              "failures": [],
              "pending": [],
              "skipped": [],
              "duration": 0,
              "root": false,
              "rootEmpty": false,
              "_timeout": 2000
            },
            {
              "uuid": "386817c4-0d2d-423b-bd5b-972a329182a3",
              "title": "removeListener()",
              "fullFile": "/home/runner/work/node-pyatv/node-pyatv/test/device-events.ts",
              "file": "/test/device-events.ts",
              "beforeHooks": [],
              "afterHooks": [],
              "tests": [
                {
                  "title": "should work without any exceptions",
                  "fullTitle": "NodePyATVDeviceEvents removeListener() should work without any exceptions",
                  "timedOut": false,
                  "duration": 0,
                  "state": "passed",
                  "speed": "fast",
                  "pass": true,
                  "fail": false,
                  "pending": false,
                  "context": null,
                  "code": "const device=new NodePyATVDevice({host:\"192.168.178.2\",name:\"My Testdevice\",spawn:createFakeSpawn(cp=>{cp.onStdIn(()=>cp.end());cp.stdout({result:\"success\",title:\"My Movie\"})})});const listener=__name(()=>{},\"listener\");device.addListener(\"update\",listener);assert.deepStrictEqual(device.listenerCount(\"update\"),1);device.removeListener(\"update\",listener);assert.deepStrictEqual(device.listenerCount(\"update\"),0)",
                  "err": {},
                  "uuid": "5c4d5e5f-a3e9-43e1-930c-cac47c70cbfe",
                  "parentUUID": "386817c4-0d2d-423b-bd5b-972a329182a3",
                  "isHook": false,
                  "skipped": false
                }
              ],
              "suites": [],
              "passes": [
                "5c4d5e5f-a3e9-43e1-930c-cac47c70cbfe"
              ],
              "failures": [],
              "pending": [],
              "skipped": [],
              "duration": 0,
              "root": false,
              "rootEmpty": false,
              "_timeout": 2000
            }
          ],
          "passes": [],
          "failures": [],
          "pending": [],
          "skipped": [],
          "duration": 0,
          "root": false,
          "rootEmpty": false,
          "_timeout": 2000
        },
        {
          "uuid": "bb3f616f-11e4-4496-9685-313d808d3413",
          "title": "NodePyATVDevice",
          "fullFile": "/home/runner/work/node-pyatv/node-pyatv/test/device.ts",
          "file": "/test/device.ts",
          "beforeHooks": [],
          "afterHooks": [],
          "tests": [],
          "suites": [
            {
              "uuid": "6acf20b4-5032-460f-9923-878768abf029",
              "title": "get name()",
              "fullFile": "/home/runner/work/node-pyatv/node-pyatv/test/device.ts",
              "file": "/test/device.ts",
              "beforeHooks": [],
              "afterHooks": [],
              "tests": [
                {
                  "title": "should return the name",
                  "fullTitle": "NodePyATVDevice get name() should return the name",
                  "timedOut": false,
                  "duration": 0,
                  "state": "passed",
                  "speed": "fast",
                  "pass": true,
                  "fail": false,
                  "pending": false,
                  "context": null,
                  "code": "const device=new NodePyATVDevice({host:\"192.168.178.2\",name:\"My Testdevice\"});assert.strictEqual(device.name,\"My Testdevice\")",
                  "err": {},
                  "uuid": "ad98aaf8-535b-42b0-a194-d3edba0ac635",
                  "parentUUID": "6acf20b4-5032-460f-9923-878768abf029",
                  "isHook": false,
                  "skipped": false
                }
              ],
              "suites": [],
              "passes": [
                "ad98aaf8-535b-42b0-a194-d3edba0ac635"
              ],
              "failures": [],
              "pending": [],
              "skipped": [],
              "duration": 0,
              "root": false,
              "rootEmpty": false,
              "_timeout": 2000
            },
            {
              "uuid": "694d652d-ce80-4d80-ac28-966d6f2393e9",
              "title": "get host()",
              "fullFile": "/home/runner/work/node-pyatv/node-pyatv/test/device.ts",
              "file": "/test/device.ts",
              "beforeHooks": [],
              "afterHooks": [],
              "tests": [
                {
                  "title": "should return the host",
                  "fullTitle": "NodePyATVDevice get host() should return the host",
                  "timedOut": false,
                  "duration": 0,
                  "state": "passed",
                  "speed": "fast",
                  "pass": true,
                  "fail": false,
                  "pending": false,
                  "context": null,
                  "code": "const device=new NodePyATVDevice({host:\"192.168.178.2\",name:\"My Testdevice\"});assert.strictEqual(device.host,\"192.168.178.2\")",
                  "err": {},
                  "uuid": "0a0359f2-502b-479b-96d4-2c7b80e12c13",
                  "parentUUID": "694d652d-ce80-4d80-ac28-966d6f2393e9",
                  "isHook": false,
                  "skipped": false
                }
              ],
              "suites": [],
              "passes": [
                "0a0359f2-502b-479b-96d4-2c7b80e12c13"
              ],
              "failures": [],
              "pending": [],
              "skipped": [],
              "duration": 0,
              "root": false,
              "rootEmpty": false,
              "_timeout": 2000
            },
            {
              "uuid": "08622b79-bd6d-44ca-b6c0-c88c73878793",
              "title": "get id()",
              "fullFile": "/home/runner/work/node-pyatv/node-pyatv/test/device.ts",
              "file": "/test/device.ts",
              "beforeHooks": [],
              "afterHooks": [],
              "tests": [
                {
                  "title": "should return the id",
                  "fullTitle": "NodePyATVDevice get id() should return the id",
                  "timedOut": false,
                  "duration": 0,
                  "state": "passed",
                  "speed": "fast",
                  "pass": true,
                  "fail": false,
                  "pending": false,
                  "context": null,
                  "code": "const device=new NodePyATVDevice({host:\"192.168.178.2\",id:\"*****\",name:\"My Testdevice\"});assert.strictEqual(device.id,\"*****\")",
                  "err": {},
                  "uuid": "ef32374b-c946-49b2-a465-062ae6558f35",
                  "parentUUID": "08622b79-bd6d-44ca-b6c0-c88c73878793",
                  "isHook": false,
                  "skipped": false
                }
              ],
              "suites": [],
              "passes": [
                "ef32374b-c946-49b2-a465-062ae6558f35"
              ],
              "failures": [],
              "pending": [],
              "skipped": [],
              "duration": 0,
              "root": false,
              "rootEmpty": false,
              "_timeout": 2000
            },
            {
              "uuid": "9e03d21c-b4a3-4942-89a0-3e585f57f442",
              "title": "get allIDs()",
              "fullFile": "/home/runner/work/node-pyatv/node-pyatv/test/device.ts",
              "file": "/test/device.ts",
              "beforeHooks": [],
              "afterHooks": [],
              "tests": [
                {
                  "title": "should return all the IDs",
                  "fullTitle": "NodePyATVDevice get allIDs() should return all the IDs",
                  "timedOut": false,
                  "duration": 0,
                  "state": "passed",
                  "speed": "fast",
                  "pass": true,
                  "fail": false,
                  "pending": false,
                  "context": null,
                  "code": "const device=new NodePyATVDevice({allIDs:[\"some_id_1\",\"some_id_2\",\"some_id_3\"],host:\"192.168.178.2\",id:\"*****\",name:\"My Testdevice\"});assert.deepStrictEqual(device.allIDs,[\"some_id_1\",\"some_id_2\",\"some_id_3\"])",
                  "err": {},
                  "uuid": "4f76ff3a-7992-44d6-b400-4fbc221fa525",
                  "parentUUID": "9e03d21c-b4a3-4942-89a0-3e585f57f442",
                  "isHook": false,
                  "skipped": false
                }
              ],
              "suites": [],
              "passes": [
                "4f76ff3a-7992-44d6-b400-4fbc221fa525"
              ],
              "failures": [],
              "pending": [],
              "skipped": [],
              "duration": 0,
              "root": false,
              "rootEmpty": false,
              "_timeout": 2000
            },
            {
              "uuid": "b6d641f2-fa21-498b-9fe3-d37c04aed0f1",
              "title": "get protocol()",
              "fullFile": "/home/runner/work/node-pyatv/node-pyatv/test/device.ts",
              "file": "/test/device.ts",
              "beforeHooks": [],
              "afterHooks": [],
              "tests": [
                {
                  "title": "should return the protocol",
                  "fullTitle": "NodePyATVDevice get protocol() should return the protocol",
                  "timedOut": false,
                  "duration": 0,
                  "state": "passed",
                  "speed": "fast",
                  "pass": true,
                  "fail": false,
                  "pending": false,
                  "context": null,
                  "code": "const device=new NodePyATVDevice({host:\"192.168.178.2\",name:\"My Testdevice\",protocol:NodePyATVProtocol.airplay});assert.strictEqual(device.protocol,NodePyATVProtocol.airplay)",
                  "err": {},
                  "uuid": "27791cf3-b5b6-4377-a67a-8f1b8f3aa031",
                  "parentUUID": "b6d641f2-fa21-498b-9fe3-d37c04aed0f1",
                  "isHook": false,
                  "skipped": false
                }
              ],
              "suites": [],
              "passes": [
                "27791cf3-b5b6-4377-a67a-8f1b8f3aa031"
              ],
              "failures": [],
              "pending": [],
              "skipped": [],
              "duration": 0,
              "root": false,
              "rootEmpty": false,
              "_timeout": 2000
            },
            {
              "uuid": "f6ce611c-a7e4-42ce-91fb-2ad2cc1010be",
              "title": "get mac()",
              "fullFile": "/home/runner/work/node-pyatv/node-pyatv/test/device.ts",
              "file": "/test/device.ts",
              "beforeHooks": [],
              "afterHooks": [],
              "tests": [
                {
                  "title": "should return the mac",
                  "fullTitle": "NodePyATVDevice get mac() should return the mac",
                  "timedOut": false,
                  "duration": 0,
                  "state": "passed",
                  "speed": "fast",
                  "pass": true,
                  "fail": false,
                  "pending": false,
                  "context": null,
                  "code": "const device=new NodePyATVDevice({host:\"192.168.178.2\",mac:\"AA:BB:CC:DD:EE:FF\",name:\"My Testdevice\"});assert.strictEqual(device.mac,\"AA:BB:CC:DD:EE:FF\")",
                  "err": {},
                  "uuid": "8fac0fa0-a54b-4079-a90c-5c4034e2c8fd",
                  "parentUUID": "f6ce611c-a7e4-42ce-91fb-2ad2cc1010be",
                  "isHook": false,
                  "skipped": false
                }
              ],
              "suites": [],
              "passes": [
                "8fac0fa0-a54b-4079-a90c-5c4034e2c8fd"
              ],
              "failures": [],
              "pending": [],
              "skipped": [],
              "duration": 0,
              "root": false,
              "rootEmpty": false,
              "_timeout": 2000
            },
            {
              "uuid": "7351d8d2-57e4-42a9-ac2c-d8d04686f7e0",
              "title": "get model()",
              "fullFile": "/home/runner/work/node-pyatv/node-pyatv/test/device.ts",
              "file": "/test/device.ts",
              "beforeHooks": [],
              "afterHooks": [],
              "tests": [
                {
                  "title": "should return the model if set by scan",
                  "fullTitle": "NodePyATVDevice get model() should return the model if set by scan",
                  "timedOut": false,
                  "duration": 0,
                  "state": "passed",
                  "speed": "fast",
                  "pass": true,
                  "fail": false,
                  "pending": false,
                  "context": null,
                  "code": "const device=new NodePyATVDevice({host:\"10.0.10.81\",id:\"xxx\",model:\"Gen4K\",name:\"Vardagsrum\"});assert.strictEqual(device.model,\"Gen4K\")",
                  "err": {},
                  "uuid": "3d704838-4325-4c83-a816-701edb541c96",
                  "parentUUID": "7351d8d2-57e4-42a9-ac2c-d8d04686f7e0",
                  "isHook": false,
                  "skipped": false
                },
                {
                  "title": "should return undefined otherwise",
                  "fullTitle": "NodePyATVDevice get model() should return undefined otherwise",
                  "timedOut": false,
                  "duration": 0,
                  "state": "passed",
                  "speed": "fast",
                  "pass": true,
                  "fail": false,
                  "pending": false,
                  "context": null,
                  "code": "const device=new NodePyATVDevice({host:\"10.0.10.81\",name:\"Vardagsrum\"});assert.strictEqual(device.model,void 0)",
                  "err": {},
                  "uuid": "dfdca5d1-7f82-4963-adbb-ffee3fb2aa10",
                  "parentUUID": "7351d8d2-57e4-42a9-ac2c-d8d04686f7e0",
                  "isHook": false,
                  "skipped": false
                }
              ],
              "suites": [],
              "passes": [
                "3d704838-4325-4c83-a816-701edb541c96",
                "dfdca5d1-7f82-4963-adbb-ffee3fb2aa10"
              ],
              "failures": [],
              "pending": [],
              "skipped": [],
              "duration": 0,
              "root": false,
              "rootEmpty": false,
              "_timeout": 2000
            },
            {
              "uuid": "43987746-4527-404f-b83a-cc84049e6390",
              "title": "get modelName()",
              "fullFile": "/home/runner/work/node-pyatv/node-pyatv/test/device.ts",
              "file": "/test/device.ts",
              "beforeHooks": [],
              "afterHooks": [],
              "tests": [
                {
                  "title": "should return the model name if set by scan",
                  "fullTitle": "NodePyATVDevice get modelName() should return the model name if set by scan",
                  "timedOut": false,
                  "duration": 0,
                  "state": "passed",
                  "speed": "fast",
                  "pass": true,
                  "fail": false,
                  "pending": false,
                  "context": null,
                  "code": "const device=new NodePyATVDevice({host:\"10.0.10.81\",id:\"xxx\",modelName:\"Apple TV 4K\",name:\"Vardagsrum\"});assert.strictEqual(device.modelName,\"Apple TV 4K\")",
                  "err": {},
                  "uuid": "b9bcaa4e-936a-414b-a504-0de705a5cab4",
                  "parentUUID": "43987746-4527-404f-b83a-cc84049e6390",
                  "isHook": false,
                  "skipped": false
                },
                {
                  "title": "should return undefined otherwise",
                  "fullTitle": "NodePyATVDevice get modelName() should return undefined otherwise",
                  "timedOut": false,
                  "duration": 0,
                  "state": "passed",
                  "speed": "fast",
                  "pass": true,
                  "fail": false,
                  "pending": false,
                  "context": null,
                  "code": "const device=new NodePyATVDevice({host:\"10.0.10.81\",name:\"Vardagsrum\"});assert.strictEqual(device.modelName,void 0)",
                  "err": {},
                  "uuid": "3fa2c032-ac83-49d0-8383-02a0db38cd62",
                  "parentUUID": "43987746-4527-404f-b83a-cc84049e6390",
                  "isHook": false,
                  "skipped": false
                }
              ],
              "suites": [],
              "passes": [
                "b9bcaa4e-936a-414b-a504-0de705a5cab4",
                "3fa2c032-ac83-49d0-8383-02a0db38cd62"
              ],
              "failures": [],
              "pending": [],
              "skipped": [],
              "duration": 0,
              "root": false,
              "rootEmpty": false,
              "_timeout": 2000
            },
            {
              "uuid": "dd44bd3c-07e7-443d-af8c-7a1db6974644",
              "title": "get os()",
              "fullFile": "/home/runner/work/node-pyatv/node-pyatv/test/device.ts",
              "file": "/test/device.ts",
              "beforeHooks": [],
              "afterHooks": [],
              "tests": [
                {
                  "title": "should return the operating system if set by scan",
                  "fullTitle": "NodePyATVDevice get os() should return the operating system if set by scan",
                  "timedOut": false,
                  "duration": 0,
                  "state": "passed",
                  "speed": "fast",
                  "pass": true,
                  "fail": false,
                  "pending": false,
                  "context": null,
                  "code": "const device=new NodePyATVDevice({host:\"10.0.10.81\",id:\"xxx\",name:\"Vardagsrum\",os:\"TvOS\"});assert.strictEqual(device.os,\"TvOS\")",
                  "err": {},
                  "uuid": "8f8585f1-af18-4024-8279-28c3b8e28293",
                  "parentUUID": "dd44bd3c-07e7-443d-af8c-7a1db6974644",
                  "isHook": false,
                  "skipped": false
                },
                {
                  "title": "should return undefined otherwise",
                  "fullTitle": "NodePyATVDevice get os() should return undefined otherwise",
                  "timedOut": false,
                  "duration": 0,
                  "state": "passed",
                  "speed": "fast",
                  "pass": true,
                  "fail": false,
                  "pending": false,
                  "context": null,
                  "code": "const device=new NodePyATVDevice({host:\"10.0.10.81\",name:\"Vardagsrum\"});assert.strictEqual(device.os,void 0)",
                  "err": {},
                  "uuid": "bbe60252-1a6a-4e2e-8e5a-636eb8a54e67",
                  "parentUUID": "dd44bd3c-07e7-443d-af8c-7a1db6974644",
                  "isHook": false,
                  "skipped": false
                }
              ],
              "suites": [],
              "passes": [
                "8f8585f1-af18-4024-8279-28c3b8e28293",
                "bbe60252-1a6a-4e2e-8e5a-636eb8a54e67"
              ],
              "failures": [],
              "pending": [],
              "skipped": [],
              "duration": 0,
              "root": false,
              "rootEmpty": false,
              "_timeout": 2000
            },
            {
              "uuid": "1ae11326-1d20-4648-b165-788e462e1d28",
              "title": "get version()",
              "fullFile": "/home/runner/work/node-pyatv/node-pyatv/test/device.ts",
              "file": "/test/device.ts",
              "beforeHooks": [],
              "afterHooks": [],
              "tests": [
                {
                  "title": "should return the version if set by scan",
                  "fullTitle": "NodePyATVDevice get version() should return the version if set by scan",
                  "timedOut": false,
                  "duration": 0,
                  "state": "passed",
                  "speed": "fast",
                  "pass": true,
                  "fail": false,
                  "pending": false,
                  "context": null,
                  "code": "const device=new NodePyATVDevice({host:\"10.0.10.81\",id:\"xxx\",name:\"Vardagsrum\",version:\"15.5.1\"});assert.strictEqual(device.version,\"15.5.1\")",
                  "err": {},
                  "uuid": "b091a64e-fbfc-42fc-bed9-cc42d7b7ffc0",
                  "parentUUID": "1ae11326-1d20-4648-b165-788e462e1d28",
                  "isHook": false,
                  "skipped": false
                },
                {
                  "title": "should return undefined otherwise",
                  "fullTitle": "NodePyATVDevice get version() should return undefined otherwise",
                  "timedOut": false,
                  "duration": 0,
                  "state": "passed",
                  "speed": "fast",
                  "pass": true,
                  "fail": false,
                  "pending": false,
                  "context": null,
                  "code": "const device=new NodePyATVDevice({host:\"10.0.10.81\",name:\"Vardagsrum\"});assert.strictEqual(device.version,void 0)",
                  "err": {},
                  "uuid": "46e72f1e-3c02-4a7d-ac78-4de3f8961681",
                  "parentUUID": "1ae11326-1d20-4648-b165-788e462e1d28",
                  "isHook": false,
                  "skipped": false
                }
              ],
              "suites": [],
              "passes": [
                "b091a64e-fbfc-42fc-bed9-cc42d7b7ffc0",
                "46e72f1e-3c02-4a7d-ac78-4de3f8961681"
              ],
              "failures": [],
              "pending": [],
              "skipped": [],
              "duration": 0,
              "root": false,
              "rootEmpty": false,
              "_timeout": 2000
            },
            {
              "uuid": "f8ca5147-61b1-4c5a-82fc-50297e0cd947",
              "title": "get services()",
              "fullFile": "/home/runner/work/node-pyatv/node-pyatv/test/device.ts",
              "file": "/test/device.ts",
              "beforeHooks": [],
              "afterHooks": [],
              "tests": [
                {
                  "title": "should return the services if set by scan",
                  "fullTitle": "NodePyATVDevice get services() should return the services if set by scan",
                  "timedOut": false,
                  "duration": 1,
                  "state": "passed",
                  "speed": "fast",
                  "pass": true,
                  "fail": false,
                  "pending": false,
                  "context": null,
                  "code": "const device=new NodePyATVDevice({host:\"10.0.10.81\",id:\"xxx\",name:\"Vardagsrum\",services:[{port:49152,protocol:NodePyATVProtocol.mrp},{port:7e3,protocol:NodePyATVProtocol.airplay}]});assert.deepStrictEqual(device.services,[{port:49152,protocol:\"mrp\"},{port:7e3,protocol:\"airplay\"}])",
                  "err": {},
                  "uuid": "d0b58773-f62b-4d68-bc6f-1ec54faf948e",
                  "parentUUID": "f8ca5147-61b1-4c5a-82fc-50297e0cd947",
                  "isHook": false,
                  "skipped": false
                },
                {
                  "title": "should return undefined otherwise",
                  "fullTitle": "NodePyATVDevice get services() should return undefined otherwise",
                  "timedOut": false,
                  "duration": 0,
                  "state": "passed",
                  "speed": "fast",
                  "pass": true,
                  "fail": false,
                  "pending": false,
                  "context": null,
                  "code": "const device=new NodePyATVDevice({host:\"10.0.10.81\",name:\"Vardagsrum\"});assert.strictEqual(device.services,void 0)",
                  "err": {},
                  "uuid": "e0203f9d-99fd-47f9-adb3-93c76d4bff6a",
                  "parentUUID": "f8ca5147-61b1-4c5a-82fc-50297e0cd947",
                  "isHook": false,
                  "skipped": false
                }
              ],
              "suites": [],
              "passes": [
                "d0b58773-f62b-4d68-bc6f-1ec54faf948e",
                "e0203f9d-99fd-47f9-adb3-93c76d4bff6a"
              ],
              "failures": [],
              "pending": [],
              "skipped": [],
              "duration": 1,
              "root": false,
              "rootEmpty": false,
              "_timeout": 2000
            },
            {
              "uuid": "917d988b-8455-4747-ae5e-8ed67094ce54",
              "title": "get debug()",
              "fullFile": "/home/runner/work/node-pyatv/node-pyatv/test/device.ts",
              "file": "/test/device.ts",
              "beforeHooks": [],
              "afterHooks": [],
              "tests": [
                {
                  "title": "should return true if set to true",
                  "fullTitle": "NodePyATVDevice get debug() should return true if set to true",
                  "timedOut": false,
                  "duration": 0,
                  "state": "passed",
                  "speed": "fast",
                  "pass": true,
                  "fail": false,
                  "pending": false,
                  "context": null,
                  "code": "const device=new NodePyATVDevice({debug:true,host:\"192.168.178.2\",name:\"My Testdevice\"});assert.strictEqual(device.debug,true)",
                  "err": {},
                  "uuid": "a60f9fde-1dbb-4dfc-a686-c8737bb98b20",
                  "parentUUID": "917d988b-8455-4747-ae5e-8ed67094ce54",
                  "isHook": false,
                  "skipped": false
                },
                {
                  "title": "should return fn if set to custom function",
                  "fullTitle": "NodePyATVDevice get debug() should return fn if set to custom function",
                  "timedOut": false,
                  "duration": 0,
                  "state": "passed",
                  "speed": "fast",
                  "pass": true,
                  "fail": false,
                  "pending": false,
                  "context": null,
                  "code": "const fn=__name(()=>{},\"fn\");const device=new NodePyATVDevice({debug:fn,host:\"192.168.178.2\",name:\"My Testdevice\"});assert.strictEqual(device.debug,fn)",
                  "err": {},
                  "uuid": "9cbd5e9c-62a8-435c-9cf2-6d052bfd48d2",
                  "parentUUID": "917d988b-8455-4747-ae5e-8ed67094ce54",
                  "isHook": false,
                  "skipped": false
                },
                {
                  "title": "should return false if unset",
                  "fullTitle": "NodePyATVDevice get debug() should return false if unset",
                  "timedOut": false,
                  "duration": 0,
                  "state": "passed",
                  "speed": "fast",
                  "pass": true,
                  "fail": false,
                  "pending": false,
                  "context": null,
                  "code": "const device=new NodePyATVDevice({host:\"192.168.178.2\",name:\"My Testdevice\"});assert.strictEqual(device.debug,void 0)",
                  "err": {},
                  "uuid": "dd5e74e4-0f9e-44e7-88a9-093a4bfc3416",
                  "parentUUID": "917d988b-8455-4747-ae5e-8ed67094ce54",
                  "isHook": false,
                  "skipped": false
                }
              ],
              "suites": [],
              "passes": [
                "a60f9fde-1dbb-4dfc-a686-c8737bb98b20",
                "9cbd5e9c-62a8-435c-9cf2-6d052bfd48d2",
                "dd5e74e4-0f9e-44e7-88a9-093a4bfc3416"
              ],
              "failures": [],
              "pending": [],
              "skipped": [],
              "duration": 0,
              "root": false,
              "rootEmpty": false,
              "_timeout": 2000
            },
            {
              "uuid": "d6cbff63-a50b-4dfe-9fb4-838e7f88b432",
              "title": "set debug()",
              "fullFile": "/home/runner/work/node-pyatv/node-pyatv/test/device.ts",
              "file": "/test/device.ts",
              "beforeHooks": [],
              "afterHooks": [],
              "tests": [
                {
                  "title": "should work for debug = true",
                  "fullTitle": "NodePyATVDevice set debug() should work for debug = true",
                  "timedOut": false,
                  "duration": 0,
                  "state": "passed",
                  "speed": "fast",
                  "pass": true,
                  "fail": false,
                  "pending": false,
                  "context": null,
                  "code": "const device=new NodePyATVDevice({host:\"192.168.178.2\",name:\"My Testdevice\"});assert.strictEqual(device.debug,void 0);device.debug=true;assert.strictEqual(device.debug,true)",
                  "err": {},
                  "uuid": "35465c28-8535-426e-898e-91514a12b114",
                  "parentUUID": "d6cbff63-a50b-4dfe-9fb4-838e7f88b432",
                  "isHook": false,
                  "skipped": false
                },
                {
                  "title": "should work for debug = undefined",
                  "fullTitle": "NodePyATVDevice set debug() should work for debug = undefined",
                  "timedOut": false,
                  "duration": 0,
                  "state": "passed",
                  "speed": "fast",
                  "pass": true,
                  "fail": false,
                  "pending": false,
                  "context": null,
                  "code": "const device=new NodePyATVDevice({debug:true,host:\"192.168.178.2\",name:\"My Testdevice\"});assert.strictEqual(device.debug,true);device.debug=void 0;assert.strictEqual(device.debug,void 0)",
                  "err": {},
                  "uuid": "69226067-da65-4b2f-9713-f6af4440fc74",
                  "parentUUID": "d6cbff63-a50b-4dfe-9fb4-838e7f88b432",
                  "isHook": false,
                  "skipped": false
[...]
              "afterHooks": [],
              "tests": [
                {
                  "title": "should handle atvremotePath if set",
                  "fullTitle": "Tools getExecutable() should handle atvremotePath if set",
                  "timedOut": false,
                  "duration": 0,
                  "state": "passed",
                  "speed": "fast",
                  "pass": true,
                  "fail": false,
                  "pending": false,
                  "context": null,
                  "code": "const result=getExecutable(NodePyATVExecutableType.atvremote,{atvremotePath:\"/tmp/1\",atvscriptPath:\"/tmp/2\"});assert.strictEqual(result,\"/tmp/1\")",
                  "err": {},
                  "uuid": "a23344ae-16e0-4f94-aeeb-e12572ff92b2",
                  "parentUUID": "77cc8d36-7874-4184-a346-77544022f315",
                  "isHook": false,
                  "skipped": false
                },
                {
                  "title": "should handle atvscriptPath if set",
                  "fullTitle": "Tools getExecutable() should handle atvscriptPath if set",
                  "timedOut": false,
                  "duration": 0,
                  "state": "passed",
                  "speed": "fast",
                  "pass": true,
                  "fail": false,
                  "pending": false,
                  "context": null,
                  "code": "const result=getExecutable(NodePyATVExecutableType.atvscript,{atvremotePath:\"/tmp/1\",atvscriptPath:\"/tmp/2\"});assert.strictEqual(result,\"/tmp/2\")",
                  "err": {},
                  "uuid": "955d0a08-490f-426a-90dc-9d542a64c6e0",
                  "parentUUID": "77cc8d36-7874-4184-a346-77544022f315",
                  "isHook": false,
                  "skipped": false
                },
                {
                  "title": "should handle default for atvremote",
                  "fullTitle": "Tools getExecutable() should handle default for atvremote",
                  "timedOut": false,
                  "duration": 0,
                  "state": "passed",
                  "speed": "fast",
                  "pass": true,
                  "fail": false,
                  "pending": false,
                  "context": null,
                  "code": "const result=getExecutable(NodePyATVExecutableType.atvremote,{atvscriptPath:\"/tmp\"});assert.strictEqual(result,\"atvremote\")",
                  "err": {},
                  "uuid": "08107017-ab5b-460b-bd54-b417d8e1a88a",
                  "parentUUID": "77cc8d36-7874-4184-a346-77544022f315",
                  "isHook": false,
                  "skipped": false
                },
                {
                  "title": "should handle default for atvscript",
                  "fullTitle": "Tools getExecutable() should handle default for atvscript",
                  "timedOut": false,
                  "duration": 0,
                  "state": "passed",
                  "speed": "fast",
                  "pass": true,
                  "fail": false,
                  "pending": false,
                  "context": null,
                  "code": "const result=getExecutable(NodePyATVExecutableType.atvscript,{atvremotePath:\"/tmp\"});assert.strictEqual(result,\"atvscript\")",
                  "err": {},
                  "uuid": "9d3f2b52-b7d7-46ca-ae90-c152e4478c08",
                  "parentUUID": "77cc8d36-7874-4184-a346-77544022f315",
                  "isHook": false,
                  "skipped": false
                }
              ],
              "suites": [],
              "passes": [
                "a23344ae-16e0-4f94-aeeb-e12572ff92b2",
                "955d0a08-490f-426a-90dc-9d542a64c6e0",
                "08107017-ab5b-460b-bd54-b417d8e1a88a",
                "9d3f2b52-b7d7-46ca-ae90-c152e4478c08"
              ],
              "failures": [],
              "pending": [],
              "skipped": [],
              "duration": 0,
              "root": false,
              "rootEmpty": false,
              "_timeout": 2000
            },
            {
              "uuid": "74238228-3329-48e6-b15f-799832a2e61b",
              "title": "getParameters()",
              "fullFile": "/home/runner/work/node-pyatv/node-pyatv/test/tools.ts",
              "file": "/test/tools.ts",
              "beforeHooks": [],
              "afterHooks": [],
              "tests": [
                {
                  "title": "empty case",
                  "fullTitle": "Tools getParameters() empty case",
                  "timedOut": false,
                  "duration": 0,
                  "state": "passed",
                  "speed": "fast",
                  "pass": true,
                  "fail": false,
                  "pending": false,
                  "context": null,
                  "code": "const result=await getParameters();assert.deepEqual(result,[])",
                  "err": {},
                  "uuid": "ee9b370f-5f43-49a8-a890-dc73eec06f7e",
                  "parentUUID": "74238228-3329-48e6-b15f-799832a2e61b",
                  "isHook": false,
                  "skipped": false
                },
                {
                  "title": "easy case",
                  "fullTitle": "Tools getParameters() easy case",
                  "timedOut": false,
                  "duration": 1,
                  "state": "passed",
                  "speed": "fast",
                  "pass": true,
                  "fail": false,
                  "pending": false,
                  "context": null,
                  "code": "const result=await getParameters({host:\"192.168.178.2\"});assert.deepEqual(result,[\"-s\",\"192.168.178.2\"])",
                  "err": {},
                  "uuid": "ccfdae0e-7423-4184-a8c3-d7f0d6eb9068",
                  "parentUUID": "74238228-3329-48e6-b15f-799832a2e61b",
                  "isHook": false,
                  "skipped": false
                },
                {
                  "title": "full case",
                  "fullTitle": "Tools getParameters() full case",
                  "timedOut": false,
                  "duration": 0,
                  "state": "passed",
                  "speed": "fast",
                  "pass": true,
                  "fail": false,
                  "pending": false,
                  "context": null,
                  "code": "const result=await getParameters({airplayCredentials:\"****\",companionCredentials:\"1234\",dmapCredentials:\"****\",hosts:[\"192.168.178.2\",\"192.168.178.3\"],id:\"****\",mrpCredentials:\"****\",protocol:NodePyATVProtocol.mrp,raopCredentials:\"::foo:\"});assert.deepEqual(result,[\"-s\",\"192.168.178.2,192.168.178.3\",\"-i\",\"****\",\"--protocol\",\"mrp\",\"--dmap-credentials\",\"****\",\"--mrp-credentials\",\"****\",\"--airplay-credentials\",\"****\",\"--companion-credentials\",\"1234\",\"--raop-credentials\",\"::foo:\"])",
                  "err": {},
                  "uuid": "7afc5faa-3944-4498-8ba4-4c024f03bb93",
                  "parentUUID": "74238228-3329-48e6-b15f-799832a2e61b",
                  "isHook": false,
                  "skipped": false
                }
              ],
              "suites": [],
              "passes": [
                "ee9b370f-5f43-49a8-a890-dc73eec06f7e",
                "ccfdae0e-7423-4184-a8c3-d7f0d6eb9068",
                "7afc5faa-3944-4498-8ba4-4c024f03bb93"
              ],
              "failures": [],
              "pending": [],
              "skipped": [],
              "duration": 1,
              "root": false,
              "rootEmpty": false,
              "_timeout": 2000
            },
            {
              "uuid": "fc12f67a-a555-4b57-94f5-931222b24142",
              "title": "parseState()",
              "fullFile": "/home/runner/work/node-pyatv/node-pyatv/test/tools.ts",
              "file": "/test/tools.ts",
              "beforeHooks": [],
              "afterHooks": [],
              "tests": [
                {
                  "title": "should work with empty data",
                  "fullTitle": "Tools parseState() should work with empty data",
                  "timedOut": false,
                  "duration": 0,
                  "state": "passed",
                  "speed": "fast",
                  "pass": true,
                  "fail": false,
                  "pending": false,
                  "context": null,
                  "code": "const input={};const result=parseState(input,\"\",{});assert.deepStrictEqual(result,{album:null,app:null,appId:null,artist:null,contentIdentifier:null,dateTime:null,deviceState:null,episodeNumber:null,focusState:null,genre:null,hash:null,iTunesStoreIdentifier:null,mediaType:null,outputDevices:null,position:null,powerState:null,repeat:null,seasonNumber:null,seriesName:null,shuffle:null,title:null,totalTime:null,volume:null})",
                  "err": {},
                  "uuid": "458fc84f-0479-43b0-bf14-08dcaabf7c38",
                  "parentUUID": "fc12f67a-a555-4b57-94f5-931222b24142",
                  "isHook": false,
                  "skipped": false
                },
                {
                  "title": "should work without data",
                  "fullTitle": "Tools parseState() should work without data",
                  "timedOut": false,
                  "duration": 0,
                  "state": "passed",
                  "speed": "fast",
                  "pass": true,
                  "fail": false,
                  "pending": false,
                  "context": null,
                  "code": "const result=parseState(null,\"\",{});assert.deepStrictEqual(result,{album:null,app:null,appId:null,artist:null,contentIdentifier:null,dateTime:null,deviceState:null,episodeNumber:null,focusState:null,genre:null,hash:null,iTunesStoreIdentifier:null,mediaType:null,outputDevices:null,position:null,powerState:null,repeat:null,seasonNumber:null,seriesName:null,shuffle:null,title:null,totalTime:null,volume:null})",
                  "err": {},
                  "uuid": "53636111-434a-4578-9ea8-f9432b39f356",
                  "parentUUID": "fc12f67a-a555-4b57-94f5-931222b24142",
                  "isHook": false,
                  "skipped": false
                },
                {
                  "title": "should work with example data",
                  "fullTitle": "Tools parseState() should work with example data",
                  "timedOut": false,
                  "duration": 1,
                  "state": "passed",
                  "speed": "fast",
                  "pass": true,
                  "fail": false,
                  "pending": false,
                  "context": null,
                  "code": "const input={album:null,app:\"Disney+\",app_id:\"com.disney.disneyplus\",artist:null,content_identifier:null,datetime:\"2020-11-07T22:38:43.608030+01:00\",device_state:\"playing\",episode_number:null,focus_state:null,genre:null,hash:\"100e0ab6-6ff5-4199-9c04-a7107ff78712\",itunes_store_identifier:null,media_type:\"video\",output_devices:null,position:27,power_state:null,repeat:\"off\",result:\"success\",season_number:null,series_name:null,shuffle:\"off\",title:\"Solo: A Star Wars Story\",total_time:8097,volume:null};const result=parseState(input,\"\",{});assert.deepStrictEqual(result,{album:null,app:\"Disney+\",appId:\"com.disney.disneyplus\",artist:null,contentIdentifier:null,dateTime:new Date(\"2020-11-07T22:38:43.608030+01:00\"),deviceState:NodePyATVDeviceState.playing,episodeNumber:null,focusState:null,genre:null,hash:\"100e0ab6-6ff5-4199-9c04-a7107ff78712\",iTunesStoreIdentifier:null,mediaType:NodePyATVMediaType.video,outputDevices:null,position:27,powerState:null,repeat:NodePyATVRepeatState.off,seasonNumber:null,seriesName:null,shuffle:NodePyATVShuffleState.off,title:\"Solo: A Star Wars Story\",totalTime:8097,volume:null})",
                  "err": {},
                  "uuid": "1a07c61e-9b02-4e14-b37a-ead66eb2fc25",
                  "parentUUID": "fc12f67a-a555-4b57-94f5-931222b24142",
                  "isHook": false,
                  "skipped": false
                },
                {
                  "title": "should throw an error for pyatv exceptions",
                  "fullTitle": "Tools parseState() should throw an error for pyatv exceptions",
                  "timedOut": false,
                  "duration": 0,
                  "state": "passed",
                  "speed": "fast",
                  "pass": true,
                  "fail": false,
                  "pending": false,
                  "context": null,
                  "code": "const input={datetime:\"2021-11-24T21:13:36.424576+03:00\",exception:\"invalid credentials: 321\",result:\"failure\",stacktrace:'Traceback (most recent call last):\\n  File \"/Users/free/Library/Python/3.8/lib/python/site-packages/pyatv/scripts/atvscript.py\", line 302, in appstart\\n    print(args.output(await _handle_command(args, abort_sem, loop)), flush=True)\\n  File \"/Users/free/Library/Python/3.8/lib/python/site-packages/pyatv/scripts/atvscript.py\", line 196, in _handle_command\\n    atv = await connect(config, loop, protocol=Protocol.MRP)\\n  File \"/Users/free/Library/Python/3.8/lib/python/site-packages/pyatv/__init__.py\", line 96, in connect\\n    for setup_data in proto_methods.setup(\\n  File \"/Users/free/Library/Python/3.8/lib/python/site-packages/pyatv/protocols/airplay/__init__.py\", line 192, in setup\\n    stream = AirPlayStream(config, service)\\n  File \"/Users/free/Library/Python/3.8/lib/python/site-packages/pyatv/protocols/airplay/__init__.py\", line 79, in __init__\\n    self._credentials: HapCredentials = parse_credentials(self.service.credentials)\\n  File \"/Users/free/Library/Python/3.8/lib/python/site-packages/pyatv/auth/hap_pairing.py\", line 139, in parse_credentials\\n    raise exceptions.InvalidCredentialsError(\"invalid credentials: \" + detail_string)\\npyatv.exceptions.InvalidCredentialsError: invalid credentials: 321\\n'};assert.throws(()=>{parseState(input,\"\",{})},/Got pyatv Error: invalid credentials: 321/)",
                  "err": {},
                  "uuid": "7276d8e2-02b8-4b11-9a61-f192ecd4e138",
                  "parentUUID": "fc12f67a-a555-4b57-94f5-931222b24142",
                  "isHook": false,
                  "skipped": false
                },
                {
                  "title": "should ignore date if it's an invalid date",
                  "fullTitle": "Tools parseState() should ignore date if it's an invalid date",
                  "timedOut": false,
                  "duration": 0,
                  "state": "passed",
                  "speed": "fast",
                  "pass": true,
                  "fail": false,
                  "pending": false,
                  "context": null,
                  "code": "const input={datetime:\"today\"};const result=parseState(input,\"\",{});assert.deepStrictEqual(result,{album:null,app:null,appId:null,artist:null,contentIdentifier:null,dateTime:null,deviceState:null,episodeNumber:null,focusState:null,genre:null,hash:null,iTunesStoreIdentifier:null,mediaType:null,outputDevices:null,position:null,powerState:null,repeat:null,seasonNumber:null,seriesName:null,shuffle:null,title:null,totalTime:null,volume:null})",
                  "err": {},
                  "uuid": "5a25e717-f89a-4b6a-917e-75b026966317",
                  "parentUUID": "fc12f67a-a555-4b57-94f5-931222b24142",
                  "isHook": false,
                  "skipped": false
                },
                {
                  "title": "should ignore data if unsupported type",
                  "fullTitle": "Tools parseState() should ignore data if unsupported type",
                  "timedOut": false,
                  "duration": 0,
                  "state": "passed",
                  "speed": "fast",
                  "pass": true,
                  "fail": false,
                  "pending": false,
                  "context": null,
                  "code": "const input={album:Infinity,app:0,app_id:891645381647289,artist:90,content_identifier:null,datetime:true,device_state:43,episode_number:null,focus_state:null,genre:Math.PI,hash:1337,itunes_store_identifier:null,media_type:false,output_devices:null,position:\"0:30.123\",power_state:null,repeat:true,result:\"success\",season_number:null,series_name:null,shuffle:false,title:void 0,total_time:\"23min\",volume:null};const result=parseState(input,\"\",{});assert.deepStrictEqual(result,{album:null,app:null,appId:null,artist:null,contentIdentifier:null,dateTime:null,deviceState:null,episodeNumber:null,focusState:null,genre:null,hash:null,iTunesStoreIdentifier:null,mediaType:null,outputDevices:null,position:null,powerState:null,repeat:null,seasonNumber:null,seriesName:null,shuffle:null,title:null,totalTime:null,volume:null})",
                  "err": {},
                  "uuid": "30139cbb-0a55-4ece-8320-9b1763644772",
                  "parentUUID": "fc12f67a-a555-4b57-94f5-931222b24142",
                  "isHook": false,
                  "skipped": false
                },
                {
                  "title": "should ignore enums with unsupported valid",
                  "fullTitle": "Tools parseState() should ignore enums with unsupported valid",
                  "timedOut": false,
                  "duration": 0,
                  "state": "passed",
                  "speed": "fast",
                  "pass": true,
                  "fail": false,
                  "pending": false,
                  "context": null,
                  "code": "const input={device_state:\"initiating\",media_type:\"3d-experience\",repeat:\"nothing\",shuffle:\"everything\"};const result=parseState(input,\"\",{});assert.deepStrictEqual(result,{album:null,app:null,appId:null,artist:null,contentIdentifier:null,dateTime:null,deviceState:null,episodeNumber:null,focusState:null,genre:null,hash:null,iTunesStoreIdentifier:null,mediaType:null,outputDevices:null,position:null,powerState:null,repeat:null,seasonNumber:null,seriesName:null,shuffle:null,title:null,totalTime:null,volume:null})",
                  "err": {},
                  "uuid": "8630dcb6-8409-4d3b-8b91-c056ad3d11dc",
                  "parentUUID": "fc12f67a-a555-4b57-94f5-931222b24142",
                  "isHook": false,
                  "skipped": false
                }
              ],
              "suites": [],
              "passes": [
                "458fc84f-0479-43b0-bf14-08dcaabf7c38",
                "53636111-434a-4578-9ea8-f9432b39f356",
                "1a07c61e-9b02-4e14-b37a-ead66eb2fc25",
                "7276d8e2-02b8-4b11-9a61-f192ecd4e138",
                "5a25e717-f89a-4b6a-917e-75b026966317",
                "30139cbb-0a55-4ece-8320-9b1763644772",
                "8630dcb6-8409-4d3b-8b91-c056ad3d11dc"
              ],
              "failures": [],
              "pending": [],
              "skipped": [],
              "duration": 1,
              "root": false,
              "rootEmpty": false,
              "_timeout": 2000
            }
          ],
          "passes": [],
          "failures": [],
          "pending": [],
          "skipped": [],
          "duration": 0,
          "root": false,
          "rootEmpty": false,
          "_timeout": 2000
        }
      ],
      "passes": [],
      "failures": [],
      "pending": [],
      "skipped": [],
      "duration": 0,
      "root": true,
      "rootEmpty": true,
      "_timeout": 2000
    }
  ],
  "meta": {
    "mocha": {
      "version": "11.2.2"
    },
    "mochawesome": {
      "options": {
        "quiet": false,
        "reportFilename": "mochawesome",
        "saveHtml": true,
        "saveJson": true,
        "consoleReporter": "spec",
        "useInlineDiffs": false,
        "code": true
      },
      "version": "7.1.3"
    },
    "marge": {
      "options": null,
      "version": "6.2.0"
    }
  }
}