{
  "stats": {
    "suites": 102,
    "tests": 174,
    "passes": 172,
    "pending": 2,
    "failures": 0,
    "start": "2025-06-25T06:35:15.038Z",
    "end": "2025-06-25T06:35:27.163Z",
    "duration": 12125,
    "testsRegistered": 174,
    "passPercent": 100,
    "pendingPercent": 1.1494252873563218,
    "other": 0,
    "hasOther": false,
    "skipped": 0,
    "hasSkipped": false
  },
  "results": [
    {
      "uuid": "42bf8aff-d48a-4a34-99e8-3c59be9a15c6",
      "title": "",
      "fullFile": "",
      "file": "",
      "beforeHooks": [],
      "afterHooks": [],
      "tests": [],
      "suites": [
        {
          "uuid": "27241b3a-5ed4-49a7-a1ed-7bbd922bd64d",
          "title": "NodePyATVDeviceEvent",
          "fullFile": "/home/runner/work/node-pyatv/node-pyatv/test/device-event.ts",
          "file": "/test/device-event.ts",
          "beforeHooks": [],
          "afterHooks": [],
          "tests": [],
          "suites": [
            {
              "uuid": "98f8b161-576e-49bd-b542-49dcbb4b4f71",
              "title": "get key()",
              "fullFile": "/home/runner/work/node-pyatv/node-pyatv/test/device-event.ts",
              "file": "/test/device-event.ts",
              "beforeHooks": [],
              "afterHooks": [],
              "tests": [
                {
                  "title": "should work",
                  "fullTitle": "NodePyATVDeviceEvent get key() should work",
                  "timedOut": false,
                  "duration": 0,
                  "state": "passed",
                  "speed": "fast",
                  "pass": true,
                  "fail": false,
                  "pending": false,
                  "context": null,
                  "code": "const event=new NodePyATVDeviceEvent({device:new NodePyATVDevice({host:\"192.168.178.2\",name:\"My Testinstance\"}),key:\"genre\",new:\"Rock\",old:\"Jazz\"});assert.strictEqual(event.key,\"genre\")",
                  "err": {},
                  "uuid": "ca772ed3-2d19-4ef4-89e8-bf4d207029bc",
                  "parentUUID": "98f8b161-576e-49bd-b542-49dcbb4b4f71",
                  "isHook": false,
                  "skipped": false
                }
              ],
              "suites": [],
              "passes": [
                "ca772ed3-2d19-4ef4-89e8-bf4d207029bc"
              ],
              "failures": [],
              "pending": [],
              "skipped": [],
              "duration": 0,
              "root": false,
              "rootEmpty": false,
              "_timeout": 2000
            },
            {
              "uuid": "b435e680-a1cd-423e-b3a1-8bd60ba45c8d",
              "title": "get oldValue()",
              "fullFile": "/home/runner/work/node-pyatv/node-pyatv/test/device-event.ts",
              "file": "/test/device-event.ts",
              "beforeHooks": [],
              "afterHooks": [],
              "tests": [
                {
                  "title": "should work",
                  "fullTitle": "NodePyATVDeviceEvent get oldValue() should work",
                  "timedOut": false,
                  "duration": 0,
                  "state": "passed",
                  "speed": "fast",
                  "pass": true,
                  "fail": false,
                  "pending": false,
                  "context": null,
                  "code": "const event=new NodePyATVDeviceEvent({device:new NodePyATVDevice({host:\"192.168.178.2\",name:\"My Testinstance\"}),key:\"genre\",new:\"Rock\",old:\"Jazz\"});assert.strictEqual(event.oldValue,\"Jazz\")",
                  "err": {},
                  "uuid": "c261e101-0cff-400f-a80c-fe050165752b",
                  "parentUUID": "b435e680-a1cd-423e-b3a1-8bd60ba45c8d",
                  "isHook": false,
                  "skipped": false
                }
              ],
              "suites": [],
              "passes": [
                "c261e101-0cff-400f-a80c-fe050165752b"
              ],
              "failures": [],
              "pending": [],
              "skipped": [],
              "duration": 0,
              "root": false,
              "rootEmpty": false,
              "_timeout": 2000
            },
            {
              "uuid": "2cc684bd-d445-4971-952e-15c2b3b1afb3",
              "title": "get newValue()",
              "fullFile": "/home/runner/work/node-pyatv/node-pyatv/test/device-event.ts",
              "file": "/test/device-event.ts",
              "beforeHooks": [],
              "afterHooks": [],
              "tests": [
                {
                  "title": "should work",
                  "fullTitle": "NodePyATVDeviceEvent get newValue() should work",
                  "timedOut": false,
                  "duration": 0,
                  "state": "passed",
                  "speed": "fast",
                  "pass": true,
                  "fail": false,
                  "pending": false,
                  "context": null,
                  "code": "const event=new NodePyATVDeviceEvent({device:new NodePyATVDevice({host:\"192.168.178.2\",name:\"My Testinstance\"}),key:\"genre\",new:\"Rock\",old:\"Jazz\"});assert.strictEqual(event.newValue,\"Rock\")",
                  "err": {},
                  "uuid": "785990d9-7d41-4dd7-bb26-aad4293ebfd6",
                  "parentUUID": "2cc684bd-d445-4971-952e-15c2b3b1afb3",
                  "isHook": false,
                  "skipped": false
                }
              ],
              "suites": [],
              "passes": [
                "785990d9-7d41-4dd7-bb26-aad4293ebfd6"
              ],
              "failures": [],
              "pending": [],
              "skipped": [],
              "duration": 0,
              "root": false,
              "rootEmpty": false,
              "_timeout": 2000
            },
            {
              "uuid": "c3963314-1d9c-4162-9404-db1c091c5c4a",
              "title": "get value()",
              "fullFile": "/home/runner/work/node-pyatv/node-pyatv/test/device-event.ts",
              "file": "/test/device-event.ts",
              "beforeHooks": [],
              "afterHooks": [],
              "tests": [
                {
                  "title": "should work",
                  "fullTitle": "NodePyATVDeviceEvent get value() should work",
                  "timedOut": false,
                  "duration": 1,
                  "state": "passed",
                  "speed": "fast",
                  "pass": true,
                  "fail": false,
                  "pending": false,
                  "context": null,
                  "code": "const event=new NodePyATVDeviceEvent({device:new NodePyATVDevice({host:\"192.168.178.2\",name:\"My Testinstance\"}),key:\"genre\",new:\"Rock\",old:\"Jazz\"});assert.strictEqual(event.value,\"Rock\")",
                  "err": {},
                  "uuid": "7ea6dcc7-4f1b-4c9f-9789-8afe0724a925",
                  "parentUUID": "c3963314-1d9c-4162-9404-db1c091c5c4a",
                  "isHook": false,
                  "skipped": false
                }
              ],
              "suites": [],
              "passes": [
                "7ea6dcc7-4f1b-4c9f-9789-8afe0724a925"
              ],
              "failures": [],
              "pending": [],
              "skipped": [],
              "duration": 1,
              "root": false,
              "rootEmpty": false,
              "_timeout": 2000
            },
            {
              "uuid": "4e946464-960f-49ca-a6b2-03fc12b00d25",
              "title": "get device()",
              "fullFile": "/home/runner/work/node-pyatv/node-pyatv/test/device-event.ts",
              "file": "/test/device-event.ts",
              "beforeHooks": [],
              "afterHooks": [],
              "tests": [
                {
                  "title": "should work",
                  "fullTitle": "NodePyATVDeviceEvent get device() should work",
                  "timedOut": false,
                  "duration": 0,
                  "state": "passed",
                  "speed": "fast",
                  "pass": true,
                  "fail": false,
                  "pending": false,
                  "context": null,
                  "code": "const device=new NodePyATVDevice({host:\"192.168.178.2\",name:\"My Testinstance\"});const event=new NodePyATVDeviceEvent({device,key:\"genre\",new:\"Rock\",old:\"Jazz\"});assert.deepEqual(event.device,device)",
                  "err": {},
                  "uuid": "f27e8a0a-7a0b-4901-bac0-7db0b136229d",
                  "parentUUID": "4e946464-960f-49ca-a6b2-03fc12b00d25",
                  "isHook": false,
                  "skipped": false
                }
              ],
              "suites": [],
              "passes": [
                "f27e8a0a-7a0b-4901-bac0-7db0b136229d"
              ],
              "failures": [],
              "pending": [],
              "skipped": [],
              "duration": 0,
              "root": false,
              "rootEmpty": false,
              "_timeout": 2000
            }
          ],
          "passes": [],
          "failures": [],
          "pending": [],
          "skipped": [],
          "duration": 0,
          "root": false,
          "rootEmpty": false,
          "_timeout": 2000
        },
        {
          "uuid": "f039619f-ac40-4bfa-9691-0919226aef03",
          "title": "NodePyATVDeviceEvents",
          "fullFile": "/home/runner/work/node-pyatv/node-pyatv/test/device-events.ts",
          "file": "/test/device-events.ts",
          "beforeHooks": [],
          "afterHooks": [],
          "tests": [],
          "suites": [
            {
              "uuid": "fca09734-7135-4c05-8021-c3ddf3080d44",
              "title": "applyStateAndEmitEvents()",
              "fullFile": "/home/runner/work/node-pyatv/node-pyatv/test/device-events.ts",
              "file": "/test/device-events.ts",
              "beforeHooks": [],
              "afterHooks": [],
              "tests": [
                {
                  "title": "should emit update:key event",
                  "fullTitle": "NodePyATVDeviceEvents applyStateAndEmitEvents() should emit update:key event",
                  "timedOut": false,
                  "duration": 3,
                  "state": "passed",
                  "speed": "fast",
                  "pass": true,
                  "fail": false,
                  "pending": false,
                  "context": null,
                  "code": "const device=new NodePyATVDevice({host:\"192.168.178.2\",name:\"My Testdevice\",spawn:createFakeSpawn(cp=>{cp.onStdIn(()=>cp.end());cp.stdout({result:\"success\",title:\"My Movie\"})})});await new Promise(cb=>{device.once(\"update:title\",event=>{assert.ok(event instanceof NodePyATVDeviceEvent);assert.strictEqual(event.key,\"title\");assert.strictEqual(event.oldValue,null);assert.strictEqual(event.newValue,\"My Movie\");assert.strictEqual(event.value,\"My Movie\");assert.deepStrictEqual(event.device,device);cb(void 0)})})",
                  "err": {},
                  "uuid": "788c175e-d052-423c-a6fe-823f44c0f9db",
                  "parentUUID": "fca09734-7135-4c05-8021-c3ddf3080d44",
                  "isHook": false,
                  "skipped": false
                },
                {
                  "title": "should emit update event",
                  "fullTitle": "NodePyATVDeviceEvents applyStateAndEmitEvents() should emit update event",
                  "timedOut": false,
                  "duration": 2,
                  "state": "passed",
                  "speed": "fast",
                  "pass": true,
                  "fail": false,
                  "pending": false,
                  "context": null,
                  "code": "const device=new NodePyATVDevice({host:\"192.168.178.2\",name:\"My Testdevice\",spawn:createFakeSpawn(cp=>{cp.onStdIn(()=>cp.end());cp.stdout({result:\"success\",title:\"My Movie\"})})});await new Promise(cb=>{device.once(\"update\",event=>{assert.ok(event instanceof NodePyATVDeviceEvent);assert.strictEqual(event.key,\"title\");assert.strictEqual(event.oldValue,null);assert.strictEqual(event.newValue,\"My Movie\");assert.strictEqual(event.value,\"My Movie\");assert.deepStrictEqual(event.device,device);cb(void 0)})})",
                  "err": {},
                  "uuid": "2dcc2a8e-ed28-4d8f-a5e2-3ce7beb7ec48",
                  "parentUUID": "fca09734-7135-4c05-8021-c3ddf3080d44",
                  "isHook": false,
                  "skipped": false
                },
                {
                  "title": "should emit update:key event before update",
                  "fullTitle": "NodePyATVDeviceEvents applyStateAndEmitEvents() should emit update:key event before update",
                  "timedOut": false,
                  "duration": 1,
                  "state": "passed",
                  "speed": "fast",
                  "pass": true,
                  "fail": false,
                  "pending": false,
                  "context": null,
                  "code": "const device=new NodePyATVDevice({host:\"192.168.178.2\",name:\"My Testdevice\",spawn:createFakeSpawn(cp=>{cp.onStdIn(()=>cp.end());cp.stdout({result:\"success\",title:\"My Movie\"})})});const sort=[];await Promise.race([new Promise(cb=>{device.once(\"update\",()=>{sort.push(\"update\");cb(void 0)})}),new Promise(cb=>{device.once(\"update:title\",()=>{sort.push(\"update:title\");cb(void 0)})})]);assert.deepStrictEqual(sort,[\"update:title\",\"update\"])",
                  "err": {},
                  "uuid": "3ceed19b-b5d2-4884-890d-82cd5d3da24c",
                  "parentUUID": "fca09734-7135-4c05-8021-c3ddf3080d44",
                  "isHook": false,
                  "skipped": false
                },
                {
                  "title": "should emit error events on failures",
                  "fullTitle": "NodePyATVDeviceEvents applyStateAndEmitEvents() should emit error events on failures",
                  "timedOut": false,
                  "duration": 0,
                  "state": "passed",
                  "speed": "fast",
                  "pass": true,
                  "fail": false,
                  "pending": false,
                  "context": null,
                  "code": "const device=new NodePyATVDevice({host:\"192.168.178.2\",name:\"My Testdevice\",spawn:createFakeSpawn(cp=>{cp.onStdIn(()=>cp.end());cp.stdout({datetime:\"2021-11-24T21:13:36.424576+03:00\",exception:\"invalid credentials: 321\",result:\"failure\",stacktrace:'Traceback (most recent call last):\\n  File \"/Users/free/Library/Python/3.8/lib/python/site-packages/pyatv/scripts/atvscript.py\", line 302, in appstart\\n    print(args.output(await _handle_command(args, abort_sem, loop)), flush=True)\\n  File \"/Users/free/Library/Python/3.8/lib/python/site-packages/pyatv/scripts/atvscript.py\", line 196, in _handle_command\\n    atv = await connect(config, loop, protocol=Protocol.MRP)\\n  File \"/Users/free/Library/Python/3.8/lib/python/site-packages/pyatv/__init__.py\", line 96, in connect\\n    for setup_data in proto_methods.setup(\\n  File \"/Users/free/Library/Python/3.8/lib/python/site-packages/pyatv/protocols/airplay/__init__.py\", line 192, in setup\\n    stream = AirPlayStream(config, service)\\n  File \"/Users/free/Library/Python/3.8/lib/python/site-packages/pyatv/protocols/airplay/__init__.py\", line 79, in __init__\\n    self._credentials: HapCredentials = parse_credentials(self.service.credentials)\\n  File \"/Users/free/Library/Python/3.8/lib/python/site-packages/pyatv/auth/hap_pairing.py\", line 139, in parse_credentials\\n    raise exceptions.InvalidCredentialsError(\"invalid credentials: \" + detail_string)\\npyatv.exceptions.InvalidCredentialsError: invalid credentials: 321\\n'})})});await new Promise(cb=>{device.once(\"error\",error=>{assert.ok(error instanceof Error);assert.ok(error.toString().includes(\"invalid credentials: 321\"));cb(void 0)})})",
                  "err": {},
                  "uuid": "728ac2f2-a399-4d94-85d2-4dd7ec542fc3",
                  "parentUUID": "fca09734-7135-4c05-8021-c3ddf3080d44",
                  "isHook": false,
                  "skipped": false
                },
                {
                  "title": "should not emit an update if new value is same as old one",
                  "fullTitle": "NodePyATVDeviceEvents applyStateAndEmitEvents() should not emit an update if new value is same as old one",
                  "timedOut": false,
                  "duration": 3,
                  "state": "passed",
                  "speed": "fast",
                  "pass": true,
                  "fail": false,
                  "pending": false,
                  "context": null,
                  "code": "let spawnCounter=0;let eventCounter=0;const device=new NodePyATVDevice({host:\"192.168.178.2\",name:\"My Testdevice\",spawn:createFakeSpawn(cp=>{if(spawnCounter===0){cp.onStdIn(()=>cp.end())}cp.stdout({result:\"success\",title:\"My Movie\"});spawnCounter++;if(spawnCounter>=2){cp.end()}})});const listener=__name(()=>{eventCounter++},\"listener\");device.on(\"update\",listener);await new Promise(cb=>setTimeout(cb,0));await device.getState();device.off(\"update\",listener);assert.strictEqual(spawnCounter,2);assert.strictEqual(eventCounter,1)",
                  "err": {},
                  "uuid": "bd3e93c4-9ba7-47d9-8b7a-5dc0515d7cd3",
                  "parentUUID": "fca09734-7135-4c05-8021-c3ddf3080d44",
                  "isHook": false,
                  "skipped": false
                },
                {
                  "title": "should emit error event if event listener throws an exception",
                  "fullTitle": "NodePyATVDeviceEvents applyStateAndEmitEvents() should emit error event if event listener throws an exception",
                  "timedOut": false,
                  "duration": 2,
                  "state": "passed",
                  "speed": "fast",
                  "pass": true,
                  "fail": false,
                  "pending": false,
                  "context": null,
                  "code": "const device=new NodePyATVDevice({host:\"192.168.178.2\",name:\"My Testdevice\",spawn:createFakeSpawn(cp=>{cp.onStdIn(()=>cp.end());cp.stdout({result:\"success\",title:\"My Movie\"})})});let callCounter=0;const error=new Error(\"This is an error. Be nice.\");device.once(\"error\",err=>{assert.strictEqual(err,error);callCounter++});const listener=__name(()=>{throw error},\"listener\");device.on(\"update\",listener);await new Promise(cb=>setTimeout(cb,0));device.off(\"update\",listener);assert.strictEqual(callCounter,1)",
                  "err": {},
                  "uuid": "a2c6ce0d-3f74-49c5-b56b-536574c96e7d",
                  "parentUUID": "fca09734-7135-4c05-8021-c3ddf3080d44",
                  "isHook": false,
                  "skipped": false
                },
                {
                  "title": "should also work with powerState",
                  "fullTitle": "NodePyATVDeviceEvents applyStateAndEmitEvents() should also work with powerState",
                  "timedOut": false,
                  "duration": 1,
                  "state": "passed",
                  "speed": "fast",
                  "pass": true,
                  "fail": false,
                  "pending": false,
                  "context": null,
                  "code": "const device=new NodePyATVDevice({host:\"192.168.178.2\",name:\"My Testdevice\",spawn:createFakeSpawn(cp=>{cp.onStdIn(()=>cp.end());cp.stdout({datetime:new Date().toJSON(),power_state:\"off\",result:\"success\"})})});await new Promise(cb=>{device.once(\"update:powerState\",event=>{assert.ok(event instanceof NodePyATVDeviceEvent);assert.strictEqual(event.key,\"powerState\");assert.strictEqual(event.oldValue,null);assert.strictEqual(event.newValue,\"off\");assert.strictEqual(event.newValue,NodePyATVPowerState.off);assert.strictEqual(event.value,\"off\");assert.strictEqual(event.value,NodePyATVPowerState.off);assert.deepStrictEqual(event.device,device);cb(void 0)})})",
                  "err": {},
                  "uuid": "251990b0-1273-4636-8053-d08ba5238c6b",
                  "parentUUID": "fca09734-7135-4c05-8021-c3ddf3080d44",
                  "isHook": false,
                  "skipped": false
                },
                {
                  "title": "should only one event for powerState changes",
                  "fullTitle": "NodePyATVDeviceEvents applyStateAndEmitEvents() should only one event for powerState changes",
                  "timedOut": false,
                  "duration": 9,
                  "state": "passed",
                  "speed": "fast",
                  "pass": true,
                  "fail": false,
                  "pending": false,
                  "context": null,
                  "code": "const device=new NodePyATVDevice({host:\"192.168.178.2\",name:\"My Testdevice\",spawn:createFakeSpawn(cp=>{cp.onStdIn(()=>cp.end());cp.stdout({datetime:new Date().toJSON(),power_state:\"off\",result:\"success\"});cp.end()})});let counter=0;device.on(\"update\",event=>{assert.ok(event instanceof NodePyATVDeviceEvent);assert.strictEqual(event.key,\"powerState\");assert.strictEqual(event.oldValue,null);assert.strictEqual(event.newValue,\"off\");assert.strictEqual(event.newValue,NodePyATVPowerState.off);assert.strictEqual(event.value,\"off\");assert.strictEqual(event.value,NodePyATVPowerState.off);assert.deepStrictEqual(event.device,device);counter++});await new Promise(cb=>setTimeout(cb,10));assert.strictEqual(counter,1);device.removeAllListeners(\"update\")",
                  "err": {},
                  "uuid": "0b90b852-231e-438b-854a-d39e1f2cbdb3",
                  "parentUUID": "fca09734-7135-4c05-8021-c3ddf3080d44",
                  "isHook": false,
                  "skipped": false
                },
                {
                  "title": "should only one event for focusState changes",
                  "fullTitle": "NodePyATVDeviceEvents applyStateAndEmitEvents() should only one event for focusState changes",
                  "timedOut": false,
                  "duration": 10,
                  "state": "passed",
                  "speed": "fast",
                  "pass": true,
                  "fail": false,
                  "pending": false,
                  "context": null,
                  "code": "const device=new NodePyATVDevice({host:\"192.168.178.2\",name:\"My Testdevice\",spawn:createFakeSpawn(cp=>{cp.onStdIn(()=>cp.end());cp.stdout({datetime:new Date().toJSON(),focus_state:\"unfocused\",result:\"success\"});cp.end()})});let counter=0;device.on(\"update\",event=>{assert.ok(event instanceof NodePyATVDeviceEvent);assert.strictEqual(event.key,\"focusState\");assert.strictEqual(event.oldValue,null);assert.strictEqual(event.newValue,\"unfocused\");assert.strictEqual(event.newValue,NodePyATVFocusState.unfocused);assert.strictEqual(event.value,\"unfocused\");assert.strictEqual(event.value,NodePyATVFocusState.unfocused);assert.deepStrictEqual(event.device,device);counter++});await new Promise(cb=>setTimeout(cb,10));assert.strictEqual(counter,1);device.removeAllListeners(\"update\")",
                  "err": {},
                  "uuid": "11a699b7-a2ed-4ef8-b506-c1ff66fbd5f6",
                  "parentUUID": "fca09734-7135-4c05-8021-c3ddf3080d44",
                  "isHook": false,
                  "skipped": false
                },
                {
                  "title": "should only one event for outputDevices changes",
                  "fullTitle": "NodePyATVDeviceEvents applyStateAndEmitEvents() should only one event for outputDevices changes",
                  "timedOut": false,
                  "duration": 10,
                  "state": "passed",
                  "speed": "fast",
                  "pass": true,
                  "fail": false,
                  "pending": false,
                  "context": null,
                  "code": "const device=new NodePyATVDevice({host:\"192.168.178.2\",name:\"My Testdevice\",spawn:createFakeSpawn(cp=>{cp.onStdIn(()=>cp.end());cp.stdout({datetime:new Date().toJSON(),output_devices:[{identifier:\"AAAAAAAA-BBBB-CCCC-DDDD-EEEEEEEEEEEE\",name:\"Living room\"}],result:\"success\"});cp.end()})});let counter=0;device.on(\"update\",event=>{assert.ok(event instanceof NodePyATVDeviceEvent);assert.strictEqual(event.key,\"outputDevices\");assert.strictEqual(event.oldValue,null);assert.deepStrictEqual(event.newValue,[{identifier:\"AAAAAAAA-BBBB-CCCC-DDDD-EEEEEEEEEEEE\",name:\"Living room\"}]);assert.deepStrictEqual(event.value,[{identifier:\"AAAAAAAA-BBBB-CCCC-DDDD-EEEEEEEEEEEE\",name:\"Living room\"}]);assert.deepStrictEqual(event.device,device);counter++});await new Promise(cb=>setTimeout(cb,10));assert.strictEqual(counter,1);device.removeAllListeners(\"update\")",
                  "err": {},
                  "uuid": "87e35faf-2bc8-40f1-a07a-146b8466223b",
                  "parentUUID": "fca09734-7135-4c05-8021-c3ddf3080d44",
                  "isHook": false,
                  "skipped": false
                },
                {
                  "title": "should only one event for volume changes",
                  "fullTitle": "NodePyATVDeviceEvents applyStateAndEmitEvents() should only one event for volume changes",
                  "timedOut": false,
                  "duration": 11,
                  "state": "passed",
                  "speed": "fast",
                  "pass": true,
                  "fail": false,
                  "pending": false,
                  "context": null,
                  "code": "const device=new NodePyATVDevice({host:\"192.168.178.2\",name:\"My Testdevice\",spawn:createFakeSpawn(cp=>{cp.onStdIn(()=>cp.end());cp.stdout({datetime:new Date().toJSON(),result:\"success\",volume:20});cp.end()})});let counter=0;device.on(\"update\",event=>{assert.ok(event instanceof NodePyATVDeviceEvent);assert.strictEqual(event.key,\"volume\");assert.strictEqual(event.oldValue,null);assert.strictEqual(event.newValue,20);assert.strictEqual(event.value,20);assert.deepStrictEqual(event.device,device);counter++});await new Promise(cb=>setTimeout(cb,10));assert.strictEqual(counter,1);device.removeAllListeners(\"update\")",
                  "err": {},
                  "uuid": "1f99064f-b004-4132-b80c-862ef509cca7",
                  "parentUUID": "fca09734-7135-4c05-8021-c3ddf3080d44",
                  "isHook": false,
                  "skipped": false
                },
                {
                  "title": "should not trigger any events for newly added fields",
                  "fullTitle": "NodePyATVDeviceEvents applyStateAndEmitEvents() should not trigger any events for newly added fields",
                  "timedOut": false,
                  "duration": 11,
                  "state": "passed",
                  "speed": "fast",
                  "pass": true,
                  "fail": false,
                  "pending": false,
                  "context": null,
                  "code": "const device=new NodePyATVDevice({host:\"192.168.178.2\",name:\"My Testdevice\",spawn:createFakeSpawn(cp=>{cp.onStdIn(()=>cp.end());cp.stdout({datetime:new Date().toJSON(),foo:\"bar\",result:\"success\"});cp.end()})});device.on(\"update\",event=>{assert.fail(`Got an update event for a new field: ${event}`)});await new Promise(cb=>setTimeout(cb,10));device.removeAllListeners(\"update\")",
                  "err": {},
                  "uuid": "a27873c4-04e2-49c9-abd2-4726d653f5ce",
                  "parentUUID": "fca09734-7135-4c05-8021-c3ddf3080d44",
                  "isHook": false,
                  "skipped": false
                }
              ],
              "suites": [],
              "passes": [
                "788c175e-d052-423c-a6fe-823f44c0f9db",
                "2dcc2a8e-ed28-4d8f-a5e2-3ce7beb7ec48",
                "3ceed19b-b5d2-4884-890d-82cd5d3da24c",
                "728ac2f2-a399-4d94-85d2-4dd7ec542fc3",
                "bd3e93c4-9ba7-47d9-8b7a-5dc0515d7cd3",
                "a2c6ce0d-3f74-49c5-b56b-536574c96e7d",
                "251990b0-1273-4636-8053-d08ba5238c6b",
                "0b90b852-231e-438b-854a-d39e1f2cbdb3",
                "11a699b7-a2ed-4ef8-b506-c1ff66fbd5f6",
                "87e35faf-2bc8-40f1-a07a-146b8466223b",
                "1f99064f-b004-4132-b80c-862ef509cca7",
                "a27873c4-04e2-49c9-abd2-4726d653f5ce"
              ],
              "failures": [],
              "pending": [],
              "skipped": [],
              "duration": 63,
              "root": false,
              "rootEmpty": false,
              "_timeout": 2000
            },
            {
              "uuid": "1e8f8895-eed6-416a-a068-9d4adffcdb8f",
              "title": "start|stopListening()",
              "fullFile": "/home/runner/work/node-pyatv/node-pyatv/test/device-events.ts",
              "file": "/test/device-events.ts",
              "beforeHooks": [],
              "afterHooks": [],
              "tests": [
                {
                  "title": "should emit error if spawn fails",
                  "fullTitle": "NodePyATVDeviceEvents start|stopListening() should emit error if spawn fails",
                  "timedOut": false,
                  "duration": 0,
                  "state": "passed",
                  "speed": "fast",
                  "pass": true,
                  "fail": false,
                  "pending": false,
                  "context": null,
                  "code": "const error=new Error;const device=new NodePyATVDevice({host:\"192.168.178.2\",name:\"My Testdevice\",spawn:createFakeSpawn(cp=>{cp.error(error).end()})});const listener=__name(()=>{},\"listener\");device.on(\"update\",listener);await new Promise(cb=>{device.once(\"error\",err=>{assert.strictEqual(err,error);cb(void 0)})});device.off(\"update\",listener)",
                  "err": {},
                  "uuid": "3fab2a94-7171-4413-966c-803f51ddbff2",
                  "parentUUID": "1e8f8895-eed6-416a-a068-9d4adffcdb8f",
                  "isHook": false,
                  "skipped": false
                },
                {
                  "title": "should emit error on stderr data",
                  "fullTitle": "NodePyATVDeviceEvents start|stopListening() should emit error on stderr data",
                  "timedOut": false,
                  "duration": 2,
                  "state": "passed",
                  "speed": "fast",
                  "pass": true,
                  "fail": false,
                  "pending": false,
                  "context": null,
                  "code": "const device=new NodePyATVDevice({host:\"192.168.178.2\",name:\"My Testdevice\",spawn:createFakeSpawn(cp=>{cp.stderr(\"Hello World!\").end()})});const listener=__name(()=>{},\"listener\");device.on(\"update\",listener);await new Promise(cb=>{device.once(\"error\",err=>{assert.ok(err instanceof Error);assert.ok(err.toString().includes(\"Got stderr output from pyatv: Hello World!\"));cb(void 0)})});device.off(\"update\",listener)",
                  "err": {},
                  "uuid": "51040f39-f39e-4407-ba69-dbeb33bbe1be",
                  "parentUUID": "1e8f8895-eed6-416a-a068-9d4adffcdb8f",
                  "isHook": false,
                  "skipped": false
                },
                {
                  "title": "should emit error if stdout is not valid json",
                  "fullTitle": "NodePyATVDeviceEvents start|stopListening() should emit error if stdout is not valid json",
                  "timedOut": false,
                  "duration": 2,
                  "state": "passed",
                  "speed": "fast",
                  "pass": true,
                  "fail": false,
                  "pending": false,
                  "context": null,
                  "code": "const device=new NodePyATVDevice({host:\"192.168.178.2\",name:\"My Testdevice\",spawn:createFakeSpawn(cp=>{cp.stdout(\"#\").end()})});const listener=__name(()=>{},\"listener\");device.on(\"update\",listener);await new Promise(cb=>{device.once(\"error\",err=>{assert.ok(err instanceof Error);assert.ok(err.toString().includes(\"Unable to parse stdout json: SyntaxError\"));cb(void 0)})});device.off(\"update\",listener)",
                  "err": {},
                  "uuid": "f5321484-a9c4-4b9b-971b-dbaceff0cca5",
                  "parentUUID": "1e8f8895-eed6-416a-a068-9d4adffcdb8f",
                  "isHook": false,
                  "skipped": false
                },
                {
                  "title": "should restart the process if it gets killed",
                  "fullTitle": "NodePyATVDeviceEvents start|stopListening() should restart the process if it gets killed",
                  "timedOut": false,
                  "duration": 0,
                  "state": "pending",
                  "speed": null,
                  "pass": false,
                  "fail": false,
                  "pending": true,
                  "context": null,
                  "code": "",
                  "err": {},
                  "uuid": "53083dfa-907a-413a-abf6-79fadbfca4ab",
                  "parentUUID": "1e8f8895-eed6-416a-a068-9d4adffcdb8f",
                  "isHook": false,
                  "skipped": false
                }
              ],
              "suites": [],
              "passes": [
                "3fab2a94-7171-4413-966c-803f51ddbff2",
                "51040f39-f39e-4407-ba69-dbeb33bbe1be",
                "f5321484-a9c4-4b9b-971b-dbaceff0cca5"
              ],
              "failures": [],
              "pending": [
                "53083dfa-907a-413a-abf6-79fadbfca4ab"
              ],
              "skipped": [],
              "duration": 4,
              "root": false,
              "rootEmpty": false,
              "_timeout": 2000
            },
            {
              "uuid": "96efb787-1825-4b11-9bec-8987165df9f0",
              "title": "addListener() / removeAllListeners()",
              "fullFile": "/home/runner/work/node-pyatv/node-pyatv/test/device-events.ts",
              "file": "/test/device-events.ts",
              "beforeHooks": [],
              "afterHooks": [],
              "tests": [
                {
                  "title": "should work without any exceptions",
                  "fullTitle": "NodePyATVDeviceEvents addListener() / removeAllListeners() should work without any exceptions",
                  "timedOut": false,
                  "duration": 0,
                  "state": "passed",
                  "speed": "fast",
                  "pass": true,
                  "fail": false,
                  "pending": false,
                  "context": null,
                  "code": "const device=new NodePyATVDevice({host:\"192.168.178.2\",name:\"My Testdevice\",spawn:createFakeSpawn(cp=>{cp.onStdIn(()=>cp.end());cp.stdout({result:\"success\",title:\"My Movie\"})})});const listener=__name(()=>{},\"listener\");device.addListener(\"update\",listener);device.removeAllListeners(\"update\")",
                  "err": {},
                  "uuid": "8aad4cf4-143f-465f-b61e-b2c14b74e910",
                  "parentUUID": "96efb787-1825-4b11-9bec-8987165df9f0",
                  "isHook": false,
                  "skipped": false
                }
              ],
              "suites": [],
              "passes": [
                "8aad4cf4-143f-465f-b61e-b2c14b74e910"
              ],
              "failures": [],
              "pending": [],
              "skipped": [],
              "duration": 0,
              "root": false,
              "rootEmpty": false,
              "_timeout": 2000
            },
            {
              "uuid": "c4ec26fd-8dd0-4e47-ba3d-6904bf5e34be",
              "title": "emit()",
              "fullFile": "/home/runner/work/node-pyatv/node-pyatv/test/device-events.ts",
              "file": "/test/device-events.ts",
              "beforeHooks": [],
              "afterHooks": [],
              "tests": [
                {
                  "title": "should work",
                  "fullTitle": "NodePyATVDeviceEvents emit() should work",
                  "timedOut": false,
                  "duration": 1,
                  "state": "passed",
                  "speed": "fast",
                  "pass": true,
                  "fail": false,
                  "pending": false,
                  "context": null,
                  "code": "const device=new NodePyATVDevice({host:\"192.168.178.2\",name:\"My Testdevice\",spawn:createFakeSpawn(cp=>{cp.onStdIn(()=>cp.end())})});const event=new NodePyATVDeviceEvent({device,key:\"dateTime\",new:\"bar\",old:\"foo\"});let executions=0;device.once(\"test\",e=>{executions++;assert.strictEqual(e,event);assert.strictEqual(executions,1);done()});device.emit(\"test\",event)",
                  "err": {},
                  "uuid": "293aff18-b63f-4eac-89b7-95686c406531",
                  "parentUUID": "c4ec26fd-8dd0-4e47-ba3d-6904bf5e34be",
                  "isHook": false,
                  "skipped": false
                }
              ],
              "suites": [],
              "passes": [
                "293aff18-b63f-4eac-89b7-95686c406531"
              ],
              "failures": [],
              "pending": [],
              "skipped": [],
              "duration": 1,
              "root": false,
              "rootEmpty": false,
              "_timeout": 2000
            },
            {
              "uuid": "dfa410bd-0618-4f32-9f05-1107552eda64",
              "title": "eventNames()",
              "fullFile": "/home/runner/work/node-pyatv/node-pyatv/test/device-events.ts",
              "file": "/test/device-events.ts",
              "beforeHooks": [],
              "afterHooks": [],
              "tests": [
                {
                  "title": "should work",
                  "fullTitle": "NodePyATVDeviceEvents eventNames() should work",
                  "timedOut": false,
                  "duration": 0,
                  "state": "passed",
                  "speed": "fast",
                  "pass": true,
                  "fail": false,
                  "pending": false,
                  "context": null,
                  "code": "const device=new NodePyATVDevice({host:\"192.168.178.2\",name:\"My Testdevice\",spawn:createFakeSpawn(cp=>{cp.onStdIn(()=>cp.end())})});const listener=__name(()=>{},\"listener\");device.on(\"test\",listener);assert.deepStrictEqual(device.eventNames(),[\"test\"]);device.off(\"test\",listener)",
                  "err": {},
                  "uuid": "16a193a2-6f32-4a54-9257-9e5ebcf5a735",
                  "parentUUID": "dfa410bd-0618-4f32-9f05-1107552eda64",
                  "isHook": false,
                  "skipped": false
                }
              ],
              "suites": [],
              "passes": [
                "16a193a2-6f32-4a54-9257-9e5ebcf5a735"
              ],
              "failures": [],
              "pending": [],
              "skipped": [],
              "duration": 0,
              "root": false,
              "rootEmpty": false,
              "_timeout": 2000
            },
            {
              "uuid": "57994cb6-47f7-4952-9ca1-b5df44a9a477",
              "title": "getMaxListeners()",
              "fullFile": "/home/runner/work/node-pyatv/node-pyatv/test/device-events.ts",
              "file": "/test/device-events.ts",
              "beforeHooks": [],
              "afterHooks": [],
              "tests": [
                {
                  "title": "should work",
                  "fullTitle": "NodePyATVDeviceEvents getMaxListeners() should work",
                  "timedOut": false,
                  "duration": 0,
                  "state": "passed",
                  "speed": "fast",
                  "pass": true,
                  "fail": false,
                  "pending": false,
                  "context": null,
                  "code": "const device=new NodePyATVDevice({host:\"192.168.178.2\",name:\"My Testdevice\",spawn:createFakeSpawn(cp=>{cp.onStdIn(()=>cp.end())})});const result=device.getMaxListeners();assert.ok(typeof result,\"number\");assert.ok(result>=10)",
                  "err": {},
                  "uuid": "f3c98dd5-ce9a-434b-8475-90e9cda79820",
                  "parentUUID": "57994cb6-47f7-4952-9ca1-b5df44a9a477",
                  "isHook": false,
                  "skipped": false
                }
              ],
              "suites": [],
              "passes": [
                "f3c98dd5-ce9a-434b-8475-90e9cda79820"
              ],
              "failures": [],
              "pending": [],
              "skipped": [],
              "duration": 0,
              "root": false,
              "rootEmpty": false,
              "_timeout": 2000
            },
            {
              "uuid": "7d52858a-3d25-485a-948f-79467e483604",
              "title": "listenerCount()",
              "fullFile": "/home/runner/work/node-pyatv/node-pyatv/test/device-events.ts",
              "file": "/test/device-events.ts",
              "beforeHooks": [],
              "afterHooks": [],
              "tests": [
                {
                  "title": "should work",
                  "fullTitle": "NodePyATVDeviceEvents listenerCount() should work",
                  "timedOut": false,
                  "duration": 0,
                  "state": "passed",
                  "speed": "fast",
                  "pass": true,
                  "fail": false,
                  "pending": false,
                  "context": null,
                  "code": "const device=new NodePyATVDevice({host:\"192.168.178.2\",name:\"My Testdevice\",spawn:createFakeSpawn(cp=>{cp.onStdIn(()=>cp.end())})});const listener=__name(()=>{},\"listener\");assert.deepStrictEqual(device.listenerCount(\"test\"),0);device.on(\"test\",listener);assert.deepStrictEqual(device.listenerCount(\"test\"),1);device.off(\"test\",listener)",
                  "err": {},
                  "uuid": "bd470b29-559e-45dd-ab61-ba4f3a038558",
                  "parentUUID": "7d52858a-3d25-485a-948f-79467e483604",
                  "isHook": false,
                  "skipped": false
                }
              ],
              "suites": [],
              "passes": [
                "bd470b29-559e-45dd-ab61-ba4f3a038558"
              ],
              "failures": [],
              "pending": [],
              "skipped": [],
              "duration": 0,
              "root": false,
              "rootEmpty": false,
              "_timeout": 2000
            },
            {
              "uuid": "5173f41b-8bf9-4b43-bbdd-c6df2941422b",
              "title": "listeners()",
              "fullFile": "/home/runner/work/node-pyatv/node-pyatv/test/device-events.ts",
              "file": "/test/device-events.ts",
              "beforeHooks": [],
              "afterHooks": [],
              "tests": [
                {
                  "title": "should work",
                  "fullTitle": "NodePyATVDeviceEvents listeners() should work",
                  "timedOut": false,
                  "duration": 1,
                  "state": "passed",
                  "speed": "fast",
                  "pass": true,
                  "fail": false,
                  "pending": false,
                  "context": null,
                  "code": "const device=new NodePyATVDevice({host:\"192.168.178.2\",name:\"My Testdevice\",spawn:createFakeSpawn(cp=>{cp.onStdIn(()=>cp.end())})});const listener=__name(()=>{},\"listener\");assert.deepStrictEqual(device.listeners(\"test\").length,0);device.on(\"test\",listener);assert.deepStrictEqual(device.listeners(\"test\").length,1);assert.deepStrictEqual(device.listeners(\"test\")[0],listener);device.off(\"test\",listener)",
                  "err": {},
                  "uuid": "801cb831-4152-46a6-9ba2-249c7f489f8f",
                  "parentUUID": "5173f41b-8bf9-4b43-bbdd-c6df2941422b",
                  "isHook": false,
                  "skipped": false
                }
              ],
              "suites": [],
              "passes": [
                "801cb831-4152-46a6-9ba2-249c7f489f8f"
              ],
              "failures": [],
              "pending": [],
              "skipped": [],
              "duration": 1,
              "root": false,
              "rootEmpty": false,
              "_timeout": 2000
            },
            {
              "uuid": "a22fe5db-fed4-454f-9198-f9f71423e46c",
              "title": "prependListener()",
              "fullFile": "/home/runner/work/node-pyatv/node-pyatv/test/device-events.ts",
              "file": "/test/device-events.ts",
              "beforeHooks": [],
              "afterHooks": [],
              "tests": [
                {
                  "title": "should work",
                  "fullTitle": "NodePyATVDeviceEvents prependListener() should work",
                  "timedOut": false,
                  "duration": 1,
                  "state": "passed",
                  "speed": "fast",
                  "pass": true,
                  "fail": false,
                  "pending": false,
                  "context": null,
                  "code": "const device=new NodePyATVDevice({host:\"192.168.178.2\",name:\"My Testdevice\",spawn:createFakeSpawn(cp=>{cp.onStdIn(()=>cp.end());cp.stdout({result:\"success\",title:\"My Movie\"})})});const listener=__name(()=>{device.removeAllListeners(\"update\");done()},\"listener\");device.prependListener(\"update\",listener)",
                  "err": {},
                  "uuid": "c20f3a9a-b060-462f-bb20-3aaad41023a5",
                  "parentUUID": "a22fe5db-fed4-454f-9198-f9f71423e46c",
                  "isHook": false,
                  "skipped": false
                }
              ],
              "suites": [],
              "passes": [
                "c20f3a9a-b060-462f-bb20-3aaad41023a5"
              ],
              "failures": [],
              "pending": [],
              "skipped": [],
              "duration": 1,
              "root": false,
              "rootEmpty": false,
              "_timeout": 2000
            },
            {
              "uuid": "a2fd0ef6-0c8c-4ff4-8bab-422d35304610",
              "title": "prependOnceListener()",
              "fullFile": "/home/runner/work/node-pyatv/node-pyatv/test/device-events.ts",
              "file": "/test/device-events.ts",
              "beforeHooks": [],
              "afterHooks": [],
              "tests": [
                {
                  "title": "should work",
                  "fullTitle": "NodePyATVDeviceEvents prependOnceListener() should work",
                  "timedOut": false,
                  "duration": 1,
                  "state": "passed",
                  "speed": "fast",
                  "pass": true,
                  "fail": false,
                  "pending": false,
                  "context": null,
                  "code": "const device=new NodePyATVDevice({host:\"192.168.178.2\",name:\"My Testdevice\",spawn:createFakeSpawn(cp=>{cp.onStdIn(()=>cp.end());cp.stdout({result:\"success\",title:\"My Movie\"})})});device.prependOnceListener(\"update\",()=>done())",
                  "err": {},
                  "uuid": "95cf52e9-5564-46d8-95c3-d4b25d60490d",
                  "parentUUID": "a2fd0ef6-0c8c-4ff4-8bab-422d35304610",
                  "isHook": false,
                  "skipped": false
                }
              ],
              "suites": [],
              "passes": [
                "95cf52e9-5564-46d8-95c3-d4b25d60490d"
              ],
              "failures": [],
              "pending": [],
              "skipped": [],
              "duration": 1,
              "root": false,
              "rootEmpty": false,
              "_timeout": 2000
            },
            {
              "uuid": "932c37cd-042e-4956-8bf8-48cab7475474",
              "title": "rawListeners()",
              "fullFile": "/home/runner/work/node-pyatv/node-pyatv/test/device-events.ts",
              "file": "/test/device-events.ts",
              "beforeHooks": [],
              "afterHooks": [],
              "tests": [
                {
                  "title": "should work",
                  "fullTitle": "NodePyATVDeviceEvents rawListeners() should work",
                  "timedOut": false,
                  "duration": 0,
                  "state": "passed",
                  "speed": "fast",
                  "pass": true,
                  "fail": false,
                  "pending": false,
                  "context": null,
                  "code": "const device=new NodePyATVDevice({host:\"192.168.178.2\",name:\"My Testdevice\",spawn:createFakeSpawn(cp=>{cp.onStdIn(()=>cp.end())})});const listener=__name(()=>{},\"listener\");assert.deepStrictEqual(device.rawListeners(\"test\").length,0);device.on(\"test\",listener);assert.deepStrictEqual(device.rawListeners(\"test\").length,1);assert.deepStrictEqual(device.rawListeners(\"test\")[0],listener);device.off(\"test\",listener)",
                  "err": {},
                  "uuid": "4c033314-b050-41c0-9fbb-64023693dacf",
                  "parentUUID": "932c37cd-042e-4956-8bf8-48cab7475474",
                  "isHook": false,
                  "skipped": false
                }
              ],
              "suites": [],
              "passes": [
                "4c033314-b050-41c0-9fbb-64023693dacf"
              ],
              "failures": [],
              "pending": [],
              "skipped": [],
              "duration": 0,
              "root": false,
              "rootEmpty": false,
              "_timeout": 2000
            },
            {
              "uuid": "ec6cc0c5-c75c-440f-a21b-5157465552c3",
              "title": "removeListener()",
              "fullFile": "/home/runner/work/node-pyatv/node-pyatv/test/device-events.ts",
              "file": "/test/device-events.ts",
              "beforeHooks": [],
              "afterHooks": [],
              "tests": [
                {
                  "title": "should work without any exceptions",
                  "fullTitle": "NodePyATVDeviceEvents removeListener() should work without any exceptions",
                  "timedOut": false,
                  "duration": 0,
                  "state": "passed",
                  "speed": "fast",
                  "pass": true,
                  "fail": false,
                  "pending": false,
                  "context": null,
                  "code": "const device=new NodePyATVDevice({host:\"192.168.178.2\",name:\"My Testdevice\",spawn:createFakeSpawn(cp=>{cp.onStdIn(()=>cp.end());cp.stdout({result:\"success\",title:\"My Movie\"})})});const listener=__name(()=>{},\"listener\");device.addListener(\"update\",listener);assert.deepStrictEqual(device.listenerCount(\"update\"),1);device.removeListener(\"update\",listener);assert.deepStrictEqual(device.listenerCount(\"update\"),0)",
                  "err": {},
                  "uuid": "74a25c7f-4585-421c-8c7b-b14d80989b3d",
                  "parentUUID": "ec6cc0c5-c75c-440f-a21b-5157465552c3",
                  "isHook": false,
                  "skipped": false
                }
              ],
              "suites": [],
              "passes": [
                "74a25c7f-4585-421c-8c7b-b14d80989b3d"
              ],
              "failures": [],
              "pending": [],
              "skipped": [],
              "duration": 0,
              "root": false,
              "rootEmpty": false,
              "_timeout": 2000
            }
          ],
          "passes": [],
          "failures": [],
          "pending": [],
          "skipped": [],
          "duration": 0,
          "root": false,
          "rootEmpty": false,
          "_timeout": 2000
        },
        {
          "uuid": "ed5ad44d-6b52-4963-a2e8-947d7876beec",
          "title": "NodePyATVDevice",
          "fullFile": "/home/runner/work/node-pyatv/node-pyatv/test/device.ts",
          "file": "/test/device.ts",
          "beforeHooks": [],
          "afterHooks": [],
          "tests": [],
          "suites": [
            {
              "uuid": "a6fb54f1-e758-4f4b-9dbf-8fc8a90ab207",
              "title": "get name()",
              "fullFile": "/home/runner/work/node-pyatv/node-pyatv/test/device.ts",
              "file": "/test/device.ts",
              "beforeHooks": [],
              "afterHooks": [],
              "tests": [
                {
                  "title": "should return the name",
                  "fullTitle": "NodePyATVDevice get name() should return the name",
                  "timedOut": false,
                  "duration": 0,
                  "state": "passed",
                  "speed": "fast",
                  "pass": true,
                  "fail": false,
                  "pending": false,
                  "context": null,
                  "code": "const device=new NodePyATVDevice({host:\"192.168.178.2\",name:\"My Testdevice\"});assert.strictEqual(device.name,\"My Testdevice\")",
                  "err": {},
                  "uuid": "d9efa03b-24e1-412c-bbdd-6c05e3d951ad",
                  "parentUUID": "a6fb54f1-e758-4f4b-9dbf-8fc8a90ab207",
                  "isHook": false,
                  "skipped": false
                }
              ],
              "suites": [],
              "passes": [
                "d9efa03b-24e1-412c-bbdd-6c05e3d951ad"
              ],
              "failures": [],
              "pending": [],
              "skipped": [],
              "duration": 0,
              "root": false,
              "rootEmpty": false,
              "_timeout": 2000
            },
            {
              "uuid": "a968a2da-a902-4fcf-8d38-6bdbfa03bb8c",
              "title": "get host()",
              "fullFile": "/home/runner/work/node-pyatv/node-pyatv/test/device.ts",
              "file": "/test/device.ts",
              "beforeHooks": [],
              "afterHooks": [],
              "tests": [
                {
                  "title": "should return the host",
                  "fullTitle": "NodePyATVDevice get host() should return the host",
                  "timedOut": false,
                  "duration": 0,
                  "state": "passed",
                  "speed": "fast",
                  "pass": true,
                  "fail": false,
                  "pending": false,
                  "context": null,
                  "code": "const device=new NodePyATVDevice({host:\"192.168.178.2\",name:\"My Testdevice\"});assert.strictEqual(device.host,\"192.168.178.2\")",
                  "err": {},
                  "uuid": "bbf186a8-4b38-44bf-b5d0-84432c110bf5",
                  "parentUUID": "a968a2da-a902-4fcf-8d38-6bdbfa03bb8c",
                  "isHook": false,
                  "skipped": false
                }
              ],
              "suites": [],
              "passes": [
                "bbf186a8-4b38-44bf-b5d0-84432c110bf5"
              ],
              "failures": [],
              "pending": [],
              "skipped": [],
              "duration": 0,
              "root": false,
              "rootEmpty": false,
              "_timeout": 2000
            },
            {
              "uuid": "f4f420f8-f5a6-4a01-9ccd-c252ff630b1e",
              "title": "get id()",
              "fullFile": "/home/runner/work/node-pyatv/node-pyatv/test/device.ts",
              "file": "/test/device.ts",
              "beforeHooks": [],
              "afterHooks": [],
              "tests": [
                {
                  "title": "should return the id",
                  "fullTitle": "NodePyATVDevice get id() should return the id",
                  "timedOut": false,
                  "duration": 0,
                  "state": "passed",
                  "speed": "fast",
                  "pass": true,
                  "fail": false,
                  "pending": false,
                  "context": null,
                  "code": "const device=new NodePyATVDevice({host:\"192.168.178.2\",id:\"*****\",name:\"My Testdevice\"});assert.strictEqual(device.id,\"*****\")",
                  "err": {},
                  "uuid": "fbf85a96-6190-4995-a808-7f6281b61207",
                  "parentUUID": "f4f420f8-f5a6-4a01-9ccd-c252ff630b1e",
                  "isHook": false,
                  "skipped": false
                }
              ],
              "suites": [],
              "passes": [
                "fbf85a96-6190-4995-a808-7f6281b61207"
              ],
              "failures": [],
              "pending": [],
              "skipped": [],
              "duration": 0,
              "root": false,
              "rootEmpty": false,
              "_timeout": 2000
            },
            {
              "uuid": "6dff73b4-5457-4218-b8e3-a4e95a5722b0",
              "title": "get allIDs()",
              "fullFile": "/home/runner/work/node-pyatv/node-pyatv/test/device.ts",
              "file": "/test/device.ts",
              "beforeHooks": [],
              "afterHooks": [],
              "tests": [
                {
                  "title": "should return all the IDs",
                  "fullTitle": "NodePyATVDevice get allIDs() should return all the IDs",
                  "timedOut": false,
                  "duration": 0,
                  "state": "passed",
                  "speed": "fast",
                  "pass": true,
                  "fail": false,
                  "pending": false,
                  "context": null,
                  "code": "const device=new NodePyATVDevice({allIDs:[\"some_id_1\",\"some_id_2\",\"some_id_3\"],host:\"192.168.178.2\",id:\"*****\",name:\"My Testdevice\"});assert.deepStrictEqual(device.allIDs,[\"some_id_1\",\"some_id_2\",\"some_id_3\"])",
                  "err": {},
                  "uuid": "3ae6bc3c-4cbc-4d86-87b1-ce66a94328dc",
                  "parentUUID": "6dff73b4-5457-4218-b8e3-a4e95a5722b0",
                  "isHook": false,
                  "skipped": false
                }
              ],
              "suites": [],
              "passes": [
                "3ae6bc3c-4cbc-4d86-87b1-ce66a94328dc"
              ],
              "failures": [],
              "pending": [],
              "skipped": [],
              "duration": 0,
              "root": false,
              "rootEmpty": false,
              "_timeout": 2000
            },
            {
              "uuid": "50dc862e-9d34-4534-979f-3c27137aec90",
              "title": "get protocol()",
              "fullFile": "/home/runner/work/node-pyatv/node-pyatv/test/device.ts",
              "file": "/test/device.ts",
              "beforeHooks": [],
              "afterHooks": [],
              "tests": [
                {
                  "title": "should return the protocol",
                  "fullTitle": "NodePyATVDevice get protocol() should return the protocol",
                  "timedOut": false,
                  "duration": 0,
                  "state": "passed",
                  "speed": "fast",
                  "pass": true,
                  "fail": false,
                  "pending": false,
                  "context": null,
                  "code": "const device=new NodePyATVDevice({host:\"192.168.178.2\",name:\"My Testdevice\",protocol:NodePyATVProtocol.airplay});assert.strictEqual(device.protocol,NodePyATVProtocol.airplay)",
                  "err": {},
                  "uuid": "82f36625-2be2-4196-864a-ca788934d6de",
                  "parentUUID": "50dc862e-9d34-4534-979f-3c27137aec90",
                  "isHook": false,
                  "skipped": false
                }
              ],
              "suites": [],
              "passes": [
                "82f36625-2be2-4196-864a-ca788934d6de"
              ],
              "failures": [],
              "pending": [],
              "skipped": [],
              "duration": 0,
              "root": false,
              "rootEmpty": false,
              "_timeout": 2000
            },
            {
              "uuid": "91edd4e8-5921-4de8-a69b-91082a9a33c7",
              "title": "get mac()",
              "fullFile": "/home/runner/work/node-pyatv/node-pyatv/test/device.ts",
              "file": "/test/device.ts",
              "beforeHooks": [],
              "afterHooks": [],
              "tests": [
                {
                  "title": "should return the mac",
                  "fullTitle": "NodePyATVDevice get mac() should return the mac",
                  "timedOut": false,
                  "duration": 0,
                  "state": "passed",
                  "speed": "fast",
                  "pass": true,
                  "fail": false,
                  "pending": false,
                  "context": null,
                  "code": "const device=new NodePyATVDevice({host:\"192.168.178.2\",mac:\"AA:BB:CC:DD:EE:FF\",name:\"My Testdevice\"});assert.strictEqual(device.mac,\"AA:BB:CC:DD:EE:FF\")",
                  "err": {},
                  "uuid": "2f40c1a6-4e3d-4578-a4d0-5cf8edb9efbe",
                  "parentUUID": "91edd4e8-5921-4de8-a69b-91082a9a33c7",
                  "isHook": false,
                  "skipped": false
                }
              ],
              "suites": [],
              "passes": [
                "2f40c1a6-4e3d-4578-a4d0-5cf8edb9efbe"
              ],
              "failures": [],
              "pending": [],
              "skipped": [],
              "duration": 0,
              "root": false,
              "rootEmpty": false,
              "_timeout": 2000
            },
            {
              "uuid": "eaf1526b-8e1b-4b55-9909-b944acd7cc02",
              "title": "get model()",
              "fullFile": "/home/runner/work/node-pyatv/node-pyatv/test/device.ts",
              "file": "/test/device.ts",
              "beforeHooks": [],
              "afterHooks": [],
              "tests": [
                {
                  "title": "should return the model if set by scan",
                  "fullTitle": "NodePyATVDevice get model() should return the model if set by scan",
                  "timedOut": false,
                  "duration": 0,
                  "state": "passed",
                  "speed": "fast",
                  "pass": true,
                  "fail": false,
                  "pending": false,
                  "context": null,
                  "code": "const device=new NodePyATVDevice({host:\"10.0.10.81\",id:\"xxx\",model:\"Gen4K\",name:\"Vardagsrum\"});assert.strictEqual(device.model,\"Gen4K\")",
                  "err": {},
                  "uuid": "86d6a0ae-d502-487d-963d-adeb7c64dc06",
                  "parentUUID": "eaf1526b-8e1b-4b55-9909-b944acd7cc02",
                  "isHook": false,
                  "skipped": false
                },
                {
                  "title": "should return undefined otherwise",
                  "fullTitle": "NodePyATVDevice get model() should return undefined otherwise",
                  "timedOut": false,
                  "duration": 0,
                  "state": "passed",
                  "speed": "fast",
                  "pass": true,
                  "fail": false,
                  "pending": false,
                  "context": null,
                  "code": "const device=new NodePyATVDevice({host:\"10.0.10.81\",name:\"Vardagsrum\"});assert.strictEqual(device.model,void 0)",
                  "err": {},
                  "uuid": "e52f651b-ee7e-4a00-adcc-1dc9c2754cae",
                  "parentUUID": "eaf1526b-8e1b-4b55-9909-b944acd7cc02",
                  "isHook": false,
                  "skipped": false
                }
              ],
              "suites": [],
              "passes": [
                "86d6a0ae-d502-487d-963d-adeb7c64dc06",
                "e52f651b-ee7e-4a00-adcc-1dc9c2754cae"
              ],
              "failures": [],
              "pending": [],
              "skipped": [],
              "duration": 0,
              "root": false,
              "rootEmpty": false,
              "_timeout": 2000
            },
            {
              "uuid": "9c381d87-76a1-446b-9d81-569f63ff5801",
              "title": "get modelName()",
              "fullFile": "/home/runner/work/node-pyatv/node-pyatv/test/device.ts",
              "file": "/test/device.ts",
              "beforeHooks": [],
              "afterHooks": [],
              "tests": [
                {
                  "title": "should return the model name if set by scan",
                  "fullTitle": "NodePyATVDevice get modelName() should return the model name if set by scan",
                  "timedOut": false,
                  "duration": 1,
                  "state": "passed",
                  "speed": "fast",
                  "pass": true,
                  "fail": false,
                  "pending": false,
                  "context": null,
                  "code": "const device=new NodePyATVDevice({host:\"10.0.10.81\",id:\"xxx\",modelName:\"Apple TV 4K\",name:\"Vardagsrum\"});assert.strictEqual(device.modelName,\"Apple TV 4K\")",
                  "err": {},
                  "uuid": "5809c608-a901-4381-81ef-36d09544992c",
                  "parentUUID": "9c381d87-76a1-446b-9d81-569f63ff5801",
                  "isHook": false,
                  "skipped": false
                },
                {
                  "title": "should return undefined otherwise",
                  "fullTitle": "NodePyATVDevice get modelName() should return undefined otherwise",
                  "timedOut": false,
                  "duration": 0,
                  "state": "passed",
                  "speed": "fast",
                  "pass": true,
                  "fail": false,
                  "pending": false,
                  "context": null,
                  "code": "const device=new NodePyATVDevice({host:\"10.0.10.81\",name:\"Vardagsrum\"});assert.strictEqual(device.modelName,void 0)",
                  "err": {},
                  "uuid": "966adef5-eb83-4758-82fe-27084bea33fb",
                  "parentUUID": "9c381d87-76a1-446b-9d81-569f63ff5801",
                  "isHook": false,
                  "skipped": false
                }
              ],
              "suites": [],
              "passes": [
                "5809c608-a901-4381-81ef-36d09544992c",
                "966adef5-eb83-4758-82fe-27084bea33fb"
              ],
              "failures": [],
              "pending": [],
              "skipped": [],
              "duration": 1,
              "root": false,
              "rootEmpty": false,
              "_timeout": 2000
            },
            {
              "uuid": "bcc4d2e6-64f6-4586-9bf0-268e7de9cbaa",
              "title": "get os()",
              "fullFile": "/home/runner/work/node-pyatv/node-pyatv/test/device.ts",
              "file": "/test/device.ts",
              "beforeHooks": [],
              "afterHooks": [],
              "tests": [
                {
                  "title": "should return the operating system if set by scan",
                  "fullTitle": "NodePyATVDevice get os() should return the operating system if set by scan",
                  "timedOut": false,
                  "duration": 0,
                  "state": "passed",
                  "speed": "fast",
                  "pass": true,
                  "fail": false,
                  "pending": false,
                  "context": null,
                  "code": "const device=new NodePyATVDevice({host:\"10.0.10.81\",id:\"xxx\",name:\"Vardagsrum\",os:\"TvOS\"});assert.strictEqual(device.os,\"TvOS\")",
                  "err": {},
                  "uuid": "6c140a2b-0e25-40e6-8904-25f6e40a6f76",
                  "parentUUID": "bcc4d2e6-64f6-4586-9bf0-268e7de9cbaa",
                  "isHook": false,
                  "skipped": false
                },
                {
                  "title": "should return undefined otherwise",
                  "fullTitle": "NodePyATVDevice get os() should return undefined otherwise",
                  "timedOut": false,
                  "duration": 0,
                  "state": "passed",
                  "speed": "fast",
                  "pass": true,
                  "fail": false,
                  "pending": false,
                  "context": null,
                  "code": "const device=new NodePyATVDevice({host:\"10.0.10.81\",name:\"Vardagsrum\"});assert.strictEqual(device.os,void 0)",
                  "err": {},
                  "uuid": "ecf45de5-e868-4a5f-bc6f-c4d5e6b4a71f",
                  "parentUUID": "bcc4d2e6-64f6-4586-9bf0-268e7de9cbaa",
                  "isHook": false,
                  "skipped": false
                }
              ],
              "suites": [],
              "passes": [
                "6c140a2b-0e25-40e6-8904-25f6e40a6f76",
                "ecf45de5-e868-4a5f-bc6f-c4d5e6b4a71f"
              ],
              "failures": [],
              "pending": [],
              "skipped": [],
              "duration": 0,
              "root": false,
              "rootEmpty": false,
              "_timeout": 2000
            },
            {
              "uuid": "fd53320c-f112-4540-b31f-fcb0ebd8f990",
              "title": "get version()",
              "fullFile": "/home/runner/work/node-pyatv/node-pyatv/test/device.ts",
              "file": "/test/device.ts",
              "beforeHooks": [],
              "afterHooks": [],
              "tests": [
                {
                  "title": "should return the version if set by scan",
                  "fullTitle": "NodePyATVDevice get version() should return the version if set by scan",
                  "timedOut": false,
                  "duration": 0,
                  "state": "passed",
                  "speed": "fast",
                  "pass": true,
                  "fail": false,
                  "pending": false,
                  "context": null,
                  "code": "const device=new NodePyATVDevice({host:\"10.0.10.81\",id:\"xxx\",name:\"Vardagsrum\",version:\"15.5.1\"});assert.strictEqual(device.version,\"15.5.1\")",
                  "err": {},
                  "uuid": "f01bb700-4521-48a2-b13b-25f44946bd28",
                  "parentUUID": "fd53320c-f112-4540-b31f-fcb0ebd8f990",
                  "isHook": false,
                  "skipped": false
                },
                {
                  "title": "should return undefined otherwise",
                  "fullTitle": "NodePyATVDevice get version() should return undefined otherwise",
                  "timedOut": false,
                  "duration": 0,
                  "state": "passed",
                  "speed": "fast",
                  "pass": true,
                  "fail": false,
                  "pending": false,
                  "context": null,
                  "code": "const device=new NodePyATVDevice({host:\"10.0.10.81\",name:\"Vardagsrum\"});assert.strictEqual(device.version,void 0)",
                  "err": {},
                  "uuid": "be47b25a-0906-4262-832a-372a7c7e3170",
                  "parentUUID": "fd53320c-f112-4540-b31f-fcb0ebd8f990",
                  "isHook": false,
                  "skipped": false
                }
              ],
              "suites": [],
              "passes": [
                "f01bb700-4521-48a2-b13b-25f44946bd28",
                "be47b25a-0906-4262-832a-372a7c7e3170"
              ],
              "failures": [],
              "pending": [],
              "skipped": [],
              "duration": 0,
              "root": false,
              "rootEmpty": false,
              "_timeout": 2000
            },
            {
              "uuid": "8cb0a309-0f43-4820-b298-e6b47f7224cb",
              "title": "get services()",
              "fullFile": "/home/runner/work/node-pyatv/node-pyatv/test/device.ts",
              "file": "/test/device.ts",
              "beforeHooks": [],
              "afterHooks": [],
              "tests": [
                {
                  "title": "should return the services if set by scan",
                  "fullTitle": "NodePyATVDevice get services() should return the services if set by scan",
                  "timedOut": false,
                  "duration": 0,
                  "state": "passed",
                  "speed": "fast",
                  "pass": true,
                  "fail": false,
                  "pending": false,
                  "context": null,
                  "code": "const device=new NodePyATVDevice({host:\"10.0.10.81\",id:\"xxx\",name:\"Vardagsrum\",services:[{port:49152,protocol:NodePyATVProtocol.mrp},{port:7e3,protocol:NodePyATVProtocol.airplay}]});assert.deepStrictEqual(device.services,[{port:49152,protocol:\"mrp\"},{port:7e3,protocol:\"airplay\"}])",
                  "err": {},
                  "uuid": "a9ed5748-5917-41af-b498-45ad7666d3dd",
                  "parentUUID": "8cb0a309-0f43-4820-b298-e6b47f7224cb",
                  "isHook": false,
                  "skipped": false
                },
                {
                  "title": "should return undefined otherwise",
                  "fullTitle": "NodePyATVDevice get services() should return undefined otherwise",
                  "timedOut": false,
                  "duration": 0,
                  "state": "passed",
                  "speed": "fast",
                  "pass": true,
                  "fail": false,
                  "pending": false,
                  "context": null,
                  "code": "const device=new NodePyATVDevice({host:\"10.0.10.81\",name:\"Vardagsrum\"});assert.strictEqual(device.services,void 0)",
                  "err": {},
                  "uuid": "38a8921f-4053-4815-a9e7-8514bdc8cb76",
                  "parentUUID": "8cb0a309-0f43-4820-b298-e6b47f7224cb",
                  "isHook": false,
                  "skipped": false
                }
              ],
              "suites": [],
              "passes": [
                "a9ed5748-5917-41af-b498-45ad7666d3dd",
                "38a8921f-4053-4815-a9e7-8514bdc8cb76"
              ],
              "failures": [],
              "pending": [],
              "skipped": [],
              "duration": 0,
              "root": false,
              "rootEmpty": false,
              "_timeout": 2000
            },
            {
              "uuid": "9d1f380b-3a17-4109-9a20-fa5afa2cc1ad",
              "title": "get debug()",
              "fullFile": "/home/runner/work/node-pyatv/node-pyatv/test/device.ts",
              "file": "/test/device.ts",
              "beforeHooks": [],
              "afterHooks": [],
              "tests": [
                {
                  "title": "should return true if set to true",
                  "fullTitle": "NodePyATVDevice get debug() should return true if set to true",
                  "timedOut": false,
                  "duration": 0,
                  "state": "passed",
                  "speed": "fast",
                  "pass": true,
                  "fail": false,
                  "pending": false,
                  "context": null,
                  "code": "const device=new NodePyATVDevice({debug:true,host:\"192.168.178.2\",name:\"My Testdevice\"});assert.strictEqual(device.debug,true)",
                  "err": {},
                  "uuid": "5bdacc76-6f1c-4f1b-8ebb-574e3ae50375",
                  "parentUUID": "9d1f380b-3a17-4109-9a20-fa5afa2cc1ad",
                  "isHook": false,
                  "skipped": false
                },
                {
                  "title": "should return fn if set to custom function",
                  "fullTitle": "NodePyATVDevice get debug() should return fn if set to custom function",
                  "timedOut": false,
                  "duration": 0,
                  "state": "passed",
                  "speed": "fast",
                  "pass": true,
                  "fail": false,
                  "pending": false,
                  "context": null,
                  "code": "const fn=__name(()=>{},\"fn\");const device=new NodePyATVDevice({debug:fn,host:\"192.168.178.2\",name:\"My Testdevice\"});assert.strictEqual(device.debug,fn)",
                  "err": {},
                  "uuid": "4d00c5ae-bfc8-4b72-ba67-73a5e2e5d6a9",
                  "parentUUID": "9d1f380b-3a17-4109-9a20-fa5afa2cc1ad",
                  "isHook": false,
                  "skipped": false
                },
                {
                  "title": "should return false if unset",
                  "fullTitle": "NodePyATVDevice get debug() should return false if unset",
                  "timedOut": false,
                  "duration": 1,
                  "state": "passed",
                  "speed": "fast",
                  "pass": true,
                  "fail": false,
                  "pending": false,
                  "context": null,
                  "code": "const device=new NodePyATVDevice({host:\"192.168.178.2\",name:\"My Testdevice\"});assert.strictEqual(device.debug,void 0)",
                  "err": {},
                  "uuid": "fc0c62da-0c06-4e6d-a6ad-0716293e5027",
                  "parentUUID": "9d1f380b-3a17-4109-9a20-fa5afa2cc1ad",
                  "isHook": false,
                  "skipped": false
                }
              ],
              "suites": [],
              "passes": [
                "5bdacc76-6f1c-4f1b-8ebb-574e3ae50375",
                "4d00c5ae-bfc8-4b72-ba67-73a5e2e5d6a9",
                "fc0c62da-0c06-4e6d-a6ad-0716293e5027"
              ],
              "failures": [],
              "pending": [],
              "skipped": [],
              "duration": 1,
              "root": false,
              "rootEmpty": false,
              "_timeout": 2000
            },
            {
              "uuid": "11734d5a-7a77-4e7d-af25-a3c588499e85",
              "title": "set debug()",
              "fullFile": "/home/runner/work/node-pyatv/node-pyatv/test/device.ts",
              "file": "/test/device.ts",
              "beforeHooks": [],
              "afterHooks": [],
              "tests": [
                {
                  "title": "should work for debug = true",
                  "fullTitle": "NodePyATVDevice set debug() should work for debug = true",
                  "timedOut": false,
                  "duration": 0,
                  "state": "passed",
                  "speed": "fast",
                  "pass": true,
                  "fail": false,
                  "pending": false,
                  "context": null,
                  "code": "const device=new NodePyATVDevice({host:\"192.168.178.2\",name:\"My Testdevice\"});assert.strictEqual(device.debug,void 0);device.debug=true;assert.strictEqual(device.debug,true)",
                  "err": {},
                  "uuid": "46095b47-0da1-4c03-ab39-64fa47417d58",
                  "parentUUID": "11734d5a-7a77-4e7d-af25-a3c588499e85",
                  "isHook": false,
                  "skipped": false
                },
                {
                  "title": "should work for debug = undefined",
                  "fullTitle": "NodePyATVDevice set debug() should work for debug = undefined",
                  "timedOut": false,
                  "duration": 0,
                  "state": "passed",
                  "speed": "fast",
                  "pass": true,
                  "fail": false,
                  "pending": false,
                  "context": null,
                  "code": "const device=new NodePyATVDevice({debug:true,host:\"192.168.178.2\",name:\"My Testdevice\"});assert.strictEqual(device.debug,true);device.debug=void 0;assert.strictEqual(device.debug,void 0)",
                  "err": {},
                  "uuid": "ffdeda1e-3b40-42a7-bfe0-d4f0af1acb11",
                  "parentUUID": "11734d5a-7a77-4e7d-af25-a3c588499e85",
                  "isHook": false,
                  "skipped": false
[...]
              "afterHooks": [],
              "tests": [
                {
                  "title": "should handle atvremotePath if set",
                  "fullTitle": "Tools getExecutable() should handle atvremotePath if set",
                  "timedOut": false,
                  "duration": 0,
                  "state": "passed",
                  "speed": "fast",
                  "pass": true,
                  "fail": false,
                  "pending": false,
                  "context": null,
                  "code": "const result=getExecutable(NodePyATVExecutableType.atvremote,{atvremotePath:\"/tmp/1\",atvscriptPath:\"/tmp/2\"});assert.strictEqual(result,\"/tmp/1\")",
                  "err": {},
                  "uuid": "55ab2a00-43c1-4f6d-a9d2-ff78f89d43f4",
                  "parentUUID": "24f0feec-3603-4fde-b1ad-b9e83f269c38",
                  "isHook": false,
                  "skipped": false
                },
                {
                  "title": "should handle atvscriptPath if set",
                  "fullTitle": "Tools getExecutable() should handle atvscriptPath if set",
                  "timedOut": false,
                  "duration": 0,
                  "state": "passed",
                  "speed": "fast",
                  "pass": true,
                  "fail": false,
                  "pending": false,
                  "context": null,
                  "code": "const result=getExecutable(NodePyATVExecutableType.atvscript,{atvremotePath:\"/tmp/1\",atvscriptPath:\"/tmp/2\"});assert.strictEqual(result,\"/tmp/2\")",
                  "err": {},
                  "uuid": "a92ea15b-717d-4b20-9bda-a27a3f355b20",
                  "parentUUID": "24f0feec-3603-4fde-b1ad-b9e83f269c38",
                  "isHook": false,
                  "skipped": false
                },
                {
                  "title": "should handle default for atvremote",
                  "fullTitle": "Tools getExecutable() should handle default for atvremote",
                  "timedOut": false,
                  "duration": 0,
                  "state": "passed",
                  "speed": "fast",
                  "pass": true,
                  "fail": false,
                  "pending": false,
                  "context": null,
                  "code": "const result=getExecutable(NodePyATVExecutableType.atvremote,{atvscriptPath:\"/tmp\"});assert.strictEqual(result,\"atvremote\")",
                  "err": {},
                  "uuid": "cdad534f-79f9-4aba-8247-01857633623f",
                  "parentUUID": "24f0feec-3603-4fde-b1ad-b9e83f269c38",
                  "isHook": false,
                  "skipped": false
                },
                {
                  "title": "should handle default for atvscript",
                  "fullTitle": "Tools getExecutable() should handle default for atvscript",
                  "timedOut": false,
                  "duration": 0,
                  "state": "passed",
                  "speed": "fast",
                  "pass": true,
                  "fail": false,
                  "pending": false,
                  "context": null,
                  "code": "const result=getExecutable(NodePyATVExecutableType.atvscript,{atvremotePath:\"/tmp\"});assert.strictEqual(result,\"atvscript\")",
                  "err": {},
                  "uuid": "5e1c1c06-2ca0-40b9-abbb-1127c6c35fe2",
                  "parentUUID": "24f0feec-3603-4fde-b1ad-b9e83f269c38",
                  "isHook": false,
                  "skipped": false
                }
              ],
              "suites": [],
              "passes": [
                "55ab2a00-43c1-4f6d-a9d2-ff78f89d43f4",
                "a92ea15b-717d-4b20-9bda-a27a3f355b20",
                "cdad534f-79f9-4aba-8247-01857633623f",
                "5e1c1c06-2ca0-40b9-abbb-1127c6c35fe2"
              ],
              "failures": [],
              "pending": [],
              "skipped": [],
              "duration": 0,
              "root": false,
              "rootEmpty": false,
              "_timeout": 2000
            },
            {
              "uuid": "b5f8e5fb-8ad7-41c5-9a90-fba87e5053f4",
              "title": "getParameters()",
              "fullFile": "/home/runner/work/node-pyatv/node-pyatv/test/tools.ts",
              "file": "/test/tools.ts",
              "beforeHooks": [],
              "afterHooks": [],
              "tests": [
                {
                  "title": "empty case",
                  "fullTitle": "Tools getParameters() empty case",
                  "timedOut": false,
                  "duration": 0,
                  "state": "passed",
                  "speed": "fast",
                  "pass": true,
                  "fail": false,
                  "pending": false,
                  "context": null,
                  "code": "const result=await getParameters();assert.deepEqual(result,[])",
                  "err": {},
                  "uuid": "462c89f5-4570-4f15-990f-94838100681a",
                  "parentUUID": "b5f8e5fb-8ad7-41c5-9a90-fba87e5053f4",
                  "isHook": false,
                  "skipped": false
                },
                {
                  "title": "easy case",
                  "fullTitle": "Tools getParameters() easy case",
                  "timedOut": false,
                  "duration": 0,
                  "state": "passed",
                  "speed": "fast",
                  "pass": true,
                  "fail": false,
                  "pending": false,
                  "context": null,
                  "code": "const result=await getParameters({host:\"192.168.178.2\"});assert.deepEqual(result,[\"-s\",\"192.168.178.2\"])",
                  "err": {},
                  "uuid": "01051248-0821-4fcf-9ba9-cb3540cf2b30",
                  "parentUUID": "b5f8e5fb-8ad7-41c5-9a90-fba87e5053f4",
                  "isHook": false,
                  "skipped": false
                },
                {
                  "title": "full case",
                  "fullTitle": "Tools getParameters() full case",
                  "timedOut": false,
                  "duration": 0,
                  "state": "passed",
                  "speed": "fast",
                  "pass": true,
                  "fail": false,
                  "pending": false,
                  "context": null,
                  "code": "const result=await getParameters({airplayCredentials:\"****\",companionCredentials:\"1234\",dmapCredentials:\"****\",hosts:[\"192.168.178.2\",\"192.168.178.3\"],id:\"****\",mrpCredentials:\"****\",protocol:NodePyATVProtocol.mrp,raopCredentials:\"::foo:\"});assert.deepEqual(result,[\"-s\",\"192.168.178.2,192.168.178.3\",\"-i\",\"****\",\"--protocol\",\"mrp\",\"--dmap-credentials\",\"****\",\"--mrp-credentials\",\"****\",\"--airplay-credentials\",\"****\",\"--companion-credentials\",\"1234\",\"--raop-credentials\",\"::foo:\"])",
                  "err": {},
                  "uuid": "85312292-8207-4a77-a9cd-1908391c3e6e",
                  "parentUUID": "b5f8e5fb-8ad7-41c5-9a90-fba87e5053f4",
                  "isHook": false,
                  "skipped": false
                }
              ],
              "suites": [],
              "passes": [
                "462c89f5-4570-4f15-990f-94838100681a",
                "01051248-0821-4fcf-9ba9-cb3540cf2b30",
                "85312292-8207-4a77-a9cd-1908391c3e6e"
              ],
              "failures": [],
              "pending": [],
              "skipped": [],
              "duration": 0,
              "root": false,
              "rootEmpty": false,
              "_timeout": 2000
            },
            {
              "uuid": "8ab091dc-46a3-4a71-9856-136b2dc51a69",
              "title": "parseState()",
              "fullFile": "/home/runner/work/node-pyatv/node-pyatv/test/tools.ts",
              "file": "/test/tools.ts",
              "beforeHooks": [],
              "afterHooks": [],
              "tests": [
                {
                  "title": "should work with empty data",
                  "fullTitle": "Tools parseState() should work with empty data",
                  "timedOut": false,
                  "duration": 0,
                  "state": "passed",
                  "speed": "fast",
                  "pass": true,
                  "fail": false,
                  "pending": false,
                  "context": null,
                  "code": "const input={};const result=parseState(input,\"\",{});assert.deepStrictEqual(result,{album:null,app:null,appId:null,artist:null,contentIdentifier:null,dateTime:null,deviceState:null,episodeNumber:null,focusState:null,genre:null,hash:null,iTunesStoreIdentifier:null,mediaType:null,outputDevices:null,position:null,powerState:null,repeat:null,seasonNumber:null,seriesName:null,shuffle:null,title:null,totalTime:null,volume:null})",
                  "err": {},
                  "uuid": "40edecd6-a090-4435-89d3-1863e785dcbf",
                  "parentUUID": "8ab091dc-46a3-4a71-9856-136b2dc51a69",
                  "isHook": false,
                  "skipped": false
                },
                {
                  "title": "should work without data",
                  "fullTitle": "Tools parseState() should work without data",
                  "timedOut": false,
                  "duration": 0,
                  "state": "passed",
                  "speed": "fast",
                  "pass": true,
                  "fail": false,
                  "pending": false,
                  "context": null,
                  "code": "const result=parseState(null,\"\",{});assert.deepStrictEqual(result,{album:null,app:null,appId:null,artist:null,contentIdentifier:null,dateTime:null,deviceState:null,episodeNumber:null,focusState:null,genre:null,hash:null,iTunesStoreIdentifier:null,mediaType:null,outputDevices:null,position:null,powerState:null,repeat:null,seasonNumber:null,seriesName:null,shuffle:null,title:null,totalTime:null,volume:null})",
                  "err": {},
                  "uuid": "a7e6564e-e76a-4e4a-9aee-20ea8f639706",
                  "parentUUID": "8ab091dc-46a3-4a71-9856-136b2dc51a69",
                  "isHook": false,
                  "skipped": false
                },
                {
                  "title": "should work with example data",
                  "fullTitle": "Tools parseState() should work with example data",
                  "timedOut": false,
                  "duration": 1,
                  "state": "passed",
                  "speed": "fast",
                  "pass": true,
                  "fail": false,
                  "pending": false,
                  "context": null,
                  "code": "const input={album:null,app:\"Disney+\",app_id:\"com.disney.disneyplus\",artist:null,content_identifier:null,datetime:\"2020-11-07T22:38:43.608030+01:00\",device_state:\"playing\",episode_number:null,focus_state:null,genre:null,hash:\"100e0ab6-6ff5-4199-9c04-a7107ff78712\",itunes_store_identifier:null,media_type:\"video\",output_devices:null,position:27,power_state:null,repeat:\"off\",result:\"success\",season_number:null,series_name:null,shuffle:\"off\",title:\"Solo: A Star Wars Story\",total_time:8097,volume:null};const result=parseState(input,\"\",{});assert.deepStrictEqual(result,{album:null,app:\"Disney+\",appId:\"com.disney.disneyplus\",artist:null,contentIdentifier:null,dateTime:new Date(\"2020-11-07T22:38:43.608030+01:00\"),deviceState:NodePyATVDeviceState.playing,episodeNumber:null,focusState:null,genre:null,hash:\"100e0ab6-6ff5-4199-9c04-a7107ff78712\",iTunesStoreIdentifier:null,mediaType:NodePyATVMediaType.video,outputDevices:null,position:27,powerState:null,repeat:NodePyATVRepeatState.off,seasonNumber:null,seriesName:null,shuffle:NodePyATVShuffleState.off,title:\"Solo: A Star Wars Story\",totalTime:8097,volume:null})",
                  "err": {},
                  "uuid": "d1ccc03f-1b8c-4502-9964-bd6a5aed8d5a",
                  "parentUUID": "8ab091dc-46a3-4a71-9856-136b2dc51a69",
                  "isHook": false,
                  "skipped": false
                },
                {
                  "title": "should throw an error for pyatv exceptions",
                  "fullTitle": "Tools parseState() should throw an error for pyatv exceptions",
                  "timedOut": false,
                  "duration": 0,
                  "state": "passed",
                  "speed": "fast",
                  "pass": true,
                  "fail": false,
                  "pending": false,
                  "context": null,
                  "code": "const input={datetime:\"2021-11-24T21:13:36.424576+03:00\",exception:\"invalid credentials: 321\",result:\"failure\",stacktrace:'Traceback (most recent call last):\\n  File \"/Users/free/Library/Python/3.8/lib/python/site-packages/pyatv/scripts/atvscript.py\", line 302, in appstart\\n    print(args.output(await _handle_command(args, abort_sem, loop)), flush=True)\\n  File \"/Users/free/Library/Python/3.8/lib/python/site-packages/pyatv/scripts/atvscript.py\", line 196, in _handle_command\\n    atv = await connect(config, loop, protocol=Protocol.MRP)\\n  File \"/Users/free/Library/Python/3.8/lib/python/site-packages/pyatv/__init__.py\", line 96, in connect\\n    for setup_data in proto_methods.setup(\\n  File \"/Users/free/Library/Python/3.8/lib/python/site-packages/pyatv/protocols/airplay/__init__.py\", line 192, in setup\\n    stream = AirPlayStream(config, service)\\n  File \"/Users/free/Library/Python/3.8/lib/python/site-packages/pyatv/protocols/airplay/__init__.py\", line 79, in __init__\\n    self._credentials: HapCredentials = parse_credentials(self.service.credentials)\\n  File \"/Users/free/Library/Python/3.8/lib/python/site-packages/pyatv/auth/hap_pairing.py\", line 139, in parse_credentials\\n    raise exceptions.InvalidCredentialsError(\"invalid credentials: \" + detail_string)\\npyatv.exceptions.InvalidCredentialsError: invalid credentials: 321\\n'};assert.throws(()=>{parseState(input,\"\",{})},/Got pyatv Error: invalid credentials: 321/)",
                  "err": {},
                  "uuid": "820db59a-eabd-4784-bd03-26c2290173a0",
                  "parentUUID": "8ab091dc-46a3-4a71-9856-136b2dc51a69",
                  "isHook": false,
                  "skipped": false
                },
                {
                  "title": "should ignore date if it's an invalid date",
                  "fullTitle": "Tools parseState() should ignore date if it's an invalid date",
                  "timedOut": false,
                  "duration": 0,
                  "state": "passed",
                  "speed": "fast",
                  "pass": true,
                  "fail": false,
                  "pending": false,
                  "context": null,
                  "code": "const input={datetime:\"today\"};const result=parseState(input,\"\",{});assert.deepStrictEqual(result,{album:null,app:null,appId:null,artist:null,contentIdentifier:null,dateTime:null,deviceState:null,episodeNumber:null,focusState:null,genre:null,hash:null,iTunesStoreIdentifier:null,mediaType:null,outputDevices:null,position:null,powerState:null,repeat:null,seasonNumber:null,seriesName:null,shuffle:null,title:null,totalTime:null,volume:null})",
                  "err": {},
                  "uuid": "f74678a4-ff0e-46dc-bb39-54b6af79d5ab",
                  "parentUUID": "8ab091dc-46a3-4a71-9856-136b2dc51a69",
                  "isHook": false,
                  "skipped": false
                },
                {
                  "title": "should ignore data if unsupported type",
                  "fullTitle": "Tools parseState() should ignore data if unsupported type",
                  "timedOut": false,
                  "duration": 0,
                  "state": "passed",
                  "speed": "fast",
                  "pass": true,
                  "fail": false,
                  "pending": false,
                  "context": null,
                  "code": "const input={album:Infinity,app:0,app_id:891645381647289,artist:90,content_identifier:null,datetime:true,device_state:43,episode_number:null,focus_state:null,genre:Math.PI,hash:1337,itunes_store_identifier:null,media_type:false,output_devices:null,position:\"0:30.123\",power_state:null,repeat:true,result:\"success\",season_number:null,series_name:null,shuffle:false,title:void 0,total_time:\"23min\",volume:null};const result=parseState(input,\"\",{});assert.deepStrictEqual(result,{album:null,app:null,appId:null,artist:null,contentIdentifier:null,dateTime:null,deviceState:null,episodeNumber:null,focusState:null,genre:null,hash:null,iTunesStoreIdentifier:null,mediaType:null,outputDevices:null,position:null,powerState:null,repeat:null,seasonNumber:null,seriesName:null,shuffle:null,title:null,totalTime:null,volume:null})",
                  "err": {},
                  "uuid": "00588827-da34-44e1-a756-789f38985896",
                  "parentUUID": "8ab091dc-46a3-4a71-9856-136b2dc51a69",
                  "isHook": false,
                  "skipped": false
                },
                {
                  "title": "should ignore enums with unsupported valid",
                  "fullTitle": "Tools parseState() should ignore enums with unsupported valid",
                  "timedOut": false,
                  "duration": 0,
                  "state": "passed",
                  "speed": "fast",
                  "pass": true,
                  "fail": false,
                  "pending": false,
                  "context": null,
                  "code": "const input={device_state:\"initiating\",media_type:\"3d-experience\",repeat:\"nothing\",shuffle:\"everything\"};const result=parseState(input,\"\",{});assert.deepStrictEqual(result,{album:null,app:null,appId:null,artist:null,contentIdentifier:null,dateTime:null,deviceState:null,episodeNumber:null,focusState:null,genre:null,hash:null,iTunesStoreIdentifier:null,mediaType:null,outputDevices:null,position:null,powerState:null,repeat:null,seasonNumber:null,seriesName:null,shuffle:null,title:null,totalTime:null,volume:null})",
                  "err": {},
                  "uuid": "2483c64d-0a66-4151-bdea-ffd205ce40c6",
                  "parentUUID": "8ab091dc-46a3-4a71-9856-136b2dc51a69",
                  "isHook": false,
                  "skipped": false
                }
              ],
              "suites": [],
              "passes": [
                "40edecd6-a090-4435-89d3-1863e785dcbf",
                "a7e6564e-e76a-4e4a-9aee-20ea8f639706",
                "d1ccc03f-1b8c-4502-9964-bd6a5aed8d5a",
                "820db59a-eabd-4784-bd03-26c2290173a0",
                "f74678a4-ff0e-46dc-bb39-54b6af79d5ab",
                "00588827-da34-44e1-a756-789f38985896",
                "2483c64d-0a66-4151-bdea-ffd205ce40c6"
              ],
              "failures": [],
              "pending": [],
              "skipped": [],
              "duration": 1,
              "root": false,
              "rootEmpty": false,
              "_timeout": 2000
            }
          ],
          "passes": [],
          "failures": [],
          "pending": [],
          "skipped": [],
          "duration": 0,
          "root": false,
          "rootEmpty": false,
          "_timeout": 2000
        }
      ],
      "passes": [],
      "failures": [],
      "pending": [],
      "skipped": [],
      "duration": 0,
      "root": true,
      "rootEmpty": true,
      "_timeout": 2000
    }
  ],
  "meta": {
    "mocha": {
      "version": "11.5.0"
    },
    "mochawesome": {
      "options": {
        "quiet": false,
        "reportFilename": "mochawesome",
        "saveHtml": true,
        "saveJson": true,
        "consoleReporter": "spec",
        "useInlineDiffs": false,
        "code": true
      },
      "version": "7.1.3"
    },
    "marge": {
      "options": null,
      "version": "6.2.0"
    }
  }
}