{
  "stats": {
    "suites": 102,
    "tests": 174,
    "passes": 172,
    "pending": 2,
    "failures": 0,
    "start": "2025-10-14T10:27:11.762Z",
    "end": "2025-10-14T10:27:23.991Z",
    "duration": 12229,
    "testsRegistered": 174,
    "passPercent": 100,
    "pendingPercent": 1.1494252873563218,
    "other": 0,
    "hasOther": false,
    "skipped": 0,
    "hasSkipped": false
  },
  "results": [
    {
      "uuid": "299d8197-6ed8-4d55-a812-3566bff8e9f5",
      "title": "",
      "fullFile": "",
      "file": "",
      "beforeHooks": [],
      "afterHooks": [],
      "tests": [],
      "suites": [
        {
          "uuid": "245820f3-b3cb-4024-a709-237ea862f4d1",
          "title": "NodePyATVDeviceEvent",
          "fullFile": "/home/runner/work/node-pyatv/node-pyatv/test/device-event.ts",
          "file": "/test/device-event.ts",
          "beforeHooks": [],
          "afterHooks": [],
          "tests": [],
          "suites": [
            {
              "uuid": "d96b8fd2-f294-4296-90d7-426bdcbd8cfe",
              "title": "get key()",
              "fullFile": "/home/runner/work/node-pyatv/node-pyatv/test/device-event.ts",
              "file": "/test/device-event.ts",
              "beforeHooks": [],
              "afterHooks": [],
              "tests": [
                {
                  "title": "should work",
                  "fullTitle": "NodePyATVDeviceEvent get key() should work",
                  "timedOut": false,
                  "duration": 1,
                  "state": "passed",
                  "speed": "fast",
                  "pass": true,
                  "fail": false,
                  "pending": false,
                  "context": null,
                  "code": "const event=new import_device_event.default({device:new import_device.default({host:\"192.168.178.2\",name:\"My Testinstance\"}),key:\"genre\",new:\"Rock\",old:\"Jazz\"});import_assert.default.strictEqual(event.key,\"genre\")",
                  "err": {},
                  "uuid": "699611f6-89a1-4185-8ae9-3ecf570fb89a",
                  "parentUUID": "d96b8fd2-f294-4296-90d7-426bdcbd8cfe",
                  "isHook": false,
                  "skipped": false
                }
              ],
              "suites": [],
              "passes": [
                "699611f6-89a1-4185-8ae9-3ecf570fb89a"
              ],
              "failures": [],
              "pending": [],
              "skipped": [],
              "duration": 1,
              "root": false,
              "rootEmpty": false,
              "_timeout": 2000
            },
            {
              "uuid": "8e80f403-d983-4889-88bd-a7f4f539e182",
              "title": "get oldValue()",
              "fullFile": "/home/runner/work/node-pyatv/node-pyatv/test/device-event.ts",
              "file": "/test/device-event.ts",
              "beforeHooks": [],
              "afterHooks": [],
              "tests": [
                {
                  "title": "should work",
                  "fullTitle": "NodePyATVDeviceEvent get oldValue() should work",
                  "timedOut": false,
                  "duration": 0,
                  "state": "passed",
                  "speed": "fast",
                  "pass": true,
                  "fail": false,
                  "pending": false,
                  "context": null,
                  "code": "const event=new import_device_event.default({device:new import_device.default({host:\"192.168.178.2\",name:\"My Testinstance\"}),key:\"genre\",new:\"Rock\",old:\"Jazz\"});import_assert.default.strictEqual(event.oldValue,\"Jazz\")",
                  "err": {},
                  "uuid": "fcb10a74-5bb9-408f-86bc-c820e5cdfbee",
                  "parentUUID": "8e80f403-d983-4889-88bd-a7f4f539e182",
                  "isHook": false,
                  "skipped": false
                }
              ],
              "suites": [],
              "passes": [
                "fcb10a74-5bb9-408f-86bc-c820e5cdfbee"
              ],
              "failures": [],
              "pending": [],
              "skipped": [],
              "duration": 0,
              "root": false,
              "rootEmpty": false,
              "_timeout": 2000
            },
            {
              "uuid": "a9701d36-c1f1-49f3-9318-5d778942ae03",
              "title": "get newValue()",
              "fullFile": "/home/runner/work/node-pyatv/node-pyatv/test/device-event.ts",
              "file": "/test/device-event.ts",
              "beforeHooks": [],
              "afterHooks": [],
              "tests": [
                {
                  "title": "should work",
                  "fullTitle": "NodePyATVDeviceEvent get newValue() should work",
                  "timedOut": false,
                  "duration": 0,
                  "state": "passed",
                  "speed": "fast",
                  "pass": true,
                  "fail": false,
                  "pending": false,
                  "context": null,
                  "code": "const event=new import_device_event.default({device:new import_device.default({host:\"192.168.178.2\",name:\"My Testinstance\"}),key:\"genre\",new:\"Rock\",old:\"Jazz\"});import_assert.default.strictEqual(event.newValue,\"Rock\")",
                  "err": {},
                  "uuid": "644851eb-39e8-4b82-ad6e-aa4d7af0f13e",
                  "parentUUID": "a9701d36-c1f1-49f3-9318-5d778942ae03",
                  "isHook": false,
                  "skipped": false
                }
              ],
              "suites": [],
              "passes": [
                "644851eb-39e8-4b82-ad6e-aa4d7af0f13e"
              ],
              "failures": [],
              "pending": [],
              "skipped": [],
              "duration": 0,
              "root": false,
              "rootEmpty": false,
              "_timeout": 2000
            },
            {
              "uuid": "112a63a8-5fd2-48d5-bc3c-832e34009f36",
              "title": "get value()",
              "fullFile": "/home/runner/work/node-pyatv/node-pyatv/test/device-event.ts",
              "file": "/test/device-event.ts",
              "beforeHooks": [],
              "afterHooks": [],
              "tests": [
                {
                  "title": "should work",
                  "fullTitle": "NodePyATVDeviceEvent get value() should work",
                  "timedOut": false,
                  "duration": 0,
                  "state": "passed",
                  "speed": "fast",
                  "pass": true,
                  "fail": false,
                  "pending": false,
                  "context": null,
                  "code": "const event=new import_device_event.default({device:new import_device.default({host:\"192.168.178.2\",name:\"My Testinstance\"}),key:\"genre\",new:\"Rock\",old:\"Jazz\"});import_assert.default.strictEqual(event.value,\"Rock\")",
                  "err": {},
                  "uuid": "dcd5b9d2-5d73-424a-8de8-9449c39f6541",
                  "parentUUID": "112a63a8-5fd2-48d5-bc3c-832e34009f36",
                  "isHook": false,
                  "skipped": false
                }
              ],
              "suites": [],
              "passes": [
                "dcd5b9d2-5d73-424a-8de8-9449c39f6541"
              ],
              "failures": [],
              "pending": [],
              "skipped": [],
              "duration": 0,
              "root": false,
              "rootEmpty": false,
              "_timeout": 2000
            },
            {
              "uuid": "5bbdad5a-50c5-4e56-b6f1-61f6a70e4ca4",
              "title": "get device()",
              "fullFile": "/home/runner/work/node-pyatv/node-pyatv/test/device-event.ts",
              "file": "/test/device-event.ts",
              "beforeHooks": [],
              "afterHooks": [],
              "tests": [
                {
                  "title": "should work",
                  "fullTitle": "NodePyATVDeviceEvent get device() should work",
                  "timedOut": false,
                  "duration": 1,
                  "state": "passed",
                  "speed": "fast",
                  "pass": true,
                  "fail": false,
                  "pending": false,
                  "context": null,
                  "code": "const device=new import_device.default({host:\"192.168.178.2\",name:\"My Testinstance\"});const event=new import_device_event.default({device,key:\"genre\",new:\"Rock\",old:\"Jazz\"});import_assert.default.deepEqual(event.device,device)",
                  "err": {},
                  "uuid": "3d094790-131a-4d2c-80e4-3201de1d67e1",
                  "parentUUID": "5bbdad5a-50c5-4e56-b6f1-61f6a70e4ca4",
                  "isHook": false,
                  "skipped": false
                }
              ],
              "suites": [],
              "passes": [
                "3d094790-131a-4d2c-80e4-3201de1d67e1"
              ],
              "failures": [],
              "pending": [],
              "skipped": [],
              "duration": 1,
              "root": false,
              "rootEmpty": false,
              "_timeout": 2000
            }
          ],
          "passes": [],
          "failures": [],
          "pending": [],
          "skipped": [],
          "duration": 0,
          "root": false,
          "rootEmpty": false,
          "_timeout": 2000
        },
        {
          "uuid": "669cf95e-d1ed-4554-a470-b82da9fc75b9",
          "title": "NodePyATVDeviceEvents",
          "fullFile": "/home/runner/work/node-pyatv/node-pyatv/test/device-events.ts",
          "file": "/test/device-events.ts",
          "beforeHooks": [],
          "afterHooks": [],
          "tests": [],
          "suites": [
            {
              "uuid": "177a06e1-756b-433b-9eb0-fa88dfde06cc",
              "title": "applyStateAndEmitEvents()",
              "fullFile": "/home/runner/work/node-pyatv/node-pyatv/test/device-events.ts",
              "file": "/test/device-events.ts",
              "beforeHooks": [],
              "afterHooks": [],
              "tests": [
                {
                  "title": "should emit update:key event",
                  "fullTitle": "NodePyATVDeviceEvents applyStateAndEmitEvents() should emit update:key event",
                  "timedOut": false,
                  "duration": 3,
                  "state": "passed",
                  "speed": "fast",
                  "pass": true,
                  "fail": false,
                  "pending": false,
                  "context": null,
                  "code": "const device=new import_lib.NodePyATVDevice({host:\"192.168.178.2\",name:\"My Testdevice\",spawn:(0,import_fake_spawn.createFakeSpawn)(cp=>{cp.onStdIn(()=>cp.end());cp.stdout({result:\"success\",title:\"My Movie\"})})});await new Promise(cb=>{device.once(\"update:title\",event=>{import_assert.default.ok(event instanceof import_lib.NodePyATVDeviceEvent);import_assert.default.strictEqual(event.key,\"title\");import_assert.default.strictEqual(event.oldValue,null);import_assert.default.strictEqual(event.newValue,\"My Movie\");import_assert.default.strictEqual(event.value,\"My Movie\");import_assert.default.deepStrictEqual(event.device,device);cb(void 0)})})",
                  "err": {},
                  "uuid": "83ad50f7-50fc-48a2-9ea1-bdabcd625cef",
                  "parentUUID": "177a06e1-756b-433b-9eb0-fa88dfde06cc",
                  "isHook": false,
                  "skipped": false
                },
                {
                  "title": "should emit update event",
                  "fullTitle": "NodePyATVDeviceEvents applyStateAndEmitEvents() should emit update event",
                  "timedOut": false,
                  "duration": 2,
                  "state": "passed",
                  "speed": "fast",
                  "pass": true,
                  "fail": false,
                  "pending": false,
                  "context": null,
                  "code": "const device=new import_lib.NodePyATVDevice({host:\"192.168.178.2\",name:\"My Testdevice\",spawn:(0,import_fake_spawn.createFakeSpawn)(cp=>{cp.onStdIn(()=>cp.end());cp.stdout({result:\"success\",title:\"My Movie\"})})});await new Promise(cb=>{device.once(\"update\",event=>{import_assert.default.ok(event instanceof import_lib.NodePyATVDeviceEvent);import_assert.default.strictEqual(event.key,\"title\");import_assert.default.strictEqual(event.oldValue,null);import_assert.default.strictEqual(event.newValue,\"My Movie\");import_assert.default.strictEqual(event.value,\"My Movie\");import_assert.default.deepStrictEqual(event.device,device);cb(void 0)})})",
                  "err": {},
                  "uuid": "a247704e-f434-4913-8bb2-73e9835c04bd",
                  "parentUUID": "177a06e1-756b-433b-9eb0-fa88dfde06cc",
                  "isHook": false,
                  "skipped": false
                },
                {
                  "title": "should emit update:key event before update",
                  "fullTitle": "NodePyATVDeviceEvents applyStateAndEmitEvents() should emit update:key event before update",
                  "timedOut": false,
                  "duration": 1,
                  "state": "passed",
                  "speed": "fast",
                  "pass": true,
                  "fail": false,
                  "pending": false,
                  "context": null,
                  "code": "const device=new import_lib.NodePyATVDevice({host:\"192.168.178.2\",name:\"My Testdevice\",spawn:(0,import_fake_spawn.createFakeSpawn)(cp=>{cp.onStdIn(()=>cp.end());cp.stdout({result:\"success\",title:\"My Movie\"})})});const sort=[];await Promise.race([new Promise(cb=>{device.once(\"update\",()=>{sort.push(\"update\");cb(void 0)})}),new Promise(cb=>{device.once(\"update:title\",()=>{sort.push(\"update:title\");cb(void 0)})})]);import_assert.default.deepStrictEqual(sort,[\"update:title\",\"update\"])",
                  "err": {},
                  "uuid": "c5b8de17-8db3-4c15-ac90-1d04622f3ada",
                  "parentUUID": "177a06e1-756b-433b-9eb0-fa88dfde06cc",
                  "isHook": false,
                  "skipped": false
                },
                {
                  "title": "should emit error events on failures",
                  "fullTitle": "NodePyATVDeviceEvents applyStateAndEmitEvents() should emit error events on failures",
                  "timedOut": false,
                  "duration": 2,
                  "state": "passed",
                  "speed": "fast",
                  "pass": true,
                  "fail": false,
                  "pending": false,
                  "context": null,
                  "code": "const device=new import_lib.NodePyATVDevice({host:\"192.168.178.2\",name:\"My Testdevice\",spawn:(0,import_fake_spawn.createFakeSpawn)(cp=>{cp.onStdIn(()=>cp.end());cp.stdout({datetime:\"2021-11-24T21:13:36.424576+03:00\",exception:\"invalid credentials: 321\",result:\"failure\",stacktrace:'Traceback (most recent call last):\\n  File \"/Users/free/Library/Python/3.8/lib/python/site-packages/pyatv/scripts/atvscript.py\", line 302, in appstart\\n    print(args.output(await _handle_command(args, abort_sem, loop)), flush=True)\\n  File \"/Users/free/Library/Python/3.8/lib/python/site-packages/pyatv/scripts/atvscript.py\", line 196, in _handle_command\\n    atv = await connect(config, loop, protocol=Protocol.MRP)\\n  File \"/Users/free/Library/Python/3.8/lib/python/site-packages/pyatv/__init__.py\", line 96, in connect\\n    for setup_data in proto_methods.setup(\\n  File \"/Users/free/Library/Python/3.8/lib/python/site-packages/pyatv/protocols/airplay/__init__.py\", line 192, in setup\\n    stream = AirPlayStream(config, service)\\n  File \"/Users/free/Library/Python/3.8/lib/python/site-packages/pyatv/protocols/airplay/__init__.py\", line 79, in __init__\\n    self._credentials: HapCredentials = parse_credentials(self.service.credentials)\\n  File \"/Users/free/Library/Python/3.8/lib/python/site-packages/pyatv/auth/hap_pairing.py\", line 139, in parse_credentials\\n    raise exceptions.InvalidCredentialsError(\"invalid credentials: \" + detail_string)\\npyatv.exceptions.InvalidCredentialsError: invalid credentials: 321\\n'})})});await new Promise(cb=>{device.once(\"error\",error=>{import_assert.default.ok(error instanceof Error);import_assert.default.ok(error.toString().includes(\"invalid credentials: 321\"));cb(void 0)})})",
                  "err": {},
                  "uuid": "292214dc-abc3-4005-9d79-8a100bd4152c",
                  "parentUUID": "177a06e1-756b-433b-9eb0-fa88dfde06cc",
                  "isHook": false,
                  "skipped": false
                },
                {
                  "title": "should not emit an update if new value is same as old one",
                  "fullTitle": "NodePyATVDeviceEvents applyStateAndEmitEvents() should not emit an update if new value is same as old one",
                  "timedOut": false,
                  "duration": 3,
                  "state": "passed",
                  "speed": "fast",
                  "pass": true,
                  "fail": false,
                  "pending": false,
                  "context": null,
                  "code": "let spawnCounter=0;let eventCounter=0;const device=new import_lib.NodePyATVDevice({host:\"192.168.178.2\",name:\"My Testdevice\",spawn:(0,import_fake_spawn.createFakeSpawn)(cp=>{if(spawnCounter===0){cp.onStdIn(()=>cp.end())}cp.stdout({result:\"success\",title:\"My Movie\"});spawnCounter++;if(spawnCounter>=2){cp.end()}})});const listener=__name(()=>{eventCounter++},\"listener\");device.on(\"update\",listener);await new Promise(cb=>setTimeout(cb,0));await device.getState();device.off(\"update\",listener);import_assert.default.strictEqual(spawnCounter,2);import_assert.default.strictEqual(eventCounter,1)",
                  "err": {},
                  "uuid": "eaf69818-348f-4ce3-8f0b-35c3f170a636",
                  "parentUUID": "177a06e1-756b-433b-9eb0-fa88dfde06cc",
                  "isHook": false,
                  "skipped": false
                },
                {
                  "title": "should emit error event if event listener throws an exception",
                  "fullTitle": "NodePyATVDeviceEvents applyStateAndEmitEvents() should emit error event if event listener throws an exception",
                  "timedOut": false,
                  "duration": 1,
                  "state": "passed",
                  "speed": "fast",
                  "pass": true,
                  "fail": false,
                  "pending": false,
                  "context": null,
                  "code": "const device=new import_lib.NodePyATVDevice({host:\"192.168.178.2\",name:\"My Testdevice\",spawn:(0,import_fake_spawn.createFakeSpawn)(cp=>{cp.onStdIn(()=>cp.end());cp.stdout({result:\"success\",title:\"My Movie\"})})});let callCounter=0;const error=new Error(\"This is an error. Be nice.\");device.once(\"error\",err=>{import_assert.default.strictEqual(err,error);callCounter++});const listener=__name(()=>{throw error},\"listener\");device.on(\"update\",listener);await new Promise(cb=>setTimeout(cb,0));device.off(\"update\",listener);import_assert.default.strictEqual(callCounter,1)",
                  "err": {},
                  "uuid": "3cf88e9c-ab97-47da-9eef-aa54d742559b",
                  "parentUUID": "177a06e1-756b-433b-9eb0-fa88dfde06cc",
                  "isHook": false,
                  "skipped": false
                },
                {
                  "title": "should also work with powerState",
                  "fullTitle": "NodePyATVDeviceEvents applyStateAndEmitEvents() should also work with powerState",
                  "timedOut": false,
                  "duration": 2,
                  "state": "passed",
                  "speed": "fast",
                  "pass": true,
                  "fail": false,
                  "pending": false,
                  "context": null,
                  "code": "const device=new import_lib.NodePyATVDevice({host:\"192.168.178.2\",name:\"My Testdevice\",spawn:(0,import_fake_spawn.createFakeSpawn)(cp=>{cp.onStdIn(()=>cp.end());cp.stdout({datetime:new Date().toJSON(),power_state:\"off\",result:\"success\"})})});await new Promise(cb=>{device.once(\"update:powerState\",event=>{import_assert.default.ok(event instanceof import_lib.NodePyATVDeviceEvent);import_assert.default.strictEqual(event.key,\"powerState\");import_assert.default.strictEqual(event.oldValue,null);import_assert.default.strictEqual(event.newValue,\"off\");import_assert.default.strictEqual(event.newValue,import_lib.NodePyATVPowerState.off);import_assert.default.strictEqual(event.value,\"off\");import_assert.default.strictEqual(event.value,import_lib.NodePyATVPowerState.off);import_assert.default.deepStrictEqual(event.device,device);cb(void 0)})})",
                  "err": {},
                  "uuid": "ade68c03-82c6-4a50-999f-ebf2825a2d18",
                  "parentUUID": "177a06e1-756b-433b-9eb0-fa88dfde06cc",
                  "isHook": false,
                  "skipped": false
                },
                {
                  "title": "should only one event for powerState changes",
                  "fullTitle": "NodePyATVDeviceEvents applyStateAndEmitEvents() should only one event for powerState changes",
                  "timedOut": false,
                  "duration": 11,
                  "state": "passed",
                  "speed": "fast",
                  "pass": true,
                  "fail": false,
                  "pending": false,
                  "context": null,
                  "code": "const device=new import_lib.NodePyATVDevice({host:\"192.168.178.2\",name:\"My Testdevice\",spawn:(0,import_fake_spawn.createFakeSpawn)(cp=>{cp.onStdIn(()=>cp.end());cp.stdout({datetime:new Date().toJSON(),power_state:\"off\",result:\"success\"});cp.end()})});let counter=0;device.on(\"update\",event=>{import_assert.default.ok(event instanceof import_lib.NodePyATVDeviceEvent);import_assert.default.strictEqual(event.key,\"powerState\");import_assert.default.strictEqual(event.oldValue,null);import_assert.default.strictEqual(event.newValue,\"off\");import_assert.default.strictEqual(event.newValue,import_lib.NodePyATVPowerState.off);import_assert.default.strictEqual(event.value,\"off\");import_assert.default.strictEqual(event.value,import_lib.NodePyATVPowerState.off);import_assert.default.deepStrictEqual(event.device,device);counter++});await new Promise(cb=>setTimeout(cb,10));import_assert.default.strictEqual(counter,1);device.removeAllListeners(\"update\")",
                  "err": {},
                  "uuid": "bf6538f5-d7b8-415e-8ed8-97860ded7a9d",
                  "parentUUID": "177a06e1-756b-433b-9eb0-fa88dfde06cc",
                  "isHook": false,
                  "skipped": false
                },
                {
                  "title": "should only one event for focusState changes",
                  "fullTitle": "NodePyATVDeviceEvents applyStateAndEmitEvents() should only one event for focusState changes",
                  "timedOut": false,
                  "duration": 11,
                  "state": "passed",
                  "speed": "fast",
                  "pass": true,
                  "fail": false,
                  "pending": false,
                  "context": null,
                  "code": "const device=new import_lib.NodePyATVDevice({host:\"192.168.178.2\",name:\"My Testdevice\",spawn:(0,import_fake_spawn.createFakeSpawn)(cp=>{cp.onStdIn(()=>cp.end());cp.stdout({datetime:new Date().toJSON(),focus_state:\"unfocused\",result:\"success\"});cp.end()})});let counter=0;device.on(\"update\",event=>{import_assert.default.ok(event instanceof import_lib.NodePyATVDeviceEvent);import_assert.default.strictEqual(event.key,\"focusState\");import_assert.default.strictEqual(event.oldValue,null);import_assert.default.strictEqual(event.newValue,\"unfocused\");import_assert.default.strictEqual(event.newValue,import_types.NodePyATVFocusState.unfocused);import_assert.default.strictEqual(event.value,\"unfocused\");import_assert.default.strictEqual(event.value,import_types.NodePyATVFocusState.unfocused);import_assert.default.deepStrictEqual(event.device,device);counter++});await new Promise(cb=>setTimeout(cb,10));import_assert.default.strictEqual(counter,1);device.removeAllListeners(\"update\")",
                  "err": {},
                  "uuid": "bc07c4e2-40f2-4af3-925d-9ae9e43b3068",
                  "parentUUID": "177a06e1-756b-433b-9eb0-fa88dfde06cc",
                  "isHook": false,
                  "skipped": false
                },
                {
                  "title": "should only one event for outputDevices changes",
                  "fullTitle": "NodePyATVDeviceEvents applyStateAndEmitEvents() should only one event for outputDevices changes",
                  "timedOut": false,
                  "duration": 10,
                  "state": "passed",
                  "speed": "fast",
                  "pass": true,
                  "fail": false,
                  "pending": false,
                  "context": null,
                  "code": "const device=new import_lib.NodePyATVDevice({host:\"192.168.178.2\",name:\"My Testdevice\",spawn:(0,import_fake_spawn.createFakeSpawn)(cp=>{cp.onStdIn(()=>cp.end());cp.stdout({datetime:new Date().toJSON(),output_devices:[{identifier:\"AAAAAAAA-BBBB-CCCC-DDDD-EEEEEEEEEEEE\",name:\"Living room\"}],result:\"success\"});cp.end()})});let counter=0;device.on(\"update\",event=>{import_assert.default.ok(event instanceof import_lib.NodePyATVDeviceEvent);import_assert.default.strictEqual(event.key,\"outputDevices\");import_assert.default.strictEqual(event.oldValue,null);import_assert.default.deepStrictEqual(event.newValue,[{identifier:\"AAAAAAAA-BBBB-CCCC-DDDD-EEEEEEEEEEEE\",name:\"Living room\"}]);import_assert.default.deepStrictEqual(event.value,[{identifier:\"AAAAAAAA-BBBB-CCCC-DDDD-EEEEEEEEEEEE\",name:\"Living room\"}]);import_assert.default.deepStrictEqual(event.device,device);counter++});await new Promise(cb=>setTimeout(cb,10));import_assert.default.strictEqual(counter,1);device.removeAllListeners(\"update\")",
                  "err": {},
                  "uuid": "922ef926-4f5f-43a7-874e-827b7cb2831a",
                  "parentUUID": "177a06e1-756b-433b-9eb0-fa88dfde06cc",
                  "isHook": false,
                  "skipped": false
                },
                {
                  "title": "should only one event for volume changes",
                  "fullTitle": "NodePyATVDeviceEvents applyStateAndEmitEvents() should only one event for volume changes",
                  "timedOut": false,
                  "duration": 10,
                  "state": "passed",
                  "speed": "fast",
                  "pass": true,
                  "fail": false,
                  "pending": false,
                  "context": null,
                  "code": "const device=new import_lib.NodePyATVDevice({host:\"192.168.178.2\",name:\"My Testdevice\",spawn:(0,import_fake_spawn.createFakeSpawn)(cp=>{cp.onStdIn(()=>cp.end());cp.stdout({datetime:new Date().toJSON(),result:\"success\",volume:20});cp.end()})});let counter=0;device.on(\"update\",event=>{import_assert.default.ok(event instanceof import_lib.NodePyATVDeviceEvent);import_assert.default.strictEqual(event.key,\"volume\");import_assert.default.strictEqual(event.oldValue,null);import_assert.default.strictEqual(event.newValue,20);import_assert.default.strictEqual(event.value,20);import_assert.default.deepStrictEqual(event.device,device);counter++});await new Promise(cb=>setTimeout(cb,10));import_assert.default.strictEqual(counter,1);device.removeAllListeners(\"update\")",
                  "err": {},
                  "uuid": "94226859-23e7-4d14-b776-85f2f4bd91ef",
                  "parentUUID": "177a06e1-756b-433b-9eb0-fa88dfde06cc",
                  "isHook": false,
                  "skipped": false
                },
                {
                  "title": "should not trigger any events for newly added fields",
                  "fullTitle": "NodePyATVDeviceEvents applyStateAndEmitEvents() should not trigger any events for newly added fields",
                  "timedOut": false,
                  "duration": 10,
                  "state": "passed",
                  "speed": "fast",
                  "pass": true,
                  "fail": false,
                  "pending": false,
                  "context": null,
                  "code": "const device=new import_lib.NodePyATVDevice({host:\"192.168.178.2\",name:\"My Testdevice\",spawn:(0,import_fake_spawn.createFakeSpawn)(cp=>{cp.onStdIn(()=>cp.end());cp.stdout({datetime:new Date().toJSON(),foo:\"bar\",result:\"success\"});cp.end()})});device.on(\"update\",event=>{import_assert.default.fail(`Got an update event for a new field: ${event}`)});await new Promise(cb=>setTimeout(cb,10));device.removeAllListeners(\"update\")",
                  "err": {},
                  "uuid": "fa1bf668-0218-44f5-87be-047effa48f04",
                  "parentUUID": "177a06e1-756b-433b-9eb0-fa88dfde06cc",
                  "isHook": false,
                  "skipped": false
                }
              ],
              "suites": [],
              "passes": [
                "83ad50f7-50fc-48a2-9ea1-bdabcd625cef",
                "a247704e-f434-4913-8bb2-73e9835c04bd",
                "c5b8de17-8db3-4c15-ac90-1d04622f3ada",
                "292214dc-abc3-4005-9d79-8a100bd4152c",
                "eaf69818-348f-4ce3-8f0b-35c3f170a636",
                "3cf88e9c-ab97-47da-9eef-aa54d742559b",
                "ade68c03-82c6-4a50-999f-ebf2825a2d18",
                "bf6538f5-d7b8-415e-8ed8-97860ded7a9d",
                "bc07c4e2-40f2-4af3-925d-9ae9e43b3068",
                "922ef926-4f5f-43a7-874e-827b7cb2831a",
                "94226859-23e7-4d14-b776-85f2f4bd91ef",
                "fa1bf668-0218-44f5-87be-047effa48f04"
              ],
              "failures": [],
              "pending": [],
              "skipped": [],
              "duration": 66,
              "root": false,
              "rootEmpty": false,
              "_timeout": 2000
            },
            {
              "uuid": "47b562b6-088d-4280-80e4-bba7dc30aed5",
              "title": "start|stopListening()",
              "fullFile": "/home/runner/work/node-pyatv/node-pyatv/test/device-events.ts",
              "file": "/test/device-events.ts",
              "beforeHooks": [],
              "afterHooks": [],
              "tests": [
                {
                  "title": "should emit error if spawn fails",
                  "fullTitle": "NodePyATVDeviceEvents start|stopListening() should emit error if spawn fails",
                  "timedOut": false,
                  "duration": 1,
                  "state": "passed",
                  "speed": "fast",
                  "pass": true,
                  "fail": false,
                  "pending": false,
                  "context": null,
                  "code": "const error=new Error;const device=new import_lib.NodePyATVDevice({host:\"192.168.178.2\",name:\"My Testdevice\",spawn:(0,import_fake_spawn.createFakeSpawn)(cp=>{cp.error(error).end()})});const listener=__name(()=>{},\"listener\");device.on(\"update\",listener);await new Promise(cb=>{device.once(\"error\",err=>{import_assert.default.strictEqual(err,error);cb(void 0)})});device.off(\"update\",listener)",
                  "err": {},
                  "uuid": "8d5a8d73-3dbf-4fd3-9c24-b2b20acfdbee",
                  "parentUUID": "47b562b6-088d-4280-80e4-bba7dc30aed5",
                  "isHook": false,
                  "skipped": false
                },
                {
                  "title": "should emit error on stderr data",
                  "fullTitle": "NodePyATVDeviceEvents start|stopListening() should emit error on stderr data",
                  "timedOut": false,
                  "duration": 1,
                  "state": "passed",
                  "speed": "fast",
                  "pass": true,
                  "fail": false,
                  "pending": false,
                  "context": null,
                  "code": "const device=new import_lib.NodePyATVDevice({host:\"192.168.178.2\",name:\"My Testdevice\",spawn:(0,import_fake_spawn.createFakeSpawn)(cp=>{cp.stderr(\"Hello World!\").end()})});const listener=__name(()=>{},\"listener\");device.on(\"update\",listener);await new Promise(cb=>{device.once(\"error\",err=>{import_assert.default.ok(err instanceof Error);import_assert.default.ok(err.toString().includes(\"Got stderr output from pyatv: Hello World!\"));cb(void 0)})});device.off(\"update\",listener)",
                  "err": {},
                  "uuid": "8c9cc5a6-0b91-4c1d-b383-fffe25ef9371",
                  "parentUUID": "47b562b6-088d-4280-80e4-bba7dc30aed5",
                  "isHook": false,
                  "skipped": false
                },
                {
                  "title": "should emit error if stdout is not valid json",
                  "fullTitle": "NodePyATVDeviceEvents start|stopListening() should emit error if stdout is not valid json",
                  "timedOut": false,
                  "duration": 2,
                  "state": "passed",
                  "speed": "fast",
                  "pass": true,
                  "fail": false,
                  "pending": false,
                  "context": null,
                  "code": "const device=new import_lib.NodePyATVDevice({host:\"192.168.178.2\",name:\"My Testdevice\",spawn:(0,import_fake_spawn.createFakeSpawn)(cp=>{cp.stdout(\"#\").end()})});const listener=__name(()=>{},\"listener\");device.on(\"update\",listener);await new Promise(cb=>{device.once(\"error\",err=>{import_assert.default.ok(err instanceof Error);import_assert.default.ok(err.toString().includes(\"Unable to parse stdout json: SyntaxError\"));cb(void 0)})});device.off(\"update\",listener)",
                  "err": {},
                  "uuid": "4774394f-a6c4-4a79-aeb6-98d443c6ec2b",
                  "parentUUID": "47b562b6-088d-4280-80e4-bba7dc30aed5",
                  "isHook": false,
                  "skipped": false
                },
                {
                  "title": "should restart the process if it gets killed",
                  "fullTitle": "NodePyATVDeviceEvents start|stopListening() should restart the process if it gets killed",
                  "timedOut": false,
                  "duration": 0,
                  "state": "pending",
                  "speed": null,
                  "pass": false,
                  "fail": false,
                  "pending": true,
                  "context": null,
                  "code": "",
                  "err": {},
                  "uuid": "5dba21de-1651-4d73-88f9-283d903160d6",
                  "parentUUID": "47b562b6-088d-4280-80e4-bba7dc30aed5",
                  "isHook": false,
                  "skipped": false
                }
              ],
              "suites": [],
              "passes": [
                "8d5a8d73-3dbf-4fd3-9c24-b2b20acfdbee",
                "8c9cc5a6-0b91-4c1d-b383-fffe25ef9371",
                "4774394f-a6c4-4a79-aeb6-98d443c6ec2b"
              ],
              "failures": [],
              "pending": [
                "5dba21de-1651-4d73-88f9-283d903160d6"
              ],
              "skipped": [],
              "duration": 4,
              "root": false,
              "rootEmpty": false,
              "_timeout": 2000
            },
            {
              "uuid": "cb347e32-d4ab-4194-9e2a-5e655049088c",
              "title": "addListener() / removeAllListeners()",
              "fullFile": "/home/runner/work/node-pyatv/node-pyatv/test/device-events.ts",
              "file": "/test/device-events.ts",
              "beforeHooks": [],
              "afterHooks": [],
              "tests": [
                {
                  "title": "should work without any exceptions",
                  "fullTitle": "NodePyATVDeviceEvents addListener() / removeAllListeners() should work without any exceptions",
                  "timedOut": false,
                  "duration": 0,
                  "state": "passed",
                  "speed": "fast",
                  "pass": true,
                  "fail": false,
                  "pending": false,
                  "context": null,
                  "code": "const device=new import_lib.NodePyATVDevice({host:\"192.168.178.2\",name:\"My Testdevice\",spawn:(0,import_fake_spawn.createFakeSpawn)(cp=>{cp.onStdIn(()=>cp.end());cp.stdout({result:\"success\",title:\"My Movie\"})})});const listener=__name(()=>{},\"listener\");device.addListener(\"update\",listener);device.removeAllListeners(\"update\")",
                  "err": {},
                  "uuid": "5e102cc3-da82-4593-9ae5-33b63346c801",
                  "parentUUID": "cb347e32-d4ab-4194-9e2a-5e655049088c",
                  "isHook": false,
                  "skipped": false
                }
              ],
              "suites": [],
              "passes": [
                "5e102cc3-da82-4593-9ae5-33b63346c801"
              ],
              "failures": [],
              "pending": [],
              "skipped": [],
              "duration": 0,
              "root": false,
              "rootEmpty": false,
              "_timeout": 2000
            },
            {
              "uuid": "90f50857-a235-42c4-aa62-88af37fe9f4e",
              "title": "emit()",
              "fullFile": "/home/runner/work/node-pyatv/node-pyatv/test/device-events.ts",
              "file": "/test/device-events.ts",
              "beforeHooks": [],
              "afterHooks": [],
              "tests": [
                {
                  "title": "should work",
                  "fullTitle": "NodePyATVDeviceEvents emit() should work",
                  "timedOut": false,
                  "duration": 0,
                  "state": "passed",
                  "speed": "fast",
                  "pass": true,
                  "fail": false,
                  "pending": false,
                  "context": null,
                  "code": "const device=new import_lib.NodePyATVDevice({host:\"192.168.178.2\",name:\"My Testdevice\",spawn:(0,import_fake_spawn.createFakeSpawn)(cp=>{cp.onStdIn(()=>cp.end())})});const event=new import_lib.NodePyATVDeviceEvent({device,key:\"dateTime\",new:\"bar\",old:\"foo\"});let executions=0;device.once(\"test\",e=>{executions++;import_assert.default.strictEqual(e,event);import_assert.default.strictEqual(executions,1);done()});device.emit(\"test\",event)",
                  "err": {},
                  "uuid": "bf9aba8a-f02e-4955-b6c7-26facb70e604",
                  "parentUUID": "90f50857-a235-42c4-aa62-88af37fe9f4e",
                  "isHook": false,
                  "skipped": false
                }
              ],
              "suites": [],
              "passes": [
                "bf9aba8a-f02e-4955-b6c7-26facb70e604"
              ],
              "failures": [],
              "pending": [],
              "skipped": [],
              "duration": 0,
              "root": false,
              "rootEmpty": false,
              "_timeout": 2000
            },
            {
              "uuid": "9b655c67-2703-46ac-b352-004924aacf1b",
              "title": "eventNames()",
              "fullFile": "/home/runner/work/node-pyatv/node-pyatv/test/device-events.ts",
              "file": "/test/device-events.ts",
              "beforeHooks": [],
              "afterHooks": [],
              "tests": [
                {
                  "title": "should work",
                  "fullTitle": "NodePyATVDeviceEvents eventNames() should work",
                  "timedOut": false,
                  "duration": 0,
                  "state": "passed",
                  "speed": "fast",
                  "pass": true,
                  "fail": false,
                  "pending": false,
                  "context": null,
                  "code": "const device=new import_lib.NodePyATVDevice({host:\"192.168.178.2\",name:\"My Testdevice\",spawn:(0,import_fake_spawn.createFakeSpawn)(cp=>{cp.onStdIn(()=>cp.end())})});const listener=__name(()=>{},\"listener\");device.on(\"test\",listener);import_assert.default.deepStrictEqual(device.eventNames(),[\"test\"]);device.off(\"test\",listener)",
                  "err": {},
                  "uuid": "39229324-5832-406b-a1cd-b0ef966f93a5",
                  "parentUUID": "9b655c67-2703-46ac-b352-004924aacf1b",
                  "isHook": false,
                  "skipped": false
                }
              ],
              "suites": [],
              "passes": [
                "39229324-5832-406b-a1cd-b0ef966f93a5"
              ],
              "failures": [],
              "pending": [],
              "skipped": [],
              "duration": 0,
              "root": false,
              "rootEmpty": false,
              "_timeout": 2000
            },
            {
              "uuid": "9b961662-d77e-4b4c-9f28-541c9fa56c5e",
              "title": "getMaxListeners()",
              "fullFile": "/home/runner/work/node-pyatv/node-pyatv/test/device-events.ts",
              "file": "/test/device-events.ts",
              "beforeHooks": [],
              "afterHooks": [],
              "tests": [
                {
                  "title": "should work",
                  "fullTitle": "NodePyATVDeviceEvents getMaxListeners() should work",
                  "timedOut": false,
                  "duration": 0,
                  "state": "passed",
                  "speed": "fast",
                  "pass": true,
                  "fail": false,
                  "pending": false,
                  "context": null,
                  "code": "const device=new import_lib.NodePyATVDevice({host:\"192.168.178.2\",name:\"My Testdevice\",spawn:(0,import_fake_spawn.createFakeSpawn)(cp=>{cp.onStdIn(()=>cp.end())})});const result=device.getMaxListeners();import_assert.default.ok(typeof result,\"number\");import_assert.default.ok(result>=10)",
                  "err": {},
                  "uuid": "8640a2e2-5e7c-4847-a5a5-d2a6a338de79",
                  "parentUUID": "9b961662-d77e-4b4c-9f28-541c9fa56c5e",
                  "isHook": false,
                  "skipped": false
                }
              ],
              "suites": [],
              "passes": [
                "8640a2e2-5e7c-4847-a5a5-d2a6a338de79"
              ],
              "failures": [],
              "pending": [],
              "skipped": [],
              "duration": 0,
              "root": false,
              "rootEmpty": false,
              "_timeout": 2000
            },
            {
              "uuid": "4f8bdc13-e2bf-49d8-9d9a-5e206b87dbaf",
              "title": "listenerCount()",
              "fullFile": "/home/runner/work/node-pyatv/node-pyatv/test/device-events.ts",
              "file": "/test/device-events.ts",
              "beforeHooks": [],
              "afterHooks": [],
              "tests": [
                {
                  "title": "should work",
                  "fullTitle": "NodePyATVDeviceEvents listenerCount() should work",
                  "timedOut": false,
                  "duration": 0,
                  "state": "passed",
                  "speed": "fast",
                  "pass": true,
                  "fail": false,
                  "pending": false,
                  "context": null,
                  "code": "const device=new import_lib.NodePyATVDevice({host:\"192.168.178.2\",name:\"My Testdevice\",spawn:(0,import_fake_spawn.createFakeSpawn)(cp=>{cp.onStdIn(()=>cp.end())})});const listener=__name(()=>{},\"listener\");import_assert.default.deepStrictEqual(device.listenerCount(\"test\"),0);device.on(\"test\",listener);import_assert.default.deepStrictEqual(device.listenerCount(\"test\"),1);device.off(\"test\",listener)",
                  "err": {},
                  "uuid": "f8c693e3-2034-452f-bde2-fc3daa6b3bfa",
                  "parentUUID": "4f8bdc13-e2bf-49d8-9d9a-5e206b87dbaf",
                  "isHook": false,
                  "skipped": false
                }
              ],
              "suites": [],
              "passes": [
                "f8c693e3-2034-452f-bde2-fc3daa6b3bfa"
              ],
              "failures": [],
              "pending": [],
              "skipped": [],
              "duration": 0,
              "root": false,
              "rootEmpty": false,
              "_timeout": 2000
            },
            {
              "uuid": "190d77f7-7842-44bc-8f10-ccdeeccabdd6",
              "title": "listeners()",
              "fullFile": "/home/runner/work/node-pyatv/node-pyatv/test/device-events.ts",
              "file": "/test/device-events.ts",
              "beforeHooks": [],
              "afterHooks": [],
              "tests": [
                {
                  "title": "should work",
                  "fullTitle": "NodePyATVDeviceEvents listeners() should work",
                  "timedOut": false,
                  "duration": 1,
                  "state": "passed",
                  "speed": "fast",
                  "pass": true,
                  "fail": false,
                  "pending": false,
                  "context": null,
                  "code": "const device=new import_lib.NodePyATVDevice({host:\"192.168.178.2\",name:\"My Testdevice\",spawn:(0,import_fake_spawn.createFakeSpawn)(cp=>{cp.onStdIn(()=>cp.end())})});const listener=__name(()=>{},\"listener\");import_assert.default.deepStrictEqual(device.listeners(\"test\").length,0);device.on(\"test\",listener);import_assert.default.deepStrictEqual(device.listeners(\"test\").length,1);import_assert.default.deepStrictEqual(device.listeners(\"test\")[0],listener);device.off(\"test\",listener)",
                  "err": {},
                  "uuid": "d11caf0a-f005-4dc7-a51b-1b1199caab4d",
                  "parentUUID": "190d77f7-7842-44bc-8f10-ccdeeccabdd6",
                  "isHook": false,
                  "skipped": false
                }
              ],
              "suites": [],
              "passes": [
                "d11caf0a-f005-4dc7-a51b-1b1199caab4d"
              ],
              "failures": [],
              "pending": [],
              "skipped": [],
              "duration": 1,
              "root": false,
              "rootEmpty": false,
              "_timeout": 2000
            },
            {
              "uuid": "5d79d86e-7e9c-482e-a6bb-74ec11d03dde",
              "title": "prependListener()",
              "fullFile": "/home/runner/work/node-pyatv/node-pyatv/test/device-events.ts",
              "file": "/test/device-events.ts",
              "beforeHooks": [],
              "afterHooks": [],
              "tests": [
                {
                  "title": "should work",
                  "fullTitle": "NodePyATVDeviceEvents prependListener() should work",
                  "timedOut": false,
                  "duration": 1,
                  "state": "passed",
                  "speed": "fast",
                  "pass": true,
                  "fail": false,
                  "pending": false,
                  "context": null,
                  "code": "const device=new import_lib.NodePyATVDevice({host:\"192.168.178.2\",name:\"My Testdevice\",spawn:(0,import_fake_spawn.createFakeSpawn)(cp=>{cp.onStdIn(()=>cp.end());cp.stdout({result:\"success\",title:\"My Movie\"})})});const listener=__name(()=>{device.removeAllListeners(\"update\");done()},\"listener\");device.prependListener(\"update\",listener)",
                  "err": {},
                  "uuid": "144d1db3-0218-486e-9604-4853a7b30141",
                  "parentUUID": "5d79d86e-7e9c-482e-a6bb-74ec11d03dde",
                  "isHook": false,
                  "skipped": false
                }
              ],
              "suites": [],
              "passes": [
                "144d1db3-0218-486e-9604-4853a7b30141"
              ],
              "failures": [],
              "pending": [],
              "skipped": [],
              "duration": 1,
              "root": false,
              "rootEmpty": false,
              "_timeout": 2000
            },
            {
              "uuid": "b182ad3d-63a2-472e-afd1-a574097a3528",
              "title": "prependOnceListener()",
              "fullFile": "/home/runner/work/node-pyatv/node-pyatv/test/device-events.ts",
              "file": "/test/device-events.ts",
              "beforeHooks": [],
              "afterHooks": [],
              "tests": [
                {
                  "title": "should work",
                  "fullTitle": "NodePyATVDeviceEvents prependOnceListener() should work",
                  "timedOut": false,
                  "duration": 1,
                  "state": "passed",
                  "speed": "fast",
                  "pass": true,
                  "fail": false,
                  "pending": false,
                  "context": null,
                  "code": "const device=new import_lib.NodePyATVDevice({host:\"192.168.178.2\",name:\"My Testdevice\",spawn:(0,import_fake_spawn.createFakeSpawn)(cp=>{cp.onStdIn(()=>cp.end());cp.stdout({result:\"success\",title:\"My Movie\"})})});device.prependOnceListener(\"update\",()=>done())",
                  "err": {},
                  "uuid": "e6b00073-202b-46b5-8cac-f35505ba71df",
                  "parentUUID": "b182ad3d-63a2-472e-afd1-a574097a3528",
                  "isHook": false,
                  "skipped": false
                }
              ],
              "suites": [],
              "passes": [
                "e6b00073-202b-46b5-8cac-f35505ba71df"
              ],
              "failures": [],
              "pending": [],
              "skipped": [],
              "duration": 1,
              "root": false,
              "rootEmpty": false,
              "_timeout": 2000
            },
            {
              "uuid": "fa05a99d-2ae9-400c-abed-e3be4a17c8bf",
              "title": "rawListeners()",
              "fullFile": "/home/runner/work/node-pyatv/node-pyatv/test/device-events.ts",
              "file": "/test/device-events.ts",
              "beforeHooks": [],
              "afterHooks": [],
              "tests": [
                {
                  "title": "should work",
                  "fullTitle": "NodePyATVDeviceEvents rawListeners() should work",
                  "timedOut": false,
                  "duration": 0,
                  "state": "passed",
                  "speed": "fast",
                  "pass": true,
                  "fail": false,
                  "pending": false,
                  "context": null,
                  "code": "const device=new import_lib.NodePyATVDevice({host:\"192.168.178.2\",name:\"My Testdevice\",spawn:(0,import_fake_spawn.createFakeSpawn)(cp=>{cp.onStdIn(()=>cp.end())})});const listener=__name(()=>{},\"listener\");import_assert.default.deepStrictEqual(device.rawListeners(\"test\").length,0);device.on(\"test\",listener);import_assert.default.deepStrictEqual(device.rawListeners(\"test\").length,1);import_assert.default.deepStrictEqual(device.rawListeners(\"test\")[0],listener);device.off(\"test\",listener)",
                  "err": {},
                  "uuid": "388c7856-d43b-43f9-8d4c-33e52f8144f0",
                  "parentUUID": "fa05a99d-2ae9-400c-abed-e3be4a17c8bf",
                  "isHook": false,
                  "skipped": false
                }
              ],
              "suites": [],
              "passes": [
                "388c7856-d43b-43f9-8d4c-33e52f8144f0"
              ],
              "failures": [],
              "pending": [],
              "skipped": [],
              "duration": 0,
              "root": false,
              "rootEmpty": false,
              "_timeout": 2000
            },
            {
              "uuid": "2a50b186-2de1-45a2-8ec1-878eed5534b2",
              "title": "removeListener()",
              "fullFile": "/home/runner/work/node-pyatv/node-pyatv/test/device-events.ts",
              "file": "/test/device-events.ts",
              "beforeHooks": [],
              "afterHooks": [],
              "tests": [
                {
                  "title": "should work without any exceptions",
                  "fullTitle": "NodePyATVDeviceEvents removeListener() should work without any exceptions",
                  "timedOut": false,
                  "duration": 0,
                  "state": "passed",
                  "speed": "fast",
                  "pass": true,
                  "fail": false,
                  "pending": false,
                  "context": null,
                  "code": "const device=new import_lib.NodePyATVDevice({host:\"192.168.178.2\",name:\"My Testdevice\",spawn:(0,import_fake_spawn.createFakeSpawn)(cp=>{cp.onStdIn(()=>cp.end());cp.stdout({result:\"success\",title:\"My Movie\"})})});const listener=__name(()=>{},\"listener\");device.addListener(\"update\",listener);import_assert.default.deepStrictEqual(device.listenerCount(\"update\"),1);device.removeListener(\"update\",listener);import_assert.default.deepStrictEqual(device.listenerCount(\"update\"),0)",
                  "err": {},
                  "uuid": "cd16f617-1660-467a-8a6a-3a1d25b5c42c",
                  "parentUUID": "2a50b186-2de1-45a2-8ec1-878eed5534b2",
                  "isHook": false,
                  "skipped": false
                }
              ],
              "suites": [],
              "passes": [
                "cd16f617-1660-467a-8a6a-3a1d25b5c42c"
              ],
              "failures": [],
              "pending": [],
              "skipped": [],
              "duration": 0,
              "root": false,
              "rootEmpty": false,
              "_timeout": 2000
            }
          ],
          "passes": [],
          "failures": [],
          "pending": [],
          "skipped": [],
          "duration": 0,
          "root": false,
          "rootEmpty": false,
          "_timeout": 2000
        },
        {
          "uuid": "ed50b3c7-612c-421c-b7a1-b981b41982c0",
          "title": "NodePyATVDevice",
          "fullFile": "/home/runner/work/node-pyatv/node-pyatv/test/device.ts",
          "file": "/test/device.ts",
          "beforeHooks": [],
          "afterHooks": [],
          "tests": [],
          "suites": [
            {
              "uuid": "81b0c80f-1188-4d91-adfa-55b8a9e7b113",
              "title": "get name()",
              "fullFile": "/home/runner/work/node-pyatv/node-pyatv/test/device.ts",
              "file": "/test/device.ts",
              "beforeHooks": [],
              "afterHooks": [],
              "tests": [
                {
                  "title": "should return the name",
                  "fullTitle": "NodePyATVDevice get name() should return the name",
                  "timedOut": false,
                  "duration": 0,
                  "state": "passed",
                  "speed": "fast",
                  "pass": true,
                  "fail": false,
                  "pending": false,
                  "context": null,
                  "code": "const device=new import_device.default({host:\"192.168.178.2\",name:\"My Testdevice\"});import_assert.default.strictEqual(device.name,\"My Testdevice\")",
                  "err": {},
                  "uuid": "68bad18f-0ad0-44bb-afd0-c83db22c4a62",
                  "parentUUID": "81b0c80f-1188-4d91-adfa-55b8a9e7b113",
                  "isHook": false,
                  "skipped": false
                }
              ],
              "suites": [],
              "passes": [
                "68bad18f-0ad0-44bb-afd0-c83db22c4a62"
              ],
              "failures": [],
              "pending": [],
              "skipped": [],
              "duration": 0,
              "root": false,
              "rootEmpty": false,
              "_timeout": 2000
            },
            {
              "uuid": "c81df752-b693-4f8a-854a-19e1d159ab4d",
              "title": "get host()",
              "fullFile": "/home/runner/work/node-pyatv/node-pyatv/test/device.ts",
              "file": "/test/device.ts",
              "beforeHooks": [],
              "afterHooks": [],
              "tests": [
                {
                  "title": "should return the host",
                  "fullTitle": "NodePyATVDevice get host() should return the host",
                  "timedOut": false,
                  "duration": 0,
                  "state": "passed",
                  "speed": "fast",
                  "pass": true,
                  "fail": false,
                  "pending": false,
                  "context": null,
                  "code": "const device=new import_device.default({host:\"192.168.178.2\",name:\"My Testdevice\"});import_assert.default.strictEqual(device.host,\"192.168.178.2\")",
                  "err": {},
                  "uuid": "fc8b2e22-756a-4b2a-9a50-981050ac059a",
                  "parentUUID": "c81df752-b693-4f8a-854a-19e1d159ab4d",
                  "isHook": false,
                  "skipped": false
                }
              ],
              "suites": [],
              "passes": [
                "fc8b2e22-756a-4b2a-9a50-981050ac059a"
              ],
              "failures": [],
              "pending": [],
              "skipped": [],
              "duration": 0,
              "root": false,
              "rootEmpty": false,
              "_timeout": 2000
            },
            {
              "uuid": "b77d058e-0aca-43bb-af1a-6c3e61ea61c7",
              "title": "get id()",
              "fullFile": "/home/runner/work/node-pyatv/node-pyatv/test/device.ts",
              "file": "/test/device.ts",
              "beforeHooks": [],
              "afterHooks": [],
              "tests": [
                {
                  "title": "should return the id",
                  "fullTitle": "NodePyATVDevice get id() should return the id",
                  "timedOut": false,
                  "duration": 0,
                  "state": "passed",
                  "speed": "fast",
                  "pass": true,
                  "fail": false,
                  "pending": false,
                  "context": null,
                  "code": "const device=new import_device.default({host:\"192.168.178.2\",id:\"*****\",name:\"My Testdevice\"});import_assert.default.strictEqual(device.id,\"*****\")",
                  "err": {},
                  "uuid": "cd05b3ae-3ea5-4cc1-b35f-3a4e4b10a56d",
                  "parentUUID": "b77d058e-0aca-43bb-af1a-6c3e61ea61c7",
                  "isHook": false,
                  "skipped": false
                }
              ],
              "suites": [],
              "passes": [
                "cd05b3ae-3ea5-4cc1-b35f-3a4e4b10a56d"
              ],
              "failures": [],
              "pending": [],
              "skipped": [],
              "duration": 0,
              "root": false,
              "rootEmpty": false,
              "_timeout": 2000
            },
            {
              "uuid": "4f626717-c877-43b5-8f49-5a407203b7dc",
              "title": "get allIDs()",
              "fullFile": "/home/runner/work/node-pyatv/node-pyatv/test/device.ts",
              "file": "/test/device.ts",
              "beforeHooks": [],
              "afterHooks": [],
              "tests": [
                {
                  "title": "should return all the IDs",
                  "fullTitle": "NodePyATVDevice get allIDs() should return all the IDs",
                  "timedOut": false,
                  "duration": 0,
                  "state": "passed",
                  "speed": "fast",
                  "pass": true,
                  "fail": false,
                  "pending": false,
                  "context": null,
                  "code": "const device=new import_device.default({allIDs:[\"some_id_1\",\"some_id_2\",\"some_id_3\"],host:\"192.168.178.2\",id:\"*****\",name:\"My Testdevice\"});import_assert.default.deepStrictEqual(device.allIDs,[\"some_id_1\",\"some_id_2\",\"some_id_3\"])",
                  "err": {},
                  "uuid": "4aae4284-240c-4a84-b65e-9f7ac87c5b1f",
                  "parentUUID": "4f626717-c877-43b5-8f49-5a407203b7dc",
                  "isHook": false,
                  "skipped": false
                }
              ],
              "suites": [],
              "passes": [
                "4aae4284-240c-4a84-b65e-9f7ac87c5b1f"
              ],
              "failures": [],
              "pending": [],
              "skipped": [],
              "duration": 0,
              "root": false,
              "rootEmpty": false,
              "_timeout": 2000
            },
            {
              "uuid": "a4ce3dcb-fd3d-46d9-a2f1-750258203226",
              "title": "get protocol()",
              "fullFile": "/home/runner/work/node-pyatv/node-pyatv/test/device.ts",
              "file": "/test/device.ts",
              "beforeHooks": [],
              "afterHooks": [],
              "tests": [
                {
                  "title": "should return the protocol",
                  "fullTitle": "NodePyATVDevice get protocol() should return the protocol",
                  "timedOut": false,
                  "duration": 0,
                  "state": "passed",
                  "speed": "fast",
                  "pass": true,
                  "fail": false,
                  "pending": false,
                  "context": null,
                  "code": "const device=new import_device.default({host:\"192.168.178.2\",name:\"My Testdevice\",protocol:import_types.NodePyATVProtocol.airplay});import_assert.default.strictEqual(device.protocol,import_types.NodePyATVProtocol.airplay)",
                  "err": {},
                  "uuid": "401207e0-7f1f-4c6b-844e-b9d4853bfb4a",
                  "parentUUID": "a4ce3dcb-fd3d-46d9-a2f1-750258203226",
                  "isHook": false,
                  "skipped": false
                }
              ],
              "suites": [],
              "passes": [
                "401207e0-7f1f-4c6b-844e-b9d4853bfb4a"
              ],
              "failures": [],
              "pending": [],
              "skipped": [],
              "duration": 0,
              "root": false,
              "rootEmpty": false,
              "_timeout": 2000
            },
            {
              "uuid": "b2f62683-6d8d-4daa-a076-5c3d1ae61bac",
              "title": "get mac()",
              "fullFile": "/home/runner/work/node-pyatv/node-pyatv/test/device.ts",
              "file": "/test/device.ts",
              "beforeHooks": [],
              "afterHooks": [],
              "tests": [
                {
                  "title": "should return the mac",
                  "fullTitle": "NodePyATVDevice get mac() should return the mac",
                  "timedOut": false,
                  "duration": 0,
                  "state": "passed",
                  "speed": "fast",
                  "pass": true,
                  "fail": false,
                  "pending": false,
                  "context": null,
                  "code": "const device=new import_device.default({host:\"192.168.178.2\",mac:\"AA:BB:CC:DD:EE:FF\",name:\"My Testdevice\"});import_assert.default.strictEqual(device.mac,\"AA:BB:CC:DD:EE:FF\")",
                  "err": {},
                  "uuid": "980c3ed4-4c84-4432-a40d-e395ec14e793",
                  "parentUUID": "b2f62683-6d8d-4daa-a076-5c3d1ae61bac",
                  "isHook": false,
                  "skipped": false
                }
              ],
              "suites": [],
              "passes": [
                "980c3ed4-4c84-4432-a40d-e395ec14e793"
              ],
              "failures": [],
              "pending": [],
              "skipped": [],
              "duration": 0,
              "root": false,
              "rootEmpty": false,
              "_timeout": 2000
            },
            {
              "uuid": "6939fea5-cc76-4e9f-948f-b301e40de38c",
              "title": "get model()",
              "fullFile": "/home/runner/work/node-pyatv/node-pyatv/test/device.ts",
              "file": "/test/device.ts",
              "beforeHooks": [],
              "afterHooks": [],
              "tests": [
                {
                  "title": "should return the model if set by scan",
                  "fullTitle": "NodePyATVDevice get model() should return the model if set by scan",
                  "timedOut": false,
                  "duration": 0,
                  "state": "passed",
                  "speed": "fast",
                  "pass": true,
                  "fail": false,
                  "pending": false,
                  "context": null,
                  "code": "const device=new import_device.default({host:\"10.0.10.81\",id:\"xxx\",model:\"Gen4K\",name:\"Vardagsrum\"});import_assert.default.strictEqual(device.model,\"Gen4K\")",
                  "err": {},
                  "uuid": "e2ebc0dc-0f20-40c1-b0a5-b07033efa91b",
                  "parentUUID": "6939fea5-cc76-4e9f-948f-b301e40de38c",
                  "isHook": false,
                  "skipped": false
                },
                {
                  "title": "should return undefined otherwise",
                  "fullTitle": "NodePyATVDevice get model() should return undefined otherwise",
                  "timedOut": false,
                  "duration": 0,
                  "state": "passed",
                  "speed": "fast",
                  "pass": true,
                  "fail": false,
                  "pending": false,
                  "context": null,
                  "code": "const device=new import_device.default({host:\"10.0.10.81\",name:\"Vardagsrum\"});import_assert.default.strictEqual(device.model,void 0)",
                  "err": {},
                  "uuid": "3e8b95df-f78a-4fac-8ac6-6980e9bda8df",
                  "parentUUID": "6939fea5-cc76-4e9f-948f-b301e40de38c",
                  "isHook": false,
                  "skipped": false
                }
              ],
              "suites": [],
              "passes": [
                "e2ebc0dc-0f20-40c1-b0a5-b07033efa91b",
                "3e8b95df-f78a-4fac-8ac6-6980e9bda8df"
              ],
              "failures": [],
              "pending": [],
              "skipped": [],
              "duration": 0,
              "root": false,
              "rootEmpty": false,
              "_timeout": 2000
            },
            {
              "uuid": "fe5a95d5-f9b3-4d0f-8e61-33d6133f5174",
              "title": "get modelName()",
              "fullFile": "/home/runner/work/node-pyatv/node-pyatv/test/device.ts",
              "file": "/test/device.ts",
              "beforeHooks": [],
              "afterHooks": [],
              "tests": [
                {
                  "title": "should return the model name if set by scan",
                  "fullTitle": "NodePyATVDevice get modelName() should return the model name if set by scan",
                  "timedOut": false,
                  "duration": 0,
                  "state": "passed",
                  "speed": "fast",
                  "pass": true,
                  "fail": false,
                  "pending": false,
                  "context": null,
                  "code": "const device=new import_device.default({host:\"10.0.10.81\",id:\"xxx\",modelName:\"Apple TV 4K\",name:\"Vardagsrum\"});import_assert.default.strictEqual(device.modelName,\"Apple TV 4K\")",
                  "err": {},
                  "uuid": "a70a8176-39aa-4319-b2c3-fe8d7be951d7",
                  "parentUUID": "fe5a95d5-f9b3-4d0f-8e61-33d6133f5174",
                  "isHook": false,
                  "skipped": false
                },
                {
                  "title": "should return undefined otherwise",
                  "fullTitle": "NodePyATVDevice get modelName() should return undefined otherwise",
                  "timedOut": false,
                  "duration": 0,
                  "state": "passed",
                  "speed": "fast",
                  "pass": true,
                  "fail": false,
                  "pending": false,
                  "context": null,
                  "code": "const device=new import_device.default({host:\"10.0.10.81\",name:\"Vardagsrum\"});import_assert.default.strictEqual(device.modelName,void 0)",
                  "err": {},
                  "uuid": "76c9052b-8e08-4849-a46f-d685c4328ae3",
                  "parentUUID": "fe5a95d5-f9b3-4d0f-8e61-33d6133f5174",
                  "isHook": false,
                  "skipped": false
                }
              ],
              "suites": [],
              "passes": [
                "a70a8176-39aa-4319-b2c3-fe8d7be951d7",
                "76c9052b-8e08-4849-a46f-d685c4328ae3"
              ],
              "failures": [],
              "pending": [],
              "skipped": [],
              "duration": 0,
              "root": false,
              "rootEmpty": false,
              "_timeout": 2000
            },
            {
              "uuid": "df5d9ed5-7348-4acc-9b48-cd1d529b99f3",
              "title": "get os()",
              "fullFile": "/home/runner/work/node-pyatv/node-pyatv/test/device.ts",
              "file": "/test/device.ts",
              "beforeHooks": [],
              "afterHooks": [],
              "tests": [
                {
                  "title": "should return the operating system if set by scan",
                  "fullTitle": "NodePyATVDevice get os() should return the operating system if set by scan",
                  "timedOut": false,
                  "duration": 0,
                  "state": "passed",
                  "speed": "fast",
                  "pass": true,
                  "fail": false,
                  "pending": false,
                  "context": null,
                  "code": "const device=new import_device.default({host:\"10.0.10.81\",id:\"xxx\",name:\"Vardagsrum\",os:\"TvOS\"});import_assert.default.strictEqual(device.os,\"TvOS\")",
                  "err": {},
                  "uuid": "49b17767-c02f-4275-bd9c-cd66efa6cd61",
                  "parentUUID": "df5d9ed5-7348-4acc-9b48-cd1d529b99f3",
                  "isHook": false,
                  "skipped": false
                },
                {
                  "title": "should return undefined otherwise",
                  "fullTitle": "NodePyATVDevice get os() should return undefined otherwise",
                  "timedOut": false,
                  "duration": 0,
                  "state": "passed",
                  "speed": "fast",
                  "pass": true,
                  "fail": false,
                  "pending": false,
                  "context": null,
                  "code": "const device=new import_device.default({host:\"10.0.10.81\",name:\"Vardagsrum\"});import_assert.default.strictEqual(device.os,void 0)",
                  "err": {},
                  "uuid": "401729b8-90b6-4a59-89d8-8f857c303f97",
                  "parentUUID": "df5d9ed5-7348-4acc-9b48-cd1d529b99f3",
                  "isHook": false,
                  "skipped": false
                }
              ],
              "suites": [],
              "passes": [
                "49b17767-c02f-4275-bd9c-cd66efa6cd61",
                "401729b8-90b6-4a59-89d8-8f857c303f97"
              ],
              "failures": [],
              "pending": [],
              "skipped": [],
              "duration": 0,
              "root": false,
              "rootEmpty": false,
              "_timeout": 2000
            },
            {
              "uuid": "dd43d359-883a-4068-8d16-444520c5d36c",
              "title": "get version()",
              "fullFile": "/home/runner/work/node-pyatv/node-pyatv/test/device.ts",
              "file": "/test/device.ts",
              "beforeHooks": [],
              "afterHooks": [],
              "tests": [
                {
                  "title": "should return the version if set by scan",
                  "fullTitle": "NodePyATVDevice get version() should return the version if set by scan",
                  "timedOut": false,
                  "duration": 0,
                  "state": "passed",
                  "speed": "fast",
                  "pass": true,
                  "fail": false,
                  "pending": false,
                  "context": null,
                  "code": "const device=new import_device.default({host:\"10.0.10.81\",id:\"xxx\",name:\"Vardagsrum\",version:\"15.5.1\"});import_assert.default.strictEqual(device.version,\"15.5.1\")",
                  "err": {},
                  "uuid": "076e070b-2f64-4ed5-8341-4a47f23d98b7",
                  "parentUUID": "dd43d359-883a-4068-8d16-444520c5d36c",
                  "isHook": false,
                  "skipped": false
                },
                {
                  "title": "should return undefined otherwise",
                  "fullTitle": "NodePyATVDevice get version() should return undefined otherwise",
                  "timedOut": false,
                  "duration": 0,
                  "state": "passed",
                  "speed": "fast",
                  "pass": true,
                  "fail": false,
                  "pending": false,
                  "context": null,
                  "code": "const device=new import_device.default({host:\"10.0.10.81\",name:\"Vardagsrum\"});import_assert.default.strictEqual(device.version,void 0)",
                  "err": {},
                  "uuid": "179dfde3-159e-49d2-9f2d-ad2aefac1f77",
                  "parentUUID": "dd43d359-883a-4068-8d16-444520c5d36c",
                  "isHook": false,
                  "skipped": false
                }
              ],
              "suites": [],
              "passes": [
                "076e070b-2f64-4ed5-8341-4a47f23d98b7",
                "179dfde3-159e-49d2-9f2d-ad2aefac1f77"
              ],
              "failures": [],
              "pending": [],
              "skipped": [],
              "duration": 0,
              "root": false,
              "rootEmpty": false,
              "_timeout": 2000
            },
            {
              "uuid": "b776a222-88c1-4118-9ba3-6760b41eaa14",
              "title": "get services()",
              "fullFile": "/home/runner/work/node-pyatv/node-pyatv/test/device.ts",
              "file": "/test/device.ts",
              "beforeHooks": [],
              "afterHooks": [],
              "tests": [
                {
                  "title": "should return the services if set by scan",
                  "fullTitle": "NodePyATVDevice get services() should return the services if set by scan",
                  "timedOut": false,
                  "duration": 0,
                  "state": "passed",
                  "speed": "fast",
                  "pass": true,
                  "fail": false,
                  "pending": false,
                  "context": null,
                  "code": "const device=new import_device.default({host:\"10.0.10.81\",id:\"xxx\",name:\"Vardagsrum\",services:[{port:49152,protocol:import_types.NodePyATVProtocol.mrp},{port:7e3,protocol:import_types.NodePyATVProtocol.airplay}]});import_assert.default.deepStrictEqual(device.services,[{port:49152,protocol:\"mrp\"},{port:7e3,protocol:\"airplay\"}])",
                  "err": {},
                  "uuid": "6554dbf6-4e38-4128-88fc-1b46cdd51f35",
                  "parentUUID": "b776a222-88c1-4118-9ba3-6760b41eaa14",
                  "isHook": false,
                  "skipped": false
                },
                {
                  "title": "should return undefined otherwise",
                  "fullTitle": "NodePyATVDevice get services() should return undefined otherwise",
                  "timedOut": false,
                  "duration": 1,
                  "state": "passed",
                  "speed": "fast",
                  "pass": true,
                  "fail": false,
                  "pending": false,
                  "context": null,
                  "code": "const device=new import_device.default({host:\"10.0.10.81\",name:\"Vardagsrum\"});import_assert.default.strictEqual(device.services,void 0)",
                  "err": {},
                  "uuid": "7ba30723-1426-4a60-ac6e-476d6f50af5e",
                  "parentUUID": "b776a222-88c1-4118-9ba3-6760b41eaa14",
                  "isHook": false,
                  "skipped": false
                }
              ],
              "suites": [],
              "passes": [
                "6554dbf6-4e38-4128-88fc-1b46cdd51f35",
                "7ba30723-1426-4a60-ac6e-476d6f50af5e"
              ],
              "failures": [],
              "pending": [],
              "skipped": [],
              "duration": 1,
              "root": false,
              "rootEmpty": false,
              "_timeout": 2000
            },
            {
              "uuid": "5cac0350-64ff-4b3a-bff2-c0cd02ad512f",
              "title": "get debug()",
              "fullFile": "/home/runner/work/node-pyatv/node-pyatv/test/device.ts",
              "file": "/test/device.ts",
              "beforeHooks": [],
              "afterHooks": [],
              "tests": [
                {
                  "title": "should return true if set to true",
                  "fullTitle": "NodePyATVDevice get debug() should return true if set to true",
                  "timedOut": false,
                  "duration": 0,
                  "state": "passed",
                  "speed": "fast",
                  "pass": true,
                  "fail": false,
                  "pending": false,
                  "context": null,
                  "code": "const device=new import_device.default({debug:true,host:\"192.168.178.2\",name:\"My Testdevice\"});import_assert.default.strictEqual(device.debug,true)",
                  "err": {},
                  "uuid": "1e35ab8b-e4ba-4eaa-8958-5a0e831129ff",
                  "parentUUID": "5cac0350-64ff-4b3a-bff2-c0cd02ad512f",
                  "isHook": false,
                  "skipped": false
                },
                {
                  "title": "should return fn if set to custom function",
                  "fullTitle": "NodePyATVDevice get debug() should return fn if set to custom function",
                  "timedOut": false,
                  "duration": 0,
                  "state": "passed",
                  "speed": "fast",
                  "pass": true,
                  "fail": false,
                  "pending": false,
                  "context": null,
                  "code": "const fn=__name(()=>{},\"fn\");const device=new import_device.default({debug:fn,host:\"192.168.178.2\",name:\"My Testdevice\"});import_assert.default.strictEqual(device.debug,fn)",
                  "err": {},
                  "uuid": "2e822abb-493e-46db-a983-78664b35dacf",
                  "parentUUID": "5cac0350-64ff-4b3a-bff2-c0cd02ad512f",
                  "isHook": false,
                  "skipped": false
                },
                {
                  "title": "should return false if unset",
                  "fullTitle": "NodePyATVDevice get debug() should return false if unset",
                  "timedOut": false,
                  "duration": 0,
                  "state": "passed",
                  "speed": "fast",
                  "pass": true,
                  "fail": false,
                  "pending": false,
                  "context": null,
                  "code": "const device=new import_device.default({host:\"192.168.178.2\",name:\"My Testdevice\"});import_assert.default.strictEqual(device.debug,void 0)",
                  "err": {},
                  "uuid": "a8d002b4-fde8-48f0-b7ae-7a2117454ecb",
[...]
                  "err": {},
                  "uuid": "4cad772d-ecf6-4936-b2ef-1e1be8a4a957",
                  "parentUUID": "32a1fc81-dfb6-4cef-bfab-92b8d6affc74",
                  "isHook": false,
                  "skipped": false
                },
                {
                  "title": "should handle atvscriptPath if set",
                  "fullTitle": "Tools getExecutable() should handle atvscriptPath if set",
                  "timedOut": false,
                  "duration": 0,
                  "state": "passed",
                  "speed": "fast",
                  "pass": true,
                  "fail": false,
                  "pending": false,
                  "context": null,
                  "code": "const result=(0,import_tools.getExecutable)(import_types.NodePyATVExecutableType.atvscript,{atvremotePath:\"/tmp/1\",atvscriptPath:\"/tmp/2\"});import_assert.default.strictEqual(result,\"/tmp/2\")",
                  "err": {},
                  "uuid": "631359ac-c335-40df-8442-9ab9b14932f6",
                  "parentUUID": "32a1fc81-dfb6-4cef-bfab-92b8d6affc74",
                  "isHook": false,
                  "skipped": false
                },
                {
                  "title": "should handle default for atvremote",
                  "fullTitle": "Tools getExecutable() should handle default for atvremote",
                  "timedOut": false,
                  "duration": 0,
                  "state": "passed",
                  "speed": "fast",
                  "pass": true,
                  "fail": false,
                  "pending": false,
                  "context": null,
                  "code": "const result=(0,import_tools.getExecutable)(import_types.NodePyATVExecutableType.atvremote,{atvscriptPath:\"/tmp\"});import_assert.default.strictEqual(result,\"atvremote\")",
                  "err": {},
                  "uuid": "47d5ef7a-1a15-4c57-b940-766f25531b6c",
                  "parentUUID": "32a1fc81-dfb6-4cef-bfab-92b8d6affc74",
                  "isHook": false,
                  "skipped": false
                },
                {
                  "title": "should handle default for atvscript",
                  "fullTitle": "Tools getExecutable() should handle default for atvscript",
                  "timedOut": false,
                  "duration": 0,
                  "state": "passed",
                  "speed": "fast",
                  "pass": true,
                  "fail": false,
                  "pending": false,
                  "context": null,
                  "code": "const result=(0,import_tools.getExecutable)(import_types.NodePyATVExecutableType.atvscript,{atvremotePath:\"/tmp\"});import_assert.default.strictEqual(result,\"atvscript\")",
                  "err": {},
                  "uuid": "95e618ca-b598-46a9-8d41-3b986160bd29",
                  "parentUUID": "32a1fc81-dfb6-4cef-bfab-92b8d6affc74",
                  "isHook": false,
                  "skipped": false
                }
              ],
              "suites": [],
              "passes": [
                "4cad772d-ecf6-4936-b2ef-1e1be8a4a957",
                "631359ac-c335-40df-8442-9ab9b14932f6",
                "47d5ef7a-1a15-4c57-b940-766f25531b6c",
                "95e618ca-b598-46a9-8d41-3b986160bd29"
              ],
              "failures": [],
              "pending": [],
              "skipped": [],
              "duration": 0,
              "root": false,
              "rootEmpty": false,
              "_timeout": 2000
            },
            {
              "uuid": "60c8b996-ea1f-47d0-bc37-29c672965ee7",
              "title": "getParameters()",
              "fullFile": "/home/runner/work/node-pyatv/node-pyatv/test/tools.ts",
              "file": "/test/tools.ts",
              "beforeHooks": [],
              "afterHooks": [],
              "tests": [
                {
                  "title": "empty case",
                  "fullTitle": "Tools getParameters() empty case",
                  "timedOut": false,
                  "duration": 0,
                  "state": "passed",
                  "speed": "fast",
                  "pass": true,
                  "fail": false,
                  "pending": false,
                  "context": null,
                  "code": "const result=await(0,import_tools.getParameters)();import_assert.default.deepEqual(result,[])",
                  "err": {},
                  "uuid": "9e043d12-c065-46e9-add5-4518e36d5fd6",
                  "parentUUID": "60c8b996-ea1f-47d0-bc37-29c672965ee7",
                  "isHook": false,
                  "skipped": false
                },
                {
                  "title": "easy case",
                  "fullTitle": "Tools getParameters() easy case",
                  "timedOut": false,
                  "duration": 0,
                  "state": "passed",
                  "speed": "fast",
                  "pass": true,
                  "fail": false,
                  "pending": false,
                  "context": null,
                  "code": "const result=await(0,import_tools.getParameters)({host:\"192.168.178.2\"});import_assert.default.deepEqual(result,[\"-s\",\"192.168.178.2\"])",
                  "err": {},
                  "uuid": "2338f746-6adc-47d4-b9d4-f613c7959628",
                  "parentUUID": "60c8b996-ea1f-47d0-bc37-29c672965ee7",
                  "isHook": false,
                  "skipped": false
                },
                {
                  "title": "full case",
                  "fullTitle": "Tools getParameters() full case",
                  "timedOut": false,
                  "duration": 0,
                  "state": "passed",
                  "speed": "fast",
                  "pass": true,
                  "fail": false,
                  "pending": false,
                  "context": null,
                  "code": "const result=await(0,import_tools.getParameters)({airplayCredentials:\"****\",companionCredentials:\"1234\",dmapCredentials:\"****\",hosts:[\"192.168.178.2\",\"192.168.178.3\"],id:\"****\",mrpCredentials:\"****\",protocol:import_types.NodePyATVProtocol.mrp,raopCredentials:\"::foo:\"});import_assert.default.deepEqual(result,[\"-s\",\"192.168.178.2,192.168.178.3\",\"-i\",\"****\",\"--protocol\",\"mrp\",\"--dmap-credentials\",\"****\",\"--mrp-credentials\",\"****\",\"--airplay-credentials\",\"****\",\"--companion-credentials\",\"1234\",\"--raop-credentials\",\"::foo:\"])",
                  "err": {},
                  "uuid": "c3abaa4b-dbbd-4088-905b-c774e1f5112e",
                  "parentUUID": "60c8b996-ea1f-47d0-bc37-29c672965ee7",
                  "isHook": false,
                  "skipped": false
                }
              ],
              "suites": [],
              "passes": [
                "9e043d12-c065-46e9-add5-4518e36d5fd6",
                "2338f746-6adc-47d4-b9d4-f613c7959628",
                "c3abaa4b-dbbd-4088-905b-c774e1f5112e"
              ],
              "failures": [],
              "pending": [],
              "skipped": [],
              "duration": 0,
              "root": false,
              "rootEmpty": false,
              "_timeout": 2000
            },
            {
              "uuid": "0b03b561-4cca-433e-be48-5e33b3c47f80",
              "title": "parseState()",
              "fullFile": "/home/runner/work/node-pyatv/node-pyatv/test/tools.ts",
              "file": "/test/tools.ts",
              "beforeHooks": [],
              "afterHooks": [],
              "tests": [
                {
                  "title": "should work with empty data",
                  "fullTitle": "Tools parseState() should work with empty data",
                  "timedOut": false,
                  "duration": 0,
                  "state": "passed",
                  "speed": "fast",
                  "pass": true,
                  "fail": false,
                  "pending": false,
                  "context": null,
                  "code": "const input={};const result=(0,import_tools.parseState)(input,\"\",{});import_assert.default.deepStrictEqual(result,{album:null,app:null,appId:null,artist:null,contentIdentifier:null,dateTime:null,deviceState:null,episodeNumber:null,focusState:null,genre:null,hash:null,iTunesStoreIdentifier:null,mediaType:null,outputDevices:null,position:null,powerState:null,repeat:null,seasonNumber:null,seriesName:null,shuffle:null,title:null,totalTime:null,volume:null})",
                  "err": {},
                  "uuid": "6d566d78-97a8-4986-b345-69d843584e29",
                  "parentUUID": "0b03b561-4cca-433e-be48-5e33b3c47f80",
                  "isHook": false,
                  "skipped": false
                },
                {
                  "title": "should work without data",
                  "fullTitle": "Tools parseState() should work without data",
                  "timedOut": false,
                  "duration": 0,
                  "state": "passed",
                  "speed": "fast",
                  "pass": true,
                  "fail": false,
                  "pending": false,
                  "context": null,
                  "code": "const result=(0,import_tools.parseState)(null,\"\",{});import_assert.default.deepStrictEqual(result,{album:null,app:null,appId:null,artist:null,contentIdentifier:null,dateTime:null,deviceState:null,episodeNumber:null,focusState:null,genre:null,hash:null,iTunesStoreIdentifier:null,mediaType:null,outputDevices:null,position:null,powerState:null,repeat:null,seasonNumber:null,seriesName:null,shuffle:null,title:null,totalTime:null,volume:null})",
                  "err": {},
                  "uuid": "13c391b7-b46b-4da3-91a2-e7cffdef12ed",
                  "parentUUID": "0b03b561-4cca-433e-be48-5e33b3c47f80",
                  "isHook": false,
                  "skipped": false
                },
                {
                  "title": "should work with example data",
                  "fullTitle": "Tools parseState() should work with example data",
                  "timedOut": false,
                  "duration": 0,
                  "state": "passed",
                  "speed": "fast",
                  "pass": true,
                  "fail": false,
                  "pending": false,
                  "context": null,
                  "code": "const input={album:null,app:\"Disney+\",app_id:\"com.disney.disneyplus\",artist:null,content_identifier:null,datetime:\"2020-11-07T22:38:43.608030+01:00\",device_state:\"playing\",episode_number:null,focus_state:null,genre:null,hash:\"100e0ab6-6ff5-4199-9c04-a7107ff78712\",itunes_store_identifier:null,media_type:\"video\",output_devices:null,position:27,power_state:null,repeat:\"off\",result:\"success\",season_number:null,series_name:null,shuffle:\"off\",title:\"Solo: A Star Wars Story\",total_time:8097,volume:null};const result=(0,import_tools.parseState)(input,\"\",{});import_assert.default.deepStrictEqual(result,{album:null,app:\"Disney+\",appId:\"com.disney.disneyplus\",artist:null,contentIdentifier:null,dateTime:new Date(\"2020-11-07T22:38:43.608030+01:00\"),deviceState:import_types.NodePyATVDeviceState.playing,episodeNumber:null,focusState:null,genre:null,hash:\"100e0ab6-6ff5-4199-9c04-a7107ff78712\",iTunesStoreIdentifier:null,mediaType:import_types.NodePyATVMediaType.video,outputDevices:null,position:27,powerState:null,repeat:import_types.NodePyATVRepeatState.off,seasonNumber:null,seriesName:null,shuffle:import_types.NodePyATVShuffleState.off,title:\"Solo: A Star Wars Story\",totalTime:8097,volume:null})",
                  "err": {},
                  "uuid": "17c08b78-fcc4-4709-99dd-51af5be4cd52",
                  "parentUUID": "0b03b561-4cca-433e-be48-5e33b3c47f80",
                  "isHook": false,
                  "skipped": false
                },
                {
                  "title": "should throw an error for pyatv exceptions",
                  "fullTitle": "Tools parseState() should throw an error for pyatv exceptions",
                  "timedOut": false,
                  "duration": 1,
                  "state": "passed",
                  "speed": "fast",
                  "pass": true,
                  "fail": false,
                  "pending": false,
                  "context": null,
                  "code": "const input={datetime:\"2021-11-24T21:13:36.424576+03:00\",exception:\"invalid credentials: 321\",result:\"failure\",stacktrace:'Traceback (most recent call last):\\n  File \"/Users/free/Library/Python/3.8/lib/python/site-packages/pyatv/scripts/atvscript.py\", line 302, in appstart\\n    print(args.output(await _handle_command(args, abort_sem, loop)), flush=True)\\n  File \"/Users/free/Library/Python/3.8/lib/python/site-packages/pyatv/scripts/atvscript.py\", line 196, in _handle_command\\n    atv = await connect(config, loop, protocol=Protocol.MRP)\\n  File \"/Users/free/Library/Python/3.8/lib/python/site-packages/pyatv/__init__.py\", line 96, in connect\\n    for setup_data in proto_methods.setup(\\n  File \"/Users/free/Library/Python/3.8/lib/python/site-packages/pyatv/protocols/airplay/__init__.py\", line 192, in setup\\n    stream = AirPlayStream(config, service)\\n  File \"/Users/free/Library/Python/3.8/lib/python/site-packages/pyatv/protocols/airplay/__init__.py\", line 79, in __init__\\n    self._credentials: HapCredentials = parse_credentials(self.service.credentials)\\n  File \"/Users/free/Library/Python/3.8/lib/python/site-packages/pyatv/auth/hap_pairing.py\", line 139, in parse_credentials\\n    raise exceptions.InvalidCredentialsError(\"invalid credentials: \" + detail_string)\\npyatv.exceptions.InvalidCredentialsError: invalid credentials: 321\\n'};import_assert.default.throws(()=>{(0,import_tools.parseState)(input,\"\",{})},/Got pyatv Error: invalid credentials: 321/)",
                  "err": {},
                  "uuid": "3fe5294d-a5e8-4a78-a7f0-8797377a225e",
                  "parentUUID": "0b03b561-4cca-433e-be48-5e33b3c47f80",
                  "isHook": false,
                  "skipped": false
                },
                {
                  "title": "should ignore date if it's an invalid date",
                  "fullTitle": "Tools parseState() should ignore date if it's an invalid date",
                  "timedOut": false,
                  "duration": 0,
                  "state": "passed",
                  "speed": "fast",
                  "pass": true,
                  "fail": false,
                  "pending": false,
                  "context": null,
                  "code": "const input={datetime:\"today\"};const result=(0,import_tools.parseState)(input,\"\",{});import_assert.default.deepStrictEqual(result,{album:null,app:null,appId:null,artist:null,contentIdentifier:null,dateTime:null,deviceState:null,episodeNumber:null,focusState:null,genre:null,hash:null,iTunesStoreIdentifier:null,mediaType:null,outputDevices:null,position:null,powerState:null,repeat:null,seasonNumber:null,seriesName:null,shuffle:null,title:null,totalTime:null,volume:null})",
                  "err": {},
                  "uuid": "3082ef09-6492-496c-b637-11c04c38eef0",
                  "parentUUID": "0b03b561-4cca-433e-be48-5e33b3c47f80",
                  "isHook": false,
                  "skipped": false
                },
                {
                  "title": "should ignore data if unsupported type",
                  "fullTitle": "Tools parseState() should ignore data if unsupported type",
                  "timedOut": false,
                  "duration": 0,
                  "state": "passed",
                  "speed": "fast",
                  "pass": true,
                  "fail": false,
                  "pending": false,
                  "context": null,
                  "code": "const input={album:Infinity,app:0,app_id:891645381647289,artist:90,content_identifier:null,datetime:true,device_state:43,episode_number:null,focus_state:null,genre:Math.PI,hash:1337,itunes_store_identifier:null,media_type:false,output_devices:null,position:\"0:30.123\",power_state:null,repeat:true,result:\"success\",season_number:null,series_name:null,shuffle:false,title:void 0,total_time:\"23min\",volume:null};const result=(0,import_tools.parseState)(input,\"\",{});import_assert.default.deepStrictEqual(result,{album:null,app:null,appId:null,artist:null,contentIdentifier:null,dateTime:null,deviceState:null,episodeNumber:null,focusState:null,genre:null,hash:null,iTunesStoreIdentifier:null,mediaType:null,outputDevices:null,position:null,powerState:null,repeat:null,seasonNumber:null,seriesName:null,shuffle:null,title:null,totalTime:null,volume:null})",
                  "err": {},
                  "uuid": "020bf0d1-e70d-46e3-b782-dce100f48b17",
                  "parentUUID": "0b03b561-4cca-433e-be48-5e33b3c47f80",
                  "isHook": false,
                  "skipped": false
                },
                {
                  "title": "should ignore enums with unsupported valid",
                  "fullTitle": "Tools parseState() should ignore enums with unsupported valid",
                  "timedOut": false,
                  "duration": 0,
                  "state": "passed",
                  "speed": "fast",
                  "pass": true,
                  "fail": false,
                  "pending": false,
                  "context": null,
                  "code": "const input={device_state:\"initiating\",media_type:\"3d-experience\",repeat:\"nothing\",shuffle:\"everything\"};const result=(0,import_tools.parseState)(input,\"\",{});import_assert.default.deepStrictEqual(result,{album:null,app:null,appId:null,artist:null,contentIdentifier:null,dateTime:null,deviceState:null,episodeNumber:null,focusState:null,genre:null,hash:null,iTunesStoreIdentifier:null,mediaType:null,outputDevices:null,position:null,powerState:null,repeat:null,seasonNumber:null,seriesName:null,shuffle:null,title:null,totalTime:null,volume:null})",
                  "err": {},
                  "uuid": "aac3e551-5172-4cea-a2b9-d9111a9748fb",
                  "parentUUID": "0b03b561-4cca-433e-be48-5e33b3c47f80",
                  "isHook": false,
                  "skipped": false
                }
              ],
              "suites": [],
              "passes": [
                "6d566d78-97a8-4986-b345-69d843584e29",
                "13c391b7-b46b-4da3-91a2-e7cffdef12ed",
                "17c08b78-fcc4-4709-99dd-51af5be4cd52",
                "3fe5294d-a5e8-4a78-a7f0-8797377a225e",
                "3082ef09-6492-496c-b637-11c04c38eef0",
                "020bf0d1-e70d-46e3-b782-dce100f48b17",
                "aac3e551-5172-4cea-a2b9-d9111a9748fb"
              ],
              "failures": [],
              "pending": [],
              "skipped": [],
              "duration": 1,
              "root": false,
              "rootEmpty": false,
              "_timeout": 2000
            }
          ],
          "passes": [],
          "failures": [],
          "pending": [],
          "skipped": [],
          "duration": 0,
          "root": false,
          "rootEmpty": false,
          "_timeout": 2000
        }
      ],
      "passes": [],
      "failures": [],
      "pending": [],
      "skipped": [],
      "duration": 0,
      "root": true,
      "rootEmpty": true,
      "_timeout": 2000
    }
  ],
  "meta": {
    "mocha": {
      "version": "11.7.4"
    },
    "mochawesome": {
      "options": {
        "quiet": false,
        "reportFilename": "mochawesome",
        "saveHtml": true,
        "saveJson": true,
        "consoleReporter": "spec",
        "useInlineDiffs": false,
        "code": true
      },
      "version": "7.1.4"
    },
    "marge": {
      "options": null,
      "version": "6.3.0"
    }
  }
}