{
  "stats": {
    "suites": 102,
    "tests": 174,
    "passes": 172,
    "pending": 2,
    "failures": 0,
    "start": "2025-09-25T05:35:06.806Z",
    "end": "2025-09-25T05:35:18.968Z",
    "duration": 12162,
    "testsRegistered": 174,
    "passPercent": 100,
    "pendingPercent": 1.1494252873563218,
    "other": 0,
    "hasOther": false,
    "skipped": 0,
    "hasSkipped": false
  },
  "results": [
    {
      "uuid": "48d91404-6384-4d02-ba67-91c04dcd9161",
      "title": "",
      "fullFile": "",
      "file": "",
      "beforeHooks": [],
      "afterHooks": [],
      "tests": [],
      "suites": [
        {
          "uuid": "11254187-d8b5-4b03-b89f-5cedb2e970ca",
          "title": "NodePyATVDeviceEvent",
          "fullFile": "/home/runner/work/node-pyatv/node-pyatv/test/device-event.ts",
          "file": "/test/device-event.ts",
          "beforeHooks": [],
          "afterHooks": [],
          "tests": [],
          "suites": [
            {
              "uuid": "171ebdc0-73c8-4785-b61b-4fc27f2c2cb8",
              "title": "get key()",
              "fullFile": "/home/runner/work/node-pyatv/node-pyatv/test/device-event.ts",
              "file": "/test/device-event.ts",
              "beforeHooks": [],
              "afterHooks": [],
              "tests": [
                {
                  "title": "should work",
                  "fullTitle": "NodePyATVDeviceEvent get key() should work",
                  "timedOut": false,
                  "duration": 1,
                  "state": "passed",
                  "speed": "fast",
                  "pass": true,
                  "fail": false,
                  "pending": false,
                  "context": null,
                  "code": "const event=new import_device_event.default({device:new import_device.default({host:\"192.168.178.2\",name:\"My Testinstance\"}),key:\"genre\",new:\"Rock\",old:\"Jazz\"});import_assert.default.strictEqual(event.key,\"genre\")",
                  "err": {},
                  "uuid": "9b186e93-883f-49af-8ec4-cb46e9b51eda",
                  "parentUUID": "171ebdc0-73c8-4785-b61b-4fc27f2c2cb8",
                  "isHook": false,
                  "skipped": false
                }
              ],
              "suites": [],
              "passes": [
                "9b186e93-883f-49af-8ec4-cb46e9b51eda"
              ],
              "failures": [],
              "pending": [],
              "skipped": [],
              "duration": 1,
              "root": false,
              "rootEmpty": false,
              "_timeout": 2000
            },
            {
              "uuid": "e102fa5c-cb31-492b-987c-f20ed874510e",
              "title": "get oldValue()",
              "fullFile": "/home/runner/work/node-pyatv/node-pyatv/test/device-event.ts",
              "file": "/test/device-event.ts",
              "beforeHooks": [],
              "afterHooks": [],
              "tests": [
                {
                  "title": "should work",
                  "fullTitle": "NodePyATVDeviceEvent get oldValue() should work",
                  "timedOut": false,
                  "duration": 0,
                  "state": "passed",
                  "speed": "fast",
                  "pass": true,
                  "fail": false,
                  "pending": false,
                  "context": null,
                  "code": "const event=new import_device_event.default({device:new import_device.default({host:\"192.168.178.2\",name:\"My Testinstance\"}),key:\"genre\",new:\"Rock\",old:\"Jazz\"});import_assert.default.strictEqual(event.oldValue,\"Jazz\")",
                  "err": {},
                  "uuid": "5c8399a4-bbde-4d6c-9035-d65e1f6a333a",
                  "parentUUID": "e102fa5c-cb31-492b-987c-f20ed874510e",
                  "isHook": false,
                  "skipped": false
                }
              ],
              "suites": [],
              "passes": [
                "5c8399a4-bbde-4d6c-9035-d65e1f6a333a"
              ],
              "failures": [],
              "pending": [],
              "skipped": [],
              "duration": 0,
              "root": false,
              "rootEmpty": false,
              "_timeout": 2000
            },
            {
              "uuid": "4d280785-7027-4f7a-97c7-1823177eece4",
              "title": "get newValue()",
              "fullFile": "/home/runner/work/node-pyatv/node-pyatv/test/device-event.ts",
              "file": "/test/device-event.ts",
              "beforeHooks": [],
              "afterHooks": [],
              "tests": [
                {
                  "title": "should work",
                  "fullTitle": "NodePyATVDeviceEvent get newValue() should work",
                  "timedOut": false,
                  "duration": 0,
                  "state": "passed",
                  "speed": "fast",
                  "pass": true,
                  "fail": false,
                  "pending": false,
                  "context": null,
                  "code": "const event=new import_device_event.default({device:new import_device.default({host:\"192.168.178.2\",name:\"My Testinstance\"}),key:\"genre\",new:\"Rock\",old:\"Jazz\"});import_assert.default.strictEqual(event.newValue,\"Rock\")",
                  "err": {},
                  "uuid": "5bcecfda-9fc3-4c3e-ae32-b934737b9849",
                  "parentUUID": "4d280785-7027-4f7a-97c7-1823177eece4",
                  "isHook": false,
                  "skipped": false
                }
              ],
              "suites": [],
              "passes": [
                "5bcecfda-9fc3-4c3e-ae32-b934737b9849"
              ],
              "failures": [],
              "pending": [],
              "skipped": [],
              "duration": 0,
              "root": false,
              "rootEmpty": false,
              "_timeout": 2000
            },
            {
              "uuid": "2164481a-7db2-462e-bfaa-da1d298e8f21",
              "title": "get value()",
              "fullFile": "/home/runner/work/node-pyatv/node-pyatv/test/device-event.ts",
              "file": "/test/device-event.ts",
              "beforeHooks": [],
              "afterHooks": [],
              "tests": [
                {
                  "title": "should work",
                  "fullTitle": "NodePyATVDeviceEvent get value() should work",
                  "timedOut": false,
                  "duration": 0,
                  "state": "passed",
                  "speed": "fast",
                  "pass": true,
                  "fail": false,
                  "pending": false,
                  "context": null,
                  "code": "const event=new import_device_event.default({device:new import_device.default({host:\"192.168.178.2\",name:\"My Testinstance\"}),key:\"genre\",new:\"Rock\",old:\"Jazz\"});import_assert.default.strictEqual(event.value,\"Rock\")",
                  "err": {},
                  "uuid": "173e0a33-87b2-4104-8f69-b4951bc901d3",
                  "parentUUID": "2164481a-7db2-462e-bfaa-da1d298e8f21",
                  "isHook": false,
                  "skipped": false
                }
              ],
              "suites": [],
              "passes": [
                "173e0a33-87b2-4104-8f69-b4951bc901d3"
              ],
              "failures": [],
              "pending": [],
              "skipped": [],
              "duration": 0,
              "root": false,
              "rootEmpty": false,
              "_timeout": 2000
            },
            {
              "uuid": "078055bc-dbbf-4bc2-921e-b3d3f59a7d7a",
              "title": "get device()",
              "fullFile": "/home/runner/work/node-pyatv/node-pyatv/test/device-event.ts",
              "file": "/test/device-event.ts",
              "beforeHooks": [],
              "afterHooks": [],
              "tests": [
                {
                  "title": "should work",
                  "fullTitle": "NodePyATVDeviceEvent get device() should work",
                  "timedOut": false,
                  "duration": 1,
                  "state": "passed",
                  "speed": "fast",
                  "pass": true,
                  "fail": false,
                  "pending": false,
                  "context": null,
                  "code": "const device=new import_device.default({host:\"192.168.178.2\",name:\"My Testinstance\"});const event=new import_device_event.default({device,key:\"genre\",new:\"Rock\",old:\"Jazz\"});import_assert.default.deepEqual(event.device,device)",
                  "err": {},
                  "uuid": "945223a2-3ca2-4045-a5a7-b6055b137bde",
                  "parentUUID": "078055bc-dbbf-4bc2-921e-b3d3f59a7d7a",
                  "isHook": false,
                  "skipped": false
                }
              ],
              "suites": [],
              "passes": [
                "945223a2-3ca2-4045-a5a7-b6055b137bde"
              ],
              "failures": [],
              "pending": [],
              "skipped": [],
              "duration": 1,
              "root": false,
              "rootEmpty": false,
              "_timeout": 2000
            }
          ],
          "passes": [],
          "failures": [],
          "pending": [],
          "skipped": [],
          "duration": 0,
          "root": false,
          "rootEmpty": false,
          "_timeout": 2000
        },
        {
          "uuid": "78145f5d-a0e6-479f-a8ca-fa1abb231605",
          "title": "NodePyATVDeviceEvents",
          "fullFile": "/home/runner/work/node-pyatv/node-pyatv/test/device-events.ts",
          "file": "/test/device-events.ts",
          "beforeHooks": [],
          "afterHooks": [],
          "tests": [],
          "suites": [
            {
              "uuid": "fe24cb6d-0634-4d36-b784-231451710cee",
              "title": "applyStateAndEmitEvents()",
              "fullFile": "/home/runner/work/node-pyatv/node-pyatv/test/device-events.ts",
              "file": "/test/device-events.ts",
              "beforeHooks": [],
              "afterHooks": [],
              "tests": [
                {
                  "title": "should emit update:key event",
                  "fullTitle": "NodePyATVDeviceEvents applyStateAndEmitEvents() should emit update:key event",
                  "timedOut": false,
                  "duration": 3,
                  "state": "passed",
                  "speed": "fast",
                  "pass": true,
                  "fail": false,
                  "pending": false,
                  "context": null,
                  "code": "const device=new import_lib.NodePyATVDevice({host:\"192.168.178.2\",name:\"My Testdevice\",spawn:(0,import_fake_spawn.createFakeSpawn)(cp=>{cp.onStdIn(()=>cp.end());cp.stdout({result:\"success\",title:\"My Movie\"})})});await new Promise(cb=>{device.once(\"update:title\",event=>{import_assert.default.ok(event instanceof import_lib.NodePyATVDeviceEvent);import_assert.default.strictEqual(event.key,\"title\");import_assert.default.strictEqual(event.oldValue,null);import_assert.default.strictEqual(event.newValue,\"My Movie\");import_assert.default.strictEqual(event.value,\"My Movie\");import_assert.default.deepStrictEqual(event.device,device);cb(void 0)})})",
                  "err": {},
                  "uuid": "e827a243-ad23-4561-84a5-6a439a277ce2",
                  "parentUUID": "fe24cb6d-0634-4d36-b784-231451710cee",
                  "isHook": false,
                  "skipped": false
                },
                {
                  "title": "should emit update event",
                  "fullTitle": "NodePyATVDeviceEvents applyStateAndEmitEvents() should emit update event",
                  "timedOut": false,
                  "duration": 1,
                  "state": "passed",
                  "speed": "fast",
                  "pass": true,
                  "fail": false,
                  "pending": false,
                  "context": null,
                  "code": "const device=new import_lib.NodePyATVDevice({host:\"192.168.178.2\",name:\"My Testdevice\",spawn:(0,import_fake_spawn.createFakeSpawn)(cp=>{cp.onStdIn(()=>cp.end());cp.stdout({result:\"success\",title:\"My Movie\"})})});await new Promise(cb=>{device.once(\"update\",event=>{import_assert.default.ok(event instanceof import_lib.NodePyATVDeviceEvent);import_assert.default.strictEqual(event.key,\"title\");import_assert.default.strictEqual(event.oldValue,null);import_assert.default.strictEqual(event.newValue,\"My Movie\");import_assert.default.strictEqual(event.value,\"My Movie\");import_assert.default.deepStrictEqual(event.device,device);cb(void 0)})})",
                  "err": {},
                  "uuid": "5f912445-2f36-4542-a4ca-00070ac0705c",
                  "parentUUID": "fe24cb6d-0634-4d36-b784-231451710cee",
                  "isHook": false,
                  "skipped": false
                },
                {
                  "title": "should emit update:key event before update",
                  "fullTitle": "NodePyATVDeviceEvents applyStateAndEmitEvents() should emit update:key event before update",
                  "timedOut": false,
                  "duration": 2,
                  "state": "passed",
                  "speed": "fast",
                  "pass": true,
                  "fail": false,
                  "pending": false,
                  "context": null,
                  "code": "const device=new import_lib.NodePyATVDevice({host:\"192.168.178.2\",name:\"My Testdevice\",spawn:(0,import_fake_spawn.createFakeSpawn)(cp=>{cp.onStdIn(()=>cp.end());cp.stdout({result:\"success\",title:\"My Movie\"})})});const sort=[];await Promise.race([new Promise(cb=>{device.once(\"update\",()=>{sort.push(\"update\");cb(void 0)})}),new Promise(cb=>{device.once(\"update:title\",()=>{sort.push(\"update:title\");cb(void 0)})})]);import_assert.default.deepStrictEqual(sort,[\"update:title\",\"update\"])",
                  "err": {},
                  "uuid": "0f608ac1-fdf0-42e7-bd31-f0e82e0e5589",
                  "parentUUID": "fe24cb6d-0634-4d36-b784-231451710cee",
                  "isHook": false,
                  "skipped": false
                },
                {
                  "title": "should emit error events on failures",
                  "fullTitle": "NodePyATVDeviceEvents applyStateAndEmitEvents() should emit error events on failures",
                  "timedOut": false,
                  "duration": 1,
                  "state": "passed",
                  "speed": "fast",
                  "pass": true,
                  "fail": false,
                  "pending": false,
                  "context": null,
                  "code": "const device=new import_lib.NodePyATVDevice({host:\"192.168.178.2\",name:\"My Testdevice\",spawn:(0,import_fake_spawn.createFakeSpawn)(cp=>{cp.onStdIn(()=>cp.end());cp.stdout({datetime:\"2021-11-24T21:13:36.424576+03:00\",exception:\"invalid credentials: 321\",result:\"failure\",stacktrace:'Traceback (most recent call last):\\n  File \"/Users/free/Library/Python/3.8/lib/python/site-packages/pyatv/scripts/atvscript.py\", line 302, in appstart\\n    print(args.output(await _handle_command(args, abort_sem, loop)), flush=True)\\n  File \"/Users/free/Library/Python/3.8/lib/python/site-packages/pyatv/scripts/atvscript.py\", line 196, in _handle_command\\n    atv = await connect(config, loop, protocol=Protocol.MRP)\\n  File \"/Users/free/Library/Python/3.8/lib/python/site-packages/pyatv/__init__.py\", line 96, in connect\\n    for setup_data in proto_methods.setup(\\n  File \"/Users/free/Library/Python/3.8/lib/python/site-packages/pyatv/protocols/airplay/__init__.py\", line 192, in setup\\n    stream = AirPlayStream(config, service)\\n  File \"/Users/free/Library/Python/3.8/lib/python/site-packages/pyatv/protocols/airplay/__init__.py\", line 79, in __init__\\n    self._credentials: HapCredentials = parse_credentials(self.service.credentials)\\n  File \"/Users/free/Library/Python/3.8/lib/python/site-packages/pyatv/auth/hap_pairing.py\", line 139, in parse_credentials\\n    raise exceptions.InvalidCredentialsError(\"invalid credentials: \" + detail_string)\\npyatv.exceptions.InvalidCredentialsError: invalid credentials: 321\\n'})})});await new Promise(cb=>{device.once(\"error\",error=>{import_assert.default.ok(error instanceof Error);import_assert.default.ok(error.toString().includes(\"invalid credentials: 321\"));cb(void 0)})})",
                  "err": {},
                  "uuid": "c784a7cf-e202-47c0-87bb-7c8a1f2d02e4",
                  "parentUUID": "fe24cb6d-0634-4d36-b784-231451710cee",
                  "isHook": false,
                  "skipped": false
                },
                {
                  "title": "should not emit an update if new value is same as old one",
                  "fullTitle": "NodePyATVDeviceEvents applyStateAndEmitEvents() should not emit an update if new value is same as old one",
                  "timedOut": false,
                  "duration": 3,
                  "state": "passed",
                  "speed": "fast",
                  "pass": true,
                  "fail": false,
                  "pending": false,
                  "context": null,
                  "code": "let spawnCounter=0;let eventCounter=0;const device=new import_lib.NodePyATVDevice({host:\"192.168.178.2\",name:\"My Testdevice\",spawn:(0,import_fake_spawn.createFakeSpawn)(cp=>{if(spawnCounter===0){cp.onStdIn(()=>cp.end())}cp.stdout({result:\"success\",title:\"My Movie\"});spawnCounter++;if(spawnCounter>=2){cp.end()}})});const listener=__name(()=>{eventCounter++},\"listener\");device.on(\"update\",listener);await new Promise(cb=>setTimeout(cb,0));await device.getState();device.off(\"update\",listener);import_assert.default.strictEqual(spawnCounter,2);import_assert.default.strictEqual(eventCounter,1)",
                  "err": {},
                  "uuid": "a15ca756-a4de-468d-a908-c3ce52bb7f46",
                  "parentUUID": "fe24cb6d-0634-4d36-b784-231451710cee",
                  "isHook": false,
                  "skipped": false
                },
                {
                  "title": "should emit error event if event listener throws an exception",
                  "fullTitle": "NodePyATVDeviceEvents applyStateAndEmitEvents() should emit error event if event listener throws an exception",
                  "timedOut": false,
                  "duration": 2,
                  "state": "passed",
                  "speed": "fast",
                  "pass": true,
                  "fail": false,
                  "pending": false,
                  "context": null,
                  "code": "const device=new import_lib.NodePyATVDevice({host:\"192.168.178.2\",name:\"My Testdevice\",spawn:(0,import_fake_spawn.createFakeSpawn)(cp=>{cp.onStdIn(()=>cp.end());cp.stdout({result:\"success\",title:\"My Movie\"})})});let callCounter=0;const error=new Error(\"This is an error. Be nice.\");device.once(\"error\",err=>{import_assert.default.strictEqual(err,error);callCounter++});const listener=__name(()=>{throw error},\"listener\");device.on(\"update\",listener);await new Promise(cb=>setTimeout(cb,0));device.off(\"update\",listener);import_assert.default.strictEqual(callCounter,1)",
                  "err": {},
                  "uuid": "70ad6b41-4f07-4e30-b7e6-7caddd2b179d",
                  "parentUUID": "fe24cb6d-0634-4d36-b784-231451710cee",
                  "isHook": false,
                  "skipped": false
                },
                {
                  "title": "should also work with powerState",
                  "fullTitle": "NodePyATVDeviceEvents applyStateAndEmitEvents() should also work with powerState",
                  "timedOut": false,
                  "duration": 1,
                  "state": "passed",
                  "speed": "fast",
                  "pass": true,
                  "fail": false,
                  "pending": false,
                  "context": null,
                  "code": "const device=new import_lib.NodePyATVDevice({host:\"192.168.178.2\",name:\"My Testdevice\",spawn:(0,import_fake_spawn.createFakeSpawn)(cp=>{cp.onStdIn(()=>cp.end());cp.stdout({datetime:new Date().toJSON(),power_state:\"off\",result:\"success\"})})});await new Promise(cb=>{device.once(\"update:powerState\",event=>{import_assert.default.ok(event instanceof import_lib.NodePyATVDeviceEvent);import_assert.default.strictEqual(event.key,\"powerState\");import_assert.default.strictEqual(event.oldValue,null);import_assert.default.strictEqual(event.newValue,\"off\");import_assert.default.strictEqual(event.newValue,import_lib.NodePyATVPowerState.off);import_assert.default.strictEqual(event.value,\"off\");import_assert.default.strictEqual(event.value,import_lib.NodePyATVPowerState.off);import_assert.default.deepStrictEqual(event.device,device);cb(void 0)})})",
                  "err": {},
                  "uuid": "a1462d32-bcb7-46e8-8de9-adb38b1f1f41",
                  "parentUUID": "fe24cb6d-0634-4d36-b784-231451710cee",
                  "isHook": false,
                  "skipped": false
                },
                {
                  "title": "should only one event for powerState changes",
                  "fullTitle": "NodePyATVDeviceEvents applyStateAndEmitEvents() should only one event for powerState changes",
                  "timedOut": false,
                  "duration": 9,
                  "state": "passed",
                  "speed": "fast",
                  "pass": true,
                  "fail": false,
                  "pending": false,
                  "context": null,
                  "code": "const device=new import_lib.NodePyATVDevice({host:\"192.168.178.2\",name:\"My Testdevice\",spawn:(0,import_fake_spawn.createFakeSpawn)(cp=>{cp.onStdIn(()=>cp.end());cp.stdout({datetime:new Date().toJSON(),power_state:\"off\",result:\"success\"});cp.end()})});let counter=0;device.on(\"update\",event=>{import_assert.default.ok(event instanceof import_lib.NodePyATVDeviceEvent);import_assert.default.strictEqual(event.key,\"powerState\");import_assert.default.strictEqual(event.oldValue,null);import_assert.default.strictEqual(event.newValue,\"off\");import_assert.default.strictEqual(event.newValue,import_lib.NodePyATVPowerState.off);import_assert.default.strictEqual(event.value,\"off\");import_assert.default.strictEqual(event.value,import_lib.NodePyATVPowerState.off);import_assert.default.deepStrictEqual(event.device,device);counter++});await new Promise(cb=>setTimeout(cb,10));import_assert.default.strictEqual(counter,1);device.removeAllListeners(\"update\")",
                  "err": {},
                  "uuid": "e5dc9bb7-d970-4705-a621-5c9df89a41ea",
                  "parentUUID": "fe24cb6d-0634-4d36-b784-231451710cee",
                  "isHook": false,
                  "skipped": false
                },
                {
                  "title": "should only one event for focusState changes",
                  "fullTitle": "NodePyATVDeviceEvents applyStateAndEmitEvents() should only one event for focusState changes",
                  "timedOut": false,
                  "duration": 10,
                  "state": "passed",
                  "speed": "fast",
                  "pass": true,
                  "fail": false,
                  "pending": false,
                  "context": null,
                  "code": "const device=new import_lib.NodePyATVDevice({host:\"192.168.178.2\",name:\"My Testdevice\",spawn:(0,import_fake_spawn.createFakeSpawn)(cp=>{cp.onStdIn(()=>cp.end());cp.stdout({datetime:new Date().toJSON(),focus_state:\"unfocused\",result:\"success\"});cp.end()})});let counter=0;device.on(\"update\",event=>{import_assert.default.ok(event instanceof import_lib.NodePyATVDeviceEvent);import_assert.default.strictEqual(event.key,\"focusState\");import_assert.default.strictEqual(event.oldValue,null);import_assert.default.strictEqual(event.newValue,\"unfocused\");import_assert.default.strictEqual(event.newValue,import_types.NodePyATVFocusState.unfocused);import_assert.default.strictEqual(event.value,\"unfocused\");import_assert.default.strictEqual(event.value,import_types.NodePyATVFocusState.unfocused);import_assert.default.deepStrictEqual(event.device,device);counter++});await new Promise(cb=>setTimeout(cb,10));import_assert.default.strictEqual(counter,1);device.removeAllListeners(\"update\")",
                  "err": {},
                  "uuid": "73249e66-ee51-4458-88c8-ffb82e770011",
                  "parentUUID": "fe24cb6d-0634-4d36-b784-231451710cee",
                  "isHook": false,
                  "skipped": false
                },
                {
                  "title": "should only one event for outputDevices changes",
                  "fullTitle": "NodePyATVDeviceEvents applyStateAndEmitEvents() should only one event for outputDevices changes",
                  "timedOut": false,
                  "duration": 10,
                  "state": "passed",
                  "speed": "fast",
                  "pass": true,
                  "fail": false,
                  "pending": false,
                  "context": null,
                  "code": "const device=new import_lib.NodePyATVDevice({host:\"192.168.178.2\",name:\"My Testdevice\",spawn:(0,import_fake_spawn.createFakeSpawn)(cp=>{cp.onStdIn(()=>cp.end());cp.stdout({datetime:new Date().toJSON(),output_devices:[{identifier:\"AAAAAAAA-BBBB-CCCC-DDDD-EEEEEEEEEEEE\",name:\"Living room\"}],result:\"success\"});cp.end()})});let counter=0;device.on(\"update\",event=>{import_assert.default.ok(event instanceof import_lib.NodePyATVDeviceEvent);import_assert.default.strictEqual(event.key,\"outputDevices\");import_assert.default.strictEqual(event.oldValue,null);import_assert.default.deepStrictEqual(event.newValue,[{identifier:\"AAAAAAAA-BBBB-CCCC-DDDD-EEEEEEEEEEEE\",name:\"Living room\"}]);import_assert.default.deepStrictEqual(event.value,[{identifier:\"AAAAAAAA-BBBB-CCCC-DDDD-EEEEEEEEEEEE\",name:\"Living room\"}]);import_assert.default.deepStrictEqual(event.device,device);counter++});await new Promise(cb=>setTimeout(cb,10));import_assert.default.strictEqual(counter,1);device.removeAllListeners(\"update\")",
                  "err": {},
                  "uuid": "46dd9f1d-2049-4cf8-8e1e-911a1f0467af",
                  "parentUUID": "fe24cb6d-0634-4d36-b784-231451710cee",
                  "isHook": false,
                  "skipped": false
                },
                {
                  "title": "should only one event for volume changes",
                  "fullTitle": "NodePyATVDeviceEvents applyStateAndEmitEvents() should only one event for volume changes",
                  "timedOut": false,
                  "duration": 10,
                  "state": "passed",
                  "speed": "fast",
                  "pass": true,
                  "fail": false,
                  "pending": false,
                  "context": null,
                  "code": "const device=new import_lib.NodePyATVDevice({host:\"192.168.178.2\",name:\"My Testdevice\",spawn:(0,import_fake_spawn.createFakeSpawn)(cp=>{cp.onStdIn(()=>cp.end());cp.stdout({datetime:new Date().toJSON(),result:\"success\",volume:20});cp.end()})});let counter=0;device.on(\"update\",event=>{import_assert.default.ok(event instanceof import_lib.NodePyATVDeviceEvent);import_assert.default.strictEqual(event.key,\"volume\");import_assert.default.strictEqual(event.oldValue,null);import_assert.default.strictEqual(event.newValue,20);import_assert.default.strictEqual(event.value,20);import_assert.default.deepStrictEqual(event.device,device);counter++});await new Promise(cb=>setTimeout(cb,10));import_assert.default.strictEqual(counter,1);device.removeAllListeners(\"update\")",
                  "err": {},
                  "uuid": "6fb133f6-1781-42f9-8925-009b72c79bf5",
                  "parentUUID": "fe24cb6d-0634-4d36-b784-231451710cee",
                  "isHook": false,
                  "skipped": false
                },
                {
                  "title": "should not trigger any events for newly added fields",
                  "fullTitle": "NodePyATVDeviceEvents applyStateAndEmitEvents() should not trigger any events for newly added fields",
                  "timedOut": false,
                  "duration": 11,
                  "state": "passed",
                  "speed": "fast",
                  "pass": true,
                  "fail": false,
                  "pending": false,
                  "context": null,
                  "code": "const device=new import_lib.NodePyATVDevice({host:\"192.168.178.2\",name:\"My Testdevice\",spawn:(0,import_fake_spawn.createFakeSpawn)(cp=>{cp.onStdIn(()=>cp.end());cp.stdout({datetime:new Date().toJSON(),foo:\"bar\",result:\"success\"});cp.end()})});device.on(\"update\",event=>{import_assert.default.fail(`Got an update event for a new field: ${event}`)});await new Promise(cb=>setTimeout(cb,10));device.removeAllListeners(\"update\")",
                  "err": {},
                  "uuid": "0217418c-b7a9-45d8-8b06-8a75efe1047d",
                  "parentUUID": "fe24cb6d-0634-4d36-b784-231451710cee",
                  "isHook": false,
                  "skipped": false
                }
              ],
              "suites": [],
              "passes": [
                "e827a243-ad23-4561-84a5-6a439a277ce2",
                "5f912445-2f36-4542-a4ca-00070ac0705c",
                "0f608ac1-fdf0-42e7-bd31-f0e82e0e5589",
                "c784a7cf-e202-47c0-87bb-7c8a1f2d02e4",
                "a15ca756-a4de-468d-a908-c3ce52bb7f46",
                "70ad6b41-4f07-4e30-b7e6-7caddd2b179d",
                "a1462d32-bcb7-46e8-8de9-adb38b1f1f41",
                "e5dc9bb7-d970-4705-a621-5c9df89a41ea",
                "73249e66-ee51-4458-88c8-ffb82e770011",
                "46dd9f1d-2049-4cf8-8e1e-911a1f0467af",
                "6fb133f6-1781-42f9-8925-009b72c79bf5",
                "0217418c-b7a9-45d8-8b06-8a75efe1047d"
              ],
              "failures": [],
              "pending": [],
              "skipped": [],
              "duration": 63,
              "root": false,
              "rootEmpty": false,
              "_timeout": 2000
            },
            {
              "uuid": "eadc8410-4620-429b-a299-0af7f65ab145",
              "title": "start|stopListening()",
              "fullFile": "/home/runner/work/node-pyatv/node-pyatv/test/device-events.ts",
              "file": "/test/device-events.ts",
              "beforeHooks": [],
              "afterHooks": [],
              "tests": [
                {
                  "title": "should emit error if spawn fails",
                  "fullTitle": "NodePyATVDeviceEvents start|stopListening() should emit error if spawn fails",
                  "timedOut": false,
                  "duration": 1,
                  "state": "passed",
                  "speed": "fast",
                  "pass": true,
                  "fail": false,
                  "pending": false,
                  "context": null,
                  "code": "const error=new Error;const device=new import_lib.NodePyATVDevice({host:\"192.168.178.2\",name:\"My Testdevice\",spawn:(0,import_fake_spawn.createFakeSpawn)(cp=>{cp.error(error).end()})});const listener=__name(()=>{},\"listener\");device.on(\"update\",listener);await new Promise(cb=>{device.once(\"error\",err=>{import_assert.default.strictEqual(err,error);cb(void 0)})});device.off(\"update\",listener)",
                  "err": {},
                  "uuid": "a205824b-fd67-4f29-b841-bb687dfacae6",
                  "parentUUID": "eadc8410-4620-429b-a299-0af7f65ab145",
                  "isHook": false,
                  "skipped": false
                },
                {
                  "title": "should emit error on stderr data",
                  "fullTitle": "NodePyATVDeviceEvents start|stopListening() should emit error on stderr data",
                  "timedOut": false,
                  "duration": 1,
                  "state": "passed",
                  "speed": "fast",
                  "pass": true,
                  "fail": false,
                  "pending": false,
                  "context": null,
                  "code": "const device=new import_lib.NodePyATVDevice({host:\"192.168.178.2\",name:\"My Testdevice\",spawn:(0,import_fake_spawn.createFakeSpawn)(cp=>{cp.stderr(\"Hello World!\").end()})});const listener=__name(()=>{},\"listener\");device.on(\"update\",listener);await new Promise(cb=>{device.once(\"error\",err=>{import_assert.default.ok(err instanceof Error);import_assert.default.ok(err.toString().includes(\"Got stderr output from pyatv: Hello World!\"));cb(void 0)})});device.off(\"update\",listener)",
                  "err": {},
                  "uuid": "dfa76bd4-178d-4a6e-92e3-368e88688084",
                  "parentUUID": "eadc8410-4620-429b-a299-0af7f65ab145",
                  "isHook": false,
                  "skipped": false
                },
                {
                  "title": "should emit error if stdout is not valid json",
                  "fullTitle": "NodePyATVDeviceEvents start|stopListening() should emit error if stdout is not valid json",
                  "timedOut": false,
                  "duration": 2,
                  "state": "passed",
                  "speed": "fast",
                  "pass": true,
                  "fail": false,
                  "pending": false,
                  "context": null,
                  "code": "const device=new import_lib.NodePyATVDevice({host:\"192.168.178.2\",name:\"My Testdevice\",spawn:(0,import_fake_spawn.createFakeSpawn)(cp=>{cp.stdout(\"#\").end()})});const listener=__name(()=>{},\"listener\");device.on(\"update\",listener);await new Promise(cb=>{device.once(\"error\",err=>{import_assert.default.ok(err instanceof Error);import_assert.default.ok(err.toString().includes(\"Unable to parse stdout json: SyntaxError\"));cb(void 0)})});device.off(\"update\",listener)",
                  "err": {},
                  "uuid": "73539e0b-4003-4314-9125-1a978b6f7333",
                  "parentUUID": "eadc8410-4620-429b-a299-0af7f65ab145",
                  "isHook": false,
                  "skipped": false
                },
                {
                  "title": "should restart the process if it gets killed",
                  "fullTitle": "NodePyATVDeviceEvents start|stopListening() should restart the process if it gets killed",
                  "timedOut": false,
                  "duration": 0,
                  "state": "pending",
                  "speed": null,
                  "pass": false,
                  "fail": false,
                  "pending": true,
                  "context": null,
                  "code": "",
                  "err": {},
                  "uuid": "0508afe8-6ff2-4b80-9502-e1942d2ff6b5",
                  "parentUUID": "eadc8410-4620-429b-a299-0af7f65ab145",
                  "isHook": false,
                  "skipped": false
                }
              ],
              "suites": [],
              "passes": [
                "a205824b-fd67-4f29-b841-bb687dfacae6",
                "dfa76bd4-178d-4a6e-92e3-368e88688084",
                "73539e0b-4003-4314-9125-1a978b6f7333"
              ],
              "failures": [],
              "pending": [
                "0508afe8-6ff2-4b80-9502-e1942d2ff6b5"
              ],
              "skipped": [],
              "duration": 4,
              "root": false,
              "rootEmpty": false,
              "_timeout": 2000
            },
            {
              "uuid": "727fd75a-5506-47d5-a593-af340ba80b2e",
              "title": "addListener() / removeAllListeners()",
              "fullFile": "/home/runner/work/node-pyatv/node-pyatv/test/device-events.ts",
              "file": "/test/device-events.ts",
              "beforeHooks": [],
              "afterHooks": [],
              "tests": [
                {
                  "title": "should work without any exceptions",
                  "fullTitle": "NodePyATVDeviceEvents addListener() / removeAllListeners() should work without any exceptions",
                  "timedOut": false,
                  "duration": 0,
                  "state": "passed",
                  "speed": "fast",
                  "pass": true,
                  "fail": false,
                  "pending": false,
                  "context": null,
                  "code": "const device=new import_lib.NodePyATVDevice({host:\"192.168.178.2\",name:\"My Testdevice\",spawn:(0,import_fake_spawn.createFakeSpawn)(cp=>{cp.onStdIn(()=>cp.end());cp.stdout({result:\"success\",title:\"My Movie\"})})});const listener=__name(()=>{},\"listener\");device.addListener(\"update\",listener);device.removeAllListeners(\"update\")",
                  "err": {},
                  "uuid": "e6546581-98fc-4993-b458-8e77aad55368",
                  "parentUUID": "727fd75a-5506-47d5-a593-af340ba80b2e",
                  "isHook": false,
                  "skipped": false
                }
              ],
              "suites": [],
              "passes": [
                "e6546581-98fc-4993-b458-8e77aad55368"
              ],
              "failures": [],
              "pending": [],
              "skipped": [],
              "duration": 0,
              "root": false,
              "rootEmpty": false,
              "_timeout": 2000
            },
            {
              "uuid": "5adf7df9-89b0-43fc-81d7-e5958400c849",
              "title": "emit()",
              "fullFile": "/home/runner/work/node-pyatv/node-pyatv/test/device-events.ts",
              "file": "/test/device-events.ts",
              "beforeHooks": [],
              "afterHooks": [],
              "tests": [
                {
                  "title": "should work",
                  "fullTitle": "NodePyATVDeviceEvents emit() should work",
                  "timedOut": false,
                  "duration": 1,
                  "state": "passed",
                  "speed": "fast",
                  "pass": true,
                  "fail": false,
                  "pending": false,
                  "context": null,
                  "code": "const device=new import_lib.NodePyATVDevice({host:\"192.168.178.2\",name:\"My Testdevice\",spawn:(0,import_fake_spawn.createFakeSpawn)(cp=>{cp.onStdIn(()=>cp.end())})});const event=new import_lib.NodePyATVDeviceEvent({device,key:\"dateTime\",new:\"bar\",old:\"foo\"});let executions=0;device.once(\"test\",e=>{executions++;import_assert.default.strictEqual(e,event);import_assert.default.strictEqual(executions,1);done()});device.emit(\"test\",event)",
                  "err": {},
                  "uuid": "d9de3631-6146-482d-8d11-6d16422c7090",
                  "parentUUID": "5adf7df9-89b0-43fc-81d7-e5958400c849",
                  "isHook": false,
                  "skipped": false
                }
              ],
              "suites": [],
              "passes": [
                "d9de3631-6146-482d-8d11-6d16422c7090"
              ],
              "failures": [],
              "pending": [],
              "skipped": [],
              "duration": 1,
              "root": false,
              "rootEmpty": false,
              "_timeout": 2000
            },
            {
              "uuid": "d1bf0b42-7ac4-43ad-b4be-160c25d98501",
              "title": "eventNames()",
              "fullFile": "/home/runner/work/node-pyatv/node-pyatv/test/device-events.ts",
              "file": "/test/device-events.ts",
              "beforeHooks": [],
              "afterHooks": [],
              "tests": [
                {
                  "title": "should work",
                  "fullTitle": "NodePyATVDeviceEvents eventNames() should work",
                  "timedOut": false,
                  "duration": 0,
                  "state": "passed",
                  "speed": "fast",
                  "pass": true,
                  "fail": false,
                  "pending": false,
                  "context": null,
                  "code": "const device=new import_lib.NodePyATVDevice({host:\"192.168.178.2\",name:\"My Testdevice\",spawn:(0,import_fake_spawn.createFakeSpawn)(cp=>{cp.onStdIn(()=>cp.end())})});const listener=__name(()=>{},\"listener\");device.on(\"test\",listener);import_assert.default.deepStrictEqual(device.eventNames(),[\"test\"]);device.off(\"test\",listener)",
                  "err": {},
                  "uuid": "7c7dcdac-e75f-474a-8e16-4944a8437e57",
                  "parentUUID": "d1bf0b42-7ac4-43ad-b4be-160c25d98501",
                  "isHook": false,
                  "skipped": false
                }
              ],
              "suites": [],
              "passes": [
                "7c7dcdac-e75f-474a-8e16-4944a8437e57"
              ],
              "failures": [],
              "pending": [],
              "skipped": [],
              "duration": 0,
              "root": false,
              "rootEmpty": false,
              "_timeout": 2000
            },
            {
              "uuid": "bd062492-aee7-48c8-9191-3abd0dfaa528",
              "title": "getMaxListeners()",
              "fullFile": "/home/runner/work/node-pyatv/node-pyatv/test/device-events.ts",
              "file": "/test/device-events.ts",
              "beforeHooks": [],
              "afterHooks": [],
              "tests": [
                {
                  "title": "should work",
                  "fullTitle": "NodePyATVDeviceEvents getMaxListeners() should work",
                  "timedOut": false,
                  "duration": 0,
                  "state": "passed",
                  "speed": "fast",
                  "pass": true,
                  "fail": false,
                  "pending": false,
                  "context": null,
                  "code": "const device=new import_lib.NodePyATVDevice({host:\"192.168.178.2\",name:\"My Testdevice\",spawn:(0,import_fake_spawn.createFakeSpawn)(cp=>{cp.onStdIn(()=>cp.end())})});const result=device.getMaxListeners();import_assert.default.ok(typeof result,\"number\");import_assert.default.ok(result>=10)",
                  "err": {},
                  "uuid": "1aae807a-d3cd-4b6d-a455-227b798db2cf",
                  "parentUUID": "bd062492-aee7-48c8-9191-3abd0dfaa528",
                  "isHook": false,
                  "skipped": false
                }
              ],
              "suites": [],
              "passes": [
                "1aae807a-d3cd-4b6d-a455-227b798db2cf"
              ],
              "failures": [],
              "pending": [],
              "skipped": [],
              "duration": 0,
              "root": false,
              "rootEmpty": false,
              "_timeout": 2000
            },
            {
              "uuid": "169dab61-9eda-4013-b2c4-f45bf4db5139",
              "title": "listenerCount()",
              "fullFile": "/home/runner/work/node-pyatv/node-pyatv/test/device-events.ts",
              "file": "/test/device-events.ts",
              "beforeHooks": [],
              "afterHooks": [],
              "tests": [
                {
                  "title": "should work",
                  "fullTitle": "NodePyATVDeviceEvents listenerCount() should work",
                  "timedOut": false,
                  "duration": 0,
                  "state": "passed",
                  "speed": "fast",
                  "pass": true,
                  "fail": false,
                  "pending": false,
                  "context": null,
                  "code": "const device=new import_lib.NodePyATVDevice({host:\"192.168.178.2\",name:\"My Testdevice\",spawn:(0,import_fake_spawn.createFakeSpawn)(cp=>{cp.onStdIn(()=>cp.end())})});const listener=__name(()=>{},\"listener\");import_assert.default.deepStrictEqual(device.listenerCount(\"test\"),0);device.on(\"test\",listener);import_assert.default.deepStrictEqual(device.listenerCount(\"test\"),1);device.off(\"test\",listener)",
                  "err": {},
                  "uuid": "757399c1-d4fd-4a73-b426-28efc693304d",
                  "parentUUID": "169dab61-9eda-4013-b2c4-f45bf4db5139",
                  "isHook": false,
                  "skipped": false
                }
              ],
              "suites": [],
              "passes": [
                "757399c1-d4fd-4a73-b426-28efc693304d"
              ],
              "failures": [],
              "pending": [],
              "skipped": [],
              "duration": 0,
              "root": false,
              "rootEmpty": false,
              "_timeout": 2000
            },
            {
              "uuid": "19bb944b-389d-4cc9-9617-09744a7703b6",
              "title": "listeners()",
              "fullFile": "/home/runner/work/node-pyatv/node-pyatv/test/device-events.ts",
              "file": "/test/device-events.ts",
              "beforeHooks": [],
              "afterHooks": [],
              "tests": [
                {
                  "title": "should work",
                  "fullTitle": "NodePyATVDeviceEvents listeners() should work",
                  "timedOut": false,
                  "duration": 0,
                  "state": "passed",
                  "speed": "fast",
                  "pass": true,
                  "fail": false,
                  "pending": false,
                  "context": null,
                  "code": "const device=new import_lib.NodePyATVDevice({host:\"192.168.178.2\",name:\"My Testdevice\",spawn:(0,import_fake_spawn.createFakeSpawn)(cp=>{cp.onStdIn(()=>cp.end())})});const listener=__name(()=>{},\"listener\");import_assert.default.deepStrictEqual(device.listeners(\"test\").length,0);device.on(\"test\",listener);import_assert.default.deepStrictEqual(device.listeners(\"test\").length,1);import_assert.default.deepStrictEqual(device.listeners(\"test\")[0],listener);device.off(\"test\",listener)",
                  "err": {},
                  "uuid": "c057f52d-b45f-4c65-ad67-73c7a276662c",
                  "parentUUID": "19bb944b-389d-4cc9-9617-09744a7703b6",
                  "isHook": false,
                  "skipped": false
                }
              ],
              "suites": [],
              "passes": [
                "c057f52d-b45f-4c65-ad67-73c7a276662c"
              ],
              "failures": [],
              "pending": [],
              "skipped": [],
              "duration": 0,
              "root": false,
              "rootEmpty": false,
              "_timeout": 2000
            },
            {
              "uuid": "ed1189b3-0e80-4996-9357-02ad76b55cbb",
              "title": "prependListener()",
              "fullFile": "/home/runner/work/node-pyatv/node-pyatv/test/device-events.ts",
              "file": "/test/device-events.ts",
              "beforeHooks": [],
              "afterHooks": [],
              "tests": [
                {
                  "title": "should work",
                  "fullTitle": "NodePyATVDeviceEvents prependListener() should work",
                  "timedOut": false,
                  "duration": 1,
                  "state": "passed",
                  "speed": "fast",
                  "pass": true,
                  "fail": false,
                  "pending": false,
                  "context": null,
                  "code": "const device=new import_lib.NodePyATVDevice({host:\"192.168.178.2\",name:\"My Testdevice\",spawn:(0,import_fake_spawn.createFakeSpawn)(cp=>{cp.onStdIn(()=>cp.end());cp.stdout({result:\"success\",title:\"My Movie\"})})});const listener=__name(()=>{device.removeAllListeners(\"update\");done()},\"listener\");device.prependListener(\"update\",listener)",
                  "err": {},
                  "uuid": "6c50bf81-2307-4f12-a174-123a68e44cef",
                  "parentUUID": "ed1189b3-0e80-4996-9357-02ad76b55cbb",
                  "isHook": false,
                  "skipped": false
                }
              ],
              "suites": [],
              "passes": [
                "6c50bf81-2307-4f12-a174-123a68e44cef"
              ],
              "failures": [],
              "pending": [],
              "skipped": [],
              "duration": 1,
              "root": false,
              "rootEmpty": false,
              "_timeout": 2000
            },
            {
              "uuid": "89729a37-08bc-4503-9f7b-1a8d115d4f02",
              "title": "prependOnceListener()",
              "fullFile": "/home/runner/work/node-pyatv/node-pyatv/test/device-events.ts",
              "file": "/test/device-events.ts",
              "beforeHooks": [],
              "afterHooks": [],
              "tests": [
                {
                  "title": "should work",
                  "fullTitle": "NodePyATVDeviceEvents prependOnceListener() should work",
                  "timedOut": false,
                  "duration": 2,
                  "state": "passed",
                  "speed": "fast",
                  "pass": true,
                  "fail": false,
                  "pending": false,
                  "context": null,
                  "code": "const device=new import_lib.NodePyATVDevice({host:\"192.168.178.2\",name:\"My Testdevice\",spawn:(0,import_fake_spawn.createFakeSpawn)(cp=>{cp.onStdIn(()=>cp.end());cp.stdout({result:\"success\",title:\"My Movie\"})})});device.prependOnceListener(\"update\",()=>done())",
                  "err": {},
                  "uuid": "ef771972-4ae3-4826-8ef6-e20cb69b68a1",
                  "parentUUID": "89729a37-08bc-4503-9f7b-1a8d115d4f02",
                  "isHook": false,
                  "skipped": false
                }
              ],
              "suites": [],
              "passes": [
                "ef771972-4ae3-4826-8ef6-e20cb69b68a1"
              ],
              "failures": [],
              "pending": [],
              "skipped": [],
              "duration": 2,
              "root": false,
              "rootEmpty": false,
              "_timeout": 2000
            },
            {
              "uuid": "67587962-88fd-4969-864a-9b1fdbdc0bcd",
              "title": "rawListeners()",
              "fullFile": "/home/runner/work/node-pyatv/node-pyatv/test/device-events.ts",
              "file": "/test/device-events.ts",
              "beforeHooks": [],
              "afterHooks": [],
              "tests": [
                {
                  "title": "should work",
                  "fullTitle": "NodePyATVDeviceEvents rawListeners() should work",
                  "timedOut": false,
                  "duration": 0,
                  "state": "passed",
                  "speed": "fast",
                  "pass": true,
                  "fail": false,
                  "pending": false,
                  "context": null,
                  "code": "const device=new import_lib.NodePyATVDevice({host:\"192.168.178.2\",name:\"My Testdevice\",spawn:(0,import_fake_spawn.createFakeSpawn)(cp=>{cp.onStdIn(()=>cp.end())})});const listener=__name(()=>{},\"listener\");import_assert.default.deepStrictEqual(device.rawListeners(\"test\").length,0);device.on(\"test\",listener);import_assert.default.deepStrictEqual(device.rawListeners(\"test\").length,1);import_assert.default.deepStrictEqual(device.rawListeners(\"test\")[0],listener);device.off(\"test\",listener)",
                  "err": {},
                  "uuid": "d45fe65d-9a8d-45b3-9718-9e8019a962a3",
                  "parentUUID": "67587962-88fd-4969-864a-9b1fdbdc0bcd",
                  "isHook": false,
                  "skipped": false
                }
              ],
              "suites": [],
              "passes": [
                "d45fe65d-9a8d-45b3-9718-9e8019a962a3"
              ],
              "failures": [],
              "pending": [],
              "skipped": [],
              "duration": 0,
              "root": false,
              "rootEmpty": false,
              "_timeout": 2000
            },
            {
              "uuid": "2858dea1-5274-4906-bd36-abc042cfd128",
              "title": "removeListener()",
              "fullFile": "/home/runner/work/node-pyatv/node-pyatv/test/device-events.ts",
              "file": "/test/device-events.ts",
              "beforeHooks": [],
              "afterHooks": [],
              "tests": [
                {
                  "title": "should work without any exceptions",
                  "fullTitle": "NodePyATVDeviceEvents removeListener() should work without any exceptions",
                  "timedOut": false,
                  "duration": 1,
                  "state": "passed",
                  "speed": "fast",
                  "pass": true,
                  "fail": false,
                  "pending": false,
                  "context": null,
                  "code": "const device=new import_lib.NodePyATVDevice({host:\"192.168.178.2\",name:\"My Testdevice\",spawn:(0,import_fake_spawn.createFakeSpawn)(cp=>{cp.onStdIn(()=>cp.end());cp.stdout({result:\"success\",title:\"My Movie\"})})});const listener=__name(()=>{},\"listener\");device.addListener(\"update\",listener);import_assert.default.deepStrictEqual(device.listenerCount(\"update\"),1);device.removeListener(\"update\",listener);import_assert.default.deepStrictEqual(device.listenerCount(\"update\"),0)",
                  "err": {},
                  "uuid": "0f25d48a-32b7-4e5b-adec-fd98ec357acf",
                  "parentUUID": "2858dea1-5274-4906-bd36-abc042cfd128",
                  "isHook": false,
                  "skipped": false
                }
              ],
              "suites": [],
              "passes": [
                "0f25d48a-32b7-4e5b-adec-fd98ec357acf"
              ],
              "failures": [],
              "pending": [],
              "skipped": [],
              "duration": 1,
              "root": false,
              "rootEmpty": false,
              "_timeout": 2000
            }
          ],
          "passes": [],
          "failures": [],
          "pending": [],
          "skipped": [],
          "duration": 0,
          "root": false,
          "rootEmpty": false,
          "_timeout": 2000
        },
        {
          "uuid": "3851fb22-3026-44f7-87ac-2293f29e6d21",
          "title": "NodePyATVDevice",
          "fullFile": "/home/runner/work/node-pyatv/node-pyatv/test/device.ts",
          "file": "/test/device.ts",
          "beforeHooks": [],
          "afterHooks": [],
          "tests": [],
          "suites": [
            {
              "uuid": "966c1f4e-035a-4664-835c-4aefa5e9220e",
              "title": "get name()",
              "fullFile": "/home/runner/work/node-pyatv/node-pyatv/test/device.ts",
              "file": "/test/device.ts",
              "beforeHooks": [],
              "afterHooks": [],
              "tests": [
                {
                  "title": "should return the name",
                  "fullTitle": "NodePyATVDevice get name() should return the name",
                  "timedOut": false,
                  "duration": 0,
                  "state": "passed",
                  "speed": "fast",
                  "pass": true,
                  "fail": false,
                  "pending": false,
                  "context": null,
                  "code": "const device=new import_device.default({host:\"192.168.178.2\",name:\"My Testdevice\"});import_assert.default.strictEqual(device.name,\"My Testdevice\")",
                  "err": {},
                  "uuid": "a348da8b-df19-4511-8354-bd6f7654872c",
                  "parentUUID": "966c1f4e-035a-4664-835c-4aefa5e9220e",
                  "isHook": false,
                  "skipped": false
                }
              ],
              "suites": [],
              "passes": [
                "a348da8b-df19-4511-8354-bd6f7654872c"
              ],
              "failures": [],
              "pending": [],
              "skipped": [],
              "duration": 0,
              "root": false,
              "rootEmpty": false,
              "_timeout": 2000
            },
            {
              "uuid": "5d42f632-fade-44dc-ade6-b99fd3bacf66",
              "title": "get host()",
              "fullFile": "/home/runner/work/node-pyatv/node-pyatv/test/device.ts",
              "file": "/test/device.ts",
              "beforeHooks": [],
              "afterHooks": [],
              "tests": [
                {
                  "title": "should return the host",
                  "fullTitle": "NodePyATVDevice get host() should return the host",
                  "timedOut": false,
                  "duration": 0,
                  "state": "passed",
                  "speed": "fast",
                  "pass": true,
                  "fail": false,
                  "pending": false,
                  "context": null,
                  "code": "const device=new import_device.default({host:\"192.168.178.2\",name:\"My Testdevice\"});import_assert.default.strictEqual(device.host,\"192.168.178.2\")",
                  "err": {},
                  "uuid": "54111ce5-9dab-459c-ac1d-ece6b0aff6f0",
                  "parentUUID": "5d42f632-fade-44dc-ade6-b99fd3bacf66",
                  "isHook": false,
                  "skipped": false
                }
              ],
              "suites": [],
              "passes": [
                "54111ce5-9dab-459c-ac1d-ece6b0aff6f0"
              ],
              "failures": [],
              "pending": [],
              "skipped": [],
              "duration": 0,
              "root": false,
              "rootEmpty": false,
              "_timeout": 2000
            },
            {
              "uuid": "ff32740a-1aa7-475c-b87c-32566574adc3",
              "title": "get id()",
              "fullFile": "/home/runner/work/node-pyatv/node-pyatv/test/device.ts",
              "file": "/test/device.ts",
              "beforeHooks": [],
              "afterHooks": [],
              "tests": [
                {
                  "title": "should return the id",
                  "fullTitle": "NodePyATVDevice get id() should return the id",
                  "timedOut": false,
                  "duration": 0,
                  "state": "passed",
                  "speed": "fast",
                  "pass": true,
                  "fail": false,
                  "pending": false,
                  "context": null,
                  "code": "const device=new import_device.default({host:\"192.168.178.2\",id:\"*****\",name:\"My Testdevice\"});import_assert.default.strictEqual(device.id,\"*****\")",
                  "err": {},
                  "uuid": "ee725620-feb0-4d2b-aebe-dc07be8c2c1f",
                  "parentUUID": "ff32740a-1aa7-475c-b87c-32566574adc3",
                  "isHook": false,
                  "skipped": false
                }
              ],
              "suites": [],
              "passes": [
                "ee725620-feb0-4d2b-aebe-dc07be8c2c1f"
              ],
              "failures": [],
              "pending": [],
              "skipped": [],
              "duration": 0,
              "root": false,
              "rootEmpty": false,
              "_timeout": 2000
            },
            {
              "uuid": "be337e83-3dfc-42c2-9ebd-b7c8f691902d",
              "title": "get allIDs()",
              "fullFile": "/home/runner/work/node-pyatv/node-pyatv/test/device.ts",
              "file": "/test/device.ts",
              "beforeHooks": [],
              "afterHooks": [],
              "tests": [
                {
                  "title": "should return all the IDs",
                  "fullTitle": "NodePyATVDevice get allIDs() should return all the IDs",
                  "timedOut": false,
                  "duration": 0,
                  "state": "passed",
                  "speed": "fast",
                  "pass": true,
                  "fail": false,
                  "pending": false,
                  "context": null,
                  "code": "const device=new import_device.default({allIDs:[\"some_id_1\",\"some_id_2\",\"some_id_3\"],host:\"192.168.178.2\",id:\"*****\",name:\"My Testdevice\"});import_assert.default.deepStrictEqual(device.allIDs,[\"some_id_1\",\"some_id_2\",\"some_id_3\"])",
                  "err": {},
                  "uuid": "a46d4926-1def-4193-906c-a3cd67239d6f",
                  "parentUUID": "be337e83-3dfc-42c2-9ebd-b7c8f691902d",
                  "isHook": false,
                  "skipped": false
                }
              ],
              "suites": [],
              "passes": [
                "a46d4926-1def-4193-906c-a3cd67239d6f"
              ],
              "failures": [],
              "pending": [],
              "skipped": [],
              "duration": 0,
              "root": false,
              "rootEmpty": false,
              "_timeout": 2000
            },
            {
              "uuid": "00ddb15c-46a1-4313-b90a-d5c21629cf82",
              "title": "get protocol()",
              "fullFile": "/home/runner/work/node-pyatv/node-pyatv/test/device.ts",
              "file": "/test/device.ts",
              "beforeHooks": [],
              "afterHooks": [],
              "tests": [
                {
                  "title": "should return the protocol",
                  "fullTitle": "NodePyATVDevice get protocol() should return the protocol",
                  "timedOut": false,
                  "duration": 0,
                  "state": "passed",
                  "speed": "fast",
                  "pass": true,
                  "fail": false,
                  "pending": false,
                  "context": null,
                  "code": "const device=new import_device.default({host:\"192.168.178.2\",name:\"My Testdevice\",protocol:import_types.NodePyATVProtocol.airplay});import_assert.default.strictEqual(device.protocol,import_types.NodePyATVProtocol.airplay)",
                  "err": {},
                  "uuid": "8ba072ac-b5a7-4368-90d5-1ea3e31a1cdf",
                  "parentUUID": "00ddb15c-46a1-4313-b90a-d5c21629cf82",
                  "isHook": false,
                  "skipped": false
                }
              ],
              "suites": [],
              "passes": [
                "8ba072ac-b5a7-4368-90d5-1ea3e31a1cdf"
              ],
              "failures": [],
              "pending": [],
              "skipped": [],
              "duration": 0,
              "root": false,
              "rootEmpty": false,
              "_timeout": 2000
            },
            {
              "uuid": "9bc6e200-21cc-4024-bc08-1bf6f350f929",
              "title": "get mac()",
              "fullFile": "/home/runner/work/node-pyatv/node-pyatv/test/device.ts",
              "file": "/test/device.ts",
              "beforeHooks": [],
              "afterHooks": [],
              "tests": [
                {
                  "title": "should return the mac",
                  "fullTitle": "NodePyATVDevice get mac() should return the mac",
                  "timedOut": false,
                  "duration": 0,
                  "state": "passed",
                  "speed": "fast",
                  "pass": true,
                  "fail": false,
                  "pending": false,
                  "context": null,
                  "code": "const device=new import_device.default({host:\"192.168.178.2\",mac:\"AA:BB:CC:DD:EE:FF\",name:\"My Testdevice\"});import_assert.default.strictEqual(device.mac,\"AA:BB:CC:DD:EE:FF\")",
                  "err": {},
                  "uuid": "3c152567-f414-420c-bef8-a4e3fca760ea",
                  "parentUUID": "9bc6e200-21cc-4024-bc08-1bf6f350f929",
                  "isHook": false,
                  "skipped": false
                }
              ],
              "suites": [],
              "passes": [
                "3c152567-f414-420c-bef8-a4e3fca760ea"
              ],
              "failures": [],
              "pending": [],
              "skipped": [],
              "duration": 0,
              "root": false,
              "rootEmpty": false,
              "_timeout": 2000
            },
            {
              "uuid": "5752ea30-6795-413f-85dd-17d42ea817c3",
              "title": "get model()",
              "fullFile": "/home/runner/work/node-pyatv/node-pyatv/test/device.ts",
              "file": "/test/device.ts",
              "beforeHooks": [],
              "afterHooks": [],
              "tests": [
                {
                  "title": "should return the model if set by scan",
                  "fullTitle": "NodePyATVDevice get model() should return the model if set by scan",
                  "timedOut": false,
                  "duration": 0,
                  "state": "passed",
                  "speed": "fast",
                  "pass": true,
                  "fail": false,
                  "pending": false,
                  "context": null,
                  "code": "const device=new import_device.default({host:\"10.0.10.81\",id:\"xxx\",model:\"Gen4K\",name:\"Vardagsrum\"});import_assert.default.strictEqual(device.model,\"Gen4K\")",
                  "err": {},
                  "uuid": "30416e85-9e29-496d-817f-b5c7b34df5ef",
                  "parentUUID": "5752ea30-6795-413f-85dd-17d42ea817c3",
                  "isHook": false,
                  "skipped": false
                },
                {
                  "title": "should return undefined otherwise",
                  "fullTitle": "NodePyATVDevice get model() should return undefined otherwise",
                  "timedOut": false,
                  "duration": 0,
                  "state": "passed",
                  "speed": "fast",
                  "pass": true,
                  "fail": false,
                  "pending": false,
                  "context": null,
                  "code": "const device=new import_device.default({host:\"10.0.10.81\",name:\"Vardagsrum\"});import_assert.default.strictEqual(device.model,void 0)",
                  "err": {},
                  "uuid": "2f10e9ba-69ce-48e9-a2d1-5b9f15399263",
                  "parentUUID": "5752ea30-6795-413f-85dd-17d42ea817c3",
                  "isHook": false,
                  "skipped": false
                }
              ],
              "suites": [],
              "passes": [
                "30416e85-9e29-496d-817f-b5c7b34df5ef",
                "2f10e9ba-69ce-48e9-a2d1-5b9f15399263"
              ],
              "failures": [],
              "pending": [],
              "skipped": [],
              "duration": 0,
              "root": false,
              "rootEmpty": false,
              "_timeout": 2000
            },
            {
              "uuid": "6b9b552b-8dc8-4939-9889-6a38117e6527",
              "title": "get modelName()",
              "fullFile": "/home/runner/work/node-pyatv/node-pyatv/test/device.ts",
              "file": "/test/device.ts",
              "beforeHooks": [],
              "afterHooks": [],
              "tests": [
                {
                  "title": "should return the model name if set by scan",
                  "fullTitle": "NodePyATVDevice get modelName() should return the model name if set by scan",
                  "timedOut": false,
                  "duration": 0,
                  "state": "passed",
                  "speed": "fast",
                  "pass": true,
                  "fail": false,
                  "pending": false,
                  "context": null,
                  "code": "const device=new import_device.default({host:\"10.0.10.81\",id:\"xxx\",modelName:\"Apple TV 4K\",name:\"Vardagsrum\"});import_assert.default.strictEqual(device.modelName,\"Apple TV 4K\")",
                  "err": {},
                  "uuid": "7ff4bc1c-04b7-451b-b32d-b8dd7960c6b3",
                  "parentUUID": "6b9b552b-8dc8-4939-9889-6a38117e6527",
                  "isHook": false,
                  "skipped": false
                },
                {
                  "title": "should return undefined otherwise",
                  "fullTitle": "NodePyATVDevice get modelName() should return undefined otherwise",
                  "timedOut": false,
                  "duration": 0,
                  "state": "passed",
                  "speed": "fast",
                  "pass": true,
                  "fail": false,
                  "pending": false,
                  "context": null,
                  "code": "const device=new import_device.default({host:\"10.0.10.81\",name:\"Vardagsrum\"});import_assert.default.strictEqual(device.modelName,void 0)",
                  "err": {},
                  "uuid": "1fb30a3d-1710-4a4b-9922-13aff8d621c3",
                  "parentUUID": "6b9b552b-8dc8-4939-9889-6a38117e6527",
                  "isHook": false,
                  "skipped": false
                }
              ],
              "suites": [],
              "passes": [
                "7ff4bc1c-04b7-451b-b32d-b8dd7960c6b3",
                "1fb30a3d-1710-4a4b-9922-13aff8d621c3"
              ],
              "failures": [],
              "pending": [],
              "skipped": [],
              "duration": 0,
              "root": false,
              "rootEmpty": false,
              "_timeout": 2000
            },
            {
              "uuid": "6395fd01-1d4b-460d-8324-3116cb797cfc",
              "title": "get os()",
              "fullFile": "/home/runner/work/node-pyatv/node-pyatv/test/device.ts",
              "file": "/test/device.ts",
              "beforeHooks": [],
              "afterHooks": [],
              "tests": [
                {
                  "title": "should return the operating system if set by scan",
                  "fullTitle": "NodePyATVDevice get os() should return the operating system if set by scan",
                  "timedOut": false,
                  "duration": 0,
                  "state": "passed",
                  "speed": "fast",
                  "pass": true,
                  "fail": false,
                  "pending": false,
                  "context": null,
                  "code": "const device=new import_device.default({host:\"10.0.10.81\",id:\"xxx\",name:\"Vardagsrum\",os:\"TvOS\"});import_assert.default.strictEqual(device.os,\"TvOS\")",
                  "err": {},
                  "uuid": "063c9645-983e-4948-97a9-a643aca886a0",
                  "parentUUID": "6395fd01-1d4b-460d-8324-3116cb797cfc",
                  "isHook": false,
                  "skipped": false
                },
                {
                  "title": "should return undefined otherwise",
                  "fullTitle": "NodePyATVDevice get os() should return undefined otherwise",
                  "timedOut": false,
                  "duration": 1,
                  "state": "passed",
                  "speed": "fast",
                  "pass": true,
                  "fail": false,
                  "pending": false,
                  "context": null,
                  "code": "const device=new import_device.default({host:\"10.0.10.81\",name:\"Vardagsrum\"});import_assert.default.strictEqual(device.os,void 0)",
                  "err": {},
                  "uuid": "e96f3ddd-3f02-42b3-82fd-ccebec97f28c",
                  "parentUUID": "6395fd01-1d4b-460d-8324-3116cb797cfc",
                  "isHook": false,
                  "skipped": false
                }
              ],
              "suites": [],
              "passes": [
                "063c9645-983e-4948-97a9-a643aca886a0",
                "e96f3ddd-3f02-42b3-82fd-ccebec97f28c"
              ],
              "failures": [],
              "pending": [],
              "skipped": [],
              "duration": 1,
              "root": false,
              "rootEmpty": false,
              "_timeout": 2000
            },
            {
              "uuid": "d199d0d1-f10d-4bfa-bb29-40b0e9e872ec",
              "title": "get version()",
              "fullFile": "/home/runner/work/node-pyatv/node-pyatv/test/device.ts",
              "file": "/test/device.ts",
              "beforeHooks": [],
              "afterHooks": [],
              "tests": [
                {
                  "title": "should return the version if set by scan",
                  "fullTitle": "NodePyATVDevice get version() should return the version if set by scan",
                  "timedOut": false,
                  "duration": 0,
                  "state": "passed",
                  "speed": "fast",
                  "pass": true,
                  "fail": false,
                  "pending": false,
                  "context": null,
                  "code": "const device=new import_device.default({host:\"10.0.10.81\",id:\"xxx\",name:\"Vardagsrum\",version:\"15.5.1\"});import_assert.default.strictEqual(device.version,\"15.5.1\")",
                  "err": {},
                  "uuid": "a7762384-d401-444f-8bad-d03e7327920b",
                  "parentUUID": "d199d0d1-f10d-4bfa-bb29-40b0e9e872ec",
                  "isHook": false,
                  "skipped": false
                },
                {
                  "title": "should return undefined otherwise",
                  "fullTitle": "NodePyATVDevice get version() should return undefined otherwise",
                  "timedOut": false,
                  "duration": 0,
                  "state": "passed",
                  "speed": "fast",
                  "pass": true,
                  "fail": false,
                  "pending": false,
                  "context": null,
                  "code": "const device=new import_device.default({host:\"10.0.10.81\",name:\"Vardagsrum\"});import_assert.default.strictEqual(device.version,void 0)",
                  "err": {},
                  "uuid": "7ad48532-14bf-4e60-b3f5-b0cc5cfa8995",
                  "parentUUID": "d199d0d1-f10d-4bfa-bb29-40b0e9e872ec",
                  "isHook": false,
                  "skipped": false
                }
              ],
              "suites": [],
              "passes": [
                "a7762384-d401-444f-8bad-d03e7327920b",
                "7ad48532-14bf-4e60-b3f5-b0cc5cfa8995"
              ],
              "failures": [],
              "pending": [],
              "skipped": [],
              "duration": 0,
              "root": false,
              "rootEmpty": false,
              "_timeout": 2000
            },
            {
              "uuid": "cbfba1ad-f72a-4226-a023-6b79e26342eb",
              "title": "get services()",
              "fullFile": "/home/runner/work/node-pyatv/node-pyatv/test/device.ts",
              "file": "/test/device.ts",
              "beforeHooks": [],
              "afterHooks": [],
              "tests": [
                {
                  "title": "should return the services if set by scan",
                  "fullTitle": "NodePyATVDevice get services() should return the services if set by scan",
                  "timedOut": false,
                  "duration": 0,
                  "state": "passed",
                  "speed": "fast",
                  "pass": true,
                  "fail": false,
                  "pending": false,
                  "context": null,
                  "code": "const device=new import_device.default({host:\"10.0.10.81\",id:\"xxx\",name:\"Vardagsrum\",services:[{port:49152,protocol:import_types.NodePyATVProtocol.mrp},{port:7e3,protocol:import_types.NodePyATVProtocol.airplay}]});import_assert.default.deepStrictEqual(device.services,[{port:49152,protocol:\"mrp\"},{port:7e3,protocol:\"airplay\"}])",
                  "err": {},
                  "uuid": "bfa0d787-8c64-429e-95a3-7710010e9a87",
                  "parentUUID": "cbfba1ad-f72a-4226-a023-6b79e26342eb",
                  "isHook": false,
                  "skipped": false
                },
                {
                  "title": "should return undefined otherwise",
                  "fullTitle": "NodePyATVDevice get services() should return undefined otherwise",
                  "timedOut": false,
                  "duration": 0,
                  "state": "passed",
                  "speed": "fast",
                  "pass": true,
                  "fail": false,
                  "pending": false,
                  "context": null,
                  "code": "const device=new import_device.default({host:\"10.0.10.81\",name:\"Vardagsrum\"});import_assert.default.strictEqual(device.services,void 0)",
                  "err": {},
                  "uuid": "81edb8a8-3bf6-4917-92c4-e56afa7eace4",
                  "parentUUID": "cbfba1ad-f72a-4226-a023-6b79e26342eb",
                  "isHook": false,
                  "skipped": false
                }
              ],
              "suites": [],
              "passes": [
                "bfa0d787-8c64-429e-95a3-7710010e9a87",
                "81edb8a8-3bf6-4917-92c4-e56afa7eace4"
              ],
              "failures": [],
              "pending": [],
              "skipped": [],
              "duration": 0,
              "root": false,
              "rootEmpty": false,
              "_timeout": 2000
            },
            {
              "uuid": "398108bb-1b43-4c99-b211-673dc8641683",
              "title": "get debug()",
              "fullFile": "/home/runner/work/node-pyatv/node-pyatv/test/device.ts",
              "file": "/test/device.ts",
              "beforeHooks": [],
              "afterHooks": [],
              "tests": [
                {
                  "title": "should return true if set to true",
                  "fullTitle": "NodePyATVDevice get debug() should return true if set to true",
                  "timedOut": false,
                  "duration": 0,
                  "state": "passed",
                  "speed": "fast",
                  "pass": true,
                  "fail": false,
                  "pending": false,
                  "context": null,
                  "code": "const device=new import_device.default({debug:true,host:\"192.168.178.2\",name:\"My Testdevice\"});import_assert.default.strictEqual(device.debug,true)",
                  "err": {},
                  "uuid": "980ee5cd-0c23-4abf-8f1b-f1abec6024f9",
                  "parentUUID": "398108bb-1b43-4c99-b211-673dc8641683",
                  "isHook": false,
                  "skipped": false
                },
                {
                  "title": "should return fn if set to custom function",
                  "fullTitle": "NodePyATVDevice get debug() should return fn if set to custom function",
                  "timedOut": false,
                  "duration": 0,
                  "state": "passed",
                  "speed": "fast",
                  "pass": true,
                  "fail": false,
                  "pending": false,
                  "context": null,
                  "code": "const fn=__name(()=>{},\"fn\");const device=new import_device.default({debug:fn,host:\"192.168.178.2\",name:\"My Testdevice\"});import_assert.default.strictEqual(device.debug,fn)",
                  "err": {},
                  "uuid": "94e606f1-219f-45ba-97e3-a188db869b9a",
                  "parentUUID": "398108bb-1b43-4c99-b211-673dc8641683",
                  "isHook": false,
                  "skipped": false
                },
                {
                  "title": "should return false if unset",
                  "fullTitle": "NodePyATVDevice get debug() should return false if unset",
                  "timedOut": false,
                  "duration": 0,
                  "state": "passed",
                  "speed": "fast",
                  "pass": true,
                  "fail": false,
                  "pending": false,
                  "context": null,
                  "code": "const device=new import_device.default({host:\"192.168.178.2\",name:\"My Testdevice\"});import_assert.default.strictEqual(device.debug,void 0)",
                  "err": {},
                  "uuid": "318201c0-27bc-496b-84f5-51727a0f91eb",
[...]
                  "err": {},
                  "uuid": "0b8430d1-c2cb-49c5-aa0b-68d9fee2c606",
                  "parentUUID": "f00407e8-3ef9-4fb8-9ab9-56c24db802e8",
                  "isHook": false,
                  "skipped": false
                },
                {
                  "title": "should handle atvscriptPath if set",
                  "fullTitle": "Tools getExecutable() should handle atvscriptPath if set",
                  "timedOut": false,
                  "duration": 0,
                  "state": "passed",
                  "speed": "fast",
                  "pass": true,
                  "fail": false,
                  "pending": false,
                  "context": null,
                  "code": "const result=(0,import_tools.getExecutable)(import_types.NodePyATVExecutableType.atvscript,{atvremotePath:\"/tmp/1\",atvscriptPath:\"/tmp/2\"});import_assert.default.strictEqual(result,\"/tmp/2\")",
                  "err": {},
                  "uuid": "b4956afe-df02-43ab-9629-c9f549fd62ca",
                  "parentUUID": "f00407e8-3ef9-4fb8-9ab9-56c24db802e8",
                  "isHook": false,
                  "skipped": false
                },
                {
                  "title": "should handle default for atvremote",
                  "fullTitle": "Tools getExecutable() should handle default for atvremote",
                  "timedOut": false,
                  "duration": 0,
                  "state": "passed",
                  "speed": "fast",
                  "pass": true,
                  "fail": false,
                  "pending": false,
                  "context": null,
                  "code": "const result=(0,import_tools.getExecutable)(import_types.NodePyATVExecutableType.atvremote,{atvscriptPath:\"/tmp\"});import_assert.default.strictEqual(result,\"atvremote\")",
                  "err": {},
                  "uuid": "4ac0ef00-a18b-4dc8-b070-076963e439ad",
                  "parentUUID": "f00407e8-3ef9-4fb8-9ab9-56c24db802e8",
                  "isHook": false,
                  "skipped": false
                },
                {
                  "title": "should handle default for atvscript",
                  "fullTitle": "Tools getExecutable() should handle default for atvscript",
                  "timedOut": false,
                  "duration": 0,
                  "state": "passed",
                  "speed": "fast",
                  "pass": true,
                  "fail": false,
                  "pending": false,
                  "context": null,
                  "code": "const result=(0,import_tools.getExecutable)(import_types.NodePyATVExecutableType.atvscript,{atvremotePath:\"/tmp\"});import_assert.default.strictEqual(result,\"atvscript\")",
                  "err": {},
                  "uuid": "bfcf6722-7583-4f9e-8be4-aaf1f16af827",
                  "parentUUID": "f00407e8-3ef9-4fb8-9ab9-56c24db802e8",
                  "isHook": false,
                  "skipped": false
                }
              ],
              "suites": [],
              "passes": [
                "0b8430d1-c2cb-49c5-aa0b-68d9fee2c606",
                "b4956afe-df02-43ab-9629-c9f549fd62ca",
                "4ac0ef00-a18b-4dc8-b070-076963e439ad",
                "bfcf6722-7583-4f9e-8be4-aaf1f16af827"
              ],
              "failures": [],
              "pending": [],
              "skipped": [],
              "duration": 0,
              "root": false,
              "rootEmpty": false,
              "_timeout": 2000
            },
            {
              "uuid": "bb2c07a6-a79b-4cc4-a0cd-59267514505f",
              "title": "getParameters()",
              "fullFile": "/home/runner/work/node-pyatv/node-pyatv/test/tools.ts",
              "file": "/test/tools.ts",
              "beforeHooks": [],
              "afterHooks": [],
              "tests": [
                {
                  "title": "empty case",
                  "fullTitle": "Tools getParameters() empty case",
                  "timedOut": false,
                  "duration": 0,
                  "state": "passed",
                  "speed": "fast",
                  "pass": true,
                  "fail": false,
                  "pending": false,
                  "context": null,
                  "code": "const result=await(0,import_tools.getParameters)();import_assert.default.deepEqual(result,[])",
                  "err": {},
                  "uuid": "5752cabd-4e90-4d50-8eb1-4e1ce1ec342f",
                  "parentUUID": "bb2c07a6-a79b-4cc4-a0cd-59267514505f",
                  "isHook": false,
                  "skipped": false
                },
                {
                  "title": "easy case",
                  "fullTitle": "Tools getParameters() easy case",
                  "timedOut": false,
                  "duration": 0,
                  "state": "passed",
                  "speed": "fast",
                  "pass": true,
                  "fail": false,
                  "pending": false,
                  "context": null,
                  "code": "const result=await(0,import_tools.getParameters)({host:\"192.168.178.2\"});import_assert.default.deepEqual(result,[\"-s\",\"192.168.178.2\"])",
                  "err": {},
                  "uuid": "4dcd5f80-f1fe-45c8-9668-b0d2fbe60f25",
                  "parentUUID": "bb2c07a6-a79b-4cc4-a0cd-59267514505f",
                  "isHook": false,
                  "skipped": false
                },
                {
                  "title": "full case",
                  "fullTitle": "Tools getParameters() full case",
                  "timedOut": false,
                  "duration": 1,
                  "state": "passed",
                  "speed": "fast",
                  "pass": true,
                  "fail": false,
                  "pending": false,
                  "context": null,
                  "code": "const result=await(0,import_tools.getParameters)({airplayCredentials:\"****\",companionCredentials:\"1234\",dmapCredentials:\"****\",hosts:[\"192.168.178.2\",\"192.168.178.3\"],id:\"****\",mrpCredentials:\"****\",protocol:import_types.NodePyATVProtocol.mrp,raopCredentials:\"::foo:\"});import_assert.default.deepEqual(result,[\"-s\",\"192.168.178.2,192.168.178.3\",\"-i\",\"****\",\"--protocol\",\"mrp\",\"--dmap-credentials\",\"****\",\"--mrp-credentials\",\"****\",\"--airplay-credentials\",\"****\",\"--companion-credentials\",\"1234\",\"--raop-credentials\",\"::foo:\"])",
                  "err": {},
                  "uuid": "bac8ee7a-d4e9-4d91-a614-b95987ee0e7b",
                  "parentUUID": "bb2c07a6-a79b-4cc4-a0cd-59267514505f",
                  "isHook": false,
                  "skipped": false
                }
              ],
              "suites": [],
              "passes": [
                "5752cabd-4e90-4d50-8eb1-4e1ce1ec342f",
                "4dcd5f80-f1fe-45c8-9668-b0d2fbe60f25",
                "bac8ee7a-d4e9-4d91-a614-b95987ee0e7b"
              ],
              "failures": [],
              "pending": [],
              "skipped": [],
              "duration": 1,
              "root": false,
              "rootEmpty": false,
              "_timeout": 2000
            },
            {
              "uuid": "94e9c936-38c4-4e7c-bded-57ace56e1809",
              "title": "parseState()",
              "fullFile": "/home/runner/work/node-pyatv/node-pyatv/test/tools.ts",
              "file": "/test/tools.ts",
              "beforeHooks": [],
              "afterHooks": [],
              "tests": [
                {
                  "title": "should work with empty data",
                  "fullTitle": "Tools parseState() should work with empty data",
                  "timedOut": false,
                  "duration": 0,
                  "state": "passed",
                  "speed": "fast",
                  "pass": true,
                  "fail": false,
                  "pending": false,
                  "context": null,
                  "code": "const input={};const result=(0,import_tools.parseState)(input,\"\",{});import_assert.default.deepStrictEqual(result,{album:null,app:null,appId:null,artist:null,contentIdentifier:null,dateTime:null,deviceState:null,episodeNumber:null,focusState:null,genre:null,hash:null,iTunesStoreIdentifier:null,mediaType:null,outputDevices:null,position:null,powerState:null,repeat:null,seasonNumber:null,seriesName:null,shuffle:null,title:null,totalTime:null,volume:null})",
                  "err": {},
                  "uuid": "c5acfa37-c7a2-44bc-8f6d-00ae2eec7e87",
                  "parentUUID": "94e9c936-38c4-4e7c-bded-57ace56e1809",
                  "isHook": false,
                  "skipped": false
                },
                {
                  "title": "should work without data",
                  "fullTitle": "Tools parseState() should work without data",
                  "timedOut": false,
                  "duration": 0,
                  "state": "passed",
                  "speed": "fast",
                  "pass": true,
                  "fail": false,
                  "pending": false,
                  "context": null,
                  "code": "const result=(0,import_tools.parseState)(null,\"\",{});import_assert.default.deepStrictEqual(result,{album:null,app:null,appId:null,artist:null,contentIdentifier:null,dateTime:null,deviceState:null,episodeNumber:null,focusState:null,genre:null,hash:null,iTunesStoreIdentifier:null,mediaType:null,outputDevices:null,position:null,powerState:null,repeat:null,seasonNumber:null,seriesName:null,shuffle:null,title:null,totalTime:null,volume:null})",
                  "err": {},
                  "uuid": "af6dd351-08d0-4c35-929c-f39b657a384c",
                  "parentUUID": "94e9c936-38c4-4e7c-bded-57ace56e1809",
                  "isHook": false,
                  "skipped": false
                },
                {
                  "title": "should work with example data",
                  "fullTitle": "Tools parseState() should work with example data",
                  "timedOut": false,
                  "duration": 1,
                  "state": "passed",
                  "speed": "fast",
                  "pass": true,
                  "fail": false,
                  "pending": false,
                  "context": null,
                  "code": "const input={album:null,app:\"Disney+\",app_id:\"com.disney.disneyplus\",artist:null,content_identifier:null,datetime:\"2020-11-07T22:38:43.608030+01:00\",device_state:\"playing\",episode_number:null,focus_state:null,genre:null,hash:\"100e0ab6-6ff5-4199-9c04-a7107ff78712\",itunes_store_identifier:null,media_type:\"video\",output_devices:null,position:27,power_state:null,repeat:\"off\",result:\"success\",season_number:null,series_name:null,shuffle:\"off\",title:\"Solo: A Star Wars Story\",total_time:8097,volume:null};const result=(0,import_tools.parseState)(input,\"\",{});import_assert.default.deepStrictEqual(result,{album:null,app:\"Disney+\",appId:\"com.disney.disneyplus\",artist:null,contentIdentifier:null,dateTime:new Date(\"2020-11-07T22:38:43.608030+01:00\"),deviceState:import_types.NodePyATVDeviceState.playing,episodeNumber:null,focusState:null,genre:null,hash:\"100e0ab6-6ff5-4199-9c04-a7107ff78712\",iTunesStoreIdentifier:null,mediaType:import_types.NodePyATVMediaType.video,outputDevices:null,position:27,powerState:null,repeat:import_types.NodePyATVRepeatState.off,seasonNumber:null,seriesName:null,shuffle:import_types.NodePyATVShuffleState.off,title:\"Solo: A Star Wars Story\",totalTime:8097,volume:null})",
                  "err": {},
                  "uuid": "11ae38e3-6d4e-4d47-93e2-d98e5e324176",
                  "parentUUID": "94e9c936-38c4-4e7c-bded-57ace56e1809",
                  "isHook": false,
                  "skipped": false
                },
                {
                  "title": "should throw an error for pyatv exceptions",
                  "fullTitle": "Tools parseState() should throw an error for pyatv exceptions",
                  "timedOut": false,
                  "duration": 0,
                  "state": "passed",
                  "speed": "fast",
                  "pass": true,
                  "fail": false,
                  "pending": false,
                  "context": null,
                  "code": "const input={datetime:\"2021-11-24T21:13:36.424576+03:00\",exception:\"invalid credentials: 321\",result:\"failure\",stacktrace:'Traceback (most recent call last):\\n  File \"/Users/free/Library/Python/3.8/lib/python/site-packages/pyatv/scripts/atvscript.py\", line 302, in appstart\\n    print(args.output(await _handle_command(args, abort_sem, loop)), flush=True)\\n  File \"/Users/free/Library/Python/3.8/lib/python/site-packages/pyatv/scripts/atvscript.py\", line 196, in _handle_command\\n    atv = await connect(config, loop, protocol=Protocol.MRP)\\n  File \"/Users/free/Library/Python/3.8/lib/python/site-packages/pyatv/__init__.py\", line 96, in connect\\n    for setup_data in proto_methods.setup(\\n  File \"/Users/free/Library/Python/3.8/lib/python/site-packages/pyatv/protocols/airplay/__init__.py\", line 192, in setup\\n    stream = AirPlayStream(config, service)\\n  File \"/Users/free/Library/Python/3.8/lib/python/site-packages/pyatv/protocols/airplay/__init__.py\", line 79, in __init__\\n    self._credentials: HapCredentials = parse_credentials(self.service.credentials)\\n  File \"/Users/free/Library/Python/3.8/lib/python/site-packages/pyatv/auth/hap_pairing.py\", line 139, in parse_credentials\\n    raise exceptions.InvalidCredentialsError(\"invalid credentials: \" + detail_string)\\npyatv.exceptions.InvalidCredentialsError: invalid credentials: 321\\n'};import_assert.default.throws(()=>{(0,import_tools.parseState)(input,\"\",{})},/Got pyatv Error: invalid credentials: 321/)",
                  "err": {},
                  "uuid": "66472421-9aa6-473f-b826-35aff61e1c2e",
                  "parentUUID": "94e9c936-38c4-4e7c-bded-57ace56e1809",
                  "isHook": false,
                  "skipped": false
                },
                {
                  "title": "should ignore date if it's an invalid date",
                  "fullTitle": "Tools parseState() should ignore date if it's an invalid date",
                  "timedOut": false,
                  "duration": 0,
                  "state": "passed",
                  "speed": "fast",
                  "pass": true,
                  "fail": false,
                  "pending": false,
                  "context": null,
                  "code": "const input={datetime:\"today\"};const result=(0,import_tools.parseState)(input,\"\",{});import_assert.default.deepStrictEqual(result,{album:null,app:null,appId:null,artist:null,contentIdentifier:null,dateTime:null,deviceState:null,episodeNumber:null,focusState:null,genre:null,hash:null,iTunesStoreIdentifier:null,mediaType:null,outputDevices:null,position:null,powerState:null,repeat:null,seasonNumber:null,seriesName:null,shuffle:null,title:null,totalTime:null,volume:null})",
                  "err": {},
                  "uuid": "1c1360ef-4dcd-4c80-9fbd-cb88d6548e07",
                  "parentUUID": "94e9c936-38c4-4e7c-bded-57ace56e1809",
                  "isHook": false,
                  "skipped": false
                },
                {
                  "title": "should ignore data if unsupported type",
                  "fullTitle": "Tools parseState() should ignore data if unsupported type",
                  "timedOut": false,
                  "duration": 0,
                  "state": "passed",
                  "speed": "fast",
                  "pass": true,
                  "fail": false,
                  "pending": false,
                  "context": null,
                  "code": "const input={album:Infinity,app:0,app_id:891645381647289,artist:90,content_identifier:null,datetime:true,device_state:43,episode_number:null,focus_state:null,genre:Math.PI,hash:1337,itunes_store_identifier:null,media_type:false,output_devices:null,position:\"0:30.123\",power_state:null,repeat:true,result:\"success\",season_number:null,series_name:null,shuffle:false,title:void 0,total_time:\"23min\",volume:null};const result=(0,import_tools.parseState)(input,\"\",{});import_assert.default.deepStrictEqual(result,{album:null,app:null,appId:null,artist:null,contentIdentifier:null,dateTime:null,deviceState:null,episodeNumber:null,focusState:null,genre:null,hash:null,iTunesStoreIdentifier:null,mediaType:null,outputDevices:null,position:null,powerState:null,repeat:null,seasonNumber:null,seriesName:null,shuffle:null,title:null,totalTime:null,volume:null})",
                  "err": {},
                  "uuid": "37478e9a-d358-461d-b611-288674bbcfc9",
                  "parentUUID": "94e9c936-38c4-4e7c-bded-57ace56e1809",
                  "isHook": false,
                  "skipped": false
                },
                {
                  "title": "should ignore enums with unsupported valid",
                  "fullTitle": "Tools parseState() should ignore enums with unsupported valid",
                  "timedOut": false,
                  "duration": 0,
                  "state": "passed",
                  "speed": "fast",
                  "pass": true,
                  "fail": false,
                  "pending": false,
                  "context": null,
                  "code": "const input={device_state:\"initiating\",media_type:\"3d-experience\",repeat:\"nothing\",shuffle:\"everything\"};const result=(0,import_tools.parseState)(input,\"\",{});import_assert.default.deepStrictEqual(result,{album:null,app:null,appId:null,artist:null,contentIdentifier:null,dateTime:null,deviceState:null,episodeNumber:null,focusState:null,genre:null,hash:null,iTunesStoreIdentifier:null,mediaType:null,outputDevices:null,position:null,powerState:null,repeat:null,seasonNumber:null,seriesName:null,shuffle:null,title:null,totalTime:null,volume:null})",
                  "err": {},
                  "uuid": "2780e9f7-55ca-45af-9bd3-6e10a89afd84",
                  "parentUUID": "94e9c936-38c4-4e7c-bded-57ace56e1809",
                  "isHook": false,
                  "skipped": false
                }
              ],
              "suites": [],
              "passes": [
                "c5acfa37-c7a2-44bc-8f6d-00ae2eec7e87",
                "af6dd351-08d0-4c35-929c-f39b657a384c",
                "11ae38e3-6d4e-4d47-93e2-d98e5e324176",
                "66472421-9aa6-473f-b826-35aff61e1c2e",
                "1c1360ef-4dcd-4c80-9fbd-cb88d6548e07",
                "37478e9a-d358-461d-b611-288674bbcfc9",
                "2780e9f7-55ca-45af-9bd3-6e10a89afd84"
              ],
              "failures": [],
              "pending": [],
              "skipped": [],
              "duration": 1,
              "root": false,
              "rootEmpty": false,
              "_timeout": 2000
            }
          ],
          "passes": [],
          "failures": [],
          "pending": [],
          "skipped": [],
          "duration": 0,
          "root": false,
          "rootEmpty": false,
          "_timeout": 2000
        }
      ],
      "passes": [],
      "failures": [],
      "pending": [],
      "skipped": [],
      "duration": 0,
      "root": true,
      "rootEmpty": true,
      "_timeout": 2000
    }
  ],
  "meta": {
    "mocha": {
      "version": "11.7.2"
    },
    "mochawesome": {
      "options": {
        "quiet": false,
        "reportFilename": "mochawesome",
        "saveHtml": true,
        "saveJson": true,
        "consoleReporter": "spec",
        "useInlineDiffs": false,
        "code": true
      },
      "version": "7.1.4"
    },
    "marge": {
      "options": null,
      "version": "6.3.0"
    }
  }
}