{
  "stats": {
    "suites": 91,
    "tests": 155,
    "passes": 153,
    "pending": 2,
    "failures": 0,
    "start": "2023-06-14T18:42:08.510Z",
    "end": "2023-06-14T18:42:21.064Z",
    "duration": 12554,
    "testsRegistered": 155,
    "passPercent": 100,
    "pendingPercent": 1.2903225806451613,
    "other": 0,
    "hasOther": false,
    "skipped": 0,
    "hasSkipped": false
  },
  "results": [
    {
      "uuid": "fb2043a3-c6d1-42d8-be6d-99f8612e7e70",
      "title": "",
      "fullFile": "",
      "file": "",
      "beforeHooks": [],
      "afterHooks": [],
      "tests": [],
      "suites": [
        {
          "uuid": "0f3361c8-b399-4e34-bf10-c2fd48b3c4c0",
          "title": "NodePyATVDeviceEvent",
          "fullFile": "/home/runner/work/node-pyatv/node-pyatv/test/device-event.ts",
          "file": "/test/device-event.ts",
          "beforeHooks": [],
          "afterHooks": [],
          "tests": [],
          "suites": [
            {
              "uuid": "cd6d55a9-2823-413e-8c25-9304ae25b43b",
              "title": "get key()",
              "fullFile": "/home/runner/work/node-pyatv/node-pyatv/test/device-event.ts",
              "file": "/test/device-event.ts",
              "beforeHooks": [],
              "afterHooks": [],
              "tests": [
                {
                  "title": "should work",
                  "fullTitle": "NodePyATVDeviceEvent get key() should work",
                  "timedOut": false,
                  "duration": 1,
                  "state": "passed",
                  "speed": "fast",
                  "pass": true,
                  "fail": false,
                  "pending": false,
                  "context": null,
                  "code": "const event = new NodePyATVDeviceEvent({\n    key: 'genre',\n    old: 'Jazz',\n    new: 'Rock',\n    device: new NodePyATVDevice({\n        host: '192.168.178.2',\n        name: 'My Testinstance'\n    })\n});\nassert.strictEqual(event.key, 'genre');",
                  "err": {},
                  "uuid": "1586da74-c09f-4ec6-8fde-3e63c161bc5b",
                  "parentUUID": "cd6d55a9-2823-413e-8c25-9304ae25b43b",
                  "isHook": false,
                  "skipped": false
                }
              ],
              "suites": [],
              "passes": [
                "1586da74-c09f-4ec6-8fde-3e63c161bc5b"
              ],
              "failures": [],
              "pending": [],
              "skipped": [],
              "duration": 1,
              "root": false,
              "rootEmpty": false,
              "_timeout": 2000
            },
            {
              "uuid": "96fbde4b-8dc1-413a-8908-fdd453dcbd0e",
              "title": "get oldValue()",
              "fullFile": "/home/runner/work/node-pyatv/node-pyatv/test/device-event.ts",
              "file": "/test/device-event.ts",
              "beforeHooks": [],
              "afterHooks": [],
              "tests": [
                {
                  "title": "should work",
                  "fullTitle": "NodePyATVDeviceEvent get oldValue() should work",
                  "timedOut": false,
                  "duration": 1,
                  "state": "passed",
                  "speed": "fast",
                  "pass": true,
                  "fail": false,
                  "pending": false,
                  "context": null,
                  "code": "const event = new NodePyATVDeviceEvent({\n    key: 'genre',\n    old: 'Jazz',\n    new: 'Rock',\n    device: new NodePyATVDevice({\n        host: '192.168.178.2',\n        name: 'My Testinstance'\n    })\n});\nassert.strictEqual(event.oldValue, 'Jazz');",
                  "err": {},
                  "uuid": "eabaf44a-8a82-469f-979d-83d637c210fa",
                  "parentUUID": "96fbde4b-8dc1-413a-8908-fdd453dcbd0e",
                  "isHook": false,
                  "skipped": false
                }
              ],
              "suites": [],
              "passes": [
                "eabaf44a-8a82-469f-979d-83d637c210fa"
              ],
              "failures": [],
              "pending": [],
              "skipped": [],
              "duration": 1,
              "root": false,
              "rootEmpty": false,
              "_timeout": 2000
            },
            {
              "uuid": "94b485ff-2341-49cd-b91e-877a379af46b",
              "title": "get newValue()",
              "fullFile": "/home/runner/work/node-pyatv/node-pyatv/test/device-event.ts",
              "file": "/test/device-event.ts",
              "beforeHooks": [],
              "afterHooks": [],
              "tests": [
                {
                  "title": "should work",
                  "fullTitle": "NodePyATVDeviceEvent get newValue() should work",
                  "timedOut": false,
                  "duration": 0,
                  "state": "passed",
                  "speed": "fast",
                  "pass": true,
                  "fail": false,
                  "pending": false,
                  "context": null,
                  "code": "const event = new NodePyATVDeviceEvent({\n    key: 'genre',\n    old: 'Jazz',\n    new: 'Rock',\n    device: new NodePyATVDevice({\n        host: '192.168.178.2',\n        name: 'My Testinstance'\n    })\n});\nassert.strictEqual(event.newValue, 'Rock');",
                  "err": {},
                  "uuid": "84404402-1c18-42c0-a613-4feae497c724",
                  "parentUUID": "94b485ff-2341-49cd-b91e-877a379af46b",
                  "isHook": false,
                  "skipped": false
                }
              ],
              "suites": [],
              "passes": [
                "84404402-1c18-42c0-a613-4feae497c724"
              ],
              "failures": [],
              "pending": [],
              "skipped": [],
              "duration": 0,
              "root": false,
              "rootEmpty": false,
              "_timeout": 2000
            },
            {
              "uuid": "26caafee-4cff-49f3-bbd5-09d27127db23",
              "title": "get value()",
              "fullFile": "/home/runner/work/node-pyatv/node-pyatv/test/device-event.ts",
              "file": "/test/device-event.ts",
              "beforeHooks": [],
              "afterHooks": [],
              "tests": [
                {
                  "title": "should work",
                  "fullTitle": "NodePyATVDeviceEvent get value() should work",
                  "timedOut": false,
                  "duration": 0,
                  "state": "passed",
                  "speed": "fast",
                  "pass": true,
                  "fail": false,
                  "pending": false,
                  "context": null,
                  "code": "const event = new NodePyATVDeviceEvent({\n    key: 'genre',\n    old: 'Jazz',\n    new: 'Rock',\n    device: new NodePyATVDevice({\n        host: '192.168.178.2',\n        name: 'My Testinstance'\n    })\n});\nassert.strictEqual(event.value, 'Rock');",
                  "err": {},
                  "uuid": "e1b0a5d7-7c98-41d4-893d-796dd4d3d400",
                  "parentUUID": "26caafee-4cff-49f3-bbd5-09d27127db23",
                  "isHook": false,
                  "skipped": false
                }
              ],
              "suites": [],
              "passes": [
                "e1b0a5d7-7c98-41d4-893d-796dd4d3d400"
              ],
              "failures": [],
              "pending": [],
              "skipped": [],
              "duration": 0,
              "root": false,
              "rootEmpty": false,
              "_timeout": 2000
            },
            {
              "uuid": "000dfab3-3f10-483d-a2e4-54d9d59655cf",
              "title": "get device()",
              "fullFile": "/home/runner/work/node-pyatv/node-pyatv/test/device-event.ts",
              "file": "/test/device-event.ts",
              "beforeHooks": [],
              "afterHooks": [],
              "tests": [
                {
                  "title": "should work",
                  "fullTitle": "NodePyATVDeviceEvent get device() should work",
                  "timedOut": false,
                  "duration": 6,
                  "state": "passed",
                  "speed": "fast",
                  "pass": true,
                  "fail": false,
                  "pending": false,
                  "context": null,
                  "code": "const device = new NodePyATVDevice({\n    host: '192.168.178.2',\n    name: 'My Testinstance'\n});\nconst event = new NodePyATVDeviceEvent({\n    key: 'genre',\n    old: 'Jazz',\n    new: 'Rock',\n    device\n});\nassert.deepEqual(event.device, device);",
                  "err": {},
                  "uuid": "884898b3-ecd7-49ab-a3b2-f684e845c980",
                  "parentUUID": "000dfab3-3f10-483d-a2e4-54d9d59655cf",
                  "isHook": false,
                  "skipped": false
                }
              ],
              "suites": [],
              "passes": [
                "884898b3-ecd7-49ab-a3b2-f684e845c980"
              ],
              "failures": [],
              "pending": [],
              "skipped": [],
              "duration": 6,
              "root": false,
              "rootEmpty": false,
              "_timeout": 2000
            }
          ],
          "passes": [],
          "failures": [],
          "pending": [],
          "skipped": [],
          "duration": 0,
          "root": false,
          "rootEmpty": false,
          "_timeout": 2000
        },
        {
          "uuid": "5677bc6d-0747-44d2-bc01-b7af2871a236",
          "title": "NodePyATVDeviceEvents",
          "fullFile": "/home/runner/work/node-pyatv/node-pyatv/test/device-events.ts",
          "file": "/test/device-events.ts",
          "beforeHooks": [],
          "afterHooks": [],
          "tests": [],
          "suites": [
            {
              "uuid": "5752dc09-3ab6-4470-94cf-a5e8bc69e48a",
              "title": "applyStateAndEmitEvents()",
              "fullFile": "/home/runner/work/node-pyatv/node-pyatv/test/device-events.ts",
              "file": "/test/device-events.ts",
              "beforeHooks": [],
              "afterHooks": [],
              "tests": [
                {
                  "title": "should emit update:key event",
                  "fullTitle": "NodePyATVDeviceEvents applyStateAndEmitEvents() should emit update:key event",
                  "timedOut": false,
                  "duration": 5,
                  "state": "passed",
                  "speed": "fast",
                  "pass": true,
                  "fail": false,
                  "pending": false,
                  "context": null,
                  "code": "return __awaiter(this, void 0, void 0, function* () {\n    const device = new NodePyATVDevice({\n        name: 'My Testdevice',\n        host: '192.168.178.2',\n        spawn: createFakeSpawn(cp => {\n            cp.onStdIn(() => cp.end());\n            cp.stdout({\n                result: 'success',\n                title: 'My Movie'\n            });\n        })\n    });\n    yield new Promise(cb => {\n        device.once('update:title', event => {\n            assert.ok(event instanceof NodePyATVDeviceEvent);\n            assert.strictEqual(event.key, 'title');\n            assert.strictEqual(event.oldValue, null);\n            assert.strictEqual(event.newValue, 'My Movie');\n            assert.strictEqual(event.value, 'My Movie');\n            assert.deepStrictEqual(event.device, device);\n            cb(undefined);\n        });\n    });\n});",
                  "err": {},
                  "uuid": "5179fbf7-5056-416f-8a8d-3a2ab8cc34b2",
                  "parentUUID": "5752dc09-3ab6-4470-94cf-a5e8bc69e48a",
                  "isHook": false,
                  "skipped": false
                },
                {
                  "title": "should emit update event",
                  "fullTitle": "NodePyATVDeviceEvents applyStateAndEmitEvents() should emit update event",
                  "timedOut": false,
                  "duration": 2,
                  "state": "passed",
                  "speed": "fast",
                  "pass": true,
                  "fail": false,
                  "pending": false,
                  "context": null,
                  "code": "return __awaiter(this, void 0, void 0, function* () {\n    const device = new NodePyATVDevice({\n        name: 'My Testdevice',\n        host: '192.168.178.2',\n        spawn: createFakeSpawn(cp => {\n            cp.onStdIn(() => cp.end());\n            cp.stdout({\n                result: 'success',\n                title: 'My Movie'\n            });\n        })\n    });\n    yield new Promise(cb => {\n        device.once('update', event => {\n            assert.ok(event instanceof NodePyATVDeviceEvent);\n            assert.strictEqual(event.key, 'title');\n            assert.strictEqual(event.oldValue, null);\n            assert.strictEqual(event.newValue, 'My Movie');\n            assert.strictEqual(event.value, 'My Movie');\n            assert.deepStrictEqual(event.device, device);\n            cb(undefined);\n        });\n    });\n});",
                  "err": {},
                  "uuid": "82d970e2-5860-4404-93c7-9e8ada4f7dbe",
                  "parentUUID": "5752dc09-3ab6-4470-94cf-a5e8bc69e48a",
                  "isHook": false,
                  "skipped": false
                },
                {
                  "title": "should emit update:key event before update",
                  "fullTitle": "NodePyATVDeviceEvents applyStateAndEmitEvents() should emit update:key event before update",
                  "timedOut": false,
                  "duration": 3,
                  "state": "passed",
                  "speed": "fast",
                  "pass": true,
                  "fail": false,
                  "pending": false,
                  "context": null,
                  "code": "return __awaiter(this, void 0, void 0, function* () {\n    const device = new NodePyATVDevice({\n        name: 'My Testdevice',\n        host: '192.168.178.2',\n        spawn: createFakeSpawn(cp => {\n            cp.onStdIn(() => cp.end());\n            cp.stdout({\n                result: 'success',\n                title: 'My Movie'\n            });\n        })\n    });\n    const sort = [];\n    yield Promise.race([\n        new Promise(cb => {\n            device.once('update', () => {\n                sort.push('update');\n                cb(undefined);\n            });\n        }),\n        new Promise(cb => {\n            device.once('update:title', () => {\n                sort.push('update:title');\n                cb(undefined);\n            });\n        })\n    ]);\n    assert.deepStrictEqual(sort, ['update:title', 'update']);\n});",
                  "err": {},
                  "uuid": "aba2131e-720d-4b92-b23c-aba955f8987c",
                  "parentUUID": "5752dc09-3ab6-4470-94cf-a5e8bc69e48a",
                  "isHook": false,
                  "skipped": false
                },
                {
                  "title": "should emit error events on failures",
                  "fullTitle": "NodePyATVDeviceEvents applyStateAndEmitEvents() should emit error events on failures",
                  "timedOut": false,
                  "duration": 2,
                  "state": "passed",
                  "speed": "fast",
                  "pass": true,
                  "fail": false,
                  "pending": false,
                  "context": null,
                  "code": "return __awaiter(this, void 0, void 0, function* () {\n    const device = new NodePyATVDevice({\n        name: 'My Testdevice',\n        host: '192.168.178.2',\n        spawn: createFakeSpawn(cp => {\n            cp.onStdIn(() => cp.end());\n            cp.stdout({\n                result: 'failure',\n                datetime: '2021-11-24T21:13:36.424576+03:00',\n                exception: 'invalid credentials: 321',\n                stacktrace: 'Traceback (most recent call last):\\n  File \\\"/Users/free/Library/Python/3.8/lib/python/site-packages/pyatv/scripts/atvscript.py\\\", line 302, in appstart\\n    print(args.output(await _handle_command(args, abort_sem, loop)), flush=True)\\n  File \\\"/Users/free/Library/Python/3.8/lib/python/site-packages/pyatv/scripts/atvscript.py\\\", line 196, in _handle_command\\n    atv = await connect(config, loop, protocol=Protocol.MRP)\\n  File \\\"/Users/free/Library/Python/3.8/lib/python/site-packages/pyatv/__init__.py\\\", line 96, in connect\\n    for setup_data in proto_methods.setup(\\n  File \\\"/Users/free/Library/Python/3.8/lib/python/site-packages/pyatv/protocols/airplay/__init__.py\\\", line 192, in setup\\n    stream = AirPlayStream(config, service)\\n  File \\\"/Users/free/Library/Python/3.8/lib/python/site-packages/pyatv/protocols/airplay/__init__.py\\\", line 79, in __init__\\n    self._credentials: HapCredentials = parse_credentials(self.service.credentials)\\n  File \\\"/Users/free/Library/Python/3.8/lib/python/site-packages/pyatv/auth/hap_pairing.py\\\", line 139, in parse_credentials\\n    raise exceptions.InvalidCredentialsError(\\\"invalid credentials: \\\" + detail_string)\\npyatv.exceptions.InvalidCredentialsError: invalid credentials: 321\\n'\n            });\n        })\n    });\n    yield new Promise(cb => {\n        device.once('error', error => {\n            assert.ok(error instanceof Error);\n            assert.ok(error.toString().includes('invalid credentials: 321'));\n            cb(undefined);\n        });\n    });\n});",
                  "err": {},
                  "uuid": "3ce93b59-dc21-49d2-bab7-3bc3a3561eb9",
                  "parentUUID": "5752dc09-3ab6-4470-94cf-a5e8bc69e48a",
                  "isHook": false,
                  "skipped": false
                },
                {
                  "title": "should not emit an update if new value is same as old one",
                  "fullTitle": "NodePyATVDeviceEvents applyStateAndEmitEvents() should not emit an update if new value is same as old one",
                  "timedOut": false,
                  "duration": 4,
                  "state": "passed",
                  "speed": "fast",
                  "pass": true,
                  "fail": false,
                  "pending": false,
                  "context": null,
                  "code": "return __awaiter(this, void 0, void 0, function* () {\n    let spawnCounter = 0;\n    let eventCounter = 0;\n    const device = new NodePyATVDevice({\n        name: 'My Testdevice',\n        host: '192.168.178.2',\n        spawn: createFakeSpawn(cp => {\n            if (spawnCounter === 0) {\n                cp.onStdIn(() => cp.end());\n            }\n            cp.stdout({\n                result: 'success',\n                title: 'My Movie'\n            });\n            spawnCounter++;\n            if (spawnCounter >= 2) {\n                cp.end();\n            }\n        })\n    });\n    const listener = () => {\n        eventCounter++;\n    };\n    device.on('update', listener);\n    yield new Promise(cb => setTimeout(cb, 0));\n    yield device.getState();\n    device.off('update', listener);\n    assert.strictEqual(spawnCounter, 2);\n    assert.strictEqual(eventCounter, 1);\n});",
                  "err": {},
                  "uuid": "672f655a-89d4-4b53-9681-9e8d5d657a57",
                  "parentUUID": "5752dc09-3ab6-4470-94cf-a5e8bc69e48a",
                  "isHook": false,
                  "skipped": false
                },
                {
                  "title": "should emit error event if event listener throws an exception",
                  "fullTitle": "NodePyATVDeviceEvents applyStateAndEmitEvents() should emit error event if event listener throws an exception",
                  "timedOut": false,
                  "duration": 2,
                  "state": "passed",
                  "speed": "fast",
                  "pass": true,
                  "fail": false,
                  "pending": false,
                  "context": null,
                  "code": "return __awaiter(this, void 0, void 0, function* () {\n    const device = new NodePyATVDevice({\n        name: 'My Testdevice',\n        host: '192.168.178.2',\n        spawn: createFakeSpawn(cp => {\n            cp.onStdIn(() => cp.end());\n            cp.stdout({\n                result: 'success',\n                title: 'My Movie'\n            });\n        })\n    });\n    let callCounter = 0;\n    const error = new Error('This is an error. Be nice.');\n    device.once('error', err => {\n        assert.strictEqual(err, error);\n        callCounter++;\n    });\n    const listener = () => {\n        throw error;\n    };\n    device.on('update', listener);\n    yield new Promise(cb => setTimeout(cb, 0));\n    device.off('update', listener);\n    assert.strictEqual(callCounter, 1);\n});",
                  "err": {},
                  "uuid": "67780ae3-bdba-4538-9fc4-dfa874f35eab",
                  "parentUUID": "5752dc09-3ab6-4470-94cf-a5e8bc69e48a",
                  "isHook": false,
                  "skipped": false
                },
                {
                  "title": "should also work with powerState",
                  "fullTitle": "NodePyATVDeviceEvents applyStateAndEmitEvents() should also work with powerState",
                  "timedOut": false,
                  "duration": 2,
                  "state": "passed",
                  "speed": "fast",
                  "pass": true,
                  "fail": false,
                  "pending": false,
                  "context": null,
                  "code": "return __awaiter(this, void 0, void 0, function* () {\n    const device = new NodePyATVDevice({\n        name: 'My Testdevice',\n        host: '192.168.178.2',\n        spawn: createFakeSpawn(cp => {\n            cp.onStdIn(() => cp.end());\n            cp.stdout({\n                result: 'success',\n                datetime: new Date().toJSON(),\n                power_state: 'off'\n            });\n        })\n    });\n    yield new Promise(cb => {\n        device.once('update:powerState', event => {\n            assert.ok(event instanceof NodePyATVDeviceEvent);\n            assert.strictEqual(event.key, 'powerState');\n            assert.strictEqual(event.oldValue, null);\n            assert.strictEqual(event.newValue, 'off');\n            assert.strictEqual(event.newValue, NodePyATVPowerState.off);\n            assert.strictEqual(event.value, 'off');\n            assert.strictEqual(event.value, NodePyATVPowerState.off);\n            assert.deepStrictEqual(event.device, device);\n            cb(undefined);\n        });\n    });\n});",
                  "err": {},
                  "uuid": "bfc58b9a-3b1a-4f29-a2eb-42ef06864358",
                  "parentUUID": "5752dc09-3ab6-4470-94cf-a5e8bc69e48a",
                  "isHook": false,
                  "skipped": false
                }
              ],
              "suites": [],
              "passes": [
                "5179fbf7-5056-416f-8a8d-3a2ab8cc34b2",
                "82d970e2-5860-4404-93c7-9e8ada4f7dbe",
                "aba2131e-720d-4b92-b23c-aba955f8987c",
                "3ce93b59-dc21-49d2-bab7-3bc3a3561eb9",
                "672f655a-89d4-4b53-9681-9e8d5d657a57",
                "67780ae3-bdba-4538-9fc4-dfa874f35eab",
                "bfc58b9a-3b1a-4f29-a2eb-42ef06864358"
              ],
              "failures": [],
              "pending": [],
              "skipped": [],
              "duration": 20,
              "root": false,
              "rootEmpty": false,
              "_timeout": 2000
            },
            {
              "uuid": "acd0591f-dade-4e42-8466-139bcc92bd45",
              "title": "start|stopListening()",
              "fullFile": "/home/runner/work/node-pyatv/node-pyatv/test/device-events.ts",
              "file": "/test/device-events.ts",
              "beforeHooks": [],
              "afterHooks": [],
              "tests": [
                {
                  "title": "should emit error if spawn fails",
                  "fullTitle": "NodePyATVDeviceEvents start|stopListening() should emit error if spawn fails",
                  "timedOut": false,
                  "duration": 1,
                  "state": "passed",
                  "speed": "fast",
                  "pass": true,
                  "fail": false,
                  "pending": false,
                  "context": null,
                  "code": "return __awaiter(this, void 0, void 0, function* () {\n    const error = new Error();\n    const device = new NodePyATVDevice({\n        name: 'My Testdevice',\n        host: '192.168.178.2',\n        spawn: createFakeSpawn(cp => {\n            cp.error(error).end();\n        })\n    });\n    const listener = () => {\n        // empty listener\n    };\n    device.on('update', listener);\n    yield new Promise(cb => {\n        device.once('error', err => {\n            assert.strictEqual(err, error);\n            cb(undefined);\n        });\n    });\n    device.off('update', listener);\n});",
                  "err": {},
                  "uuid": "bcbfe9a4-f212-42b6-b2d3-4befddacc018",
                  "parentUUID": "acd0591f-dade-4e42-8466-139bcc92bd45",
                  "isHook": false,
                  "skipped": false
                },
                {
                  "title": "should emit error on stderr data",
                  "fullTitle": "NodePyATVDeviceEvents start|stopListening() should emit error on stderr data",
                  "timedOut": false,
                  "duration": 2,
                  "state": "passed",
                  "speed": "fast",
                  "pass": true,
                  "fail": false,
                  "pending": false,
                  "context": null,
                  "code": "return __awaiter(this, void 0, void 0, function* () {\n    const device = new NodePyATVDevice({\n        name: 'My Testdevice',\n        host: '192.168.178.2',\n        spawn: createFakeSpawn(cp => {\n            cp.stderr('Hello World!').end();\n        })\n    });\n    const listener = () => {\n        // empty listener\n    };\n    device.on('update', listener);\n    yield new Promise(cb => {\n        device.once('error', err => {\n            assert.ok(err instanceof Error);\n            assert.ok(err.toString().includes('Got stderr output from pyatv: Hello World!'));\n            cb(undefined);\n        });\n    });\n    device.off('update', listener);\n});",
                  "err": {},
                  "uuid": "96dacfcc-1f80-42d1-98b2-1eadb0d671f4",
                  "parentUUID": "acd0591f-dade-4e42-8466-139bcc92bd45",
                  "isHook": false,
                  "skipped": false
                },
                {
                  "title": "should emit error if stdout is not valid json",
                  "fullTitle": "NodePyATVDeviceEvents start|stopListening() should emit error if stdout is not valid json",
                  "timedOut": false,
                  "duration": 1,
                  "state": "passed",
                  "speed": "fast",
                  "pass": true,
                  "fail": false,
                  "pending": false,
                  "context": null,
                  "code": "return __awaiter(this, void 0, void 0, function* () {\n    const device = new NodePyATVDevice({\n        name: 'My Testdevice',\n        host: '192.168.178.2',\n        spawn: createFakeSpawn(cp => {\n            cp.stdout('#').end();\n        })\n    });\n    const listener = () => {\n        // empty listener\n    };\n    device.on('update', listener);\n    yield new Promise(cb => {\n        device.once('error', err => {\n            assert.ok(err instanceof Error);\n            assert.ok(err.toString().includes('Unable to parse stdout json: SyntaxError: ' +\n                'Unexpected token # in JSON at position 0'));\n            cb(undefined);\n        });\n    });\n    device.off('update', listener);\n});",
                  "err": {},
                  "uuid": "c56c5a55-e4b5-4ec2-8d26-681ca2be65f5",
                  "parentUUID": "acd0591f-dade-4e42-8466-139bcc92bd45",
                  "isHook": false,
                  "skipped": false
                },
                {
                  "title": "should restart the process if it gets killed",
                  "fullTitle": "NodePyATVDeviceEvents start|stopListening() should restart the process if it gets killed",
                  "timedOut": false,
                  "duration": 0,
                  "state": "pending",
                  "speed": null,
                  "pass": false,
                  "fail": false,
                  "pending": true,
                  "context": null,
                  "code": "",
                  "err": {},
                  "uuid": "580688e6-2ca6-433a-9948-760bdb3633f1",
                  "parentUUID": "acd0591f-dade-4e42-8466-139bcc92bd45",
                  "isHook": false,
                  "skipped": false
                }
              ],
              "suites": [],
              "passes": [
                "bcbfe9a4-f212-42b6-b2d3-4befddacc018",
                "96dacfcc-1f80-42d1-98b2-1eadb0d671f4",
                "c56c5a55-e4b5-4ec2-8d26-681ca2be65f5"
              ],
              "failures": [],
              "pending": [
                "580688e6-2ca6-433a-9948-760bdb3633f1"
              ],
              "skipped": [],
              "duration": 4,
              "root": false,
              "rootEmpty": false,
              "_timeout": 2000
            },
            {
              "uuid": "b09b975f-76cc-4386-b786-4e6f6bb454ee",
              "title": "addListener() / removeAllListeners()",
              "fullFile": "/home/runner/work/node-pyatv/node-pyatv/test/device-events.ts",
              "file": "/test/device-events.ts",
              "beforeHooks": [],
              "afterHooks": [],
              "tests": [
                {
                  "title": "should work without any exceptions",
                  "fullTitle": "NodePyATVDeviceEvents addListener() / removeAllListeners() should work without any exceptions",
                  "timedOut": false,
                  "duration": 1,
                  "state": "passed",
                  "speed": "fast",
                  "pass": true,
                  "fail": false,
                  "pending": false,
                  "context": null,
                  "code": "return __awaiter(this, void 0, void 0, function* () {\n    const device = new NodePyATVDevice({\n        name: 'My Testdevice',\n        host: '192.168.178.2',\n        spawn: createFakeSpawn(cp => {\n            cp.onStdIn(() => cp.end());\n            cp.stdout({\n                result: 'success',\n                title: 'My Movie'\n            });\n        })\n    });\n    const listener = () => {\n        // empty listener\n    };\n    device.addListener('update', listener);\n    device.removeAllListeners('update');\n});",
                  "err": {},
                  "uuid": "48e3d740-42f7-46e2-ac44-82b155067b4f",
                  "parentUUID": "b09b975f-76cc-4386-b786-4e6f6bb454ee",
                  "isHook": false,
                  "skipped": false
                }
              ],
              "suites": [],
              "passes": [
                "48e3d740-42f7-46e2-ac44-82b155067b4f"
              ],
              "failures": [],
              "pending": [],
              "skipped": [],
              "duration": 1,
              "root": false,
              "rootEmpty": false,
              "_timeout": 2000
            },
            {
              "uuid": "eda9800e-01b7-412c-9aec-dfc71ebe877c",
              "title": "emit()",
              "fullFile": "/home/runner/work/node-pyatv/node-pyatv/test/device-events.ts",
              "file": "/test/device-events.ts",
              "beforeHooks": [],
              "afterHooks": [],
              "tests": [
                {
                  "title": "should work",
                  "fullTitle": "NodePyATVDeviceEvents emit() should work",
                  "timedOut": false,
                  "duration": 0,
                  "state": "passed",
                  "speed": "fast",
                  "pass": true,
                  "fail": false,
                  "pending": false,
                  "context": null,
                  "code": "const device = new NodePyATVDevice({\n    name: 'My Testdevice',\n    host: '192.168.178.2',\n    spawn: createFakeSpawn(cp => {\n        cp.onStdIn(() => cp.end());\n    })\n});\nconst event = new NodePyATVDeviceEvent({\n    key: 'dateTime',\n    old: 'foo',\n    new: 'bar',\n    device\n});\nlet executions = 0;\ndevice.once('test', (e) => {\n    executions++;\n    assert.strictEqual(e, event);\n    assert.strictEqual(executions, 1);\n    done();\n});\ndevice.emit('test', event);",
                  "err": {},
                  "uuid": "d0691ae6-fcbb-4c18-b7df-7bc156eb5b6a",
                  "parentUUID": "eda9800e-01b7-412c-9aec-dfc71ebe877c",
                  "isHook": false,
                  "skipped": false
                }
              ],
              "suites": [],
              "passes": [
                "d0691ae6-fcbb-4c18-b7df-7bc156eb5b6a"
              ],
              "failures": [],
              "pending": [],
              "skipped": [],
              "duration": 0,
              "root": false,
              "rootEmpty": false,
              "_timeout": 2000
            },
            {
              "uuid": "f5c0d38b-e52b-441f-9c81-be7dd3ba3a89",
              "title": "eventNames()",
              "fullFile": "/home/runner/work/node-pyatv/node-pyatv/test/device-events.ts",
              "file": "/test/device-events.ts",
              "beforeHooks": [],
              "afterHooks": [],
              "tests": [
                {
                  "title": "should work",
                  "fullTitle": "NodePyATVDeviceEvents eventNames() should work",
                  "timedOut": false,
                  "duration": 1,
                  "state": "passed",
                  "speed": "fast",
                  "pass": true,
                  "fail": false,
                  "pending": false,
                  "context": null,
                  "code": "const device = new NodePyATVDevice({\n    name: 'My Testdevice',\n    host: '192.168.178.2',\n    spawn: createFakeSpawn(cp => {\n        cp.onStdIn(() => cp.end());\n    })\n});\nconst listener = () => {\n    // ignore\n};\ndevice.on('test', listener);\nassert.deepStrictEqual(device.eventNames(), ['test']);\ndevice.off('test', listener);",
                  "err": {},
                  "uuid": "65490dd9-bb4c-4a0c-9494-5d14845645aa",
                  "parentUUID": "f5c0d38b-e52b-441f-9c81-be7dd3ba3a89",
                  "isHook": false,
                  "skipped": false
                }
              ],
              "suites": [],
              "passes": [
                "65490dd9-bb4c-4a0c-9494-5d14845645aa"
              ],
              "failures": [],
              "pending": [],
              "skipped": [],
              "duration": 1,
              "root": false,
              "rootEmpty": false,
              "_timeout": 2000
            },
            {
              "uuid": "7232c7eb-45c9-4e77-b819-527a84f060b3",
              "title": "getMaxListeners()",
              "fullFile": "/home/runner/work/node-pyatv/node-pyatv/test/device-events.ts",
              "file": "/test/device-events.ts",
              "beforeHooks": [],
              "afterHooks": [],
              "tests": [
                {
                  "title": "should work",
                  "fullTitle": "NodePyATVDeviceEvents getMaxListeners() should work",
                  "timedOut": false,
                  "duration": 0,
                  "state": "passed",
                  "speed": "fast",
                  "pass": true,
                  "fail": false,
                  "pending": false,
                  "context": null,
                  "code": "const device = new NodePyATVDevice({\n    name: 'My Testdevice',\n    host: '192.168.178.2',\n    spawn: createFakeSpawn(cp => {\n        cp.onStdIn(() => cp.end());\n    })\n});\nconst result = device.getMaxListeners();\nassert.ok(typeof result, 'number');\nassert.ok(result >= 10);",
                  "err": {},
                  "uuid": "d00ce9e7-4ac4-452a-840b-9479e6fcd3ce",
                  "parentUUID": "7232c7eb-45c9-4e77-b819-527a84f060b3",
                  "isHook": false,
                  "skipped": false
                }
              ],
              "suites": [],
              "passes": [
                "d00ce9e7-4ac4-452a-840b-9479e6fcd3ce"
              ],
              "failures": [],
              "pending": [],
              "skipped": [],
              "duration": 0,
              "root": false,
              "rootEmpty": false,
              "_timeout": 2000
            },
            {
              "uuid": "4b2444d6-4806-46d4-a308-40b8eaee3216",
              "title": "listenerCount()",
              "fullFile": "/home/runner/work/node-pyatv/node-pyatv/test/device-events.ts",
              "file": "/test/device-events.ts",
              "beforeHooks": [],
              "afterHooks": [],
              "tests": [
                {
                  "title": "should work",
                  "fullTitle": "NodePyATVDeviceEvents listenerCount() should work",
                  "timedOut": false,
                  "duration": 0,
                  "state": "passed",
                  "speed": "fast",
                  "pass": true,
                  "fail": false,
                  "pending": false,
                  "context": null,
                  "code": "const device = new NodePyATVDevice({\n    name: 'My Testdevice',\n    host: '192.168.178.2',\n    spawn: createFakeSpawn(cp => {\n        cp.onStdIn(() => cp.end());\n    })\n});\nconst listener = () => {\n    // ignore\n};\nassert.deepStrictEqual(device.listenerCount('test'), 0);\ndevice.on('test', listener);\nassert.deepStrictEqual(device.listenerCount('test'), 1);\ndevice.off('test', listener);",
                  "err": {},
                  "uuid": "52602eab-f33b-4256-b837-c5cea15e70ad",
                  "parentUUID": "4b2444d6-4806-46d4-a308-40b8eaee3216",
                  "isHook": false,
                  "skipped": false
                }
              ],
              "suites": [],
              "passes": [
                "52602eab-f33b-4256-b837-c5cea15e70ad"
              ],
              "failures": [],
              "pending": [],
              "skipped": [],
              "duration": 0,
              "root": false,
              "rootEmpty": false,
              "_timeout": 2000
            },
            {
              "uuid": "656fe837-0502-430f-8e7d-3e1deab41e8b",
              "title": "listeners()",
              "fullFile": "/home/runner/work/node-pyatv/node-pyatv/test/device-events.ts",
              "file": "/test/device-events.ts",
              "beforeHooks": [],
              "afterHooks": [],
              "tests": [
                {
                  "title": "should work",
                  "fullTitle": "NodePyATVDeviceEvents listeners() should work",
                  "timedOut": false,
                  "duration": 0,
                  "state": "passed",
                  "speed": "fast",
                  "pass": true,
                  "fail": false,
                  "pending": false,
                  "context": null,
                  "code": "const device = new NodePyATVDevice({\n    name: 'My Testdevice',\n    host: '192.168.178.2',\n    spawn: createFakeSpawn(cp => {\n        cp.onStdIn(() => cp.end());\n    })\n});\nconst listener = () => {\n    // ignore\n};\nassert.deepStrictEqual(device.listeners('test').length, 0);\ndevice.on('test', listener);\nassert.deepStrictEqual(device.listeners('test').length, 1);\nassert.deepStrictEqual(device.listeners('test')[0], listener);\ndevice.off('test', listener);",
                  "err": {},
                  "uuid": "9209079f-f5ab-4802-84d2-6f8c0a78d6b4",
                  "parentUUID": "656fe837-0502-430f-8e7d-3e1deab41e8b",
                  "isHook": false,
                  "skipped": false
                }
              ],
              "suites": [],
              "passes": [
                "9209079f-f5ab-4802-84d2-6f8c0a78d6b4"
              ],
              "failures": [],
              "pending": [],
              "skipped": [],
              "duration": 0,
              "root": false,
              "rootEmpty": false,
              "_timeout": 2000
            },
            {
              "uuid": "c751870d-0b6d-4c87-857f-676fda37b5a4",
              "title": "prependListener()",
              "fullFile": "/home/runner/work/node-pyatv/node-pyatv/test/device-events.ts",
              "file": "/test/device-events.ts",
              "beforeHooks": [],
              "afterHooks": [],
              "tests": [
                {
                  "title": "should work",
                  "fullTitle": "NodePyATVDeviceEvents prependListener() should work",
                  "timedOut": false,
                  "duration": 1,
                  "state": "passed",
                  "speed": "fast",
                  "pass": true,
                  "fail": false,
                  "pending": false,
                  "context": null,
                  "code": "const device = new NodePyATVDevice({\n    name: 'My Testdevice',\n    host: '192.168.178.2',\n    spawn: createFakeSpawn(cp => {\n        cp.onStdIn(() => cp.end());\n        cp.stdout({\n            result: 'success',\n            title: 'My Movie'\n        });\n    })\n});\nconst listener = () => {\n    device.removeAllListeners('update');\n    done();\n};\ndevice.prependListener('update', listener);",
                  "err": {},
                  "uuid": "fbc73b6e-ae12-4460-908d-dba99cc09119",
                  "parentUUID": "c751870d-0b6d-4c87-857f-676fda37b5a4",
                  "isHook": false,
                  "skipped": false
                }
              ],
              "suites": [],
              "passes": [
                "fbc73b6e-ae12-4460-908d-dba99cc09119"
              ],
              "failures": [],
              "pending": [],
              "skipped": [],
              "duration": 1,
              "root": false,
              "rootEmpty": false,
              "_timeout": 2000
            },
            {
              "uuid": "14dc2ab9-16ca-4781-b60d-e8c8f26b230f",
              "title": "prependOnceListener()",
              "fullFile": "/home/runner/work/node-pyatv/node-pyatv/test/device-events.ts",
              "file": "/test/device-events.ts",
              "beforeHooks": [],
              "afterHooks": [],
              "tests": [
                {
                  "title": "should work",
                  "fullTitle": "NodePyATVDeviceEvents prependOnceListener() should work",
                  "timedOut": false,
                  "duration": 1,
                  "state": "passed",
                  "speed": "fast",
                  "pass": true,
                  "fail": false,
                  "pending": false,
                  "context": null,
                  "code": "const device = new NodePyATVDevice({\n    name: 'My Testdevice',\n    host: '192.168.178.2',\n    spawn: createFakeSpawn(cp => {\n        cp.onStdIn(() => cp.end());\n        cp.stdout({\n            result: 'success',\n            title: 'My Movie'\n        });\n    })\n});\ndevice.prependOnceListener('update', () => done());",
                  "err": {},
                  "uuid": "9cf3a101-82dd-4ba8-b73b-60771ad42deb",
                  "parentUUID": "14dc2ab9-16ca-4781-b60d-e8c8f26b230f",
                  "isHook": false,
                  "skipped": false
                }
              ],
              "suites": [],
              "passes": [
                "9cf3a101-82dd-4ba8-b73b-60771ad42deb"
              ],
              "failures": [],
              "pending": [],
              "skipped": [],
              "duration": 1,
              "root": false,
              "rootEmpty": false,
              "_timeout": 2000
            },
            {
              "uuid": "885517ec-e135-43f6-b3dd-b40758968dc3",
              "title": "rawListeners()",
              "fullFile": "/home/runner/work/node-pyatv/node-pyatv/test/device-events.ts",
              "file": "/test/device-events.ts",
              "beforeHooks": [],
              "afterHooks": [],
              "tests": [
                {
                  "title": "should work",
                  "fullTitle": "NodePyATVDeviceEvents rawListeners() should work",
                  "timedOut": false,
                  "duration": 0,
                  "state": "passed",
                  "speed": "fast",
                  "pass": true,
                  "fail": false,
                  "pending": false,
                  "context": null,
                  "code": "const device = new NodePyATVDevice({\n    name: 'My Testdevice',\n    host: '192.168.178.2',\n    spawn: createFakeSpawn(cp => {\n        cp.onStdIn(() => cp.end());\n    })\n});\nconst listener = () => {\n    // ignore\n};\nassert.deepStrictEqual(device.rawListeners('test').length, 0);\ndevice.on('test', listener);\nassert.deepStrictEqual(device.rawListeners('test').length, 1);\nassert.deepStrictEqual(device.rawListeners('test')[0], listener);\ndevice.off('test', listener);",
                  "err": {},
                  "uuid": "a8e220c0-03f2-4c35-9f97-d66368c45997",
                  "parentUUID": "885517ec-e135-43f6-b3dd-b40758968dc3",
                  "isHook": false,
                  "skipped": false
                }
              ],
              "suites": [],
              "passes": [
                "a8e220c0-03f2-4c35-9f97-d66368c45997"
              ],
              "failures": [],
              "pending": [],
              "skipped": [],
              "duration": 0,
              "root": false,
              "rootEmpty": false,
              "_timeout": 2000
            },
            {
              "uuid": "7a6349b3-d371-4733-b604-456ca78c22ff",
              "title": "removeListener()",
              "fullFile": "/home/runner/work/node-pyatv/node-pyatv/test/device-events.ts",
              "file": "/test/device-events.ts",
              "beforeHooks": [],
              "afterHooks": [],
              "tests": [
                {
                  "title": "should work without any exceptions",
                  "fullTitle": "NodePyATVDeviceEvents removeListener() should work without any exceptions",
                  "timedOut": false,
                  "duration": 0,
                  "state": "passed",
                  "speed": "fast",
                  "pass": true,
                  "fail": false,
                  "pending": false,
                  "context": null,
                  "code": "return __awaiter(this, void 0, void 0, function* () {\n    const device = new NodePyATVDevice({\n        name: 'My Testdevice',\n        host: '192.168.178.2',\n        spawn: createFakeSpawn(cp => {\n            cp.onStdIn(() => cp.end());\n            cp.stdout({\n                result: 'success',\n                title: 'My Movie'\n            });\n        })\n    });\n    const listener = () => {\n        // empty listener\n    };\n    device.addListener('update', listener);\n    assert.deepStrictEqual(device.listenerCount('update'), 1);\n    device.removeListener('update', listener);\n    assert.deepStrictEqual(device.listenerCount('update'), 0);\n});",
                  "err": {},
                  "uuid": "ace031d4-fb43-4db8-872d-3a35daeb7027",
                  "parentUUID": "7a6349b3-d371-4733-b604-456ca78c22ff",
                  "isHook": false,
                  "skipped": false
                }
              ],
              "suites": [],
              "passes": [
                "ace031d4-fb43-4db8-872d-3a35daeb7027"
              ],
              "failures": [],
              "pending": [],
              "skipped": [],
              "duration": 0,
              "root": false,
              "rootEmpty": false,
              "_timeout": 2000
            }
          ],
          "passes": [],
          "failures": [],
          "pending": [],
          "skipped": [],
          "duration": 0,
          "root": false,
          "rootEmpty": false,
          "_timeout": 2000
        },
        {
          "uuid": "af8156a2-0c40-462d-bd31-802c778b6ee8",
          "title": "NodePyATVDevice",
          "fullFile": "/home/runner/work/node-pyatv/node-pyatv/test/device.ts",
          "file": "/test/device.ts",
          "beforeHooks": [],
          "afterHooks": [],
          "tests": [],
          "suites": [
            {
              "uuid": "268c5ee9-f01c-495f-bb83-90817b586ab8",
              "title": "get name()",
              "fullFile": "/home/runner/work/node-pyatv/node-pyatv/test/device.ts",
              "file": "/test/device.ts",
              "beforeHooks": [],
              "afterHooks": [],
              "tests": [
                {
                  "title": "should return the name",
                  "fullTitle": "NodePyATVDevice get name() should return the name",
                  "timedOut": false,
                  "duration": 0,
                  "state": "passed",
                  "speed": "fast",
                  "pass": true,
                  "fail": false,
                  "pending": false,
                  "context": null,
                  "code": "const device = new NodePyATVDevice({\n    name: 'My Testdevice',\n    host: '192.168.178.2'\n});\nassert.strictEqual(device.name, 'My Testdevice');",
                  "err": {},
                  "uuid": "c909b297-e9bf-4850-ae9d-fc0026e351a3",
                  "parentUUID": "268c5ee9-f01c-495f-bb83-90817b586ab8",
                  "isHook": false,
                  "skipped": false
                }
              ],
              "suites": [],
              "passes": [
                "c909b297-e9bf-4850-ae9d-fc0026e351a3"
              ],
              "failures": [],
              "pending": [],
              "skipped": [],
              "duration": 0,
              "root": false,
              "rootEmpty": false,
              "_timeout": 2000
            },
            {
              "uuid": "d286cfb9-7448-4299-989e-712936961f61",
              "title": "get host()",
              "fullFile": "/home/runner/work/node-pyatv/node-pyatv/test/device.ts",
              "file": "/test/device.ts",
              "beforeHooks": [],
              "afterHooks": [],
              "tests": [
                {
                  "title": "should return the host",
                  "fullTitle": "NodePyATVDevice get host() should return the host",
                  "timedOut": false,
                  "duration": 0,
                  "state": "passed",
                  "speed": "fast",
                  "pass": true,
                  "fail": false,
                  "pending": false,
                  "context": null,
                  "code": "const device = new NodePyATVDevice({\n    name: 'My Testdevice',\n    host: '192.168.178.2'\n});\nassert.strictEqual(device.host, '192.168.178.2');",
                  "err": {},
                  "uuid": "856279a5-5bdc-4150-b394-0dcecb1405ae",
                  "parentUUID": "d286cfb9-7448-4299-989e-712936961f61",
                  "isHook": false,
                  "skipped": false
                }
              ],
              "suites": [],
              "passes": [
                "856279a5-5bdc-4150-b394-0dcecb1405ae"
              ],
              "failures": [],
              "pending": [],
              "skipped": [],
              "duration": 0,
              "root": false,
              "rootEmpty": false,
              "_timeout": 2000
            },
            {
              "uuid": "8c0d14cc-c35e-4e7f-9c70-d2298c113141",
              "title": "get id()",
              "fullFile": "/home/runner/work/node-pyatv/node-pyatv/test/device.ts",
              "file": "/test/device.ts",
              "beforeHooks": [],
              "afterHooks": [],
              "tests": [
                {
                  "title": "should return the id",
                  "fullTitle": "NodePyATVDevice get id() should return the id",
                  "timedOut": false,
                  "duration": 0,
                  "state": "passed",
                  "speed": "fast",
                  "pass": true,
                  "fail": false,
                  "pending": false,
                  "context": null,
                  "code": "const device = new NodePyATVDevice({\n    name: 'My Testdevice',\n    host: '192.168.178.2',\n    id: '*****'\n});\nassert.strictEqual(device.id, '*****');",
                  "err": {},
                  "uuid": "a4a5dddb-3526-4082-800b-118ef9b9e063",
                  "parentUUID": "8c0d14cc-c35e-4e7f-9c70-d2298c113141",
                  "isHook": false,
                  "skipped": false
                }
              ],
              "suites": [],
              "passes": [
                "a4a5dddb-3526-4082-800b-118ef9b9e063"
              ],
              "failures": [],
              "pending": [],
              "skipped": [],
              "duration": 0,
              "root": false,
              "rootEmpty": false,
              "_timeout": 2000
            },
            {
              "uuid": "04ac43ab-3fa6-48a3-bff8-764f9a69269c",
              "title": "get protocol()",
              "fullFile": "/home/runner/work/node-pyatv/node-pyatv/test/device.ts",
              "file": "/test/device.ts",
              "beforeHooks": [],
              "afterHooks": [],
              "tests": [
                {
                  "title": "should return the protocol",
                  "fullTitle": "NodePyATVDevice get protocol() should return the protocol",
                  "timedOut": false,
                  "duration": 0,
                  "state": "passed",
                  "speed": "fast",
                  "pass": true,
                  "fail": false,
                  "pending": false,
                  "context": null,
                  "code": "const device = new NodePyATVDevice({\n    name: 'My Testdevice',\n    host: '192.168.178.2',\n    protocol: NodePyATVProtocol.airplay\n});\nassert.strictEqual(device.protocol, NodePyATVProtocol.airplay);",
                  "err": {},
                  "uuid": "ce8c2fc6-2bbb-4ca5-949a-2c437473744b",
                  "parentUUID": "04ac43ab-3fa6-48a3-bff8-764f9a69269c",
                  "isHook": false,
                  "skipped": false
                }
              ],
              "suites": [],
              "passes": [
                "ce8c2fc6-2bbb-4ca5-949a-2c437473744b"
              ],
              "failures": [],
              "pending": [],
              "skipped": [],
              "duration": 0,
              "root": false,
              "rootEmpty": false,
              "_timeout": 2000
            },
            {
              "uuid": "76e9cc77-cf89-46f9-8514-028bd4e21658",
              "title": "get model()",
              "fullFile": "/home/runner/work/node-pyatv/node-pyatv/test/device.ts",
              "file": "/test/device.ts",
              "beforeHooks": [],
              "afterHooks": [],
              "tests": [
                {
                  "title": "should return the model if set by scan",
                  "fullTitle": "NodePyATVDevice get model() should return the model if set by scan",
                  "timedOut": false,
                  "duration": 0,
                  "state": "passed",
                  "speed": "fast",
                  "pass": true,
                  "fail": false,
                  "pending": false,
                  "context": null,
                  "code": "const device = new NodePyATVDevice({\n    name: 'Vardagsrum',\n    host: '10.0.10.81',\n    id: 'xxx',\n    model: 'Gen4K'\n});\nassert.strictEqual(device.model, 'Gen4K');",
                  "err": {},
                  "uuid": "8d15875d-8d05-44f9-a833-9d1a808d6a9f",
                  "parentUUID": "76e9cc77-cf89-46f9-8514-028bd4e21658",
                  "isHook": false,
                  "skipped": false
                },
                {
                  "title": "should return undefined otherwise",
                  "fullTitle": "NodePyATVDevice get model() should return undefined otherwise",
                  "timedOut": false,
                  "duration": 0,
                  "state": "passed",
                  "speed": "fast",
                  "pass": true,
                  "fail": false,
                  "pending": false,
                  "context": null,
                  "code": "const device = new NodePyATVDevice({\n    name: 'Vardagsrum',\n    host: '10.0.10.81'\n});\nassert.strictEqual(device.model, undefined);",
                  "err": {},
                  "uuid": "85763d65-7126-4521-9717-001bed994b1b",
                  "parentUUID": "76e9cc77-cf89-46f9-8514-028bd4e21658",
                  "isHook": false,
                  "skipped": false
                }
              ],
              "suites": [],
              "passes": [
                "8d15875d-8d05-44f9-a833-9d1a808d6a9f",
                "85763d65-7126-4521-9717-001bed994b1b"
              ],
              "failures": [],
              "pending": [],
              "skipped": [],
              "duration": 0,
              "root": false,
              "rootEmpty": false,
              "_timeout": 2000
            },
            {
              "uuid": "f9c23cd5-d802-4537-827c-ad5fcc1a52ac",
              "title": "get modelName()",
              "fullFile": "/home/runner/work/node-pyatv/node-pyatv/test/device.ts",
              "file": "/test/device.ts",
              "beforeHooks": [],
              "afterHooks": [],
              "tests": [
                {
                  "title": "should return the model name if set by scan",
                  "fullTitle": "NodePyATVDevice get modelName() should return the model name if set by scan",
                  "timedOut": false,
                  "duration": 0,
                  "state": "passed",
                  "speed": "fast",
                  "pass": true,
                  "fail": false,
                  "pending": false,
                  "context": null,
                  "code": "const device = new NodePyATVDevice({\n    name: 'Vardagsrum',\n    host: '10.0.10.81',\n    id: 'xxx',\n    modelName: 'Apple TV 4K'\n});\nassert.strictEqual(device.modelName, 'Apple TV 4K');",
                  "err": {},
                  "uuid": "e55fe197-c851-46fb-917a-f67c0a22d512",
                  "parentUUID": "f9c23cd5-d802-4537-827c-ad5fcc1a52ac",
                  "isHook": false,
                  "skipped": false
                },
                {
                  "title": "should return undefined otherwise",
                  "fullTitle": "NodePyATVDevice get modelName() should return undefined otherwise",
                  "timedOut": false,
                  "duration": 1,
                  "state": "passed",
                  "speed": "fast",
                  "pass": true,
                  "fail": false,
                  "pending": false,
                  "context": null,
                  "code": "const device = new NodePyATVDevice({\n    name: 'Vardagsrum',\n    host: '10.0.10.81'\n});\nassert.strictEqual(device.modelName, undefined);",
                  "err": {},
                  "uuid": "d43b20db-fac6-4a74-ba3e-60facefede30",
                  "parentUUID": "f9c23cd5-d802-4537-827c-ad5fcc1a52ac",
                  "isHook": false,
                  "skipped": false
                }
              ],
              "suites": [],
              "passes": [
                "e55fe197-c851-46fb-917a-f67c0a22d512",
                "d43b20db-fac6-4a74-ba3e-60facefede30"
              ],
              "failures": [],
              "pending": [],
              "skipped": [],
              "duration": 1,
              "root": false,
              "rootEmpty": false,
              "_timeout": 2000
            },
            {
              "uuid": "16dc6a45-c029-4309-beeb-8c2d52e992c2",
              "title": "get os()",
              "fullFile": "/home/runner/work/node-pyatv/node-pyatv/test/device.ts",
              "file": "/test/device.ts",
              "beforeHooks": [],
              "afterHooks": [],
              "tests": [
                {
                  "title": "should return the operating system if set by scan",
                  "fullTitle": "NodePyATVDevice get os() should return the operating system if set by scan",
                  "timedOut": false,
                  "duration": 0,
                  "state": "passed",
                  "speed": "fast",
                  "pass": true,
                  "fail": false,
                  "pending": false,
                  "context": null,
                  "code": "const device = new NodePyATVDevice({\n    name: 'Vardagsrum',\n    host: '10.0.10.81',\n    id: 'xxx',\n    os: 'TvOS'\n});\nassert.strictEqual(device.os, 'TvOS');",
                  "err": {},
                  "uuid": "0b5662eb-f5fe-4330-8ff7-ba4de972807a",
                  "parentUUID": "16dc6a45-c029-4309-beeb-8c2d52e992c2",
                  "isHook": false,
                  "skipped": false
                },
                {
                  "title": "should return undefined otherwise",
                  "fullTitle": "NodePyATVDevice get os() should return undefined otherwise",
                  "timedOut": false,
                  "duration": 0,
                  "state": "passed",
                  "speed": "fast",
                  "pass": true,
                  "fail": false,
                  "pending": false,
                  "context": null,
                  "code": "const device = new NodePyATVDevice({\n    name: 'Vardagsrum',\n    host: '10.0.10.81'\n});\nassert.strictEqual(device.os, undefined);",
                  "err": {},
                  "uuid": "5807786f-9844-4cef-9dc7-4a68abccfd0e",
                  "parentUUID": "16dc6a45-c029-4309-beeb-8c2d52e992c2",
                  "isHook": false,
                  "skipped": false
                }
              ],
              "suites": [],
              "passes": [
                "0b5662eb-f5fe-4330-8ff7-ba4de972807a",
                "5807786f-9844-4cef-9dc7-4a68abccfd0e"
              ],
              "failures": [],
              "pending": [],
              "skipped": [],
              "duration": 0,
              "root": false,
              "rootEmpty": false,
              "_timeout": 2000
            },
            {
              "uuid": "61eb3cce-1cdf-4268-8647-dcd375da628b",
              "title": "get version()",
              "fullFile": "/home/runner/work/node-pyatv/node-pyatv/test/device.ts",
              "file": "/test/device.ts",
              "beforeHooks": [],
              "afterHooks": [],
              "tests": [
                {
                  "title": "should return the version if set by scan",
                  "fullTitle": "NodePyATVDevice get version() should return the version if set by scan",
                  "timedOut": false,
                  "duration": 0,
                  "state": "passed",
                  "speed": "fast",
                  "pass": true,
                  "fail": false,
                  "pending": false,
                  "context": null,
                  "code": "const device = new NodePyATVDevice({\n    name: 'Vardagsrum',\n    host: '10.0.10.81',\n    id: 'xxx',\n    version: '15.5.1'\n});\nassert.strictEqual(device.version, '15.5.1');",
                  "err": {},
                  "uuid": "0b44ab35-13f9-404c-b083-f5930cb1b928",
                  "parentUUID": "61eb3cce-1cdf-4268-8647-dcd375da628b",
                  "isHook": false,
                  "skipped": false
                },
                {
                  "title": "should return undefined otherwise",
                  "fullTitle": "NodePyATVDevice get version() should return undefined otherwise",
                  "timedOut": false,
                  "duration": 0,
                  "state": "passed",
                  "speed": "fast",
                  "pass": true,
                  "fail": false,
                  "pending": false,
                  "context": null,
                  "code": "const device = new NodePyATVDevice({\n    name: 'Vardagsrum',\n    host: '10.0.10.81'\n});\nassert.strictEqual(device.version, undefined);",
                  "err": {},
                  "uuid": "dad69dbd-14bf-4ff6-a6af-7ff828f4a380",
                  "parentUUID": "61eb3cce-1cdf-4268-8647-dcd375da628b",
                  "isHook": false,
                  "skipped": false
                }
              ],
              "suites": [],
              "passes": [
                "0b44ab35-13f9-404c-b083-f5930cb1b928",
                "dad69dbd-14bf-4ff6-a6af-7ff828f4a380"
              ],
              "failures": [],
              "pending": [],
              "skipped": [],
              "duration": 0,
              "root": false,
              "rootEmpty": false,
              "_timeout": 2000
            },
            {
              "uuid": "e190f77d-d976-479e-97b0-71420fdf4535",
              "title": "get services()",
              "fullFile": "/home/runner/work/node-pyatv/node-pyatv/test/device.ts",
              "file": "/test/device.ts",
              "beforeHooks": [],
              "afterHooks": [],
              "tests": [
                {
                  "title": "should return the services if set by scan",
                  "fullTitle": "NodePyATVDevice get services() should return the services if set by scan",
                  "timedOut": false,
                  "duration": 1,
                  "state": "passed",
                  "speed": "fast",
                  "pass": true,
                  "fail": false,
                  "pending": false,
                  "context": null,
                  "code": "const device = new NodePyATVDevice({\n    name: 'Vardagsrum',\n    host: '10.0.10.81',\n    id: 'xxx',\n    services: [\n        {\n            protocol: NodePyATVProtocol.mrp,\n            port: 49152\n        },\n        {\n            protocol: NodePyATVProtocol.airplay,\n            port: 7000\n        }\n    ]\n});\nassert.deepStrictEqual(device.services, [\n    {\n        protocol: 'mrp',\n        port: 49152\n    },\n    {\n        protocol: 'airplay',\n        port: 7000\n    }\n]);",
                  "err": {},
                  "uuid": "b674007a-c65a-471e-85fa-fd449a2b1c85",
                  "parentUUID": "e190f77d-d976-479e-97b0-71420fdf4535",
                  "isHook": false,
                  "skipped": false
                },
                {
                  "title": "should return undefined otherwise",
                  "fullTitle": "NodePyATVDevice get services() should return undefined otherwise",
                  "timedOut": false,
                  "duration": 0,
                  "state": "passed",
                  "speed": "fast",
                  "pass": true,
                  "fail": false,
                  "pending": false,
                  "context": null,
                  "code": "const device = new NodePyATVDevice({\n    name: 'Vardagsrum',\n    host: '10.0.10.81'\n});\nassert.strictEqual(device.services, undefined);",
                  "err": {},
                  "uuid": "3eebf978-0360-41ef-9347-72ea8f4e8238",
                  "parentUUID": "e190f77d-d976-479e-97b0-71420fdf4535",
                  "isHook": false,
                  "skipped": false
                }
              ],
              "suites": [],
              "passes": [
                "b674007a-c65a-471e-85fa-fd449a2b1c85",
                "3eebf978-0360-41ef-9347-72ea8f4e8238"
              ],
              "failures": [],
              "pending": [],
              "skipped": [],
              "duration": 1,
              "root": false,
              "rootEmpty": false,
              "_timeout": 2000
            },
            {
              "uuid": "5ee86974-05a9-456a-839d-efdabd106c8d",
              "title": "get debug()",
              "fullFile": "/home/runner/work/node-pyatv/node-pyatv/test/device.ts",
              "file": "/test/device.ts",
              "beforeHooks": [],
              "afterHooks": [],
              "tests": [
                {
                  "title": "should return true if set to true",
                  "fullTitle": "NodePyATVDevice get debug() should return true if set to true",
                  "timedOut": false,
                  "duration": 0,
                  "state": "passed",
                  "speed": "fast",
                  "pass": true,
                  "fail": false,
                  "pending": false,
                  "context": null,
                  "code": "const device = new NodePyATVDevice({\n    name: 'My Testdevice',\n    host: '192.168.178.2',\n    debug: true\n});\nassert.strictEqual(device.debug, true);",
                  "err": {},
                  "uuid": "1d8135f1-31ef-4e1b-9a2d-612d51a37fda",
                  "parentUUID": "5ee86974-05a9-456a-839d-efdabd106c8d",
                  "isHook": false,
                  "skipped": false
                },
                {
                  "title": "should return fn if set to custom function",
                  "fullTitle": "NodePyATVDevice get debug() should return fn if set to custom function",
                  "timedOut": false,
                  "duration": 0,
                  "state": "passed",
                  "speed": "fast",
                  "pass": true,
                  "fail": false,
                  "pending": false,
                  "context": null,
                  "code": "// eslint-disable-next-line @typescript-eslint/no-empty-function\nconst fn = () => {\n};\nconst device = new NodePyATVDevice({\n    name: 'My Testdevice',\n    host: '192.168.178.2',\n    debug: fn\n});\nassert.strictEqual(device.debug, fn);",
                  "err": {},
                  "uuid": "46f078ad-dc24-458d-9570-fc4357d02ade",
                  "parentUUID": "5ee86974-05a9-456a-839d-efdabd106c8d",
                  "isHook": false,
                  "skipped": false
                },
                {
                  "title": "should return false if unset",
                  "fullTitle": "NodePyATVDevice get debug() should return false if unset",
                  "timedOut": false,
                  "duration": 0,
                  "state": "passed",
                  "speed": "fast",
                  "pass": true,
                  "fail": false,
                  "pending": false,
                  "context": null,
                  "code": "const device = new NodePyATVDevice({\n    name: 'My Testdevice',\n    host: '192.168.178.2'\n});\nassert.strictEqual(device.debug, undefined);",
                  "err": {},
                  "uuid": "5aaab312-e9b3-4b46-9aaf-8923fa40857f",
                  "parentUUID": "5ee86974-05a9-456a-839d-efdabd106c8d",
                  "isHook": false,
                  "skipped": false
                }
              ],
              "suites": [],
              "passes": [
                "1d8135f1-31ef-4e1b-9a2d-612d51a37fda",
                "46f078ad-dc24-458d-9570-fc4357d02ade",
                "5aaab312-e9b3-4b46-9aaf-8923fa40857f"
              ],
              "failures": [],
              "pending": [],
              "skipped": [],
              "duration": 0,
              "root": false,
              "rootEmpty": false,
              "_timeout": 2000
            },
            {
              "uuid": "a1efced1-9d4b-49a7-9304-e4a2647287eb",
              "title": "set debug()",
              "fullFile": "/home/runner/work/node-pyatv/node-pyatv/test/device.ts",
              "file": "/test/device.ts",
              "beforeHooks": [],
              "afterHooks": [],
              "tests": [
                {
                  "title": "should work for debug = true",
                  "fullTitle": "NodePyATVDevice set debug() should work for debug = true",
                  "timedOut": false,
                  "duration": 0,
                  "state": "passed",
                  "speed": "fast",
                  "pass": true,
                  "fail": false,
                  "pending": false,
                  "context": null,
                  "code": "const device = new NodePyATVDevice({\n    name: 'My Testdevice',\n    host: '192.168.178.2'\n});\nassert.strictEqual(device.debug, undefined);\ndevice.debug = true;\nassert.strictEqual(device.debug, true);",
                  "err": {},
                  "uuid": "34d29559-3121-43db-a4d0-07542d4f8727",
                  "parentUUID": "a1efced1-9d4b-49a7-9304-e4a2647287eb",
                  "isHook": false,
                  "skipped": false
                },
                {
                  "title": "should work for debug = undefined",
                  "fullTitle": "NodePyATVDevice set debug() should work for debug = undefined",
                  "timedOut": false,
                  "duration": 0,
                  "state": "passed",
                  "speed": "fast",
                  "pass": true,
                  "fail": false,
                  "pending": false,
                  "context": null,
                  "code": "const device = new NodePyATVDevice({\n    name: 'My Testdevice',\n    host: '192.168.178.2',\n    debug: true\n});\nassert.strictEqual(device.debug, true);\ndevice.debug = undefined;\nassert.strictEqual(device.debug, undefined);",
                  "err": {},
                  "uuid": "128ac5c8-cf5d-4977-b8fa-00ac7717608b",
                  "parentUUID": "a1efced1-9d4b-49a7-9304-e4a2647287eb",
                  "isHook": false,
                  "skipped": false
                },
                {
                  "title": "should work for debug = undefined",
                  "fullTitle": "NodePyATVDevice set debug() should work for debug = undefined",
                  "timedOut": false,
                  "duration": 0,
                  "state": "passed",
                  "speed": "fast",
                  "pass": true,
                  "fail": false,
                  "pending": false,
                  "context": null,
                  "code": "const device = new NodePyATVDevice({\n    name: 'My Testdevice',\n    host: '192.168.178.2',\n    debug: true\n});\nassert.strictEqual(device.debug, true);\ndevice.debug = undefined;\nassert.strictEqual(device.debug, undefined);",
                  "err": {},
                  "uuid": "a9ad20e1-505b-4aeb-b35e-c121b77935a7",
                  "parentUUID": "a1efced1-9d4b-49a7-9304-e4a2647287eb",
                  "isHook": false,
                  "skipped": false
                },
                {
                  "title": "should work for debug = fn",
                  "fullTitle": "NodePyATVDevice set debug() should work for debug = fn",
                  "timedOut": false,
                  "duration": 0,
                  "state": "passed",
                  "speed": "fast",
                  "pass": true,
                  "fail": false,
                  "pending": false,
                  "context": null,
                  "code": "const device = new NodePyATVDevice({\n    name: 'My Testdevice',\n    host: '192.168.178.2'\n});\n// eslint-disable-next-line @typescript-eslint/no-empty-function\nconst fn = () => {\n};\nassert.strictEqual(device.debug, undefined);\ndevice.debug = fn;\nassert.strictEqual(device.debug, fn);",
                  "err": {},
                  "uuid": "e4e2680e-dc9d-4794-9983-dd24766fb444",
                  "parentUUID": "a1efced1-9d4b-49a7-9304-e4a2647287eb",
                  "isHook": false,
                  "skipped": false
                }
              ],
              "suites": [],
              "passes": [
                "34d29559-3121-43db-a4d0-07542d4f8727",
                "128ac5c8-cf5d-4977-b8fa-00ac7717608b",
                "a9ad20e1-505b-4aeb-b35e-c121b77935a7",
                "e4e2680e-dc9d-4794-9983-dd24766fb444"
              ],
              "failures": [],
              "pending": [],
              "skipped": [],
              "duration": 0,
              "root": false,
              "rootEmpty": false,
              "_timeout": 2000
            },
            {
              "uuid": "c7eee193-f46f-4132-bf7d-5d68f9914364",
              "title": "toJSON()",
              "fullFile": "/home/runner/work/node-pyatv/node-pyatv/test/device.ts",
              "file": "/test/device.ts",
              "beforeHooks": [],
              "afterHooks": [],
              "tests": [
                {
                  "title": "should return a object representation",
                  "fullTitle": "NodePyATVDevice toJSON() should return a object representation",
                  "timedOut": false,
                  "duration": 0,
                  "state": "passed",
                  "speed": "fast",
                  "pass": true,
                  "fail": false,
                  "pending": false,
                  "context": null,
                  "code": "const device = new NodePyATVDevice({\n    name: 'My Testdevice',\n    host: '192.168.178.2',\n    id: '*****',\n    protocol: NodePyATVProtocol.airplay\n});\nassert.deepEqual(device.toJSON(), {\n    name: 'My Testdevice',\n    host: '192.168.178.2',\n    id: '*****',\n    protocol: NodePyATVProtocol.airplay\n});",
                  "err": {},
                  "uuid": "cf12e619-30d4-493a-8683-d2485e0604ff",
                  "parentUUID": "c7eee193-f46f-4132-bf7d-5d68f9914364",
                  "isHook": false,
                  "skipped": false
                },
                {
                  "title": "should be possible to create a new device from this",
                  "fullTitle": "NodePyATVDevice toJSON() should be possible to create a new device from this",
                  "timedOut": false,
                  "duration": 0,
                  "state": "passed",
                  "speed": "fast",
                  "pass": true,
                  "fail": false,
                  "pending": false,
                  "context": null,
                  "code": "const config = {\n    name: 'My Testdevice',\n    host: '192.168.178.2',\n    id: '*****',\n    protocol: NodePyATVProtocol.airplay\n};\nconst deviceA = new NodePyATVDevice(config);\nconst deviceB = new NodePyATVDevice(deviceA.toJSON());\nassert.deepEqual(deviceB.toJSON(), config);",
                  "err": {},
                  "uuid": "1b52caaa-c42b-4d82-ae89-ba477e2a5375",
                  "parentUUID": "c7eee193-f46f-4132-bf7d-5d68f9914364",
                  "isHook": false,
                  "skipped": false
                }
              ],
              "suites": [],
              "passes": [
                "cf12e619-30d4-493a-8683-d2485e0604ff",
                "1b52caaa-c42b-4d82-ae89-ba477e2a5375"
              ],
              "failures": [],
              "pending": [],
              "skipped": [],
              "duration": 0,
              "root": false,
              "rootEmpty": false,
              "_timeout": 2000
            },
            {
              "uuid": "2eceb8c1-fc33-4169-92a0-6492507b89f2",
              "title": "toString()",
              "fullFile": "/home/runner/work/node-pyatv/node-pyatv/test/device.ts",
              "file": "/test/device.ts",
              "beforeHooks": [],
              "afterHooks": [],
              "tests": [
                {
[...]
                  "timedOut": false,
                  "duration": 0,
                  "state": "passed",
                  "speed": "fast",
                  "pass": true,
                  "fail": false,
                  "pending": false,
                  "context": null,
                  "code": "const result = getExecutable(NodePyATVExecutableType.atvremote, {\n    atvremotePath: '/tmp/1',\n    atvscriptPath: '/tmp/2'\n});\nassert.strictEqual(result, '/tmp/1');",
                  "err": {},
                  "uuid": "6b485803-af16-4efa-965e-5801ef92c360",
                  "parentUUID": "c1a54396-2866-4374-9332-b2667e422050",
                  "isHook": false,
                  "skipped": false
                },
                {
                  "title": "should handle atvscriptPath if set",
                  "fullTitle": "Tools getExecutable() should handle atvscriptPath if set",
                  "timedOut": false,
                  "duration": 0,
                  "state": "passed",
                  "speed": "fast",
                  "pass": true,
                  "fail": false,
                  "pending": false,
                  "context": null,
                  "code": "const result = getExecutable(NodePyATVExecutableType.atvscript, {\n    atvremotePath: '/tmp/1',\n    atvscriptPath: '/tmp/2'\n});\nassert.strictEqual(result, '/tmp/2');",
                  "err": {},
                  "uuid": "c6ca3506-0f51-4edf-9937-fb0b530b67e3",
                  "parentUUID": "c1a54396-2866-4374-9332-b2667e422050",
                  "isHook": false,
                  "skipped": false
                },
                {
                  "title": "should handle default for atvremote",
                  "fullTitle": "Tools getExecutable() should handle default for atvremote",
                  "timedOut": false,
                  "duration": 0,
                  "state": "passed",
                  "speed": "fast",
                  "pass": true,
                  "fail": false,
                  "pending": false,
                  "context": null,
                  "code": "const result = getExecutable(NodePyATVExecutableType.atvremote, {\n    atvscriptPath: '/tmp'\n});\nassert.strictEqual(result, 'atvremote');",
                  "err": {},
                  "uuid": "502bbfce-af3c-43d2-91c0-62d7d9247e5e",
                  "parentUUID": "c1a54396-2866-4374-9332-b2667e422050",
                  "isHook": false,
                  "skipped": false
                },
                {
                  "title": "should handle default for atvscript",
                  "fullTitle": "Tools getExecutable() should handle default for atvscript",
                  "timedOut": false,
                  "duration": 0,
                  "state": "passed",
                  "speed": "fast",
                  "pass": true,
                  "fail": false,
                  "pending": false,
                  "context": null,
                  "code": "const result = getExecutable(NodePyATVExecutableType.atvscript, {\n    atvremotePath: '/tmp'\n});\nassert.strictEqual(result, 'atvscript');",
                  "err": {},
                  "uuid": "7292c4a8-3b37-4271-9cd5-b8c1e663690b",
                  "parentUUID": "c1a54396-2866-4374-9332-b2667e422050",
                  "isHook": false,
                  "skipped": false
                }
              ],
              "suites": [],
              "passes": [
                "6b485803-af16-4efa-965e-5801ef92c360",
                "c6ca3506-0f51-4edf-9937-fb0b530b67e3",
                "502bbfce-af3c-43d2-91c0-62d7d9247e5e",
                "7292c4a8-3b37-4271-9cd5-b8c1e663690b"
              ],
              "failures": [],
              "pending": [],
              "skipped": [],
              "duration": 0,
              "root": false,
              "rootEmpty": false,
              "_timeout": 2000
            },
            {
              "uuid": "beb67148-5a48-4303-85dd-a0f09dfba9cc",
              "title": "getParameters()",
              "fullFile": "/home/runner/work/node-pyatv/node-pyatv/test/tools.ts",
              "file": "/test/tools.ts",
              "beforeHooks": [],
              "afterHooks": [],
              "tests": [
                {
                  "title": "empty case",
                  "fullTitle": "Tools getParameters() empty case",
                  "timedOut": false,
                  "duration": 0,
                  "state": "passed",
                  "speed": "fast",
                  "pass": true,
                  "fail": false,
                  "pending": false,
                  "context": null,
                  "code": "return __awaiter(this, void 0, void 0, function* () {\n    const result = yield getParamters();\n    assert.deepEqual(result, []);\n});",
                  "err": {},
                  "uuid": "9678164e-3194-44b2-a962-7ecc6a23a303",
                  "parentUUID": "beb67148-5a48-4303-85dd-a0f09dfba9cc",
                  "isHook": false,
                  "skipped": false
                },
                {
                  "title": "easy case",
                  "fullTitle": "Tools getParameters() easy case",
                  "timedOut": false,
                  "duration": 1,
                  "state": "passed",
                  "speed": "fast",
                  "pass": true,
                  "fail": false,
                  "pending": false,
                  "context": null,
                  "code": "return __awaiter(this, void 0, void 0, function* () {\n    const result = yield getParamters({\n        host: '192.168.178.2'\n    });\n    assert.deepEqual(result, ['-s', '192.168.178.2']);\n});",
                  "err": {},
                  "uuid": "de3df36e-c20a-4793-9cd1-ebad26cc1415",
                  "parentUUID": "beb67148-5a48-4303-85dd-a0f09dfba9cc",
                  "isHook": false,
                  "skipped": false
                },
                {
                  "title": "full case",
                  "fullTitle": "Tools getParameters() full case",
                  "timedOut": false,
                  "duration": 0,
                  "state": "passed",
                  "speed": "fast",
                  "pass": true,
                  "fail": false,
                  "pending": false,
                  "context": null,
                  "code": "return __awaiter(this, void 0, void 0, function* () {\n    const result = yield getParamters({\n        hosts: ['192.168.178.2', '192.168.178.3'],\n        id: '****',\n        protocol: NodePyATVProtocol.mrp,\n        dmapCredentials: '****',\n        mrpCredentials: '****',\n        airplayCredentials: '****',\n        companionCredentials: '1234',\n        raopCredentials: '::foo:'\n    });\n    assert.deepEqual(result, [\n        '-s', '192.168.178.2,192.168.178.3',\n        '-i', '****',\n        '--protocol', 'mrp',\n        '--dmap-credentials', '****',\n        '--mrp-credentials', '****',\n        '--airplay-credentials', '****',\n        '--companion-credentials', '1234',\n        '--raop-credentials', '::foo:'\n    ]);\n});",
                  "err": {},
                  "uuid": "31d10c57-2c4d-4d5d-bb3a-9e376e17e12a",
                  "parentUUID": "beb67148-5a48-4303-85dd-a0f09dfba9cc",
                  "isHook": false,
                  "skipped": false
                }
              ],
              "suites": [],
              "passes": [
                "9678164e-3194-44b2-a962-7ecc6a23a303",
                "de3df36e-c20a-4793-9cd1-ebad26cc1415",
                "31d10c57-2c4d-4d5d-bb3a-9e376e17e12a"
              ],
              "failures": [],
              "pending": [],
              "skipped": [],
              "duration": 1,
              "root": false,
              "rootEmpty": false,
              "_timeout": 2000
            },
            {
              "uuid": "1ad558e2-d2ad-4251-8aea-8dbbb13a9e88",
              "title": "parseState()",
              "fullFile": "/home/runner/work/node-pyatv/node-pyatv/test/tools.ts",
              "file": "/test/tools.ts",
              "beforeHooks": [],
              "afterHooks": [],
              "tests": [
                {
                  "title": "should work with empty data",
                  "fullTitle": "Tools parseState() should work with empty data",
                  "timedOut": false,
                  "duration": 1,
                  "state": "passed",
                  "speed": "fast",
                  "pass": true,
                  "fail": false,
                  "pending": false,
                  "context": null,
                  "code": "const input = {};\nconst result = parseState(input, '', {});\nassert.deepStrictEqual(result, {\n    dateTime: null,\n    hash: null,\n    mediaType: null,\n    deviceState: null,\n    title: null,\n    artist: null,\n    album: null,\n    genre: null,\n    totalTime: null,\n    position: null,\n    shuffle: null,\n    repeat: null,\n    app: null,\n    appId: null,\n    powerState: null\n});",
                  "err": {},
                  "uuid": "c00ddde9-909f-467c-a799-b877c3de6805",
                  "parentUUID": "1ad558e2-d2ad-4251-8aea-8dbbb13a9e88",
                  "isHook": false,
                  "skipped": false
                },
                {
                  "title": "should work without data",
                  "fullTitle": "Tools parseState() should work without data",
                  "timedOut": false,
                  "duration": 0,
                  "state": "passed",
                  "speed": "fast",
                  "pass": true,
                  "fail": false,
                  "pending": false,
                  "context": null,
                  "code": "// @ts-ignore\nconst result = parseState(null, '', {});\nassert.deepStrictEqual(result, {\n    dateTime: null,\n    hash: null,\n    mediaType: null,\n    deviceState: null,\n    title: null,\n    artist: null,\n    album: null,\n    genre: null,\n    totalTime: null,\n    position: null,\n    shuffle: null,\n    repeat: null,\n    app: null,\n    appId: null,\n    powerState: null\n});",
                  "err": {},
                  "uuid": "c7df75df-8b91-4558-b568-b57968b97ff3",
                  "parentUUID": "1ad558e2-d2ad-4251-8aea-8dbbb13a9e88",
                  "isHook": false,
                  "skipped": false
                },
                {
                  "title": "should work with example data",
                  "fullTitle": "Tools parseState() should work with example data",
                  "timedOut": false,
                  "duration": 0,
                  "state": "passed",
                  "speed": "fast",
                  "pass": true,
                  "fail": false,
                  "pending": false,
                  "context": null,
                  "code": "const input = {\n    result: 'success',\n    datetime: '2020-11-07T22:38:43.608030+01:00',\n    hash: '100e0ab6-6ff5-4199-9c04-a7107ff78712',\n    media_type: 'video',\n    device_state: 'playing',\n    title: 'Solo: A Star Wars Story',\n    artist: null,\n    album: null,\n    genre: null,\n    total_time: 8097,\n    position: 27,\n    shuffle: 'off',\n    repeat: 'off',\n    app: 'Disney+',\n    app_id: 'com.disney.disneyplus',\n    powerState: null\n};\nconst result = parseState(input, '', {});\nassert.deepStrictEqual(result, {\n    dateTime: new Date('2020-11-07T22:38:43.608030+01:00'),\n    hash: '100e0ab6-6ff5-4199-9c04-a7107ff78712',\n    mediaType: NodePyATVMediaType.video,\n    deviceState: NodePyATVDeviceState.playing,\n    title: 'Solo: A Star Wars Story',\n    artist: null,\n    album: null,\n    genre: null,\n    totalTime: 8097,\n    position: 27,\n    shuffle: NodePyATVShuffleState.off,\n    repeat: NodePyATVRepeatState.off,\n    app: 'Disney+',\n    appId: 'com.disney.disneyplus',\n    powerState: null\n});",
                  "err": {},
                  "uuid": "74c1ea83-4f83-49b9-8d4f-e2950feca98f",
                  "parentUUID": "1ad558e2-d2ad-4251-8aea-8dbbb13a9e88",
                  "isHook": false,
                  "skipped": false
                },
                {
                  "title": "should throw an error for pyatv exceptions",
                  "fullTitle": "Tools parseState() should throw an error for pyatv exceptions",
                  "timedOut": false,
                  "duration": 1,
                  "state": "passed",
                  "speed": "fast",
                  "pass": true,
                  "fail": false,
                  "pending": false,
                  "context": null,
                  "code": "const input = {\n    result: 'failure',\n    datetime: '2021-11-24T21:13:36.424576+03:00',\n    exception: 'invalid credentials: 321',\n    stacktrace: 'Traceback (most recent call last):\\n  File \\\"/Users/free/Library/Python/3.8/lib/python/site-packages/pyatv/scripts/atvscript.py\\\", line 302, in appstart\\n    print(args.output(await _handle_command(args, abort_sem, loop)), flush=True)\\n  File \\\"/Users/free/Library/Python/3.8/lib/python/site-packages/pyatv/scripts/atvscript.py\\\", line 196, in _handle_command\\n    atv = await connect(config, loop, protocol=Protocol.MRP)\\n  File \\\"/Users/free/Library/Python/3.8/lib/python/site-packages/pyatv/__init__.py\\\", line 96, in connect\\n    for setup_data in proto_methods.setup(\\n  File \\\"/Users/free/Library/Python/3.8/lib/python/site-packages/pyatv/protocols/airplay/__init__.py\\\", line 192, in setup\\n    stream = AirPlayStream(config, service)\\n  File \\\"/Users/free/Library/Python/3.8/lib/python/site-packages/pyatv/protocols/airplay/__init__.py\\\", line 79, in __init__\\n    self._credentials: HapCredentials = parse_credentials(self.service.credentials)\\n  File \\\"/Users/free/Library/Python/3.8/lib/python/site-packages/pyatv/auth/hap_pairing.py\\\", line 139, in parse_credentials\\n    raise exceptions.InvalidCredentialsError(\\\"invalid credentials: \\\" + detail_string)\\npyatv.exceptions.InvalidCredentialsError: invalid credentials: 321\\n'\n};\nassert.throws(() => {\n    parseState(input, '', {});\n}, /Got pyatv Error: invalid credentials: 321/);",
                  "err": {},
                  "uuid": "a4f25cbe-34cd-400d-b53c-2df356f32a09",
                  "parentUUID": "1ad558e2-d2ad-4251-8aea-8dbbb13a9e88",
                  "isHook": false,
                  "skipped": false
                },
                {
                  "title": "should ignore date if it's an invalid date",
                  "fullTitle": "Tools parseState() should ignore date if it's an invalid date",
                  "timedOut": false,
                  "duration": 0,
                  "state": "passed",
                  "speed": "fast",
                  "pass": true,
                  "fail": false,
                  "pending": false,
                  "context": null,
                  "code": "const input = { datetime: 'today' };\nconst result = parseState(input, '', {});\nassert.deepStrictEqual(result, {\n    dateTime: null,\n    hash: null,\n    mediaType: null,\n    deviceState: null,\n    title: null,\n    artist: null,\n    album: null,\n    genre: null,\n    totalTime: null,\n    position: null,\n    shuffle: null,\n    repeat: null,\n    app: null,\n    appId: null,\n    powerState: null\n});",
                  "err": {},
                  "uuid": "ff4dd37f-bc28-4c05-8cad-abc9d9fd0490",
                  "parentUUID": "1ad558e2-d2ad-4251-8aea-8dbbb13a9e88",
                  "isHook": false,
                  "skipped": false
                },
                {
                  "title": "should ignore data if unsupported type",
                  "fullTitle": "Tools parseState() should ignore data if unsupported type",
                  "timedOut": false,
                  "duration": 0,
                  "state": "passed",
                  "speed": "fast",
                  "pass": true,
                  "fail": false,
                  "pending": false,
                  "context": null,
                  "code": "const input = {\n    result: 'success',\n    datetime: true,\n    hash: 1337,\n    media_type: false,\n    device_state: 43,\n    title: undefined,\n    artist: 90,\n    album: Infinity,\n    genre: Math.PI,\n    total_time: '23min',\n    position: '0:30.123',\n    shuffle: false,\n    repeat: true,\n    app: 0,\n    app_id: 891645381647289,\n    powerState: null\n};\nconst result = parseState(input, '', {});\nassert.deepStrictEqual(result, {\n    dateTime: null,\n    hash: null,\n    mediaType: null,\n    deviceState: null,\n    title: null,\n    artist: null,\n    album: null,\n    genre: null,\n    totalTime: null,\n    position: null,\n    shuffle: null,\n    repeat: null,\n    app: null,\n    appId: null,\n    powerState: null\n});",
                  "err": {},
                  "uuid": "941040cd-7ef1-480d-8f39-d57e91b0f4cb",
                  "parentUUID": "1ad558e2-d2ad-4251-8aea-8dbbb13a9e88",
                  "isHook": false,
                  "skipped": false
                },
                {
                  "title": "should ignore enums with unsupported valid",
                  "fullTitle": "Tools parseState() should ignore enums with unsupported valid",
                  "timedOut": false,
                  "duration": 1,
                  "state": "passed",
                  "speed": "fast",
                  "pass": true,
                  "fail": false,
                  "pending": false,
                  "context": null,
                  "code": "const input = {\n    media_type: '3d-experience',\n    device_state: 'initiating',\n    shuffle: 'everything',\n    repeat: 'nothing'\n};\nconst result = parseState(input, '', {});\nassert.deepStrictEqual(result, {\n    dateTime: null,\n    hash: null,\n    mediaType: null,\n    deviceState: null,\n    title: null,\n    artist: null,\n    album: null,\n    genre: null,\n    totalTime: null,\n    position: null,\n    shuffle: null,\n    repeat: null,\n    app: null,\n    appId: null,\n    powerState: null\n});",
                  "err": {},
                  "uuid": "c8a378db-1184-466d-823b-e16667675c3a",
                  "parentUUID": "1ad558e2-d2ad-4251-8aea-8dbbb13a9e88",
                  "isHook": false,
                  "skipped": false
                }
              ],
              "suites": [],
              "passes": [
                "c00ddde9-909f-467c-a799-b877c3de6805",
                "c7df75df-8b91-4558-b568-b57968b97ff3",
                "74c1ea83-4f83-49b9-8d4f-e2950feca98f",
                "a4f25cbe-34cd-400d-b53c-2df356f32a09",
                "ff4dd37f-bc28-4c05-8cad-abc9d9fd0490",
                "941040cd-7ef1-480d-8f39-d57e91b0f4cb",
                "c8a378db-1184-466d-823b-e16667675c3a"
              ],
              "failures": [],
              "pending": [],
              "skipped": [],
              "duration": 3,
              "root": false,
              "rootEmpty": false,
              "_timeout": 2000
            }
          ],
          "passes": [],
          "failures": [],
          "pending": [],
          "skipped": [],
          "duration": 0,
          "root": false,
          "rootEmpty": false,
          "_timeout": 2000
        }
      ],
      "passes": [],
      "failures": [],
      "pending": [],
      "skipped": [],
      "duration": 0,
      "root": true,
      "rootEmpty": true,
      "_timeout": 2000
    }
  ],
  "meta": {
    "mocha": {
      "version": "10.2.0"
    },
    "mochawesome": {
      "options": {
        "quiet": false,
        "reportFilename": "mochawesome",
        "saveHtml": true,
        "saveJson": true,
        "consoleReporter": "spec",
        "useInlineDiffs": false,
        "code": true
      },
      "version": "7.1.3"
    },
    "marge": {
      "options": null,
      "version": "6.2.0"
    }
  }
}