{
  "stats": {
    "suites": 93,
    "tests": 162,
    "passes": 160,
    "pending": 2,
    "failures": 0,
    "start": "2024-03-05T10:37:56.900Z",
    "end": "2024-03-05T10:38:08.789Z",
    "duration": 11889,
    "testsRegistered": 162,
    "passPercent": 100,
    "pendingPercent": 1.2345679012345678,
    "other": 0,
    "hasOther": false,
    "skipped": 0,
    "hasSkipped": false
  },
  "results": [
    {
      "uuid": "474c4618-b356-4a59-942c-9401c8b644be",
      "title": "",
      "fullFile": "",
      "file": "",
      "beforeHooks": [],
      "afterHooks": [],
      "tests": [],
      "suites": [
        {
          "uuid": "cfb70c0d-809d-4283-9625-6dada6645143",
          "title": "NodePyATVDeviceEvent",
          "fullFile": "/home/runner/work/node-pyatv/node-pyatv/test/device-event.ts",
          "file": "/test/device-event.ts",
          "beforeHooks": [],
          "afterHooks": [],
          "tests": [],
          "suites": [
            {
              "uuid": "6624d353-4468-44d4-99d2-9a49cec8215c",
              "title": "get key()",
              "fullFile": "/home/runner/work/node-pyatv/node-pyatv/test/device-event.ts",
              "file": "/test/device-event.ts",
              "beforeHooks": [],
              "afterHooks": [],
              "tests": [
                {
                  "title": "should work",
                  "fullTitle": "NodePyATVDeviceEvent get key() should work",
                  "timedOut": false,
                  "duration": 0,
                  "state": "passed",
                  "speed": "fast",
                  "pass": true,
                  "fail": false,
                  "pending": false,
                  "context": null,
                  "code": "const event = new NodePyATVDeviceEvent({\n    key: 'genre',\n    old: 'Jazz',\n    new: 'Rock',\n    device: new NodePyATVDevice({\n        host: '192.168.178.2',\n        name: 'My Testinstance'\n    })\n});\nassert.strictEqual(event.key, 'genre');",
                  "err": {},
                  "uuid": "31b5e237-c8f2-4e46-943f-8fd476c907aa",
                  "parentUUID": "6624d353-4468-44d4-99d2-9a49cec8215c",
                  "isHook": false,
                  "skipped": false
                }
              ],
              "suites": [],
              "passes": [
                "31b5e237-c8f2-4e46-943f-8fd476c907aa"
              ],
              "failures": [],
              "pending": [],
              "skipped": [],
              "duration": 0,
              "root": false,
              "rootEmpty": false,
              "_timeout": 2000
            },
            {
              "uuid": "3949da68-3fa5-40f6-a40d-5f91c16c8494",
              "title": "get oldValue()",
              "fullFile": "/home/runner/work/node-pyatv/node-pyatv/test/device-event.ts",
              "file": "/test/device-event.ts",
              "beforeHooks": [],
              "afterHooks": [],
              "tests": [
                {
                  "title": "should work",
                  "fullTitle": "NodePyATVDeviceEvent get oldValue() should work",
                  "timedOut": false,
                  "duration": 0,
                  "state": "passed",
                  "speed": "fast",
                  "pass": true,
                  "fail": false,
                  "pending": false,
                  "context": null,
                  "code": "const event = new NodePyATVDeviceEvent({\n    key: 'genre',\n    old: 'Jazz',\n    new: 'Rock',\n    device: new NodePyATVDevice({\n        host: '192.168.178.2',\n        name: 'My Testinstance'\n    })\n});\nassert.strictEqual(event.oldValue, 'Jazz');",
                  "err": {},
                  "uuid": "9c30e1b3-26fc-4d83-80b1-2e2b4ce376d0",
                  "parentUUID": "3949da68-3fa5-40f6-a40d-5f91c16c8494",
                  "isHook": false,
                  "skipped": false
                }
              ],
              "suites": [],
              "passes": [
                "9c30e1b3-26fc-4d83-80b1-2e2b4ce376d0"
              ],
              "failures": [],
              "pending": [],
              "skipped": [],
              "duration": 0,
              "root": false,
              "rootEmpty": false,
              "_timeout": 2000
            },
            {
              "uuid": "0de47ccf-f573-4430-bc81-8274b6606d96",
              "title": "get newValue()",
              "fullFile": "/home/runner/work/node-pyatv/node-pyatv/test/device-event.ts",
              "file": "/test/device-event.ts",
              "beforeHooks": [],
              "afterHooks": [],
              "tests": [
                {
                  "title": "should work",
                  "fullTitle": "NodePyATVDeviceEvent get newValue() should work",
                  "timedOut": false,
                  "duration": 1,
                  "state": "passed",
                  "speed": "fast",
                  "pass": true,
                  "fail": false,
                  "pending": false,
                  "context": null,
                  "code": "const event = new NodePyATVDeviceEvent({\n    key: 'genre',\n    old: 'Jazz',\n    new: 'Rock',\n    device: new NodePyATVDevice({\n        host: '192.168.178.2',\n        name: 'My Testinstance'\n    })\n});\nassert.strictEqual(event.newValue, 'Rock');",
                  "err": {},
                  "uuid": "ff921dfb-d4f4-43ce-9b0b-38ff3b28fbcb",
                  "parentUUID": "0de47ccf-f573-4430-bc81-8274b6606d96",
                  "isHook": false,
                  "skipped": false
                }
              ],
              "suites": [],
              "passes": [
                "ff921dfb-d4f4-43ce-9b0b-38ff3b28fbcb"
              ],
              "failures": [],
              "pending": [],
              "skipped": [],
              "duration": 1,
              "root": false,
              "rootEmpty": false,
              "_timeout": 2000
            },
            {
              "uuid": "cd1a7a66-19a4-4e67-a16a-5b7ce72bbc1f",
              "title": "get value()",
              "fullFile": "/home/runner/work/node-pyatv/node-pyatv/test/device-event.ts",
              "file": "/test/device-event.ts",
              "beforeHooks": [],
              "afterHooks": [],
              "tests": [
                {
                  "title": "should work",
                  "fullTitle": "NodePyATVDeviceEvent get value() should work",
                  "timedOut": false,
                  "duration": 0,
                  "state": "passed",
                  "speed": "fast",
                  "pass": true,
                  "fail": false,
                  "pending": false,
                  "context": null,
                  "code": "const event = new NodePyATVDeviceEvent({\n    key: 'genre',\n    old: 'Jazz',\n    new: 'Rock',\n    device: new NodePyATVDevice({\n        host: '192.168.178.2',\n        name: 'My Testinstance'\n    })\n});\nassert.strictEqual(event.value, 'Rock');",
                  "err": {},
                  "uuid": "20d9b54f-527e-4027-bcf4-a1f420c09e7a",
                  "parentUUID": "cd1a7a66-19a4-4e67-a16a-5b7ce72bbc1f",
                  "isHook": false,
                  "skipped": false
                }
              ],
              "suites": [],
              "passes": [
                "20d9b54f-527e-4027-bcf4-a1f420c09e7a"
              ],
              "failures": [],
              "pending": [],
              "skipped": [],
              "duration": 0,
              "root": false,
              "rootEmpty": false,
              "_timeout": 2000
            },
            {
              "uuid": "785726bb-74b1-4865-b7ba-aa638ae8de21",
              "title": "get device()",
              "fullFile": "/home/runner/work/node-pyatv/node-pyatv/test/device-event.ts",
              "file": "/test/device-event.ts",
              "beforeHooks": [],
              "afterHooks": [],
              "tests": [
                {
                  "title": "should work",
                  "fullTitle": "NodePyATVDeviceEvent get device() should work",
                  "timedOut": false,
                  "duration": 0,
                  "state": "passed",
                  "speed": "fast",
                  "pass": true,
                  "fail": false,
                  "pending": false,
                  "context": null,
                  "code": "const device = new NodePyATVDevice({\n    host: '192.168.178.2',\n    name: 'My Testinstance'\n});\nconst event = new NodePyATVDeviceEvent({\n    key: 'genre',\n    old: 'Jazz',\n    new: 'Rock',\n    device\n});\nassert.deepEqual(event.device, device);",
                  "err": {},
                  "uuid": "4bfb00f4-0296-4da6-9c28-ced3e068db9b",
                  "parentUUID": "785726bb-74b1-4865-b7ba-aa638ae8de21",
                  "isHook": false,
                  "skipped": false
                }
              ],
              "suites": [],
              "passes": [
                "4bfb00f4-0296-4da6-9c28-ced3e068db9b"
              ],
              "failures": [],
              "pending": [],
              "skipped": [],
              "duration": 0,
              "root": false,
              "rootEmpty": false,
              "_timeout": 2000
            }
          ],
          "passes": [],
          "failures": [],
          "pending": [],
          "skipped": [],
          "duration": 0,
          "root": false,
          "rootEmpty": false,
          "_timeout": 2000
        },
        {
          "uuid": "380c6456-28b6-47a0-b404-ecb0ab34ac2c",
          "title": "NodePyATVDeviceEvents",
          "fullFile": "/home/runner/work/node-pyatv/node-pyatv/test/device-events.ts",
          "file": "/test/device-events.ts",
          "beforeHooks": [],
          "afterHooks": [],
          "tests": [],
          "suites": [
            {
              "uuid": "1a223525-6af3-4547-af6f-d44e788c5cae",
              "title": "applyStateAndEmitEvents()",
              "fullFile": "/home/runner/work/node-pyatv/node-pyatv/test/device-events.ts",
              "file": "/test/device-events.ts",
              "beforeHooks": [],
              "afterHooks": [],
              "tests": [
                {
                  "title": "should emit update:key event",
                  "fullTitle": "NodePyATVDeviceEvents applyStateAndEmitEvents() should emit update:key event",
                  "timedOut": false,
                  "duration": 3,
                  "state": "passed",
                  "speed": "fast",
                  "pass": true,
                  "fail": false,
                  "pending": false,
                  "context": null,
                  "code": "return __awaiter(this, void 0, void 0, function* () {\n    const device = new NodePyATVDevice({\n        name: 'My Testdevice',\n        host: '192.168.178.2',\n        spawn: createFakeSpawn(cp => {\n            cp.onStdIn(() => cp.end());\n            cp.stdout({\n                result: 'success',\n                title: 'My Movie'\n            });\n        })\n    });\n    yield new Promise(cb => {\n        device.once('update:title', event => {\n            assert.ok(event instanceof NodePyATVDeviceEvent);\n            assert.strictEqual(event.key, 'title');\n            assert.strictEqual(event.oldValue, null);\n            assert.strictEqual(event.newValue, 'My Movie');\n            assert.strictEqual(event.value, 'My Movie');\n            assert.deepStrictEqual(event.device, device);\n            cb(undefined);\n        });\n    });\n});",
                  "err": {},
                  "uuid": "bd42a84f-2fda-4184-a85b-a7becb325c77",
                  "parentUUID": "1a223525-6af3-4547-af6f-d44e788c5cae",
                  "isHook": false,
                  "skipped": false
                },
                {
                  "title": "should emit update event",
                  "fullTitle": "NodePyATVDeviceEvents applyStateAndEmitEvents() should emit update event",
                  "timedOut": false,
                  "duration": 2,
                  "state": "passed",
                  "speed": "fast",
                  "pass": true,
                  "fail": false,
                  "pending": false,
                  "context": null,
                  "code": "return __awaiter(this, void 0, void 0, function* () {\n    const device = new NodePyATVDevice({\n        name: 'My Testdevice',\n        host: '192.168.178.2',\n        spawn: createFakeSpawn(cp => {\n            cp.onStdIn(() => cp.end());\n            cp.stdout({\n                result: 'success',\n                title: 'My Movie'\n            });\n        })\n    });\n    yield new Promise(cb => {\n        device.once('update', event => {\n            assert.ok(event instanceof NodePyATVDeviceEvent);\n            assert.strictEqual(event.key, 'title');\n            assert.strictEqual(event.oldValue, null);\n            assert.strictEqual(event.newValue, 'My Movie');\n            assert.strictEqual(event.value, 'My Movie');\n            assert.deepStrictEqual(event.device, device);\n            cb(undefined);\n        });\n    });\n});",
                  "err": {},
                  "uuid": "f1f23765-8707-4752-9f13-01033c2f9581",
                  "parentUUID": "1a223525-6af3-4547-af6f-d44e788c5cae",
                  "isHook": false,
                  "skipped": false
                },
                {
                  "title": "should emit update:key event before update",
                  "fullTitle": "NodePyATVDeviceEvents applyStateAndEmitEvents() should emit update:key event before update",
                  "timedOut": false,
                  "duration": 2,
                  "state": "passed",
                  "speed": "fast",
                  "pass": true,
                  "fail": false,
                  "pending": false,
                  "context": null,
                  "code": "return __awaiter(this, void 0, void 0, function* () {\n    const device = new NodePyATVDevice({\n        name: 'My Testdevice',\n        host: '192.168.178.2',\n        spawn: createFakeSpawn(cp => {\n            cp.onStdIn(() => cp.end());\n            cp.stdout({\n                result: 'success',\n                title: 'My Movie'\n            });\n        })\n    });\n    const sort = [];\n    yield Promise.race([\n        new Promise(cb => {\n            device.once('update', () => {\n                sort.push('update');\n                cb(undefined);\n            });\n        }),\n        new Promise(cb => {\n            device.once('update:title', () => {\n                sort.push('update:title');\n                cb(undefined);\n            });\n        })\n    ]);\n    assert.deepStrictEqual(sort, ['update:title', 'update']);\n});",
                  "err": {},
                  "uuid": "a719b913-b8a8-4c59-92bb-722c3d89407c",
                  "parentUUID": "1a223525-6af3-4547-af6f-d44e788c5cae",
                  "isHook": false,
                  "skipped": false
                },
                {
                  "title": "should emit error events on failures",
                  "fullTitle": "NodePyATVDeviceEvents applyStateAndEmitEvents() should emit error events on failures",
                  "timedOut": false,
                  "duration": 1,
                  "state": "passed",
                  "speed": "fast",
                  "pass": true,
                  "fail": false,
                  "pending": false,
                  "context": null,
                  "code": "return __awaiter(this, void 0, void 0, function* () {\n    const device = new NodePyATVDevice({\n        name: 'My Testdevice',\n        host: '192.168.178.2',\n        spawn: createFakeSpawn(cp => {\n            cp.onStdIn(() => cp.end());\n            cp.stdout({\n                result: 'failure',\n                datetime: '2021-11-24T21:13:36.424576+03:00',\n                exception: 'invalid credentials: 321',\n                stacktrace: 'Traceback (most recent call last):\\n  File \\\"/Users/free/Library/Python/3.8/lib/python/site-packages/pyatv/scripts/atvscript.py\\\", line 302, in appstart\\n    print(args.output(await _handle_command(args, abort_sem, loop)), flush=True)\\n  File \\\"/Users/free/Library/Python/3.8/lib/python/site-packages/pyatv/scripts/atvscript.py\\\", line 196, in _handle_command\\n    atv = await connect(config, loop, protocol=Protocol.MRP)\\n  File \\\"/Users/free/Library/Python/3.8/lib/python/site-packages/pyatv/__init__.py\\\", line 96, in connect\\n    for setup_data in proto_methods.setup(\\n  File \\\"/Users/free/Library/Python/3.8/lib/python/site-packages/pyatv/protocols/airplay/__init__.py\\\", line 192, in setup\\n    stream = AirPlayStream(config, service)\\n  File \\\"/Users/free/Library/Python/3.8/lib/python/site-packages/pyatv/protocols/airplay/__init__.py\\\", line 79, in __init__\\n    self._credentials: HapCredentials = parse_credentials(self.service.credentials)\\n  File \\\"/Users/free/Library/Python/3.8/lib/python/site-packages/pyatv/auth/hap_pairing.py\\\", line 139, in parse_credentials\\n    raise exceptions.InvalidCredentialsError(\\\"invalid credentials: \\\" + detail_string)\\npyatv.exceptions.InvalidCredentialsError: invalid credentials: 321\\n'\n            });\n        })\n    });\n    yield new Promise(cb => {\n        device.once('error', error => {\n            assert.ok(error instanceof Error);\n            assert.ok(error.toString().includes('invalid credentials: 321'));\n            cb(undefined);\n        });\n    });\n});",
                  "err": {},
                  "uuid": "188c0256-10d3-48cc-8876-9d4a51e15cf1",
                  "parentUUID": "1a223525-6af3-4547-af6f-d44e788c5cae",
                  "isHook": false,
                  "skipped": false
                },
                {
                  "title": "should not emit an update if new value is same as old one",
                  "fullTitle": "NodePyATVDeviceEvents applyStateAndEmitEvents() should not emit an update if new value is same as old one",
                  "timedOut": false,
                  "duration": 4,
                  "state": "passed",
                  "speed": "fast",
                  "pass": true,
                  "fail": false,
                  "pending": false,
                  "context": null,
                  "code": "return __awaiter(this, void 0, void 0, function* () {\n    let spawnCounter = 0;\n    let eventCounter = 0;\n    const device = new NodePyATVDevice({\n        name: 'My Testdevice',\n        host: '192.168.178.2',\n        spawn: createFakeSpawn(cp => {\n            if (spawnCounter === 0) {\n                cp.onStdIn(() => cp.end());\n            }\n            cp.stdout({\n                result: 'success',\n                title: 'My Movie'\n            });\n            spawnCounter++;\n            if (spawnCounter >= 2) {\n                cp.end();\n            }\n        })\n    });\n    const listener = () => {\n        eventCounter++;\n    };\n    device.on('update', listener);\n    yield new Promise(cb => setTimeout(cb, 0));\n    yield device.getState();\n    device.off('update', listener);\n    assert.strictEqual(spawnCounter, 2);\n    assert.strictEqual(eventCounter, 1);\n});",
                  "err": {},
                  "uuid": "399631d5-b6c9-4179-ae2a-2bd7a092dbf3",
                  "parentUUID": "1a223525-6af3-4547-af6f-d44e788c5cae",
                  "isHook": false,
                  "skipped": false
                },
                {
                  "title": "should emit error event if event listener throws an exception",
                  "fullTitle": "NodePyATVDeviceEvents applyStateAndEmitEvents() should emit error event if event listener throws an exception",
                  "timedOut": false,
                  "duration": 1,
                  "state": "passed",
                  "speed": "fast",
                  "pass": true,
                  "fail": false,
                  "pending": false,
                  "context": null,
                  "code": "return __awaiter(this, void 0, void 0, function* () {\n    const device = new NodePyATVDevice({\n        name: 'My Testdevice',\n        host: '192.168.178.2',\n        spawn: createFakeSpawn(cp => {\n            cp.onStdIn(() => cp.end());\n            cp.stdout({\n                result: 'success',\n                title: 'My Movie'\n            });\n        })\n    });\n    let callCounter = 0;\n    const error = new Error('This is an error. Be nice.');\n    device.once('error', err => {\n        assert.strictEqual(err, error);\n        callCounter++;\n    });\n    const listener = () => {\n        throw error;\n    };\n    device.on('update', listener);\n    yield new Promise(cb => setTimeout(cb, 0));\n    device.off('update', listener);\n    assert.strictEqual(callCounter, 1);\n});",
                  "err": {},
                  "uuid": "5a0c4f4e-b8b8-4540-a3c1-dfcf136f121f",
                  "parentUUID": "1a223525-6af3-4547-af6f-d44e788c5cae",
                  "isHook": false,
                  "skipped": false
                },
                {
                  "title": "should also work with powerState",
                  "fullTitle": "NodePyATVDeviceEvents applyStateAndEmitEvents() should also work with powerState",
                  "timedOut": false,
                  "duration": 1,
                  "state": "passed",
                  "speed": "fast",
                  "pass": true,
                  "fail": false,
                  "pending": false,
                  "context": null,
                  "code": "return __awaiter(this, void 0, void 0, function* () {\n    const device = new NodePyATVDevice({\n        name: 'My Testdevice',\n        host: '192.168.178.2',\n        spawn: createFakeSpawn(cp => {\n            cp.onStdIn(() => cp.end());\n            cp.stdout({\n                result: 'success',\n                datetime: new Date().toJSON(),\n                power_state: 'off'\n            });\n        })\n    });\n    yield new Promise(cb => {\n        device.once('update:powerState', event => {\n            assert.ok(event instanceof NodePyATVDeviceEvent);\n            assert.strictEqual(event.key, 'powerState');\n            assert.strictEqual(event.oldValue, null);\n            assert.strictEqual(event.newValue, 'off');\n            assert.strictEqual(event.newValue, NodePyATVPowerState.off);\n            assert.strictEqual(event.value, 'off');\n            assert.strictEqual(event.value, NodePyATVPowerState.off);\n            assert.deepStrictEqual(event.device, device);\n            cb(undefined);\n        });\n    });\n});",
                  "err": {},
                  "uuid": "eee6ae63-e7e5-481e-8932-14a8b2cf18c4",
                  "parentUUID": "1a223525-6af3-4547-af6f-d44e788c5cae",
                  "isHook": false,
                  "skipped": false
                },
                {
                  "title": "should only one event for powerState changes",
                  "fullTitle": "NodePyATVDeviceEvents applyStateAndEmitEvents() should only one event for powerState changes",
                  "timedOut": false,
                  "duration": 11,
                  "state": "passed",
                  "speed": "fast",
                  "pass": true,
                  "fail": false,
                  "pending": false,
                  "context": null,
                  "code": "return __awaiter(this, void 0, void 0, function* () {\n    const device = new NodePyATVDevice({\n        name: 'My Testdevice',\n        host: '192.168.178.2',\n        spawn: createFakeSpawn(cp => {\n            cp.onStdIn(() => cp.end());\n            cp.stdout({\n                result: 'success',\n                datetime: new Date().toJSON(),\n                power_state: 'off'\n            });\n            cp.end();\n        })\n    });\n    let counter = 0;\n    device.on('update', event => {\n        assert.ok(event instanceof NodePyATVDeviceEvent);\n        assert.strictEqual(event.key, 'powerState');\n        assert.strictEqual(event.oldValue, null);\n        assert.strictEqual(event.newValue, 'off');\n        assert.strictEqual(event.newValue, NodePyATVPowerState.off);\n        assert.strictEqual(event.value, 'off');\n        assert.strictEqual(event.value, NodePyATVPowerState.off);\n        assert.deepStrictEqual(event.device, device);\n        counter++;\n    });\n    yield new Promise(cb => setTimeout(cb, 10));\n    assert.strictEqual(counter, 1);\n    device.removeAllListeners('update');\n});",
                  "err": {},
                  "uuid": "a8df7088-6ef0-4327-9001-953db885de7f",
                  "parentUUID": "1a223525-6af3-4547-af6f-d44e788c5cae",
                  "isHook": false,
                  "skipped": false
                },
                {
                  "title": "should only one event for focusState changes",
                  "fullTitle": "NodePyATVDeviceEvents applyStateAndEmitEvents() should only one event for focusState changes",
                  "timedOut": false,
                  "duration": 11,
                  "state": "passed",
                  "speed": "fast",
                  "pass": true,
                  "fail": false,
                  "pending": false,
                  "context": null,
                  "code": "return __awaiter(this, void 0, void 0, function* () {\n    const device = new NodePyATVDevice({\n        name: 'My Testdevice',\n        host: '192.168.178.2',\n        spawn: createFakeSpawn(cp => {\n            cp.onStdIn(() => cp.end());\n            cp.stdout({\n                result: 'success',\n                datetime: new Date().toJSON(),\n                focus_state: 'unfocused'\n            });\n            cp.end();\n        })\n    });\n    let counter = 0;\n    device.on('update', event => {\n        assert.ok(event instanceof NodePyATVDeviceEvent);\n        assert.strictEqual(event.key, 'focusState');\n        assert.strictEqual(event.oldValue, null);\n        assert.strictEqual(event.newValue, 'unfocused');\n        assert.strictEqual(event.newValue, NodePyATVFocusState.unfocused);\n        assert.strictEqual(event.value, 'unfocused');\n        assert.strictEqual(event.value, NodePyATVFocusState.unfocused);\n        assert.deepStrictEqual(event.device, device);\n        counter++;\n    });\n    yield new Promise(cb => setTimeout(cb, 10));\n    assert.strictEqual(counter, 1);\n    device.removeAllListeners('update');\n});",
                  "err": {},
                  "uuid": "40e9505e-dff4-4327-aa98-58d75593bf96",
                  "parentUUID": "1a223525-6af3-4547-af6f-d44e788c5cae",
                  "isHook": false,
                  "skipped": false
                },
                {
                  "title": "should only one event for outputDevices changes",
                  "fullTitle": "NodePyATVDeviceEvents applyStateAndEmitEvents() should only one event for outputDevices changes",
                  "timedOut": false,
                  "duration": 9,
                  "state": "passed",
                  "speed": "fast",
                  "pass": true,
                  "fail": false,
                  "pending": false,
                  "context": null,
                  "code": "return __awaiter(this, void 0, void 0, function* () {\n    const device = new NodePyATVDevice({\n        name: 'My Testdevice',\n        host: '192.168.178.2',\n        spawn: createFakeSpawn(cp => {\n            cp.onStdIn(() => cp.end());\n            cp.stdout({\n                result: 'success',\n                datetime: new Date().toJSON(),\n                output_devices: [{\n                        name: 'Living room',\n                        identifier: 'AAAAAAAA-BBBB-CCCC-DDDD-EEEEEEEEEEEE'\n                    }]\n            });\n            cp.end();\n        })\n    });\n    let counter = 0;\n    device.on('update', event => {\n        assert.ok(event instanceof NodePyATVDeviceEvent);\n        assert.strictEqual(event.key, 'outputDevices');\n        assert.strictEqual(event.oldValue, null);\n        assert.deepStrictEqual(event.newValue, [{\n                name: 'Living room',\n                identifier: 'AAAAAAAA-BBBB-CCCC-DDDD-EEEEEEEEEEEE'\n            }]);\n        assert.deepStrictEqual(event.value, [{\n                name: 'Living room',\n                identifier: 'AAAAAAAA-BBBB-CCCC-DDDD-EEEEEEEEEEEE'\n            }]);\n        assert.deepStrictEqual(event.device, device);\n        counter++;\n    });\n    yield new Promise(cb => setTimeout(cb, 10));\n    assert.strictEqual(counter, 1);\n    device.removeAllListeners('update');\n});",
                  "err": {},
                  "uuid": "2ec806f6-2dc0-4e70-b333-b901d6936435",
                  "parentUUID": "1a223525-6af3-4547-af6f-d44e788c5cae",
                  "isHook": false,
                  "skipped": false
                },
                {
                  "title": "should only one event for volume changes",
                  "fullTitle": "NodePyATVDeviceEvents applyStateAndEmitEvents() should only one event for volume changes",
                  "timedOut": false,
                  "duration": 9,
                  "state": "passed",
                  "speed": "fast",
                  "pass": true,
                  "fail": false,
                  "pending": false,
                  "context": null,
                  "code": "return __awaiter(this, void 0, void 0, function* () {\n    const device = new NodePyATVDevice({\n        name: 'My Testdevice',\n        host: '192.168.178.2',\n        spawn: createFakeSpawn(cp => {\n            cp.onStdIn(() => cp.end());\n            cp.stdout({\n                result: 'success',\n                datetime: new Date().toJSON(),\n                volume: 20.0\n            });\n            cp.end();\n        })\n    });\n    let counter = 0;\n    device.on('update', event => {\n        assert.ok(event instanceof NodePyATVDeviceEvent);\n        assert.strictEqual(event.key, 'volume');\n        assert.strictEqual(event.oldValue, null);\n        assert.strictEqual(event.newValue, 20);\n        assert.strictEqual(event.value, 20);\n        assert.deepStrictEqual(event.device, device);\n        counter++;\n    });\n    yield new Promise(cb => setTimeout(cb, 10));\n    assert.strictEqual(counter, 1);\n    device.removeAllListeners('update');\n});",
                  "err": {},
                  "uuid": "c3b2c850-0283-4d41-a2ee-c1de3c2c55c8",
                  "parentUUID": "1a223525-6af3-4547-af6f-d44e788c5cae",
                  "isHook": false,
                  "skipped": false
                },
                {
                  "title": "should not trigger any events for newly added fields",
                  "fullTitle": "NodePyATVDeviceEvents applyStateAndEmitEvents() should not trigger any events for newly added fields",
                  "timedOut": false,
                  "duration": 10,
                  "state": "passed",
                  "speed": "fast",
                  "pass": true,
                  "fail": false,
                  "pending": false,
                  "context": null,
                  "code": "return __awaiter(this, void 0, void 0, function* () {\n    const device = new NodePyATVDevice({\n        name: 'My Testdevice',\n        host: '192.168.178.2',\n        spawn: createFakeSpawn(cp => {\n            cp.onStdIn(() => cp.end());\n            cp.stdout({\n                result: 'success',\n                datetime: new Date().toJSON(),\n                foo: 'bar'\n            });\n            cp.end();\n        })\n    });\n    device.on('update', event => {\n        assert.fail(`Got an update event for a new field: ${event}`);\n    });\n    yield new Promise(cb => setTimeout(cb, 10));\n    device.removeAllListeners('update');\n});",
                  "err": {},
                  "uuid": "78edb9d0-6835-4b16-affb-6436d8f163fa",
                  "parentUUID": "1a223525-6af3-4547-af6f-d44e788c5cae",
                  "isHook": false,
                  "skipped": false
                }
              ],
              "suites": [],
              "passes": [
                "bd42a84f-2fda-4184-a85b-a7becb325c77",
                "f1f23765-8707-4752-9f13-01033c2f9581",
                "a719b913-b8a8-4c59-92bb-722c3d89407c",
                "188c0256-10d3-48cc-8876-9d4a51e15cf1",
                "399631d5-b6c9-4179-ae2a-2bd7a092dbf3",
                "5a0c4f4e-b8b8-4540-a3c1-dfcf136f121f",
                "eee6ae63-e7e5-481e-8932-14a8b2cf18c4",
                "a8df7088-6ef0-4327-9001-953db885de7f",
                "40e9505e-dff4-4327-aa98-58d75593bf96",
                "2ec806f6-2dc0-4e70-b333-b901d6936435",
                "c3b2c850-0283-4d41-a2ee-c1de3c2c55c8",
                "78edb9d0-6835-4b16-affb-6436d8f163fa"
              ],
              "failures": [],
              "pending": [],
              "skipped": [],
              "duration": 64,
              "root": false,
              "rootEmpty": false,
              "_timeout": 2000
            },
            {
              "uuid": "5bfa7dc3-f90c-448b-9f65-18cfc98523b1",
              "title": "start|stopListening()",
              "fullFile": "/home/runner/work/node-pyatv/node-pyatv/test/device-events.ts",
              "file": "/test/device-events.ts",
              "beforeHooks": [],
              "afterHooks": [],
              "tests": [
                {
                  "title": "should emit error if spawn fails",
                  "fullTitle": "NodePyATVDeviceEvents start|stopListening() should emit error if spawn fails",
                  "timedOut": false,
                  "duration": 1,
                  "state": "passed",
                  "speed": "fast",
                  "pass": true,
                  "fail": false,
                  "pending": false,
                  "context": null,
                  "code": "return __awaiter(this, void 0, void 0, function* () {\n    const error = new Error();\n    const device = new NodePyATVDevice({\n        name: 'My Testdevice',\n        host: '192.168.178.2',\n        spawn: createFakeSpawn(cp => {\n            cp.error(error).end();\n        })\n    });\n    const listener = () => {\n        // empty listener\n    };\n    device.on('update', listener);\n    yield new Promise(cb => {\n        device.once('error', err => {\n            assert.strictEqual(err, error);\n            cb(undefined);\n        });\n    });\n    device.off('update', listener);\n});",
                  "err": {},
                  "uuid": "c80d62bf-0e7c-4f82-a00f-1902e3626e37",
                  "parentUUID": "5bfa7dc3-f90c-448b-9f65-18cfc98523b1",
                  "isHook": false,
                  "skipped": false
                },
                {
                  "title": "should emit error on stderr data",
                  "fullTitle": "NodePyATVDeviceEvents start|stopListening() should emit error on stderr data",
                  "timedOut": false,
                  "duration": 1,
                  "state": "passed",
                  "speed": "fast",
                  "pass": true,
                  "fail": false,
                  "pending": false,
                  "context": null,
                  "code": "return __awaiter(this, void 0, void 0, function* () {\n    const device = new NodePyATVDevice({\n        name: 'My Testdevice',\n        host: '192.168.178.2',\n        spawn: createFakeSpawn(cp => {\n            cp.stderr('Hello World!').end();\n        })\n    });\n    const listener = () => {\n        // empty listener\n    };\n    device.on('update', listener);\n    yield new Promise(cb => {\n        device.once('error', err => {\n            assert.ok(err instanceof Error);\n            assert.ok(err.toString().includes('Got stderr output from pyatv: Hello World!'));\n            cb(undefined);\n        });\n    });\n    device.off('update', listener);\n});",
                  "err": {},
                  "uuid": "07f97887-adaf-42b8-99d2-897d1850a257",
                  "parentUUID": "5bfa7dc3-f90c-448b-9f65-18cfc98523b1",
                  "isHook": false,
                  "skipped": false
                },
                {
                  "title": "should emit error if stdout is not valid json",
                  "fullTitle": "NodePyATVDeviceEvents start|stopListening() should emit error if stdout is not valid json",
                  "timedOut": false,
                  "duration": 2,
                  "state": "passed",
                  "speed": "fast",
                  "pass": true,
                  "fail": false,
                  "pending": false,
                  "context": null,
                  "code": "return __awaiter(this, void 0, void 0, function* () {\n    const device = new NodePyATVDevice({\n        name: 'My Testdevice',\n        host: '192.168.178.2',\n        spawn: createFakeSpawn(cp => {\n            cp.stdout('#').end();\n        })\n    });\n    const listener = () => {\n        // empty listener\n    };\n    device.on('update', listener);\n    yield new Promise(cb => {\n        device.once('error', err => {\n            assert.ok(err instanceof Error);\n            assert.ok(err.toString().includes('Unable to parse stdout json: SyntaxError'));\n            cb(undefined);\n        });\n    });\n    device.off('update', listener);\n});",
                  "err": {},
                  "uuid": "29efcbe2-5169-4ebe-a96a-30dbe605b65c",
                  "parentUUID": "5bfa7dc3-f90c-448b-9f65-18cfc98523b1",
                  "isHook": false,
                  "skipped": false
                },
                {
                  "title": "should restart the process if it gets killed",
                  "fullTitle": "NodePyATVDeviceEvents start|stopListening() should restart the process if it gets killed",
                  "timedOut": false,
                  "duration": 0,
                  "state": "pending",
                  "speed": null,
                  "pass": false,
                  "fail": false,
                  "pending": true,
                  "context": null,
                  "code": "",
                  "err": {},
                  "uuid": "f2cea47d-6628-47e5-bad2-788b6edae72d",
                  "parentUUID": "5bfa7dc3-f90c-448b-9f65-18cfc98523b1",
                  "isHook": false,
                  "skipped": false
                }
              ],
              "suites": [],
              "passes": [
                "c80d62bf-0e7c-4f82-a00f-1902e3626e37",
                "07f97887-adaf-42b8-99d2-897d1850a257",
                "29efcbe2-5169-4ebe-a96a-30dbe605b65c"
              ],
              "failures": [],
              "pending": [
                "f2cea47d-6628-47e5-bad2-788b6edae72d"
              ],
              "skipped": [],
              "duration": 4,
              "root": false,
              "rootEmpty": false,
              "_timeout": 2000
            },
            {
              "uuid": "08916e5d-6f68-4cd9-9a0a-713637d765be",
              "title": "addListener() / removeAllListeners()",
              "fullFile": "/home/runner/work/node-pyatv/node-pyatv/test/device-events.ts",
              "file": "/test/device-events.ts",
              "beforeHooks": [],
              "afterHooks": [],
              "tests": [
                {
                  "title": "should work without any exceptions",
                  "fullTitle": "NodePyATVDeviceEvents addListener() / removeAllListeners() should work without any exceptions",
                  "timedOut": false,
                  "duration": 1,
                  "state": "passed",
                  "speed": "fast",
                  "pass": true,
                  "fail": false,
                  "pending": false,
                  "context": null,
                  "code": "return __awaiter(this, void 0, void 0, function* () {\n    const device = new NodePyATVDevice({\n        name: 'My Testdevice',\n        host: '192.168.178.2',\n        spawn: createFakeSpawn(cp => {\n            cp.onStdIn(() => cp.end());\n            cp.stdout({\n                result: 'success',\n                title: 'My Movie'\n            });\n        })\n    });\n    const listener = () => {\n        // empty listener\n    };\n    device.addListener('update', listener);\n    device.removeAllListeners('update');\n});",
                  "err": {},
                  "uuid": "1622f4e7-1260-4a85-b6e0-1f6c3a81611f",
                  "parentUUID": "08916e5d-6f68-4cd9-9a0a-713637d765be",
                  "isHook": false,
                  "skipped": false
                }
              ],
              "suites": [],
              "passes": [
                "1622f4e7-1260-4a85-b6e0-1f6c3a81611f"
              ],
              "failures": [],
              "pending": [],
              "skipped": [],
              "duration": 1,
              "root": false,
              "rootEmpty": false,
              "_timeout": 2000
            },
            {
              "uuid": "a9908a47-3c11-408b-82b9-eaa4badcc482",
              "title": "emit()",
              "fullFile": "/home/runner/work/node-pyatv/node-pyatv/test/device-events.ts",
              "file": "/test/device-events.ts",
              "beforeHooks": [],
              "afterHooks": [],
              "tests": [
                {
                  "title": "should work",
                  "fullTitle": "NodePyATVDeviceEvents emit() should work",
                  "timedOut": false,
                  "duration": 0,
                  "state": "passed",
                  "speed": "fast",
                  "pass": true,
                  "fail": false,
                  "pending": false,
                  "context": null,
                  "code": "const device = new NodePyATVDevice({\n    name: 'My Testdevice',\n    host: '192.168.178.2',\n    spawn: createFakeSpawn(cp => {\n        cp.onStdIn(() => cp.end());\n    })\n});\nconst event = new NodePyATVDeviceEvent({\n    key: 'dateTime',\n    old: 'foo',\n    new: 'bar',\n    device\n});\nlet executions = 0;\ndevice.once('test', (e) => {\n    executions++;\n    assert.strictEqual(e, event);\n    assert.strictEqual(executions, 1);\n    done();\n});\ndevice.emit('test', event);",
                  "err": {},
                  "uuid": "b25690c2-e715-4274-aa00-bb41ae1422a8",
                  "parentUUID": "a9908a47-3c11-408b-82b9-eaa4badcc482",
                  "isHook": false,
                  "skipped": false
                }
              ],
              "suites": [],
              "passes": [
                "b25690c2-e715-4274-aa00-bb41ae1422a8"
              ],
              "failures": [],
              "pending": [],
              "skipped": [],
              "duration": 0,
              "root": false,
              "rootEmpty": false,
              "_timeout": 2000
            },
            {
              "uuid": "080bb53d-14fd-40a9-8646-92b756045a28",
              "title": "eventNames()",
              "fullFile": "/home/runner/work/node-pyatv/node-pyatv/test/device-events.ts",
              "file": "/test/device-events.ts",
              "beforeHooks": [],
              "afterHooks": [],
              "tests": [
                {
                  "title": "should work",
                  "fullTitle": "NodePyATVDeviceEvents eventNames() should work",
                  "timedOut": false,
                  "duration": 0,
                  "state": "passed",
                  "speed": "fast",
                  "pass": true,
                  "fail": false,
                  "pending": false,
                  "context": null,
                  "code": "const device = new NodePyATVDevice({\n    name: 'My Testdevice',\n    host: '192.168.178.2',\n    spawn: createFakeSpawn(cp => {\n        cp.onStdIn(() => cp.end());\n    })\n});\nconst listener = () => {\n    // ignore\n};\ndevice.on('test', listener);\nassert.deepStrictEqual(device.eventNames(), ['test']);\ndevice.off('test', listener);",
                  "err": {},
                  "uuid": "fafe1d18-f210-4174-b757-cb7145394bce",
                  "parentUUID": "080bb53d-14fd-40a9-8646-92b756045a28",
                  "isHook": false,
                  "skipped": false
                }
              ],
              "suites": [],
              "passes": [
                "fafe1d18-f210-4174-b757-cb7145394bce"
              ],
              "failures": [],
              "pending": [],
              "skipped": [],
              "duration": 0,
              "root": false,
              "rootEmpty": false,
              "_timeout": 2000
            },
            {
              "uuid": "2f00a960-303a-45a1-be80-da6355f8adb2",
              "title": "getMaxListeners()",
              "fullFile": "/home/runner/work/node-pyatv/node-pyatv/test/device-events.ts",
              "file": "/test/device-events.ts",
              "beforeHooks": [],
              "afterHooks": [],
              "tests": [
                {
                  "title": "should work",
                  "fullTitle": "NodePyATVDeviceEvents getMaxListeners() should work",
                  "timedOut": false,
                  "duration": 0,
                  "state": "passed",
                  "speed": "fast",
                  "pass": true,
                  "fail": false,
                  "pending": false,
                  "context": null,
                  "code": "const device = new NodePyATVDevice({\n    name: 'My Testdevice',\n    host: '192.168.178.2',\n    spawn: createFakeSpawn(cp => {\n        cp.onStdIn(() => cp.end());\n    })\n});\nconst result = device.getMaxListeners();\nassert.ok(typeof result, 'number');\nassert.ok(result >= 10);",
                  "err": {},
                  "uuid": "4362c9b6-a82c-4141-b770-606b2cce9542",
                  "parentUUID": "2f00a960-303a-45a1-be80-da6355f8adb2",
                  "isHook": false,
                  "skipped": false
                }
              ],
              "suites": [],
              "passes": [
                "4362c9b6-a82c-4141-b770-606b2cce9542"
              ],
              "failures": [],
              "pending": [],
              "skipped": [],
              "duration": 0,
              "root": false,
              "rootEmpty": false,
              "_timeout": 2000
            },
            {
              "uuid": "a4d8bfdd-68c8-4760-bd2b-d3d171eb5d77",
              "title": "listenerCount()",
              "fullFile": "/home/runner/work/node-pyatv/node-pyatv/test/device-events.ts",
              "file": "/test/device-events.ts",
              "beforeHooks": [],
              "afterHooks": [],
              "tests": [
                {
                  "title": "should work",
                  "fullTitle": "NodePyATVDeviceEvents listenerCount() should work",
                  "timedOut": false,
                  "duration": 1,
                  "state": "passed",
                  "speed": "fast",
                  "pass": true,
                  "fail": false,
                  "pending": false,
                  "context": null,
                  "code": "const device = new NodePyATVDevice({\n    name: 'My Testdevice',\n    host: '192.168.178.2',\n    spawn: createFakeSpawn(cp => {\n        cp.onStdIn(() => cp.end());\n    })\n});\nconst listener = () => {\n    // ignore\n};\nassert.deepStrictEqual(device.listenerCount('test'), 0);\ndevice.on('test', listener);\nassert.deepStrictEqual(device.listenerCount('test'), 1);\ndevice.off('test', listener);",
                  "err": {},
                  "uuid": "4dad1b95-6d4a-41d5-8c52-d66e21b64050",
                  "parentUUID": "a4d8bfdd-68c8-4760-bd2b-d3d171eb5d77",
                  "isHook": false,
                  "skipped": false
                }
              ],
              "suites": [],
              "passes": [
                "4dad1b95-6d4a-41d5-8c52-d66e21b64050"
              ],
              "failures": [],
              "pending": [],
              "skipped": [],
              "duration": 1,
              "root": false,
              "rootEmpty": false,
              "_timeout": 2000
            },
            {
              "uuid": "bb66dacf-8544-485b-9da3-396e4db10635",
              "title": "listeners()",
              "fullFile": "/home/runner/work/node-pyatv/node-pyatv/test/device-events.ts",
              "file": "/test/device-events.ts",
              "beforeHooks": [],
              "afterHooks": [],
              "tests": [
                {
                  "title": "should work",
                  "fullTitle": "NodePyATVDeviceEvents listeners() should work",
                  "timedOut": false,
                  "duration": 0,
                  "state": "passed",
                  "speed": "fast",
                  "pass": true,
                  "fail": false,
                  "pending": false,
                  "context": null,
                  "code": "const device = new NodePyATVDevice({\n    name: 'My Testdevice',\n    host: '192.168.178.2',\n    spawn: createFakeSpawn(cp => {\n        cp.onStdIn(() => cp.end());\n    })\n});\nconst listener = () => {\n    // ignore\n};\nassert.deepStrictEqual(device.listeners('test').length, 0);\ndevice.on('test', listener);\nassert.deepStrictEqual(device.listeners('test').length, 1);\nassert.deepStrictEqual(device.listeners('test')[0], listener);\ndevice.off('test', listener);",
                  "err": {},
                  "uuid": "aa80be9b-2186-42d0-916f-a5feb9b8ecff",
                  "parentUUID": "bb66dacf-8544-485b-9da3-396e4db10635",
                  "isHook": false,
                  "skipped": false
                }
              ],
              "suites": [],
              "passes": [
                "aa80be9b-2186-42d0-916f-a5feb9b8ecff"
              ],
              "failures": [],
              "pending": [],
              "skipped": [],
              "duration": 0,
              "root": false,
              "rootEmpty": false,
              "_timeout": 2000
            },
            {
              "uuid": "4420d69c-cabe-4397-85c8-2a7a02cba269",
              "title": "prependListener()",
              "fullFile": "/home/runner/work/node-pyatv/node-pyatv/test/device-events.ts",
              "file": "/test/device-events.ts",
              "beforeHooks": [],
              "afterHooks": [],
              "tests": [
                {
                  "title": "should work",
                  "fullTitle": "NodePyATVDeviceEvents prependListener() should work",
                  "timedOut": false,
                  "duration": 2,
                  "state": "passed",
                  "speed": "fast",
                  "pass": true,
                  "fail": false,
                  "pending": false,
                  "context": null,
                  "code": "const device = new NodePyATVDevice({\n    name: 'My Testdevice',\n    host: '192.168.178.2',\n    spawn: createFakeSpawn(cp => {\n        cp.onStdIn(() => cp.end());\n        cp.stdout({\n            result: 'success',\n            title: 'My Movie'\n        });\n    })\n});\nconst listener = () => {\n    device.removeAllListeners('update');\n    done();\n};\ndevice.prependListener('update', listener);",
                  "err": {},
                  "uuid": "82da1753-1b2f-43e7-9fb1-7ee13bf2cc21",
                  "parentUUID": "4420d69c-cabe-4397-85c8-2a7a02cba269",
                  "isHook": false,
                  "skipped": false
                }
              ],
              "suites": [],
              "passes": [
                "82da1753-1b2f-43e7-9fb1-7ee13bf2cc21"
              ],
              "failures": [],
              "pending": [],
              "skipped": [],
              "duration": 2,
              "root": false,
              "rootEmpty": false,
              "_timeout": 2000
            },
            {
              "uuid": "11465763-e5eb-40bf-9696-8a6052f3731b",
              "title": "prependOnceListener()",
              "fullFile": "/home/runner/work/node-pyatv/node-pyatv/test/device-events.ts",
              "file": "/test/device-events.ts",
              "beforeHooks": [],
              "afterHooks": [],
              "tests": [
                {
                  "title": "should work",
                  "fullTitle": "NodePyATVDeviceEvents prependOnceListener() should work",
                  "timedOut": false,
                  "duration": 1,
                  "state": "passed",
                  "speed": "fast",
                  "pass": true,
                  "fail": false,
                  "pending": false,
                  "context": null,
                  "code": "const device = new NodePyATVDevice({\n    name: 'My Testdevice',\n    host: '192.168.178.2',\n    spawn: createFakeSpawn(cp => {\n        cp.onStdIn(() => cp.end());\n        cp.stdout({\n            result: 'success',\n            title: 'My Movie'\n        });\n    })\n});\ndevice.prependOnceListener('update', () => done());",
                  "err": {},
                  "uuid": "f0e0c49f-e3dd-46d0-b92d-128d174d09a6",
                  "parentUUID": "11465763-e5eb-40bf-9696-8a6052f3731b",
                  "isHook": false,
                  "skipped": false
                }
              ],
              "suites": [],
              "passes": [
                "f0e0c49f-e3dd-46d0-b92d-128d174d09a6"
              ],
              "failures": [],
              "pending": [],
              "skipped": [],
              "duration": 1,
              "root": false,
              "rootEmpty": false,
              "_timeout": 2000
            },
            {
              "uuid": "8e057689-13ec-4c38-b959-05fb394a3e22",
              "title": "rawListeners()",
              "fullFile": "/home/runner/work/node-pyatv/node-pyatv/test/device-events.ts",
              "file": "/test/device-events.ts",
              "beforeHooks": [],
              "afterHooks": [],
              "tests": [
                {
                  "title": "should work",
                  "fullTitle": "NodePyATVDeviceEvents rawListeners() should work",
                  "timedOut": false,
                  "duration": 0,
                  "state": "passed",
                  "speed": "fast",
                  "pass": true,
                  "fail": false,
                  "pending": false,
                  "context": null,
                  "code": "const device = new NodePyATVDevice({\n    name: 'My Testdevice',\n    host: '192.168.178.2',\n    spawn: createFakeSpawn(cp => {\n        cp.onStdIn(() => cp.end());\n    })\n});\nconst listener = () => {\n    // ignore\n};\nassert.deepStrictEqual(device.rawListeners('test').length, 0);\ndevice.on('test', listener);\nassert.deepStrictEqual(device.rawListeners('test').length, 1);\nassert.deepStrictEqual(device.rawListeners('test')[0], listener);\ndevice.off('test', listener);",
                  "err": {},
                  "uuid": "9af9b22b-f5da-496f-9738-d91291b9837b",
                  "parentUUID": "8e057689-13ec-4c38-b959-05fb394a3e22",
                  "isHook": false,
                  "skipped": false
                }
              ],
              "suites": [],
              "passes": [
                "9af9b22b-f5da-496f-9738-d91291b9837b"
              ],
              "failures": [],
              "pending": [],
              "skipped": [],
              "duration": 0,
              "root": false,
              "rootEmpty": false,
              "_timeout": 2000
            },
            {
              "uuid": "428fe5dc-6b44-44c0-be86-5a0f6264ae5b",
              "title": "removeListener()",
              "fullFile": "/home/runner/work/node-pyatv/node-pyatv/test/device-events.ts",
              "file": "/test/device-events.ts",
              "beforeHooks": [],
              "afterHooks": [],
              "tests": [
                {
                  "title": "should work without any exceptions",
                  "fullTitle": "NodePyATVDeviceEvents removeListener() should work without any exceptions",
                  "timedOut": false,
                  "duration": 0,
                  "state": "passed",
                  "speed": "fast",
                  "pass": true,
                  "fail": false,
                  "pending": false,
                  "context": null,
                  "code": "return __awaiter(this, void 0, void 0, function* () {\n    const device = new NodePyATVDevice({\n        name: 'My Testdevice',\n        host: '192.168.178.2',\n        spawn: createFakeSpawn(cp => {\n            cp.onStdIn(() => cp.end());\n            cp.stdout({\n                result: 'success',\n                title: 'My Movie'\n            });\n        })\n    });\n    const listener = () => {\n        // empty listener\n    };\n    device.addListener('update', listener);\n    assert.deepStrictEqual(device.listenerCount('update'), 1);\n    device.removeListener('update', listener);\n    assert.deepStrictEqual(device.listenerCount('update'), 0);\n});",
                  "err": {},
                  "uuid": "18a73691-b152-464a-85df-1916460ca811",
                  "parentUUID": "428fe5dc-6b44-44c0-be86-5a0f6264ae5b",
                  "isHook": false,
                  "skipped": false
                }
              ],
              "suites": [],
              "passes": [
                "18a73691-b152-464a-85df-1916460ca811"
              ],
              "failures": [],
              "pending": [],
              "skipped": [],
              "duration": 0,
              "root": false,
              "rootEmpty": false,
              "_timeout": 2000
            }
          ],
          "passes": [],
          "failures": [],
          "pending": [],
          "skipped": [],
          "duration": 0,
          "root": false,
          "rootEmpty": false,
          "_timeout": 2000
        },
        {
          "uuid": "17bd7b63-bc35-4f92-a7ec-569c15cb587d",
          "title": "NodePyATVDevice",
          "fullFile": "/home/runner/work/node-pyatv/node-pyatv/test/device.ts",
          "file": "/test/device.ts",
          "beforeHooks": [],
          "afterHooks": [],
          "tests": [],
          "suites": [
            {
              "uuid": "ec78b939-d686-4c68-9fb0-356952a29967",
              "title": "get name()",
              "fullFile": "/home/runner/work/node-pyatv/node-pyatv/test/device.ts",
              "file": "/test/device.ts",
              "beforeHooks": [],
              "afterHooks": [],
              "tests": [
                {
                  "title": "should return the name",
                  "fullTitle": "NodePyATVDevice get name() should return the name",
                  "timedOut": false,
                  "duration": 0,
                  "state": "passed",
                  "speed": "fast",
                  "pass": true,
                  "fail": false,
                  "pending": false,
                  "context": null,
                  "code": "const device = new NodePyATVDevice({\n    name: 'My Testdevice',\n    host: '192.168.178.2'\n});\nassert.strictEqual(device.name, 'My Testdevice');",
                  "err": {},
                  "uuid": "9a4da1ee-ce25-40d2-a5fa-44c607aa0e5b",
                  "parentUUID": "ec78b939-d686-4c68-9fb0-356952a29967",
                  "isHook": false,
                  "skipped": false
                }
              ],
              "suites": [],
              "passes": [
                "9a4da1ee-ce25-40d2-a5fa-44c607aa0e5b"
              ],
              "failures": [],
              "pending": [],
              "skipped": [],
              "duration": 0,
              "root": false,
              "rootEmpty": false,
              "_timeout": 2000
            },
            {
              "uuid": "918e4b07-dcf4-46b2-b017-77a68dc3ae69",
              "title": "get host()",
              "fullFile": "/home/runner/work/node-pyatv/node-pyatv/test/device.ts",
              "file": "/test/device.ts",
              "beforeHooks": [],
              "afterHooks": [],
              "tests": [
                {
                  "title": "should return the host",
                  "fullTitle": "NodePyATVDevice get host() should return the host",
                  "timedOut": false,
                  "duration": 0,
                  "state": "passed",
                  "speed": "fast",
                  "pass": true,
                  "fail": false,
                  "pending": false,
                  "context": null,
                  "code": "const device = new NodePyATVDevice({\n    name: 'My Testdevice',\n    host: '192.168.178.2'\n});\nassert.strictEqual(device.host, '192.168.178.2');",
                  "err": {},
                  "uuid": "fac0c0ac-3bdc-4467-9d24-470290db51cf",
                  "parentUUID": "918e4b07-dcf4-46b2-b017-77a68dc3ae69",
                  "isHook": false,
                  "skipped": false
                }
              ],
              "suites": [],
              "passes": [
                "fac0c0ac-3bdc-4467-9d24-470290db51cf"
              ],
              "failures": [],
              "pending": [],
              "skipped": [],
              "duration": 0,
              "root": false,
              "rootEmpty": false,
              "_timeout": 2000
            },
            {
              "uuid": "c7f0278a-fcc7-4d6a-835e-0b5e37bfb1e9",
              "title": "get id()",
              "fullFile": "/home/runner/work/node-pyatv/node-pyatv/test/device.ts",
              "file": "/test/device.ts",
              "beforeHooks": [],
              "afterHooks": [],
              "tests": [
                {
                  "title": "should return the id",
                  "fullTitle": "NodePyATVDevice get id() should return the id",
                  "timedOut": false,
                  "duration": 0,
                  "state": "passed",
                  "speed": "fast",
                  "pass": true,
                  "fail": false,
                  "pending": false,
                  "context": null,
                  "code": "const device = new NodePyATVDevice({\n    name: 'My Testdevice',\n    host: '192.168.178.2',\n    id: '*****'\n});\nassert.strictEqual(device.id, '*****');",
                  "err": {},
                  "uuid": "191c923a-3e0a-49ea-9712-d9ccb7d4e27c",
                  "parentUUID": "c7f0278a-fcc7-4d6a-835e-0b5e37bfb1e9",
                  "isHook": false,
                  "skipped": false
                }
              ],
              "suites": [],
              "passes": [
                "191c923a-3e0a-49ea-9712-d9ccb7d4e27c"
              ],
              "failures": [],
              "pending": [],
              "skipped": [],
              "duration": 0,
              "root": false,
              "rootEmpty": false,
              "_timeout": 2000
            },
            {
              "uuid": "dd181810-259e-4606-8b1a-ab80aa777065",
              "title": "get allIDs()",
              "fullFile": "/home/runner/work/node-pyatv/node-pyatv/test/device.ts",
              "file": "/test/device.ts",
              "beforeHooks": [],
              "afterHooks": [],
              "tests": [
                {
                  "title": "should return all the IDs",
                  "fullTitle": "NodePyATVDevice get allIDs() should return all the IDs",
                  "timedOut": false,
                  "duration": 0,
                  "state": "passed",
                  "speed": "fast",
                  "pass": true,
                  "fail": false,
                  "pending": false,
                  "context": null,
                  "code": "const device = new NodePyATVDevice({\n    name: 'My Testdevice',\n    host: '192.168.178.2',\n    id: '*****',\n    allIDs: [\n        'some_id_1',\n        'some_id_2',\n        'some_id_3',\n    ]\n});\nassert.deepStrictEqual(device.allIDs, [\n    'some_id_1',\n    'some_id_2',\n    'some_id_3',\n]);",
                  "err": {},
                  "uuid": "454cd9b5-19bc-4f17-90cc-04b5cc2871a2",
                  "parentUUID": "dd181810-259e-4606-8b1a-ab80aa777065",
                  "isHook": false,
                  "skipped": false
                }
              ],
              "suites": [],
              "passes": [
                "454cd9b5-19bc-4f17-90cc-04b5cc2871a2"
              ],
              "failures": [],
              "pending": [],
              "skipped": [],
              "duration": 0,
              "root": false,
              "rootEmpty": false,
              "_timeout": 2000
            },
            {
              "uuid": "776b66e1-8dd3-4648-a3da-bb977971ca15",
              "title": "get protocol()",
              "fullFile": "/home/runner/work/node-pyatv/node-pyatv/test/device.ts",
              "file": "/test/device.ts",
              "beforeHooks": [],
              "afterHooks": [],
              "tests": [
                {
                  "title": "should return the protocol",
                  "fullTitle": "NodePyATVDevice get protocol() should return the protocol",
                  "timedOut": false,
                  "duration": 0,
                  "state": "passed",
                  "speed": "fast",
                  "pass": true,
                  "fail": false,
                  "pending": false,
                  "context": null,
                  "code": "const device = new NodePyATVDevice({\n    name: 'My Testdevice',\n    host: '192.168.178.2',\n    protocol: NodePyATVProtocol.airplay\n});\nassert.strictEqual(device.protocol, NodePyATVProtocol.airplay);",
                  "err": {},
                  "uuid": "ad86df60-12f9-48ef-ab4e-40c5d0836243",
                  "parentUUID": "776b66e1-8dd3-4648-a3da-bb977971ca15",
                  "isHook": false,
                  "skipped": false
                }
              ],
              "suites": [],
              "passes": [
                "ad86df60-12f9-48ef-ab4e-40c5d0836243"
              ],
              "failures": [],
              "pending": [],
              "skipped": [],
              "duration": 0,
              "root": false,
              "rootEmpty": false,
              "_timeout": 2000
            },
            {
              "uuid": "6efa4873-5f63-4f1c-a54a-7adcc7129e1e",
              "title": "get mac()",
              "fullFile": "/home/runner/work/node-pyatv/node-pyatv/test/device.ts",
              "file": "/test/device.ts",
              "beforeHooks": [],
              "afterHooks": [],
              "tests": [
                {
                  "title": "should return the mac",
                  "fullTitle": "NodePyATVDevice get mac() should return the mac",
                  "timedOut": false,
                  "duration": 0,
                  "state": "passed",
                  "speed": "fast",
                  "pass": true,
                  "fail": false,
                  "pending": false,
                  "context": null,
                  "code": "const device = new NodePyATVDevice({\n    name: 'My Testdevice',\n    host: '192.168.178.2',\n    mac: 'AA:BB:CC:DD:EE:FF'\n});\nassert.strictEqual(device.mac, 'AA:BB:CC:DD:EE:FF');",
                  "err": {},
                  "uuid": "537b97c8-a1aa-4f58-b064-ad02604a3a9e",
                  "parentUUID": "6efa4873-5f63-4f1c-a54a-7adcc7129e1e",
                  "isHook": false,
                  "skipped": false
                }
              ],
              "suites": [],
              "passes": [
                "537b97c8-a1aa-4f58-b064-ad02604a3a9e"
              ],
              "failures": [],
              "pending": [],
              "skipped": [],
              "duration": 0,
              "root": false,
              "rootEmpty": false,
              "_timeout": 2000
            },
            {
              "uuid": "020d06d8-83a5-4f02-ab15-80e35adcffd1",
              "title": "get model()",
              "fullFile": "/home/runner/work/node-pyatv/node-pyatv/test/device.ts",
              "file": "/test/device.ts",
              "beforeHooks": [],
              "afterHooks": [],
              "tests": [
                {
                  "title": "should return the model if set by scan",
                  "fullTitle": "NodePyATVDevice get model() should return the model if set by scan",
                  "timedOut": false,
                  "duration": 0,
                  "state": "passed",
                  "speed": "fast",
                  "pass": true,
                  "fail": false,
                  "pending": false,
                  "context": null,
                  "code": "const device = new NodePyATVDevice({\n    name: 'Vardagsrum',\n    host: '10.0.10.81',\n    id: 'xxx',\n    model: 'Gen4K'\n});\nassert.strictEqual(device.model, 'Gen4K');",
                  "err": {},
                  "uuid": "9f4de1b0-2e4b-4784-b0ba-d20816509adf",
                  "parentUUID": "020d06d8-83a5-4f02-ab15-80e35adcffd1",
                  "isHook": false,
                  "skipped": false
                },
                {
                  "title": "should return undefined otherwise",
                  "fullTitle": "NodePyATVDevice get model() should return undefined otherwise",
                  "timedOut": false,
                  "duration": 0,
                  "state": "passed",
                  "speed": "fast",
                  "pass": true,
                  "fail": false,
                  "pending": false,
                  "context": null,
                  "code": "const device = new NodePyATVDevice({\n    name: 'Vardagsrum',\n    host: '10.0.10.81'\n});\nassert.strictEqual(device.model, undefined);",
                  "err": {},
                  "uuid": "6916655c-69f9-4d32-9c01-60ee39ce218e",
                  "parentUUID": "020d06d8-83a5-4f02-ab15-80e35adcffd1",
                  "isHook": false,
                  "skipped": false
                }
              ],
              "suites": [],
              "passes": [
                "9f4de1b0-2e4b-4784-b0ba-d20816509adf",
                "6916655c-69f9-4d32-9c01-60ee39ce218e"
              ],
              "failures": [],
              "pending": [],
              "skipped": [],
              "duration": 0,
              "root": false,
              "rootEmpty": false,
              "_timeout": 2000
            },
            {
              "uuid": "1731d521-85c6-429d-b421-7a8309be8f83",
              "title": "get modelName()",
              "fullFile": "/home/runner/work/node-pyatv/node-pyatv/test/device.ts",
              "file": "/test/device.ts",
              "beforeHooks": [],
              "afterHooks": [],
              "tests": [
                {
                  "title": "should return the model name if set by scan",
                  "fullTitle": "NodePyATVDevice get modelName() should return the model name if set by scan",
                  "timedOut": false,
                  "duration": 1,
                  "state": "passed",
                  "speed": "fast",
                  "pass": true,
                  "fail": false,
                  "pending": false,
                  "context": null,
                  "code": "const device = new NodePyATVDevice({\n    name: 'Vardagsrum',\n    host: '10.0.10.81',\n    id: 'xxx',\n    modelName: 'Apple TV 4K'\n});\nassert.strictEqual(device.modelName, 'Apple TV 4K');",
                  "err": {},
                  "uuid": "ca1e54d9-a47a-4d9d-ad1e-2eb0d2e3dc97",
                  "parentUUID": "1731d521-85c6-429d-b421-7a8309be8f83",
                  "isHook": false,
                  "skipped": false
                },
                {
                  "title": "should return undefined otherwise",
                  "fullTitle": "NodePyATVDevice get modelName() should return undefined otherwise",
                  "timedOut": false,
                  "duration": 0,
                  "state": "passed",
                  "speed": "fast",
                  "pass": true,
                  "fail": false,
                  "pending": false,
                  "context": null,
                  "code": "const device = new NodePyATVDevice({\n    name: 'Vardagsrum',\n    host: '10.0.10.81'\n});\nassert.strictEqual(device.modelName, undefined);",
                  "err": {},
                  "uuid": "d36b7619-4a2b-4d20-b511-f541a9b9384b",
                  "parentUUID": "1731d521-85c6-429d-b421-7a8309be8f83",
                  "isHook": false,
                  "skipped": false
                }
              ],
              "suites": [],
              "passes": [
                "ca1e54d9-a47a-4d9d-ad1e-2eb0d2e3dc97",
                "d36b7619-4a2b-4d20-b511-f541a9b9384b"
              ],
              "failures": [],
              "pending": [],
              "skipped": [],
              "duration": 1,
              "root": false,
              "rootEmpty": false,
              "_timeout": 2000
            },
            {
              "uuid": "7f57113c-e182-4c29-941b-584b5af1a11f",
              "title": "get os()",
              "fullFile": "/home/runner/work/node-pyatv/node-pyatv/test/device.ts",
              "file": "/test/device.ts",
              "beforeHooks": [],
              "afterHooks": [],
              "tests": [
                {
                  "title": "should return the operating system if set by scan",
                  "fullTitle": "NodePyATVDevice get os() should return the operating system if set by scan",
                  "timedOut": false,
                  "duration": 0,
                  "state": "passed",
                  "speed": "fast",
                  "pass": true,
                  "fail": false,
                  "pending": false,
                  "context": null,
                  "code": "const device = new NodePyATVDevice({\n    name: 'Vardagsrum',\n    host: '10.0.10.81',\n    id: 'xxx',\n    os: 'TvOS'\n});\nassert.strictEqual(device.os, 'TvOS');",
                  "err": {},
                  "uuid": "0d23305f-be0c-47b2-b329-eea4244a0b27",
                  "parentUUID": "7f57113c-e182-4c29-941b-584b5af1a11f",
                  "isHook": false,
                  "skipped": false
                },
                {
                  "title": "should return undefined otherwise",
                  "fullTitle": "NodePyATVDevice get os() should return undefined otherwise",
                  "timedOut": false,
                  "duration": 0,
                  "state": "passed",
                  "speed": "fast",
                  "pass": true,
                  "fail": false,
                  "pending": false,
                  "context": null,
                  "code": "const device = new NodePyATVDevice({\n    name: 'Vardagsrum',\n    host: '10.0.10.81'\n});\nassert.strictEqual(device.os, undefined);",
                  "err": {},
                  "uuid": "7476ce04-a8fe-41cc-bbae-7f17ccda0278",
                  "parentUUID": "7f57113c-e182-4c29-941b-584b5af1a11f",
                  "isHook": false,
                  "skipped": false
                }
              ],
              "suites": [],
              "passes": [
                "0d23305f-be0c-47b2-b329-eea4244a0b27",
                "7476ce04-a8fe-41cc-bbae-7f17ccda0278"
              ],
              "failures": [],
              "pending": [],
              "skipped": [],
              "duration": 0,
              "root": false,
              "rootEmpty": false,
              "_timeout": 2000
            },
            {
              "uuid": "ff46c314-22d8-49a2-b1ba-cc524cc07ef3",
              "title": "get version()",
              "fullFile": "/home/runner/work/node-pyatv/node-pyatv/test/device.ts",
              "file": "/test/device.ts",
              "beforeHooks": [],
              "afterHooks": [],
              "tests": [
                {
                  "title": "should return the version if set by scan",
                  "fullTitle": "NodePyATVDevice get version() should return the version if set by scan",
                  "timedOut": false,
                  "duration": 1,
                  "state": "passed",
                  "speed": "fast",
                  "pass": true,
                  "fail": false,
                  "pending": false,
                  "context": null,
                  "code": "const device = new NodePyATVDevice({\n    name: 'Vardagsrum',\n    host: '10.0.10.81',\n    id: 'xxx',\n    version: '15.5.1'\n});\nassert.strictEqual(device.version, '15.5.1');",
                  "err": {},
                  "uuid": "c82e261a-61d0-4658-a941-7d54aef585f6",
                  "parentUUID": "ff46c314-22d8-49a2-b1ba-cc524cc07ef3",
                  "isHook": false,
                  "skipped": false
                },
                {
                  "title": "should return undefined otherwise",
                  "fullTitle": "NodePyATVDevice get version() should return undefined otherwise",
                  "timedOut": false,
                  "duration": 0,
                  "state": "passed",
                  "speed": "fast",
                  "pass": true,
                  "fail": false,
                  "pending": false,
                  "context": null,
                  "code": "const device = new NodePyATVDevice({\n    name: 'Vardagsrum',\n    host: '10.0.10.81'\n});\nassert.strictEqual(device.version, undefined);",
                  "err": {},
                  "uuid": "408c711e-417a-4c5f-8ac4-80a81679eaca",
                  "parentUUID": "ff46c314-22d8-49a2-b1ba-cc524cc07ef3",
                  "isHook": false,
                  "skipped": false
                }
              ],
              "suites": [],
              "passes": [
                "c82e261a-61d0-4658-a941-7d54aef585f6",
                "408c711e-417a-4c5f-8ac4-80a81679eaca"
              ],
              "failures": [],
              "pending": [],
              "skipped": [],
              "duration": 1,
              "root": false,
              "rootEmpty": false,
              "_timeout": 2000
            },
            {
              "uuid": "297f8e9b-4976-4239-9804-2cebdb2f594c",
              "title": "get services()",
              "fullFile": "/home/runner/work/node-pyatv/node-pyatv/test/device.ts",
              "file": "/test/device.ts",
              "beforeHooks": [],
              "afterHooks": [],
              "tests": [
                {
                  "title": "should return the services if set by scan",
                  "fullTitle": "NodePyATVDevice get services() should return the services if set by scan",
                  "timedOut": false,
                  "duration": 0,
                  "state": "passed",
                  "speed": "fast",
                  "pass": true,
                  "fail": false,
                  "pending": false,
                  "context": null,
                  "code": "const device = new NodePyATVDevice({\n    name: 'Vardagsrum',\n    host: '10.0.10.81',\n    id: 'xxx',\n    services: [\n        {\n            protocol: NodePyATVProtocol.mrp,\n            port: 49152\n        },\n        {\n            protocol: NodePyATVProtocol.airplay,\n            port: 7000\n        }\n    ]\n});\nassert.deepStrictEqual(device.services, [\n    {\n        protocol: 'mrp',\n        port: 49152\n    },\n    {\n        protocol: 'airplay',\n        port: 7000\n    }\n]);",
                  "err": {},
                  "uuid": "733efb14-deaf-4f5e-bae1-eb78144c32dd",
                  "parentUUID": "297f8e9b-4976-4239-9804-2cebdb2f594c",
                  "isHook": false,
                  "skipped": false
                },
                {
                  "title": "should return undefined otherwise",
[...]
                  "uuid": "3dfd2d1b-daf1-4e96-8c59-3343531c4420",
                  "parentUUID": "7d2e383a-72cc-463a-884f-7a43d36760ba",
                  "isHook": false,
                  "skipped": false
                },
                {
                  "title": "should handle atvscriptPath if set",
                  "fullTitle": "Tools getExecutable() should handle atvscriptPath if set",
                  "timedOut": false,
                  "duration": 1,
                  "state": "passed",
                  "speed": "fast",
                  "pass": true,
                  "fail": false,
                  "pending": false,
                  "context": null,
                  "code": "const result = getExecutable(NodePyATVExecutableType.atvscript, {\n    atvremotePath: '/tmp/1',\n    atvscriptPath: '/tmp/2'\n});\nassert.strictEqual(result, '/tmp/2');",
                  "err": {},
                  "uuid": "dc6fdd0b-f580-49bb-8863-9b319d6f054f",
                  "parentUUID": "7d2e383a-72cc-463a-884f-7a43d36760ba",
                  "isHook": false,
                  "skipped": false
                },
                {
                  "title": "should handle default for atvremote",
                  "fullTitle": "Tools getExecutable() should handle default for atvremote",
                  "timedOut": false,
                  "duration": 0,
                  "state": "passed",
                  "speed": "fast",
                  "pass": true,
                  "fail": false,
                  "pending": false,
                  "context": null,
                  "code": "const result = getExecutable(NodePyATVExecutableType.atvremote, {\n    atvscriptPath: '/tmp'\n});\nassert.strictEqual(result, 'atvremote');",
                  "err": {},
                  "uuid": "0431f847-d1f7-4f61-86ca-7e8ef89ac391",
                  "parentUUID": "7d2e383a-72cc-463a-884f-7a43d36760ba",
                  "isHook": false,
                  "skipped": false
                },
                {
                  "title": "should handle default for atvscript",
                  "fullTitle": "Tools getExecutable() should handle default for atvscript",
                  "timedOut": false,
                  "duration": 0,
                  "state": "passed",
                  "speed": "fast",
                  "pass": true,
                  "fail": false,
                  "pending": false,
                  "context": null,
                  "code": "const result = getExecutable(NodePyATVExecutableType.atvscript, {\n    atvremotePath: '/tmp'\n});\nassert.strictEqual(result, 'atvscript');",
                  "err": {},
                  "uuid": "ee0f8cd6-1e9b-46c6-8d8f-fcc395c498bc",
                  "parentUUID": "7d2e383a-72cc-463a-884f-7a43d36760ba",
                  "isHook": false,
                  "skipped": false
                }
              ],
              "suites": [],
              "passes": [
                "3dfd2d1b-daf1-4e96-8c59-3343531c4420",
                "dc6fdd0b-f580-49bb-8863-9b319d6f054f",
                "0431f847-d1f7-4f61-86ca-7e8ef89ac391",
                "ee0f8cd6-1e9b-46c6-8d8f-fcc395c498bc"
              ],
              "failures": [],
              "pending": [],
              "skipped": [],
              "duration": 1,
              "root": false,
              "rootEmpty": false,
              "_timeout": 2000
            },
            {
              "uuid": "c88ef06c-f88e-4b26-956d-b6744c60bb66",
              "title": "getParameters()",
              "fullFile": "/home/runner/work/node-pyatv/node-pyatv/test/tools.ts",
              "file": "/test/tools.ts",
              "beforeHooks": [],
              "afterHooks": [],
              "tests": [
                {
                  "title": "empty case",
                  "fullTitle": "Tools getParameters() empty case",
                  "timedOut": false,
                  "duration": 0,
                  "state": "passed",
                  "speed": "fast",
                  "pass": true,
                  "fail": false,
                  "pending": false,
                  "context": null,
                  "code": "return __awaiter(this, void 0, void 0, function* () {\n    const result = yield getParameters();\n    assert.deepEqual(result, []);\n});",
                  "err": {},
                  "uuid": "4b2f99fe-0060-43e1-95db-993a26ca2a0a",
                  "parentUUID": "c88ef06c-f88e-4b26-956d-b6744c60bb66",
                  "isHook": false,
                  "skipped": false
                },
                {
                  "title": "easy case",
                  "fullTitle": "Tools getParameters() easy case",
                  "timedOut": false,
                  "duration": 1,
                  "state": "passed",
                  "speed": "fast",
                  "pass": true,
                  "fail": false,
                  "pending": false,
                  "context": null,
                  "code": "return __awaiter(this, void 0, void 0, function* () {\n    const result = yield getParameters({\n        host: '192.168.178.2'\n    });\n    assert.deepEqual(result, ['-s', '192.168.178.2']);\n});",
                  "err": {},
                  "uuid": "6cb2ae4c-7a82-470f-97d6-22dc0b22df30",
                  "parentUUID": "c88ef06c-f88e-4b26-956d-b6744c60bb66",
                  "isHook": false,
                  "skipped": false
                },
                {
                  "title": "full case",
                  "fullTitle": "Tools getParameters() full case",
                  "timedOut": false,
                  "duration": 0,
                  "state": "passed",
                  "speed": "fast",
                  "pass": true,
                  "fail": false,
                  "pending": false,
                  "context": null,
                  "code": "return __awaiter(this, void 0, void 0, function* () {\n    const result = yield getParameters({\n        hosts: ['192.168.178.2', '192.168.178.3'],\n        id: '****',\n        protocol: NodePyATVProtocol.mrp,\n        dmapCredentials: '****',\n        mrpCredentials: '****',\n        airplayCredentials: '****',\n        companionCredentials: '1234',\n        raopCredentials: '::foo:'\n    });\n    assert.deepEqual(result, [\n        '-s', '192.168.178.2,192.168.178.3',\n        '-i', '****',\n        '--protocol', 'mrp',\n        '--dmap-credentials', '****',\n        '--mrp-credentials', '****',\n        '--airplay-credentials', '****',\n        '--companion-credentials', '1234',\n        '--raop-credentials', '::foo:'\n    ]);\n});",
                  "err": {},
                  "uuid": "a5ff6f25-4506-41de-8539-de0054717cbe",
                  "parentUUID": "c88ef06c-f88e-4b26-956d-b6744c60bb66",
                  "isHook": false,
                  "skipped": false
                }
              ],
              "suites": [],
              "passes": [
                "4b2f99fe-0060-43e1-95db-993a26ca2a0a",
                "6cb2ae4c-7a82-470f-97d6-22dc0b22df30",
                "a5ff6f25-4506-41de-8539-de0054717cbe"
              ],
              "failures": [],
              "pending": [],
              "skipped": [],
              "duration": 1,
              "root": false,
              "rootEmpty": false,
              "_timeout": 2000
            },
            {
              "uuid": "371d59f1-8e7b-4c6f-9a84-dc65dd9c3767",
              "title": "parseState()",
              "fullFile": "/home/runner/work/node-pyatv/node-pyatv/test/tools.ts",
              "file": "/test/tools.ts",
              "beforeHooks": [],
              "afterHooks": [],
              "tests": [
                {
                  "title": "should work with empty data",
                  "fullTitle": "Tools parseState() should work with empty data",
                  "timedOut": false,
                  "duration": 0,
                  "state": "passed",
                  "speed": "fast",
                  "pass": true,
                  "fail": false,
                  "pending": false,
                  "context": null,
                  "code": "const input = {};\nconst result = parseState(input, '', {});\nassert.deepStrictEqual(result, {\n    dateTime: null,\n    hash: null,\n    mediaType: null,\n    deviceState: null,\n    title: null,\n    artist: null,\n    album: null,\n    genre: null,\n    totalTime: null,\n    position: null,\n    shuffle: null,\n    repeat: null,\n    app: null,\n    appId: null,\n    powerState: null,\n    focusState: null,\n    volume: null,\n    outputDevices: null\n});",
                  "err": {},
                  "uuid": "5e2f1520-048e-410d-a3cf-305c7a797fa0",
                  "parentUUID": "371d59f1-8e7b-4c6f-9a84-dc65dd9c3767",
                  "isHook": false,
                  "skipped": false
                },
                {
                  "title": "should work without data",
                  "fullTitle": "Tools parseState() should work without data",
                  "timedOut": false,
                  "duration": 1,
                  "state": "passed",
                  "speed": "fast",
                  "pass": true,
                  "fail": false,
                  "pending": false,
                  "context": null,
                  "code": "// @ts-ignore\nconst result = parseState(null, '', {});\nassert.deepStrictEqual(result, {\n    dateTime: null,\n    hash: null,\n    mediaType: null,\n    deviceState: null,\n    title: null,\n    artist: null,\n    album: null,\n    genre: null,\n    totalTime: null,\n    position: null,\n    shuffle: null,\n    repeat: null,\n    app: null,\n    appId: null,\n    powerState: null,\n    focusState: null,\n    volume: null,\n    outputDevices: null\n});",
                  "err": {},
                  "uuid": "7e043f50-4fda-4875-8265-e7a61905d802",
                  "parentUUID": "371d59f1-8e7b-4c6f-9a84-dc65dd9c3767",
                  "isHook": false,
                  "skipped": false
                },
                {
                  "title": "should work with example data",
                  "fullTitle": "Tools parseState() should work with example data",
                  "timedOut": false,
                  "duration": 0,
                  "state": "passed",
                  "speed": "fast",
                  "pass": true,
                  "fail": false,
                  "pending": false,
                  "context": null,
                  "code": "const input = {\n    result: 'success',\n    datetime: '2020-11-07T22:38:43.608030+01:00',\n    hash: '100e0ab6-6ff5-4199-9c04-a7107ff78712',\n    media_type: 'video',\n    device_state: 'playing',\n    title: 'Solo: A Star Wars Story',\n    artist: null,\n    album: null,\n    genre: null,\n    total_time: 8097,\n    position: 27,\n    shuffle: 'off',\n    repeat: 'off',\n    app: 'Disney+',\n    app_id: 'com.disney.disneyplus',\n    power_state: null,\n    focus_state: null,\n    volume: null,\n    output_devices: null\n};\nconst result = parseState(input, '', {});\nassert.deepStrictEqual(result, {\n    dateTime: new Date('2020-11-07T22:38:43.608030+01:00'),\n    hash: '100e0ab6-6ff5-4199-9c04-a7107ff78712',\n    mediaType: NodePyATVMediaType.video,\n    deviceState: NodePyATVDeviceState.playing,\n    title: 'Solo: A Star Wars Story',\n    artist: null,\n    album: null,\n    genre: null,\n    totalTime: 8097,\n    position: 27,\n    shuffle: NodePyATVShuffleState.off,\n    repeat: NodePyATVRepeatState.off,\n    app: 'Disney+',\n    appId: 'com.disney.disneyplus',\n    powerState: null,\n    focusState: null,\n    volume: null,\n    outputDevices: null\n});",
                  "err": {},
                  "uuid": "3fc958cf-1e7d-48b0-9e94-012472424810",
                  "parentUUID": "371d59f1-8e7b-4c6f-9a84-dc65dd9c3767",
                  "isHook": false,
                  "skipped": false
                },
                {
                  "title": "should throw an error for pyatv exceptions",
                  "fullTitle": "Tools parseState() should throw an error for pyatv exceptions",
                  "timedOut": false,
                  "duration": 0,
                  "state": "passed",
                  "speed": "fast",
                  "pass": true,
                  "fail": false,
                  "pending": false,
                  "context": null,
                  "code": "const input = {\n    result: 'failure',\n    datetime: '2021-11-24T21:13:36.424576+03:00',\n    exception: 'invalid credentials: 321',\n    stacktrace: 'Traceback (most recent call last):\\n  File \\\"/Users/free/Library/Python/3.8/lib/python/site-packages/pyatv/scripts/atvscript.py\\\", line 302, in appstart\\n    print(args.output(await _handle_command(args, abort_sem, loop)), flush=True)\\n  File \\\"/Users/free/Library/Python/3.8/lib/python/site-packages/pyatv/scripts/atvscript.py\\\", line 196, in _handle_command\\n    atv = await connect(config, loop, protocol=Protocol.MRP)\\n  File \\\"/Users/free/Library/Python/3.8/lib/python/site-packages/pyatv/__init__.py\\\", line 96, in connect\\n    for setup_data in proto_methods.setup(\\n  File \\\"/Users/free/Library/Python/3.8/lib/python/site-packages/pyatv/protocols/airplay/__init__.py\\\", line 192, in setup\\n    stream = AirPlayStream(config, service)\\n  File \\\"/Users/free/Library/Python/3.8/lib/python/site-packages/pyatv/protocols/airplay/__init__.py\\\", line 79, in __init__\\n    self._credentials: HapCredentials = parse_credentials(self.service.credentials)\\n  File \\\"/Users/free/Library/Python/3.8/lib/python/site-packages/pyatv/auth/hap_pairing.py\\\", line 139, in parse_credentials\\n    raise exceptions.InvalidCredentialsError(\\\"invalid credentials: \\\" + detail_string)\\npyatv.exceptions.InvalidCredentialsError: invalid credentials: 321\\n'\n};\nassert.throws(() => {\n    parseState(input, '', {});\n}, /Got pyatv Error: invalid credentials: 321/);",
                  "err": {},
                  "uuid": "f2265061-a4eb-4e36-909f-b7d6b457af6c",
                  "parentUUID": "371d59f1-8e7b-4c6f-9a84-dc65dd9c3767",
                  "isHook": false,
                  "skipped": false
                },
                {
                  "title": "should ignore date if it's an invalid date",
                  "fullTitle": "Tools parseState() should ignore date if it's an invalid date",
                  "timedOut": false,
                  "duration": 0,
                  "state": "passed",
                  "speed": "fast",
                  "pass": true,
                  "fail": false,
                  "pending": false,
                  "context": null,
                  "code": "const input = { datetime: 'today' };\nconst result = parseState(input, '', {});\nassert.deepStrictEqual(result, {\n    dateTime: null,\n    hash: null,\n    mediaType: null,\n    deviceState: null,\n    title: null,\n    artist: null,\n    album: null,\n    genre: null,\n    totalTime: null,\n    position: null,\n    shuffle: null,\n    repeat: null,\n    app: null,\n    appId: null,\n    powerState: null,\n    focusState: null,\n    volume: null,\n    outputDevices: null\n});",
                  "err": {},
                  "uuid": "a14d2444-1f65-4b04-b1dc-dd3477cf0a6b",
                  "parentUUID": "371d59f1-8e7b-4c6f-9a84-dc65dd9c3767",
                  "isHook": false,
                  "skipped": false
                },
                {
                  "title": "should ignore data if unsupported type",
                  "fullTitle": "Tools parseState() should ignore data if unsupported type",
                  "timedOut": false,
                  "duration": 0,
                  "state": "passed",
                  "speed": "fast",
                  "pass": true,
                  "fail": false,
                  "pending": false,
                  "context": null,
                  "code": "const input = {\n    result: 'success',\n    datetime: true,\n    hash: 1337,\n    media_type: false,\n    device_state: 43,\n    title: undefined,\n    artist: 90,\n    album: Infinity,\n    genre: Math.PI,\n    total_time: '23min',\n    position: '0:30.123',\n    shuffle: false,\n    repeat: true,\n    app: 0,\n    app_id: 891645381647289,\n    power_state: null,\n    focus_state: null,\n    volume: null,\n    output_devices: null\n};\nconst result = parseState(input, '', {});\nassert.deepStrictEqual(result, {\n    dateTime: null,\n    hash: null,\n    mediaType: null,\n    deviceState: null,\n    title: null,\n    artist: null,\n    album: null,\n    genre: null,\n    totalTime: null,\n    position: null,\n    shuffle: null,\n    repeat: null,\n    app: null,\n    appId: null,\n    powerState: null,\n    focusState: null,\n    volume: null,\n    outputDevices: null\n});",
                  "err": {},
                  "uuid": "d89579d9-2074-4d41-930d-f2b04335eebc",
                  "parentUUID": "371d59f1-8e7b-4c6f-9a84-dc65dd9c3767",
                  "isHook": false,
                  "skipped": false
                },
                {
                  "title": "should ignore enums with unsupported valid",
                  "fullTitle": "Tools parseState() should ignore enums with unsupported valid",
                  "timedOut": false,
                  "duration": 0,
                  "state": "passed",
                  "speed": "fast",
                  "pass": true,
                  "fail": false,
                  "pending": false,
                  "context": null,
                  "code": "const input = {\n    media_type: '3d-experience',\n    device_state: 'initiating',\n    shuffle: 'everything',\n    repeat: 'nothing'\n};\nconst result = parseState(input, '', {});\nassert.deepStrictEqual(result, {\n    dateTime: null,\n    hash: null,\n    mediaType: null,\n    deviceState: null,\n    title: null,\n    artist: null,\n    album: null,\n    genre: null,\n    totalTime: null,\n    position: null,\n    shuffle: null,\n    repeat: null,\n    app: null,\n    appId: null,\n    powerState: null,\n    focusState: null,\n    volume: null,\n    outputDevices: null\n});",
                  "err": {},
                  "uuid": "0467013f-cbb6-49ee-b4af-85e2b8a243c0",
                  "parentUUID": "371d59f1-8e7b-4c6f-9a84-dc65dd9c3767",
                  "isHook": false,
                  "skipped": false
                }
              ],
              "suites": [],
              "passes": [
                "5e2f1520-048e-410d-a3cf-305c7a797fa0",
                "7e043f50-4fda-4875-8265-e7a61905d802",
                "3fc958cf-1e7d-48b0-9e94-012472424810",
                "f2265061-a4eb-4e36-909f-b7d6b457af6c",
                "a14d2444-1f65-4b04-b1dc-dd3477cf0a6b",
                "d89579d9-2074-4d41-930d-f2b04335eebc",
                "0467013f-cbb6-49ee-b4af-85e2b8a243c0"
              ],
              "failures": [],
              "pending": [],
              "skipped": [],
              "duration": 1,
              "root": false,
              "rootEmpty": false,
              "_timeout": 2000
            }
          ],
          "passes": [],
          "failures": [],
          "pending": [],
          "skipped": [],
          "duration": 0,
          "root": false,
          "rootEmpty": false,
          "_timeout": 2000
        }
      ],
      "passes": [],
      "failures": [],
      "pending": [],
      "skipped": [],
      "duration": 0,
      "root": true,
      "rootEmpty": true,
      "_timeout": 2000
    }
  ],
  "meta": {
    "mocha": {
      "version": "10.3.0"
    },
    "mochawesome": {
      "options": {
        "quiet": false,
        "reportFilename": "mochawesome",
        "saveHtml": true,
        "saveJson": true,
        "consoleReporter": "spec",
        "useInlineDiffs": false,
        "code": true
      },
      "version": "7.1.3"
    },
    "marge": {
      "options": null,
      "version": "6.2.0"
    }
  }
}