{
  "stats": {
    "suites": 93,
    "tests": 162,
    "passes": 160,
    "pending": 2,
    "failures": 0,
    "start": "2024-01-15T17:32:31.250Z",
    "end": "2024-01-15T17:32:43.078Z",
    "duration": 11828,
    "testsRegistered": 162,
    "passPercent": 100,
    "pendingPercent": 1.2345679012345678,
    "other": 0,
    "hasOther": false,
    "skipped": 0,
    "hasSkipped": false
  },
  "results": [
    {
      "uuid": "c719070c-5e12-4602-a670-ffd225d8c1b8",
      "title": "",
      "fullFile": "",
      "file": "",
      "beforeHooks": [],
      "afterHooks": [],
      "tests": [],
      "suites": [
        {
          "uuid": "752048da-7ee1-458a-a84b-133b3428c326",
          "title": "NodePyATVDeviceEvent",
          "fullFile": "/home/runner/work/node-pyatv/node-pyatv/test/device-event.ts",
          "file": "/test/device-event.ts",
          "beforeHooks": [],
          "afterHooks": [],
          "tests": [],
          "suites": [
            {
              "uuid": "c25b66e9-15df-42a6-bbec-4472bd659acd",
              "title": "get key()",
              "fullFile": "/home/runner/work/node-pyatv/node-pyatv/test/device-event.ts",
              "file": "/test/device-event.ts",
              "beforeHooks": [],
              "afterHooks": [],
              "tests": [
                {
                  "title": "should work",
                  "fullTitle": "NodePyATVDeviceEvent get key() should work",
                  "timedOut": false,
                  "duration": 1,
                  "state": "passed",
                  "speed": "fast",
                  "pass": true,
                  "fail": false,
                  "pending": false,
                  "context": null,
                  "code": "const event = new NodePyATVDeviceEvent({\n    key: 'genre',\n    old: 'Jazz',\n    new: 'Rock',\n    device: new NodePyATVDevice({\n        host: '192.168.178.2',\n        name: 'My Testinstance'\n    })\n});\nassert.strictEqual(event.key, 'genre');",
                  "err": {},
                  "uuid": "f83dc03e-cc02-476f-ae83-5be2abec5cef",
                  "parentUUID": "c25b66e9-15df-42a6-bbec-4472bd659acd",
                  "isHook": false,
                  "skipped": false
                }
              ],
              "suites": [],
              "passes": [
                "f83dc03e-cc02-476f-ae83-5be2abec5cef"
              ],
              "failures": [],
              "pending": [],
              "skipped": [],
              "duration": 1,
              "root": false,
              "rootEmpty": false,
              "_timeout": 2000
            },
            {
              "uuid": "40f3197c-399c-411f-adc2-0d3d013a8f66",
              "title": "get oldValue()",
              "fullFile": "/home/runner/work/node-pyatv/node-pyatv/test/device-event.ts",
              "file": "/test/device-event.ts",
              "beforeHooks": [],
              "afterHooks": [],
              "tests": [
                {
                  "title": "should work",
                  "fullTitle": "NodePyATVDeviceEvent get oldValue() should work",
                  "timedOut": false,
                  "duration": 1,
                  "state": "passed",
                  "speed": "fast",
                  "pass": true,
                  "fail": false,
                  "pending": false,
                  "context": null,
                  "code": "const event = new NodePyATVDeviceEvent({\n    key: 'genre',\n    old: 'Jazz',\n    new: 'Rock',\n    device: new NodePyATVDevice({\n        host: '192.168.178.2',\n        name: 'My Testinstance'\n    })\n});\nassert.strictEqual(event.oldValue, 'Jazz');",
                  "err": {},
                  "uuid": "33dfcdc0-1c81-4096-8e63-7b272d9e610e",
                  "parentUUID": "40f3197c-399c-411f-adc2-0d3d013a8f66",
                  "isHook": false,
                  "skipped": false
                }
              ],
              "suites": [],
              "passes": [
                "33dfcdc0-1c81-4096-8e63-7b272d9e610e"
              ],
              "failures": [],
              "pending": [],
              "skipped": [],
              "duration": 1,
              "root": false,
              "rootEmpty": false,
              "_timeout": 2000
            },
            {
              "uuid": "e0743c84-6001-477c-acc6-4026796847c8",
              "title": "get newValue()",
              "fullFile": "/home/runner/work/node-pyatv/node-pyatv/test/device-event.ts",
              "file": "/test/device-event.ts",
              "beforeHooks": [],
              "afterHooks": [],
              "tests": [
                {
                  "title": "should work",
                  "fullTitle": "NodePyATVDeviceEvent get newValue() should work",
                  "timedOut": false,
                  "duration": 0,
                  "state": "passed",
                  "speed": "fast",
                  "pass": true,
                  "fail": false,
                  "pending": false,
                  "context": null,
                  "code": "const event = new NodePyATVDeviceEvent({\n    key: 'genre',\n    old: 'Jazz',\n    new: 'Rock',\n    device: new NodePyATVDevice({\n        host: '192.168.178.2',\n        name: 'My Testinstance'\n    })\n});\nassert.strictEqual(event.newValue, 'Rock');",
                  "err": {},
                  "uuid": "f2de630a-07d7-48e1-9052-bfbb30dc8222",
                  "parentUUID": "e0743c84-6001-477c-acc6-4026796847c8",
                  "isHook": false,
                  "skipped": false
                }
              ],
              "suites": [],
              "passes": [
                "f2de630a-07d7-48e1-9052-bfbb30dc8222"
              ],
              "failures": [],
              "pending": [],
              "skipped": [],
              "duration": 0,
              "root": false,
              "rootEmpty": false,
              "_timeout": 2000
            },
            {
              "uuid": "8464572d-cd42-465b-ab16-ff92b3115f86",
              "title": "get value()",
              "fullFile": "/home/runner/work/node-pyatv/node-pyatv/test/device-event.ts",
              "file": "/test/device-event.ts",
              "beforeHooks": [],
              "afterHooks": [],
              "tests": [
                {
                  "title": "should work",
                  "fullTitle": "NodePyATVDeviceEvent get value() should work",
                  "timedOut": false,
                  "duration": 0,
                  "state": "passed",
                  "speed": "fast",
                  "pass": true,
                  "fail": false,
                  "pending": false,
                  "context": null,
                  "code": "const event = new NodePyATVDeviceEvent({\n    key: 'genre',\n    old: 'Jazz',\n    new: 'Rock',\n    device: new NodePyATVDevice({\n        host: '192.168.178.2',\n        name: 'My Testinstance'\n    })\n});\nassert.strictEqual(event.value, 'Rock');",
                  "err": {},
                  "uuid": "a090ca46-3403-4542-9e68-a8dfb465553e",
                  "parentUUID": "8464572d-cd42-465b-ab16-ff92b3115f86",
                  "isHook": false,
                  "skipped": false
                }
              ],
              "suites": [],
              "passes": [
                "a090ca46-3403-4542-9e68-a8dfb465553e"
              ],
              "failures": [],
              "pending": [],
              "skipped": [],
              "duration": 0,
              "root": false,
              "rootEmpty": false,
              "_timeout": 2000
            },
            {
              "uuid": "d1ffbf69-4981-467c-b474-3aac853ea5e9",
              "title": "get device()",
              "fullFile": "/home/runner/work/node-pyatv/node-pyatv/test/device-event.ts",
              "file": "/test/device-event.ts",
              "beforeHooks": [],
              "afterHooks": [],
              "tests": [
                {
                  "title": "should work",
                  "fullTitle": "NodePyATVDeviceEvent get device() should work",
                  "timedOut": false,
                  "duration": 0,
                  "state": "passed",
                  "speed": "fast",
                  "pass": true,
                  "fail": false,
                  "pending": false,
                  "context": null,
                  "code": "const device = new NodePyATVDevice({\n    host: '192.168.178.2',\n    name: 'My Testinstance'\n});\nconst event = new NodePyATVDeviceEvent({\n    key: 'genre',\n    old: 'Jazz',\n    new: 'Rock',\n    device\n});\nassert.deepEqual(event.device, device);",
                  "err": {},
                  "uuid": "00be2421-ca40-43b0-8509-7f3d253fc93e",
                  "parentUUID": "d1ffbf69-4981-467c-b474-3aac853ea5e9",
                  "isHook": false,
                  "skipped": false
                }
              ],
              "suites": [],
              "passes": [
                "00be2421-ca40-43b0-8509-7f3d253fc93e"
              ],
              "failures": [],
              "pending": [],
              "skipped": [],
              "duration": 0,
              "root": false,
              "rootEmpty": false,
              "_timeout": 2000
            }
          ],
          "passes": [],
          "failures": [],
          "pending": [],
          "skipped": [],
          "duration": 0,
          "root": false,
          "rootEmpty": false,
          "_timeout": 2000
        },
        {
          "uuid": "43f51a8e-4a14-45fd-b548-5b8bbffd9ddc",
          "title": "NodePyATVDeviceEvents",
          "fullFile": "/home/runner/work/node-pyatv/node-pyatv/test/device-events.ts",
          "file": "/test/device-events.ts",
          "beforeHooks": [],
          "afterHooks": [],
          "tests": [],
          "suites": [
            {
              "uuid": "7a32cae1-b9c2-4d8c-898c-c80b6f845fba",
              "title": "applyStateAndEmitEvents()",
              "fullFile": "/home/runner/work/node-pyatv/node-pyatv/test/device-events.ts",
              "file": "/test/device-events.ts",
              "beforeHooks": [],
              "afterHooks": [],
              "tests": [
                {
                  "title": "should emit update:key event",
                  "fullTitle": "NodePyATVDeviceEvents applyStateAndEmitEvents() should emit update:key event",
                  "timedOut": false,
                  "duration": 4,
                  "state": "passed",
                  "speed": "fast",
                  "pass": true,
                  "fail": false,
                  "pending": false,
                  "context": null,
                  "code": "return __awaiter(this, void 0, void 0, function* () {\n    const device = new NodePyATVDevice({\n        name: 'My Testdevice',\n        host: '192.168.178.2',\n        spawn: createFakeSpawn(cp => {\n            cp.onStdIn(() => cp.end());\n            cp.stdout({\n                result: 'success',\n                title: 'My Movie'\n            });\n        })\n    });\n    yield new Promise(cb => {\n        device.once('update:title', event => {\n            assert.ok(event instanceof NodePyATVDeviceEvent);\n            assert.strictEqual(event.key, 'title');\n            assert.strictEqual(event.oldValue, null);\n            assert.strictEqual(event.newValue, 'My Movie');\n            assert.strictEqual(event.value, 'My Movie');\n            assert.deepStrictEqual(event.device, device);\n            cb(undefined);\n        });\n    });\n});",
                  "err": {},
                  "uuid": "de4e981d-5a6f-406c-86ef-a6a286104340",
                  "parentUUID": "7a32cae1-b9c2-4d8c-898c-c80b6f845fba",
                  "isHook": false,
                  "skipped": false
                },
                {
                  "title": "should emit update event",
                  "fullTitle": "NodePyATVDeviceEvents applyStateAndEmitEvents() should emit update event",
                  "timedOut": false,
                  "duration": 2,
                  "state": "passed",
                  "speed": "fast",
                  "pass": true,
                  "fail": false,
                  "pending": false,
                  "context": null,
                  "code": "return __awaiter(this, void 0, void 0, function* () {\n    const device = new NodePyATVDevice({\n        name: 'My Testdevice',\n        host: '192.168.178.2',\n        spawn: createFakeSpawn(cp => {\n            cp.onStdIn(() => cp.end());\n            cp.stdout({\n                result: 'success',\n                title: 'My Movie'\n            });\n        })\n    });\n    yield new Promise(cb => {\n        device.once('update', event => {\n            assert.ok(event instanceof NodePyATVDeviceEvent);\n            assert.strictEqual(event.key, 'title');\n            assert.strictEqual(event.oldValue, null);\n            assert.strictEqual(event.newValue, 'My Movie');\n            assert.strictEqual(event.value, 'My Movie');\n            assert.deepStrictEqual(event.device, device);\n            cb(undefined);\n        });\n    });\n});",
                  "err": {},
                  "uuid": "536f385d-31c0-4107-8f65-3012160acfba",
                  "parentUUID": "7a32cae1-b9c2-4d8c-898c-c80b6f845fba",
                  "isHook": false,
                  "skipped": false
                },
                {
                  "title": "should emit update:key event before update",
                  "fullTitle": "NodePyATVDeviceEvents applyStateAndEmitEvents() should emit update:key event before update",
                  "timedOut": false,
                  "duration": 2,
                  "state": "passed",
                  "speed": "fast",
                  "pass": true,
                  "fail": false,
                  "pending": false,
                  "context": null,
                  "code": "return __awaiter(this, void 0, void 0, function* () {\n    const device = new NodePyATVDevice({\n        name: 'My Testdevice',\n        host: '192.168.178.2',\n        spawn: createFakeSpawn(cp => {\n            cp.onStdIn(() => cp.end());\n            cp.stdout({\n                result: 'success',\n                title: 'My Movie'\n            });\n        })\n    });\n    const sort = [];\n    yield Promise.race([\n        new Promise(cb => {\n            device.once('update', () => {\n                sort.push('update');\n                cb(undefined);\n            });\n        }),\n        new Promise(cb => {\n            device.once('update:title', () => {\n                sort.push('update:title');\n                cb(undefined);\n            });\n        })\n    ]);\n    assert.deepStrictEqual(sort, ['update:title', 'update']);\n});",
                  "err": {},
                  "uuid": "9c25958a-e9cc-4961-93db-d9f3cc474d90",
                  "parentUUID": "7a32cae1-b9c2-4d8c-898c-c80b6f845fba",
                  "isHook": false,
                  "skipped": false
                },
                {
                  "title": "should emit error events on failures",
                  "fullTitle": "NodePyATVDeviceEvents applyStateAndEmitEvents() should emit error events on failures",
                  "timedOut": false,
                  "duration": 2,
                  "state": "passed",
                  "speed": "fast",
                  "pass": true,
                  "fail": false,
                  "pending": false,
                  "context": null,
                  "code": "return __awaiter(this, void 0, void 0, function* () {\n    const device = new NodePyATVDevice({\n        name: 'My Testdevice',\n        host: '192.168.178.2',\n        spawn: createFakeSpawn(cp => {\n            cp.onStdIn(() => cp.end());\n            cp.stdout({\n                result: 'failure',\n                datetime: '2021-11-24T21:13:36.424576+03:00',\n                exception: 'invalid credentials: 321',\n                stacktrace: 'Traceback (most recent call last):\\n  File \\\"/Users/free/Library/Python/3.8/lib/python/site-packages/pyatv/scripts/atvscript.py\\\", line 302, in appstart\\n    print(args.output(await _handle_command(args, abort_sem, loop)), flush=True)\\n  File \\\"/Users/free/Library/Python/3.8/lib/python/site-packages/pyatv/scripts/atvscript.py\\\", line 196, in _handle_command\\n    atv = await connect(config, loop, protocol=Protocol.MRP)\\n  File \\\"/Users/free/Library/Python/3.8/lib/python/site-packages/pyatv/__init__.py\\\", line 96, in connect\\n    for setup_data in proto_methods.setup(\\n  File \\\"/Users/free/Library/Python/3.8/lib/python/site-packages/pyatv/protocols/airplay/__init__.py\\\", line 192, in setup\\n    stream = AirPlayStream(config, service)\\n  File \\\"/Users/free/Library/Python/3.8/lib/python/site-packages/pyatv/protocols/airplay/__init__.py\\\", line 79, in __init__\\n    self._credentials: HapCredentials = parse_credentials(self.service.credentials)\\n  File \\\"/Users/free/Library/Python/3.8/lib/python/site-packages/pyatv/auth/hap_pairing.py\\\", line 139, in parse_credentials\\n    raise exceptions.InvalidCredentialsError(\\\"invalid credentials: \\\" + detail_string)\\npyatv.exceptions.InvalidCredentialsError: invalid credentials: 321\\n'\n            });\n        })\n    });\n    yield new Promise(cb => {\n        device.once('error', error => {\n            assert.ok(error instanceof Error);\n            assert.ok(error.toString().includes('invalid credentials: 321'));\n            cb(undefined);\n        });\n    });\n});",
                  "err": {},
                  "uuid": "e14dfd36-c8a3-422f-aab3-6e42b6773dfb",
                  "parentUUID": "7a32cae1-b9c2-4d8c-898c-c80b6f845fba",
                  "isHook": false,
                  "skipped": false
                },
                {
                  "title": "should not emit an update if new value is same as old one",
                  "fullTitle": "NodePyATVDeviceEvents applyStateAndEmitEvents() should not emit an update if new value is same as old one",
                  "timedOut": false,
                  "duration": 3,
                  "state": "passed",
                  "speed": "fast",
                  "pass": true,
                  "fail": false,
                  "pending": false,
                  "context": null,
                  "code": "return __awaiter(this, void 0, void 0, function* () {\n    let spawnCounter = 0;\n    let eventCounter = 0;\n    const device = new NodePyATVDevice({\n        name: 'My Testdevice',\n        host: '192.168.178.2',\n        spawn: createFakeSpawn(cp => {\n            if (spawnCounter === 0) {\n                cp.onStdIn(() => cp.end());\n            }\n            cp.stdout({\n                result: 'success',\n                title: 'My Movie'\n            });\n            spawnCounter++;\n            if (spawnCounter >= 2) {\n                cp.end();\n            }\n        })\n    });\n    const listener = () => {\n        eventCounter++;\n    };\n    device.on('update', listener);\n    yield new Promise(cb => setTimeout(cb, 0));\n    yield device.getState();\n    device.off('update', listener);\n    assert.strictEqual(spawnCounter, 2);\n    assert.strictEqual(eventCounter, 1);\n});",
                  "err": {},
                  "uuid": "0bf887f2-7c38-4004-bfa6-0c298a3a15af",
                  "parentUUID": "7a32cae1-b9c2-4d8c-898c-c80b6f845fba",
                  "isHook": false,
                  "skipped": false
                },
                {
                  "title": "should emit error event if event listener throws an exception",
                  "fullTitle": "NodePyATVDeviceEvents applyStateAndEmitEvents() should emit error event if event listener throws an exception",
                  "timedOut": false,
                  "duration": 2,
                  "state": "passed",
                  "speed": "fast",
                  "pass": true,
                  "fail": false,
                  "pending": false,
                  "context": null,
                  "code": "return __awaiter(this, void 0, void 0, function* () {\n    const device = new NodePyATVDevice({\n        name: 'My Testdevice',\n        host: '192.168.178.2',\n        spawn: createFakeSpawn(cp => {\n            cp.onStdIn(() => cp.end());\n            cp.stdout({\n                result: 'success',\n                title: 'My Movie'\n            });\n        })\n    });\n    let callCounter = 0;\n    const error = new Error('This is an error. Be nice.');\n    device.once('error', err => {\n        assert.strictEqual(err, error);\n        callCounter++;\n    });\n    const listener = () => {\n        throw error;\n    };\n    device.on('update', listener);\n    yield new Promise(cb => setTimeout(cb, 0));\n    device.off('update', listener);\n    assert.strictEqual(callCounter, 1);\n});",
                  "err": {},
                  "uuid": "8aa452ae-752b-46de-955f-9b7f30d2997e",
                  "parentUUID": "7a32cae1-b9c2-4d8c-898c-c80b6f845fba",
                  "isHook": false,
                  "skipped": false
                },
                {
                  "title": "should also work with powerState",
                  "fullTitle": "NodePyATVDeviceEvents applyStateAndEmitEvents() should also work with powerState",
                  "timedOut": false,
                  "duration": 2,
                  "state": "passed",
                  "speed": "fast",
                  "pass": true,
                  "fail": false,
                  "pending": false,
                  "context": null,
                  "code": "return __awaiter(this, void 0, void 0, function* () {\n    const device = new NodePyATVDevice({\n        name: 'My Testdevice',\n        host: '192.168.178.2',\n        spawn: createFakeSpawn(cp => {\n            cp.onStdIn(() => cp.end());\n            cp.stdout({\n                result: 'success',\n                datetime: new Date().toJSON(),\n                power_state: 'off'\n            });\n        })\n    });\n    yield new Promise(cb => {\n        device.once('update:powerState', event => {\n            assert.ok(event instanceof NodePyATVDeviceEvent);\n            assert.strictEqual(event.key, 'powerState');\n            assert.strictEqual(event.oldValue, null);\n            assert.strictEqual(event.newValue, 'off');\n            assert.strictEqual(event.newValue, NodePyATVPowerState.off);\n            assert.strictEqual(event.value, 'off');\n            assert.strictEqual(event.value, NodePyATVPowerState.off);\n            assert.deepStrictEqual(event.device, device);\n            cb(undefined);\n        });\n    });\n});",
                  "err": {},
                  "uuid": "e1ecc469-e11f-4c2e-8551-3aace90721b5",
                  "parentUUID": "7a32cae1-b9c2-4d8c-898c-c80b6f845fba",
                  "isHook": false,
                  "skipped": false
                },
                {
                  "title": "should only one event for powerState changes",
                  "fullTitle": "NodePyATVDeviceEvents applyStateAndEmitEvents() should only one event for powerState changes",
                  "timedOut": false,
                  "duration": 11,
                  "state": "passed",
                  "speed": "fast",
                  "pass": true,
                  "fail": false,
                  "pending": false,
                  "context": null,
                  "code": "return __awaiter(this, void 0, void 0, function* () {\n    const device = new NodePyATVDevice({\n        name: 'My Testdevice',\n        host: '192.168.178.2',\n        spawn: createFakeSpawn(cp => {\n            cp.onStdIn(() => cp.end());\n            cp.stdout({\n                result: 'success',\n                datetime: new Date().toJSON(),\n                power_state: 'off'\n            });\n            cp.end();\n        })\n    });\n    let counter = 0;\n    device.on('update', event => {\n        assert.ok(event instanceof NodePyATVDeviceEvent);\n        assert.strictEqual(event.key, 'powerState');\n        assert.strictEqual(event.oldValue, null);\n        assert.strictEqual(event.newValue, 'off');\n        assert.strictEqual(event.newValue, NodePyATVPowerState.off);\n        assert.strictEqual(event.value, 'off');\n        assert.strictEqual(event.value, NodePyATVPowerState.off);\n        assert.deepStrictEqual(event.device, device);\n        counter++;\n    });\n    yield new Promise(cb => setTimeout(cb, 10));\n    assert.strictEqual(counter, 1);\n    device.removeAllListeners('update');\n});",
                  "err": {},
                  "uuid": "ecdbe4c7-f02f-43af-8a16-d278d1df88d5",
                  "parentUUID": "7a32cae1-b9c2-4d8c-898c-c80b6f845fba",
                  "isHook": false,
                  "skipped": false
                },
                {
                  "title": "should only one event for focusState changes",
                  "fullTitle": "NodePyATVDeviceEvents applyStateAndEmitEvents() should only one event for focusState changes",
                  "timedOut": false,
                  "duration": 11,
                  "state": "passed",
                  "speed": "fast",
                  "pass": true,
                  "fail": false,
                  "pending": false,
                  "context": null,
                  "code": "return __awaiter(this, void 0, void 0, function* () {\n    const device = new NodePyATVDevice({\n        name: 'My Testdevice',\n        host: '192.168.178.2',\n        spawn: createFakeSpawn(cp => {\n            cp.onStdIn(() => cp.end());\n            cp.stdout({\n                result: 'success',\n                datetime: new Date().toJSON(),\n                focus_state: 'unfocused'\n            });\n            cp.end();\n        })\n    });\n    let counter = 0;\n    device.on('update', event => {\n        assert.ok(event instanceof NodePyATVDeviceEvent);\n        assert.strictEqual(event.key, 'focusState');\n        assert.strictEqual(event.oldValue, null);\n        assert.strictEqual(event.newValue, 'unfocused');\n        assert.strictEqual(event.newValue, NodePyATVFocusState.unfocused);\n        assert.strictEqual(event.value, 'unfocused');\n        assert.strictEqual(event.value, NodePyATVFocusState.unfocused);\n        assert.deepStrictEqual(event.device, device);\n        counter++;\n    });\n    yield new Promise(cb => setTimeout(cb, 10));\n    assert.strictEqual(counter, 1);\n    device.removeAllListeners('update');\n});",
                  "err": {},
                  "uuid": "7ec2158f-a394-40a1-9b5d-f80365737f40",
                  "parentUUID": "7a32cae1-b9c2-4d8c-898c-c80b6f845fba",
                  "isHook": false,
                  "skipped": false
                },
                {
                  "title": "should only one event for outputDevices changes",
                  "fullTitle": "NodePyATVDeviceEvents applyStateAndEmitEvents() should only one event for outputDevices changes",
                  "timedOut": false,
                  "duration": 11,
                  "state": "passed",
                  "speed": "fast",
                  "pass": true,
                  "fail": false,
                  "pending": false,
                  "context": null,
                  "code": "return __awaiter(this, void 0, void 0, function* () {\n    const device = new NodePyATVDevice({\n        name: 'My Testdevice',\n        host: '192.168.178.2',\n        spawn: createFakeSpawn(cp => {\n            cp.onStdIn(() => cp.end());\n            cp.stdout({\n                result: 'success',\n                datetime: new Date().toJSON(),\n                output_devices: [{\n                        name: 'Living room',\n                        identifier: 'AAAAAAAA-BBBB-CCCC-DDDD-EEEEEEEEEEEE'\n                    }]\n            });\n            cp.end();\n        })\n    });\n    let counter = 0;\n    device.on('update', event => {\n        assert.ok(event instanceof NodePyATVDeviceEvent);\n        assert.strictEqual(event.key, 'outputDevices');\n        assert.strictEqual(event.oldValue, null);\n        assert.deepStrictEqual(event.newValue, [{\n                name: 'Living room',\n                identifier: 'AAAAAAAA-BBBB-CCCC-DDDD-EEEEEEEEEEEE'\n            }]);\n        assert.deepStrictEqual(event.value, [{\n                name: 'Living room',\n                identifier: 'AAAAAAAA-BBBB-CCCC-DDDD-EEEEEEEEEEEE'\n            }]);\n        assert.deepStrictEqual(event.device, device);\n        counter++;\n    });\n    yield new Promise(cb => setTimeout(cb, 10));\n    assert.strictEqual(counter, 1);\n    device.removeAllListeners('update');\n});",
                  "err": {},
                  "uuid": "98b724a5-2628-4d38-81d4-319a281964ef",
                  "parentUUID": "7a32cae1-b9c2-4d8c-898c-c80b6f845fba",
                  "isHook": false,
                  "skipped": false
                },
                {
                  "title": "should only one event for volume changes",
                  "fullTitle": "NodePyATVDeviceEvents applyStateAndEmitEvents() should only one event for volume changes",
                  "timedOut": false,
                  "duration": 11,
                  "state": "passed",
                  "speed": "fast",
                  "pass": true,
                  "fail": false,
                  "pending": false,
                  "context": null,
                  "code": "return __awaiter(this, void 0, void 0, function* () {\n    const device = new NodePyATVDevice({\n        name: 'My Testdevice',\n        host: '192.168.178.2',\n        spawn: createFakeSpawn(cp => {\n            cp.onStdIn(() => cp.end());\n            cp.stdout({\n                result: 'success',\n                datetime: new Date().toJSON(),\n                volume: 20.0\n            });\n            cp.end();\n        })\n    });\n    let counter = 0;\n    device.on('update', event => {\n        assert.ok(event instanceof NodePyATVDeviceEvent);\n        assert.strictEqual(event.key, 'volume');\n        assert.strictEqual(event.oldValue, null);\n        assert.strictEqual(event.newValue, 20);\n        assert.strictEqual(event.value, 20);\n        assert.deepStrictEqual(event.device, device);\n        counter++;\n    });\n    yield new Promise(cb => setTimeout(cb, 10));\n    assert.strictEqual(counter, 1);\n    device.removeAllListeners('update');\n});",
                  "err": {},
                  "uuid": "00b3adde-6fd5-42f9-8d76-2b716c268cf6",
                  "parentUUID": "7a32cae1-b9c2-4d8c-898c-c80b6f845fba",
                  "isHook": false,
                  "skipped": false
                },
                {
                  "title": "should not trigger any events for newly added fields",
                  "fullTitle": "NodePyATVDeviceEvents applyStateAndEmitEvents() should not trigger any events for newly added fields",
                  "timedOut": false,
                  "duration": 10,
                  "state": "passed",
                  "speed": "fast",
                  "pass": true,
                  "fail": false,
                  "pending": false,
                  "context": null,
                  "code": "return __awaiter(this, void 0, void 0, function* () {\n    const device = new NodePyATVDevice({\n        name: 'My Testdevice',\n        host: '192.168.178.2',\n        spawn: createFakeSpawn(cp => {\n            cp.onStdIn(() => cp.end());\n            cp.stdout({\n                result: 'success',\n                datetime: new Date().toJSON(),\n                foo: 'bar'\n            });\n            cp.end();\n        })\n    });\n    device.on('update', event => {\n        assert.fail(`Got an update event for a new field: ${event}`);\n    });\n    yield new Promise(cb => setTimeout(cb, 10));\n    device.removeAllListeners('update');\n});",
                  "err": {},
                  "uuid": "c9d6a2df-da70-4d91-a0d5-44de6479a634",
                  "parentUUID": "7a32cae1-b9c2-4d8c-898c-c80b6f845fba",
                  "isHook": false,
                  "skipped": false
                }
              ],
              "suites": [],
              "passes": [
                "de4e981d-5a6f-406c-86ef-a6a286104340",
                "536f385d-31c0-4107-8f65-3012160acfba",
                "9c25958a-e9cc-4961-93db-d9f3cc474d90",
                "e14dfd36-c8a3-422f-aab3-6e42b6773dfb",
                "0bf887f2-7c38-4004-bfa6-0c298a3a15af",
                "8aa452ae-752b-46de-955f-9b7f30d2997e",
                "e1ecc469-e11f-4c2e-8551-3aace90721b5",
                "ecdbe4c7-f02f-43af-8a16-d278d1df88d5",
                "7ec2158f-a394-40a1-9b5d-f80365737f40",
                "98b724a5-2628-4d38-81d4-319a281964ef",
                "00b3adde-6fd5-42f9-8d76-2b716c268cf6",
                "c9d6a2df-da70-4d91-a0d5-44de6479a634"
              ],
              "failures": [],
              "pending": [],
              "skipped": [],
              "duration": 71,
              "root": false,
              "rootEmpty": false,
              "_timeout": 2000
            },
            {
              "uuid": "6e39998c-f322-45f7-a508-895f93c00c98",
              "title": "start|stopListening()",
              "fullFile": "/home/runner/work/node-pyatv/node-pyatv/test/device-events.ts",
              "file": "/test/device-events.ts",
              "beforeHooks": [],
              "afterHooks": [],
              "tests": [
                {
                  "title": "should emit error if spawn fails",
                  "fullTitle": "NodePyATVDeviceEvents start|stopListening() should emit error if spawn fails",
                  "timedOut": false,
                  "duration": 1,
                  "state": "passed",
                  "speed": "fast",
                  "pass": true,
                  "fail": false,
                  "pending": false,
                  "context": null,
                  "code": "return __awaiter(this, void 0, void 0, function* () {\n    const error = new Error();\n    const device = new NodePyATVDevice({\n        name: 'My Testdevice',\n        host: '192.168.178.2',\n        spawn: createFakeSpawn(cp => {\n            cp.error(error).end();\n        })\n    });\n    const listener = () => {\n        // empty listener\n    };\n    device.on('update', listener);\n    yield new Promise(cb => {\n        device.once('error', err => {\n            assert.strictEqual(err, error);\n            cb(undefined);\n        });\n    });\n    device.off('update', listener);\n});",
                  "err": {},
                  "uuid": "854398c2-0745-42c1-ad0d-f5c96d2486d4",
                  "parentUUID": "6e39998c-f322-45f7-a508-895f93c00c98",
                  "isHook": false,
                  "skipped": false
                },
                {
                  "title": "should emit error on stderr data",
                  "fullTitle": "NodePyATVDeviceEvents start|stopListening() should emit error on stderr data",
                  "timedOut": false,
                  "duration": 2,
                  "state": "passed",
                  "speed": "fast",
                  "pass": true,
                  "fail": false,
                  "pending": false,
                  "context": null,
                  "code": "return __awaiter(this, void 0, void 0, function* () {\n    const device = new NodePyATVDevice({\n        name: 'My Testdevice',\n        host: '192.168.178.2',\n        spawn: createFakeSpawn(cp => {\n            cp.stderr('Hello World!').end();\n        })\n    });\n    const listener = () => {\n        // empty listener\n    };\n    device.on('update', listener);\n    yield new Promise(cb => {\n        device.once('error', err => {\n            assert.ok(err instanceof Error);\n            assert.ok(err.toString().includes('Got stderr output from pyatv: Hello World!'));\n            cb(undefined);\n        });\n    });\n    device.off('update', listener);\n});",
                  "err": {},
                  "uuid": "af038ff0-d366-4e98-b0ab-256e631b2c45",
                  "parentUUID": "6e39998c-f322-45f7-a508-895f93c00c98",
                  "isHook": false,
                  "skipped": false
                },
                {
                  "title": "should emit error if stdout is not valid json",
                  "fullTitle": "NodePyATVDeviceEvents start|stopListening() should emit error if stdout is not valid json",
                  "timedOut": false,
                  "duration": 2,
                  "state": "passed",
                  "speed": "fast",
                  "pass": true,
                  "fail": false,
                  "pending": false,
                  "context": null,
                  "code": "return __awaiter(this, void 0, void 0, function* () {\n    const device = new NodePyATVDevice({\n        name: 'My Testdevice',\n        host: '192.168.178.2',\n        spawn: createFakeSpawn(cp => {\n            cp.stdout('#').end();\n        })\n    });\n    const listener = () => {\n        // empty listener\n    };\n    device.on('update', listener);\n    yield new Promise(cb => {\n        device.once('error', err => {\n            assert.ok(err instanceof Error);\n            assert.ok(err.toString().includes('Unable to parse stdout json: SyntaxError'));\n            cb(undefined);\n        });\n    });\n    device.off('update', listener);\n});",
                  "err": {},
                  "uuid": "226f6027-bc96-4036-b438-e6c6c326d655",
                  "parentUUID": "6e39998c-f322-45f7-a508-895f93c00c98",
                  "isHook": false,
                  "skipped": false
                },
                {
                  "title": "should restart the process if it gets killed",
                  "fullTitle": "NodePyATVDeviceEvents start|stopListening() should restart the process if it gets killed",
                  "timedOut": false,
                  "duration": 0,
                  "state": "pending",
                  "speed": null,
                  "pass": false,
                  "fail": false,
                  "pending": true,
                  "context": null,
                  "code": "",
                  "err": {},
                  "uuid": "7360998e-412f-4738-861a-fe4bd95acff0",
                  "parentUUID": "6e39998c-f322-45f7-a508-895f93c00c98",
                  "isHook": false,
                  "skipped": false
                }
              ],
              "suites": [],
              "passes": [
                "854398c2-0745-42c1-ad0d-f5c96d2486d4",
                "af038ff0-d366-4e98-b0ab-256e631b2c45",
                "226f6027-bc96-4036-b438-e6c6c326d655"
              ],
              "failures": [],
              "pending": [
                "7360998e-412f-4738-861a-fe4bd95acff0"
              ],
              "skipped": [],
              "duration": 5,
              "root": false,
              "rootEmpty": false,
              "_timeout": 2000
            },
            {
              "uuid": "aa313c60-e754-485a-a0bf-b03db4029e92",
              "title": "addListener() / removeAllListeners()",
              "fullFile": "/home/runner/work/node-pyatv/node-pyatv/test/device-events.ts",
              "file": "/test/device-events.ts",
              "beforeHooks": [],
              "afterHooks": [],
              "tests": [
                {
                  "title": "should work without any exceptions",
                  "fullTitle": "NodePyATVDeviceEvents addListener() / removeAllListeners() should work without any exceptions",
                  "timedOut": false,
                  "duration": 0,
                  "state": "passed",
                  "speed": "fast",
                  "pass": true,
                  "fail": false,
                  "pending": false,
                  "context": null,
                  "code": "return __awaiter(this, void 0, void 0, function* () {\n    const device = new NodePyATVDevice({\n        name: 'My Testdevice',\n        host: '192.168.178.2',\n        spawn: createFakeSpawn(cp => {\n            cp.onStdIn(() => cp.end());\n            cp.stdout({\n                result: 'success',\n                title: 'My Movie'\n            });\n        })\n    });\n    const listener = () => {\n        // empty listener\n    };\n    device.addListener('update', listener);\n    device.removeAllListeners('update');\n});",
                  "err": {},
                  "uuid": "77c7cfb9-4f5c-40f2-951a-1a41370aa46a",
                  "parentUUID": "aa313c60-e754-485a-a0bf-b03db4029e92",
                  "isHook": false,
                  "skipped": false
                }
              ],
              "suites": [],
              "passes": [
                "77c7cfb9-4f5c-40f2-951a-1a41370aa46a"
              ],
              "failures": [],
              "pending": [],
              "skipped": [],
              "duration": 0,
              "root": false,
              "rootEmpty": false,
              "_timeout": 2000
            },
            {
              "uuid": "76c4c92a-23fd-49aa-824f-a3659530f11a",
              "title": "emit()",
              "fullFile": "/home/runner/work/node-pyatv/node-pyatv/test/device-events.ts",
              "file": "/test/device-events.ts",
              "beforeHooks": [],
              "afterHooks": [],
              "tests": [
                {
                  "title": "should work",
                  "fullTitle": "NodePyATVDeviceEvents emit() should work",
                  "timedOut": false,
                  "duration": 0,
                  "state": "passed",
                  "speed": "fast",
                  "pass": true,
                  "fail": false,
                  "pending": false,
                  "context": null,
                  "code": "const device = new NodePyATVDevice({\n    name: 'My Testdevice',\n    host: '192.168.178.2',\n    spawn: createFakeSpawn(cp => {\n        cp.onStdIn(() => cp.end());\n    })\n});\nconst event = new NodePyATVDeviceEvent({\n    key: 'dateTime',\n    old: 'foo',\n    new: 'bar',\n    device\n});\nlet executions = 0;\ndevice.once('test', (e) => {\n    executions++;\n    assert.strictEqual(e, event);\n    assert.strictEqual(executions, 1);\n    done();\n});\ndevice.emit('test', event);",
                  "err": {},
                  "uuid": "8c5ea3e7-9a61-44c3-92f4-a6c552b6b89c",
                  "parentUUID": "76c4c92a-23fd-49aa-824f-a3659530f11a",
                  "isHook": false,
                  "skipped": false
                }
              ],
              "suites": [],
              "passes": [
                "8c5ea3e7-9a61-44c3-92f4-a6c552b6b89c"
              ],
              "failures": [],
              "pending": [],
              "skipped": [],
              "duration": 0,
              "root": false,
              "rootEmpty": false,
              "_timeout": 2000
            },
            {
              "uuid": "85908aaf-703e-428a-8282-67bbc187f54a",
              "title": "eventNames()",
              "fullFile": "/home/runner/work/node-pyatv/node-pyatv/test/device-events.ts",
              "file": "/test/device-events.ts",
              "beforeHooks": [],
              "afterHooks": [],
              "tests": [
                {
                  "title": "should work",
                  "fullTitle": "NodePyATVDeviceEvents eventNames() should work",
                  "timedOut": false,
                  "duration": 0,
                  "state": "passed",
                  "speed": "fast",
                  "pass": true,
                  "fail": false,
                  "pending": false,
                  "context": null,
                  "code": "const device = new NodePyATVDevice({\n    name: 'My Testdevice',\n    host: '192.168.178.2',\n    spawn: createFakeSpawn(cp => {\n        cp.onStdIn(() => cp.end());\n    })\n});\nconst listener = () => {\n    // ignore\n};\ndevice.on('test', listener);\nassert.deepStrictEqual(device.eventNames(), ['test']);\ndevice.off('test', listener);",
                  "err": {},
                  "uuid": "46265f58-573a-48f7-9532-92a3abb9d7fd",
                  "parentUUID": "85908aaf-703e-428a-8282-67bbc187f54a",
                  "isHook": false,
                  "skipped": false
                }
              ],
              "suites": [],
              "passes": [
                "46265f58-573a-48f7-9532-92a3abb9d7fd"
              ],
              "failures": [],
              "pending": [],
              "skipped": [],
              "duration": 0,
              "root": false,
              "rootEmpty": false,
              "_timeout": 2000
            },
            {
              "uuid": "40cbe1a0-a8f6-491a-aca3-f44758170c1c",
              "title": "getMaxListeners()",
              "fullFile": "/home/runner/work/node-pyatv/node-pyatv/test/device-events.ts",
              "file": "/test/device-events.ts",
              "beforeHooks": [],
              "afterHooks": [],
              "tests": [
                {
                  "title": "should work",
                  "fullTitle": "NodePyATVDeviceEvents getMaxListeners() should work",
                  "timedOut": false,
                  "duration": 0,
                  "state": "passed",
                  "speed": "fast",
                  "pass": true,
                  "fail": false,
                  "pending": false,
                  "context": null,
                  "code": "const device = new NodePyATVDevice({\n    name: 'My Testdevice',\n    host: '192.168.178.2',\n    spawn: createFakeSpawn(cp => {\n        cp.onStdIn(() => cp.end());\n    })\n});\nconst result = device.getMaxListeners();\nassert.ok(typeof result, 'number');\nassert.ok(result >= 10);",
                  "err": {},
                  "uuid": "2bf7cf9d-d721-47f6-8a71-6e4c43c656be",
                  "parentUUID": "40cbe1a0-a8f6-491a-aca3-f44758170c1c",
                  "isHook": false,
                  "skipped": false
                }
              ],
              "suites": [],
              "passes": [
                "2bf7cf9d-d721-47f6-8a71-6e4c43c656be"
              ],
              "failures": [],
              "pending": [],
              "skipped": [],
              "duration": 0,
              "root": false,
              "rootEmpty": false,
              "_timeout": 2000
            },
            {
              "uuid": "4ee91025-47bd-4323-96f8-b6f08a2c61b9",
              "title": "listenerCount()",
              "fullFile": "/home/runner/work/node-pyatv/node-pyatv/test/device-events.ts",
              "file": "/test/device-events.ts",
              "beforeHooks": [],
              "afterHooks": [],
              "tests": [
                {
                  "title": "should work",
                  "fullTitle": "NodePyATVDeviceEvents listenerCount() should work",
                  "timedOut": false,
                  "duration": 1,
                  "state": "passed",
                  "speed": "fast",
                  "pass": true,
                  "fail": false,
                  "pending": false,
                  "context": null,
                  "code": "const device = new NodePyATVDevice({\n    name: 'My Testdevice',\n    host: '192.168.178.2',\n    spawn: createFakeSpawn(cp => {\n        cp.onStdIn(() => cp.end());\n    })\n});\nconst listener = () => {\n    // ignore\n};\nassert.deepStrictEqual(device.listenerCount('test'), 0);\ndevice.on('test', listener);\nassert.deepStrictEqual(device.listenerCount('test'), 1);\ndevice.off('test', listener);",
                  "err": {},
                  "uuid": "58f62281-c6dd-4618-a949-4c2c7ae03a58",
                  "parentUUID": "4ee91025-47bd-4323-96f8-b6f08a2c61b9",
                  "isHook": false,
                  "skipped": false
                }
              ],
              "suites": [],
              "passes": [
                "58f62281-c6dd-4618-a949-4c2c7ae03a58"
              ],
              "failures": [],
              "pending": [],
              "skipped": [],
              "duration": 1,
              "root": false,
              "rootEmpty": false,
              "_timeout": 2000
            },
            {
              "uuid": "a6e845a6-6a90-4476-bf33-f29c8aefdc9f",
              "title": "listeners()",
              "fullFile": "/home/runner/work/node-pyatv/node-pyatv/test/device-events.ts",
              "file": "/test/device-events.ts",
              "beforeHooks": [],
              "afterHooks": [],
              "tests": [
                {
                  "title": "should work",
                  "fullTitle": "NodePyATVDeviceEvents listeners() should work",
                  "timedOut": false,
                  "duration": 0,
                  "state": "passed",
                  "speed": "fast",
                  "pass": true,
                  "fail": false,
                  "pending": false,
                  "context": null,
                  "code": "const device = new NodePyATVDevice({\n    name: 'My Testdevice',\n    host: '192.168.178.2',\n    spawn: createFakeSpawn(cp => {\n        cp.onStdIn(() => cp.end());\n    })\n});\nconst listener = () => {\n    // ignore\n};\nassert.deepStrictEqual(device.listeners('test').length, 0);\ndevice.on('test', listener);\nassert.deepStrictEqual(device.listeners('test').length, 1);\nassert.deepStrictEqual(device.listeners('test')[0], listener);\ndevice.off('test', listener);",
                  "err": {},
                  "uuid": "f41fad8a-c06a-41d9-a4bd-f8f08d05a8d8",
                  "parentUUID": "a6e845a6-6a90-4476-bf33-f29c8aefdc9f",
                  "isHook": false,
                  "skipped": false
                }
              ],
              "suites": [],
              "passes": [
                "f41fad8a-c06a-41d9-a4bd-f8f08d05a8d8"
              ],
              "failures": [],
              "pending": [],
              "skipped": [],
              "duration": 0,
              "root": false,
              "rootEmpty": false,
              "_timeout": 2000
            },
            {
              "uuid": "edfb12b6-8bc7-4bdc-b2fd-650031873412",
              "title": "prependListener()",
              "fullFile": "/home/runner/work/node-pyatv/node-pyatv/test/device-events.ts",
              "file": "/test/device-events.ts",
              "beforeHooks": [],
              "afterHooks": [],
              "tests": [
                {
                  "title": "should work",
                  "fullTitle": "NodePyATVDeviceEvents prependListener() should work",
                  "timedOut": false,
                  "duration": 2,
                  "state": "passed",
                  "speed": "fast",
                  "pass": true,
                  "fail": false,
                  "pending": false,
                  "context": null,
                  "code": "const device = new NodePyATVDevice({\n    name: 'My Testdevice',\n    host: '192.168.178.2',\n    spawn: createFakeSpawn(cp => {\n        cp.onStdIn(() => cp.end());\n        cp.stdout({\n            result: 'success',\n            title: 'My Movie'\n        });\n    })\n});\nconst listener = () => {\n    device.removeAllListeners('update');\n    done();\n};\ndevice.prependListener('update', listener);",
                  "err": {},
                  "uuid": "b7441c0a-be4c-42a1-8a72-328805ffac5b",
                  "parentUUID": "edfb12b6-8bc7-4bdc-b2fd-650031873412",
                  "isHook": false,
                  "skipped": false
                }
              ],
              "suites": [],
              "passes": [
                "b7441c0a-be4c-42a1-8a72-328805ffac5b"
              ],
              "failures": [],
              "pending": [],
              "skipped": [],
              "duration": 2,
              "root": false,
              "rootEmpty": false,
              "_timeout": 2000
            },
            {
              "uuid": "46150877-5f37-498e-8f02-8a57269ac86e",
              "title": "prependOnceListener()",
              "fullFile": "/home/runner/work/node-pyatv/node-pyatv/test/device-events.ts",
              "file": "/test/device-events.ts",
              "beforeHooks": [],
              "afterHooks": [],
              "tests": [
                {
                  "title": "should work",
                  "fullTitle": "NodePyATVDeviceEvents prependOnceListener() should work",
                  "timedOut": false,
                  "duration": 1,
                  "state": "passed",
                  "speed": "fast",
                  "pass": true,
                  "fail": false,
                  "pending": false,
                  "context": null,
                  "code": "const device = new NodePyATVDevice({\n    name: 'My Testdevice',\n    host: '192.168.178.2',\n    spawn: createFakeSpawn(cp => {\n        cp.onStdIn(() => cp.end());\n        cp.stdout({\n            result: 'success',\n            title: 'My Movie'\n        });\n    })\n});\ndevice.prependOnceListener('update', () => done());",
                  "err": {},
                  "uuid": "ff9efeaa-27f1-4a79-acad-31bbc08d6fba",
                  "parentUUID": "46150877-5f37-498e-8f02-8a57269ac86e",
                  "isHook": false,
                  "skipped": false
                }
              ],
              "suites": [],
              "passes": [
                "ff9efeaa-27f1-4a79-acad-31bbc08d6fba"
              ],
              "failures": [],
              "pending": [],
              "skipped": [],
              "duration": 1,
              "root": false,
              "rootEmpty": false,
              "_timeout": 2000
            },
            {
              "uuid": "d9c5b6ea-9a85-4f20-9ad2-3c38fe6307ae",
              "title": "rawListeners()",
              "fullFile": "/home/runner/work/node-pyatv/node-pyatv/test/device-events.ts",
              "file": "/test/device-events.ts",
              "beforeHooks": [],
              "afterHooks": [],
              "tests": [
                {
                  "title": "should work",
                  "fullTitle": "NodePyATVDeviceEvents rawListeners() should work",
                  "timedOut": false,
                  "duration": 0,
                  "state": "passed",
                  "speed": "fast",
                  "pass": true,
                  "fail": false,
                  "pending": false,
                  "context": null,
                  "code": "const device = new NodePyATVDevice({\n    name: 'My Testdevice',\n    host: '192.168.178.2',\n    spawn: createFakeSpawn(cp => {\n        cp.onStdIn(() => cp.end());\n    })\n});\nconst listener = () => {\n    // ignore\n};\nassert.deepStrictEqual(device.rawListeners('test').length, 0);\ndevice.on('test', listener);\nassert.deepStrictEqual(device.rawListeners('test').length, 1);\nassert.deepStrictEqual(device.rawListeners('test')[0], listener);\ndevice.off('test', listener);",
                  "err": {},
                  "uuid": "df170af6-2d2b-4a0a-8021-44351db03aba",
                  "parentUUID": "d9c5b6ea-9a85-4f20-9ad2-3c38fe6307ae",
                  "isHook": false,
                  "skipped": false
                }
              ],
              "suites": [],
              "passes": [
                "df170af6-2d2b-4a0a-8021-44351db03aba"
              ],
              "failures": [],
              "pending": [],
              "skipped": [],
              "duration": 0,
              "root": false,
              "rootEmpty": false,
              "_timeout": 2000
            },
            {
              "uuid": "4e9c2002-0924-48f3-8d88-fcb230de2e34",
              "title": "removeListener()",
              "fullFile": "/home/runner/work/node-pyatv/node-pyatv/test/device-events.ts",
              "file": "/test/device-events.ts",
              "beforeHooks": [],
              "afterHooks": [],
              "tests": [
                {
                  "title": "should work without any exceptions",
                  "fullTitle": "NodePyATVDeviceEvents removeListener() should work without any exceptions",
                  "timedOut": false,
                  "duration": 0,
                  "state": "passed",
                  "speed": "fast",
                  "pass": true,
                  "fail": false,
                  "pending": false,
                  "context": null,
                  "code": "return __awaiter(this, void 0, void 0, function* () {\n    const device = new NodePyATVDevice({\n        name: 'My Testdevice',\n        host: '192.168.178.2',\n        spawn: createFakeSpawn(cp => {\n            cp.onStdIn(() => cp.end());\n            cp.stdout({\n                result: 'success',\n                title: 'My Movie'\n            });\n        })\n    });\n    const listener = () => {\n        // empty listener\n    };\n    device.addListener('update', listener);\n    assert.deepStrictEqual(device.listenerCount('update'), 1);\n    device.removeListener('update', listener);\n    assert.deepStrictEqual(device.listenerCount('update'), 0);\n});",
                  "err": {},
                  "uuid": "a795f238-e6ce-4bc2-9b26-2df92025bb7e",
                  "parentUUID": "4e9c2002-0924-48f3-8d88-fcb230de2e34",
                  "isHook": false,
                  "skipped": false
                }
              ],
              "suites": [],
              "passes": [
                "a795f238-e6ce-4bc2-9b26-2df92025bb7e"
              ],
              "failures": [],
              "pending": [],
              "skipped": [],
              "duration": 0,
              "root": false,
              "rootEmpty": false,
              "_timeout": 2000
            }
          ],
          "passes": [],
          "failures": [],
          "pending": [],
          "skipped": [],
          "duration": 0,
          "root": false,
          "rootEmpty": false,
          "_timeout": 2000
        },
        {
          "uuid": "68ace052-3a6e-49e7-b0ab-31e7aff487ed",
          "title": "NodePyATVDevice",
          "fullFile": "/home/runner/work/node-pyatv/node-pyatv/test/device.ts",
          "file": "/test/device.ts",
          "beforeHooks": [],
          "afterHooks": [],
          "tests": [],
          "suites": [
            {
              "uuid": "4eee926c-0df6-4d9d-a99b-65815cf1774a",
              "title": "get name()",
              "fullFile": "/home/runner/work/node-pyatv/node-pyatv/test/device.ts",
              "file": "/test/device.ts",
              "beforeHooks": [],
              "afterHooks": [],
              "tests": [
                {
                  "title": "should return the name",
                  "fullTitle": "NodePyATVDevice get name() should return the name",
                  "timedOut": false,
                  "duration": 0,
                  "state": "passed",
                  "speed": "fast",
                  "pass": true,
                  "fail": false,
                  "pending": false,
                  "context": null,
                  "code": "const device = new NodePyATVDevice({\n    name: 'My Testdevice',\n    host: '192.168.178.2'\n});\nassert.strictEqual(device.name, 'My Testdevice');",
                  "err": {},
                  "uuid": "4b0b0ec6-bcd3-4c52-ac4f-6c5c4c8a3503",
                  "parentUUID": "4eee926c-0df6-4d9d-a99b-65815cf1774a",
                  "isHook": false,
                  "skipped": false
                }
              ],
              "suites": [],
              "passes": [
                "4b0b0ec6-bcd3-4c52-ac4f-6c5c4c8a3503"
              ],
              "failures": [],
              "pending": [],
              "skipped": [],
              "duration": 0,
              "root": false,
              "rootEmpty": false,
              "_timeout": 2000
            },
            {
              "uuid": "4db3f49e-e07a-4898-a185-52678dfd7293",
              "title": "get host()",
              "fullFile": "/home/runner/work/node-pyatv/node-pyatv/test/device.ts",
              "file": "/test/device.ts",
              "beforeHooks": [],
              "afterHooks": [],
              "tests": [
                {
                  "title": "should return the host",
                  "fullTitle": "NodePyATVDevice get host() should return the host",
                  "timedOut": false,
                  "duration": 0,
                  "state": "passed",
                  "speed": "fast",
                  "pass": true,
                  "fail": false,
                  "pending": false,
                  "context": null,
                  "code": "const device = new NodePyATVDevice({\n    name: 'My Testdevice',\n    host: '192.168.178.2'\n});\nassert.strictEqual(device.host, '192.168.178.2');",
                  "err": {},
                  "uuid": "4b3b5c4f-8548-47f1-b634-e2def35fe7d2",
                  "parentUUID": "4db3f49e-e07a-4898-a185-52678dfd7293",
                  "isHook": false,
                  "skipped": false
                }
              ],
              "suites": [],
              "passes": [
                "4b3b5c4f-8548-47f1-b634-e2def35fe7d2"
              ],
              "failures": [],
              "pending": [],
              "skipped": [],
              "duration": 0,
              "root": false,
              "rootEmpty": false,
              "_timeout": 2000
            },
            {
              "uuid": "005fe0d6-a2a9-4772-8229-bedaf64969bf",
              "title": "get id()",
              "fullFile": "/home/runner/work/node-pyatv/node-pyatv/test/device.ts",
              "file": "/test/device.ts",
              "beforeHooks": [],
              "afterHooks": [],
              "tests": [
                {
                  "title": "should return the id",
                  "fullTitle": "NodePyATVDevice get id() should return the id",
                  "timedOut": false,
                  "duration": 0,
                  "state": "passed",
                  "speed": "fast",
                  "pass": true,
                  "fail": false,
                  "pending": false,
                  "context": null,
                  "code": "const device = new NodePyATVDevice({\n    name: 'My Testdevice',\n    host: '192.168.178.2',\n    id: '*****'\n});\nassert.strictEqual(device.id, '*****');",
                  "err": {},
                  "uuid": "9943a804-3584-49aa-b10b-5335834185f0",
                  "parentUUID": "005fe0d6-a2a9-4772-8229-bedaf64969bf",
                  "isHook": false,
                  "skipped": false
                }
              ],
              "suites": [],
              "passes": [
                "9943a804-3584-49aa-b10b-5335834185f0"
              ],
              "failures": [],
              "pending": [],
              "skipped": [],
              "duration": 0,
              "root": false,
              "rootEmpty": false,
              "_timeout": 2000
            },
            {
              "uuid": "54608140-30f9-4348-ab05-40d2a4ad377c",
              "title": "get allIDs()",
              "fullFile": "/home/runner/work/node-pyatv/node-pyatv/test/device.ts",
              "file": "/test/device.ts",
              "beforeHooks": [],
              "afterHooks": [],
              "tests": [
                {
                  "title": "should return all the IDs",
                  "fullTitle": "NodePyATVDevice get allIDs() should return all the IDs",
                  "timedOut": false,
                  "duration": 0,
                  "state": "passed",
                  "speed": "fast",
                  "pass": true,
                  "fail": false,
                  "pending": false,
                  "context": null,
                  "code": "const device = new NodePyATVDevice({\n    name: 'My Testdevice',\n    host: '192.168.178.2',\n    id: '*****',\n    allIDs: [\n        'some_id_1',\n        'some_id_2',\n        'some_id_3',\n    ]\n});\nassert.deepStrictEqual(device.allIDs, [\n    'some_id_1',\n    'some_id_2',\n    'some_id_3',\n]);",
                  "err": {},
                  "uuid": "fb412d17-4ed7-4d8a-b414-04709cfc53c6",
                  "parentUUID": "54608140-30f9-4348-ab05-40d2a4ad377c",
                  "isHook": false,
                  "skipped": false
                }
              ],
              "suites": [],
              "passes": [
                "fb412d17-4ed7-4d8a-b414-04709cfc53c6"
              ],
              "failures": [],
              "pending": [],
              "skipped": [],
              "duration": 0,
              "root": false,
              "rootEmpty": false,
              "_timeout": 2000
            },
            {
              "uuid": "db59d1bc-bbb1-4d99-bbdb-fa860d36322c",
              "title": "get protocol()",
              "fullFile": "/home/runner/work/node-pyatv/node-pyatv/test/device.ts",
              "file": "/test/device.ts",
              "beforeHooks": [],
              "afterHooks": [],
              "tests": [
                {
                  "title": "should return the protocol",
                  "fullTitle": "NodePyATVDevice get protocol() should return the protocol",
                  "timedOut": false,
                  "duration": 0,
                  "state": "passed",
                  "speed": "fast",
                  "pass": true,
                  "fail": false,
                  "pending": false,
                  "context": null,
                  "code": "const device = new NodePyATVDevice({\n    name: 'My Testdevice',\n    host: '192.168.178.2',\n    protocol: NodePyATVProtocol.airplay\n});\nassert.strictEqual(device.protocol, NodePyATVProtocol.airplay);",
                  "err": {},
                  "uuid": "1f936ddb-1e78-46b6-9bbe-95c1220e3151",
                  "parentUUID": "db59d1bc-bbb1-4d99-bbdb-fa860d36322c",
                  "isHook": false,
                  "skipped": false
                }
              ],
              "suites": [],
              "passes": [
                "1f936ddb-1e78-46b6-9bbe-95c1220e3151"
              ],
              "failures": [],
              "pending": [],
              "skipped": [],
              "duration": 0,
              "root": false,
              "rootEmpty": false,
              "_timeout": 2000
            },
            {
              "uuid": "019fb331-1270-4856-b6d9-bc210ff129bc",
              "title": "get mac()",
              "fullFile": "/home/runner/work/node-pyatv/node-pyatv/test/device.ts",
              "file": "/test/device.ts",
              "beforeHooks": [],
              "afterHooks": [],
              "tests": [
                {
                  "title": "should return the mac",
                  "fullTitle": "NodePyATVDevice get mac() should return the mac",
                  "timedOut": false,
                  "duration": 0,
                  "state": "passed",
                  "speed": "fast",
                  "pass": true,
                  "fail": false,
                  "pending": false,
                  "context": null,
                  "code": "const device = new NodePyATVDevice({\n    name: 'My Testdevice',\n    host: '192.168.178.2',\n    mac: 'AA:BB:CC:DD:EE:FF'\n});\nassert.strictEqual(device.mac, 'AA:BB:CC:DD:EE:FF');",
                  "err": {},
                  "uuid": "7e731b40-06cd-4f22-ab93-205a971fb5bc",
                  "parentUUID": "019fb331-1270-4856-b6d9-bc210ff129bc",
                  "isHook": false,
                  "skipped": false
                }
              ],
              "suites": [],
              "passes": [
                "7e731b40-06cd-4f22-ab93-205a971fb5bc"
              ],
              "failures": [],
              "pending": [],
              "skipped": [],
              "duration": 0,
              "root": false,
              "rootEmpty": false,
              "_timeout": 2000
            },
            {
              "uuid": "3f97e952-c9c0-43f2-a5e6-972a947e596b",
              "title": "get model()",
              "fullFile": "/home/runner/work/node-pyatv/node-pyatv/test/device.ts",
              "file": "/test/device.ts",
              "beforeHooks": [],
              "afterHooks": [],
              "tests": [
                {
                  "title": "should return the model if set by scan",
                  "fullTitle": "NodePyATVDevice get model() should return the model if set by scan",
                  "timedOut": false,
                  "duration": 0,
                  "state": "passed",
                  "speed": "fast",
                  "pass": true,
                  "fail": false,
                  "pending": false,
                  "context": null,
                  "code": "const device = new NodePyATVDevice({\n    name: 'Vardagsrum',\n    host: '10.0.10.81',\n    id: 'xxx',\n    model: 'Gen4K'\n});\nassert.strictEqual(device.model, 'Gen4K');",
                  "err": {},
                  "uuid": "6eb58fde-c811-4f1c-aab3-9d82b60c7585",
                  "parentUUID": "3f97e952-c9c0-43f2-a5e6-972a947e596b",
                  "isHook": false,
                  "skipped": false
                },
                {
                  "title": "should return undefined otherwise",
                  "fullTitle": "NodePyATVDevice get model() should return undefined otherwise",
                  "timedOut": false,
                  "duration": 0,
                  "state": "passed",
                  "speed": "fast",
                  "pass": true,
                  "fail": false,
                  "pending": false,
                  "context": null,
                  "code": "const device = new NodePyATVDevice({\n    name: 'Vardagsrum',\n    host: '10.0.10.81'\n});\nassert.strictEqual(device.model, undefined);",
                  "err": {},
                  "uuid": "ff1312ab-1677-49f4-a8f0-fab5aebc2693",
                  "parentUUID": "3f97e952-c9c0-43f2-a5e6-972a947e596b",
                  "isHook": false,
                  "skipped": false
                }
              ],
              "suites": [],
              "passes": [
                "6eb58fde-c811-4f1c-aab3-9d82b60c7585",
                "ff1312ab-1677-49f4-a8f0-fab5aebc2693"
              ],
              "failures": [],
              "pending": [],
              "skipped": [],
              "duration": 0,
              "root": false,
              "rootEmpty": false,
              "_timeout": 2000
            },
            {
              "uuid": "5ee95d51-e215-4cac-a7ac-23004f2e4ea5",
              "title": "get modelName()",
              "fullFile": "/home/runner/work/node-pyatv/node-pyatv/test/device.ts",
              "file": "/test/device.ts",
              "beforeHooks": [],
              "afterHooks": [],
              "tests": [
                {
                  "title": "should return the model name if set by scan",
                  "fullTitle": "NodePyATVDevice get modelName() should return the model name if set by scan",
                  "timedOut": false,
                  "duration": 0,
                  "state": "passed",
                  "speed": "fast",
                  "pass": true,
                  "fail": false,
                  "pending": false,
                  "context": null,
                  "code": "const device = new NodePyATVDevice({\n    name: 'Vardagsrum',\n    host: '10.0.10.81',\n    id: 'xxx',\n    modelName: 'Apple TV 4K'\n});\nassert.strictEqual(device.modelName, 'Apple TV 4K');",
                  "err": {},
                  "uuid": "ee782e8d-2e58-4103-8c48-c4118d0d7631",
                  "parentUUID": "5ee95d51-e215-4cac-a7ac-23004f2e4ea5",
                  "isHook": false,
                  "skipped": false
                },
                {
                  "title": "should return undefined otherwise",
                  "fullTitle": "NodePyATVDevice get modelName() should return undefined otherwise",
                  "timedOut": false,
                  "duration": 0,
                  "state": "passed",
                  "speed": "fast",
                  "pass": true,
                  "fail": false,
                  "pending": false,
                  "context": null,
                  "code": "const device = new NodePyATVDevice({\n    name: 'Vardagsrum',\n    host: '10.0.10.81'\n});\nassert.strictEqual(device.modelName, undefined);",
                  "err": {},
                  "uuid": "5342560d-cb04-474a-ab74-45627afb435c",
                  "parentUUID": "5ee95d51-e215-4cac-a7ac-23004f2e4ea5",
                  "isHook": false,
                  "skipped": false
                }
              ],
              "suites": [],
              "passes": [
                "ee782e8d-2e58-4103-8c48-c4118d0d7631",
                "5342560d-cb04-474a-ab74-45627afb435c"
              ],
              "failures": [],
              "pending": [],
              "skipped": [],
              "duration": 0,
              "root": false,
              "rootEmpty": false,
              "_timeout": 2000
            },
            {
              "uuid": "4a9becf5-2c45-4af9-8048-907008f8876b",
              "title": "get os()",
              "fullFile": "/home/runner/work/node-pyatv/node-pyatv/test/device.ts",
              "file": "/test/device.ts",
              "beforeHooks": [],
              "afterHooks": [],
              "tests": [
                {
                  "title": "should return the operating system if set by scan",
                  "fullTitle": "NodePyATVDevice get os() should return the operating system if set by scan",
                  "timedOut": false,
                  "duration": 0,
                  "state": "passed",
                  "speed": "fast",
                  "pass": true,
                  "fail": false,
                  "pending": false,
                  "context": null,
                  "code": "const device = new NodePyATVDevice({\n    name: 'Vardagsrum',\n    host: '10.0.10.81',\n    id: 'xxx',\n    os: 'TvOS'\n});\nassert.strictEqual(device.os, 'TvOS');",
                  "err": {},
                  "uuid": "8dda1d17-f906-4c83-a975-b2dbe0fb61f0",
                  "parentUUID": "4a9becf5-2c45-4af9-8048-907008f8876b",
                  "isHook": false,
                  "skipped": false
                },
                {
                  "title": "should return undefined otherwise",
                  "fullTitle": "NodePyATVDevice get os() should return undefined otherwise",
                  "timedOut": false,
                  "duration": 0,
                  "state": "passed",
                  "speed": "fast",
                  "pass": true,
                  "fail": false,
                  "pending": false,
                  "context": null,
                  "code": "const device = new NodePyATVDevice({\n    name: 'Vardagsrum',\n    host: '10.0.10.81'\n});\nassert.strictEqual(device.os, undefined);",
                  "err": {},
                  "uuid": "6da4bcda-ced6-4e8a-886e-62b03b7ba1f1",
                  "parentUUID": "4a9becf5-2c45-4af9-8048-907008f8876b",
                  "isHook": false,
                  "skipped": false
                }
              ],
              "suites": [],
              "passes": [
                "8dda1d17-f906-4c83-a975-b2dbe0fb61f0",
                "6da4bcda-ced6-4e8a-886e-62b03b7ba1f1"
              ],
              "failures": [],
              "pending": [],
              "skipped": [],
              "duration": 0,
              "root": false,
              "rootEmpty": false,
              "_timeout": 2000
            },
            {
              "uuid": "7b89bfbc-42de-484f-89a7-cda4e2f6bf5f",
              "title": "get version()",
              "fullFile": "/home/runner/work/node-pyatv/node-pyatv/test/device.ts",
              "file": "/test/device.ts",
              "beforeHooks": [],
              "afterHooks": [],
              "tests": [
                {
                  "title": "should return the version if set by scan",
                  "fullTitle": "NodePyATVDevice get version() should return the version if set by scan",
                  "timedOut": false,
                  "duration": 0,
                  "state": "passed",
                  "speed": "fast",
                  "pass": true,
                  "fail": false,
                  "pending": false,
                  "context": null,
                  "code": "const device = new NodePyATVDevice({\n    name: 'Vardagsrum',\n    host: '10.0.10.81',\n    id: 'xxx',\n    version: '15.5.1'\n});\nassert.strictEqual(device.version, '15.5.1');",
                  "err": {},
                  "uuid": "2ab0b566-a937-4817-9ebc-fe4c917768eb",
                  "parentUUID": "7b89bfbc-42de-484f-89a7-cda4e2f6bf5f",
                  "isHook": false,
                  "skipped": false
                },
                {
                  "title": "should return undefined otherwise",
                  "fullTitle": "NodePyATVDevice get version() should return undefined otherwise",
                  "timedOut": false,
                  "duration": 0,
                  "state": "passed",
                  "speed": "fast",
                  "pass": true,
                  "fail": false,
                  "pending": false,
                  "context": null,
                  "code": "const device = new NodePyATVDevice({\n    name: 'Vardagsrum',\n    host: '10.0.10.81'\n});\nassert.strictEqual(device.version, undefined);",
                  "err": {},
                  "uuid": "a644abc2-713d-4743-b0a5-d43ca30f3301",
                  "parentUUID": "7b89bfbc-42de-484f-89a7-cda4e2f6bf5f",
                  "isHook": false,
                  "skipped": false
                }
              ],
              "suites": [],
              "passes": [
                "2ab0b566-a937-4817-9ebc-fe4c917768eb",
                "a644abc2-713d-4743-b0a5-d43ca30f3301"
              ],
              "failures": [],
              "pending": [],
              "skipped": [],
              "duration": 0,
              "root": false,
              "rootEmpty": false,
              "_timeout": 2000
            },
            {
              "uuid": "ef621c1e-9617-4f65-a967-999de4a26c7c",
              "title": "get services()",
              "fullFile": "/home/runner/work/node-pyatv/node-pyatv/test/device.ts",
              "file": "/test/device.ts",
              "beforeHooks": [],
              "afterHooks": [],
              "tests": [
                {
                  "title": "should return the services if set by scan",
                  "fullTitle": "NodePyATVDevice get services() should return the services if set by scan",
                  "timedOut": false,
                  "duration": 0,
                  "state": "passed",
                  "speed": "fast",
                  "pass": true,
                  "fail": false,
                  "pending": false,
                  "context": null,
                  "code": "const device = new NodePyATVDevice({\n    name: 'Vardagsrum',\n    host: '10.0.10.81',\n    id: 'xxx',\n    services: [\n        {\n            protocol: NodePyATVProtocol.mrp,\n            port: 49152\n        },\n        {\n            protocol: NodePyATVProtocol.airplay,\n            port: 7000\n        }\n    ]\n});\nassert.deepStrictEqual(device.services, [\n    {\n        protocol: 'mrp',\n        port: 49152\n    },\n    {\n        protocol: 'airplay',\n        port: 7000\n    }\n]);",
                  "err": {},
                  "uuid": "98a40b54-399e-47f1-9c36-18a4fe4217e2",
                  "parentUUID": "ef621c1e-9617-4f65-a967-999de4a26c7c",
                  "isHook": false,
                  "skipped": false
                },
                {
                  "title": "should return undefined otherwise",
[...]
                  "uuid": "33f67c5c-8e4f-4a27-b4e0-1fe1a1551b80",
                  "parentUUID": "fd21284a-f1d1-4bbb-9f6b-1ea7f62a07c6",
                  "isHook": false,
                  "skipped": false
                },
                {
                  "title": "should handle atvscriptPath if set",
                  "fullTitle": "Tools getExecutable() should handle atvscriptPath if set",
                  "timedOut": false,
                  "duration": 0,
                  "state": "passed",
                  "speed": "fast",
                  "pass": true,
                  "fail": false,
                  "pending": false,
                  "context": null,
                  "code": "const result = getExecutable(NodePyATVExecutableType.atvscript, {\n    atvremotePath: '/tmp/1',\n    atvscriptPath: '/tmp/2'\n});\nassert.strictEqual(result, '/tmp/2');",
                  "err": {},
                  "uuid": "1fbfb2a6-0a4c-4c26-aa40-aa441855c11c",
                  "parentUUID": "fd21284a-f1d1-4bbb-9f6b-1ea7f62a07c6",
                  "isHook": false,
                  "skipped": false
                },
                {
                  "title": "should handle default for atvremote",
                  "fullTitle": "Tools getExecutable() should handle default for atvremote",
                  "timedOut": false,
                  "duration": 0,
                  "state": "passed",
                  "speed": "fast",
                  "pass": true,
                  "fail": false,
                  "pending": false,
                  "context": null,
                  "code": "const result = getExecutable(NodePyATVExecutableType.atvremote, {\n    atvscriptPath: '/tmp'\n});\nassert.strictEqual(result, 'atvremote');",
                  "err": {},
                  "uuid": "6a396790-0519-4c2e-8ac9-c542cb45a28e",
                  "parentUUID": "fd21284a-f1d1-4bbb-9f6b-1ea7f62a07c6",
                  "isHook": false,
                  "skipped": false
                },
                {
                  "title": "should handle default for atvscript",
                  "fullTitle": "Tools getExecutable() should handle default for atvscript",
                  "timedOut": false,
                  "duration": 0,
                  "state": "passed",
                  "speed": "fast",
                  "pass": true,
                  "fail": false,
                  "pending": false,
                  "context": null,
                  "code": "const result = getExecutable(NodePyATVExecutableType.atvscript, {\n    atvremotePath: '/tmp'\n});\nassert.strictEqual(result, 'atvscript');",
                  "err": {},
                  "uuid": "3a4c405b-f8c4-4fd2-b3f6-c0776035d303",
                  "parentUUID": "fd21284a-f1d1-4bbb-9f6b-1ea7f62a07c6",
                  "isHook": false,
                  "skipped": false
                }
              ],
              "suites": [],
              "passes": [
                "33f67c5c-8e4f-4a27-b4e0-1fe1a1551b80",
                "1fbfb2a6-0a4c-4c26-aa40-aa441855c11c",
                "6a396790-0519-4c2e-8ac9-c542cb45a28e",
                "3a4c405b-f8c4-4fd2-b3f6-c0776035d303"
              ],
              "failures": [],
              "pending": [],
              "skipped": [],
              "duration": 0,
              "root": false,
              "rootEmpty": false,
              "_timeout": 2000
            },
            {
              "uuid": "d4517841-ff62-420e-85ea-29f6d0936c97",
              "title": "getParameters()",
              "fullFile": "/home/runner/work/node-pyatv/node-pyatv/test/tools.ts",
              "file": "/test/tools.ts",
              "beforeHooks": [],
              "afterHooks": [],
              "tests": [
                {
                  "title": "empty case",
                  "fullTitle": "Tools getParameters() empty case",
                  "timedOut": false,
                  "duration": 0,
                  "state": "passed",
                  "speed": "fast",
                  "pass": true,
                  "fail": false,
                  "pending": false,
                  "context": null,
                  "code": "return __awaiter(this, void 0, void 0, function* () {\n    const result = yield getParameters();\n    assert.deepEqual(result, []);\n});",
                  "err": {},
                  "uuid": "b17b10ae-5a06-4bf4-be4b-5bc665b98802",
                  "parentUUID": "d4517841-ff62-420e-85ea-29f6d0936c97",
                  "isHook": false,
                  "skipped": false
                },
                {
                  "title": "easy case",
                  "fullTitle": "Tools getParameters() easy case",
                  "timedOut": false,
                  "duration": 1,
                  "state": "passed",
                  "speed": "fast",
                  "pass": true,
                  "fail": false,
                  "pending": false,
                  "context": null,
                  "code": "return __awaiter(this, void 0, void 0, function* () {\n    const result = yield getParameters({\n        host: '192.168.178.2'\n    });\n    assert.deepEqual(result, ['-s', '192.168.178.2']);\n});",
                  "err": {},
                  "uuid": "042597c3-c32d-4635-8ddb-5bc6879fbb60",
                  "parentUUID": "d4517841-ff62-420e-85ea-29f6d0936c97",
                  "isHook": false,
                  "skipped": false
                },
                {
                  "title": "full case",
                  "fullTitle": "Tools getParameters() full case",
                  "timedOut": false,
                  "duration": 0,
                  "state": "passed",
                  "speed": "fast",
                  "pass": true,
                  "fail": false,
                  "pending": false,
                  "context": null,
                  "code": "return __awaiter(this, void 0, void 0, function* () {\n    const result = yield getParameters({\n        hosts: ['192.168.178.2', '192.168.178.3'],\n        id: '****',\n        protocol: NodePyATVProtocol.mrp,\n        dmapCredentials: '****',\n        mrpCredentials: '****',\n        airplayCredentials: '****',\n        companionCredentials: '1234',\n        raopCredentials: '::foo:'\n    });\n    assert.deepEqual(result, [\n        '-s', '192.168.178.2,192.168.178.3',\n        '-i', '****',\n        '--protocol', 'mrp',\n        '--dmap-credentials', '****',\n        '--mrp-credentials', '****',\n        '--airplay-credentials', '****',\n        '--companion-credentials', '1234',\n        '--raop-credentials', '::foo:'\n    ]);\n});",
                  "err": {},
                  "uuid": "28da3fda-8e99-4412-af50-c94d9b19824d",
                  "parentUUID": "d4517841-ff62-420e-85ea-29f6d0936c97",
                  "isHook": false,
                  "skipped": false
                }
              ],
              "suites": [],
              "passes": [
                "b17b10ae-5a06-4bf4-be4b-5bc665b98802",
                "042597c3-c32d-4635-8ddb-5bc6879fbb60",
                "28da3fda-8e99-4412-af50-c94d9b19824d"
              ],
              "failures": [],
              "pending": [],
              "skipped": [],
              "duration": 1,
              "root": false,
              "rootEmpty": false,
              "_timeout": 2000
            },
            {
              "uuid": "3bf2c9f3-89a6-4e09-a603-d2028d19c8b4",
              "title": "parseState()",
              "fullFile": "/home/runner/work/node-pyatv/node-pyatv/test/tools.ts",
              "file": "/test/tools.ts",
              "beforeHooks": [],
              "afterHooks": [],
              "tests": [
                {
                  "title": "should work with empty data",
                  "fullTitle": "Tools parseState() should work with empty data",
                  "timedOut": false,
                  "duration": 0,
                  "state": "passed",
                  "speed": "fast",
                  "pass": true,
                  "fail": false,
                  "pending": false,
                  "context": null,
                  "code": "const input = {};\nconst result = parseState(input, '', {});\nassert.deepStrictEqual(result, {\n    dateTime: null,\n    hash: null,\n    mediaType: null,\n    deviceState: null,\n    title: null,\n    artist: null,\n    album: null,\n    genre: null,\n    totalTime: null,\n    position: null,\n    shuffle: null,\n    repeat: null,\n    app: null,\n    appId: null,\n    powerState: null,\n    focusState: null,\n    volume: null,\n    outputDevices: null\n});",
                  "err": {},
                  "uuid": "f1bceb5f-4887-48fc-a619-f55e0efd4ae2",
                  "parentUUID": "3bf2c9f3-89a6-4e09-a603-d2028d19c8b4",
                  "isHook": false,
                  "skipped": false
                },
                {
                  "title": "should work without data",
                  "fullTitle": "Tools parseState() should work without data",
                  "timedOut": false,
                  "duration": 1,
                  "state": "passed",
                  "speed": "fast",
                  "pass": true,
                  "fail": false,
                  "pending": false,
                  "context": null,
                  "code": "// @ts-ignore\nconst result = parseState(null, '', {});\nassert.deepStrictEqual(result, {\n    dateTime: null,\n    hash: null,\n    mediaType: null,\n    deviceState: null,\n    title: null,\n    artist: null,\n    album: null,\n    genre: null,\n    totalTime: null,\n    position: null,\n    shuffle: null,\n    repeat: null,\n    app: null,\n    appId: null,\n    powerState: null,\n    focusState: null,\n    volume: null,\n    outputDevices: null\n});",
                  "err": {},
                  "uuid": "0e581b40-d7f3-4e98-ba28-e4e91a24a004",
                  "parentUUID": "3bf2c9f3-89a6-4e09-a603-d2028d19c8b4",
                  "isHook": false,
                  "skipped": false
                },
                {
                  "title": "should work with example data",
                  "fullTitle": "Tools parseState() should work with example data",
                  "timedOut": false,
                  "duration": 0,
                  "state": "passed",
                  "speed": "fast",
                  "pass": true,
                  "fail": false,
                  "pending": false,
                  "context": null,
                  "code": "const input = {\n    result: 'success',\n    datetime: '2020-11-07T22:38:43.608030+01:00',\n    hash: '100e0ab6-6ff5-4199-9c04-a7107ff78712',\n    media_type: 'video',\n    device_state: 'playing',\n    title: 'Solo: A Star Wars Story',\n    artist: null,\n    album: null,\n    genre: null,\n    total_time: 8097,\n    position: 27,\n    shuffle: 'off',\n    repeat: 'off',\n    app: 'Disney+',\n    app_id: 'com.disney.disneyplus',\n    powerState: null,\n    focusState: null,\n    volume: null,\n    outputDevices: null\n};\nconst result = parseState(input, '', {});\nassert.deepStrictEqual(result, {\n    dateTime: new Date('2020-11-07T22:38:43.608030+01:00'),\n    hash: '100e0ab6-6ff5-4199-9c04-a7107ff78712',\n    mediaType: NodePyATVMediaType.video,\n    deviceState: NodePyATVDeviceState.playing,\n    title: 'Solo: A Star Wars Story',\n    artist: null,\n    album: null,\n    genre: null,\n    totalTime: 8097,\n    position: 27,\n    shuffle: NodePyATVShuffleState.off,\n    repeat: NodePyATVRepeatState.off,\n    app: 'Disney+',\n    appId: 'com.disney.disneyplus',\n    powerState: null,\n    focusState: null,\n    volume: null,\n    outputDevices: null\n});",
                  "err": {},
                  "uuid": "1f08dd20-88b4-4208-9611-6fee0fa3ebfa",
                  "parentUUID": "3bf2c9f3-89a6-4e09-a603-d2028d19c8b4",
                  "isHook": false,
                  "skipped": false
                },
                {
                  "title": "should throw an error for pyatv exceptions",
                  "fullTitle": "Tools parseState() should throw an error for pyatv exceptions",
                  "timedOut": false,
                  "duration": 0,
                  "state": "passed",
                  "speed": "fast",
                  "pass": true,
                  "fail": false,
                  "pending": false,
                  "context": null,
                  "code": "const input = {\n    result: 'failure',\n    datetime: '2021-11-24T21:13:36.424576+03:00',\n    exception: 'invalid credentials: 321',\n    stacktrace: 'Traceback (most recent call last):\\n  File \\\"/Users/free/Library/Python/3.8/lib/python/site-packages/pyatv/scripts/atvscript.py\\\", line 302, in appstart\\n    print(args.output(await _handle_command(args, abort_sem, loop)), flush=True)\\n  File \\\"/Users/free/Library/Python/3.8/lib/python/site-packages/pyatv/scripts/atvscript.py\\\", line 196, in _handle_command\\n    atv = await connect(config, loop, protocol=Protocol.MRP)\\n  File \\\"/Users/free/Library/Python/3.8/lib/python/site-packages/pyatv/__init__.py\\\", line 96, in connect\\n    for setup_data in proto_methods.setup(\\n  File \\\"/Users/free/Library/Python/3.8/lib/python/site-packages/pyatv/protocols/airplay/__init__.py\\\", line 192, in setup\\n    stream = AirPlayStream(config, service)\\n  File \\\"/Users/free/Library/Python/3.8/lib/python/site-packages/pyatv/protocols/airplay/__init__.py\\\", line 79, in __init__\\n    self._credentials: HapCredentials = parse_credentials(self.service.credentials)\\n  File \\\"/Users/free/Library/Python/3.8/lib/python/site-packages/pyatv/auth/hap_pairing.py\\\", line 139, in parse_credentials\\n    raise exceptions.InvalidCredentialsError(\\\"invalid credentials: \\\" + detail_string)\\npyatv.exceptions.InvalidCredentialsError: invalid credentials: 321\\n'\n};\nassert.throws(() => {\n    parseState(input, '', {});\n}, /Got pyatv Error: invalid credentials: 321/);",
                  "err": {},
                  "uuid": "ee6324db-e88d-44f5-b245-aa185f14aa57",
                  "parentUUID": "3bf2c9f3-89a6-4e09-a603-d2028d19c8b4",
                  "isHook": false,
                  "skipped": false
                },
                {
                  "title": "should ignore date if it's an invalid date",
                  "fullTitle": "Tools parseState() should ignore date if it's an invalid date",
                  "timedOut": false,
                  "duration": 1,
                  "state": "passed",
                  "speed": "fast",
                  "pass": true,
                  "fail": false,
                  "pending": false,
                  "context": null,
                  "code": "const input = { datetime: 'today' };\nconst result = parseState(input, '', {});\nassert.deepStrictEqual(result, {\n    dateTime: null,\n    hash: null,\n    mediaType: null,\n    deviceState: null,\n    title: null,\n    artist: null,\n    album: null,\n    genre: null,\n    totalTime: null,\n    position: null,\n    shuffle: null,\n    repeat: null,\n    app: null,\n    appId: null,\n    powerState: null,\n    focusState: null,\n    volume: null,\n    outputDevices: null\n});",
                  "err": {},
                  "uuid": "7c4be543-7527-4f5b-9fbd-59657d87eca5",
                  "parentUUID": "3bf2c9f3-89a6-4e09-a603-d2028d19c8b4",
                  "isHook": false,
                  "skipped": false
                },
                {
                  "title": "should ignore data if unsupported type",
                  "fullTitle": "Tools parseState() should ignore data if unsupported type",
                  "timedOut": false,
                  "duration": 0,
                  "state": "passed",
                  "speed": "fast",
                  "pass": true,
                  "fail": false,
                  "pending": false,
                  "context": null,
                  "code": "const input = {\n    result: 'success',\n    datetime: true,\n    hash: 1337,\n    media_type: false,\n    device_state: 43,\n    title: undefined,\n    artist: 90,\n    album: Infinity,\n    genre: Math.PI,\n    total_time: '23min',\n    position: '0:30.123',\n    shuffle: false,\n    repeat: true,\n    app: 0,\n    app_id: 891645381647289,\n    powerState: null,\n    focusState: null,\n    volume: null,\n    outputDevices: null\n};\nconst result = parseState(input, '', {});\nassert.deepStrictEqual(result, {\n    dateTime: null,\n    hash: null,\n    mediaType: null,\n    deviceState: null,\n    title: null,\n    artist: null,\n    album: null,\n    genre: null,\n    totalTime: null,\n    position: null,\n    shuffle: null,\n    repeat: null,\n    app: null,\n    appId: null,\n    powerState: null,\n    focusState: null,\n    volume: null,\n    outputDevices: null\n});",
                  "err": {},
                  "uuid": "74b4e505-6872-46b4-bb24-933301e0b2fc",
                  "parentUUID": "3bf2c9f3-89a6-4e09-a603-d2028d19c8b4",
                  "isHook": false,
                  "skipped": false
                },
                {
                  "title": "should ignore enums with unsupported valid",
                  "fullTitle": "Tools parseState() should ignore enums with unsupported valid",
                  "timedOut": false,
                  "duration": 0,
                  "state": "passed",
                  "speed": "fast",
                  "pass": true,
                  "fail": false,
                  "pending": false,
                  "context": null,
                  "code": "const input = {\n    media_type: '3d-experience',\n    device_state: 'initiating',\n    shuffle: 'everything',\n    repeat: 'nothing'\n};\nconst result = parseState(input, '', {});\nassert.deepStrictEqual(result, {\n    dateTime: null,\n    hash: null,\n    mediaType: null,\n    deviceState: null,\n    title: null,\n    artist: null,\n    album: null,\n    genre: null,\n    totalTime: null,\n    position: null,\n    shuffle: null,\n    repeat: null,\n    app: null,\n    appId: null,\n    powerState: null,\n    focusState: null,\n    volume: null,\n    outputDevices: null\n});",
                  "err": {},
                  "uuid": "b1389f55-48ca-48ba-91f5-3326c2d561ea",
                  "parentUUID": "3bf2c9f3-89a6-4e09-a603-d2028d19c8b4",
                  "isHook": false,
                  "skipped": false
                }
              ],
              "suites": [],
              "passes": [
                "f1bceb5f-4887-48fc-a619-f55e0efd4ae2",
                "0e581b40-d7f3-4e98-ba28-e4e91a24a004",
                "1f08dd20-88b4-4208-9611-6fee0fa3ebfa",
                "ee6324db-e88d-44f5-b245-aa185f14aa57",
                "7c4be543-7527-4f5b-9fbd-59657d87eca5",
                "74b4e505-6872-46b4-bb24-933301e0b2fc",
                "b1389f55-48ca-48ba-91f5-3326c2d561ea"
              ],
              "failures": [],
              "pending": [],
              "skipped": [],
              "duration": 2,
              "root": false,
              "rootEmpty": false,
              "_timeout": 2000
            }
          ],
          "passes": [],
          "failures": [],
          "pending": [],
          "skipped": [],
          "duration": 0,
          "root": false,
          "rootEmpty": false,
          "_timeout": 2000
        }
      ],
      "passes": [],
      "failures": [],
      "pending": [],
      "skipped": [],
      "duration": 0,
      "root": true,
      "rootEmpty": true,
      "_timeout": 2000
    }
  ],
  "meta": {
    "mocha": {
      "version": "10.2.0"
    },
    "mochawesome": {
      "options": {
        "quiet": false,
        "reportFilename": "mochawesome",
        "saveHtml": true,
        "saveJson": true,
        "consoleReporter": "spec",
        "useInlineDiffs": false,
        "code": true
      },
      "version": "7.1.3"
    },
    "marge": {
      "options": null,
      "version": "6.2.0"
    }
  }
}