{
  "stats": {
    "suites": 93,
    "tests": 165,
    "passes": 163,
    "pending": 2,
    "failures": 0,
    "start": "2024-08-26T18:49:38.382Z",
    "end": "2024-08-26T18:49:50.223Z",
    "duration": 11841,
    "testsRegistered": 165,
    "passPercent": 100,
    "pendingPercent": 1.2121212121212122,
    "other": 0,
    "hasOther": false,
    "skipped": 0,
    "hasSkipped": false
  },
  "results": [
    {
      "uuid": "395b9bea-e604-4676-bd45-dc9edd2c37bd",
      "title": "",
      "fullFile": "",
      "file": "",
      "beforeHooks": [],
      "afterHooks": [],
      "tests": [],
      "suites": [
        {
          "uuid": "1fbc7d3b-ce48-47ce-8133-2b4733cf65ce",
          "title": "NodePyATVDeviceEvent",
          "fullFile": "/home/runner/work/node-pyatv/node-pyatv/test/device-event.ts",
          "file": "/test/device-event.ts",
          "beforeHooks": [],
          "afterHooks": [],
          "tests": [],
          "suites": [
            {
              "uuid": "67c7dfc5-96e1-483f-a442-1c08b69b7a34",
              "title": "get key()",
              "fullFile": "/home/runner/work/node-pyatv/node-pyatv/test/device-event.ts",
              "file": "/test/device-event.ts",
              "beforeHooks": [],
              "afterHooks": [],
              "tests": [
                {
                  "title": "should work",
                  "fullTitle": "NodePyATVDeviceEvent get key() should work",
                  "timedOut": false,
                  "duration": 1,
                  "state": "passed",
                  "speed": "fast",
                  "pass": true,
                  "fail": false,
                  "pending": false,
                  "context": null,
                  "code": "const event=new NodePyATVDeviceEvent({key:\"genre\",old:\"Jazz\",new:\"Rock\",device:new NodePyATVDevice({host:\"192.168.178.2\",name:\"My Testinstance\"})});assert.strictEqual(event.key,\"genre\")",
                  "err": {},
                  "uuid": "0f689eaa-6813-420b-9dbf-ad17cc6a2d1b",
                  "parentUUID": "67c7dfc5-96e1-483f-a442-1c08b69b7a34",
                  "isHook": false,
                  "skipped": false
                }
              ],
              "suites": [],
              "passes": [
                "0f689eaa-6813-420b-9dbf-ad17cc6a2d1b"
              ],
              "failures": [],
              "pending": [],
              "skipped": [],
              "duration": 1,
              "root": false,
              "rootEmpty": false,
              "_timeout": 2000
            },
            {
              "uuid": "f1a5f5e7-27f0-46e7-9c8e-59e097145401",
              "title": "get oldValue()",
              "fullFile": "/home/runner/work/node-pyatv/node-pyatv/test/device-event.ts",
              "file": "/test/device-event.ts",
              "beforeHooks": [],
              "afterHooks": [],
              "tests": [
                {
                  "title": "should work",
                  "fullTitle": "NodePyATVDeviceEvent get oldValue() should work",
                  "timedOut": false,
                  "duration": 0,
                  "state": "passed",
                  "speed": "fast",
                  "pass": true,
                  "fail": false,
                  "pending": false,
                  "context": null,
                  "code": "const event=new NodePyATVDeviceEvent({key:\"genre\",old:\"Jazz\",new:\"Rock\",device:new NodePyATVDevice({host:\"192.168.178.2\",name:\"My Testinstance\"})});assert.strictEqual(event.oldValue,\"Jazz\")",
                  "err": {},
                  "uuid": "7df53e00-9554-481c-b45b-cd2388b7fa8d",
                  "parentUUID": "f1a5f5e7-27f0-46e7-9c8e-59e097145401",
                  "isHook": false,
                  "skipped": false
                }
              ],
              "suites": [],
              "passes": [
                "7df53e00-9554-481c-b45b-cd2388b7fa8d"
              ],
              "failures": [],
              "pending": [],
              "skipped": [],
              "duration": 0,
              "root": false,
              "rootEmpty": false,
              "_timeout": 2000
            },
            {
              "uuid": "6ecd1ec0-ebd9-4800-a49a-75a931bc131c",
              "title": "get newValue()",
              "fullFile": "/home/runner/work/node-pyatv/node-pyatv/test/device-event.ts",
              "file": "/test/device-event.ts",
              "beforeHooks": [],
              "afterHooks": [],
              "tests": [
                {
                  "title": "should work",
                  "fullTitle": "NodePyATVDeviceEvent get newValue() should work",
                  "timedOut": false,
                  "duration": 0,
                  "state": "passed",
                  "speed": "fast",
                  "pass": true,
                  "fail": false,
                  "pending": false,
                  "context": null,
                  "code": "const event=new NodePyATVDeviceEvent({key:\"genre\",old:\"Jazz\",new:\"Rock\",device:new NodePyATVDevice({host:\"192.168.178.2\",name:\"My Testinstance\"})});assert.strictEqual(event.newValue,\"Rock\")",
                  "err": {},
                  "uuid": "25ff57c3-6e3b-4beb-95ee-8e69b167e934",
                  "parentUUID": "6ecd1ec0-ebd9-4800-a49a-75a931bc131c",
                  "isHook": false,
                  "skipped": false
                }
              ],
              "suites": [],
              "passes": [
                "25ff57c3-6e3b-4beb-95ee-8e69b167e934"
              ],
              "failures": [],
              "pending": [],
              "skipped": [],
              "duration": 0,
              "root": false,
              "rootEmpty": false,
              "_timeout": 2000
            },
            {
              "uuid": "b97e5b03-0a28-4466-81f6-481193e9f51b",
              "title": "get value()",
              "fullFile": "/home/runner/work/node-pyatv/node-pyatv/test/device-event.ts",
              "file": "/test/device-event.ts",
              "beforeHooks": [],
              "afterHooks": [],
              "tests": [
                {
                  "title": "should work",
                  "fullTitle": "NodePyATVDeviceEvent get value() should work",
                  "timedOut": false,
                  "duration": 0,
                  "state": "passed",
                  "speed": "fast",
                  "pass": true,
                  "fail": false,
                  "pending": false,
                  "context": null,
                  "code": "const event=new NodePyATVDeviceEvent({key:\"genre\",old:\"Jazz\",new:\"Rock\",device:new NodePyATVDevice({host:\"192.168.178.2\",name:\"My Testinstance\"})});assert.strictEqual(event.value,\"Rock\")",
                  "err": {},
                  "uuid": "bcaff798-7f31-47ea-9719-c9e938f99e4e",
                  "parentUUID": "b97e5b03-0a28-4466-81f6-481193e9f51b",
                  "isHook": false,
                  "skipped": false
                }
              ],
              "suites": [],
              "passes": [
                "bcaff798-7f31-47ea-9719-c9e938f99e4e"
              ],
              "failures": [],
              "pending": [],
              "skipped": [],
              "duration": 0,
              "root": false,
              "rootEmpty": false,
              "_timeout": 2000
            },
            {
              "uuid": "08478127-bded-4178-a9aa-80f4068fff3a",
              "title": "get device()",
              "fullFile": "/home/runner/work/node-pyatv/node-pyatv/test/device-event.ts",
              "file": "/test/device-event.ts",
              "beforeHooks": [],
              "afterHooks": [],
              "tests": [
                {
                  "title": "should work",
                  "fullTitle": "NodePyATVDeviceEvent get device() should work",
                  "timedOut": false,
                  "duration": 0,
                  "state": "passed",
                  "speed": "fast",
                  "pass": true,
                  "fail": false,
                  "pending": false,
                  "context": null,
                  "code": "const device=new NodePyATVDevice({host:\"192.168.178.2\",name:\"My Testinstance\"});const event=new NodePyATVDeviceEvent({key:\"genre\",old:\"Jazz\",new:\"Rock\",device});assert.deepEqual(event.device,device)",
                  "err": {},
                  "uuid": "9b04fca3-fd0b-4209-8322-8d2ab70220ed",
                  "parentUUID": "08478127-bded-4178-a9aa-80f4068fff3a",
                  "isHook": false,
                  "skipped": false
                }
              ],
              "suites": [],
              "passes": [
                "9b04fca3-fd0b-4209-8322-8d2ab70220ed"
              ],
              "failures": [],
              "pending": [],
              "skipped": [],
              "duration": 0,
              "root": false,
              "rootEmpty": false,
              "_timeout": 2000
            }
          ],
          "passes": [],
          "failures": [],
          "pending": [],
          "skipped": [],
          "duration": 0,
          "root": false,
          "rootEmpty": false,
          "_timeout": 2000
        },
        {
          "uuid": "fbad8b33-f887-4531-9aa5-fab1d568ce9a",
          "title": "NodePyATVDeviceEvents",
          "fullFile": "/home/runner/work/node-pyatv/node-pyatv/test/device-events.ts",
          "file": "/test/device-events.ts",
          "beforeHooks": [],
          "afterHooks": [],
          "tests": [],
          "suites": [
            {
              "uuid": "757402ba-de8b-4294-9855-dcb55c6da4c5",
              "title": "applyStateAndEmitEvents()",
              "fullFile": "/home/runner/work/node-pyatv/node-pyatv/test/device-events.ts",
              "file": "/test/device-events.ts",
              "beforeHooks": [],
              "afterHooks": [],
              "tests": [
                {
                  "title": "should emit update:key event",
                  "fullTitle": "NodePyATVDeviceEvents applyStateAndEmitEvents() should emit update:key event",
                  "timedOut": false,
                  "duration": 3,
                  "state": "passed",
                  "speed": "fast",
                  "pass": true,
                  "fail": false,
                  "pending": false,
                  "context": null,
                  "code": "const device=new NodePyATVDevice({name:\"My Testdevice\",host:\"192.168.178.2\",spawn:createFakeSpawn(cp=>{cp.onStdIn(()=>cp.end());cp.stdout({result:\"success\",title:\"My Movie\"})})});await new Promise(cb=>{device.once(\"update:title\",event=>{assert.ok(event instanceof NodePyATVDeviceEvent);assert.strictEqual(event.key,\"title\");assert.strictEqual(event.oldValue,null);assert.strictEqual(event.newValue,\"My Movie\");assert.strictEqual(event.value,\"My Movie\");assert.deepStrictEqual(event.device,device);cb(void 0)})})",
                  "err": {},
                  "uuid": "57b11bd1-fcb1-4780-a25e-7eb9c843d29f",
                  "parentUUID": "757402ba-de8b-4294-9855-dcb55c6da4c5",
                  "isHook": false,
                  "skipped": false
                },
                {
                  "title": "should emit update event",
                  "fullTitle": "NodePyATVDeviceEvents applyStateAndEmitEvents() should emit update event",
                  "timedOut": false,
                  "duration": 2,
                  "state": "passed",
                  "speed": "fast",
                  "pass": true,
                  "fail": false,
                  "pending": false,
                  "context": null,
                  "code": "const device=new NodePyATVDevice({name:\"My Testdevice\",host:\"192.168.178.2\",spawn:createFakeSpawn(cp=>{cp.onStdIn(()=>cp.end());cp.stdout({result:\"success\",title:\"My Movie\"})})});await new Promise(cb=>{device.once(\"update\",event=>{assert.ok(event instanceof NodePyATVDeviceEvent);assert.strictEqual(event.key,\"title\");assert.strictEqual(event.oldValue,null);assert.strictEqual(event.newValue,\"My Movie\");assert.strictEqual(event.value,\"My Movie\");assert.deepStrictEqual(event.device,device);cb(void 0)})})",
                  "err": {},
                  "uuid": "4f23436f-e199-4001-a5ee-e9527e7150f9",
                  "parentUUID": "757402ba-de8b-4294-9855-dcb55c6da4c5",
                  "isHook": false,
                  "skipped": false
                },
                {
                  "title": "should emit update:key event before update",
                  "fullTitle": "NodePyATVDeviceEvents applyStateAndEmitEvents() should emit update:key event before update",
                  "timedOut": false,
                  "duration": 2,
                  "state": "passed",
                  "speed": "fast",
                  "pass": true,
                  "fail": false,
                  "pending": false,
                  "context": null,
                  "code": "const device=new NodePyATVDevice({name:\"My Testdevice\",host:\"192.168.178.2\",spawn:createFakeSpawn(cp=>{cp.onStdIn(()=>cp.end());cp.stdout({result:\"success\",title:\"My Movie\"})})});const sort=[];await Promise.race([new Promise(cb=>{device.once(\"update\",()=>{sort.push(\"update\");cb(void 0)})}),new Promise(cb=>{device.once(\"update:title\",()=>{sort.push(\"update:title\");cb(void 0)})})]);assert.deepStrictEqual(sort,[\"update:title\",\"update\"])",
                  "err": {},
                  "uuid": "0a4a192a-f35c-4b0e-b8ec-ecdb994da468",
                  "parentUUID": "757402ba-de8b-4294-9855-dcb55c6da4c5",
                  "isHook": false,
                  "skipped": false
                },
                {
                  "title": "should emit error events on failures",
                  "fullTitle": "NodePyATVDeviceEvents applyStateAndEmitEvents() should emit error events on failures",
                  "timedOut": false,
                  "duration": 1,
                  "state": "passed",
                  "speed": "fast",
                  "pass": true,
                  "fail": false,
                  "pending": false,
                  "context": null,
                  "code": "const device=new NodePyATVDevice({name:\"My Testdevice\",host:\"192.168.178.2\",spawn:createFakeSpawn(cp=>{cp.onStdIn(()=>cp.end());cp.stdout({result:\"failure\",datetime:\"2021-11-24T21:13:36.424576+03:00\",exception:\"invalid credentials: 321\",stacktrace:'Traceback (most recent call last):\\n  File \"/Users/free/Library/Python/3.8/lib/python/site-packages/pyatv/scripts/atvscript.py\", line 302, in appstart\\n    print(args.output(await _handle_command(args, abort_sem, loop)), flush=True)\\n  File \"/Users/free/Library/Python/3.8/lib/python/site-packages/pyatv/scripts/atvscript.py\", line 196, in _handle_command\\n    atv = await connect(config, loop, protocol=Protocol.MRP)\\n  File \"/Users/free/Library/Python/3.8/lib/python/site-packages/pyatv/__init__.py\", line 96, in connect\\n    for setup_data in proto_methods.setup(\\n  File \"/Users/free/Library/Python/3.8/lib/python/site-packages/pyatv/protocols/airplay/__init__.py\", line 192, in setup\\n    stream = AirPlayStream(config, service)\\n  File \"/Users/free/Library/Python/3.8/lib/python/site-packages/pyatv/protocols/airplay/__init__.py\", line 79, in __init__\\n    self._credentials: HapCredentials = parse_credentials(self.service.credentials)\\n  File \"/Users/free/Library/Python/3.8/lib/python/site-packages/pyatv/auth/hap_pairing.py\", line 139, in parse_credentials\\n    raise exceptions.InvalidCredentialsError(\"invalid credentials: \" + detail_string)\\npyatv.exceptions.InvalidCredentialsError: invalid credentials: 321\\n'})})});await new Promise(cb=>{device.once(\"error\",error=>{assert.ok(error instanceof Error);assert.ok(error.toString().includes(\"invalid credentials: 321\"));cb(void 0)})})",
                  "err": {},
                  "uuid": "08dc737e-6198-48d9-9f05-d8e9c684f6fc",
                  "parentUUID": "757402ba-de8b-4294-9855-dcb55c6da4c5",
                  "isHook": false,
                  "skipped": false
                },
                {
                  "title": "should not emit an update if new value is same as old one",
                  "fullTitle": "NodePyATVDeviceEvents applyStateAndEmitEvents() should not emit an update if new value is same as old one",
                  "timedOut": false,
                  "duration": 3,
                  "state": "passed",
                  "speed": "fast",
                  "pass": true,
                  "fail": false,
                  "pending": false,
                  "context": null,
                  "code": "let spawnCounter=0;let eventCounter=0;const device=new NodePyATVDevice({name:\"My Testdevice\",host:\"192.168.178.2\",spawn:createFakeSpawn(cp=>{if(spawnCounter===0){cp.onStdIn(()=>cp.end())}cp.stdout({result:\"success\",title:\"My Movie\"});spawnCounter++;if(spawnCounter>=2){cp.end()}})});const listener=__name(()=>{eventCounter++},\"listener\");device.on(\"update\",listener);await new Promise(cb=>setTimeout(cb,0));await device.getState();device.off(\"update\",listener);assert.strictEqual(spawnCounter,2);assert.strictEqual(eventCounter,1)",
                  "err": {},
                  "uuid": "917f8376-f46f-4810-8d19-76fc3a6d7346",
                  "parentUUID": "757402ba-de8b-4294-9855-dcb55c6da4c5",
                  "isHook": false,
                  "skipped": false
                },
                {
                  "title": "should emit error event if event listener throws an exception",
                  "fullTitle": "NodePyATVDeviceEvents applyStateAndEmitEvents() should emit error event if event listener throws an exception",
                  "timedOut": false,
                  "duration": 2,
                  "state": "passed",
                  "speed": "fast",
                  "pass": true,
                  "fail": false,
                  "pending": false,
                  "context": null,
                  "code": "const device=new NodePyATVDevice({name:\"My Testdevice\",host:\"192.168.178.2\",spawn:createFakeSpawn(cp=>{cp.onStdIn(()=>cp.end());cp.stdout({result:\"success\",title:\"My Movie\"})})});let callCounter=0;const error=new Error(\"This is an error. Be nice.\");device.once(\"error\",err=>{assert.strictEqual(err,error);callCounter++});const listener=__name(()=>{throw error},\"listener\");device.on(\"update\",listener);await new Promise(cb=>setTimeout(cb,0));device.off(\"update\",listener);assert.strictEqual(callCounter,1)",
                  "err": {},
                  "uuid": "cf711edc-6c70-4bfc-86e1-740df8ba3b4a",
                  "parentUUID": "757402ba-de8b-4294-9855-dcb55c6da4c5",
                  "isHook": false,
                  "skipped": false
                },
                {
                  "title": "should also work with powerState",
                  "fullTitle": "NodePyATVDeviceEvents applyStateAndEmitEvents() should also work with powerState",
                  "timedOut": false,
                  "duration": 2,
                  "state": "passed",
                  "speed": "fast",
                  "pass": true,
                  "fail": false,
                  "pending": false,
                  "context": null,
                  "code": "const device=new NodePyATVDevice({name:\"My Testdevice\",host:\"192.168.178.2\",spawn:createFakeSpawn(cp=>{cp.onStdIn(()=>cp.end());cp.stdout({result:\"success\",datetime:new Date().toJSON(),power_state:\"off\"})})});await new Promise(cb=>{device.once(\"update:powerState\",event=>{assert.ok(event instanceof NodePyATVDeviceEvent);assert.strictEqual(event.key,\"powerState\");assert.strictEqual(event.oldValue,null);assert.strictEqual(event.newValue,\"off\");assert.strictEqual(event.newValue,NodePyATVPowerState.off);assert.strictEqual(event.value,\"off\");assert.strictEqual(event.value,NodePyATVPowerState.off);assert.deepStrictEqual(event.device,device);cb(void 0)})})",
                  "err": {},
                  "uuid": "d784e063-dd4e-4f3a-b87a-985ee1dff52f",
                  "parentUUID": "757402ba-de8b-4294-9855-dcb55c6da4c5",
                  "isHook": false,
                  "skipped": false
                },
                {
                  "title": "should only one event for powerState changes",
                  "fullTitle": "NodePyATVDeviceEvents applyStateAndEmitEvents() should only one event for powerState changes",
                  "timedOut": false,
                  "duration": 10,
                  "state": "passed",
                  "speed": "fast",
                  "pass": true,
                  "fail": false,
                  "pending": false,
                  "context": null,
                  "code": "const device=new NodePyATVDevice({name:\"My Testdevice\",host:\"192.168.178.2\",spawn:createFakeSpawn(cp=>{cp.onStdIn(()=>cp.end());cp.stdout({result:\"success\",datetime:new Date().toJSON(),power_state:\"off\"});cp.end()})});let counter=0;device.on(\"update\",event=>{assert.ok(event instanceof NodePyATVDeviceEvent);assert.strictEqual(event.key,\"powerState\");assert.strictEqual(event.oldValue,null);assert.strictEqual(event.newValue,\"off\");assert.strictEqual(event.newValue,NodePyATVPowerState.off);assert.strictEqual(event.value,\"off\");assert.strictEqual(event.value,NodePyATVPowerState.off);assert.deepStrictEqual(event.device,device);counter++});await new Promise(cb=>setTimeout(cb,10));assert.strictEqual(counter,1);device.removeAllListeners(\"update\")",
                  "err": {},
                  "uuid": "774fb82f-abee-45e3-b77e-904e7e149dc0",
                  "parentUUID": "757402ba-de8b-4294-9855-dcb55c6da4c5",
                  "isHook": false,
                  "skipped": false
                },
                {
                  "title": "should only one event for focusState changes",
                  "fullTitle": "NodePyATVDeviceEvents applyStateAndEmitEvents() should only one event for focusState changes",
                  "timedOut": false,
                  "duration": 11,
                  "state": "passed",
                  "speed": "fast",
                  "pass": true,
                  "fail": false,
                  "pending": false,
                  "context": null,
                  "code": "const device=new NodePyATVDevice({name:\"My Testdevice\",host:\"192.168.178.2\",spawn:createFakeSpawn(cp=>{cp.onStdIn(()=>cp.end());cp.stdout({result:\"success\",datetime:new Date().toJSON(),focus_state:\"unfocused\"});cp.end()})});let counter=0;device.on(\"update\",event=>{assert.ok(event instanceof NodePyATVDeviceEvent);assert.strictEqual(event.key,\"focusState\");assert.strictEqual(event.oldValue,null);assert.strictEqual(event.newValue,\"unfocused\");assert.strictEqual(event.newValue,NodePyATVFocusState.unfocused);assert.strictEqual(event.value,\"unfocused\");assert.strictEqual(event.value,NodePyATVFocusState.unfocused);assert.deepStrictEqual(event.device,device);counter++});await new Promise(cb=>setTimeout(cb,10));assert.strictEqual(counter,1);device.removeAllListeners(\"update\")",
                  "err": {},
                  "uuid": "115821d0-03ed-43d7-a84c-6fc005d30fc5",
                  "parentUUID": "757402ba-de8b-4294-9855-dcb55c6da4c5",
                  "isHook": false,
                  "skipped": false
                },
                {
                  "title": "should only one event for outputDevices changes",
                  "fullTitle": "NodePyATVDeviceEvents applyStateAndEmitEvents() should only one event for outputDevices changes",
                  "timedOut": false,
                  "duration": 11,
                  "state": "passed",
                  "speed": "fast",
                  "pass": true,
                  "fail": false,
                  "pending": false,
                  "context": null,
                  "code": "const device=new NodePyATVDevice({name:\"My Testdevice\",host:\"192.168.178.2\",spawn:createFakeSpawn(cp=>{cp.onStdIn(()=>cp.end());cp.stdout({result:\"success\",datetime:new Date().toJSON(),output_devices:[{name:\"Living room\",identifier:\"AAAAAAAA-BBBB-CCCC-DDDD-EEEEEEEEEEEE\"}]});cp.end()})});let counter=0;device.on(\"update\",event=>{assert.ok(event instanceof NodePyATVDeviceEvent);assert.strictEqual(event.key,\"outputDevices\");assert.strictEqual(event.oldValue,null);assert.deepStrictEqual(event.newValue,[{name:\"Living room\",identifier:\"AAAAAAAA-BBBB-CCCC-DDDD-EEEEEEEEEEEE\"}]);assert.deepStrictEqual(event.value,[{name:\"Living room\",identifier:\"AAAAAAAA-BBBB-CCCC-DDDD-EEEEEEEEEEEE\"}]);assert.deepStrictEqual(event.device,device);counter++});await new Promise(cb=>setTimeout(cb,10));assert.strictEqual(counter,1);device.removeAllListeners(\"update\")",
                  "err": {},
                  "uuid": "36ba6d4a-fe92-4fee-9192-25146287605f",
                  "parentUUID": "757402ba-de8b-4294-9855-dcb55c6da4c5",
                  "isHook": false,
                  "skipped": false
                },
                {
                  "title": "should only one event for volume changes",
                  "fullTitle": "NodePyATVDeviceEvents applyStateAndEmitEvents() should only one event for volume changes",
                  "timedOut": false,
                  "duration": 10,
                  "state": "passed",
                  "speed": "fast",
                  "pass": true,
                  "fail": false,
                  "pending": false,
                  "context": null,
                  "code": "const device=new NodePyATVDevice({name:\"My Testdevice\",host:\"192.168.178.2\",spawn:createFakeSpawn(cp=>{cp.onStdIn(()=>cp.end());cp.stdout({result:\"success\",datetime:new Date().toJSON(),volume:20});cp.end()})});let counter=0;device.on(\"update\",event=>{assert.ok(event instanceof NodePyATVDeviceEvent);assert.strictEqual(event.key,\"volume\");assert.strictEqual(event.oldValue,null);assert.strictEqual(event.newValue,20);assert.strictEqual(event.value,20);assert.deepStrictEqual(event.device,device);counter++});await new Promise(cb=>setTimeout(cb,10));assert.strictEqual(counter,1);device.removeAllListeners(\"update\")",
                  "err": {},
                  "uuid": "b9ce04d1-44e6-4c72-9e92-d442e99d98dc",
                  "parentUUID": "757402ba-de8b-4294-9855-dcb55c6da4c5",
                  "isHook": false,
                  "skipped": false
                },
                {
                  "title": "should not trigger any events for newly added fields",
                  "fullTitle": "NodePyATVDeviceEvents applyStateAndEmitEvents() should not trigger any events for newly added fields",
                  "timedOut": false,
                  "duration": 10,
                  "state": "passed",
                  "speed": "fast",
                  "pass": true,
                  "fail": false,
                  "pending": false,
                  "context": null,
                  "code": "const device=new NodePyATVDevice({name:\"My Testdevice\",host:\"192.168.178.2\",spawn:createFakeSpawn(cp=>{cp.onStdIn(()=>cp.end());cp.stdout({result:\"success\",datetime:new Date().toJSON(),foo:\"bar\"});cp.end()})});device.on(\"update\",event=>{assert.fail(`Got an update event for a new field: ${event}`)});await new Promise(cb=>setTimeout(cb,10));device.removeAllListeners(\"update\")",
                  "err": {},
                  "uuid": "71074ef8-bb12-413d-915e-71a335014d97",
                  "parentUUID": "757402ba-de8b-4294-9855-dcb55c6da4c5",
                  "isHook": false,
                  "skipped": false
                }
              ],
              "suites": [],
              "passes": [
                "57b11bd1-fcb1-4780-a25e-7eb9c843d29f",
                "4f23436f-e199-4001-a5ee-e9527e7150f9",
                "0a4a192a-f35c-4b0e-b8ec-ecdb994da468",
                "08dc737e-6198-48d9-9f05-d8e9c684f6fc",
                "917f8376-f46f-4810-8d19-76fc3a6d7346",
                "cf711edc-6c70-4bfc-86e1-740df8ba3b4a",
                "d784e063-dd4e-4f3a-b87a-985ee1dff52f",
                "774fb82f-abee-45e3-b77e-904e7e149dc0",
                "115821d0-03ed-43d7-a84c-6fc005d30fc5",
                "36ba6d4a-fe92-4fee-9192-25146287605f",
                "b9ce04d1-44e6-4c72-9e92-d442e99d98dc",
                "71074ef8-bb12-413d-915e-71a335014d97"
              ],
              "failures": [],
              "pending": [],
              "skipped": [],
              "duration": 67,
              "root": false,
              "rootEmpty": false,
              "_timeout": 2000
            },
            {
              "uuid": "9d9cafe4-132c-41cf-9e39-c373105af4ff",
              "title": "start|stopListening()",
              "fullFile": "/home/runner/work/node-pyatv/node-pyatv/test/device-events.ts",
              "file": "/test/device-events.ts",
              "beforeHooks": [],
              "afterHooks": [],
              "tests": [
                {
                  "title": "should emit error if spawn fails",
                  "fullTitle": "NodePyATVDeviceEvents start|stopListening() should emit error if spawn fails",
                  "timedOut": false,
                  "duration": 1,
                  "state": "passed",
                  "speed": "fast",
                  "pass": true,
                  "fail": false,
                  "pending": false,
                  "context": null,
                  "code": "const error=new Error;const device=new NodePyATVDevice({name:\"My Testdevice\",host:\"192.168.178.2\",spawn:createFakeSpawn(cp=>{cp.error(error).end()})});const listener=__name(()=>{},\"listener\");device.on(\"update\",listener);await new Promise(cb=>{device.once(\"error\",err=>{assert.strictEqual(err,error);cb(void 0)})});device.off(\"update\",listener)",
                  "err": {},
                  "uuid": "80b52839-7fc8-44a5-80c2-e49ae9a561ac",
                  "parentUUID": "9d9cafe4-132c-41cf-9e39-c373105af4ff",
                  "isHook": false,
                  "skipped": false
                },
                {
                  "title": "should emit error on stderr data",
                  "fullTitle": "NodePyATVDeviceEvents start|stopListening() should emit error on stderr data",
                  "timedOut": false,
                  "duration": 1,
                  "state": "passed",
                  "speed": "fast",
                  "pass": true,
                  "fail": false,
                  "pending": false,
                  "context": null,
                  "code": "const device=new NodePyATVDevice({name:\"My Testdevice\",host:\"192.168.178.2\",spawn:createFakeSpawn(cp=>{cp.stderr(\"Hello World!\").end()})});const listener=__name(()=>{},\"listener\");device.on(\"update\",listener);await new Promise(cb=>{device.once(\"error\",err=>{assert.ok(err instanceof Error);assert.ok(err.toString().includes(\"Got stderr output from pyatv: Hello World!\"));cb(void 0)})});device.off(\"update\",listener)",
                  "err": {},
                  "uuid": "61d1c8ef-d574-493a-a0c9-25206d61e2a4",
                  "parentUUID": "9d9cafe4-132c-41cf-9e39-c373105af4ff",
                  "isHook": false,
                  "skipped": false
                },
                {
                  "title": "should emit error if stdout is not valid json",
                  "fullTitle": "NodePyATVDeviceEvents start|stopListening() should emit error if stdout is not valid json",
                  "timedOut": false,
                  "duration": 1,
                  "state": "passed",
                  "speed": "fast",
                  "pass": true,
                  "fail": false,
                  "pending": false,
                  "context": null,
                  "code": "const device=new NodePyATVDevice({name:\"My Testdevice\",host:\"192.168.178.2\",spawn:createFakeSpawn(cp=>{cp.stdout(\"#\").end()})});const listener=__name(()=>{},\"listener\");device.on(\"update\",listener);await new Promise(cb=>{device.once(\"error\",err=>{assert.ok(err instanceof Error);assert.ok(err.toString().includes(\"Unable to parse stdout json: SyntaxError\"));cb(void 0)})});device.off(\"update\",listener)",
                  "err": {},
                  "uuid": "fbaf6d14-5dd4-4e86-9352-0f2abcd81f5c",
                  "parentUUID": "9d9cafe4-132c-41cf-9e39-c373105af4ff",
                  "isHook": false,
                  "skipped": false
                },
                {
                  "title": "should restart the process if it gets killed",
                  "fullTitle": "NodePyATVDeviceEvents start|stopListening() should restart the process if it gets killed",
                  "timedOut": false,
                  "duration": 0,
                  "state": "pending",
                  "speed": null,
                  "pass": false,
                  "fail": false,
                  "pending": true,
                  "context": null,
                  "code": "",
                  "err": {},
                  "uuid": "14e1c4c3-11cc-4993-bef6-58c15b5a3f71",
                  "parentUUID": "9d9cafe4-132c-41cf-9e39-c373105af4ff",
                  "isHook": false,
                  "skipped": false
                }
              ],
              "suites": [],
              "passes": [
                "80b52839-7fc8-44a5-80c2-e49ae9a561ac",
                "61d1c8ef-d574-493a-a0c9-25206d61e2a4",
                "fbaf6d14-5dd4-4e86-9352-0f2abcd81f5c"
              ],
              "failures": [],
              "pending": [
                "14e1c4c3-11cc-4993-bef6-58c15b5a3f71"
              ],
              "skipped": [],
              "duration": 3,
              "root": false,
              "rootEmpty": false,
              "_timeout": 2000
            },
            {
              "uuid": "7e80c9a8-b0ae-4ba3-b7ae-c11e59c1b0d7",
              "title": "addListener() / removeAllListeners()",
              "fullFile": "/home/runner/work/node-pyatv/node-pyatv/test/device-events.ts",
              "file": "/test/device-events.ts",
              "beforeHooks": [],
              "afterHooks": [],
              "tests": [
                {
                  "title": "should work without any exceptions",
                  "fullTitle": "NodePyATVDeviceEvents addListener() / removeAllListeners() should work without any exceptions",
                  "timedOut": false,
                  "duration": 0,
                  "state": "passed",
                  "speed": "fast",
                  "pass": true,
                  "fail": false,
                  "pending": false,
                  "context": null,
                  "code": "const device=new NodePyATVDevice({name:\"My Testdevice\",host:\"192.168.178.2\",spawn:createFakeSpawn(cp=>{cp.onStdIn(()=>cp.end());cp.stdout({result:\"success\",title:\"My Movie\"})})});const listener=__name(()=>{},\"listener\");device.addListener(\"update\",listener);device.removeAllListeners(\"update\")",
                  "err": {},
                  "uuid": "c9ace50d-6ff0-4d87-9672-23332735f034",
                  "parentUUID": "7e80c9a8-b0ae-4ba3-b7ae-c11e59c1b0d7",
                  "isHook": false,
                  "skipped": false
                }
              ],
              "suites": [],
              "passes": [
                "c9ace50d-6ff0-4d87-9672-23332735f034"
              ],
              "failures": [],
              "pending": [],
              "skipped": [],
              "duration": 0,
              "root": false,
              "rootEmpty": false,
              "_timeout": 2000
            },
            {
              "uuid": "cc5c4015-5713-4f25-8b84-a473d639855c",
              "title": "emit()",
              "fullFile": "/home/runner/work/node-pyatv/node-pyatv/test/device-events.ts",
              "file": "/test/device-events.ts",
              "beforeHooks": [],
              "afterHooks": [],
              "tests": [
                {
                  "title": "should work",
                  "fullTitle": "NodePyATVDeviceEvents emit() should work",
                  "timedOut": false,
                  "duration": 0,
                  "state": "passed",
                  "speed": "fast",
                  "pass": true,
                  "fail": false,
                  "pending": false,
                  "context": null,
                  "code": "const device=new NodePyATVDevice({name:\"My Testdevice\",host:\"192.168.178.2\",spawn:createFakeSpawn(cp=>{cp.onStdIn(()=>cp.end())})});const event=new NodePyATVDeviceEvent({key:\"dateTime\",old:\"foo\",new:\"bar\",device});let executions=0;device.once(\"test\",e=>{executions++;assert.strictEqual(e,event);assert.strictEqual(executions,1);done()});device.emit(\"test\",event)",
                  "err": {},
                  "uuid": "f0bb87c0-652b-4b6c-8714-dac58b527888",
                  "parentUUID": "cc5c4015-5713-4f25-8b84-a473d639855c",
                  "isHook": false,
                  "skipped": false
                }
              ],
              "suites": [],
              "passes": [
                "f0bb87c0-652b-4b6c-8714-dac58b527888"
              ],
              "failures": [],
              "pending": [],
              "skipped": [],
              "duration": 0,
              "root": false,
              "rootEmpty": false,
              "_timeout": 2000
            },
            {
              "uuid": "6a39d6ec-b100-4256-a15e-858d883928c2",
              "title": "eventNames()",
              "fullFile": "/home/runner/work/node-pyatv/node-pyatv/test/device-events.ts",
              "file": "/test/device-events.ts",
              "beforeHooks": [],
              "afterHooks": [],
              "tests": [
                {
                  "title": "should work",
                  "fullTitle": "NodePyATVDeviceEvents eventNames() should work",
                  "timedOut": false,
                  "duration": 0,
                  "state": "passed",
                  "speed": "fast",
                  "pass": true,
                  "fail": false,
                  "pending": false,
                  "context": null,
                  "code": "const device=new NodePyATVDevice({name:\"My Testdevice\",host:\"192.168.178.2\",spawn:createFakeSpawn(cp=>{cp.onStdIn(()=>cp.end())})});const listener=__name(()=>{},\"listener\");device.on(\"test\",listener);assert.deepStrictEqual(device.eventNames(),[\"test\"]);device.off(\"test\",listener)",
                  "err": {},
                  "uuid": "54bedf38-dad1-4150-8bf5-66071541bbcc",
                  "parentUUID": "6a39d6ec-b100-4256-a15e-858d883928c2",
                  "isHook": false,
                  "skipped": false
                }
              ],
              "suites": [],
              "passes": [
                "54bedf38-dad1-4150-8bf5-66071541bbcc"
              ],
              "failures": [],
              "pending": [],
              "skipped": [],
              "duration": 0,
              "root": false,
              "rootEmpty": false,
              "_timeout": 2000
            },
            {
              "uuid": "f7971f25-46b4-4cbb-9723-4111a1f44f57",
              "title": "getMaxListeners()",
              "fullFile": "/home/runner/work/node-pyatv/node-pyatv/test/device-events.ts",
              "file": "/test/device-events.ts",
              "beforeHooks": [],
              "afterHooks": [],
              "tests": [
                {
                  "title": "should work",
                  "fullTitle": "NodePyATVDeviceEvents getMaxListeners() should work",
                  "timedOut": false,
                  "duration": 0,
                  "state": "passed",
                  "speed": "fast",
                  "pass": true,
                  "fail": false,
                  "pending": false,
                  "context": null,
                  "code": "const device=new NodePyATVDevice({name:\"My Testdevice\",host:\"192.168.178.2\",spawn:createFakeSpawn(cp=>{cp.onStdIn(()=>cp.end())})});const result=device.getMaxListeners();assert.ok(typeof result,\"number\");assert.ok(result>=10)",
                  "err": {},
                  "uuid": "0832d4a0-5abc-4d5b-b3a6-bc41ffe3ee03",
                  "parentUUID": "f7971f25-46b4-4cbb-9723-4111a1f44f57",
                  "isHook": false,
                  "skipped": false
                }
              ],
              "suites": [],
              "passes": [
                "0832d4a0-5abc-4d5b-b3a6-bc41ffe3ee03"
              ],
              "failures": [],
              "pending": [],
              "skipped": [],
              "duration": 0,
              "root": false,
              "rootEmpty": false,
              "_timeout": 2000
            },
            {
              "uuid": "0dc8303c-a597-41b9-b6c6-708d23f6b387",
              "title": "listenerCount()",
              "fullFile": "/home/runner/work/node-pyatv/node-pyatv/test/device-events.ts",
              "file": "/test/device-events.ts",
              "beforeHooks": [],
              "afterHooks": [],
              "tests": [
                {
                  "title": "should work",
                  "fullTitle": "NodePyATVDeviceEvents listenerCount() should work",
                  "timedOut": false,
                  "duration": 1,
                  "state": "passed",
                  "speed": "fast",
                  "pass": true,
                  "fail": false,
                  "pending": false,
                  "context": null,
                  "code": "const device=new NodePyATVDevice({name:\"My Testdevice\",host:\"192.168.178.2\",spawn:createFakeSpawn(cp=>{cp.onStdIn(()=>cp.end())})});const listener=__name(()=>{},\"listener\");assert.deepStrictEqual(device.listenerCount(\"test\"),0);device.on(\"test\",listener);assert.deepStrictEqual(device.listenerCount(\"test\"),1);device.off(\"test\",listener)",
                  "err": {},
                  "uuid": "0fbde334-b80d-4a2b-90ba-1f9849c471a7",
                  "parentUUID": "0dc8303c-a597-41b9-b6c6-708d23f6b387",
                  "isHook": false,
                  "skipped": false
                }
              ],
              "suites": [],
              "passes": [
                "0fbde334-b80d-4a2b-90ba-1f9849c471a7"
              ],
              "failures": [],
              "pending": [],
              "skipped": [],
              "duration": 1,
              "root": false,
              "rootEmpty": false,
              "_timeout": 2000
            },
            {
              "uuid": "e4030a30-9a67-466a-a81b-493fa1ef894c",
              "title": "listeners()",
              "fullFile": "/home/runner/work/node-pyatv/node-pyatv/test/device-events.ts",
              "file": "/test/device-events.ts",
              "beforeHooks": [],
              "afterHooks": [],
              "tests": [
                {
                  "title": "should work",
                  "fullTitle": "NodePyATVDeviceEvents listeners() should work",
                  "timedOut": false,
                  "duration": 0,
                  "state": "passed",
                  "speed": "fast",
                  "pass": true,
                  "fail": false,
                  "pending": false,
                  "context": null,
                  "code": "const device=new NodePyATVDevice({name:\"My Testdevice\",host:\"192.168.178.2\",spawn:createFakeSpawn(cp=>{cp.onStdIn(()=>cp.end())})});const listener=__name(()=>{},\"listener\");assert.deepStrictEqual(device.listeners(\"test\").length,0);device.on(\"test\",listener);assert.deepStrictEqual(device.listeners(\"test\").length,1);assert.deepStrictEqual(device.listeners(\"test\")[0],listener);device.off(\"test\",listener)",
                  "err": {},
                  "uuid": "42a73abd-016d-4e48-bdbf-87a7b7a24cec",
                  "parentUUID": "e4030a30-9a67-466a-a81b-493fa1ef894c",
                  "isHook": false,
                  "skipped": false
                }
              ],
              "suites": [],
              "passes": [
                "42a73abd-016d-4e48-bdbf-87a7b7a24cec"
              ],
              "failures": [],
              "pending": [],
              "skipped": [],
              "duration": 0,
              "root": false,
              "rootEmpty": false,
              "_timeout": 2000
            },
            {
              "uuid": "9d4fdce0-6e5e-432b-8142-a90ee982a45a",
              "title": "prependListener()",
              "fullFile": "/home/runner/work/node-pyatv/node-pyatv/test/device-events.ts",
              "file": "/test/device-events.ts",
              "beforeHooks": [],
              "afterHooks": [],
              "tests": [
                {
                  "title": "should work",
                  "fullTitle": "NodePyATVDeviceEvents prependListener() should work",
                  "timedOut": false,
                  "duration": 2,
                  "state": "passed",
                  "speed": "fast",
                  "pass": true,
                  "fail": false,
                  "pending": false,
                  "context": null,
                  "code": "const device=new NodePyATVDevice({name:\"My Testdevice\",host:\"192.168.178.2\",spawn:createFakeSpawn(cp=>{cp.onStdIn(()=>cp.end());cp.stdout({result:\"success\",title:\"My Movie\"})})});const listener=__name(()=>{device.removeAllListeners(\"update\");done()},\"listener\");device.prependListener(\"update\",listener)",
                  "err": {},
                  "uuid": "a3759301-c5f4-435e-98a9-819df6f6fca3",
                  "parentUUID": "9d4fdce0-6e5e-432b-8142-a90ee982a45a",
                  "isHook": false,
                  "skipped": false
                }
              ],
              "suites": [],
              "passes": [
                "a3759301-c5f4-435e-98a9-819df6f6fca3"
              ],
              "failures": [],
              "pending": [],
              "skipped": [],
              "duration": 2,
              "root": false,
              "rootEmpty": false,
              "_timeout": 2000
            },
            {
              "uuid": "3856ec15-098f-4c48-b23f-fc3458b17791",
              "title": "prependOnceListener()",
              "fullFile": "/home/runner/work/node-pyatv/node-pyatv/test/device-events.ts",
              "file": "/test/device-events.ts",
              "beforeHooks": [],
              "afterHooks": [],
              "tests": [
                {
                  "title": "should work",
                  "fullTitle": "NodePyATVDeviceEvents prependOnceListener() should work",
                  "timedOut": false,
                  "duration": 1,
                  "state": "passed",
                  "speed": "fast",
                  "pass": true,
                  "fail": false,
                  "pending": false,
                  "context": null,
                  "code": "const device=new NodePyATVDevice({name:\"My Testdevice\",host:\"192.168.178.2\",spawn:createFakeSpawn(cp=>{cp.onStdIn(()=>cp.end());cp.stdout({result:\"success\",title:\"My Movie\"})})});device.prependOnceListener(\"update\",()=>done())",
                  "err": {},
                  "uuid": "7f1ccb5c-584a-40ee-9b48-2ad737f4212a",
                  "parentUUID": "3856ec15-098f-4c48-b23f-fc3458b17791",
                  "isHook": false,
                  "skipped": false
                }
              ],
              "suites": [],
              "passes": [
                "7f1ccb5c-584a-40ee-9b48-2ad737f4212a"
              ],
              "failures": [],
              "pending": [],
              "skipped": [],
              "duration": 1,
              "root": false,
              "rootEmpty": false,
              "_timeout": 2000
            },
            {
              "uuid": "ba5092b9-1ad1-4bae-b1ce-94a08dcc9d39",
              "title": "rawListeners()",
              "fullFile": "/home/runner/work/node-pyatv/node-pyatv/test/device-events.ts",
              "file": "/test/device-events.ts",
              "beforeHooks": [],
              "afterHooks": [],
              "tests": [
                {
                  "title": "should work",
                  "fullTitle": "NodePyATVDeviceEvents rawListeners() should work",
                  "timedOut": false,
                  "duration": 0,
                  "state": "passed",
                  "speed": "fast",
                  "pass": true,
                  "fail": false,
                  "pending": false,
                  "context": null,
                  "code": "const device=new NodePyATVDevice({name:\"My Testdevice\",host:\"192.168.178.2\",spawn:createFakeSpawn(cp=>{cp.onStdIn(()=>cp.end())})});const listener=__name(()=>{},\"listener\");assert.deepStrictEqual(device.rawListeners(\"test\").length,0);device.on(\"test\",listener);assert.deepStrictEqual(device.rawListeners(\"test\").length,1);assert.deepStrictEqual(device.rawListeners(\"test\")[0],listener);device.off(\"test\",listener)",
                  "err": {},
                  "uuid": "3053a4e9-f31b-4245-8ac0-4062c5c865f9",
                  "parentUUID": "ba5092b9-1ad1-4bae-b1ce-94a08dcc9d39",
                  "isHook": false,
                  "skipped": false
                }
              ],
              "suites": [],
              "passes": [
                "3053a4e9-f31b-4245-8ac0-4062c5c865f9"
              ],
              "failures": [],
              "pending": [],
              "skipped": [],
              "duration": 0,
              "root": false,
              "rootEmpty": false,
              "_timeout": 2000
            },
            {
              "uuid": "cf1c6bd4-77a7-4c67-8893-65ca48fc553c",
              "title": "removeListener()",
              "fullFile": "/home/runner/work/node-pyatv/node-pyatv/test/device-events.ts",
              "file": "/test/device-events.ts",
              "beforeHooks": [],
              "afterHooks": [],
              "tests": [
                {
                  "title": "should work without any exceptions",
                  "fullTitle": "NodePyATVDeviceEvents removeListener() should work without any exceptions",
                  "timedOut": false,
                  "duration": 0,
                  "state": "passed",
                  "speed": "fast",
                  "pass": true,
                  "fail": false,
                  "pending": false,
                  "context": null,
                  "code": "const device=new NodePyATVDevice({name:\"My Testdevice\",host:\"192.168.178.2\",spawn:createFakeSpawn(cp=>{cp.onStdIn(()=>cp.end());cp.stdout({result:\"success\",title:\"My Movie\"})})});const listener=__name(()=>{},\"listener\");device.addListener(\"update\",listener);assert.deepStrictEqual(device.listenerCount(\"update\"),1);device.removeListener(\"update\",listener);assert.deepStrictEqual(device.listenerCount(\"update\"),0)",
                  "err": {},
                  "uuid": "728261b0-5b79-472e-8bd5-293e94c65bb4",
                  "parentUUID": "cf1c6bd4-77a7-4c67-8893-65ca48fc553c",
                  "isHook": false,
                  "skipped": false
                }
              ],
              "suites": [],
              "passes": [
                "728261b0-5b79-472e-8bd5-293e94c65bb4"
              ],
              "failures": [],
              "pending": [],
              "skipped": [],
              "duration": 0,
              "root": false,
              "rootEmpty": false,
              "_timeout": 2000
            }
          ],
          "passes": [],
          "failures": [],
          "pending": [],
          "skipped": [],
          "duration": 0,
          "root": false,
          "rootEmpty": false,
          "_timeout": 2000
        },
        {
          "uuid": "b8b73326-15ff-4d6c-9623-3fa56e016969",
          "title": "NodePyATVDevice",
          "fullFile": "/home/runner/work/node-pyatv/node-pyatv/test/device.ts",
          "file": "/test/device.ts",
          "beforeHooks": [],
          "afterHooks": [],
          "tests": [],
          "suites": [
            {
              "uuid": "c6c5e5a5-7b73-4d3e-8f6f-d2e021f5ff45",
              "title": "get name()",
              "fullFile": "/home/runner/work/node-pyatv/node-pyatv/test/device.ts",
              "file": "/test/device.ts",
              "beforeHooks": [],
              "afterHooks": [],
              "tests": [
                {
                  "title": "should return the name",
                  "fullTitle": "NodePyATVDevice get name() should return the name",
                  "timedOut": false,
                  "duration": 0,
                  "state": "passed",
                  "speed": "fast",
                  "pass": true,
                  "fail": false,
                  "pending": false,
                  "context": null,
                  "code": "const device=new NodePyATVDevice({name:\"My Testdevice\",host:\"192.168.178.2\"});assert.strictEqual(device.name,\"My Testdevice\")",
                  "err": {},
                  "uuid": "053f0916-e247-4047-86c9-82ed6dc663d6",
                  "parentUUID": "c6c5e5a5-7b73-4d3e-8f6f-d2e021f5ff45",
                  "isHook": false,
                  "skipped": false
                }
              ],
              "suites": [],
              "passes": [
                "053f0916-e247-4047-86c9-82ed6dc663d6"
              ],
              "failures": [],
              "pending": [],
              "skipped": [],
              "duration": 0,
              "root": false,
              "rootEmpty": false,
              "_timeout": 2000
            },
            {
              "uuid": "9022ed49-7d9b-4d2d-84bd-63652dde0023",
              "title": "get host()",
              "fullFile": "/home/runner/work/node-pyatv/node-pyatv/test/device.ts",
              "file": "/test/device.ts",
              "beforeHooks": [],
              "afterHooks": [],
              "tests": [
                {
                  "title": "should return the host",
                  "fullTitle": "NodePyATVDevice get host() should return the host",
                  "timedOut": false,
                  "duration": 0,
                  "state": "passed",
                  "speed": "fast",
                  "pass": true,
                  "fail": false,
                  "pending": false,
                  "context": null,
                  "code": "const device=new NodePyATVDevice({name:\"My Testdevice\",host:\"192.168.178.2\"});assert.strictEqual(device.host,\"192.168.178.2\")",
                  "err": {},
                  "uuid": "13ae6f30-5b29-41b5-8797-1ff181a78eca",
                  "parentUUID": "9022ed49-7d9b-4d2d-84bd-63652dde0023",
                  "isHook": false,
                  "skipped": false
                }
              ],
              "suites": [],
              "passes": [
                "13ae6f30-5b29-41b5-8797-1ff181a78eca"
              ],
              "failures": [],
              "pending": [],
              "skipped": [],
              "duration": 0,
              "root": false,
              "rootEmpty": false,
              "_timeout": 2000
            },
            {
              "uuid": "351f006e-5f61-4486-a0ae-26550dc2dc87",
              "title": "get id()",
              "fullFile": "/home/runner/work/node-pyatv/node-pyatv/test/device.ts",
              "file": "/test/device.ts",
              "beforeHooks": [],
              "afterHooks": [],
              "tests": [
                {
                  "title": "should return the id",
                  "fullTitle": "NodePyATVDevice get id() should return the id",
                  "timedOut": false,
                  "duration": 1,
                  "state": "passed",
                  "speed": "fast",
                  "pass": true,
                  "fail": false,
                  "pending": false,
                  "context": null,
                  "code": "const device=new NodePyATVDevice({name:\"My Testdevice\",host:\"192.168.178.2\",id:\"*****\"});assert.strictEqual(device.id,\"*****\")",
                  "err": {},
                  "uuid": "2b7936f4-d54f-4999-8fd1-81bb75e0a932",
                  "parentUUID": "351f006e-5f61-4486-a0ae-26550dc2dc87",
                  "isHook": false,
                  "skipped": false
                }
              ],
              "suites": [],
              "passes": [
                "2b7936f4-d54f-4999-8fd1-81bb75e0a932"
              ],
              "failures": [],
              "pending": [],
              "skipped": [],
              "duration": 1,
              "root": false,
              "rootEmpty": false,
              "_timeout": 2000
            },
            {
              "uuid": "f146ec61-fa54-4dc5-b79d-f8d00c264bf7",
              "title": "get allIDs()",
              "fullFile": "/home/runner/work/node-pyatv/node-pyatv/test/device.ts",
              "file": "/test/device.ts",
              "beforeHooks": [],
              "afterHooks": [],
              "tests": [
                {
                  "title": "should return all the IDs",
                  "fullTitle": "NodePyATVDevice get allIDs() should return all the IDs",
                  "timedOut": false,
                  "duration": 0,
                  "state": "passed",
                  "speed": "fast",
                  "pass": true,
                  "fail": false,
                  "pending": false,
                  "context": null,
                  "code": "const device=new NodePyATVDevice({name:\"My Testdevice\",host:\"192.168.178.2\",id:\"*****\",allIDs:[\"some_id_1\",\"some_id_2\",\"some_id_3\"]});assert.deepStrictEqual(device.allIDs,[\"some_id_1\",\"some_id_2\",\"some_id_3\"])",
                  "err": {},
                  "uuid": "a64817ad-f6dc-4dcf-82c7-26cddefaa949",
                  "parentUUID": "f146ec61-fa54-4dc5-b79d-f8d00c264bf7",
                  "isHook": false,
                  "skipped": false
                }
              ],
              "suites": [],
              "passes": [
                "a64817ad-f6dc-4dcf-82c7-26cddefaa949"
              ],
              "failures": [],
              "pending": [],
              "skipped": [],
              "duration": 0,
              "root": false,
              "rootEmpty": false,
              "_timeout": 2000
            },
            {
              "uuid": "14881b4e-8cd3-4bdd-9df5-9d3ae659628e",
              "title": "get protocol()",
              "fullFile": "/home/runner/work/node-pyatv/node-pyatv/test/device.ts",
              "file": "/test/device.ts",
              "beforeHooks": [],
              "afterHooks": [],
              "tests": [
                {
                  "title": "should return the protocol",
                  "fullTitle": "NodePyATVDevice get protocol() should return the protocol",
                  "timedOut": false,
                  "duration": 0,
                  "state": "passed",
                  "speed": "fast",
                  "pass": true,
                  "fail": false,
                  "pending": false,
                  "context": null,
                  "code": "const device=new NodePyATVDevice({name:\"My Testdevice\",host:\"192.168.178.2\",protocol:NodePyATVProtocol.airplay});assert.strictEqual(device.protocol,NodePyATVProtocol.airplay)",
                  "err": {},
                  "uuid": "5a2a23d2-c4a1-4ccd-b0c8-50e6d483eb19",
                  "parentUUID": "14881b4e-8cd3-4bdd-9df5-9d3ae659628e",
                  "isHook": false,
                  "skipped": false
                }
              ],
              "suites": [],
              "passes": [
                "5a2a23d2-c4a1-4ccd-b0c8-50e6d483eb19"
              ],
              "failures": [],
              "pending": [],
              "skipped": [],
              "duration": 0,
              "root": false,
              "rootEmpty": false,
              "_timeout": 2000
            },
            {
              "uuid": "8e176b30-91f4-40c8-a64f-7f42358130bb",
              "title": "get mac()",
              "fullFile": "/home/runner/work/node-pyatv/node-pyatv/test/device.ts",
              "file": "/test/device.ts",
              "beforeHooks": [],
              "afterHooks": [],
              "tests": [
                {
                  "title": "should return the mac",
                  "fullTitle": "NodePyATVDevice get mac() should return the mac",
                  "timedOut": false,
                  "duration": 1,
                  "state": "passed",
                  "speed": "fast",
                  "pass": true,
                  "fail": false,
                  "pending": false,
                  "context": null,
                  "code": "const device=new NodePyATVDevice({name:\"My Testdevice\",host:\"192.168.178.2\",mac:\"AA:BB:CC:DD:EE:FF\"});assert.strictEqual(device.mac,\"AA:BB:CC:DD:EE:FF\")",
                  "err": {},
                  "uuid": "793ec96b-9ec1-48dd-977d-875bf33d3eda",
                  "parentUUID": "8e176b30-91f4-40c8-a64f-7f42358130bb",
                  "isHook": false,
                  "skipped": false
                }
              ],
              "suites": [],
              "passes": [
                "793ec96b-9ec1-48dd-977d-875bf33d3eda"
              ],
              "failures": [],
              "pending": [],
              "skipped": [],
              "duration": 1,
              "root": false,
              "rootEmpty": false,
              "_timeout": 2000
            },
            {
              "uuid": "2341e9a8-1a6b-4890-becb-071a729e96f0",
              "title": "get model()",
              "fullFile": "/home/runner/work/node-pyatv/node-pyatv/test/device.ts",
              "file": "/test/device.ts",
              "beforeHooks": [],
              "afterHooks": [],
              "tests": [
                {
                  "title": "should return the model if set by scan",
                  "fullTitle": "NodePyATVDevice get model() should return the model if set by scan",
                  "timedOut": false,
                  "duration": 0,
                  "state": "passed",
                  "speed": "fast",
                  "pass": true,
                  "fail": false,
                  "pending": false,
                  "context": null,
                  "code": "const device=new NodePyATVDevice({name:\"Vardagsrum\",host:\"10.0.10.81\",id:\"xxx\",model:\"Gen4K\"});assert.strictEqual(device.model,\"Gen4K\")",
                  "err": {},
                  "uuid": "e5b95893-8f32-40b8-a5ba-9d23fe56bb6e",
                  "parentUUID": "2341e9a8-1a6b-4890-becb-071a729e96f0",
                  "isHook": false,
                  "skipped": false
                },
                {
                  "title": "should return undefined otherwise",
                  "fullTitle": "NodePyATVDevice get model() should return undefined otherwise",
                  "timedOut": false,
                  "duration": 0,
                  "state": "passed",
                  "speed": "fast",
                  "pass": true,
                  "fail": false,
                  "pending": false,
                  "context": null,
                  "code": "const device=new NodePyATVDevice({name:\"Vardagsrum\",host:\"10.0.10.81\"});assert.strictEqual(device.model,void 0)",
                  "err": {},
                  "uuid": "46e7815e-1e07-44f8-85dc-123230b003c0",
                  "parentUUID": "2341e9a8-1a6b-4890-becb-071a729e96f0",
                  "isHook": false,
                  "skipped": false
                }
              ],
              "suites": [],
              "passes": [
                "e5b95893-8f32-40b8-a5ba-9d23fe56bb6e",
                "46e7815e-1e07-44f8-85dc-123230b003c0"
              ],
              "failures": [],
              "pending": [],
              "skipped": [],
              "duration": 0,
              "root": false,
              "rootEmpty": false,
              "_timeout": 2000
            },
            {
              "uuid": "2bab863b-9dcf-4442-b212-63dad7077229",
              "title": "get modelName()",
              "fullFile": "/home/runner/work/node-pyatv/node-pyatv/test/device.ts",
              "file": "/test/device.ts",
              "beforeHooks": [],
              "afterHooks": [],
              "tests": [
                {
                  "title": "should return the model name if set by scan",
                  "fullTitle": "NodePyATVDevice get modelName() should return the model name if set by scan",
                  "timedOut": false,
                  "duration": 0,
                  "state": "passed",
                  "speed": "fast",
                  "pass": true,
                  "fail": false,
                  "pending": false,
                  "context": null,
                  "code": "const device=new NodePyATVDevice({name:\"Vardagsrum\",host:\"10.0.10.81\",id:\"xxx\",modelName:\"Apple TV 4K\"});assert.strictEqual(device.modelName,\"Apple TV 4K\")",
                  "err": {},
                  "uuid": "8a7eea33-5253-4e2e-9913-2afac42f9bd2",
                  "parentUUID": "2bab863b-9dcf-4442-b212-63dad7077229",
                  "isHook": false,
                  "skipped": false
                },
                {
                  "title": "should return undefined otherwise",
                  "fullTitle": "NodePyATVDevice get modelName() should return undefined otherwise",
                  "timedOut": false,
                  "duration": 0,
                  "state": "passed",
                  "speed": "fast",
                  "pass": true,
                  "fail": false,
                  "pending": false,
                  "context": null,
                  "code": "const device=new NodePyATVDevice({name:\"Vardagsrum\",host:\"10.0.10.81\"});assert.strictEqual(device.modelName,void 0)",
                  "err": {},
                  "uuid": "1c2a7783-6080-41e3-a930-9e34d618276e",
                  "parentUUID": "2bab863b-9dcf-4442-b212-63dad7077229",
                  "isHook": false,
                  "skipped": false
                }
              ],
              "suites": [],
              "passes": [
                "8a7eea33-5253-4e2e-9913-2afac42f9bd2",
                "1c2a7783-6080-41e3-a930-9e34d618276e"
              ],
              "failures": [],
              "pending": [],
              "skipped": [],
              "duration": 0,
              "root": false,
              "rootEmpty": false,
              "_timeout": 2000
            },
            {
              "uuid": "3af09d36-5120-4416-ba54-727af87ff640",
              "title": "get os()",
              "fullFile": "/home/runner/work/node-pyatv/node-pyatv/test/device.ts",
              "file": "/test/device.ts",
              "beforeHooks": [],
              "afterHooks": [],
              "tests": [
                {
                  "title": "should return the operating system if set by scan",
                  "fullTitle": "NodePyATVDevice get os() should return the operating system if set by scan",
                  "timedOut": false,
                  "duration": 0,
                  "state": "passed",
                  "speed": "fast",
                  "pass": true,
                  "fail": false,
                  "pending": false,
                  "context": null,
                  "code": "const device=new NodePyATVDevice({name:\"Vardagsrum\",host:\"10.0.10.81\",id:\"xxx\",os:\"TvOS\"});assert.strictEqual(device.os,\"TvOS\")",
                  "err": {},
                  "uuid": "5f4190bb-a84a-40e1-84a4-1e77ca4752a9",
                  "parentUUID": "3af09d36-5120-4416-ba54-727af87ff640",
                  "isHook": false,
                  "skipped": false
                },
                {
                  "title": "should return undefined otherwise",
                  "fullTitle": "NodePyATVDevice get os() should return undefined otherwise",
                  "timedOut": false,
                  "duration": 0,
                  "state": "passed",
                  "speed": "fast",
                  "pass": true,
                  "fail": false,
                  "pending": false,
                  "context": null,
                  "code": "const device=new NodePyATVDevice({name:\"Vardagsrum\",host:\"10.0.10.81\"});assert.strictEqual(device.os,void 0)",
                  "err": {},
                  "uuid": "d6f1c50b-fff8-42d3-952f-1edfc8ce1bb1",
                  "parentUUID": "3af09d36-5120-4416-ba54-727af87ff640",
                  "isHook": false,
                  "skipped": false
                }
              ],
              "suites": [],
              "passes": [
                "5f4190bb-a84a-40e1-84a4-1e77ca4752a9",
                "d6f1c50b-fff8-42d3-952f-1edfc8ce1bb1"
              ],
              "failures": [],
              "pending": [],
              "skipped": [],
              "duration": 0,
              "root": false,
              "rootEmpty": false,
              "_timeout": 2000
            },
            {
              "uuid": "6d764be3-76e6-4890-ad9a-9d55a88b3c30",
              "title": "get version()",
              "fullFile": "/home/runner/work/node-pyatv/node-pyatv/test/device.ts",
              "file": "/test/device.ts",
              "beforeHooks": [],
              "afterHooks": [],
              "tests": [
                {
                  "title": "should return the version if set by scan",
                  "fullTitle": "NodePyATVDevice get version() should return the version if set by scan",
                  "timedOut": false,
                  "duration": 0,
                  "state": "passed",
                  "speed": "fast",
                  "pass": true,
                  "fail": false,
                  "pending": false,
                  "context": null,
                  "code": "const device=new NodePyATVDevice({name:\"Vardagsrum\",host:\"10.0.10.81\",id:\"xxx\",version:\"15.5.1\"});assert.strictEqual(device.version,\"15.5.1\")",
                  "err": {},
                  "uuid": "1ab46c82-689c-4669-b2d7-d87019f4dabd",
                  "parentUUID": "6d764be3-76e6-4890-ad9a-9d55a88b3c30",
                  "isHook": false,
                  "skipped": false
                },
                {
                  "title": "should return undefined otherwise",
                  "fullTitle": "NodePyATVDevice get version() should return undefined otherwise",
                  "timedOut": false,
                  "duration": 0,
                  "state": "passed",
                  "speed": "fast",
                  "pass": true,
                  "fail": false,
                  "pending": false,
                  "context": null,
                  "code": "const device=new NodePyATVDevice({name:\"Vardagsrum\",host:\"10.0.10.81\"});assert.strictEqual(device.version,void 0)",
                  "err": {},
                  "uuid": "45032122-18f8-4953-b681-6ec5ee8220c3",
                  "parentUUID": "6d764be3-76e6-4890-ad9a-9d55a88b3c30",
                  "isHook": false,
                  "skipped": false
                }
              ],
              "suites": [],
              "passes": [
                "1ab46c82-689c-4669-b2d7-d87019f4dabd",
                "45032122-18f8-4953-b681-6ec5ee8220c3"
              ],
              "failures": [],
              "pending": [],
              "skipped": [],
              "duration": 0,
              "root": false,
              "rootEmpty": false,
              "_timeout": 2000
            },
            {
              "uuid": "9bf99039-140c-429f-a2fd-c15a3088a361",
              "title": "get services()",
              "fullFile": "/home/runner/work/node-pyatv/node-pyatv/test/device.ts",
              "file": "/test/device.ts",
              "beforeHooks": [],
              "afterHooks": [],
              "tests": [
                {
                  "title": "should return the services if set by scan",
                  "fullTitle": "NodePyATVDevice get services() should return the services if set by scan",
                  "timedOut": false,
                  "duration": 0,
                  "state": "passed",
                  "speed": "fast",
                  "pass": true,
                  "fail": false,
                  "pending": false,
                  "context": null,
                  "code": "const device=new NodePyATVDevice({name:\"Vardagsrum\",host:\"10.0.10.81\",id:\"xxx\",services:[{protocol:NodePyATVProtocol.mrp,port:49152},{protocol:NodePyATVProtocol.airplay,port:7e3}]});assert.deepStrictEqual(device.services,[{protocol:\"mrp\",port:49152},{protocol:\"airplay\",port:7e3}])",
                  "err": {},
                  "uuid": "aeb6689c-57d1-4f28-a59c-f2bb73e36aa9",
                  "parentUUID": "9bf99039-140c-429f-a2fd-c15a3088a361",
                  "isHook": false,
                  "skipped": false
                },
                {
                  "title": "should return undefined otherwise",
                  "fullTitle": "NodePyATVDevice get services() should return undefined otherwise",
                  "timedOut": false,
                  "duration": 0,
                  "state": "passed",
                  "speed": "fast",
                  "pass": true,
                  "fail": false,
                  "pending": false,
                  "context": null,
                  "code": "const device=new NodePyATVDevice({name:\"Vardagsrum\",host:\"10.0.10.81\"});assert.strictEqual(device.services,void 0)",
                  "err": {},
                  "uuid": "1a7f83ea-7b6d-4c08-ad68-c8655205fdb7",
                  "parentUUID": "9bf99039-140c-429f-a2fd-c15a3088a361",
                  "isHook": false,
                  "skipped": false
                }
              ],
              "suites": [],
              "passes": [
                "aeb6689c-57d1-4f28-a59c-f2bb73e36aa9",
                "1a7f83ea-7b6d-4c08-ad68-c8655205fdb7"
              ],
              "failures": [],
              "pending": [],
              "skipped": [],
              "duration": 0,
              "root": false,
              "rootEmpty": false,
              "_timeout": 2000
            },
            {
              "uuid": "23c29855-2a8d-4e57-8c7f-a500ace381f4",
              "title": "get debug()",
              "fullFile": "/home/runner/work/node-pyatv/node-pyatv/test/device.ts",
              "file": "/test/device.ts",
              "beforeHooks": [],
              "afterHooks": [],
              "tests": [
                {
                  "title": "should return true if set to true",
                  "fullTitle": "NodePyATVDevice get debug() should return true if set to true",
                  "timedOut": false,
                  "duration": 0,
                  "state": "passed",
                  "speed": "fast",
                  "pass": true,
                  "fail": false,
                  "pending": false,
                  "context": null,
                  "code": "const device=new NodePyATVDevice({name:\"My Testdevice\",host:\"192.168.178.2\",debug:true});assert.strictEqual(device.debug,true)",
                  "err": {},
                  "uuid": "a26071c3-f8c7-48e4-9de9-13800fc4a04c",
                  "parentUUID": "23c29855-2a8d-4e57-8c7f-a500ace381f4",
                  "isHook": false,
                  "skipped": false
                },
                {
                  "title": "should return fn if set to custom function",
                  "fullTitle": "NodePyATVDevice get debug() should return fn if set to custom function",
                  "timedOut": false,
                  "duration": 0,
                  "state": "passed",
                  "speed": "fast",
                  "pass": true,
                  "fail": false,
                  "pending": false,
                  "context": null,
                  "code": "const fn=__name(()=>{},\"fn\");const device=new NodePyATVDevice({name:\"My Testdevice\",host:\"192.168.178.2\",debug:fn});assert.strictEqual(device.debug,fn)",
                  "err": {},
                  "uuid": "73b7ac8b-e882-4da0-891a-4d14df13c918",
                  "parentUUID": "23c29855-2a8d-4e57-8c7f-a500ace381f4",
                  "isHook": false,
                  "skipped": false
                },
                {
                  "title": "should return false if unset",
                  "fullTitle": "NodePyATVDevice get debug() should return false if unset",
                  "timedOut": false,
                  "duration": 0,
                  "state": "passed",
                  "speed": "fast",
                  "pass": true,
                  "fail": false,
                  "pending": false,
                  "context": null,
                  "code": "const device=new NodePyATVDevice({name:\"My Testdevice\",host:\"192.168.178.2\"});assert.strictEqual(device.debug,void 0)",
                  "err": {},
                  "uuid": "cff6c9a2-ac1e-4717-80b0-e3094eefd3f0",
                  "parentUUID": "23c29855-2a8d-4e57-8c7f-a500ace381f4",
                  "isHook": false,
                  "skipped": false
                }
              ],
              "suites": [],
              "passes": [
                "a26071c3-f8c7-48e4-9de9-13800fc4a04c",
                "73b7ac8b-e882-4da0-891a-4d14df13c918",
                "cff6c9a2-ac1e-4717-80b0-e3094eefd3f0"
              ],
              "failures": [],
              "pending": [],
              "skipped": [],
              "duration": 0,
              "root": false,
              "rootEmpty": false,
              "_timeout": 2000
            },
            {
              "uuid": "876a6fac-2327-4bc1-8dbf-d6c5728d9c69",
              "title": "set debug()",
              "fullFile": "/home/runner/work/node-pyatv/node-pyatv/test/device.ts",
              "file": "/test/device.ts",
              "beforeHooks": [],
              "afterHooks": [],
              "tests": [
                {
                  "title": "should work for debug = true",
                  "fullTitle": "NodePyATVDevice set debug() should work for debug = true",
                  "timedOut": false,
                  "duration": 0,
                  "state": "passed",
                  "speed": "fast",
                  "pass": true,
                  "fail": false,
                  "pending": false,
                  "context": null,
                  "code": "const device=new NodePyATVDevice({name:\"My Testdevice\",host:\"192.168.178.2\"});assert.strictEqual(device.debug,void 0);device.debug=true;assert.strictEqual(device.debug,true)",
                  "err": {},
                  "uuid": "56ef6f43-fcc6-4797-933a-0d29748deb7d",
                  "parentUUID": "876a6fac-2327-4bc1-8dbf-d6c5728d9c69",
                  "isHook": false,
                  "skipped": false
                },
                {
                  "title": "should work for debug = undefined",
                  "fullTitle": "NodePyATVDevice set debug() should work for debug = undefined",
                  "timedOut": false,
                  "duration": 0,
                  "state": "passed",
                  "speed": "fast",
                  "pass": true,
                  "fail": false,
                  "pending": false,
                  "context": null,
                  "code": "const device=new NodePyATVDevice({name:\"My Testdevice\",host:\"192.168.178.2\",debug:true});assert.strictEqual(device.debug,true);device.debug=void 0;assert.strictEqual(device.debug,void 0)",
                  "err": {},
                  "uuid": "6f44353e-bb04-4454-93ff-efa455c69ac8",
                  "parentUUID": "876a6fac-2327-4bc1-8dbf-d6c5728d9c69",
                  "isHook": false,
                  "skipped": false
[...]
              "suites": [],
              "passes": [
                "6fc8f607-d3c9-4729-9790-99ae8ae70c22",
                "4dccb539-9c70-4a20-9c69-729165c24966",
                "ff352fd1-1cb8-4046-9ea4-f4ac57df1266",
                "3986b5ad-ae45-4fd9-8ca0-ededb8c32d6f",
                "c2080a17-496c-40bb-932f-3b4fb69c7547"
              ],
              "failures": [],
              "pending": [],
              "skipped": [],
              "duration": 0,
              "root": false,
              "rootEmpty": false,
              "_timeout": 2000
            },
            {
              "uuid": "7f961582-3461-4967-8087-6c67a2b55cad",
              "title": "getExecutable()",
              "fullFile": "/home/runner/work/node-pyatv/node-pyatv/test/tools.ts",
              "file": "/test/tools.ts",
              "beforeHooks": [],
              "afterHooks": [],
              "tests": [
                {
                  "title": "should handle atvremotePath if set",
                  "fullTitle": "Tools getExecutable() should handle atvremotePath if set",
                  "timedOut": false,
                  "duration": 0,
                  "state": "passed",
                  "speed": "fast",
                  "pass": true,
                  "fail": false,
                  "pending": false,
                  "context": null,
                  "code": "const result=getExecutable(NodePyATVExecutableType.atvremote,{atvremotePath:\"/tmp/1\",atvscriptPath:\"/tmp/2\"});assert.strictEqual(result,\"/tmp/1\")",
                  "err": {},
                  "uuid": "db18b8e7-44ea-4b66-8932-03c502bdf51c",
                  "parentUUID": "7f961582-3461-4967-8087-6c67a2b55cad",
                  "isHook": false,
                  "skipped": false
                },
                {
                  "title": "should handle atvscriptPath if set",
                  "fullTitle": "Tools getExecutable() should handle atvscriptPath if set",
                  "timedOut": false,
                  "duration": 0,
                  "state": "passed",
                  "speed": "fast",
                  "pass": true,
                  "fail": false,
                  "pending": false,
                  "context": null,
                  "code": "const result=getExecutable(NodePyATVExecutableType.atvscript,{atvremotePath:\"/tmp/1\",atvscriptPath:\"/tmp/2\"});assert.strictEqual(result,\"/tmp/2\")",
                  "err": {},
                  "uuid": "0cc546b0-df70-4a59-b54b-edeb46b5082b",
                  "parentUUID": "7f961582-3461-4967-8087-6c67a2b55cad",
                  "isHook": false,
                  "skipped": false
                },
                {
                  "title": "should handle default for atvremote",
                  "fullTitle": "Tools getExecutable() should handle default for atvremote",
                  "timedOut": false,
                  "duration": 0,
                  "state": "passed",
                  "speed": "fast",
                  "pass": true,
                  "fail": false,
                  "pending": false,
                  "context": null,
                  "code": "const result=getExecutable(NodePyATVExecutableType.atvremote,{atvscriptPath:\"/tmp\"});assert.strictEqual(result,\"atvremote\")",
                  "err": {},
                  "uuid": "a2a6dc48-318e-4ab9-97ce-b2be2abec8b2",
                  "parentUUID": "7f961582-3461-4967-8087-6c67a2b55cad",
                  "isHook": false,
                  "skipped": false
                },
                {
                  "title": "should handle default for atvscript",
                  "fullTitle": "Tools getExecutable() should handle default for atvscript",
                  "timedOut": false,
                  "duration": 0,
                  "state": "passed",
                  "speed": "fast",
                  "pass": true,
                  "fail": false,
                  "pending": false,
                  "context": null,
                  "code": "const result=getExecutable(NodePyATVExecutableType.atvscript,{atvremotePath:\"/tmp\"});assert.strictEqual(result,\"atvscript\")",
                  "err": {},
                  "uuid": "56c0fdbf-6fa9-44f0-b109-3c44e6ad10d2",
                  "parentUUID": "7f961582-3461-4967-8087-6c67a2b55cad",
                  "isHook": false,
                  "skipped": false
                }
              ],
              "suites": [],
              "passes": [
                "db18b8e7-44ea-4b66-8932-03c502bdf51c",
                "0cc546b0-df70-4a59-b54b-edeb46b5082b",
                "a2a6dc48-318e-4ab9-97ce-b2be2abec8b2",
                "56c0fdbf-6fa9-44f0-b109-3c44e6ad10d2"
              ],
              "failures": [],
              "pending": [],
              "skipped": [],
              "duration": 0,
              "root": false,
              "rootEmpty": false,
              "_timeout": 2000
            },
            {
              "uuid": "fa57d34c-2964-4c8e-9e26-7502cdfae1d4",
              "title": "getParameters()",
              "fullFile": "/home/runner/work/node-pyatv/node-pyatv/test/tools.ts",
              "file": "/test/tools.ts",
              "beforeHooks": [],
              "afterHooks": [],
              "tests": [
                {
                  "title": "empty case",
                  "fullTitle": "Tools getParameters() empty case",
                  "timedOut": false,
                  "duration": 0,
                  "state": "passed",
                  "speed": "fast",
                  "pass": true,
                  "fail": false,
                  "pending": false,
                  "context": null,
                  "code": "const result=await getParameters();assert.deepEqual(result,[])",
                  "err": {},
                  "uuid": "6c61bc3b-678c-442f-a052-785954044074",
                  "parentUUID": "fa57d34c-2964-4c8e-9e26-7502cdfae1d4",
                  "isHook": false,
                  "skipped": false
                },
                {
                  "title": "easy case",
                  "fullTitle": "Tools getParameters() easy case",
                  "timedOut": false,
                  "duration": 1,
                  "state": "passed",
                  "speed": "fast",
                  "pass": true,
                  "fail": false,
                  "pending": false,
                  "context": null,
                  "code": "const result=await getParameters({host:\"192.168.178.2\"});assert.deepEqual(result,[\"-s\",\"192.168.178.2\"])",
                  "err": {},
                  "uuid": "10ad22b9-56c2-40ed-96e7-59955495bc9e",
                  "parentUUID": "fa57d34c-2964-4c8e-9e26-7502cdfae1d4",
                  "isHook": false,
                  "skipped": false
                },
                {
                  "title": "full case",
                  "fullTitle": "Tools getParameters() full case",
                  "timedOut": false,
                  "duration": 0,
                  "state": "passed",
                  "speed": "fast",
                  "pass": true,
                  "fail": false,
                  "pending": false,
                  "context": null,
                  "code": "const result=await getParameters({hosts:[\"192.168.178.2\",\"192.168.178.3\"],id:\"****\",protocol:NodePyATVProtocol.mrp,dmapCredentials:\"****\",mrpCredentials:\"****\",airplayCredentials:\"****\",companionCredentials:\"1234\",raopCredentials:\"::foo:\"});assert.deepEqual(result,[\"-s\",\"192.168.178.2,192.168.178.3\",\"-i\",\"****\",\"--protocol\",\"mrp\",\"--dmap-credentials\",\"****\",\"--mrp-credentials\",\"****\",\"--airplay-credentials\",\"****\",\"--companion-credentials\",\"1234\",\"--raop-credentials\",\"::foo:\"])",
                  "err": {},
                  "uuid": "b37a69aa-16a1-4f20-95ea-66747947a231",
                  "parentUUID": "fa57d34c-2964-4c8e-9e26-7502cdfae1d4",
                  "isHook": false,
                  "skipped": false
                }
              ],
              "suites": [],
              "passes": [
                "6c61bc3b-678c-442f-a052-785954044074",
                "10ad22b9-56c2-40ed-96e7-59955495bc9e",
                "b37a69aa-16a1-4f20-95ea-66747947a231"
              ],
              "failures": [],
              "pending": [],
              "skipped": [],
              "duration": 1,
              "root": false,
              "rootEmpty": false,
              "_timeout": 2000
            },
            {
              "uuid": "04ec47f1-89ec-4519-a233-876295d35030",
              "title": "parseState()",
              "fullFile": "/home/runner/work/node-pyatv/node-pyatv/test/tools.ts",
              "file": "/test/tools.ts",
              "beforeHooks": [],
              "afterHooks": [],
              "tests": [
                {
                  "title": "should work with empty data",
                  "fullTitle": "Tools parseState() should work with empty data",
                  "timedOut": false,
                  "duration": 0,
                  "state": "passed",
                  "speed": "fast",
                  "pass": true,
                  "fail": false,
                  "pending": false,
                  "context": null,
                  "code": "const input={};const result=parseState(input,\"\",{});assert.deepStrictEqual(result,{dateTime:null,hash:null,mediaType:null,deviceState:null,title:null,artist:null,album:null,genre:null,totalTime:null,position:null,shuffle:null,repeat:null,app:null,appId:null,powerState:null,focusState:null,volume:null,outputDevices:null})",
                  "err": {},
                  "uuid": "756c96ed-38c6-4756-bd0b-9f345eab618d",
                  "parentUUID": "04ec47f1-89ec-4519-a233-876295d35030",
                  "isHook": false,
                  "skipped": false
                },
                {
                  "title": "should work without data",
                  "fullTitle": "Tools parseState() should work without data",
                  "timedOut": false,
                  "duration": 0,
                  "state": "passed",
                  "speed": "fast",
                  "pass": true,
                  "fail": false,
                  "pending": false,
                  "context": null,
                  "code": "const result=parseState(null,\"\",{});assert.deepStrictEqual(result,{dateTime:null,hash:null,mediaType:null,deviceState:null,title:null,artist:null,album:null,genre:null,totalTime:null,position:null,shuffle:null,repeat:null,app:null,appId:null,powerState:null,focusState:null,volume:null,outputDevices:null})",
                  "err": {},
                  "uuid": "85403a82-3fc2-4a0b-b65b-e40336a6ba85",
                  "parentUUID": "04ec47f1-89ec-4519-a233-876295d35030",
                  "isHook": false,
                  "skipped": false
                },
                {
                  "title": "should work with example data",
                  "fullTitle": "Tools parseState() should work with example data",
                  "timedOut": false,
                  "duration": 0,
                  "state": "passed",
                  "speed": "fast",
                  "pass": true,
                  "fail": false,
                  "pending": false,
                  "context": null,
                  "code": "const input={result:\"success\",datetime:\"2020-11-07T22:38:43.608030+01:00\",hash:\"100e0ab6-6ff5-4199-9c04-a7107ff78712\",media_type:\"video\",device_state:\"playing\",title:\"Solo: A Star Wars Story\",artist:null,album:null,genre:null,total_time:8097,position:27,shuffle:\"off\",repeat:\"off\",app:\"Disney+\",app_id:\"com.disney.disneyplus\",power_state:null,focus_state:null,volume:null,output_devices:null};const result=parseState(input,\"\",{});assert.deepStrictEqual(result,{dateTime:new Date(\"2020-11-07T22:38:43.608030+01:00\"),hash:\"100e0ab6-6ff5-4199-9c04-a7107ff78712\",mediaType:NodePyATVMediaType.video,deviceState:NodePyATVDeviceState.playing,title:\"Solo: A Star Wars Story\",artist:null,album:null,genre:null,totalTime:8097,position:27,shuffle:NodePyATVShuffleState.off,repeat:NodePyATVRepeatState.off,app:\"Disney+\",appId:\"com.disney.disneyplus\",powerState:null,focusState:null,volume:null,outputDevices:null})",
                  "err": {},
                  "uuid": "ba5087b9-8f8f-4bfa-a7e8-a6422afc097e",
                  "parentUUID": "04ec47f1-89ec-4519-a233-876295d35030",
                  "isHook": false,
                  "skipped": false
                },
                {
                  "title": "should throw an error for pyatv exceptions",
                  "fullTitle": "Tools parseState() should throw an error for pyatv exceptions",
                  "timedOut": false,
                  "duration": 0,
                  "state": "passed",
                  "speed": "fast",
                  "pass": true,
                  "fail": false,
                  "pending": false,
                  "context": null,
                  "code": "const input={result:\"failure\",datetime:\"2021-11-24T21:13:36.424576+03:00\",exception:\"invalid credentials: 321\",stacktrace:'Traceback (most recent call last):\\n  File \"/Users/free/Library/Python/3.8/lib/python/site-packages/pyatv/scripts/atvscript.py\", line 302, in appstart\\n    print(args.output(await _handle_command(args, abort_sem, loop)), flush=True)\\n  File \"/Users/free/Library/Python/3.8/lib/python/site-packages/pyatv/scripts/atvscript.py\", line 196, in _handle_command\\n    atv = await connect(config, loop, protocol=Protocol.MRP)\\n  File \"/Users/free/Library/Python/3.8/lib/python/site-packages/pyatv/__init__.py\", line 96, in connect\\n    for setup_data in proto_methods.setup(\\n  File \"/Users/free/Library/Python/3.8/lib/python/site-packages/pyatv/protocols/airplay/__init__.py\", line 192, in setup\\n    stream = AirPlayStream(config, service)\\n  File \"/Users/free/Library/Python/3.8/lib/python/site-packages/pyatv/protocols/airplay/__init__.py\", line 79, in __init__\\n    self._credentials: HapCredentials = parse_credentials(self.service.credentials)\\n  File \"/Users/free/Library/Python/3.8/lib/python/site-packages/pyatv/auth/hap_pairing.py\", line 139, in parse_credentials\\n    raise exceptions.InvalidCredentialsError(\"invalid credentials: \" + detail_string)\\npyatv.exceptions.InvalidCredentialsError: invalid credentials: 321\\n'};assert.throws(()=>{parseState(input,\"\",{})},/Got pyatv Error: invalid credentials: 321/)",
                  "err": {},
                  "uuid": "14040204-6b98-4699-b4dc-fad9a5c2ffdd",
                  "parentUUID": "04ec47f1-89ec-4519-a233-876295d35030",
                  "isHook": false,
                  "skipped": false
                },
                {
                  "title": "should ignore date if it's an invalid date",
                  "fullTitle": "Tools parseState() should ignore date if it's an invalid date",
                  "timedOut": false,
                  "duration": 0,
                  "state": "passed",
                  "speed": "fast",
                  "pass": true,
                  "fail": false,
                  "pending": false,
                  "context": null,
                  "code": "const input={datetime:\"today\"};const result=parseState(input,\"\",{});assert.deepStrictEqual(result,{dateTime:null,hash:null,mediaType:null,deviceState:null,title:null,artist:null,album:null,genre:null,totalTime:null,position:null,shuffle:null,repeat:null,app:null,appId:null,powerState:null,focusState:null,volume:null,outputDevices:null})",
                  "err": {},
                  "uuid": "4409e1bc-5ae5-4241-927a-04189d128761",
                  "parentUUID": "04ec47f1-89ec-4519-a233-876295d35030",
                  "isHook": false,
                  "skipped": false
                },
                {
                  "title": "should ignore data if unsupported type",
                  "fullTitle": "Tools parseState() should ignore data if unsupported type",
                  "timedOut": false,
                  "duration": 1,
                  "state": "passed",
                  "speed": "fast",
                  "pass": true,
                  "fail": false,
                  "pending": false,
                  "context": null,
                  "code": "const input={result:\"success\",datetime:true,hash:1337,media_type:false,device_state:43,title:void 0,artist:90,album:Infinity,genre:Math.PI,total_time:\"23min\",position:\"0:30.123\",shuffle:false,repeat:true,app:0,app_id:891645381647289,power_state:null,focus_state:null,volume:null,output_devices:null};const result=parseState(input,\"\",{});assert.deepStrictEqual(result,{dateTime:null,hash:null,mediaType:null,deviceState:null,title:null,artist:null,album:null,genre:null,totalTime:null,position:null,shuffle:null,repeat:null,app:null,appId:null,powerState:null,focusState:null,volume:null,outputDevices:null})",
                  "err": {},
                  "uuid": "0b901c9c-6111-46fd-a809-ef0ca0fce6c0",
                  "parentUUID": "04ec47f1-89ec-4519-a233-876295d35030",
                  "isHook": false,
                  "skipped": false
                },
                {
                  "title": "should ignore enums with unsupported valid",
                  "fullTitle": "Tools parseState() should ignore enums with unsupported valid",
                  "timedOut": false,
                  "duration": 0,
                  "state": "passed",
                  "speed": "fast",
                  "pass": true,
                  "fail": false,
                  "pending": false,
                  "context": null,
                  "code": "const input={media_type:\"3d-experience\",device_state:\"initiating\",shuffle:\"everything\",repeat:\"nothing\"};const result=parseState(input,\"\",{});assert.deepStrictEqual(result,{dateTime:null,hash:null,mediaType:null,deviceState:null,title:null,artist:null,album:null,genre:null,totalTime:null,position:null,shuffle:null,repeat:null,app:null,appId:null,powerState:null,focusState:null,volume:null,outputDevices:null})",
                  "err": {},
                  "uuid": "faa11442-bbaa-4369-945e-2f9f7c435e3a",
                  "parentUUID": "04ec47f1-89ec-4519-a233-876295d35030",
                  "isHook": false,
                  "skipped": false
                }
              ],
              "suites": [],
              "passes": [
                "756c96ed-38c6-4756-bd0b-9f345eab618d",
                "85403a82-3fc2-4a0b-b65b-e40336a6ba85",
                "ba5087b9-8f8f-4bfa-a7e8-a6422afc097e",
                "14040204-6b98-4699-b4dc-fad9a5c2ffdd",
                "4409e1bc-5ae5-4241-927a-04189d128761",
                "0b901c9c-6111-46fd-a809-ef0ca0fce6c0",
                "faa11442-bbaa-4369-945e-2f9f7c435e3a"
              ],
              "failures": [],
              "pending": [],
              "skipped": [],
              "duration": 1,
              "root": false,
              "rootEmpty": false,
              "_timeout": 2000
            }
          ],
          "passes": [],
          "failures": [],
          "pending": [],
          "skipped": [],
          "duration": 0,
          "root": false,
          "rootEmpty": false,
          "_timeout": 2000
        }
      ],
      "passes": [],
      "failures": [],
      "pending": [],
      "skipped": [],
      "duration": 0,
      "root": true,
      "rootEmpty": true,
      "_timeout": 2000
    }
  ],
  "meta": {
    "mocha": {
      "version": "10.7.3"
    },
    "mochawesome": {
      "options": {
        "quiet": false,
        "reportFilename": "mochawesome",
        "saveHtml": true,
        "saveJson": true,
        "consoleReporter": "spec",
        "useInlineDiffs": false,
        "code": true
      },
      "version": "7.1.3"
    },
    "marge": {
      "options": null,
      "version": "6.2.0"
    }
  }
}