{
  "stats": {
    "suites": 82,
    "tests": 135,
    "passes": 133,
    "pending": 2,
    "failures": 0,
    "start": "2020-11-15T17:30:15.487Z",
    "end": "2020-11-15T17:30:28.353Z",
    "duration": 12866,
    "testsRegistered": 135,
    "passPercent": 100,
    "pendingPercent": 1.4814814814814816,
    "other": 0,
    "hasOther": false,
    "skipped": 0,
    "hasSkipped": false
  },
  "results": [
    {
      "uuid": "dac3fb84-b925-426a-9c79-86283a962c0d",
      "title": "",
      "fullFile": "",
      "file": "",
      "beforeHooks": [],
      "afterHooks": [],
      "tests": [],
      "suites": [
        {
          "uuid": "176df8aa-8ebf-4b3f-b84c-bf75532c6d2e",
          "title": "NodePyATVDeviceEvent",
          "fullFile": "/home/runner/work/node-pyatv/node-pyatv/test/device-event.ts",
          "file": "/test/device-event.ts",
          "beforeHooks": [],
          "afterHooks": [],
          "tests": [],
          "suites": [
            {
              "uuid": "ad601716-16f5-45b2-90ec-9b55c8df4bd2",
              "title": "get key()",
              "fullFile": "/home/runner/work/node-pyatv/node-pyatv/test/device-event.ts",
              "file": "/test/device-event.ts",
              "beforeHooks": [],
              "afterHooks": [],
              "tests": [
                {
                  "title": "should work",
                  "fullTitle": "NodePyATVDeviceEvent get key() should work",
                  "timedOut": false,
                  "duration": 1,
                  "state": "passed",
                  "speed": "fast",
                  "pass": true,
                  "fail": false,
                  "pending": false,
                  "context": null,
                  "code": "const event = new device_event_1.default({\n    key: 'genre',\n    old: 'Jazz',\n    new: 'Rock',\n    device: new device_1.default({\n        host: '192.168.178.2',\n        name: 'My Testinstance'\n    })\n});\nassert_1.default.strictEqual(event.key, 'genre');",
                  "err": {},
                  "uuid": "3f570711-e91d-47dc-b045-11399b955582",
                  "parentUUID": "ad601716-16f5-45b2-90ec-9b55c8df4bd2",
                  "isHook": false,
                  "skipped": false
                }
              ],
              "suites": [],
              "passes": [
                "3f570711-e91d-47dc-b045-11399b955582"
              ],
              "failures": [],
              "pending": [],
              "skipped": [],
              "duration": 1,
              "root": false,
              "rootEmpty": false,
              "_timeout": 2000
            },
            {
              "uuid": "36b2dcab-2665-4442-9ede-50e0b0fffc8a",
              "title": "get oldValue()",
              "fullFile": "/home/runner/work/node-pyatv/node-pyatv/test/device-event.ts",
              "file": "/test/device-event.ts",
              "beforeHooks": [],
              "afterHooks": [],
              "tests": [
                {
                  "title": "should work",
                  "fullTitle": "NodePyATVDeviceEvent get oldValue() should work",
                  "timedOut": false,
                  "duration": 0,
                  "state": "passed",
                  "speed": "fast",
                  "pass": true,
                  "fail": false,
                  "pending": false,
                  "context": null,
                  "code": "const event = new device_event_1.default({\n    key: 'genre',\n    old: 'Jazz',\n    new: 'Rock',\n    device: new device_1.default({\n        host: '192.168.178.2',\n        name: 'My Testinstance'\n    })\n});\nassert_1.default.strictEqual(event.oldValue, 'Jazz');",
                  "err": {},
                  "uuid": "4d65cf48-439c-410a-bf2a-092c76fb279c",
                  "parentUUID": "36b2dcab-2665-4442-9ede-50e0b0fffc8a",
                  "isHook": false,
                  "skipped": false
                }
              ],
              "suites": [],
              "passes": [
                "4d65cf48-439c-410a-bf2a-092c76fb279c"
              ],
              "failures": [],
              "pending": [],
              "skipped": [],
              "duration": 0,
              "root": false,
              "rootEmpty": false,
              "_timeout": 2000
            },
            {
              "uuid": "5699f6bd-0e0d-4360-9f16-b864b54670c9",
              "title": "get newValue()",
              "fullFile": "/home/runner/work/node-pyatv/node-pyatv/test/device-event.ts",
              "file": "/test/device-event.ts",
              "beforeHooks": [],
              "afterHooks": [],
              "tests": [
                {
                  "title": "should work",
                  "fullTitle": "NodePyATVDeviceEvent get newValue() should work",
                  "timedOut": false,
                  "duration": 0,
                  "state": "passed",
                  "speed": "fast",
                  "pass": true,
                  "fail": false,
                  "pending": false,
                  "context": null,
                  "code": "const event = new device_event_1.default({\n    key: 'genre',\n    old: 'Jazz',\n    new: 'Rock',\n    device: new device_1.default({\n        host: '192.168.178.2',\n        name: 'My Testinstance'\n    })\n});\nassert_1.default.strictEqual(event.newValue, 'Rock');",
                  "err": {},
                  "uuid": "a03d66e8-3ed6-44a7-bf0d-3fd709350cd4",
                  "parentUUID": "5699f6bd-0e0d-4360-9f16-b864b54670c9",
                  "isHook": false,
                  "skipped": false
                }
              ],
              "suites": [],
              "passes": [
                "a03d66e8-3ed6-44a7-bf0d-3fd709350cd4"
              ],
              "failures": [],
              "pending": [],
              "skipped": [],
              "duration": 0,
              "root": false,
              "rootEmpty": false,
              "_timeout": 2000
            },
            {
              "uuid": "4402a2e7-5d7b-4d32-b27f-5ace655ce432",
              "title": "get value()",
              "fullFile": "/home/runner/work/node-pyatv/node-pyatv/test/device-event.ts",
              "file": "/test/device-event.ts",
              "beforeHooks": [],
              "afterHooks": [],
              "tests": [
                {
                  "title": "should work",
                  "fullTitle": "NodePyATVDeviceEvent get value() should work",
                  "timedOut": false,
                  "duration": 0,
                  "state": "passed",
                  "speed": "fast",
                  "pass": true,
                  "fail": false,
                  "pending": false,
                  "context": null,
                  "code": "const event = new device_event_1.default({\n    key: 'genre',\n    old: 'Jazz',\n    new: 'Rock',\n    device: new device_1.default({\n        host: '192.168.178.2',\n        name: 'My Testinstance'\n    })\n});\nassert_1.default.strictEqual(event.value, 'Rock');",
                  "err": {},
                  "uuid": "a0d90021-941a-4a15-8097-8eee8d0447ce",
                  "parentUUID": "4402a2e7-5d7b-4d32-b27f-5ace655ce432",
                  "isHook": false,
                  "skipped": false
                }
              ],
              "suites": [],
              "passes": [
                "a0d90021-941a-4a15-8097-8eee8d0447ce"
              ],
              "failures": [],
              "pending": [],
              "skipped": [],
              "duration": 0,
              "root": false,
              "rootEmpty": false,
              "_timeout": 2000
            },
            {
              "uuid": "cc6c555d-5844-4a24-a675-d7e82b844600",
              "title": "get device()",
              "fullFile": "/home/runner/work/node-pyatv/node-pyatv/test/device-event.ts",
              "file": "/test/device-event.ts",
              "beforeHooks": [],
              "afterHooks": [],
              "tests": [
                {
                  "title": "should work",
                  "fullTitle": "NodePyATVDeviceEvent get device() should work",
                  "timedOut": false,
                  "duration": 1,
                  "state": "passed",
                  "speed": "fast",
                  "pass": true,
                  "fail": false,
                  "pending": false,
                  "context": null,
                  "code": "const device = new device_1.default({\n    host: '192.168.178.2',\n    name: 'My Testinstance'\n});\nconst event = new device_event_1.default({\n    key: 'genre',\n    old: 'Jazz',\n    new: 'Rock',\n    device\n});\nassert_1.default.deepEqual(event.device, device);",
                  "err": {},
                  "uuid": "e1391a64-e74e-4a80-9df5-f86873f1c772",
                  "parentUUID": "cc6c555d-5844-4a24-a675-d7e82b844600",
                  "isHook": false,
                  "skipped": false
                }
              ],
              "suites": [],
              "passes": [
                "e1391a64-e74e-4a80-9df5-f86873f1c772"
              ],
              "failures": [],
              "pending": [],
              "skipped": [],
              "duration": 1,
              "root": false,
              "rootEmpty": false,
              "_timeout": 2000
            }
          ],
          "passes": [],
          "failures": [],
          "pending": [],
          "skipped": [],
          "duration": 0,
          "root": false,
          "rootEmpty": false,
          "_timeout": 2000
        },
        {
          "uuid": "89077c94-ef7d-4ca1-a748-b83744526c7a",
          "title": "NodePyATVDeviceEvents",
          "fullFile": "/home/runner/work/node-pyatv/node-pyatv/test/device-events.ts",
          "file": "/test/device-events.ts",
          "beforeHooks": [],
          "afterHooks": [],
          "tests": [],
          "suites": [
            {
              "uuid": "32991b7c-3028-4cfe-a4ab-b3f6a4dbc5ab",
              "title": "applyStateAndEmitEvents()",
              "fullFile": "/home/runner/work/node-pyatv/node-pyatv/test/device-events.ts",
              "file": "/test/device-events.ts",
              "beforeHooks": [],
              "afterHooks": [],
              "tests": [
                {
                  "title": "should emit update:key event",
                  "fullTitle": "NodePyATVDeviceEvents applyStateAndEmitEvents() should emit update:key event",
                  "timedOut": false,
                  "duration": 5,
                  "state": "passed",
                  "speed": "fast",
                  "pass": true,
                  "fail": false,
                  "pending": false,
                  "context": null,
                  "code": "return __awaiter(this, void 0, void 0, function* () {\n    const device = new device_1.default({\n        name: 'My Testdevice',\n        host: '192.168.178.2',\n        spawn: fake_spawn_1.createFakeSpawn(cp => {\n            cp.onStdIn(() => cp.end());\n            cp.stdout({\n                result: 'success',\n                title: 'My Movie'\n            });\n        })\n    });\n    yield new Promise(cb => {\n        device.once('update:title', event => {\n            assert_1.default.ok(event instanceof device_event_1.default);\n            assert_1.default.strictEqual(event.key, 'title');\n            assert_1.default.strictEqual(event.oldValue, null);\n            assert_1.default.strictEqual(event.newValue, 'My Movie');\n            assert_1.default.strictEqual(event.value, 'My Movie');\n            assert_1.default.deepStrictEqual(event.device, device);\n            cb();\n        });\n    });\n});",
                  "err": {},
                  "uuid": "63e430de-6660-4554-a13b-90dcab734171",
                  "parentUUID": "32991b7c-3028-4cfe-a4ab-b3f6a4dbc5ab",
                  "isHook": false,
                  "skipped": false
                },
                {
                  "title": "should emit update event",
                  "fullTitle": "NodePyATVDeviceEvents applyStateAndEmitEvents() should emit update event",
                  "timedOut": false,
                  "duration": 2,
                  "state": "passed",
                  "speed": "fast",
                  "pass": true,
                  "fail": false,
                  "pending": false,
                  "context": null,
                  "code": "return __awaiter(this, void 0, void 0, function* () {\n    const device = new device_1.default({\n        name: 'My Testdevice',\n        host: '192.168.178.2',\n        spawn: fake_spawn_1.createFakeSpawn(cp => {\n            cp.onStdIn(() => cp.end());\n            cp.stdout({\n                result: 'success',\n                title: 'My Movie'\n            });\n        })\n    });\n    yield new Promise(cb => {\n        device.once('update', event => {\n            assert_1.default.ok(event instanceof device_event_1.default);\n            assert_1.default.strictEqual(event.key, 'title');\n            assert_1.default.strictEqual(event.oldValue, null);\n            assert_1.default.strictEqual(event.newValue, 'My Movie');\n            assert_1.default.strictEqual(event.value, 'My Movie');\n            assert_1.default.deepStrictEqual(event.device, device);\n            cb();\n        });\n    });\n});",
                  "err": {},
                  "uuid": "c4f5ac86-2f6e-4414-9310-7e00e4c5c3b4",
                  "parentUUID": "32991b7c-3028-4cfe-a4ab-b3f6a4dbc5ab",
                  "isHook": false,
                  "skipped": false
                },
                {
                  "title": "should emit update:key event before update",
                  "fullTitle": "NodePyATVDeviceEvents applyStateAndEmitEvents() should emit update:key event before update",
                  "timedOut": false,
                  "duration": 2,
                  "state": "passed",
                  "speed": "fast",
                  "pass": true,
                  "fail": false,
                  "pending": false,
                  "context": null,
                  "code": "return __awaiter(this, void 0, void 0, function* () {\n    const device = new device_1.default({\n        name: 'My Testdevice',\n        host: '192.168.178.2',\n        spawn: fake_spawn_1.createFakeSpawn(cp => {\n            cp.onStdIn(() => cp.end());\n            cp.stdout({\n                result: 'success',\n                title: 'My Movie'\n            });\n        })\n    });\n    const sort = [];\n    yield Promise.race([\n        new Promise(cb => {\n            device.once('update', () => {\n                sort.push('update');\n                cb();\n            });\n        }),\n        new Promise(cb => {\n            device.once('update:title', () => {\n                sort.push('update:title');\n                cb();\n            });\n        })\n    ]);\n    assert_1.default.deepStrictEqual(sort, ['update:title', 'update']);\n});",
                  "err": {},
                  "uuid": "9882772a-7d0b-4faa-9593-73009298af8f",
                  "parentUUID": "32991b7c-3028-4cfe-a4ab-b3f6a4dbc5ab",
                  "isHook": false,
                  "skipped": false
                },
                {
                  "title": "should not emit an update if new value is same as old one",
                  "fullTitle": "NodePyATVDeviceEvents applyStateAndEmitEvents() should not emit an update if new value is same as old one",
                  "timedOut": false,
                  "duration": 2,
                  "state": "passed",
                  "speed": "fast",
                  "pass": true,
                  "fail": false,
                  "pending": false,
                  "context": null,
                  "code": "return __awaiter(this, void 0, void 0, function* () {\n    let spawnCounter = 0;\n    let eventCounter = 0;\n    const device = new device_1.default({\n        name: 'My Testdevice',\n        host: '192.168.178.2',\n        spawn: fake_spawn_1.createFakeSpawn(cp => {\n            if (spawnCounter === 0) {\n                cp.onStdIn(() => cp.end());\n            }\n            cp.stdout({\n                result: 'success',\n                title: 'My Movie'\n            });\n            spawnCounter++;\n            if (spawnCounter >= 2) {\n                cp.end();\n            }\n        })\n    });\n    const listener = () => {\n        eventCounter++;\n    };\n    device.on('update', listener);\n    yield new Promise(cb => setTimeout(cb, 0));\n    yield device.getState();\n    device.off('update', listener);\n    assert_1.default.strictEqual(spawnCounter, 2);\n    assert_1.default.strictEqual(eventCounter, 1);\n});",
                  "err": {},
                  "uuid": "c3b3e7de-aeae-4342-b3b4-76da462c67bf",
                  "parentUUID": "32991b7c-3028-4cfe-a4ab-b3f6a4dbc5ab",
                  "isHook": false,
                  "skipped": false
                },
                {
                  "title": "should emit error event if event listener throws an exception",
                  "fullTitle": "NodePyATVDeviceEvents applyStateAndEmitEvents() should emit error event if event listener throws an exception",
                  "timedOut": false,
                  "duration": 2,
                  "state": "passed",
                  "speed": "fast",
                  "pass": true,
                  "fail": false,
                  "pending": false,
                  "context": null,
                  "code": "return __awaiter(this, void 0, void 0, function* () {\n    const device = new device_1.default({\n        name: 'My Testdevice',\n        host: '192.168.178.2',\n        spawn: fake_spawn_1.createFakeSpawn(cp => {\n            cp.onStdIn(() => cp.end());\n            cp.stdout({\n                result: 'success',\n                title: 'My Movie'\n            });\n        })\n    });\n    let callCounter = 0;\n    const error = new Error('This is an error. Be nice.');\n    device.once('error', err => {\n        assert_1.default.strictEqual(err, error);\n        callCounter++;\n    });\n    const listener = () => {\n        throw error;\n    };\n    device.on('update', listener);\n    yield new Promise(cb => setTimeout(cb, 0));\n    device.off('update', listener);\n    assert_1.default.strictEqual(callCounter, 1);\n});",
                  "err": {},
                  "uuid": "c03be9b2-ad25-406e-890c-eb1fd1e231a4",
                  "parentUUID": "32991b7c-3028-4cfe-a4ab-b3f6a4dbc5ab",
                  "isHook": false,
                  "skipped": false
                }
              ],
              "suites": [],
              "passes": [
                "63e430de-6660-4554-a13b-90dcab734171",
                "c4f5ac86-2f6e-4414-9310-7e00e4c5c3b4",
                "9882772a-7d0b-4faa-9593-73009298af8f",
                "c3b3e7de-aeae-4342-b3b4-76da462c67bf",
                "c03be9b2-ad25-406e-890c-eb1fd1e231a4"
              ],
              "failures": [],
              "pending": [],
              "skipped": [],
              "duration": 13,
              "root": false,
              "rootEmpty": false,
              "_timeout": 2000
            },
            {
              "uuid": "a64dfbb2-788b-43dc-b20a-44e22489de4d",
              "title": "start|stopListening()",
              "fullFile": "/home/runner/work/node-pyatv/node-pyatv/test/device-events.ts",
              "file": "/test/device-events.ts",
              "beforeHooks": [],
              "afterHooks": [],
              "tests": [
                {
                  "title": "should emit error if spawn fails",
                  "fullTitle": "NodePyATVDeviceEvents start|stopListening() should emit error if spawn fails",
                  "timedOut": false,
                  "duration": 2,
                  "state": "passed",
                  "speed": "fast",
                  "pass": true,
                  "fail": false,
                  "pending": false,
                  "context": null,
                  "code": "return __awaiter(this, void 0, void 0, function* () {\n    const error = new Error();\n    const device = new device_1.default({\n        name: 'My Testdevice',\n        host: '192.168.178.2',\n        spawn: fake_spawn_1.createFakeSpawn(cp => {\n            cp.error(error).end();\n        })\n    });\n    const listener = () => {\n        // empty listener\n    };\n    device.on('update', listener);\n    yield new Promise(cb => {\n        device.once('error', err => {\n            assert_1.default.strictEqual(err, error);\n            cb();\n        });\n    });\n    device.off('update', listener);\n});",
                  "err": {},
                  "uuid": "3eef6e93-3739-403d-a4e8-f4205d10d7a5",
                  "parentUUID": "a64dfbb2-788b-43dc-b20a-44e22489de4d",
                  "isHook": false,
                  "skipped": false
                },
                {
                  "title": "should emit error on stderr data",
                  "fullTitle": "NodePyATVDeviceEvents start|stopListening() should emit error on stderr data",
                  "timedOut": false,
                  "duration": 2,
                  "state": "passed",
                  "speed": "fast",
                  "pass": true,
                  "fail": false,
                  "pending": false,
                  "context": null,
                  "code": "return __awaiter(this, void 0, void 0, function* () {\n    const device = new device_1.default({\n        name: 'My Testdevice',\n        host: '192.168.178.2',\n        spawn: fake_spawn_1.createFakeSpawn(cp => {\n            cp.stderr('Hello World!').end();\n        })\n    });\n    const listener = () => {\n        // empty listener\n    };\n    device.on('update', listener);\n    yield new Promise(cb => {\n        device.once('error', err => {\n            assert_1.default.ok(err instanceof Error);\n            assert_1.default.ok(err.toString().includes('Got stderr output from pyatv: Hello World!'));\n            cb();\n        });\n    });\n    device.off('update', listener);\n});",
                  "err": {},
                  "uuid": "0c62fe3a-598f-4893-9cd1-c439dbb4b86c",
                  "parentUUID": "a64dfbb2-788b-43dc-b20a-44e22489de4d",
                  "isHook": false,
                  "skipped": false
                },
                {
                  "title": "should emit error if stdout is not valid json",
                  "fullTitle": "NodePyATVDeviceEvents start|stopListening() should emit error if stdout is not valid json",
                  "timedOut": false,
                  "duration": 1,
                  "state": "passed",
                  "speed": "fast",
                  "pass": true,
                  "fail": false,
                  "pending": false,
                  "context": null,
                  "code": "return __awaiter(this, void 0, void 0, function* () {\n    const device = new device_1.default({\n        name: 'My Testdevice',\n        host: '192.168.178.2',\n        spawn: fake_spawn_1.createFakeSpawn(cp => {\n            cp.stdout('#').end();\n        })\n    });\n    const listener = () => {\n        // empty listener\n    };\n    device.on('update', listener);\n    yield new Promise(cb => {\n        device.once('error', err => {\n            assert_1.default.ok(err instanceof Error);\n            assert_1.default.ok(err.toString().includes('Unable to parse stdout json: SyntaxError: ' +\n                'Unexpected token # in JSON at position 0'));\n            cb();\n        });\n    });\n    device.off('update', listener);\n});",
                  "err": {},
                  "uuid": "d1e62658-fd55-403f-b2e6-0f18fdf440a7",
                  "parentUUID": "a64dfbb2-788b-43dc-b20a-44e22489de4d",
                  "isHook": false,
                  "skipped": false
                },
                {
                  "title": "should restart the process if it gets killed",
                  "fullTitle": "NodePyATVDeviceEvents start|stopListening() should restart the process if it gets killed",
                  "timedOut": false,
                  "duration": 0,
                  "state": "pending",
                  "speed": null,
                  "pass": false,
                  "fail": false,
                  "pending": true,
                  "context": null,
                  "code": "",
                  "err": {},
                  "uuid": "ba0d7f63-c857-41ef-a634-e6681806f05e",
                  "parentUUID": "a64dfbb2-788b-43dc-b20a-44e22489de4d",
                  "isHook": false,
                  "skipped": false
                }
              ],
              "suites": [],
              "passes": [
                "3eef6e93-3739-403d-a4e8-f4205d10d7a5",
                "0c62fe3a-598f-4893-9cd1-c439dbb4b86c",
                "d1e62658-fd55-403f-b2e6-0f18fdf440a7"
              ],
              "failures": [],
              "pending": [
                "ba0d7f63-c857-41ef-a634-e6681806f05e"
              ],
              "skipped": [],
              "duration": 5,
              "root": false,
              "rootEmpty": false,
              "_timeout": 2000
            },
            {
              "uuid": "b965de32-11e5-466f-8653-a5fcb67783f7",
              "title": "addListener() / removeAllListeners()",
              "fullFile": "/home/runner/work/node-pyatv/node-pyatv/test/device-events.ts",
              "file": "/test/device-events.ts",
              "beforeHooks": [],
              "afterHooks": [],
              "tests": [
                {
                  "title": "should work without any exceptions",
                  "fullTitle": "NodePyATVDeviceEvents addListener() / removeAllListeners() should work without any exceptions",
                  "timedOut": false,
                  "duration": 0,
                  "state": "passed",
                  "speed": "fast",
                  "pass": true,
                  "fail": false,
                  "pending": false,
                  "context": null,
                  "code": "return __awaiter(this, void 0, void 0, function* () {\n    const device = new device_1.default({\n        name: 'My Testdevice',\n        host: '192.168.178.2',\n        spawn: fake_spawn_1.createFakeSpawn(cp => {\n            cp.onStdIn(() => cp.end());\n            cp.stdout({\n                result: 'success',\n                title: 'My Movie'\n            });\n        })\n    });\n    const listener = () => {\n        // empty listener\n    };\n    device.addListener('update', listener);\n    device.removeAllListeners('update');\n});",
                  "err": {},
                  "uuid": "45e20ebf-aeb8-4043-b03b-9dd44b840d53",
                  "parentUUID": "b965de32-11e5-466f-8653-a5fcb67783f7",
                  "isHook": false,
                  "skipped": false
                }
              ],
              "suites": [],
              "passes": [
                "45e20ebf-aeb8-4043-b03b-9dd44b840d53"
              ],
              "failures": [],
              "pending": [],
              "skipped": [],
              "duration": 0,
              "root": false,
              "rootEmpty": false,
              "_timeout": 2000
            },
            {
              "uuid": "e2dc312d-36c9-4a34-b1c1-42f8d5b78acc",
              "title": "emit()",
              "fullFile": "/home/runner/work/node-pyatv/node-pyatv/test/device-events.ts",
              "file": "/test/device-events.ts",
              "beforeHooks": [],
              "afterHooks": [],
              "tests": [
                {
                  "title": "should work",
                  "fullTitle": "NodePyATVDeviceEvents emit() should work",
                  "timedOut": false,
                  "duration": 0,
                  "state": "passed",
                  "speed": "fast",
                  "pass": true,
                  "fail": false,
                  "pending": false,
                  "context": null,
                  "code": "const device = new device_1.default({\n    name: 'My Testdevice',\n    host: '192.168.178.2',\n    spawn: fake_spawn_1.createFakeSpawn(cp => {\n        cp.onStdIn(() => cp.end());\n    })\n});\nconst event = new device_event_1.default({\n    key: 'dateTime',\n    old: 'foo',\n    new: 'bar',\n    device\n});\nlet executions = 0;\ndevice.once('test', (e) => {\n    executions++;\n    assert_1.default.strictEqual(e, event);\n    assert_1.default.strictEqual(executions, 1);\n    done();\n});\ndevice.emit('test', event);",
                  "err": {},
                  "uuid": "61d6b048-9ba1-465d-9dd9-e2a9c5001484",
                  "parentUUID": "e2dc312d-36c9-4a34-b1c1-42f8d5b78acc",
                  "isHook": false,
                  "skipped": false
                }
              ],
              "suites": [],
              "passes": [
                "61d6b048-9ba1-465d-9dd9-e2a9c5001484"
              ],
              "failures": [],
              "pending": [],
              "skipped": [],
              "duration": 0,
              "root": false,
              "rootEmpty": false,
              "_timeout": 2000
            },
            {
              "uuid": "f0e23d24-ed94-4547-8f1d-6ae86cdc1025",
              "title": "eventNames()",
              "fullFile": "/home/runner/work/node-pyatv/node-pyatv/test/device-events.ts",
              "file": "/test/device-events.ts",
              "beforeHooks": [],
              "afterHooks": [],
              "tests": [
                {
                  "title": "should work",
                  "fullTitle": "NodePyATVDeviceEvents eventNames() should work",
                  "timedOut": false,
                  "duration": 1,
                  "state": "passed",
                  "speed": "fast",
                  "pass": true,
                  "fail": false,
                  "pending": false,
                  "context": null,
                  "code": "const device = new device_1.default({\n    name: 'My Testdevice',\n    host: '192.168.178.2',\n    spawn: fake_spawn_1.createFakeSpawn(cp => {\n        cp.onStdIn(() => cp.end());\n    })\n});\nconst listener = () => {\n    // ignore\n};\ndevice.on('test', listener);\nassert_1.default.deepStrictEqual(device.eventNames(), ['test']);\ndevice.off('test', listener);",
                  "err": {},
                  "uuid": "079380b2-078e-45a9-a7f6-aaea87cc5829",
                  "parentUUID": "f0e23d24-ed94-4547-8f1d-6ae86cdc1025",
                  "isHook": false,
                  "skipped": false
                }
              ],
              "suites": [],
              "passes": [
                "079380b2-078e-45a9-a7f6-aaea87cc5829"
              ],
              "failures": [],
              "pending": [],
              "skipped": [],
              "duration": 1,
              "root": false,
              "rootEmpty": false,
              "_timeout": 2000
            },
            {
              "uuid": "fd55b2d8-4038-4bbc-9b42-301a218baf45",
              "title": "getMaxListeners()",
              "fullFile": "/home/runner/work/node-pyatv/node-pyatv/test/device-events.ts",
              "file": "/test/device-events.ts",
              "beforeHooks": [],
              "afterHooks": [],
              "tests": [
                {
                  "title": "should work",
                  "fullTitle": "NodePyATVDeviceEvents getMaxListeners() should work",
                  "timedOut": false,
                  "duration": 0,
                  "state": "passed",
                  "speed": "fast",
                  "pass": true,
                  "fail": false,
                  "pending": false,
                  "context": null,
                  "code": "const device = new device_1.default({\n    name: 'My Testdevice',\n    host: '192.168.178.2',\n    spawn: fake_spawn_1.createFakeSpawn(cp => {\n        cp.onStdIn(() => cp.end());\n    })\n});\nconst result = device.getMaxListeners();\nassert_1.default.ok(typeof result, 'number');\nassert_1.default.ok(result >= 10);",
                  "err": {},
                  "uuid": "8e4331c1-a6b8-45de-8c25-fe915350ba6e",
                  "parentUUID": "fd55b2d8-4038-4bbc-9b42-301a218baf45",
                  "isHook": false,
                  "skipped": false
                }
              ],
              "suites": [],
              "passes": [
                "8e4331c1-a6b8-45de-8c25-fe915350ba6e"
              ],
              "failures": [],
              "pending": [],
              "skipped": [],
              "duration": 0,
              "root": false,
              "rootEmpty": false,
              "_timeout": 2000
            },
            {
              "uuid": "a3f4d744-fd43-4cdf-a19f-95d05f035b34",
              "title": "listenerCount()",
              "fullFile": "/home/runner/work/node-pyatv/node-pyatv/test/device-events.ts",
              "file": "/test/device-events.ts",
              "beforeHooks": [],
              "afterHooks": [],
              "tests": [
                {
                  "title": "should work",
                  "fullTitle": "NodePyATVDeviceEvents listenerCount() should work",
                  "timedOut": false,
                  "duration": 1,
                  "state": "passed",
                  "speed": "fast",
                  "pass": true,
                  "fail": false,
                  "pending": false,
                  "context": null,
                  "code": "const device = new device_1.default({\n    name: 'My Testdevice',\n    host: '192.168.178.2',\n    spawn: fake_spawn_1.createFakeSpawn(cp => {\n        cp.onStdIn(() => cp.end());\n    })\n});\nconst listener = () => {\n    // ignore\n};\nassert_1.default.deepStrictEqual(device.listenerCount('test'), 0);\ndevice.on('test', listener);\nassert_1.default.deepStrictEqual(device.listenerCount('test'), 1);\ndevice.off('test', listener);",
                  "err": {},
                  "uuid": "bae49e5f-959d-4927-b244-b806ac0800ce",
                  "parentUUID": "a3f4d744-fd43-4cdf-a19f-95d05f035b34",
                  "isHook": false,
                  "skipped": false
                }
              ],
              "suites": [],
              "passes": [
                "bae49e5f-959d-4927-b244-b806ac0800ce"
              ],
              "failures": [],
              "pending": [],
              "skipped": [],
              "duration": 1,
              "root": false,
              "rootEmpty": false,
              "_timeout": 2000
            },
            {
              "uuid": "92d4ce96-72e6-4e09-ae7a-bd74ba0fcde9",
              "title": "listeners()",
              "fullFile": "/home/runner/work/node-pyatv/node-pyatv/test/device-events.ts",
              "file": "/test/device-events.ts",
              "beforeHooks": [],
              "afterHooks": [],
              "tests": [
                {
                  "title": "should work",
                  "fullTitle": "NodePyATVDeviceEvents listeners() should work",
                  "timedOut": false,
                  "duration": 0,
                  "state": "passed",
                  "speed": "fast",
                  "pass": true,
                  "fail": false,
                  "pending": false,
                  "context": null,
                  "code": "const device = new device_1.default({\n    name: 'My Testdevice',\n    host: '192.168.178.2',\n    spawn: fake_spawn_1.createFakeSpawn(cp => {\n        cp.onStdIn(() => cp.end());\n    })\n});\nconst listener = () => {\n    // ignore\n};\nassert_1.default.deepStrictEqual(device.listeners('test').length, 0);\ndevice.on('test', listener);\nassert_1.default.deepStrictEqual(device.listeners('test').length, 1);\nassert_1.default.deepStrictEqual(device.listeners('test')[0], listener);\ndevice.off('test', listener);",
                  "err": {},
                  "uuid": "fe97e873-8b2b-4429-99f2-1ffe12f9ae04",
                  "parentUUID": "92d4ce96-72e6-4e09-ae7a-bd74ba0fcde9",
                  "isHook": false,
                  "skipped": false
                }
              ],
              "suites": [],
              "passes": [
                "fe97e873-8b2b-4429-99f2-1ffe12f9ae04"
              ],
              "failures": [],
              "pending": [],
              "skipped": [],
              "duration": 0,
              "root": false,
              "rootEmpty": false,
              "_timeout": 2000
            },
            {
              "uuid": "602a6ffa-95a7-4e33-bd57-d0942cb22472",
              "title": "prependListener()",
              "fullFile": "/home/runner/work/node-pyatv/node-pyatv/test/device-events.ts",
              "file": "/test/device-events.ts",
              "beforeHooks": [],
              "afterHooks": [],
              "tests": [
                {
                  "title": "should work",
                  "fullTitle": "NodePyATVDeviceEvents prependListener() should work",
                  "timedOut": false,
                  "duration": 2,
                  "state": "passed",
                  "speed": "fast",
                  "pass": true,
                  "fail": false,
                  "pending": false,
                  "context": null,
                  "code": "const device = new device_1.default({\n    name: 'My Testdevice',\n    host: '192.168.178.2',\n    spawn: fake_spawn_1.createFakeSpawn(cp => {\n        cp.onStdIn(() => cp.end());\n        cp.stdout({\n            result: 'success',\n            title: 'My Movie'\n        });\n    })\n});\nconst listener = () => {\n    device.removeAllListeners('update');\n    done();\n};\ndevice.prependListener('update', listener);",
                  "err": {},
                  "uuid": "b5bbafb7-5ea3-4e8e-8fc5-6b3b1c98e8b4",
                  "parentUUID": "602a6ffa-95a7-4e33-bd57-d0942cb22472",
                  "isHook": false,
                  "skipped": false
                }
              ],
              "suites": [],
              "passes": [
                "b5bbafb7-5ea3-4e8e-8fc5-6b3b1c98e8b4"
              ],
              "failures": [],
              "pending": [],
              "skipped": [],
              "duration": 2,
              "root": false,
              "rootEmpty": false,
              "_timeout": 2000
            },
            {
              "uuid": "96ee9a55-98f4-42e1-888e-efba2989c103",
              "title": "prependOnceListener()",
              "fullFile": "/home/runner/work/node-pyatv/node-pyatv/test/device-events.ts",
              "file": "/test/device-events.ts",
              "beforeHooks": [],
              "afterHooks": [],
              "tests": [
                {
                  "title": "should work",
                  "fullTitle": "NodePyATVDeviceEvents prependOnceListener() should work",
                  "timedOut": false,
                  "duration": 2,
                  "state": "passed",
                  "speed": "fast",
                  "pass": true,
                  "fail": false,
                  "pending": false,
                  "context": null,
                  "code": "const device = new device_1.default({\n    name: 'My Testdevice',\n    host: '192.168.178.2',\n    spawn: fake_spawn_1.createFakeSpawn(cp => {\n        cp.onStdIn(() => cp.end());\n        cp.stdout({\n            result: 'success',\n            title: 'My Movie'\n        });\n    })\n});\ndevice.prependOnceListener('update', () => done());",
                  "err": {},
                  "uuid": "e62ec366-b91f-4ddf-83fb-9d2d96afac0f",
                  "parentUUID": "96ee9a55-98f4-42e1-888e-efba2989c103",
                  "isHook": false,
                  "skipped": false
                }
              ],
              "suites": [],
              "passes": [
                "e62ec366-b91f-4ddf-83fb-9d2d96afac0f"
              ],
              "failures": [],
              "pending": [],
              "skipped": [],
              "duration": 2,
              "root": false,
              "rootEmpty": false,
              "_timeout": 2000
            },
            {
              "uuid": "04245e8f-6a6a-4cef-82aa-5a5c9d15dac7",
              "title": "rawListeners()",
              "fullFile": "/home/runner/work/node-pyatv/node-pyatv/test/device-events.ts",
              "file": "/test/device-events.ts",
              "beforeHooks": [],
              "afterHooks": [],
              "tests": [
                {
                  "title": "should work",
                  "fullTitle": "NodePyATVDeviceEvents rawListeners() should work",
                  "timedOut": false,
                  "duration": 0,
                  "state": "passed",
                  "speed": "fast",
                  "pass": true,
                  "fail": false,
                  "pending": false,
                  "context": null,
                  "code": "const device = new device_1.default({\n    name: 'My Testdevice',\n    host: '192.168.178.2',\n    spawn: fake_spawn_1.createFakeSpawn(cp => {\n        cp.onStdIn(() => cp.end());\n    })\n});\nconst listener = () => {\n    // ignore\n};\nassert_1.default.deepStrictEqual(device.rawListeners('test').length, 0);\ndevice.on('test', listener);\nassert_1.default.deepStrictEqual(device.rawListeners('test').length, 1);\nassert_1.default.deepStrictEqual(device.rawListeners('test')[0], listener);\ndevice.off('test', listener);",
                  "err": {},
                  "uuid": "57ad0217-3d49-4087-8d83-58c81985367e",
                  "parentUUID": "04245e8f-6a6a-4cef-82aa-5a5c9d15dac7",
                  "isHook": false,
                  "skipped": false
                }
              ],
              "suites": [],
              "passes": [
                "57ad0217-3d49-4087-8d83-58c81985367e"
              ],
              "failures": [],
              "pending": [],
              "skipped": [],
              "duration": 0,
              "root": false,
              "rootEmpty": false,
              "_timeout": 2000
            },
            {
              "uuid": "a7b59c4e-97d3-4c8e-acd8-0cd21b66677f",
              "title": "removeListener()",
              "fullFile": "/home/runner/work/node-pyatv/node-pyatv/test/device-events.ts",
              "file": "/test/device-events.ts",
              "beforeHooks": [],
              "afterHooks": [],
              "tests": [
                {
                  "title": "should work without any exceptions",
                  "fullTitle": "NodePyATVDeviceEvents removeListener() should work without any exceptions",
                  "timedOut": false,
                  "duration": 0,
                  "state": "passed",
                  "speed": "fast",
                  "pass": true,
                  "fail": false,
                  "pending": false,
                  "context": null,
                  "code": "return __awaiter(this, void 0, void 0, function* () {\n    const device = new device_1.default({\n        name: 'My Testdevice',\n        host: '192.168.178.2',\n        spawn: fake_spawn_1.createFakeSpawn(cp => {\n            cp.onStdIn(() => cp.end());\n            cp.stdout({\n                result: 'success',\n                title: 'My Movie'\n            });\n        })\n    });\n    const listener = () => {\n        // empty listener\n    };\n    device.addListener('update', listener);\n    assert_1.default.deepStrictEqual(device.listenerCount('update'), 1);\n    device.removeListener('update', listener);\n    assert_1.default.deepStrictEqual(device.listenerCount('update'), 0);\n});",
                  "err": {},
                  "uuid": "41595c91-12aa-47d0-b1e1-c0b980b7cba7",
                  "parentUUID": "a7b59c4e-97d3-4c8e-acd8-0cd21b66677f",
                  "isHook": false,
                  "skipped": false
                }
              ],
              "suites": [],
              "passes": [
                "41595c91-12aa-47d0-b1e1-c0b980b7cba7"
              ],
              "failures": [],
              "pending": [],
              "skipped": [],
              "duration": 0,
              "root": false,
              "rootEmpty": false,
              "_timeout": 2000
            }
          ],
          "passes": [],
          "failures": [],
          "pending": [],
          "skipped": [],
          "duration": 0,
          "root": false,
          "rootEmpty": false,
          "_timeout": 2000
        },
        {
          "uuid": "73c5bac4-ac97-433b-be7c-faed29ecc8c0",
          "title": "NodePyATVDevice",
          "fullFile": "/home/runner/work/node-pyatv/node-pyatv/test/device.ts",
          "file": "/test/device.ts",
          "beforeHooks": [],
          "afterHooks": [],
          "tests": [],
          "suites": [
            {
              "uuid": "ca133db1-c4d8-4efe-a1a1-ddd5eb839a10",
              "title": "get name()",
              "fullFile": "/home/runner/work/node-pyatv/node-pyatv/test/device.ts",
              "file": "/test/device.ts",
              "beforeHooks": [],
              "afterHooks": [],
              "tests": [
                {
                  "title": "should return the name",
                  "fullTitle": "NodePyATVDevice get name() should return the name",
                  "timedOut": false,
                  "duration": 0,
                  "state": "passed",
                  "speed": "fast",
                  "pass": true,
                  "fail": false,
                  "pending": false,
                  "context": null,
                  "code": "const device = new device_1.default({\n    name: 'My Testdevice',\n    host: '192.168.178.2'\n});\nassert_1.default.strictEqual(device.name, 'My Testdevice');",
                  "err": {},
                  "uuid": "662a1ff2-65ae-4dd3-9316-d4d789e1f632",
                  "parentUUID": "ca133db1-c4d8-4efe-a1a1-ddd5eb839a10",
                  "isHook": false,
                  "skipped": false
                }
              ],
              "suites": [],
              "passes": [
                "662a1ff2-65ae-4dd3-9316-d4d789e1f632"
              ],
              "failures": [],
              "pending": [],
              "skipped": [],
              "duration": 0,
              "root": false,
              "rootEmpty": false,
              "_timeout": 2000
            },
            {
              "uuid": "eb96c9c2-3872-43ea-b926-a8a62cce8214",
              "title": "get host()",
              "fullFile": "/home/runner/work/node-pyatv/node-pyatv/test/device.ts",
              "file": "/test/device.ts",
              "beforeHooks": [],
              "afterHooks": [],
              "tests": [
                {
                  "title": "should return the host",
                  "fullTitle": "NodePyATVDevice get host() should return the host",
                  "timedOut": false,
                  "duration": 0,
                  "state": "passed",
                  "speed": "fast",
                  "pass": true,
                  "fail": false,
                  "pending": false,
                  "context": null,
                  "code": "const device = new device_1.default({\n    name: 'My Testdevice',\n    host: '192.168.178.2'\n});\nassert_1.default.strictEqual(device.host, '192.168.178.2');",
                  "err": {},
                  "uuid": "0922592c-40cc-46f9-ba93-eb30d783e3c3",
                  "parentUUID": "eb96c9c2-3872-43ea-b926-a8a62cce8214",
                  "isHook": false,
                  "skipped": false
                }
              ],
              "suites": [],
              "passes": [
                "0922592c-40cc-46f9-ba93-eb30d783e3c3"
              ],
              "failures": [],
              "pending": [],
              "skipped": [],
              "duration": 0,
              "root": false,
              "rootEmpty": false,
              "_timeout": 2000
            },
            {
              "uuid": "ca79a7a8-12f7-4f7b-8c5a-65142001f2a1",
              "title": "get id()",
              "fullFile": "/home/runner/work/node-pyatv/node-pyatv/test/device.ts",
              "file": "/test/device.ts",
              "beforeHooks": [],
              "afterHooks": [],
              "tests": [
                {
                  "title": "should return the id",
                  "fullTitle": "NodePyATVDevice get id() should return the id",
                  "timedOut": false,
                  "duration": 0,
                  "state": "passed",
                  "speed": "fast",
                  "pass": true,
                  "fail": false,
                  "pending": false,
                  "context": null,
                  "code": "const device = new device_1.default({\n    name: 'My Testdevice',\n    host: '192.168.178.2',\n    id: '*****'\n});\nassert_1.default.strictEqual(device.id, '*****');",
                  "err": {},
                  "uuid": "71910370-3e3c-4478-8702-562ce7c30236",
                  "parentUUID": "ca79a7a8-12f7-4f7b-8c5a-65142001f2a1",
                  "isHook": false,
                  "skipped": false
                }
              ],
              "suites": [],
              "passes": [
                "71910370-3e3c-4478-8702-562ce7c30236"
              ],
              "failures": [],
              "pending": [],
              "skipped": [],
              "duration": 0,
              "root": false,
              "rootEmpty": false,
              "_timeout": 2000
            },
            {
              "uuid": "aeb5e12e-a7f4-431e-925c-e02d0f7e59d3",
              "title": "get protocol()",
              "fullFile": "/home/runner/work/node-pyatv/node-pyatv/test/device.ts",
              "file": "/test/device.ts",
              "beforeHooks": [],
              "afterHooks": [],
              "tests": [
                {
                  "title": "should return the protocol",
                  "fullTitle": "NodePyATVDevice get protocol() should return the protocol",
                  "timedOut": false,
                  "duration": 1,
                  "state": "passed",
                  "speed": "fast",
                  "pass": true,
                  "fail": false,
                  "pending": false,
                  "context": null,
                  "code": "const device = new device_1.default({\n    name: 'My Testdevice',\n    host: '192.168.178.2',\n    protocol: types_1.NodePyATVProtocol.airplay\n});\nassert_1.default.strictEqual(device.protocol, types_1.NodePyATVProtocol.airplay);",
                  "err": {},
                  "uuid": "e7056b48-3a8b-489c-b5e3-78865d8f0ccf",
                  "parentUUID": "aeb5e12e-a7f4-431e-925c-e02d0f7e59d3",
                  "isHook": false,
                  "skipped": false
                }
              ],
              "suites": [],
              "passes": [
                "e7056b48-3a8b-489c-b5e3-78865d8f0ccf"
              ],
              "failures": [],
              "pending": [],
              "skipped": [],
              "duration": 1,
              "root": false,
              "rootEmpty": false,
              "_timeout": 2000
            },
            {
              "uuid": "e1686d61-bcd7-4503-9389-083523eb99f7",
              "title": "get debug()",
              "fullFile": "/home/runner/work/node-pyatv/node-pyatv/test/device.ts",
              "file": "/test/device.ts",
              "beforeHooks": [],
              "afterHooks": [],
              "tests": [
                {
                  "title": "should return true if set to true",
                  "fullTitle": "NodePyATVDevice get debug() should return true if set to true",
                  "timedOut": false,
                  "duration": 0,
                  "state": "passed",
                  "speed": "fast",
                  "pass": true,
                  "fail": false,
                  "pending": false,
                  "context": null,
                  "code": "const device = new device_1.default({\n    name: 'My Testdevice',\n    host: '192.168.178.2',\n    debug: true\n});\nassert_1.default.strictEqual(device.debug, true);",
                  "err": {},
                  "uuid": "8effe955-7ffc-4941-b3c6-9def4dbdd267",
                  "parentUUID": "e1686d61-bcd7-4503-9389-083523eb99f7",
                  "isHook": false,
                  "skipped": false
                },
                {
                  "title": "should return fn if set to custom function",
                  "fullTitle": "NodePyATVDevice get debug() should return fn if set to custom function",
                  "timedOut": false,
                  "duration": 0,
                  "state": "passed",
                  "speed": "fast",
                  "pass": true,
                  "fail": false,
                  "pending": false,
                  "context": null,
                  "code": "// eslint-disable-next-line @typescript-eslint/no-empty-function\nconst fn = () => {\n};\nconst device = new device_1.default({\n    name: 'My Testdevice',\n    host: '192.168.178.2',\n    debug: fn\n});\nassert_1.default.strictEqual(device.debug, fn);",
                  "err": {},
                  "uuid": "a62d63de-c17b-49bc-9002-9b8425d2ee10",
                  "parentUUID": "e1686d61-bcd7-4503-9389-083523eb99f7",
                  "isHook": false,
                  "skipped": false
                },
                {
                  "title": "should return false if unset",
                  "fullTitle": "NodePyATVDevice get debug() should return false if unset",
                  "timedOut": false,
                  "duration": 0,
                  "state": "passed",
                  "speed": "fast",
                  "pass": true,
                  "fail": false,
                  "pending": false,
                  "context": null,
                  "code": "const device = new device_1.default({\n    name: 'My Testdevice',\n    host: '192.168.178.2'\n});\nassert_1.default.strictEqual(device.debug, undefined);",
                  "err": {},
                  "uuid": "8cb2e3cb-2e8c-4187-8793-ecabed1fbea4",
                  "parentUUID": "e1686d61-bcd7-4503-9389-083523eb99f7",
                  "isHook": false,
                  "skipped": false
                }
              ],
              "suites": [],
              "passes": [
                "8effe955-7ffc-4941-b3c6-9def4dbdd267",
                "a62d63de-c17b-49bc-9002-9b8425d2ee10",
                "8cb2e3cb-2e8c-4187-8793-ecabed1fbea4"
              ],
              "failures": [],
              "pending": [],
              "skipped": [],
              "duration": 0,
              "root": false,
              "rootEmpty": false,
              "_timeout": 2000
            },
            {
              "uuid": "b199a895-9593-4527-88f4-fcaaea7f3cb0",
              "title": "set debug()",
              "fullFile": "/home/runner/work/node-pyatv/node-pyatv/test/device.ts",
              "file": "/test/device.ts",
              "beforeHooks": [],
              "afterHooks": [],
              "tests": [
                {
                  "title": "should work for debug = true",
                  "fullTitle": "NodePyATVDevice set debug() should work for debug = true",
                  "timedOut": false,
                  "duration": 0,
                  "state": "passed",
                  "speed": "fast",
                  "pass": true,
                  "fail": false,
                  "pending": false,
                  "context": null,
                  "code": "const device = new device_1.default({\n    name: 'My Testdevice',\n    host: '192.168.178.2'\n});\nassert_1.default.strictEqual(device.debug, undefined);\ndevice.debug = true;\nassert_1.default.strictEqual(device.debug, true);",
                  "err": {},
                  "uuid": "c3f8ddde-39b0-4199-b2d9-b44af5f95d26",
                  "parentUUID": "b199a895-9593-4527-88f4-fcaaea7f3cb0",
                  "isHook": false,
                  "skipped": false
                },
                {
                  "title": "should work for debug = undefined",
                  "fullTitle": "NodePyATVDevice set debug() should work for debug = undefined",
                  "timedOut": false,
                  "duration": 0,
                  "state": "passed",
                  "speed": "fast",
                  "pass": true,
                  "fail": false,
                  "pending": false,
                  "context": null,
                  "code": "const device = new device_1.default({\n    name: 'My Testdevice',\n    host: '192.168.178.2',\n    debug: true\n});\nassert_1.default.strictEqual(device.debug, true);\ndevice.debug = undefined;\nassert_1.default.strictEqual(device.debug, undefined);",
                  "err": {},
                  "uuid": "dad4c0d9-f797-4a01-a79d-21d8850e4cb4",
                  "parentUUID": "b199a895-9593-4527-88f4-fcaaea7f3cb0",
                  "isHook": false,
                  "skipped": false
                },
                {
                  "title": "should work for debug = undefined",
                  "fullTitle": "NodePyATVDevice set debug() should work for debug = undefined",
                  "timedOut": false,
                  "duration": 0,
                  "state": "passed",
                  "speed": "fast",
                  "pass": true,
                  "fail": false,
                  "pending": false,
                  "context": null,
                  "code": "const device = new device_1.default({\n    name: 'My Testdevice',\n    host: '192.168.178.2',\n    debug: true\n});\nassert_1.default.strictEqual(device.debug, true);\ndevice.debug = undefined;\nassert_1.default.strictEqual(device.debug, undefined);",
                  "err": {},
                  "uuid": "9f3dac0c-42f5-493b-b957-e3e126890d64",
                  "parentUUID": "b199a895-9593-4527-88f4-fcaaea7f3cb0",
                  "isHook": false,
                  "skipped": false
                },
                {
                  "title": "should work for debug = fn",
                  "fullTitle": "NodePyATVDevice set debug() should work for debug = fn",
                  "timedOut": false,
                  "duration": 0,
                  "state": "passed",
                  "speed": "fast",
                  "pass": true,
                  "fail": false,
                  "pending": false,
                  "context": null,
                  "code": "const device = new device_1.default({\n    name: 'My Testdevice',\n    host: '192.168.178.2'\n});\n// eslint-disable-next-line @typescript-eslint/no-empty-function\nconst fn = () => {\n};\nassert_1.default.strictEqual(device.debug, undefined);\ndevice.debug = fn;\nassert_1.default.strictEqual(device.debug, fn);",
                  "err": {},
                  "uuid": "1f51952c-8720-4c33-8754-6acbce1a6ad4",
                  "parentUUID": "b199a895-9593-4527-88f4-fcaaea7f3cb0",
                  "isHook": false,
                  "skipped": false
                }
              ],
              "suites": [],
              "passes": [
                "c3f8ddde-39b0-4199-b2d9-b44af5f95d26",
                "dad4c0d9-f797-4a01-a79d-21d8850e4cb4",
                "9f3dac0c-42f5-493b-b957-e3e126890d64",
                "1f51952c-8720-4c33-8754-6acbce1a6ad4"
              ],
              "failures": [],
              "pending": [],
              "skipped": [],
              "duration": 0,
              "root": false,
              "rootEmpty": false,
              "_timeout": 2000
            },
            {
              "uuid": "e21f2d7f-251c-4ef2-b826-a6188f5f5d29",
              "title": "toJSON()",
              "fullFile": "/home/runner/work/node-pyatv/node-pyatv/test/device.ts",
              "file": "/test/device.ts",
              "beforeHooks": [],
              "afterHooks": [],
              "tests": [
                {
                  "title": "should return a object representation",
                  "fullTitle": "NodePyATVDevice toJSON() should return a object representation",
                  "timedOut": false,
                  "duration": 0,
                  "state": "passed",
                  "speed": "fast",
                  "pass": true,
                  "fail": false,
                  "pending": false,
                  "context": null,
                  "code": "const device = new device_1.default({\n    name: 'My Testdevice',\n    host: '192.168.178.2',\n    id: '*****',\n    protocol: types_1.NodePyATVProtocol.airplay\n});\nassert_1.default.deepEqual(device.toJSON(), {\n    name: 'My Testdevice',\n    host: '192.168.178.2',\n    id: '*****',\n    protocol: types_1.NodePyATVProtocol.airplay\n});",
                  "err": {},
                  "uuid": "d6ee9373-e92c-43ab-a21c-431d7f49a800",
                  "parentUUID": "e21f2d7f-251c-4ef2-b826-a6188f5f5d29",
                  "isHook": false,
                  "skipped": false
                },
                {
                  "title": "should be possible to create a new device from this",
                  "fullTitle": "NodePyATVDevice toJSON() should be possible to create a new device from this",
                  "timedOut": false,
                  "duration": 0,
                  "state": "passed",
                  "speed": "fast",
                  "pass": true,
                  "fail": false,
                  "pending": false,
                  "context": null,
                  "code": "const config = {\n    name: 'My Testdevice',\n    host: '192.168.178.2',\n    id: '*****',\n    protocol: types_1.NodePyATVProtocol.airplay\n};\nconst deviceA = new device_1.default(config);\nconst deviceB = new device_1.default(deviceA.toJSON());\nassert_1.default.deepEqual(deviceB.toJSON(), config);",
                  "err": {},
                  "uuid": "1a540f24-b7e1-459d-96a9-a746da4ec79d",
                  "parentUUID": "e21f2d7f-251c-4ef2-b826-a6188f5f5d29",
                  "isHook": false,
                  "skipped": false
                }
              ],
              "suites": [],
              "passes": [
                "d6ee9373-e92c-43ab-a21c-431d7f49a800",
                "1a540f24-b7e1-459d-96a9-a746da4ec79d"
              ],
              "failures": [],
              "pending": [],
              "skipped": [],
              "duration": 0,
              "root": false,
              "rootEmpty": false,
              "_timeout": 2000
            },
            {
              "uuid": "3d5d6386-c625-4579-92ce-d5418c2e6fea",
              "title": "toString()",
              "fullFile": "/home/runner/work/node-pyatv/node-pyatv/test/device.ts",
              "file": "/test/device.ts",
              "beforeHooks": [],
              "afterHooks": [],
              "tests": [
                {
                  "title": "should work",
                  "fullTitle": "NodePyATVDevice toString() should work",
                  "timedOut": false,
                  "duration": 0,
                  "state": "passed",
                  "speed": "fast",
                  "pass": true,
                  "fail": false,
                  "pending": false,
                  "context": null,
                  "code": "const device = new device_1.default({\n    name: 'My Testdevice',\n    host: '192.168.178.2'\n});\nassert_1.default.strictEqual(device.toString(), 'NodePyATVDevice(My Testdevice, 192.168.178.2)');",
                  "err": {},
                  "uuid": "a5793b9d-e80f-4051-bfe2-4957e887d585",
                  "parentUUID": "3d5d6386-c625-4579-92ce-d5418c2e6fea",
                  "isHook": false,
                  "skipped": false
                }
              ],
              "suites": [],
              "passes": [
                "a5793b9d-e80f-4051-bfe2-4957e887d585"
              ],
              "failures": [],
              "pending": [],
              "skipped": [],
              "duration": 0,
              "root": false,
              "rootEmpty": false,
              "_timeout": 2000
            },
            {
              "uuid": "2b662482-09d3-48ad-a3dc-77c5d621ceed",
              "title": "getState()",
              "fullFile": "/home/runner/work/node-pyatv/node-pyatv/test/device.ts",
              "file": "/test/device.ts",
              "beforeHooks": [],
              "afterHooks": [],
              "tests": [
                {
                  "title": "should work [I]",
                  "fullTitle": "NodePyATVDevice getState() should work [I]",
                  "timedOut": false,
                  "duration": 0,
                  "state": "pending",
                  "speed": null,
                  "pass": false,
                  "fail": false,
                  "pending": true,
                  "context": null,
                  "code": "",
                  "err": {},
                  "uuid": "c69b999c-453f-4579-8c97-78ffa18a233f",
                  "parentUUID": "2b662482-09d3-48ad-a3dc-77c5d621ceed",
                  "isHook": false,
                  "skipped": false
                },
                {
                  "title": "should work",
                  "fullTitle": "NodePyATVDevice getState() should work",
                  "timedOut": false,
                  "duration": 2,
                  "state": "passed",
                  "speed": "fast",
                  "pass": true,
                  "fail": false,
                  "pending": false,
                  "context": null,
                  "code": "return __awaiter(this, void 0, void 0, function* () {\n    const device = new device_1.default({\n        name: 'My Testdevice',\n        host: '192.168.178.2',\n        spawn: fake_spawn_1.createFakeSpawn(cp => {\n            cp.end({\n                result: 'success',\n                datetime: '2020-11-07T22:38:43.608030+01:00',\n                hash: '100e0ab6-6ff5-4199-9c04-a7107ff78712',\n                media_type: 'video',\n                device_state: 'playing',\n                title: 'Solo: A Star Wars Story',\n                artist: null,\n                album: null,\n                genre: null,\n                total_time: 8097,\n                position: 27,\n                shuffle: 'off',\n                repeat: 'off',\n                app: 'Disney+',\n                app_id: 'com.disney.disneyplus'\n            });\n        })\n    });\n    const result = yield device.getState();\n    assert_1.default.deepStrictEqual(result, {\n        dateTime: new Date('2020-11-07T22:38:43.608030+01:00'),\n        hash: '100e0ab6-6ff5-4199-9c04-a7107ff78712',\n        mediaType: types_1.NodePyATVMediaType.video,\n        deviceState: types_1.NodePyATVDeviceState.playing,\n        title: 'Solo: A Star Wars Story',\n        artist: null,\n        album: null,\n        genre: null,\n        totalTime: 8097,\n        position: 27,\n        shuffle: types_1.NodePyATVShuffleState.off,\n        repeat: types_1.NodePyATVRepeatState.off,\n        app: 'Disney+',\n        appId: 'com.disney.disneyplus'\n    });\n});",
                  "err": {},
                  "uuid": "c34cf756-2b00-4ca8-8ea4-1a86152aed5e",
                  "parentUUID": "2b662482-09d3-48ad-a3dc-77c5d621ceed",
                  "isHook": false,
                  "skipped": false
                },
                {
                  "title": "should cache requests for a bit",
                  "fullTitle": "NodePyATVDevice getState() should cache requests for a bit",
                  "timedOut": false,
                  "duration": 1,
                  "state": "passed",
                  "speed": "fast",
                  "pass": true,
                  "fail": false,
                  "pending": false,
                  "context": null,
                  "code": "return __awaiter(this, void 0, void 0, function* () {\n    let executions = 0;\n    const device = new device_1.default({\n        name: 'My Testdevice',\n        host: '192.168.178.2',\n        spawn: fake_spawn_1.createFakeSpawn(cp => {\n            executions++;\n            cp.end({\n                result: 'success',\n                datetime: new Date().toJSON(),\n                hash: '100e0ab6-6ff5-4199-9c04-a7107ff78712',\n                media_type: 'video',\n                device_state: 'playing',\n                title: 'Solo: A Star Wars Story',\n                artist: null,\n                album: null,\n                genre: null,\n                total_time: 8097,\n                position: 27,\n                shuffle: 'off',\n                repeat: 'off',\n                app: 'Disney+',\n                app_id: 'com.disney.disneyplus'\n            });\n        })\n    });\n    const firstResult = yield device.getState();\n    const secondResult = yield device.getState();\n    assert_1.default.strictEqual(firstResult.dateTime, secondResult.dateTime);\n    assert_1.default.strictEqual(executions, 1);\n});",
                  "err": {},
                  "uuid": "37c848af-d1a4-48c7-8e09-dfd0d65f178c",
                  "parentUUID": "2b662482-09d3-48ad-a3dc-77c5d621ceed",
                  "isHook": false,
                  "skipped": false
                },
                {
                  "title": "should update the position if cache was used",
                  "fullTitle": "NodePyATVDevice getState() should update the position if cache was used",
                  "timedOut": false,
                  "duration": 2,
                  "state": "passed",
                  "speed": "fast",
                  "pass": true,
                  "fail": false,
                  "pending": false,
                  "context": null,
                  "code": "return __awaiter(this, void 0, void 0, function* () {\n    const device = new device_1.default({\n        name: 'My Testdevice',\n        host: '192.168.178.2',\n        spawn: fake_spawn_1.createFakeSpawn(cp => {\n            cp.end({\n                result: 'success',\n                datetime: new Date(new Date().getTime() - 1000).toJSON(),\n                hash: '100e0ab6-6ff5-4199-9c04-a7107ff78712',\n                media_type: 'video',\n                device_state: 'playing',\n                title: 'Solo: A Star Wars Story',\n                artist: null,\n                album: null,\n                genre: null,\n                total_time: 8097,\n                position: 27,\n                shuffle: 'off',\n                repeat: 'off',\n                app: 'Disney+',\n                app_id: 'com.disney.disneyplus'\n            });\n        })\n    });\n    const firstResult = yield device.getState();\n    assert_1.default.strictEqual(firstResult.position, 27);\n    const secondResult = yield device.getState();\n    assert_1.default.ok(secondResult.position);\n    assert_1.default.ok(secondResult.position > 27, `Position should be > 27, was ${secondResult.position}`);\n    assert_1.default.ok(secondResult.position < 30, `Position should be > 27, was ${secondResult.position}`);\n});",
                  "err": {},
                  "uuid": "809f8627-d963-4057-bc7e-d0437a1583d1",
                  "parentUUID": "2b662482-09d3-48ad-a3dc-77c5d621ceed",
                  "isHook": false,
                  "skipped": false
                }
              ],
              "suites": [],
              "passes": [
                "c34cf756-2b00-4ca8-8ea4-1a86152aed5e",
                "37c848af-d1a4-48c7-8e09-dfd0d65f178c",
                "809f8627-d963-4057-bc7e-d0437a1583d1"
              ],
              "failures": [],
              "pending": [
                "c69b999c-453f-4579-8c97-78ffa18a233f"
              ],
              "skipped": [],
              "duration": 5,
              "root": false,
              "rootEmpty": false,
              "_timeout": 2000
            },
            {
              "uuid": "b7a8ab5e-18eb-42e4-a8b7-517042982be3",
              "title": "clearState()",
              "fullFile": "/home/runner/work/node-pyatv/node-pyatv/test/device.ts",
              "file": "/test/device.ts",
              "beforeHooks": [],
              "afterHooks": [],
              "tests": [
                {
                  "title": "should work",
                  "fullTitle": "NodePyATVDevice clearState() should work",
                  "timedOut": false,
                  "duration": 3,
                  "state": "passed",
                  "speed": "fast",
                  "pass": true,
                  "fail": false,
                  "pending": false,
                  "context": null,
                  "code": "return __awaiter(this, void 0, void 0, function* () {\n    let executions = 0;\n    const device = new device_1.default({\n        name: 'My Testdevice',\n        host: '192.168.178.2',\n        spawn: fake_spawn_1.createFakeSpawn(cp => {\n            executions++;\n            cp.end({\n                result: 'success',\n                datetime: '2020-11-07T22:38:43.608030+01:00',\n                title: 'Solo: A Star Wars Story'\n            });\n        })\n    });\n    assert_1.default.deepStrictEqual(yield device.getTitle(), 'Solo: A Star Wars Story');\n    device.clearState();\n    assert_1.default.deepStrictEqual(yield device.getTitle(), 'Solo: A Star Wars Story');\n    assert_1.default.strictEqual(executions, 2);\n});",
                  "err": {},
                  "uuid": "f7996fbf-4edc-4e32-9147-f46ad3f68df7",
                  "parentUUID": "b7a8ab5e-18eb-42e4-a8b7-517042982be3",
                  "isHook": false,
                  "skipped": false
                }
              ],
              "suites": [],
              "passes": [
                "f7996fbf-4edc-4e32-9147-f46ad3f68df7"
              ],
              "failures": [],
              "pending": [],
              "skipped": [],
              "duration": 3,
              "root": false,
              "rootEmpty": false,
              "_timeout": 2000
            },
            {
              "uuid": "4c8e0374-336c-42ad-a6a9-ecebee0966d4",
              "title": "getDateTime()",
              "fullFile": "/home/runner/work/node-pyatv/node-pyatv/test/device.ts",
              "file": "/test/device.ts",
              "beforeHooks": [],
              "afterHooks": [],
              "tests": [
                {
                  "title": "should work",
                  "fullTitle": "NodePyATVDevice getDateTime() should work",
                  "timedOut": false,
                  "duration": 1,
                  "state": "passed",
                  "speed": "fast",
                  "pass": true,
                  "fail": false,
                  "pending": false,
                  "context": null,
                  "code": "return __awaiter(this, void 0, void 0, function* () {\n    const device = new device_1.default({\n        name: 'My Testdevice',\n        host: '192.168.178.2',\n        spawn: fake_spawn_1.createFakeSpawn(cp => {\n            cp.end({\n                result: 'success',\n                datetime: new Date().toJSON()\n            });\n        })\n    });\n    const result = yield device.getDateTime();\n    assert_1.default.ok(result instanceof Date);\n});",
                  "err": {},
                  "uuid": "b53b43ee-3004-491d-a132-f9297b3b617d",
                  "parentUUID": "4c8e0374-336c-42ad-a6a9-ecebee0966d4",
                  "isHook": false,
                  "skipped": false
                }
              ],
              "suites": [],
              "passes": [
                "b53b43ee-3004-491d-a132-f9297b3b617d"
              ],
              "failures": [],
              "pending": [],
              "skipped": [],
              "duration": 1,
              "root": false,
              "rootEmpty": false,
              "_timeout": 2000
            },
            {
              "uuid": "93052eb8-c991-4746-bd9d-ab33a7727758",
              "title": "getHash()",
              "fullFile": "/home/runner/work/node-pyatv/node-pyatv/test/device.ts",
              "file": "/test/device.ts",
              "beforeHooks": [],
              "afterHooks": [],
              "tests": [
                {
                  "title": "should work",
                  "fullTitle": "NodePyATVDevice getHash() should work",
                  "timedOut": false,
                  "duration": 2,
                  "state": "passed",
                  "speed": "fast",
                  "pass": true,
                  "fail": false,
                  "pending": false,
                  "context": null,
                  "code": "return __awaiter(this, void 0, void 0, function* () {\n    const device = new device_1.default({\n        name: 'My Testdevice',\n        host: '192.168.178.2',\n        spawn: fake_spawn_1.createFakeSpawn(cp => {\n            cp.end({\n                result: 'success',\n                hash: '12345'\n            });\n        })\n    });\n    const result = yield device.getHash();\n    assert_1.default.strictEqual(result, '12345');\n});",
                  "err": {},
                  "uuid": "482c2dad-8f7a-4cf0-b976-63573ff800d0",
                  "parentUUID": "93052eb8-c991-4746-bd9d-ab33a7727758",
                  "isHook": false,
                  "skipped": false
                }
              ],
              "suites": [],
              "passes": [
                "482c2dad-8f7a-4cf0-b976-63573ff800d0"
              ],
              "failures": [],
              "pending": [],
              "skipped": [],
              "duration": 2,
              "root": false,
              "rootEmpty": false,
              "_timeout": 2000
            },
            {
              "uuid": "4e70700b-5659-4397-82cc-8d41e2a174ee",
              "title": "getMediaType()",
              "fullFile": "/home/runner/work/node-pyatv/node-pyatv/test/device.ts",
              "file": "/test/device.ts",
              "beforeHooks": [],
              "afterHooks": [],
              "tests": [
                {
                  "title": "should work",
                  "fullTitle": "NodePyATVDevice getMediaType() should work",
                  "timedOut": false,
                  "duration": 2,
                  "state": "passed",
                  "speed": "fast",
                  "pass": true,
                  "fail": false,
                  "pending": false,
                  "context": null,
                  "code": "return __awaiter(this, void 0, void 0, function* () {\n    const device = new device_1.default({\n        name: 'My Testdevice',\n        host: '192.168.178.2',\n        spawn: fake_spawn_1.createFakeSpawn(cp => {\n            cp.end({\n                result: 'success',\n                media_type: 'video'\n            });\n        })\n    });\n    const result = yield device.getMediaType();\n    assert_1.default.deepStrictEqual(result, types_1.NodePyATVMediaType.video);\n    assert_1.default.deepStrictEqual(result, 'video');\n});",
                  "err": {},
                  "uuid": "c503dad3-cfe2-412e-b8a6-9795d9945cb5",
                  "parentUUID": "4e70700b-5659-4397-82cc-8d41e2a174ee",
                  "isHook": false,
                  "skipped": false
                }
              ],
              "suites": [],
              "passes": [
                "c503dad3-cfe2-412e-b8a6-9795d9945cb5"
              ],
              "failures": [],
              "pending": [],
              "skipped": [],
              "duration": 2,
              "root": false,
              "rootEmpty": false,
              "_timeout": 2000
            },
            {
              "uuid": "4052494f-d8bd-4355-8547-dd2a537af29e",
              "title": "getDeviceState()",
              "fullFile": "/home/runner/work/node-pyatv/node-pyatv/test/device.ts",
              "file": "/test/device.ts",
[...]
                  "code": "tools_1.debug('TEST', 'Hello World.', { noColors: true });",
                  "err": {},
                  "uuid": "80d594f3-7760-4f8b-8dd0-2cb086918522",
                  "parentUUID": "404cf024-4264-4ac2-a5f0-a9f7792ecfb5",
                  "isHook": false,
                  "skipped": false
                },
                {
                  "title": "should work with custom logger and colors disabled",
                  "fullTitle": "Tools debug() should work with custom logger and colors disabled",
                  "timedOut": false,
                  "duration": 0,
                  "state": "passed",
                  "speed": "fast",
                  "pass": true,
                  "fail": false,
                  "pending": false,
                  "context": null,
                  "code": "tools_1.debug('TEST', 'Hello World.', {\n    noColors: true,\n    debug: function (msg) {\n        assert_1.default.strictEqual(this, null);\n        assert_1.default.strictEqual(msg, '[node-pyatv][TEST] Hello World.');\n    }\n});",
                  "err": {},
                  "uuid": "57758b57-f15d-4cbd-bec5-a57cf7d6102a",
                  "parentUUID": "404cf024-4264-4ac2-a5f0-a9f7792ecfb5",
                  "isHook": false,
                  "skipped": false
                }
              ],
              "suites": [],
              "passes": [
                "eb120c8d-3a94-4d43-a2e7-e569873bc0ab",
                "29ebbdbd-c42a-4514-9ff0-4b0267fa620c",
                "774c16b9-d50f-4915-8c76-21660739140d",
                "80d594f3-7760-4f8b-8dd0-2cb086918522",
                "57758b57-f15d-4cbd-bec5-a57cf7d6102a"
              ],
              "failures": [],
              "pending": [],
              "skipped": [],
              "duration": 1,
              "root": false,
              "rootEmpty": false,
              "_timeout": 2000
            },
            {
              "uuid": "867647e1-eaf2-4169-a491-e6fb75816278",
              "title": "getExecutable()",
              "fullFile": "/home/runner/work/node-pyatv/node-pyatv/test/tools.ts",
              "file": "/test/tools.ts",
              "beforeHooks": [],
              "afterHooks": [],
              "tests": [
                {
                  "title": "should handle atvremotePath if set",
                  "fullTitle": "Tools getExecutable() should handle atvremotePath if set",
                  "timedOut": false,
                  "duration": 0,
                  "state": "passed",
                  "speed": "fast",
                  "pass": true,
                  "fail": false,
                  "pending": false,
                  "context": null,
                  "code": "const result = tools_1.getExecutable(types_1.NodePyATVExecutableType.atvremote, {\n    atvremotePath: '/tmp/1',\n    atvscriptPath: '/tmp/2'\n});\nassert_1.default.strictEqual(result, '/tmp/1');",
                  "err": {},
                  "uuid": "d91382a6-dfca-4eb0-8f8c-2d31388d39d8",
                  "parentUUID": "867647e1-eaf2-4169-a491-e6fb75816278",
                  "isHook": false,
                  "skipped": false
                },
                {
                  "title": "should handle atvscriptPath if set",
                  "fullTitle": "Tools getExecutable() should handle atvscriptPath if set",
                  "timedOut": false,
                  "duration": 0,
                  "state": "passed",
                  "speed": "fast",
                  "pass": true,
                  "fail": false,
                  "pending": false,
                  "context": null,
                  "code": "const result = tools_1.getExecutable(types_1.NodePyATVExecutableType.atvscript, {\n    atvremotePath: '/tmp/1',\n    atvscriptPath: '/tmp/2'\n});\nassert_1.default.strictEqual(result, '/tmp/2');",
                  "err": {},
                  "uuid": "6286f509-580f-4eff-82ba-d851a0b173af",
                  "parentUUID": "867647e1-eaf2-4169-a491-e6fb75816278",
                  "isHook": false,
                  "skipped": false
                },
                {
                  "title": "should handle default for atvremote",
                  "fullTitle": "Tools getExecutable() should handle default for atvremote",
                  "timedOut": false,
                  "duration": 0,
                  "state": "passed",
                  "speed": "fast",
                  "pass": true,
                  "fail": false,
                  "pending": false,
                  "context": null,
                  "code": "const result = tools_1.getExecutable(types_1.NodePyATVExecutableType.atvremote, {\n    atvscriptPath: '/tmp'\n});\nassert_1.default.strictEqual(result, 'atvremote');",
                  "err": {},
                  "uuid": "ca2ce4b3-3627-4889-af12-2ebcde0811a4",
                  "parentUUID": "867647e1-eaf2-4169-a491-e6fb75816278",
                  "isHook": false,
                  "skipped": false
                },
                {
                  "title": "should handle default for atvscript",
                  "fullTitle": "Tools getExecutable() should handle default for atvscript",
                  "timedOut": false,
                  "duration": 0,
                  "state": "passed",
                  "speed": "fast",
                  "pass": true,
                  "fail": false,
                  "pending": false,
                  "context": null,
                  "code": "const result = tools_1.getExecutable(types_1.NodePyATVExecutableType.atvscript, {\n    atvremotePath: '/tmp'\n});\nassert_1.default.strictEqual(result, 'atvscript');",
                  "err": {},
                  "uuid": "631e34d0-34f3-4987-bb5f-99995c0620f0",
                  "parentUUID": "867647e1-eaf2-4169-a491-e6fb75816278",
                  "isHook": false,
                  "skipped": false
                }
              ],
              "suites": [],
              "passes": [
                "d91382a6-dfca-4eb0-8f8c-2d31388d39d8",
                "6286f509-580f-4eff-82ba-d851a0b173af",
                "ca2ce4b3-3627-4889-af12-2ebcde0811a4",
                "631e34d0-34f3-4987-bb5f-99995c0620f0"
              ],
              "failures": [],
              "pending": [],
              "skipped": [],
              "duration": 0,
              "root": false,
              "rootEmpty": false,
              "_timeout": 2000
            },
            {
              "uuid": "d6b13b93-e3fb-427a-9107-6a9f18d6cdb6",
              "title": "getParameters()",
              "fullFile": "/home/runner/work/node-pyatv/node-pyatv/test/tools.ts",
              "file": "/test/tools.ts",
              "beforeHooks": [],
              "afterHooks": [],
              "tests": [
                {
                  "title": "empty case",
                  "fullTitle": "Tools getParameters() empty case",
                  "timedOut": false,
                  "duration": 1,
                  "state": "passed",
                  "speed": "fast",
                  "pass": true,
                  "fail": false,
                  "pending": false,
                  "context": null,
                  "code": "return __awaiter(this, void 0, void 0, function* () {\n    const result = yield tools_1.getParamters();\n    assert_1.default.deepEqual(result, []);\n});",
                  "err": {},
                  "uuid": "02f89d41-7f38-4c8a-a8ae-59477708fcf7",
                  "parentUUID": "d6b13b93-e3fb-427a-9107-6a9f18d6cdb6",
                  "isHook": false,
                  "skipped": false
                },
                {
                  "title": "easy case",
                  "fullTitle": "Tools getParameters() easy case",
                  "timedOut": false,
                  "duration": 0,
                  "state": "passed",
                  "speed": "fast",
                  "pass": true,
                  "fail": false,
                  "pending": false,
                  "context": null,
                  "code": "return __awaiter(this, void 0, void 0, function* () {\n    const result = yield tools_1.getParamters({\n        host: '192.168.178.2'\n    });\n    assert_1.default.deepEqual(result, ['-s', '192.168.178.2']);\n});",
                  "err": {},
                  "uuid": "8b6ba21b-6364-475e-8693-f9b9637fd9c6",
                  "parentUUID": "d6b13b93-e3fb-427a-9107-6a9f18d6cdb6",
                  "isHook": false,
                  "skipped": false
                },
                {
                  "title": "full case",
                  "fullTitle": "Tools getParameters() full case",
                  "timedOut": false,
                  "duration": 1,
                  "state": "passed",
                  "speed": "fast",
                  "pass": true,
                  "fail": false,
                  "pending": false,
                  "context": null,
                  "code": "return __awaiter(this, void 0, void 0, function* () {\n    const result = yield tools_1.getParamters({\n        hosts: ['192.168.178.2', '192.168.178.3'],\n        id: '****',\n        protocol: types_1.NodePyATVProtocol.mrp,\n        dmapCredentials: '****',\n        mrpCredentials: '****',\n        airplayCredentials: '****'\n    });\n    assert_1.default.deepEqual(result, [\n        '-s', '192.168.178.2,192.168.178.3',\n        '-i', '****',\n        '--protocol', 'mrp',\n        '--dmap-credentials', '****',\n        '--mrp-credentials', '****',\n        '--airplay-credentials', '****'\n    ]);\n});",
                  "err": {},
                  "uuid": "80810797-f63a-4edd-9835-570e657e2e4b",
                  "parentUUID": "d6b13b93-e3fb-427a-9107-6a9f18d6cdb6",
                  "isHook": false,
                  "skipped": false
                }
              ],
              "suites": [],
              "passes": [
                "02f89d41-7f38-4c8a-a8ae-59477708fcf7",
                "8b6ba21b-6364-475e-8693-f9b9637fd9c6",
                "80810797-f63a-4edd-9835-570e657e2e4b"
              ],
              "failures": [],
              "pending": [],
              "skipped": [],
              "duration": 2,
              "root": false,
              "rootEmpty": false,
              "_timeout": 2000
            },
            {
              "uuid": "7a82f671-3875-492c-8ca4-2fbccc773460",
              "title": "parseState()",
              "fullFile": "/home/runner/work/node-pyatv/node-pyatv/test/tools.ts",
              "file": "/test/tools.ts",
              "beforeHooks": [],
              "afterHooks": [],
              "tests": [
                {
                  "title": "should work with empty data",
                  "fullTitle": "Tools parseState() should work with empty data",
                  "timedOut": false,
                  "duration": 0,
                  "state": "passed",
                  "speed": "fast",
                  "pass": true,
                  "fail": false,
                  "pending": false,
                  "context": null,
                  "code": "const input = {};\nconst result = tools_1.parseState(input, '', {});\nassert_1.default.deepStrictEqual(result, {\n    dateTime: null,\n    hash: null,\n    mediaType: null,\n    deviceState: null,\n    title: null,\n    artist: null,\n    album: null,\n    genre: null,\n    totalTime: null,\n    position: null,\n    shuffle: null,\n    repeat: null,\n    app: null,\n    appId: null\n});",
                  "err": {},
                  "uuid": "6fde192a-d6da-4645-8a9a-d003264c0b8c",
                  "parentUUID": "7a82f671-3875-492c-8ca4-2fbccc773460",
                  "isHook": false,
                  "skipped": false
                },
                {
                  "title": "should work without data",
                  "fullTitle": "Tools parseState() should work without data",
                  "timedOut": false,
                  "duration": 0,
                  "state": "passed",
                  "speed": "fast",
                  "pass": true,
                  "fail": false,
                  "pending": false,
                  "context": null,
                  "code": "// @ts-ignore\nconst result = tools_1.parseState(null, '', {});\nassert_1.default.deepStrictEqual(result, {\n    dateTime: null,\n    hash: null,\n    mediaType: null,\n    deviceState: null,\n    title: null,\n    artist: null,\n    album: null,\n    genre: null,\n    totalTime: null,\n    position: null,\n    shuffle: null,\n    repeat: null,\n    app: null,\n    appId: null\n});",
                  "err": {},
                  "uuid": "9fde39ae-e0cd-4b56-b20d-ea5c47de3ca2",
                  "parentUUID": "7a82f671-3875-492c-8ca4-2fbccc773460",
                  "isHook": false,
                  "skipped": false
                },
                {
                  "title": "should work with example data",
                  "fullTitle": "Tools parseState() should work with example data",
                  "timedOut": false,
                  "duration": 0,
                  "state": "passed",
                  "speed": "fast",
                  "pass": true,
                  "fail": false,
                  "pending": false,
                  "context": null,
                  "code": "const input = {\n    result: 'success',\n    datetime: '2020-11-07T22:38:43.608030+01:00',\n    hash: '100e0ab6-6ff5-4199-9c04-a7107ff78712',\n    media_type: 'video',\n    device_state: 'playing',\n    title: 'Solo: A Star Wars Story',\n    artist: null,\n    album: null,\n    genre: null,\n    total_time: 8097,\n    position: 27,\n    shuffle: 'off',\n    repeat: 'off',\n    app: 'Disney+',\n    app_id: 'com.disney.disneyplus'\n};\nconst result = tools_1.parseState(input, '', {});\nassert_1.default.deepStrictEqual(result, {\n    dateTime: new Date('2020-11-07T22:38:43.608030+01:00'),\n    hash: '100e0ab6-6ff5-4199-9c04-a7107ff78712',\n    mediaType: types_1.NodePyATVMediaType.video,\n    deviceState: types_1.NodePyATVDeviceState.playing,\n    title: 'Solo: A Star Wars Story',\n    artist: null,\n    album: null,\n    genre: null,\n    totalTime: 8097,\n    position: 27,\n    shuffle: types_1.NodePyATVShuffleState.off,\n    repeat: types_1.NodePyATVRepeatState.off,\n    app: 'Disney+',\n    appId: 'com.disney.disneyplus'\n});",
                  "err": {},
                  "uuid": "f88deb98-1a49-4812-a73d-27c6d492fedf",
                  "parentUUID": "7a82f671-3875-492c-8ca4-2fbccc773460",
                  "isHook": false,
                  "skipped": false
                },
                {
                  "title": "should ignore date if it's an invalid date",
                  "fullTitle": "Tools parseState() should ignore date if it's an invalid date",
                  "timedOut": false,
                  "duration": 0,
                  "state": "passed",
                  "speed": "fast",
                  "pass": true,
                  "fail": false,
                  "pending": false,
                  "context": null,
                  "code": "const input = { datetime: 'today' };\nconst result = tools_1.parseState(input, '', {});\nassert_1.default.deepStrictEqual(result, {\n    dateTime: null,\n    hash: null,\n    mediaType: null,\n    deviceState: null,\n    title: null,\n    artist: null,\n    album: null,\n    genre: null,\n    totalTime: null,\n    position: null,\n    shuffle: null,\n    repeat: null,\n    app: null,\n    appId: null\n});",
                  "err": {},
                  "uuid": "5fe2d58b-4e2e-46ab-98c1-ee66564d192f",
                  "parentUUID": "7a82f671-3875-492c-8ca4-2fbccc773460",
                  "isHook": false,
                  "skipped": false
                },
                {
                  "title": "should ignore data if unsupported type",
                  "fullTitle": "Tools parseState() should ignore data if unsupported type",
                  "timedOut": false,
                  "duration": 0,
                  "state": "passed",
                  "speed": "fast",
                  "pass": true,
                  "fail": false,
                  "pending": false,
                  "context": null,
                  "code": "const input = {\n    result: 'success',\n    datetime: true,\n    hash: 1337,\n    media_type: false,\n    device_state: 43,\n    title: undefined,\n    artist: 90,\n    album: Infinity,\n    genre: Math.PI,\n    total_time: '23min',\n    position: '0:30.123',\n    shuffle: false,\n    repeat: true,\n    app: 0,\n    app_id: 891645381647289\n};\nconst result = tools_1.parseState(input, '', {});\nassert_1.default.deepStrictEqual(result, {\n    dateTime: null,\n    hash: null,\n    mediaType: null,\n    deviceState: null,\n    title: null,\n    artist: null,\n    album: null,\n    genre: null,\n    totalTime: null,\n    position: null,\n    shuffle: null,\n    repeat: null,\n    app: null,\n    appId: null\n});",
                  "err": {},
                  "uuid": "22f76cd2-445d-40aa-ba96-f5202980b4a2",
                  "parentUUID": "7a82f671-3875-492c-8ca4-2fbccc773460",
                  "isHook": false,
                  "skipped": false
                },
                {
                  "title": "should ignore enums with unsupported valid",
                  "fullTitle": "Tools parseState() should ignore enums with unsupported valid",
                  "timedOut": false,
                  "duration": 1,
                  "state": "passed",
                  "speed": "fast",
                  "pass": true,
                  "fail": false,
                  "pending": false,
                  "context": null,
                  "code": "const input = {\n    media_type: '3d-experience',\n    device_state: 'initiating',\n    shuffle: 'everything',\n    repeat: 'nothing'\n};\nconst result = tools_1.parseState(input, '', {});\nassert_1.default.deepStrictEqual(result, {\n    dateTime: null,\n    hash: null,\n    mediaType: null,\n    deviceState: null,\n    title: null,\n    artist: null,\n    album: null,\n    genre: null,\n    totalTime: null,\n    position: null,\n    shuffle: null,\n    repeat: null,\n    app: null,\n    appId: null\n});",
                  "err": {},
                  "uuid": "addaaada-9515-44e8-8b36-f7608a07c71f",
                  "parentUUID": "7a82f671-3875-492c-8ca4-2fbccc773460",
                  "isHook": false,
                  "skipped": false
                }
              ],
              "suites": [],
              "passes": [
                "6fde192a-d6da-4645-8a9a-d003264c0b8c",
                "9fde39ae-e0cd-4b56-b20d-ea5c47de3ca2",
                "f88deb98-1a49-4812-a73d-27c6d492fedf",
                "5fe2d58b-4e2e-46ab-98c1-ee66564d192f",
                "22f76cd2-445d-40aa-ba96-f5202980b4a2",
                "addaaada-9515-44e8-8b36-f7608a07c71f"
              ],
              "failures": [],
              "pending": [],
              "skipped": [],
              "duration": 1,
              "root": false,
              "rootEmpty": false,
              "_timeout": 2000
            }
          ],
          "passes": [],
          "failures": [],
          "pending": [],
          "skipped": [],
          "duration": 0,
          "root": false,
          "rootEmpty": false,
          "_timeout": 2000
        }
      ],
      "passes": [],
      "failures": [],
      "pending": [],
      "skipped": [],
      "duration": 0,
      "root": true,
      "rootEmpty": true,
      "_timeout": 2000
    }
  ],
  "meta": {
    "mocha": {
      "version": "8.2.1"
    },
    "mochawesome": {
      "options": {
        "quiet": false,
        "reportFilename": "mochawesome",
        "saveHtml": true,
        "saveJson": true,
        "consoleReporter": "spec",
        "useInlineDiffs": false,
        "code": true
      },
      "version": "6.2.1"
    },
    "marge": {
      "options": null,
      "version": "5.1.0"
    }
  }
}