{
  "stats": {
    "suites": 91,
    "tests": 155,
    "passes": 153,
    "pending": 2,
    "failures": 0,
    "start": "2023-05-19T19:02:55.276Z",
    "end": "2023-05-19T19:03:07.704Z",
    "duration": 12428,
    "testsRegistered": 155,
    "passPercent": 100,
    "pendingPercent": 1.2903225806451613,
    "other": 0,
    "hasOther": false,
    "skipped": 0,
    "hasSkipped": false
  },
  "results": [
    {
      "uuid": "0e356785-566e-42ba-86fa-b2c838651d77",
      "title": "",
      "fullFile": "",
      "file": "",
      "beforeHooks": [],
      "afterHooks": [],
      "tests": [],
      "suites": [
        {
          "uuid": "548c962b-7f86-4e9b-9d92-9b437f926e6a",
          "title": "NodePyATVDeviceEvent",
          "fullFile": "/home/runner/work/node-pyatv/node-pyatv/test/device-event.ts",
          "file": "/test/device-event.ts",
          "beforeHooks": [],
          "afterHooks": [],
          "tests": [],
          "suites": [
            {
              "uuid": "73ecb798-39da-4686-be4b-6df19bd36517",
              "title": "get key()",
              "fullFile": "/home/runner/work/node-pyatv/node-pyatv/test/device-event.ts",
              "file": "/test/device-event.ts",
              "beforeHooks": [],
              "afterHooks": [],
              "tests": [
                {
                  "title": "should work",
                  "fullTitle": "NodePyATVDeviceEvent get key() should work",
                  "timedOut": false,
                  "duration": 1,
                  "state": "passed",
                  "speed": "fast",
                  "pass": true,
                  "fail": false,
                  "pending": false,
                  "context": null,
                  "code": "const event = new NodePyATVDeviceEvent({\n    key: 'genre',\n    old: 'Jazz',\n    new: 'Rock',\n    device: new NodePyATVDevice({\n        host: '192.168.178.2',\n        name: 'My Testinstance'\n    })\n});\nassert.strictEqual(event.key, 'genre');",
                  "err": {},
                  "uuid": "d95e28f2-a396-40c8-ad56-60c3866e339f",
                  "parentUUID": "73ecb798-39da-4686-be4b-6df19bd36517",
                  "isHook": false,
                  "skipped": false
                }
              ],
              "suites": [],
              "passes": [
                "d95e28f2-a396-40c8-ad56-60c3866e339f"
              ],
              "failures": [],
              "pending": [],
              "skipped": [],
              "duration": 1,
              "root": false,
              "rootEmpty": false,
              "_timeout": 2000
            },
            {
              "uuid": "73232832-0761-4eaa-851a-fd246c589d5a",
              "title": "get oldValue()",
              "fullFile": "/home/runner/work/node-pyatv/node-pyatv/test/device-event.ts",
              "file": "/test/device-event.ts",
              "beforeHooks": [],
              "afterHooks": [],
              "tests": [
                {
                  "title": "should work",
                  "fullTitle": "NodePyATVDeviceEvent get oldValue() should work",
                  "timedOut": false,
                  "duration": 0,
                  "state": "passed",
                  "speed": "fast",
                  "pass": true,
                  "fail": false,
                  "pending": false,
                  "context": null,
                  "code": "const event = new NodePyATVDeviceEvent({\n    key: 'genre',\n    old: 'Jazz',\n    new: 'Rock',\n    device: new NodePyATVDevice({\n        host: '192.168.178.2',\n        name: 'My Testinstance'\n    })\n});\nassert.strictEqual(event.oldValue, 'Jazz');",
                  "err": {},
                  "uuid": "b7fa5b28-51b8-46e2-9d3b-120077b5a8b9",
                  "parentUUID": "73232832-0761-4eaa-851a-fd246c589d5a",
                  "isHook": false,
                  "skipped": false
                }
              ],
              "suites": [],
              "passes": [
                "b7fa5b28-51b8-46e2-9d3b-120077b5a8b9"
              ],
              "failures": [],
              "pending": [],
              "skipped": [],
              "duration": 0,
              "root": false,
              "rootEmpty": false,
              "_timeout": 2000
            },
            {
              "uuid": "979193e7-cb55-488a-a949-cc3abb77e945",
              "title": "get newValue()",
              "fullFile": "/home/runner/work/node-pyatv/node-pyatv/test/device-event.ts",
              "file": "/test/device-event.ts",
              "beforeHooks": [],
              "afterHooks": [],
              "tests": [
                {
                  "title": "should work",
                  "fullTitle": "NodePyATVDeviceEvent get newValue() should work",
                  "timedOut": false,
                  "duration": 0,
                  "state": "passed",
                  "speed": "fast",
                  "pass": true,
                  "fail": false,
                  "pending": false,
                  "context": null,
                  "code": "const event = new NodePyATVDeviceEvent({\n    key: 'genre',\n    old: 'Jazz',\n    new: 'Rock',\n    device: new NodePyATVDevice({\n        host: '192.168.178.2',\n        name: 'My Testinstance'\n    })\n});\nassert.strictEqual(event.newValue, 'Rock');",
                  "err": {},
                  "uuid": "e0315795-7d75-454d-ada8-abecea8d36fe",
                  "parentUUID": "979193e7-cb55-488a-a949-cc3abb77e945",
                  "isHook": false,
                  "skipped": false
                }
              ],
              "suites": [],
              "passes": [
                "e0315795-7d75-454d-ada8-abecea8d36fe"
              ],
              "failures": [],
              "pending": [],
              "skipped": [],
              "duration": 0,
              "root": false,
              "rootEmpty": false,
              "_timeout": 2000
            },
            {
              "uuid": "42091602-be54-4204-872b-d186bb14b4e3",
              "title": "get value()",
              "fullFile": "/home/runner/work/node-pyatv/node-pyatv/test/device-event.ts",
              "file": "/test/device-event.ts",
              "beforeHooks": [],
              "afterHooks": [],
              "tests": [
                {
                  "title": "should work",
                  "fullTitle": "NodePyATVDeviceEvent get value() should work",
                  "timedOut": false,
                  "duration": 0,
                  "state": "passed",
                  "speed": "fast",
                  "pass": true,
                  "fail": false,
                  "pending": false,
                  "context": null,
                  "code": "const event = new NodePyATVDeviceEvent({\n    key: 'genre',\n    old: 'Jazz',\n    new: 'Rock',\n    device: new NodePyATVDevice({\n        host: '192.168.178.2',\n        name: 'My Testinstance'\n    })\n});\nassert.strictEqual(event.value, 'Rock');",
                  "err": {},
                  "uuid": "003867e4-3c14-4e1d-a25c-ab75492ec641",
                  "parentUUID": "42091602-be54-4204-872b-d186bb14b4e3",
                  "isHook": false,
                  "skipped": false
                }
              ],
              "suites": [],
              "passes": [
                "003867e4-3c14-4e1d-a25c-ab75492ec641"
              ],
              "failures": [],
              "pending": [],
              "skipped": [],
              "duration": 0,
              "root": false,
              "rootEmpty": false,
              "_timeout": 2000
            },
            {
              "uuid": "34e08540-b666-4adf-895b-f73a5ed613ee",
              "title": "get device()",
              "fullFile": "/home/runner/work/node-pyatv/node-pyatv/test/device-event.ts",
              "file": "/test/device-event.ts",
              "beforeHooks": [],
              "afterHooks": [],
              "tests": [
                {
                  "title": "should work",
                  "fullTitle": "NodePyATVDeviceEvent get device() should work",
                  "timedOut": false,
                  "duration": 0,
                  "state": "passed",
                  "speed": "fast",
                  "pass": true,
                  "fail": false,
                  "pending": false,
                  "context": null,
                  "code": "const device = new NodePyATVDevice({\n    host: '192.168.178.2',\n    name: 'My Testinstance'\n});\nconst event = new NodePyATVDeviceEvent({\n    key: 'genre',\n    old: 'Jazz',\n    new: 'Rock',\n    device\n});\nassert.deepEqual(event.device, device);",
                  "err": {},
                  "uuid": "50f0386d-1cab-424b-9568-0b378cec81f2",
                  "parentUUID": "34e08540-b666-4adf-895b-f73a5ed613ee",
                  "isHook": false,
                  "skipped": false
                }
              ],
              "suites": [],
              "passes": [
                "50f0386d-1cab-424b-9568-0b378cec81f2"
              ],
              "failures": [],
              "pending": [],
              "skipped": [],
              "duration": 0,
              "root": false,
              "rootEmpty": false,
              "_timeout": 2000
            }
          ],
          "passes": [],
          "failures": [],
          "pending": [],
          "skipped": [],
          "duration": 0,
          "root": false,
          "rootEmpty": false,
          "_timeout": 2000
        },
        {
          "uuid": "990e7621-0e2f-4d14-a4fc-d5216d1bdb32",
          "title": "NodePyATVDeviceEvents",
          "fullFile": "/home/runner/work/node-pyatv/node-pyatv/test/device-events.ts",
          "file": "/test/device-events.ts",
          "beforeHooks": [],
          "afterHooks": [],
          "tests": [],
          "suites": [
            {
              "uuid": "264703dd-0bf2-4233-a6de-9d84c7ec63ef",
              "title": "applyStateAndEmitEvents()",
              "fullFile": "/home/runner/work/node-pyatv/node-pyatv/test/device-events.ts",
              "file": "/test/device-events.ts",
              "beforeHooks": [],
              "afterHooks": [],
              "tests": [
                {
                  "title": "should emit update:key event",
                  "fullTitle": "NodePyATVDeviceEvents applyStateAndEmitEvents() should emit update:key event",
                  "timedOut": false,
                  "duration": 5,
                  "state": "passed",
                  "speed": "fast",
                  "pass": true,
                  "fail": false,
                  "pending": false,
                  "context": null,
                  "code": "return __awaiter(this, void 0, void 0, function* () {\n    const device = new NodePyATVDevice({\n        name: 'My Testdevice',\n        host: '192.168.178.2',\n        spawn: createFakeSpawn(cp => {\n            cp.onStdIn(() => cp.end());\n            cp.stdout({\n                result: 'success',\n                title: 'My Movie'\n            });\n        })\n    });\n    yield new Promise(cb => {\n        device.once('update:title', event => {\n            assert.ok(event instanceof NodePyATVDeviceEvent);\n            assert.strictEqual(event.key, 'title');\n            assert.strictEqual(event.oldValue, null);\n            assert.strictEqual(event.newValue, 'My Movie');\n            assert.strictEqual(event.value, 'My Movie');\n            assert.deepStrictEqual(event.device, device);\n            cb(undefined);\n        });\n    });\n});",
                  "err": {},
                  "uuid": "cb8533b0-73b6-49ad-8932-0c85f316c7e6",
                  "parentUUID": "264703dd-0bf2-4233-a6de-9d84c7ec63ef",
                  "isHook": false,
                  "skipped": false
                },
                {
                  "title": "should emit update event",
                  "fullTitle": "NodePyATVDeviceEvents applyStateAndEmitEvents() should emit update event",
                  "timedOut": false,
                  "duration": 11,
                  "state": "passed",
                  "speed": "fast",
                  "pass": true,
                  "fail": false,
                  "pending": false,
                  "context": null,
                  "code": "return __awaiter(this, void 0, void 0, function* () {\n    const device = new NodePyATVDevice({\n        name: 'My Testdevice',\n        host: '192.168.178.2',\n        spawn: createFakeSpawn(cp => {\n            cp.onStdIn(() => cp.end());\n            cp.stdout({\n                result: 'success',\n                title: 'My Movie'\n            });\n        })\n    });\n    yield new Promise(cb => {\n        device.once('update', event => {\n            assert.ok(event instanceof NodePyATVDeviceEvent);\n            assert.strictEqual(event.key, 'title');\n            assert.strictEqual(event.oldValue, null);\n            assert.strictEqual(event.newValue, 'My Movie');\n            assert.strictEqual(event.value, 'My Movie');\n            assert.deepStrictEqual(event.device, device);\n            cb(undefined);\n        });\n    });\n});",
                  "err": {},
                  "uuid": "91a0470f-1ee2-499a-a3a8-b71722501cfb",
                  "parentUUID": "264703dd-0bf2-4233-a6de-9d84c7ec63ef",
                  "isHook": false,
                  "skipped": false
                },
                {
                  "title": "should emit update:key event before update",
                  "fullTitle": "NodePyATVDeviceEvents applyStateAndEmitEvents() should emit update:key event before update",
                  "timedOut": false,
                  "duration": 1,
                  "state": "passed",
                  "speed": "fast",
                  "pass": true,
                  "fail": false,
                  "pending": false,
                  "context": null,
                  "code": "return __awaiter(this, void 0, void 0, function* () {\n    const device = new NodePyATVDevice({\n        name: 'My Testdevice',\n        host: '192.168.178.2',\n        spawn: createFakeSpawn(cp => {\n            cp.onStdIn(() => cp.end());\n            cp.stdout({\n                result: 'success',\n                title: 'My Movie'\n            });\n        })\n    });\n    const sort = [];\n    yield Promise.race([\n        new Promise(cb => {\n            device.once('update', () => {\n                sort.push('update');\n                cb(undefined);\n            });\n        }),\n        new Promise(cb => {\n            device.once('update:title', () => {\n                sort.push('update:title');\n                cb(undefined);\n            });\n        })\n    ]);\n    assert.deepStrictEqual(sort, ['update:title', 'update']);\n});",
                  "err": {},
                  "uuid": "11331cf5-04d4-46f2-9a0a-75a27f95676d",
                  "parentUUID": "264703dd-0bf2-4233-a6de-9d84c7ec63ef",
                  "isHook": false,
                  "skipped": false
                },
                {
                  "title": "should emit error events on failures",
                  "fullTitle": "NodePyATVDeviceEvents applyStateAndEmitEvents() should emit error events on failures",
                  "timedOut": false,
                  "duration": 2,
                  "state": "passed",
                  "speed": "fast",
                  "pass": true,
                  "fail": false,
                  "pending": false,
                  "context": null,
                  "code": "return __awaiter(this, void 0, void 0, function* () {\n    const device = new NodePyATVDevice({\n        name: 'My Testdevice',\n        host: '192.168.178.2',\n        spawn: createFakeSpawn(cp => {\n            cp.onStdIn(() => cp.end());\n            cp.stdout({\n                result: 'failure',\n                datetime: '2021-11-24T21:13:36.424576+03:00',\n                exception: 'invalid credentials: 321',\n                stacktrace: 'Traceback (most recent call last):\\n  File \\\"/Users/free/Library/Python/3.8/lib/python/site-packages/pyatv/scripts/atvscript.py\\\", line 302, in appstart\\n    print(args.output(await _handle_command(args, abort_sem, loop)), flush=True)\\n  File \\\"/Users/free/Library/Python/3.8/lib/python/site-packages/pyatv/scripts/atvscript.py\\\", line 196, in _handle_command\\n    atv = await connect(config, loop, protocol=Protocol.MRP)\\n  File \\\"/Users/free/Library/Python/3.8/lib/python/site-packages/pyatv/__init__.py\\\", line 96, in connect\\n    for setup_data in proto_methods.setup(\\n  File \\\"/Users/free/Library/Python/3.8/lib/python/site-packages/pyatv/protocols/airplay/__init__.py\\\", line 192, in setup\\n    stream = AirPlayStream(config, service)\\n  File \\\"/Users/free/Library/Python/3.8/lib/python/site-packages/pyatv/protocols/airplay/__init__.py\\\", line 79, in __init__\\n    self._credentials: HapCredentials = parse_credentials(self.service.credentials)\\n  File \\\"/Users/free/Library/Python/3.8/lib/python/site-packages/pyatv/auth/hap_pairing.py\\\", line 139, in parse_credentials\\n    raise exceptions.InvalidCredentialsError(\\\"invalid credentials: \\\" + detail_string)\\npyatv.exceptions.InvalidCredentialsError: invalid credentials: 321\\n'\n            });\n        })\n    });\n    yield new Promise(cb => {\n        device.once('error', error => {\n            assert.ok(error instanceof Error);\n            assert.ok(error.toString().includes('invalid credentials: 321'));\n            cb(undefined);\n        });\n    });\n});",
                  "err": {},
                  "uuid": "81744231-8651-4e72-9ba1-0b1a76a69e77",
                  "parentUUID": "264703dd-0bf2-4233-a6de-9d84c7ec63ef",
                  "isHook": false,
                  "skipped": false
                },
                {
                  "title": "should not emit an update if new value is same as old one",
                  "fullTitle": "NodePyATVDeviceEvents applyStateAndEmitEvents() should not emit an update if new value is same as old one",
                  "timedOut": false,
                  "duration": 4,
                  "state": "passed",
                  "speed": "fast",
                  "pass": true,
                  "fail": false,
                  "pending": false,
                  "context": null,
                  "code": "return __awaiter(this, void 0, void 0, function* () {\n    let spawnCounter = 0;\n    let eventCounter = 0;\n    const device = new NodePyATVDevice({\n        name: 'My Testdevice',\n        host: '192.168.178.2',\n        spawn: createFakeSpawn(cp => {\n            if (spawnCounter === 0) {\n                cp.onStdIn(() => cp.end());\n            }\n            cp.stdout({\n                result: 'success',\n                title: 'My Movie'\n            });\n            spawnCounter++;\n            if (spawnCounter >= 2) {\n                cp.end();\n            }\n        })\n    });\n    const listener = () => {\n        eventCounter++;\n    };\n    device.on('update', listener);\n    yield new Promise(cb => setTimeout(cb, 0));\n    yield device.getState();\n    device.off('update', listener);\n    assert.strictEqual(spawnCounter, 2);\n    assert.strictEqual(eventCounter, 1);\n});",
                  "err": {},
                  "uuid": "62b18966-2509-4360-bca4-b4b2b8267bbc",
                  "parentUUID": "264703dd-0bf2-4233-a6de-9d84c7ec63ef",
                  "isHook": false,
                  "skipped": false
                },
                {
                  "title": "should emit error event if event listener throws an exception",
                  "fullTitle": "NodePyATVDeviceEvents applyStateAndEmitEvents() should emit error event if event listener throws an exception",
                  "timedOut": false,
                  "duration": 2,
                  "state": "passed",
                  "speed": "fast",
                  "pass": true,
                  "fail": false,
                  "pending": false,
                  "context": null,
                  "code": "return __awaiter(this, void 0, void 0, function* () {\n    const device = new NodePyATVDevice({\n        name: 'My Testdevice',\n        host: '192.168.178.2',\n        spawn: createFakeSpawn(cp => {\n            cp.onStdIn(() => cp.end());\n            cp.stdout({\n                result: 'success',\n                title: 'My Movie'\n            });\n        })\n    });\n    let callCounter = 0;\n    const error = new Error('This is an error. Be nice.');\n    device.once('error', err => {\n        assert.strictEqual(err, error);\n        callCounter++;\n    });\n    const listener = () => {\n        throw error;\n    };\n    device.on('update', listener);\n    yield new Promise(cb => setTimeout(cb, 0));\n    device.off('update', listener);\n    assert.strictEqual(callCounter, 1);\n});",
                  "err": {},
                  "uuid": "69b6e68e-78e2-4d23-a120-363a0fd48e4a",
                  "parentUUID": "264703dd-0bf2-4233-a6de-9d84c7ec63ef",
                  "isHook": false,
                  "skipped": false
                },
                {
                  "title": "should also work with powerState",
                  "fullTitle": "NodePyATVDeviceEvents applyStateAndEmitEvents() should also work with powerState",
                  "timedOut": false,
                  "duration": 2,
                  "state": "passed",
                  "speed": "fast",
                  "pass": true,
                  "fail": false,
                  "pending": false,
                  "context": null,
                  "code": "return __awaiter(this, void 0, void 0, function* () {\n    const device = new NodePyATVDevice({\n        name: 'My Testdevice',\n        host: '192.168.178.2',\n        spawn: createFakeSpawn(cp => {\n            cp.onStdIn(() => cp.end());\n            cp.stdout({\n                result: 'success',\n                datetime: new Date().toJSON(),\n                power_state: 'off'\n            });\n        })\n    });\n    yield new Promise(cb => {\n        device.once('update:powerState', event => {\n            assert.ok(event instanceof NodePyATVDeviceEvent);\n            assert.strictEqual(event.key, 'powerState');\n            assert.strictEqual(event.oldValue, null);\n            assert.strictEqual(event.newValue, 'off');\n            assert.strictEqual(event.newValue, NodePyATVPowerState.off);\n            assert.strictEqual(event.value, 'off');\n            assert.strictEqual(event.value, NodePyATVPowerState.off);\n            assert.deepStrictEqual(event.device, device);\n            cb(undefined);\n        });\n    });\n});",
                  "err": {},
                  "uuid": "584365a1-964c-455d-9843-df297e97b849",
                  "parentUUID": "264703dd-0bf2-4233-a6de-9d84c7ec63ef",
                  "isHook": false,
                  "skipped": false
                }
              ],
              "suites": [],
              "passes": [
                "cb8533b0-73b6-49ad-8932-0c85f316c7e6",
                "91a0470f-1ee2-499a-a3a8-b71722501cfb",
                "11331cf5-04d4-46f2-9a0a-75a27f95676d",
                "81744231-8651-4e72-9ba1-0b1a76a69e77",
                "62b18966-2509-4360-bca4-b4b2b8267bbc",
                "69b6e68e-78e2-4d23-a120-363a0fd48e4a",
                "584365a1-964c-455d-9843-df297e97b849"
              ],
              "failures": [],
              "pending": [],
              "skipped": [],
              "duration": 27,
              "root": false,
              "rootEmpty": false,
              "_timeout": 2000
            },
            {
              "uuid": "c47b2d84-9329-47e4-9afa-3b935e4f6b15",
              "title": "start|stopListening()",
              "fullFile": "/home/runner/work/node-pyatv/node-pyatv/test/device-events.ts",
              "file": "/test/device-events.ts",
              "beforeHooks": [],
              "afterHooks": [],
              "tests": [
                {
                  "title": "should emit error if spawn fails",
                  "fullTitle": "NodePyATVDeviceEvents start|stopListening() should emit error if spawn fails",
                  "timedOut": false,
                  "duration": 2,
                  "state": "passed",
                  "speed": "fast",
                  "pass": true,
                  "fail": false,
                  "pending": false,
                  "context": null,
                  "code": "return __awaiter(this, void 0, void 0, function* () {\n    const error = new Error();\n    const device = new NodePyATVDevice({\n        name: 'My Testdevice',\n        host: '192.168.178.2',\n        spawn: createFakeSpawn(cp => {\n            cp.error(error).end();\n        })\n    });\n    const listener = () => {\n        // empty listener\n    };\n    device.on('update', listener);\n    yield new Promise(cb => {\n        device.once('error', err => {\n            assert.strictEqual(err, error);\n            cb(undefined);\n        });\n    });\n    device.off('update', listener);\n});",
                  "err": {},
                  "uuid": "c882bf13-cbde-4fd7-8107-403d52738490",
                  "parentUUID": "c47b2d84-9329-47e4-9afa-3b935e4f6b15",
                  "isHook": false,
                  "skipped": false
                },
                {
                  "title": "should emit error on stderr data",
                  "fullTitle": "NodePyATVDeviceEvents start|stopListening() should emit error on stderr data",
                  "timedOut": false,
                  "duration": 1,
                  "state": "passed",
                  "speed": "fast",
                  "pass": true,
                  "fail": false,
                  "pending": false,
                  "context": null,
                  "code": "return __awaiter(this, void 0, void 0, function* () {\n    const device = new NodePyATVDevice({\n        name: 'My Testdevice',\n        host: '192.168.178.2',\n        spawn: createFakeSpawn(cp => {\n            cp.stderr('Hello World!').end();\n        })\n    });\n    const listener = () => {\n        // empty listener\n    };\n    device.on('update', listener);\n    yield new Promise(cb => {\n        device.once('error', err => {\n            assert.ok(err instanceof Error);\n            assert.ok(err.toString().includes('Got stderr output from pyatv: Hello World!'));\n            cb(undefined);\n        });\n    });\n    device.off('update', listener);\n});",
                  "err": {},
                  "uuid": "3ff763b2-608d-4f42-a1f4-f3512f072527",
                  "parentUUID": "c47b2d84-9329-47e4-9afa-3b935e4f6b15",
                  "isHook": false,
                  "skipped": false
                },
                {
                  "title": "should emit error if stdout is not valid json",
                  "fullTitle": "NodePyATVDeviceEvents start|stopListening() should emit error if stdout is not valid json",
                  "timedOut": false,
                  "duration": 1,
                  "state": "passed",
                  "speed": "fast",
                  "pass": true,
                  "fail": false,
                  "pending": false,
                  "context": null,
                  "code": "return __awaiter(this, void 0, void 0, function* () {\n    const device = new NodePyATVDevice({\n        name: 'My Testdevice',\n        host: '192.168.178.2',\n        spawn: createFakeSpawn(cp => {\n            cp.stdout('#').end();\n        })\n    });\n    const listener = () => {\n        // empty listener\n    };\n    device.on('update', listener);\n    yield new Promise(cb => {\n        device.once('error', err => {\n            assert.ok(err instanceof Error);\n            assert.ok(err.toString().includes('Unable to parse stdout json: SyntaxError: ' +\n                'Unexpected token # in JSON at position 0'));\n            cb(undefined);\n        });\n    });\n    device.off('update', listener);\n});",
                  "err": {},
                  "uuid": "d5f07d6a-17b9-4d15-8df1-c31cbf6f653d",
                  "parentUUID": "c47b2d84-9329-47e4-9afa-3b935e4f6b15",
                  "isHook": false,
                  "skipped": false
                },
                {
                  "title": "should restart the process if it gets killed",
                  "fullTitle": "NodePyATVDeviceEvents start|stopListening() should restart the process if it gets killed",
                  "timedOut": false,
                  "duration": 0,
                  "state": "pending",
                  "speed": null,
                  "pass": false,
                  "fail": false,
                  "pending": true,
                  "context": null,
                  "code": "",
                  "err": {},
                  "uuid": "1db04432-9583-48d6-ae72-75f4bf292b57",
                  "parentUUID": "c47b2d84-9329-47e4-9afa-3b935e4f6b15",
                  "isHook": false,
                  "skipped": false
                }
              ],
              "suites": [],
              "passes": [
                "c882bf13-cbde-4fd7-8107-403d52738490",
                "3ff763b2-608d-4f42-a1f4-f3512f072527",
                "d5f07d6a-17b9-4d15-8df1-c31cbf6f653d"
              ],
              "failures": [],
              "pending": [
                "1db04432-9583-48d6-ae72-75f4bf292b57"
              ],
              "skipped": [],
              "duration": 4,
              "root": false,
              "rootEmpty": false,
              "_timeout": 2000
            },
            {
              "uuid": "cceb3b55-faf5-4f17-8282-0a39898d6813",
              "title": "addListener() / removeAllListeners()",
              "fullFile": "/home/runner/work/node-pyatv/node-pyatv/test/device-events.ts",
              "file": "/test/device-events.ts",
              "beforeHooks": [],
              "afterHooks": [],
              "tests": [
                {
                  "title": "should work without any exceptions",
                  "fullTitle": "NodePyATVDeviceEvents addListener() / removeAllListeners() should work without any exceptions",
                  "timedOut": false,
                  "duration": 1,
                  "state": "passed",
                  "speed": "fast",
                  "pass": true,
                  "fail": false,
                  "pending": false,
                  "context": null,
                  "code": "return __awaiter(this, void 0, void 0, function* () {\n    const device = new NodePyATVDevice({\n        name: 'My Testdevice',\n        host: '192.168.178.2',\n        spawn: createFakeSpawn(cp => {\n            cp.onStdIn(() => cp.end());\n            cp.stdout({\n                result: 'success',\n                title: 'My Movie'\n            });\n        })\n    });\n    const listener = () => {\n        // empty listener\n    };\n    device.addListener('update', listener);\n    device.removeAllListeners('update');\n});",
                  "err": {},
                  "uuid": "daac0c5f-5cbf-4f1f-b692-36a6423a8e41",
                  "parentUUID": "cceb3b55-faf5-4f17-8282-0a39898d6813",
                  "isHook": false,
                  "skipped": false
                }
              ],
              "suites": [],
              "passes": [
                "daac0c5f-5cbf-4f1f-b692-36a6423a8e41"
              ],
              "failures": [],
              "pending": [],
              "skipped": [],
              "duration": 1,
              "root": false,
              "rootEmpty": false,
              "_timeout": 2000
            },
            {
              "uuid": "a82b4153-8f22-4328-b9d8-acfd181d3a14",
              "title": "emit()",
              "fullFile": "/home/runner/work/node-pyatv/node-pyatv/test/device-events.ts",
              "file": "/test/device-events.ts",
              "beforeHooks": [],
              "afterHooks": [],
              "tests": [
                {
                  "title": "should work",
                  "fullTitle": "NodePyATVDeviceEvents emit() should work",
                  "timedOut": false,
                  "duration": 1,
                  "state": "passed",
                  "speed": "fast",
                  "pass": true,
                  "fail": false,
                  "pending": false,
                  "context": null,
                  "code": "const device = new NodePyATVDevice({\n    name: 'My Testdevice',\n    host: '192.168.178.2',\n    spawn: createFakeSpawn(cp => {\n        cp.onStdIn(() => cp.end());\n    })\n});\nconst event = new NodePyATVDeviceEvent({\n    key: 'dateTime',\n    old: 'foo',\n    new: 'bar',\n    device\n});\nlet executions = 0;\ndevice.once('test', (e) => {\n    executions++;\n    assert.strictEqual(e, event);\n    assert.strictEqual(executions, 1);\n    done();\n});\ndevice.emit('test', event);",
                  "err": {},
                  "uuid": "24b2d731-e59d-451e-bfe1-5019b642ac2d",
                  "parentUUID": "a82b4153-8f22-4328-b9d8-acfd181d3a14",
                  "isHook": false,
                  "skipped": false
                }
              ],
              "suites": [],
              "passes": [
                "24b2d731-e59d-451e-bfe1-5019b642ac2d"
              ],
              "failures": [],
              "pending": [],
              "skipped": [],
              "duration": 1,
              "root": false,
              "rootEmpty": false,
              "_timeout": 2000
            },
            {
              "uuid": "83ed22b6-f136-4867-9b88-db3f23be3c8b",
              "title": "eventNames()",
              "fullFile": "/home/runner/work/node-pyatv/node-pyatv/test/device-events.ts",
              "file": "/test/device-events.ts",
              "beforeHooks": [],
              "afterHooks": [],
              "tests": [
                {
                  "title": "should work",
                  "fullTitle": "NodePyATVDeviceEvents eventNames() should work",
                  "timedOut": false,
                  "duration": 0,
                  "state": "passed",
                  "speed": "fast",
                  "pass": true,
                  "fail": false,
                  "pending": false,
                  "context": null,
                  "code": "const device = new NodePyATVDevice({\n    name: 'My Testdevice',\n    host: '192.168.178.2',\n    spawn: createFakeSpawn(cp => {\n        cp.onStdIn(() => cp.end());\n    })\n});\nconst listener = () => {\n    // ignore\n};\ndevice.on('test', listener);\nassert.deepStrictEqual(device.eventNames(), ['test']);\ndevice.off('test', listener);",
                  "err": {},
                  "uuid": "7a7cc1a7-678b-4aae-a359-5dac321bcf28",
                  "parentUUID": "83ed22b6-f136-4867-9b88-db3f23be3c8b",
                  "isHook": false,
                  "skipped": false
                }
              ],
              "suites": [],
              "passes": [
                "7a7cc1a7-678b-4aae-a359-5dac321bcf28"
              ],
              "failures": [],
              "pending": [],
              "skipped": [],
              "duration": 0,
              "root": false,
              "rootEmpty": false,
              "_timeout": 2000
            },
            {
              "uuid": "126dd9c4-d638-43ca-9bc1-e5671b6b5fb2",
              "title": "getMaxListeners()",
              "fullFile": "/home/runner/work/node-pyatv/node-pyatv/test/device-events.ts",
              "file": "/test/device-events.ts",
              "beforeHooks": [],
              "afterHooks": [],
              "tests": [
                {
                  "title": "should work",
                  "fullTitle": "NodePyATVDeviceEvents getMaxListeners() should work",
                  "timedOut": false,
                  "duration": 0,
                  "state": "passed",
                  "speed": "fast",
                  "pass": true,
                  "fail": false,
                  "pending": false,
                  "context": null,
                  "code": "const device = new NodePyATVDevice({\n    name: 'My Testdevice',\n    host: '192.168.178.2',\n    spawn: createFakeSpawn(cp => {\n        cp.onStdIn(() => cp.end());\n    })\n});\nconst result = device.getMaxListeners();\nassert.ok(typeof result, 'number');\nassert.ok(result >= 10);",
                  "err": {},
                  "uuid": "b92e2350-4003-4c5f-a184-8e10e18d6f3b",
                  "parentUUID": "126dd9c4-d638-43ca-9bc1-e5671b6b5fb2",
                  "isHook": false,
                  "skipped": false
                }
              ],
              "suites": [],
              "passes": [
                "b92e2350-4003-4c5f-a184-8e10e18d6f3b"
              ],
              "failures": [],
              "pending": [],
              "skipped": [],
              "duration": 0,
              "root": false,
              "rootEmpty": false,
              "_timeout": 2000
            },
            {
              "uuid": "1d637032-b6a9-4d96-8346-c7fd8e96e932",
              "title": "listenerCount()",
              "fullFile": "/home/runner/work/node-pyatv/node-pyatv/test/device-events.ts",
              "file": "/test/device-events.ts",
              "beforeHooks": [],
              "afterHooks": [],
              "tests": [
                {
                  "title": "should work",
                  "fullTitle": "NodePyATVDeviceEvents listenerCount() should work",
                  "timedOut": false,
                  "duration": 0,
                  "state": "passed",
                  "speed": "fast",
                  "pass": true,
                  "fail": false,
                  "pending": false,
                  "context": null,
                  "code": "const device = new NodePyATVDevice({\n    name: 'My Testdevice',\n    host: '192.168.178.2',\n    spawn: createFakeSpawn(cp => {\n        cp.onStdIn(() => cp.end());\n    })\n});\nconst listener = () => {\n    // ignore\n};\nassert.deepStrictEqual(device.listenerCount('test'), 0);\ndevice.on('test', listener);\nassert.deepStrictEqual(device.listenerCount('test'), 1);\ndevice.off('test', listener);",
                  "err": {},
                  "uuid": "354095a5-f3bc-40aa-a389-3729de41a73b",
                  "parentUUID": "1d637032-b6a9-4d96-8346-c7fd8e96e932",
                  "isHook": false,
                  "skipped": false
                }
              ],
              "suites": [],
              "passes": [
                "354095a5-f3bc-40aa-a389-3729de41a73b"
              ],
              "failures": [],
              "pending": [],
              "skipped": [],
              "duration": 0,
              "root": false,
              "rootEmpty": false,
              "_timeout": 2000
            },
            {
              "uuid": "afa75a30-d6d9-465e-8a45-cc5e96015ec7",
              "title": "listeners()",
              "fullFile": "/home/runner/work/node-pyatv/node-pyatv/test/device-events.ts",
              "file": "/test/device-events.ts",
              "beforeHooks": [],
              "afterHooks": [],
              "tests": [
                {
                  "title": "should work",
                  "fullTitle": "NodePyATVDeviceEvents listeners() should work",
                  "timedOut": false,
                  "duration": 0,
                  "state": "passed",
                  "speed": "fast",
                  "pass": true,
                  "fail": false,
                  "pending": false,
                  "context": null,
                  "code": "const device = new NodePyATVDevice({\n    name: 'My Testdevice',\n    host: '192.168.178.2',\n    spawn: createFakeSpawn(cp => {\n        cp.onStdIn(() => cp.end());\n    })\n});\nconst listener = () => {\n    // ignore\n};\nassert.deepStrictEqual(device.listeners('test').length, 0);\ndevice.on('test', listener);\nassert.deepStrictEqual(device.listeners('test').length, 1);\nassert.deepStrictEqual(device.listeners('test')[0], listener);\ndevice.off('test', listener);",
                  "err": {},
                  "uuid": "0b0eb91b-fca8-4fae-b332-236a94270e9b",
                  "parentUUID": "afa75a30-d6d9-465e-8a45-cc5e96015ec7",
                  "isHook": false,
                  "skipped": false
                }
              ],
              "suites": [],
              "passes": [
                "0b0eb91b-fca8-4fae-b332-236a94270e9b"
              ],
              "failures": [],
              "pending": [],
              "skipped": [],
              "duration": 0,
              "root": false,
              "rootEmpty": false,
              "_timeout": 2000
            },
            {
              "uuid": "21c5cc89-bad0-489b-baff-a5ecc2ae35fd",
              "title": "prependListener()",
              "fullFile": "/home/runner/work/node-pyatv/node-pyatv/test/device-events.ts",
              "file": "/test/device-events.ts",
              "beforeHooks": [],
              "afterHooks": [],
              "tests": [
                {
                  "title": "should work",
                  "fullTitle": "NodePyATVDeviceEvents prependListener() should work",
                  "timedOut": false,
                  "duration": 2,
                  "state": "passed",
                  "speed": "fast",
                  "pass": true,
                  "fail": false,
                  "pending": false,
                  "context": null,
                  "code": "const device = new NodePyATVDevice({\n    name: 'My Testdevice',\n    host: '192.168.178.2',\n    spawn: createFakeSpawn(cp => {\n        cp.onStdIn(() => cp.end());\n        cp.stdout({\n            result: 'success',\n            title: 'My Movie'\n        });\n    })\n});\nconst listener = () => {\n    device.removeAllListeners('update');\n    done();\n};\ndevice.prependListener('update', listener);",
                  "err": {},
                  "uuid": "dd94cc97-665f-48df-affc-cda3b91da510",
                  "parentUUID": "21c5cc89-bad0-489b-baff-a5ecc2ae35fd",
                  "isHook": false,
                  "skipped": false
                }
              ],
              "suites": [],
              "passes": [
                "dd94cc97-665f-48df-affc-cda3b91da510"
              ],
              "failures": [],
              "pending": [],
              "skipped": [],
              "duration": 2,
              "root": false,
              "rootEmpty": false,
              "_timeout": 2000
            },
            {
              "uuid": "18e61561-6e37-4bb8-a52a-792a34118317",
              "title": "prependOnceListener()",
              "fullFile": "/home/runner/work/node-pyatv/node-pyatv/test/device-events.ts",
              "file": "/test/device-events.ts",
              "beforeHooks": [],
              "afterHooks": [],
              "tests": [
                {
                  "title": "should work",
                  "fullTitle": "NodePyATVDeviceEvents prependOnceListener() should work",
                  "timedOut": false,
                  "duration": 2,
                  "state": "passed",
                  "speed": "fast",
                  "pass": true,
                  "fail": false,
                  "pending": false,
                  "context": null,
                  "code": "const device = new NodePyATVDevice({\n    name: 'My Testdevice',\n    host: '192.168.178.2',\n    spawn: createFakeSpawn(cp => {\n        cp.onStdIn(() => cp.end());\n        cp.stdout({\n            result: 'success',\n            title: 'My Movie'\n        });\n    })\n});\ndevice.prependOnceListener('update', () => done());",
                  "err": {},
                  "uuid": "e7ab7b87-1b38-4a60-a443-2c184408ce6d",
                  "parentUUID": "18e61561-6e37-4bb8-a52a-792a34118317",
                  "isHook": false,
                  "skipped": false
                }
              ],
              "suites": [],
              "passes": [
                "e7ab7b87-1b38-4a60-a443-2c184408ce6d"
              ],
              "failures": [],
              "pending": [],
              "skipped": [],
              "duration": 2,
              "root": false,
              "rootEmpty": false,
              "_timeout": 2000
            },
            {
              "uuid": "502892ba-8a14-4bb3-b25b-14b299e1177d",
              "title": "rawListeners()",
              "fullFile": "/home/runner/work/node-pyatv/node-pyatv/test/device-events.ts",
              "file": "/test/device-events.ts",
              "beforeHooks": [],
              "afterHooks": [],
              "tests": [
                {
                  "title": "should work",
                  "fullTitle": "NodePyATVDeviceEvents rawListeners() should work",
                  "timedOut": false,
                  "duration": 0,
                  "state": "passed",
                  "speed": "fast",
                  "pass": true,
                  "fail": false,
                  "pending": false,
                  "context": null,
                  "code": "const device = new NodePyATVDevice({\n    name: 'My Testdevice',\n    host: '192.168.178.2',\n    spawn: createFakeSpawn(cp => {\n        cp.onStdIn(() => cp.end());\n    })\n});\nconst listener = () => {\n    // ignore\n};\nassert.deepStrictEqual(device.rawListeners('test').length, 0);\ndevice.on('test', listener);\nassert.deepStrictEqual(device.rawListeners('test').length, 1);\nassert.deepStrictEqual(device.rawListeners('test')[0], listener);\ndevice.off('test', listener);",
                  "err": {},
                  "uuid": "65fd7c96-a594-42e0-b09c-52b1dbaf037a",
                  "parentUUID": "502892ba-8a14-4bb3-b25b-14b299e1177d",
                  "isHook": false,
                  "skipped": false
                }
              ],
              "suites": [],
              "passes": [
                "65fd7c96-a594-42e0-b09c-52b1dbaf037a"
              ],
              "failures": [],
              "pending": [],
              "skipped": [],
              "duration": 0,
              "root": false,
              "rootEmpty": false,
              "_timeout": 2000
            },
            {
              "uuid": "4368bd93-0b82-48f8-adb6-45ceacb9b626",
              "title": "removeListener()",
              "fullFile": "/home/runner/work/node-pyatv/node-pyatv/test/device-events.ts",
              "file": "/test/device-events.ts",
              "beforeHooks": [],
              "afterHooks": [],
              "tests": [
                {
                  "title": "should work without any exceptions",
                  "fullTitle": "NodePyATVDeviceEvents removeListener() should work without any exceptions",
                  "timedOut": false,
                  "duration": 0,
                  "state": "passed",
                  "speed": "fast",
                  "pass": true,
                  "fail": false,
                  "pending": false,
                  "context": null,
                  "code": "return __awaiter(this, void 0, void 0, function* () {\n    const device = new NodePyATVDevice({\n        name: 'My Testdevice',\n        host: '192.168.178.2',\n        spawn: createFakeSpawn(cp => {\n            cp.onStdIn(() => cp.end());\n            cp.stdout({\n                result: 'success',\n                title: 'My Movie'\n            });\n        })\n    });\n    const listener = () => {\n        // empty listener\n    };\n    device.addListener('update', listener);\n    assert.deepStrictEqual(device.listenerCount('update'), 1);\n    device.removeListener('update', listener);\n    assert.deepStrictEqual(device.listenerCount('update'), 0);\n});",
                  "err": {},
                  "uuid": "59eeed9c-4e89-4475-bdf8-57e60df9e1fd",
                  "parentUUID": "4368bd93-0b82-48f8-adb6-45ceacb9b626",
                  "isHook": false,
                  "skipped": false
                }
              ],
              "suites": [],
              "passes": [
                "59eeed9c-4e89-4475-bdf8-57e60df9e1fd"
              ],
              "failures": [],
              "pending": [],
              "skipped": [],
              "duration": 0,
              "root": false,
              "rootEmpty": false,
              "_timeout": 2000
            }
          ],
          "passes": [],
          "failures": [],
          "pending": [],
          "skipped": [],
          "duration": 0,
          "root": false,
          "rootEmpty": false,
          "_timeout": 2000
        },
        {
          "uuid": "ac63599e-4ffd-46cc-a759-68501251cacf",
          "title": "NodePyATVDevice",
          "fullFile": "/home/runner/work/node-pyatv/node-pyatv/test/device.ts",
          "file": "/test/device.ts",
          "beforeHooks": [],
          "afterHooks": [],
          "tests": [],
          "suites": [
            {
              "uuid": "7139b7aa-f6a3-4949-9c55-6ef385c4985c",
              "title": "get name()",
              "fullFile": "/home/runner/work/node-pyatv/node-pyatv/test/device.ts",
              "file": "/test/device.ts",
              "beforeHooks": [],
              "afterHooks": [],
              "tests": [
                {
                  "title": "should return the name",
                  "fullTitle": "NodePyATVDevice get name() should return the name",
                  "timedOut": false,
                  "duration": 0,
                  "state": "passed",
                  "speed": "fast",
                  "pass": true,
                  "fail": false,
                  "pending": false,
                  "context": null,
                  "code": "const device = new NodePyATVDevice({\n    name: 'My Testdevice',\n    host: '192.168.178.2'\n});\nassert.strictEqual(device.name, 'My Testdevice');",
                  "err": {},
                  "uuid": "3a101790-4f10-4635-abaa-727d8db6c974",
                  "parentUUID": "7139b7aa-f6a3-4949-9c55-6ef385c4985c",
                  "isHook": false,
                  "skipped": false
                }
              ],
              "suites": [],
              "passes": [
                "3a101790-4f10-4635-abaa-727d8db6c974"
              ],
              "failures": [],
              "pending": [],
              "skipped": [],
              "duration": 0,
              "root": false,
              "rootEmpty": false,
              "_timeout": 2000
            },
            {
              "uuid": "ca2e5dea-bcd0-40f5-9f94-a9647f153c8a",
              "title": "get host()",
              "fullFile": "/home/runner/work/node-pyatv/node-pyatv/test/device.ts",
              "file": "/test/device.ts",
              "beforeHooks": [],
              "afterHooks": [],
              "tests": [
                {
                  "title": "should return the host",
                  "fullTitle": "NodePyATVDevice get host() should return the host",
                  "timedOut": false,
                  "duration": 0,
                  "state": "passed",
                  "speed": "fast",
                  "pass": true,
                  "fail": false,
                  "pending": false,
                  "context": null,
                  "code": "const device = new NodePyATVDevice({\n    name: 'My Testdevice',\n    host: '192.168.178.2'\n});\nassert.strictEqual(device.host, '192.168.178.2');",
                  "err": {},
                  "uuid": "91418d66-11f1-4c1b-bd06-7f1f90c3aa7a",
                  "parentUUID": "ca2e5dea-bcd0-40f5-9f94-a9647f153c8a",
                  "isHook": false,
                  "skipped": false
                }
              ],
              "suites": [],
              "passes": [
                "91418d66-11f1-4c1b-bd06-7f1f90c3aa7a"
              ],
              "failures": [],
              "pending": [],
              "skipped": [],
              "duration": 0,
              "root": false,
              "rootEmpty": false,
              "_timeout": 2000
            },
            {
              "uuid": "28db3bf1-9abb-40bd-86ec-35346d67e879",
              "title": "get id()",
              "fullFile": "/home/runner/work/node-pyatv/node-pyatv/test/device.ts",
              "file": "/test/device.ts",
              "beforeHooks": [],
              "afterHooks": [],
              "tests": [
                {
                  "title": "should return the id",
                  "fullTitle": "NodePyATVDevice get id() should return the id",
                  "timedOut": false,
                  "duration": 0,
                  "state": "passed",
                  "speed": "fast",
                  "pass": true,
                  "fail": false,
                  "pending": false,
                  "context": null,
                  "code": "const device = new NodePyATVDevice({\n    name: 'My Testdevice',\n    host: '192.168.178.2',\n    id: '*****'\n});\nassert.strictEqual(device.id, '*****');",
                  "err": {},
                  "uuid": "bd8dd0ab-a649-4228-a49f-87ec8d681c16",
                  "parentUUID": "28db3bf1-9abb-40bd-86ec-35346d67e879",
                  "isHook": false,
                  "skipped": false
                }
              ],
              "suites": [],
              "passes": [
                "bd8dd0ab-a649-4228-a49f-87ec8d681c16"
              ],
              "failures": [],
              "pending": [],
              "skipped": [],
              "duration": 0,
              "root": false,
              "rootEmpty": false,
              "_timeout": 2000
            },
            {
              "uuid": "83939874-320a-49e3-9876-1a059c1b384f",
              "title": "get protocol()",
              "fullFile": "/home/runner/work/node-pyatv/node-pyatv/test/device.ts",
              "file": "/test/device.ts",
              "beforeHooks": [],
              "afterHooks": [],
              "tests": [
                {
                  "title": "should return the protocol",
                  "fullTitle": "NodePyATVDevice get protocol() should return the protocol",
                  "timedOut": false,
                  "duration": 1,
                  "state": "passed",
                  "speed": "fast",
                  "pass": true,
                  "fail": false,
                  "pending": false,
                  "context": null,
                  "code": "const device = new NodePyATVDevice({\n    name: 'My Testdevice',\n    host: '192.168.178.2',\n    protocol: NodePyATVProtocol.airplay\n});\nassert.strictEqual(device.protocol, NodePyATVProtocol.airplay);",
                  "err": {},
                  "uuid": "5ae6a087-6a77-4caf-a1ec-5cbc973a9442",
                  "parentUUID": "83939874-320a-49e3-9876-1a059c1b384f",
                  "isHook": false,
                  "skipped": false
                }
              ],
              "suites": [],
              "passes": [
                "5ae6a087-6a77-4caf-a1ec-5cbc973a9442"
              ],
              "failures": [],
              "pending": [],
              "skipped": [],
              "duration": 1,
              "root": false,
              "rootEmpty": false,
              "_timeout": 2000
            },
            {
              "uuid": "e25a5132-b250-47d9-baea-8f777dea6300",
              "title": "get model()",
              "fullFile": "/home/runner/work/node-pyatv/node-pyatv/test/device.ts",
              "file": "/test/device.ts",
              "beforeHooks": [],
              "afterHooks": [],
              "tests": [
                {
                  "title": "should return the model if set by scan",
                  "fullTitle": "NodePyATVDevice get model() should return the model if set by scan",
                  "timedOut": false,
                  "duration": 0,
                  "state": "passed",
                  "speed": "fast",
                  "pass": true,
                  "fail": false,
                  "pending": false,
                  "context": null,
                  "code": "const device = new NodePyATVDevice({\n    name: 'Vardagsrum',\n    host: '10.0.10.81',\n    id: 'xxx',\n    model: 'Gen4K'\n});\nassert.strictEqual(device.model, 'Gen4K');",
                  "err": {},
                  "uuid": "f58f1297-3b43-4bea-8d5f-6c598339cf16",
                  "parentUUID": "e25a5132-b250-47d9-baea-8f777dea6300",
                  "isHook": false,
                  "skipped": false
                },
                {
                  "title": "should return undefined otherwise",
                  "fullTitle": "NodePyATVDevice get model() should return undefined otherwise",
                  "timedOut": false,
                  "duration": 0,
                  "state": "passed",
                  "speed": "fast",
                  "pass": true,
                  "fail": false,
                  "pending": false,
                  "context": null,
                  "code": "const device = new NodePyATVDevice({\n    name: 'Vardagsrum',\n    host: '10.0.10.81'\n});\nassert.strictEqual(device.model, undefined);",
                  "err": {},
                  "uuid": "e38d9062-1774-40c6-91eb-c2fcbfa8c33c",
                  "parentUUID": "e25a5132-b250-47d9-baea-8f777dea6300",
                  "isHook": false,
                  "skipped": false
                }
              ],
              "suites": [],
              "passes": [
                "f58f1297-3b43-4bea-8d5f-6c598339cf16",
                "e38d9062-1774-40c6-91eb-c2fcbfa8c33c"
              ],
              "failures": [],
              "pending": [],
              "skipped": [],
              "duration": 0,
              "root": false,
              "rootEmpty": false,
              "_timeout": 2000
            },
            {
              "uuid": "9fa54bb0-c0d2-4bb8-96ac-2eb3f8e98158",
              "title": "get modelName()",
              "fullFile": "/home/runner/work/node-pyatv/node-pyatv/test/device.ts",
              "file": "/test/device.ts",
              "beforeHooks": [],
              "afterHooks": [],
              "tests": [
                {
                  "title": "should return the model name if set by scan",
                  "fullTitle": "NodePyATVDevice get modelName() should return the model name if set by scan",
                  "timedOut": false,
                  "duration": 0,
                  "state": "passed",
                  "speed": "fast",
                  "pass": true,
                  "fail": false,
                  "pending": false,
                  "context": null,
                  "code": "const device = new NodePyATVDevice({\n    name: 'Vardagsrum',\n    host: '10.0.10.81',\n    id: 'xxx',\n    modelName: 'Apple TV 4K'\n});\nassert.strictEqual(device.modelName, 'Apple TV 4K');",
                  "err": {},
                  "uuid": "d2ca67cf-453b-4d53-a7cd-883805bb877f",
                  "parentUUID": "9fa54bb0-c0d2-4bb8-96ac-2eb3f8e98158",
                  "isHook": false,
                  "skipped": false
                },
                {
                  "title": "should return undefined otherwise",
                  "fullTitle": "NodePyATVDevice get modelName() should return undefined otherwise",
                  "timedOut": false,
                  "duration": 0,
                  "state": "passed",
                  "speed": "fast",
                  "pass": true,
                  "fail": false,
                  "pending": false,
                  "context": null,
                  "code": "const device = new NodePyATVDevice({\n    name: 'Vardagsrum',\n    host: '10.0.10.81'\n});\nassert.strictEqual(device.modelName, undefined);",
                  "err": {},
                  "uuid": "18d36004-5c66-4ff9-b801-e4421645f089",
                  "parentUUID": "9fa54bb0-c0d2-4bb8-96ac-2eb3f8e98158",
                  "isHook": false,
                  "skipped": false
                }
              ],
              "suites": [],
              "passes": [
                "d2ca67cf-453b-4d53-a7cd-883805bb877f",
                "18d36004-5c66-4ff9-b801-e4421645f089"
              ],
              "failures": [],
              "pending": [],
              "skipped": [],
              "duration": 0,
              "root": false,
              "rootEmpty": false,
              "_timeout": 2000
            },
            {
              "uuid": "dee77f52-0e96-4cfd-82d2-b6c2fb9e0925",
              "title": "get os()",
              "fullFile": "/home/runner/work/node-pyatv/node-pyatv/test/device.ts",
              "file": "/test/device.ts",
              "beforeHooks": [],
              "afterHooks": [],
              "tests": [
                {
                  "title": "should return the operating system if set by scan",
                  "fullTitle": "NodePyATVDevice get os() should return the operating system if set by scan",
                  "timedOut": false,
                  "duration": 0,
                  "state": "passed",
                  "speed": "fast",
                  "pass": true,
                  "fail": false,
                  "pending": false,
                  "context": null,
                  "code": "const device = new NodePyATVDevice({\n    name: 'Vardagsrum',\n    host: '10.0.10.81',\n    id: 'xxx',\n    os: 'TvOS'\n});\nassert.strictEqual(device.os, 'TvOS');",
                  "err": {},
                  "uuid": "2123ed0f-04b9-4299-8f04-b4b747c20b44",
                  "parentUUID": "dee77f52-0e96-4cfd-82d2-b6c2fb9e0925",
                  "isHook": false,
                  "skipped": false
                },
                {
                  "title": "should return undefined otherwise",
                  "fullTitle": "NodePyATVDevice get os() should return undefined otherwise",
                  "timedOut": false,
                  "duration": 0,
                  "state": "passed",
                  "speed": "fast",
                  "pass": true,
                  "fail": false,
                  "pending": false,
                  "context": null,
                  "code": "const device = new NodePyATVDevice({\n    name: 'Vardagsrum',\n    host: '10.0.10.81'\n});\nassert.strictEqual(device.os, undefined);",
                  "err": {},
                  "uuid": "b5b8beb3-a06f-4b59-b36f-e0c23af12cff",
                  "parentUUID": "dee77f52-0e96-4cfd-82d2-b6c2fb9e0925",
                  "isHook": false,
                  "skipped": false
                }
              ],
              "suites": [],
              "passes": [
                "2123ed0f-04b9-4299-8f04-b4b747c20b44",
                "b5b8beb3-a06f-4b59-b36f-e0c23af12cff"
              ],
              "failures": [],
              "pending": [],
              "skipped": [],
              "duration": 0,
              "root": false,
              "rootEmpty": false,
              "_timeout": 2000
            },
            {
              "uuid": "5f53862b-633b-4bd5-8560-120d27b5435f",
              "title": "get version()",
              "fullFile": "/home/runner/work/node-pyatv/node-pyatv/test/device.ts",
              "file": "/test/device.ts",
              "beforeHooks": [],
              "afterHooks": [],
              "tests": [
                {
                  "title": "should return the version if set by scan",
                  "fullTitle": "NodePyATVDevice get version() should return the version if set by scan",
                  "timedOut": false,
                  "duration": 1,
                  "state": "passed",
                  "speed": "fast",
                  "pass": true,
                  "fail": false,
                  "pending": false,
                  "context": null,
                  "code": "const device = new NodePyATVDevice({\n    name: 'Vardagsrum',\n    host: '10.0.10.81',\n    id: 'xxx',\n    version: '15.5.1'\n});\nassert.strictEqual(device.version, '15.5.1');",
                  "err": {},
                  "uuid": "448a8357-eee4-4501-b1b9-449c51947857",
                  "parentUUID": "5f53862b-633b-4bd5-8560-120d27b5435f",
                  "isHook": false,
                  "skipped": false
                },
                {
                  "title": "should return undefined otherwise",
                  "fullTitle": "NodePyATVDevice get version() should return undefined otherwise",
                  "timedOut": false,
                  "duration": 0,
                  "state": "passed",
                  "speed": "fast",
                  "pass": true,
                  "fail": false,
                  "pending": false,
                  "context": null,
                  "code": "const device = new NodePyATVDevice({\n    name: 'Vardagsrum',\n    host: '10.0.10.81'\n});\nassert.strictEqual(device.version, undefined);",
                  "err": {},
                  "uuid": "97b49dfd-c9f0-43dd-8f27-51ff599bd38a",
                  "parentUUID": "5f53862b-633b-4bd5-8560-120d27b5435f",
                  "isHook": false,
                  "skipped": false
                }
              ],
              "suites": [],
              "passes": [
                "448a8357-eee4-4501-b1b9-449c51947857",
                "97b49dfd-c9f0-43dd-8f27-51ff599bd38a"
              ],
              "failures": [],
              "pending": [],
              "skipped": [],
              "duration": 1,
              "root": false,
              "rootEmpty": false,
              "_timeout": 2000
            },
            {
              "uuid": "1c25aad6-73f3-4f89-b599-b8c6c418f958",
              "title": "get services()",
              "fullFile": "/home/runner/work/node-pyatv/node-pyatv/test/device.ts",
              "file": "/test/device.ts",
              "beforeHooks": [],
              "afterHooks": [],
              "tests": [
                {
                  "title": "should return the services if set by scan",
                  "fullTitle": "NodePyATVDevice get services() should return the services if set by scan",
                  "timedOut": false,
                  "duration": 0,
                  "state": "passed",
                  "speed": "fast",
                  "pass": true,
                  "fail": false,
                  "pending": false,
                  "context": null,
                  "code": "const device = new NodePyATVDevice({\n    name: 'Vardagsrum',\n    host: '10.0.10.81',\n    id: 'xxx',\n    services: [\n        {\n            protocol: NodePyATVProtocol.mrp,\n            port: 49152\n        },\n        {\n            protocol: NodePyATVProtocol.airplay,\n            port: 7000\n        }\n    ]\n});\nassert.deepStrictEqual(device.services, [\n    {\n        protocol: 'mrp',\n        port: 49152\n    },\n    {\n        protocol: 'airplay',\n        port: 7000\n    }\n]);",
                  "err": {},
                  "uuid": "0483b960-1760-4eee-808e-7c8add3f6d14",
                  "parentUUID": "1c25aad6-73f3-4f89-b599-b8c6c418f958",
                  "isHook": false,
                  "skipped": false
                },
                {
                  "title": "should return undefined otherwise",
                  "fullTitle": "NodePyATVDevice get services() should return undefined otherwise",
                  "timedOut": false,
                  "duration": 0,
                  "state": "passed",
                  "speed": "fast",
                  "pass": true,
                  "fail": false,
                  "pending": false,
                  "context": null,
                  "code": "const device = new NodePyATVDevice({\n    name: 'Vardagsrum',\n    host: '10.0.10.81'\n});\nassert.strictEqual(device.services, undefined);",
                  "err": {},
                  "uuid": "312e18d7-fa85-4974-95dc-f077c8564d8f",
                  "parentUUID": "1c25aad6-73f3-4f89-b599-b8c6c418f958",
                  "isHook": false,
                  "skipped": false
                }
              ],
              "suites": [],
              "passes": [
                "0483b960-1760-4eee-808e-7c8add3f6d14",
                "312e18d7-fa85-4974-95dc-f077c8564d8f"
              ],
              "failures": [],
              "pending": [],
              "skipped": [],
              "duration": 0,
              "root": false,
              "rootEmpty": false,
              "_timeout": 2000
            },
            {
              "uuid": "75c75674-1d8b-40a7-8a62-0fdf9437a200",
              "title": "get debug()",
              "fullFile": "/home/runner/work/node-pyatv/node-pyatv/test/device.ts",
              "file": "/test/device.ts",
              "beforeHooks": [],
              "afterHooks": [],
              "tests": [
                {
                  "title": "should return true if set to true",
                  "fullTitle": "NodePyATVDevice get debug() should return true if set to true",
                  "timedOut": false,
                  "duration": 0,
                  "state": "passed",
                  "speed": "fast",
                  "pass": true,
                  "fail": false,
                  "pending": false,
                  "context": null,
                  "code": "const device = new NodePyATVDevice({\n    name: 'My Testdevice',\n    host: '192.168.178.2',\n    debug: true\n});\nassert.strictEqual(device.debug, true);",
                  "err": {},
                  "uuid": "dd06dfe9-e89c-4228-bfb1-0aa300fd1356",
                  "parentUUID": "75c75674-1d8b-40a7-8a62-0fdf9437a200",
                  "isHook": false,
                  "skipped": false
                },
                {
                  "title": "should return fn if set to custom function",
                  "fullTitle": "NodePyATVDevice get debug() should return fn if set to custom function",
                  "timedOut": false,
                  "duration": 0,
                  "state": "passed",
                  "speed": "fast",
                  "pass": true,
                  "fail": false,
                  "pending": false,
                  "context": null,
                  "code": "// eslint-disable-next-line @typescript-eslint/no-empty-function\nconst fn = () => {\n};\nconst device = new NodePyATVDevice({\n    name: 'My Testdevice',\n    host: '192.168.178.2',\n    debug: fn\n});\nassert.strictEqual(device.debug, fn);",
                  "err": {},
                  "uuid": "a854f32d-074d-4293-8a06-40ff4410f10f",
                  "parentUUID": "75c75674-1d8b-40a7-8a62-0fdf9437a200",
                  "isHook": false,
                  "skipped": false
                },
                {
                  "title": "should return false if unset",
                  "fullTitle": "NodePyATVDevice get debug() should return false if unset",
                  "timedOut": false,
                  "duration": 0,
                  "state": "passed",
                  "speed": "fast",
                  "pass": true,
                  "fail": false,
                  "pending": false,
                  "context": null,
                  "code": "const device = new NodePyATVDevice({\n    name: 'My Testdevice',\n    host: '192.168.178.2'\n});\nassert.strictEqual(device.debug, undefined);",
                  "err": {},
                  "uuid": "17750499-4628-40b5-9bfe-b0d2283ab863",
                  "parentUUID": "75c75674-1d8b-40a7-8a62-0fdf9437a200",
                  "isHook": false,
                  "skipped": false
                }
              ],
              "suites": [],
              "passes": [
                "dd06dfe9-e89c-4228-bfb1-0aa300fd1356",
                "a854f32d-074d-4293-8a06-40ff4410f10f",
                "17750499-4628-40b5-9bfe-b0d2283ab863"
              ],
              "failures": [],
              "pending": [],
              "skipped": [],
              "duration": 0,
              "root": false,
              "rootEmpty": false,
              "_timeout": 2000
            },
            {
              "uuid": "8586ad4c-fc2c-4079-9d03-b3bfbee4ed32",
              "title": "set debug()",
              "fullFile": "/home/runner/work/node-pyatv/node-pyatv/test/device.ts",
              "file": "/test/device.ts",
              "beforeHooks": [],
              "afterHooks": [],
              "tests": [
                {
                  "title": "should work for debug = true",
                  "fullTitle": "NodePyATVDevice set debug() should work for debug = true",
                  "timedOut": false,
                  "duration": 0,
                  "state": "passed",
                  "speed": "fast",
                  "pass": true,
                  "fail": false,
                  "pending": false,
                  "context": null,
                  "code": "const device = new NodePyATVDevice({\n    name: 'My Testdevice',\n    host: '192.168.178.2'\n});\nassert.strictEqual(device.debug, undefined);\ndevice.debug = true;\nassert.strictEqual(device.debug, true);",
                  "err": {},
                  "uuid": "69c5f27d-a923-437f-a170-a92f82335ebf",
                  "parentUUID": "8586ad4c-fc2c-4079-9d03-b3bfbee4ed32",
                  "isHook": false,
                  "skipped": false
                },
                {
                  "title": "should work for debug = undefined",
                  "fullTitle": "NodePyATVDevice set debug() should work for debug = undefined",
                  "timedOut": false,
                  "duration": 0,
                  "state": "passed",
                  "speed": "fast",
                  "pass": true,
                  "fail": false,
                  "pending": false,
                  "context": null,
                  "code": "const device = new NodePyATVDevice({\n    name: 'My Testdevice',\n    host: '192.168.178.2',\n    debug: true\n});\nassert.strictEqual(device.debug, true);\ndevice.debug = undefined;\nassert.strictEqual(device.debug, undefined);",
                  "err": {},
                  "uuid": "ade86808-fdb4-4c9f-af00-2d83f794df9a",
                  "parentUUID": "8586ad4c-fc2c-4079-9d03-b3bfbee4ed32",
                  "isHook": false,
                  "skipped": false
                },
                {
                  "title": "should work for debug = undefined",
                  "fullTitle": "NodePyATVDevice set debug() should work for debug = undefined",
                  "timedOut": false,
                  "duration": 0,
                  "state": "passed",
                  "speed": "fast",
                  "pass": true,
                  "fail": false,
                  "pending": false,
                  "context": null,
                  "code": "const device = new NodePyATVDevice({\n    name: 'My Testdevice',\n    host: '192.168.178.2',\n    debug: true\n});\nassert.strictEqual(device.debug, true);\ndevice.debug = undefined;\nassert.strictEqual(device.debug, undefined);",
                  "err": {},
                  "uuid": "ca123593-3734-4cc3-a05c-235b27c5f72c",
                  "parentUUID": "8586ad4c-fc2c-4079-9d03-b3bfbee4ed32",
                  "isHook": false,
                  "skipped": false
                },
                {
                  "title": "should work for debug = fn",
                  "fullTitle": "NodePyATVDevice set debug() should work for debug = fn",
                  "timedOut": false,
                  "duration": 0,
                  "state": "passed",
                  "speed": "fast",
                  "pass": true,
                  "fail": false,
                  "pending": false,
                  "context": null,
                  "code": "const device = new NodePyATVDevice({\n    name: 'My Testdevice',\n    host: '192.168.178.2'\n});\n// eslint-disable-next-line @typescript-eslint/no-empty-function\nconst fn = () => {\n};\nassert.strictEqual(device.debug, undefined);\ndevice.debug = fn;\nassert.strictEqual(device.debug, fn);",
                  "err": {},
                  "uuid": "73a2f9f0-177f-4e5e-9199-a349d77ba638",
                  "parentUUID": "8586ad4c-fc2c-4079-9d03-b3bfbee4ed32",
                  "isHook": false,
                  "skipped": false
                }
              ],
              "suites": [],
              "passes": [
                "69c5f27d-a923-437f-a170-a92f82335ebf",
                "ade86808-fdb4-4c9f-af00-2d83f794df9a",
                "ca123593-3734-4cc3-a05c-235b27c5f72c",
                "73a2f9f0-177f-4e5e-9199-a349d77ba638"
              ],
              "failures": [],
              "pending": [],
              "skipped": [],
              "duration": 0,
              "root": false,
              "rootEmpty": false,
              "_timeout": 2000
            },
            {
              "uuid": "9c3ed27d-b033-4ffb-ad64-01380b48918f",
              "title": "toJSON()",
              "fullFile": "/home/runner/work/node-pyatv/node-pyatv/test/device.ts",
              "file": "/test/device.ts",
              "beforeHooks": [],
              "afterHooks": [],
              "tests": [
                {
                  "title": "should return a object representation",
                  "fullTitle": "NodePyATVDevice toJSON() should return a object representation",
                  "timedOut": false,
                  "duration": 0,
                  "state": "passed",
                  "speed": "fast",
                  "pass": true,
                  "fail": false,
                  "pending": false,
                  "context": null,
                  "code": "const device = new NodePyATVDevice({\n    name: 'My Testdevice',\n    host: '192.168.178.2',\n    id: '*****',\n    protocol: NodePyATVProtocol.airplay\n});\nassert.deepEqual(device.toJSON(), {\n    name: 'My Testdevice',\n    host: '192.168.178.2',\n    id: '*****',\n    protocol: NodePyATVProtocol.airplay\n});",
                  "err": {},
                  "uuid": "0a0f0f6c-e404-4c3b-b29d-415d11c4fe8d",
                  "parentUUID": "9c3ed27d-b033-4ffb-ad64-01380b48918f",
                  "isHook": false,
                  "skipped": false
                },
                {
                  "title": "should be possible to create a new device from this",
                  "fullTitle": "NodePyATVDevice toJSON() should be possible to create a new device from this",
                  "timedOut": false,
                  "duration": 0,
                  "state": "passed",
                  "speed": "fast",
                  "pass": true,
                  "fail": false,
                  "pending": false,
                  "context": null,
                  "code": "const config = {\n    name: 'My Testdevice',\n    host: '192.168.178.2',\n    id: '*****',\n    protocol: NodePyATVProtocol.airplay\n};\nconst deviceA = new NodePyATVDevice(config);\nconst deviceB = new NodePyATVDevice(deviceA.toJSON());\nassert.deepEqual(deviceB.toJSON(), config);",
                  "err": {},
                  "uuid": "82251adb-2838-43e2-8013-7d9816422a08",
                  "parentUUID": "9c3ed27d-b033-4ffb-ad64-01380b48918f",
                  "isHook": false,
                  "skipped": false
                }
              ],
              "suites": [],
              "passes": [
                "0a0f0f6c-e404-4c3b-b29d-415d11c4fe8d",
                "82251adb-2838-43e2-8013-7d9816422a08"
              ],
              "failures": [],
              "pending": [],
              "skipped": [],
              "duration": 0,
              "root": false,
              "rootEmpty": false,
              "_timeout": 2000
            },
            {
              "uuid": "63609a56-9459-4099-82fa-ed21aca2b4c1",
              "title": "toString()",
              "fullFile": "/home/runner/work/node-pyatv/node-pyatv/test/device.ts",
              "file": "/test/device.ts",
              "beforeHooks": [],
              "afterHooks": [],
              "tests": [
                {
[...]
                  "timedOut": false,
                  "duration": 0,
                  "state": "passed",
                  "speed": "fast",
                  "pass": true,
                  "fail": false,
                  "pending": false,
                  "context": null,
                  "code": "const result = getExecutable(NodePyATVExecutableType.atvremote, {\n    atvremotePath: '/tmp/1',\n    atvscriptPath: '/tmp/2'\n});\nassert.strictEqual(result, '/tmp/1');",
                  "err": {},
                  "uuid": "00ce2fdc-134e-4871-a816-f1833dc037a2",
                  "parentUUID": "1ed00024-a988-4334-bbdc-86bc75250fed",
                  "isHook": false,
                  "skipped": false
                },
                {
                  "title": "should handle atvscriptPath if set",
                  "fullTitle": "Tools getExecutable() should handle atvscriptPath if set",
                  "timedOut": false,
                  "duration": 0,
                  "state": "passed",
                  "speed": "fast",
                  "pass": true,
                  "fail": false,
                  "pending": false,
                  "context": null,
                  "code": "const result = getExecutable(NodePyATVExecutableType.atvscript, {\n    atvremotePath: '/tmp/1',\n    atvscriptPath: '/tmp/2'\n});\nassert.strictEqual(result, '/tmp/2');",
                  "err": {},
                  "uuid": "aa8446da-b1bb-4c99-8fa9-234838425d45",
                  "parentUUID": "1ed00024-a988-4334-bbdc-86bc75250fed",
                  "isHook": false,
                  "skipped": false
                },
                {
                  "title": "should handle default for atvremote",
                  "fullTitle": "Tools getExecutable() should handle default for atvremote",
                  "timedOut": false,
                  "duration": 0,
                  "state": "passed",
                  "speed": "fast",
                  "pass": true,
                  "fail": false,
                  "pending": false,
                  "context": null,
                  "code": "const result = getExecutable(NodePyATVExecutableType.atvremote, {\n    atvscriptPath: '/tmp'\n});\nassert.strictEqual(result, 'atvremote');",
                  "err": {},
                  "uuid": "4f35e963-fdeb-42de-b9fa-7b48ea953d3b",
                  "parentUUID": "1ed00024-a988-4334-bbdc-86bc75250fed",
                  "isHook": false,
                  "skipped": false
                },
                {
                  "title": "should handle default for atvscript",
                  "fullTitle": "Tools getExecutable() should handle default for atvscript",
                  "timedOut": false,
                  "duration": 0,
                  "state": "passed",
                  "speed": "fast",
                  "pass": true,
                  "fail": false,
                  "pending": false,
                  "context": null,
                  "code": "const result = getExecutable(NodePyATVExecutableType.atvscript, {\n    atvremotePath: '/tmp'\n});\nassert.strictEqual(result, 'atvscript');",
                  "err": {},
                  "uuid": "4ee5317d-471e-4a28-bb21-dcb784f2781d",
                  "parentUUID": "1ed00024-a988-4334-bbdc-86bc75250fed",
                  "isHook": false,
                  "skipped": false
                }
              ],
              "suites": [],
              "passes": [
                "00ce2fdc-134e-4871-a816-f1833dc037a2",
                "aa8446da-b1bb-4c99-8fa9-234838425d45",
                "4f35e963-fdeb-42de-b9fa-7b48ea953d3b",
                "4ee5317d-471e-4a28-bb21-dcb784f2781d"
              ],
              "failures": [],
              "pending": [],
              "skipped": [],
              "duration": 0,
              "root": false,
              "rootEmpty": false,
              "_timeout": 2000
            },
            {
              "uuid": "3391ee70-f28a-4ccc-a774-e2fbf72a4306",
              "title": "getParameters()",
              "fullFile": "/home/runner/work/node-pyatv/node-pyatv/test/tools.ts",
              "file": "/test/tools.ts",
              "beforeHooks": [],
              "afterHooks": [],
              "tests": [
                {
                  "title": "empty case",
                  "fullTitle": "Tools getParameters() empty case",
                  "timedOut": false,
                  "duration": 0,
                  "state": "passed",
                  "speed": "fast",
                  "pass": true,
                  "fail": false,
                  "pending": false,
                  "context": null,
                  "code": "return __awaiter(this, void 0, void 0, function* () {\n    const result = yield getParamters();\n    assert.deepEqual(result, []);\n});",
                  "err": {},
                  "uuid": "5dc6ae42-b0ba-4d78-ace4-a16bdc5429d3",
                  "parentUUID": "3391ee70-f28a-4ccc-a774-e2fbf72a4306",
                  "isHook": false,
                  "skipped": false
                },
                {
                  "title": "easy case",
                  "fullTitle": "Tools getParameters() easy case",
                  "timedOut": false,
                  "duration": 0,
                  "state": "passed",
                  "speed": "fast",
                  "pass": true,
                  "fail": false,
                  "pending": false,
                  "context": null,
                  "code": "return __awaiter(this, void 0, void 0, function* () {\n    const result = yield getParamters({\n        host: '192.168.178.2'\n    });\n    assert.deepEqual(result, ['-s', '192.168.178.2']);\n});",
                  "err": {},
                  "uuid": "bc803cfe-87ac-4ed2-96ff-bd6d47601983",
                  "parentUUID": "3391ee70-f28a-4ccc-a774-e2fbf72a4306",
                  "isHook": false,
                  "skipped": false
                },
                {
                  "title": "full case",
                  "fullTitle": "Tools getParameters() full case",
                  "timedOut": false,
                  "duration": 1,
                  "state": "passed",
                  "speed": "fast",
                  "pass": true,
                  "fail": false,
                  "pending": false,
                  "context": null,
                  "code": "return __awaiter(this, void 0, void 0, function* () {\n    const result = yield getParamters({\n        hosts: ['192.168.178.2', '192.168.178.3'],\n        id: '****',\n        protocol: NodePyATVProtocol.mrp,\n        dmapCredentials: '****',\n        mrpCredentials: '****',\n        airplayCredentials: '****',\n        companionCredentials: '1234',\n        raopCredentials: '::foo:'\n    });\n    assert.deepEqual(result, [\n        '-s', '192.168.178.2,192.168.178.3',\n        '-i', '****',\n        '--protocol', 'mrp',\n        '--dmap-credentials', '****',\n        '--mrp-credentials', '****',\n        '--airplay-credentials', '****',\n        '--companion-credentials', '1234',\n        '--raop-credentials', '::foo:'\n    ]);\n});",
                  "err": {},
                  "uuid": "a475720e-856f-4d94-84fb-f8579a615a90",
                  "parentUUID": "3391ee70-f28a-4ccc-a774-e2fbf72a4306",
                  "isHook": false,
                  "skipped": false
                }
              ],
              "suites": [],
              "passes": [
                "5dc6ae42-b0ba-4d78-ace4-a16bdc5429d3",
                "bc803cfe-87ac-4ed2-96ff-bd6d47601983",
                "a475720e-856f-4d94-84fb-f8579a615a90"
              ],
              "failures": [],
              "pending": [],
              "skipped": [],
              "duration": 1,
              "root": false,
              "rootEmpty": false,
              "_timeout": 2000
            },
            {
              "uuid": "ad338f2f-3a41-4d5a-9064-9b3f92cdc962",
              "title": "parseState()",
              "fullFile": "/home/runner/work/node-pyatv/node-pyatv/test/tools.ts",
              "file": "/test/tools.ts",
              "beforeHooks": [],
              "afterHooks": [],
              "tests": [
                {
                  "title": "should work with empty data",
                  "fullTitle": "Tools parseState() should work with empty data",
                  "timedOut": false,
                  "duration": 0,
                  "state": "passed",
                  "speed": "fast",
                  "pass": true,
                  "fail": false,
                  "pending": false,
                  "context": null,
                  "code": "const input = {};\nconst result = parseState(input, '', {});\nassert.deepStrictEqual(result, {\n    dateTime: null,\n    hash: null,\n    mediaType: null,\n    deviceState: null,\n    title: null,\n    artist: null,\n    album: null,\n    genre: null,\n    totalTime: null,\n    position: null,\n    shuffle: null,\n    repeat: null,\n    app: null,\n    appId: null,\n    powerState: null\n});",
                  "err": {},
                  "uuid": "0c44bfd0-2205-4f07-8252-606d83277930",
                  "parentUUID": "ad338f2f-3a41-4d5a-9064-9b3f92cdc962",
                  "isHook": false,
                  "skipped": false
                },
                {
                  "title": "should work without data",
                  "fullTitle": "Tools parseState() should work without data",
                  "timedOut": false,
                  "duration": 0,
                  "state": "passed",
                  "speed": "fast",
                  "pass": true,
                  "fail": false,
                  "pending": false,
                  "context": null,
                  "code": "// @ts-ignore\nconst result = parseState(null, '', {});\nassert.deepStrictEqual(result, {\n    dateTime: null,\n    hash: null,\n    mediaType: null,\n    deviceState: null,\n    title: null,\n    artist: null,\n    album: null,\n    genre: null,\n    totalTime: null,\n    position: null,\n    shuffle: null,\n    repeat: null,\n    app: null,\n    appId: null,\n    powerState: null\n});",
                  "err": {},
                  "uuid": "606a18f2-1abe-4dfb-b449-df8c5ba190ff",
                  "parentUUID": "ad338f2f-3a41-4d5a-9064-9b3f92cdc962",
                  "isHook": false,
                  "skipped": false
                },
                {
                  "title": "should work with example data",
                  "fullTitle": "Tools parseState() should work with example data",
                  "timedOut": false,
                  "duration": 0,
                  "state": "passed",
                  "speed": "fast",
                  "pass": true,
                  "fail": false,
                  "pending": false,
                  "context": null,
                  "code": "const input = {\n    result: 'success',\n    datetime: '2020-11-07T22:38:43.608030+01:00',\n    hash: '100e0ab6-6ff5-4199-9c04-a7107ff78712',\n    media_type: 'video',\n    device_state: 'playing',\n    title: 'Solo: A Star Wars Story',\n    artist: null,\n    album: null,\n    genre: null,\n    total_time: 8097,\n    position: 27,\n    shuffle: 'off',\n    repeat: 'off',\n    app: 'Disney+',\n    app_id: 'com.disney.disneyplus',\n    powerState: null\n};\nconst result = parseState(input, '', {});\nassert.deepStrictEqual(result, {\n    dateTime: new Date('2020-11-07T22:38:43.608030+01:00'),\n    hash: '100e0ab6-6ff5-4199-9c04-a7107ff78712',\n    mediaType: NodePyATVMediaType.video,\n    deviceState: NodePyATVDeviceState.playing,\n    title: 'Solo: A Star Wars Story',\n    artist: null,\n    album: null,\n    genre: null,\n    totalTime: 8097,\n    position: 27,\n    shuffle: NodePyATVShuffleState.off,\n    repeat: NodePyATVRepeatState.off,\n    app: 'Disney+',\n    appId: 'com.disney.disneyplus',\n    powerState: null\n});",
                  "err": {},
                  "uuid": "9c316d3a-1b7a-4abf-8fc3-dae25f1cf47e",
                  "parentUUID": "ad338f2f-3a41-4d5a-9064-9b3f92cdc962",
                  "isHook": false,
                  "skipped": false
                },
                {
                  "title": "should throw an error for pyatv exceptions",
                  "fullTitle": "Tools parseState() should throw an error for pyatv exceptions",
                  "timedOut": false,
                  "duration": 0,
                  "state": "passed",
                  "speed": "fast",
                  "pass": true,
                  "fail": false,
                  "pending": false,
                  "context": null,
                  "code": "const input = {\n    result: 'failure',\n    datetime: '2021-11-24T21:13:36.424576+03:00',\n    exception: 'invalid credentials: 321',\n    stacktrace: 'Traceback (most recent call last):\\n  File \\\"/Users/free/Library/Python/3.8/lib/python/site-packages/pyatv/scripts/atvscript.py\\\", line 302, in appstart\\n    print(args.output(await _handle_command(args, abort_sem, loop)), flush=True)\\n  File \\\"/Users/free/Library/Python/3.8/lib/python/site-packages/pyatv/scripts/atvscript.py\\\", line 196, in _handle_command\\n    atv = await connect(config, loop, protocol=Protocol.MRP)\\n  File \\\"/Users/free/Library/Python/3.8/lib/python/site-packages/pyatv/__init__.py\\\", line 96, in connect\\n    for setup_data in proto_methods.setup(\\n  File \\\"/Users/free/Library/Python/3.8/lib/python/site-packages/pyatv/protocols/airplay/__init__.py\\\", line 192, in setup\\n    stream = AirPlayStream(config, service)\\n  File \\\"/Users/free/Library/Python/3.8/lib/python/site-packages/pyatv/protocols/airplay/__init__.py\\\", line 79, in __init__\\n    self._credentials: HapCredentials = parse_credentials(self.service.credentials)\\n  File \\\"/Users/free/Library/Python/3.8/lib/python/site-packages/pyatv/auth/hap_pairing.py\\\", line 139, in parse_credentials\\n    raise exceptions.InvalidCredentialsError(\\\"invalid credentials: \\\" + detail_string)\\npyatv.exceptions.InvalidCredentialsError: invalid credentials: 321\\n'\n};\nassert.throws(() => {\n    parseState(input, '', {});\n}, /Got pyatv Error: invalid credentials: 321/);",
                  "err": {},
                  "uuid": "04563a3e-ca79-4011-99d2-7e233492e220",
                  "parentUUID": "ad338f2f-3a41-4d5a-9064-9b3f92cdc962",
                  "isHook": false,
                  "skipped": false
                },
                {
                  "title": "should ignore date if it's an invalid date",
                  "fullTitle": "Tools parseState() should ignore date if it's an invalid date",
                  "timedOut": false,
                  "duration": 1,
                  "state": "passed",
                  "speed": "fast",
                  "pass": true,
                  "fail": false,
                  "pending": false,
                  "context": null,
                  "code": "const input = { datetime: 'today' };\nconst result = parseState(input, '', {});\nassert.deepStrictEqual(result, {\n    dateTime: null,\n    hash: null,\n    mediaType: null,\n    deviceState: null,\n    title: null,\n    artist: null,\n    album: null,\n    genre: null,\n    totalTime: null,\n    position: null,\n    shuffle: null,\n    repeat: null,\n    app: null,\n    appId: null,\n    powerState: null\n});",
                  "err": {},
                  "uuid": "017c67e9-af44-40cb-9b7c-ebd4e4c6d3f2",
                  "parentUUID": "ad338f2f-3a41-4d5a-9064-9b3f92cdc962",
                  "isHook": false,
                  "skipped": false
                },
                {
                  "title": "should ignore data if unsupported type",
                  "fullTitle": "Tools parseState() should ignore data if unsupported type",
                  "timedOut": false,
                  "duration": 0,
                  "state": "passed",
                  "speed": "fast",
                  "pass": true,
                  "fail": false,
                  "pending": false,
                  "context": null,
                  "code": "const input = {\n    result: 'success',\n    datetime: true,\n    hash: 1337,\n    media_type: false,\n    device_state: 43,\n    title: undefined,\n    artist: 90,\n    album: Infinity,\n    genre: Math.PI,\n    total_time: '23min',\n    position: '0:30.123',\n    shuffle: false,\n    repeat: true,\n    app: 0,\n    app_id: 891645381647289,\n    powerState: null\n};\nconst result = parseState(input, '', {});\nassert.deepStrictEqual(result, {\n    dateTime: null,\n    hash: null,\n    mediaType: null,\n    deviceState: null,\n    title: null,\n    artist: null,\n    album: null,\n    genre: null,\n    totalTime: null,\n    position: null,\n    shuffle: null,\n    repeat: null,\n    app: null,\n    appId: null,\n    powerState: null\n});",
                  "err": {},
                  "uuid": "fda67284-2629-4b21-8489-5fba2804dcca",
                  "parentUUID": "ad338f2f-3a41-4d5a-9064-9b3f92cdc962",
                  "isHook": false,
                  "skipped": false
                },
                {
                  "title": "should ignore enums with unsupported valid",
                  "fullTitle": "Tools parseState() should ignore enums with unsupported valid",
                  "timedOut": false,
                  "duration": 0,
                  "state": "passed",
                  "speed": "fast",
                  "pass": true,
                  "fail": false,
                  "pending": false,
                  "context": null,
                  "code": "const input = {\n    media_type: '3d-experience',\n    device_state: 'initiating',\n    shuffle: 'everything',\n    repeat: 'nothing'\n};\nconst result = parseState(input, '', {});\nassert.deepStrictEqual(result, {\n    dateTime: null,\n    hash: null,\n    mediaType: null,\n    deviceState: null,\n    title: null,\n    artist: null,\n    album: null,\n    genre: null,\n    totalTime: null,\n    position: null,\n    shuffle: null,\n    repeat: null,\n    app: null,\n    appId: null,\n    powerState: null\n});",
                  "err": {},
                  "uuid": "769b7db8-6aab-466a-b5ea-ae8fd1c5d884",
                  "parentUUID": "ad338f2f-3a41-4d5a-9064-9b3f92cdc962",
                  "isHook": false,
                  "skipped": false
                }
              ],
              "suites": [],
              "passes": [
                "0c44bfd0-2205-4f07-8252-606d83277930",
                "606a18f2-1abe-4dfb-b449-df8c5ba190ff",
                "9c316d3a-1b7a-4abf-8fc3-dae25f1cf47e",
                "04563a3e-ca79-4011-99d2-7e233492e220",
                "017c67e9-af44-40cb-9b7c-ebd4e4c6d3f2",
                "fda67284-2629-4b21-8489-5fba2804dcca",
                "769b7db8-6aab-466a-b5ea-ae8fd1c5d884"
              ],
              "failures": [],
              "pending": [],
              "skipped": [],
              "duration": 1,
              "root": false,
              "rootEmpty": false,
              "_timeout": 2000
            }
          ],
          "passes": [],
          "failures": [],
          "pending": [],
          "skipped": [],
          "duration": 0,
          "root": false,
          "rootEmpty": false,
          "_timeout": 2000
        }
      ],
      "passes": [],
      "failures": [],
      "pending": [],
      "skipped": [],
      "duration": 0,
      "root": true,
      "rootEmpty": true,
      "_timeout": 2000
    }
  ],
  "meta": {
    "mocha": {
      "version": "10.2.0"
    },
    "mochawesome": {
      "options": {
        "quiet": false,
        "reportFilename": "mochawesome",
        "saveHtml": true,
        "saveJson": true,
        "consoleReporter": "spec",
        "useInlineDiffs": false,
        "code": true
      },
      "version": "7.1.3"
    },
    "marge": {
      "options": null,
      "version": "6.2.0"
    }
  }
}