<?xml version="1.0" ?>
<!DOCTYPE coverage SYSTEM "http://cobertura.sourceforge.net/xml/coverage-04.dtd">
<coverage lines-valid="592" lines-covered="578" line-rate="0.9764" branches-valid="254" branches-covered="226" branch-rate="0.8898" timestamp="1624052855083" complexity="0" version="0.1">
  <sources>
    <source>/home/runner/work/node-pyatv/node-pyatv</source>
  </sources>
  <packages>
    <class name="device-event.ts" filename="src/lib/device-event.ts" line-rate="1" branch-rate="1">
      <methods>
        <method name="(anonymous_0)" hits="70" signature="()V">
          <lines>
            <line number="14" hits="70"/>
          </lines>
        </method>
        <method name="(anonymous_1)" hits="4" signature="()V">
          <lines>
            <line number="24" hits="4"/>
          </lines>
        </method>
        <method name="(anonymous_2)" hits="4" signature="()V">
          <lines>
            <line number="32" hits="4"/>
          </lines>
        </method>
        <method name="(anonymous_3)" hits="5" signature="()V">
          <lines>
            <line number="39" hits="5"/>
          </lines>
        </method>
        <method name="(anonymous_4)" hits="5" signature="()V">
          <lines>
            <line number="46" hits="5"/>
          </lines>
        </method>
        <method name="(anonymous_5)" hits="4" signature="()V">
          <lines>
            <line number="54" hits="4"/>
          </lines>
        </method>
      </methods>
      <lines>
        <line number="6" hits="1" branch="false"/>
        <line number="15" hits="70" branch="false"/>
        <line number="25" hits="4" branch="false"/>
        <line number="33" hits="4" branch="false"/>
        <line number="40" hits="5" branch="false"/>
        <line number="47" hits="5" branch="false"/>
        <line number="55" hits="4" branch="false"/>
      </lines>
    </class>
    <class name="device-events.ts" filename="src/lib/device-events.ts" line-rate="0.9398000000000001" branch-rate="0.8148000000000001">
      <methods>
        <method name="(anonymous_8)" hits="83" signature="()V">
          <lines>
            <line number="30" hits="83"/>
          </lines>
        </method>
        <method name="(anonymous_9)" hits="31" signature="()V">
          <lines>
            <line number="39" hits="31"/>
          </lines>
        </method>
        <method name="(anonymous_10)" hits="465" signature="()V">
          <lines>
            <line number="40" hits="465"/>
          </lines>
        </method>
        <method name="(anonymous_11)" hits="11" signature="()V">
          <lines>
            <line number="72" hits="11"/>
          </lines>
        </method>
        <method name="(anonymous_12)" hits="10" signature="()V">
          <lines>
            <line number="93" hits="10"/>
          </lines>
        </method>
        <method name="(anonymous_13)" hits="68" signature="()V">
          <lines>
            <line number="98" hits="68"/>
          </lines>
        </method>
        <method name="(anonymous_14)" hits="0" signature="()V">
          <lines>
            <line number="118" hits="0"/>
          </lines>
        </method>
        <method name="(anonymous_15)" hits="10" signature="()V">
          <lines>
            <line number="119" hits="10"/>
          </lines>
        </method>
        <method name="(anonymous_16)" hits="18" signature="()V">
          <lines>
            <line number="123" hits="18"/>
          </lines>
        </method>
        <method name="(anonymous_17)" hits="1" signature="()V">
          <lines>
            <line number="134" hits="1"/>
          </lines>
        </method>
        <method name="(anonymous_18)" hits="1" signature="()V">
          <lines>
            <line number="140" hits="1"/>
          </lines>
        </method>
        <method name="(anonymous_19)" hits="11" signature="()V">
          <lines>
            <line number="147" hits="11"/>
          </lines>
        </method>
        <method name="(anonymous_20)" hits="11" signature="()V">
          <lines>
            <line number="150" hits="11"/>
          </lines>
        </method>
        <method name="(anonymous_21)" hits="11" signature="()V">
          <lines>
            <line number="152" hits="11"/>
          </lines>
        </method>
        <method name="(anonymous_22)" hits="18" signature="()V">
          <lines>
            <line number="154" hits="18"/>
          </lines>
        </method>
        <method name="(anonymous_23)" hits="0" signature="()V">
          <lines>
            <line number="180" hits="0"/>
          </lines>
        </method>
        <method name="(anonymous_24)" hits="15" signature="()V">
          <lines>
            <line number="203" hits="15"/>
          </lines>
        </method>
        <method name="(anonymous_26)" hits="15" signature="()V">
          <lines>
            <line number="223" hits="15"/>
          </lines>
        </method>
        <method name="(anonymous_27)" hits="2" signature="()V">
          <lines>
            <line number="234" hits="2"/>
          </lines>
        </method>
        <method name="(anonymous_28)" hits="19" signature="()V">
          <lines>
            <line number="240" hits="19"/>
          </lines>
        </method>
        <method name="(anonymous_29)" hits="10" signature="()V">
          <lines>
            <line number="246" hits="10"/>
          </lines>
        </method>
        <method name="(anonymous_30)" hits="10" signature="()V">
          <lines>
            <line number="247" hits="10"/>
          </lines>
        </method>
        <method name="(anonymous_31)" hits="10" signature="()V">
          <lines>
            <line number="249" hits="10"/>
          </lines>
        </method>
        <method name="(anonymous_32)" hits="2" signature="()V">
          <lines>
            <line number="255" hits="2"/>
          </lines>
        </method>
        <method name="(anonymous_33)" hits="9" signature="()V">
          <lines>
            <line number="261" hits="9"/>
          </lines>
        </method>
        <method name="(anonymous_34)" hits="2" signature="()V">
          <lines>
            <line number="267" hits="2"/>
          </lines>
        </method>
        <method name="(anonymous_35)" hits="12" signature="()V">
          <lines>
            <line number="273" hits="12"/>
          </lines>
        </method>
        <method name="(anonymous_36)" hits="200" signature="()V">
          <lines>
            <line number="279" hits="200"/>
          </lines>
        </method>
        <method name="(anonymous_37)" hits="70" signature="()V">
          <lines>
            <line number="285" hits="70"/>
          </lines>
        </method>
        <method name="(anonymous_38)" hits="70" signature="()V">
          <lines>
            <line number="286" hits="70"/>
          </lines>
        </method>
      </methods>
      <lines>
        <line number="3" hits="1" branch="false"/>
        <line number="13" hits="1" branch="false"/>
        <line number="15" hits="1" branch="false"/>
        <line number="16" hits="1" branch="false"/>
        <line number="22" hits="1" branch="false"/>
        <line number="31" hits="83" branch="false"/>
        <line number="33" hits="83" branch="false"/>
        <line number="34" hits="83" branch="false"/>
        <line number="35" hits="83" branch="false"/>
        <line number="36" hits="83" branch="false"/>
        <line number="40" hits="31" branch="false"/>
        <line number="43" hits="465" branch="false"/>
        <line number="46" hits="465" branch="false"/>
        <line number="48" hits="465" branch="true" condition-coverage="100% (5/5)"/>
        <line number="49" hits="401" branch="false"/>
        <line number="52" hits="64" branch="false"/>
        <line number="60" hits="64" branch="false"/>
        <line number="62" hits="64" branch="false"/>
        <line number="63" hits="64" branch="false"/>
        <line number="64" hits="64" branch="false"/>
        <line number="67" hits="1" branch="false"/>
        <line number="75" hits="11" branch="false"/>
        <line number="76" hits="11" branch="false"/>
        <line number="79" hits="1" branch="false"/>
        <line number="80" hits="1" branch="false"/>
        <line number="81" hits="1" branch="false"/>
        <line number="82" hits="1" branch="false"/>
        <line number="85" hits="10" branch="false"/>
        <line number="87" hits="10" branch="true" condition-coverage="100% (2/2)"/>
        <line number="88" hits="2" branch="false"/>
        <line number="89" hits="2" branch="false"/>
        <line number="94" hits="10" branch="false"/>
        <line number="95" hits="10" branch="false"/>
        <line number="99" hits="68" branch="true" condition-coverage="100% (5/5)"/>
        <line number="100" hits="8" branch="false"/>
        <line number="101" hits="8" branch="false"/>
        <line number="103" hits="60" branch="true" condition-coverage="100% (4/4)"/>
        <line number="104" hits="18" branch="false"/>
        <line number="105" hits="18" branch="false"/>
        <line number="107" hits="18" branch="false"/>
        <line number="108" hits="18" branch="false"/>
        <line number="110" hits="42" branch="true" condition-coverage="100% (2/2)"/>
        <line number="114" hits="15" branch="false"/>
        <line number="115" hits="15" branch="false"/>
        <line number="117" hits="15" branch="false"/>
        <line number="118" hits="0" branch="false"/>
        <line number="119" hits="10" branch="false"/>
        <line number="124" hits="18" branch="true" condition-coverage="50% (1/2)"/>
        <line number="125" hits="0" branch="false"/>
        <line number="128" hits="18" branch="false"/>
        <line number="130" hits="18" branch="false"/>
        <line number="131" hits="18" branch="false"/>
        <line number="132" hits="18" branch="false"/>
        <line number="134" hits="18" branch="false"/>
        <line number="135" hits="1" branch="false"/>
        <line number="136" hits="1" branch="false"/>
        <line number="140" hits="18" branch="false"/>
        <line number="141" hits="1" branch="false"/>
        <line number="142" hits="1" branch="false"/>
        <line number="143" hits="1" branch="false"/>
        <line number="147" hits="18" branch="false"/>
        <line number="148" hits="11" branch="false"/>
        <line number="150" hits="11" branch="false"/>
        <line number="152" hits="11" branch="false"/>
        <line number="154" hits="18" branch="false"/>
        <line number="155" hits="18" branch="true" condition-coverage="50% (1/2)"/>
        <line number="157" hits="0" branch="false"/>
        <line number="160" hits="18" branch="false"/>
        <line number="161" hits="18" branch="false"/>
        <line number="162" hits="18" branch="true" condition-coverage="100% (2/2)"/>
        <line number="163" hits="7" branch="false"/>
        <line number="164" hits="7" branch="false"/>
        <line number="167" hits="18" branch="true" condition-coverage="50% (1/2)"/>
        <line number="168" hits="18" branch="false"/>
        <line number="170" hits="18" branch="true" condition-coverage="50% (1/2)"/>
        <line number="171" hits="18" branch="false"/>
        <line number="173" hits="18" branch="false"/>
        <line number="174" hits="18" branch="false"/>
        <line number="177" hits="18" branch="true" condition-coverage="100% (4/4)"/>
        <line number="178" hits="3" branch="false"/>
        <line number="180" hits="3" branch="false"/>
        <line number="181" hits="0" branch="false"/>
        <line number="184" hits="15" branch="true" condition-coverage="50% (1/2)"/>
        <line number="185" hits="0" branch="false"/>
        <line number="186" hits="0" branch="false"/>
        <line number="189" hits="18" branch="false"/>
        <line number="192" hits="18" branch="false"/>
        <line number="193" hits="18" branch="false"/>
        <line number="195" hits="18" branch="true" condition-coverage="50% (1/2)"/>
        <line number="196" hits="18" branch="false"/>
        <line number="198" hits="18" branch="true" condition-coverage="50% (1/2)"/>
        <line number="199" hits="18" branch="false"/>
        <line number="204" hits="15" branch="true" condition-coverage="50% (1/2)"/>
        <line number="208" hits="0" branch="false"/>
        <line number="211" hits="15" branch="false"/>
        <line number="212" hits="15" branch="true" condition-coverage="50% (1/2)"/>
        <line number="213" hits="0" branch="false"/>
        <line number="219" hits="15" branch="true" condition-coverage="50% (1/2)"/>
        <line number="220" hits="15" branch="false"/>
        <line number="221" hits="15" branch="false"/>
        <line number="223" hits="15" branch="false"/>
        <line number="226" hits="10" branch="true" condition-coverage="100% (4/4)"/>
        <line number="227" hits="7" branch="false"/>
        <line number="230" hits="10" branch="false"/>
        <line number="231" hits="10" branch="false"/>
        <line number="235" hits="2" branch="false"/>
        <line number="236" hits="2" branch="false"/>
        <line number="237" hits="2" branch="false"/>
        <line number="241" hits="19" branch="false"/>
        <line number="242" hits="19" branch="false"/>
        <line number="243" hits="19" branch="false"/>
        <line number="247" hits="10" branch="false"/>
        <line number="248" hits="10" branch="false"/>
        <line number="249" hits="10" branch="false"/>
        <line number="251" hits="10" branch="false"/>
        <line number="252" hits="10" branch="false"/>
        <line number="256" hits="2" branch="false"/>
        <line number="257" hits="2" branch="false"/>
        <line number="258" hits="2" branch="false"/>
        <line number="262" hits="9" branch="false"/>
        <line number="263" hits="9" branch="false"/>
        <line number="264" hits="9" branch="false"/>
        <line number="268" hits="2" branch="false"/>
        <line number="269" hits="2" branch="false"/>
        <line number="270" hits="2" branch="false"/>
        <line number="274" hits="12" branch="false"/>
        <line number="275" hits="12" branch="false"/>
        <line number="276" hits="12" branch="false"/>
        <line number="280" hits="200" branch="true" condition-coverage="100% (2/2)"/>
        <line number="281" hits="78" branch="false"/>
        <line number="284" hits="122" branch="false"/>
        <line number="285" hits="70" branch="false"/>
        <line number="286" hits="70" branch="false"/>
      </lines>
    </class>
    <class name="device.ts" filename="src/lib/device.ts" line-rate="0.9828" branch-rate="0.9487000000000001">
      <methods>
        <method name="(anonymous_8)" hits="83" signature="()V">
          <lines>
            <line number="33" hits="83"/>
          </lines>
        </method>
        <method name="(anonymous_9)" hits="6" signature="()V">
          <lines>
            <line number="52" hits="6"/>
          </lines>
        </method>
        <method name="(anonymous_10)" hits="6" signature="()V">
          <lines>
            <line number="59" hits="6"/>
          </lines>
        </method>
        <method name="(anonymous_11)" hits="4" signature="()V">
          <lines>
            <line number="66" hits="4"/>
          </lines>
        </method>
        <method name="(anonymous_12)" hits="4" signature="()V">
          <lines>
            <line number="73" hits="4"/>
          </lines>
        </method>
        <method name="(anonymous_13)" hits="12" signature="()V">
          <lines>
            <line number="82" hits="12"/>
          </lines>
        </method>
        <method name="(anonymous_14)" hits="4" signature="()V">
          <lines>
            <line number="92" hits="4"/>
          </lines>
        </method>
        <method name="(anonymous_15)" hits="3" signature="()V">
          <lines>
            <line number="107" hits="3"/>
          </lines>
        </method>
        <method name="(anonymous_16)" hits="1" signature="()V">
          <lines>
            <line number="121" hits="1"/>
          </lines>
        </method>
        <method name="(anonymous_17)" hits="22" signature="()V">
          <lines>
            <line number="137" hits="22"/>
          </lines>
        </method>
        <method name="(anonymous_19)" hits="1" signature="()V">
          <lines>
            <line number="166" hits="1"/>
          </lines>
        </method>
        <method name="(anonymous_20)" hits="21" signature="()V">
          <lines>
            <line number="170" hits="21"/>
          </lines>
        </method>
        <method name="(anonymous_21)" hits="1" signature="()V">
          <lines>
            <line number="179" hits="1"/>
          </lines>
        </method>
        <method name="(anonymous_23)" hits="1" signature="()V">
          <lines>
            <line number="189" hits="1"/>
          </lines>
        </method>
        <method name="(anonymous_25)" hits="1" signature="()V">
          <lines>
            <line number="199" hits="1"/>
          </lines>
        </method>
        <method name="(anonymous_27)" hits="1" signature="()V">
          <lines>
            <line number="209" hits="1"/>
          </lines>
        </method>
        <method name="(anonymous_29)" hits="3" signature="()V">
          <lines>
            <line number="219" hits="3"/>
          </lines>
        </method>
        <method name="(anonymous_31)" hits="1" signature="()V">
          <lines>
            <line number="229" hits="1"/>
          </lines>
        </method>
        <method name="(anonymous_33)" hits="1" signature="()V">
          <lines>
            <line number="239" hits="1"/>
          </lines>
        </method>
        <method name="(anonymous_35)" hits="1" signature="()V">
          <lines>
            <line number="249" hits="1"/>
          </lines>
        </method>
        <method name="(anonymous_37)" hits="1" signature="()V">
          <lines>
            <line number="259" hits="1"/>
          </lines>
        </method>
        <method name="(anonymous_39)" hits="1" signature="()V">
          <lines>
            <line number="269" hits="1"/>
          </lines>
        </method>
        <method name="(anonymous_41)" hits="1" signature="()V">
          <lines>
            <line number="279" hits="1"/>
          </lines>
        </method>
        <method name="(anonymous_43)" hits="1" signature="()V">
          <lines>
            <line number="289" hits="1"/>
          </lines>
        </method>
        <method name="(anonymous_45)" hits="1" signature="()V">
          <lines>
            <line number="299" hits="1"/>
          </lines>
        </method>
        <method name="(anonymous_47)" hits="1" signature="()V">
          <lines>
            <line number="309" hits="1"/>
          </lines>
        </method>
        <method name="(anonymous_49)" hits="23" signature="()V">
          <lines>
            <line number="314" hits="23"/>
          </lines>
        </method>
        <method name="(anonymous_51)" hits="3" signature="()V">
          <lines>
            <line number="342" hits="3"/>
          </lines>
        </method>
        <method name="(anonymous_53)" hits="25" signature="()V">
          <lines>
            <line number="344" hits="25"/>
          </lines>
        </method>
        <method name="(anonymous_54)" hits="1" signature="()V">
          <lines>
            <line number="358" hits="1"/>
          </lines>
        </method>
        <method name="(anonymous_56)" hits="1" signature="()V">
          <lines>
            <line number="366" hits="1"/>
          </lines>
        </method>
        <method name="(anonymous_58)" hits="1" signature="()V">
          <lines>
            <line number="374" hits="1"/>
          </lines>
        </method>
        <method name="(anonymous_60)" hits="1" signature="()V">
          <lines>
            <line number="382" hits="1"/>
          </lines>
        </method>
        <method name="(anonymous_62)" hits="1" signature="()V">
          <lines>
            <line number="390" hits="1"/>
          </lines>
        </method>
        <method name="(anonymous_64)" hits="1" signature="()V">
          <lines>
            <line number="398" hits="1"/>
          </lines>
        </method>
        <method name="(anonymous_66)" hits="1" signature="()V">
          <lines>
            <line number="406" hits="1"/>
          </lines>
        </method>
        <method name="(anonymous_68)" hits="1" signature="()V">
          <lines>
            <line number="414" hits="1"/>
          </lines>
        </method>
        <method name="(anonymous_70)" hits="1" signature="()V">
          <lines>
            <line number="422" hits="1"/>
          </lines>
        </method>
        <method name="(anonymous_72)" hits="1" signature="()V">
          <lines>
            <line number="430" hits="1"/>
          </lines>
        </method>
        <method name="(anonymous_74)" hits="1" signature="()V">
          <lines>
            <line number="438" hits="1"/>
          </lines>
        </method>
        <method name="(anonymous_76)" hits="1" signature="()V">
          <lines>
            <line number="446" hits="1"/>
          </lines>
        </method>
        <method name="(anonymous_78)" hits="1" signature="()V">
          <lines>
            <line number="454" hits="1"/>
          </lines>
        </method>
        <method name="(anonymous_80)" hits="1" signature="()V">
          <lines>
            <line number="462" hits="1"/>
          </lines>
        </method>
        <method name="(anonymous_82)" hits="1" signature="()V">
          <lines>
            <line number="470" hits="1"/>
          </lines>
        </method>
        <method name="(anonymous_84)" hits="1" signature="()V">
          <lines>
            <line number="478" hits="1"/>
          </lines>
        </method>
        <method name="(anonymous_86)" hits="1" signature="()V">
          <lines>
            <line number="486" hits="1"/>
          </lines>
        </method>
        <method name="(anonymous_88)" hits="1" signature="()V">
          <lines>
            <line number="494" hits="1"/>
          </lines>
        </method>
        <method name="(anonymous_90)" hits="1" signature="()V">
          <lines>
            <line number="502" hits="1"/>
          </lines>
        </method>
        <method name="(anonymous_92)" hits="1" signature="()V">
          <lines>
            <line number="510" hits="1"/>
          </lines>
        </method>
        <method name="(anonymous_94)" hits="1" signature="()V">
          <lines>
            <line number="518" hits="1"/>
          </lines>
        </method>
        <method name="(anonymous_96)" hits="2" signature="()V">
          <lines>
            <line number="529" hits="2"/>
          </lines>
        </method>
        <method name="(anonymous_97)" hits="1" signature="()V">
          <lines>
            <line number="540" hits="1"/>
          </lines>
        </method>
        <method name="(anonymous_98)" hits="1" signature="()V">
          <lines>
            <line number="548" hits="1"/>
          </lines>
        </method>
        <method name="(anonymous_99)" hits="1" signature="()V">
          <lines>
            <line number="556" hits="1"/>
          </lines>
        </method>
        <method name="(anonymous_100)" hits="4" signature="()V">
          <lines>
            <line number="565" hits="4"/>
          </lines>
        </method>
        <method name="(anonymous_101)" hits="3" signature="()V">
          <lines>
            <line number="577" hits="3"/>
          </lines>
        </method>
        <method name="(anonymous_102)" hits="9" signature="()V">
          <lines>
            <line number="588" hits="9"/>
          </lines>
        </method>
        <method name="(anonymous_103)" hits="9" signature="()V">
          <lines>
            <line number="600" hits="9"/>
          </lines>
        </method>
        <method name="(anonymous_104)" hits="10" signature="()V">
          <lines>
            <line number="613" hits="10"/>
          </lines>
        </method>
        <method name="(anonymous_105)" hits="1" signature="()V">
          <lines>
            <line number="623" hits="1"/>
          </lines>
        </method>
        <method name="(anonymous_106)" hits="1" signature="()V">
          <lines>
            <line number="633" hits="1"/>
          </lines>
        </method>
        <method name="(anonymous_107)" hits="3" signature="()V">
          <lines>
            <line number="643" hits="3"/>
          </lines>
        </method>
        <method name="(anonymous_108)" hits="2" signature="()V">
          <lines>
            <line number="655" hits="2"/>
          </lines>
        </method>
        <method name="(anonymous_109)" hits="1" signature="()V">
          <lines>
            <line number="667" hits="1"/>
          </lines>
        </method>
        <method name="(anonymous_110)" hits="0" signature="()V">
          <lines>
            <line number="676" hits="0"/>
          </lines>
        </method>
      </methods>
      <lines>
        <line number="3" hits="1" branch="false"/>
        <line number="16" hits="1" branch="false"/>
        <line number="17" hits="1" branch="false"/>
        <line number="28" hits="1" branch="false"/>
        <line number="34" hits="83" branch="false"/>
        <line number="35" hits="83" branch="false"/>
        <line number="36" hits="83" branch="false"/>
        <line number="53" hits="6" branch="false"/>
        <line number="60" hits="6" branch="false"/>
        <line number="67" hits="4" branch="false"/>
        <line number="74" hits="4" branch="false"/>
        <line number="83" hits="12" branch="false"/>
        <line number="93" hits="4" branch="true" condition-coverage="100% (2/2)"/>
        <line number="94" hits="1" branch="false"/>
        <line number="97" hits="3" branch="true" condition-coverage="100% (2/2)"/>
        <line number="108" hits="3" branch="false"/>
        <line number="122" hits="1" branch="false"/>
        <line number="138" hits="22" branch="true" condition-coverage="90% (9/10)"/>
        <line number="139" hits="2" branch="false"/>
        <line number="140" hits="2" branch="true" condition-coverage="75% (3/4)"/>
        <line number="141" hits="2" branch="false"/>
        <line number="147" hits="2" branch="false"/>
        <line number="150" hits="20" branch="false"/>
        <line number="151" hits="20" branch="false"/>
        <line number="153" hits="20" branch="false"/>
        <line number="154" hits="20" branch="false"/>
        <line number="155" hits="20" branch="false"/>
        <line number="157" hits="20" branch="false"/>
        <line number="158" hits="20" branch="false"/>
        <line number="167" hits="1" branch="false"/>
        <line number="171" hits="21" branch="false"/>
        <line number="180" hits="1" branch="false"/>
        <line number="181" hits="1" branch="false"/>
        <line number="190" hits="1" branch="false"/>
        <line number="191" hits="1" branch="false"/>
        <line number="200" hits="1" branch="false"/>
        <line number="201" hits="1" branch="false"/>
        <line number="210" hits="1" branch="false"/>
        <line number="211" hits="1" branch="false"/>
        <line number="220" hits="3" branch="false"/>
        <line number="221" hits="3" branch="false"/>
        <line number="230" hits="1" branch="false"/>
        <line number="231" hits="1" branch="false"/>
        <line number="240" hits="1" branch="false"/>
        <line number="241" hits="1" branch="false"/>
        <line number="250" hits="1" branch="false"/>
        <line number="251" hits="1" branch="false"/>
        <line number="260" hits="1" branch="false"/>
        <line number="261" hits="1" branch="false"/>
        <line number="270" hits="1" branch="false"/>
        <line number="271" hits="1" branch="false"/>
        <line number="280" hits="1" branch="false"/>
        <line number="281" hits="1" branch="false"/>
        <line number="290" hits="1" branch="false"/>
        <line number="291" hits="1" branch="false"/>
        <line number="300" hits="1" branch="false"/>
        <line number="301" hits="1" branch="false"/>
        <line number="310" hits="1" branch="false"/>
        <line number="311" hits="1" branch="false"/>
        <line number="315" hits="23" branch="false"/>
        <line number="316" hits="23" branch="false"/>
        <line number="318" hits="23" branch="false"/>
        <line number="319" hits="23" branch="true" condition-coverage="100% (4/4)"/>
        <line number="320" hits="1" branch="false"/>
        <line number="323" hits="22" branch="false"/>
        <line number="343" hits="3" branch="false"/>
        <line number="344" hits="25" branch="false"/>
        <line number="346" hits="3" branch="true" condition-coverage="100% (2/2)"/>
        <line number="347" hits="1" branch="false"/>
        <line number="350" hits="2" branch="false"/>
        <line number="351" hits="2" branch="false"/>
        <line number="359" hits="1" branch="false"/>
        <line number="367" hits="1" branch="false"/>
        <line number="375" hits="1" branch="false"/>
        <line number="383" hits="1" branch="false"/>
        <line number="391" hits="1" branch="false"/>
        <line number="399" hits="1" branch="false"/>
        <line number="407" hits="1" branch="false"/>
        <line number="415" hits="1" branch="false"/>
        <line number="423" hits="1" branch="false"/>
        <line number="431" hits="1" branch="false"/>
        <line number="439" hits="1" branch="false"/>
        <line number="447" hits="1" branch="false"/>
        <line number="455" hits="1" branch="false"/>
        <line number="463" hits="1" branch="false"/>
        <line number="471" hits="1" branch="false"/>
        <line number="479" hits="1" branch="false"/>
        <line number="487" hits="1" branch="false"/>
        <line number="495" hits="1" branch="false"/>
        <line number="503" hits="1" branch="false"/>
        <line number="511" hits="1" branch="false"/>
        <line number="519" hits="1" branch="false"/>
        <line number="530" hits="2" branch="false"/>
        <line number="531" hits="2" branch="false"/>
        <line number="541" hits="1" branch="false"/>
        <line number="549" hits="1" branch="false"/>
        <line number="557" hits="1" branch="false"/>
        <line number="566" hits="4" branch="false"/>
        <line number="578" hits="3" branch="false"/>
        <line number="589" hits="9" branch="false"/>
        <line number="590" hits="9" branch="false"/>
        <line number="601" hits="9" branch="false"/>
        <line number="602" hits="9" branch="false"/>
        <line number="614" hits="10" branch="false"/>
        <line number="615" hits="10" branch="false"/>
        <line number="624" hits="1" branch="false"/>
        <line number="625" hits="1" branch="false"/>
        <line number="634" hits="1" branch="false"/>
        <line number="635" hits="1" branch="false"/>
        <line number="644" hits="3" branch="false"/>
        <line number="656" hits="2" branch="false"/>
        <line number="657" hits="2" branch="false"/>
        <line number="668" hits="1" branch="false"/>
        <line number="669" hits="1" branch="false"/>
        <line number="677" hits="0" branch="false"/>
        <line number="678" hits="0" branch="false"/>
      </lines>
    </class>
    <class name="fake-spawn.ts" filename="src/lib/fake-spawn.ts" line-rate="0.9756" branch-rate="0.8">
      <methods>
        <method name="createFakeSpawn" hits="82" signature="()V">
          <lines>
            <line number="7" hits="82"/>
          </lines>
        </method>
        <method name="(anonymous_1)" hits="84" signature="()V">
          <lines>
            <line number="12" hits="84"/>
          </lines>
        </method>
        <method name="(anonymous_2)" hits="15" signature="()V">
          <lines>
            <line number="24" hits="15"/>
          </lines>
        </method>
        <method name="(anonymous_3)" hits="84" signature="()V">
          <lines>
            <line number="40" hits="84"/>
          </lines>
        </method>
        <method name="(anonymous_4)" hits="0" signature="()V">
          <lines>
            <line number="45" hits="0"/>
          </lines>
        </method>
        <method name="(anonymous_5)" hits="84" signature="()V">
          <lines>
            <line number="54" hits="84"/>
          </lines>
        </method>
        <method name="(anonymous_6)" hits="7" signature="()V">
          <lines>
            <line number="57" hits="7"/>
          </lines>
        </method>
        <method name="(anonymous_7)" hits="84" signature="()V">
          <lines>
            <line number="73" hits="84"/>
          </lines>
        </method>
        <method name="(anonymous_8)" hits="5" signature="()V">
          <lines>
            <line number="78" hits="5"/>
          </lines>
        </method>
        <method name="(anonymous_9)" hits="65" signature="()V">
          <lines>
            <line number="82" hits="65"/>
          </lines>
        </method>
        <method name="(anonymous_10)" hits="3" signature="()V">
          <lines>
            <line number="87" hits="3"/>
          </lines>
        </method>
        <method name="(anonymous_11)" hits="15" signature="()V">
          <lines>
            <line number="93" hits="15"/>
          </lines>
        </method>
        <method name="(anonymous_12)" hits="6" signature="()V">
          <lines>
            <line number="98" hits="6"/>
          </lines>
        </method>
        <method name="(anonymous_13)" hits="19" signature="()V">
          <lines>
            <line number="103" hits="19"/>
          </lines>
        </method>
        <method name="(anonymous_14)" hits="77" signature="()V">
          <lines>
            <line number="108" hits="77"/>
          </lines>
        </method>
      </methods>
      <lines>
        <line number="2" hits="1" branch="false"/>
        <line number="7" hits="1" branch="false"/>
        <line number="12" hits="84" branch="false"/>
        <line number="23" hits="1" branch="false"/>
        <line number="25" hits="15" branch="false"/>
        <line number="32" hits="1" branch="false"/>
        <line number="41" hits="84" branch="false"/>
        <line number="43" hits="84" branch="false"/>
        <line number="44" hits="84" branch="false"/>
        <line number="45" hits="84" branch="false"/>
        <line number="46" hits="0" branch="false"/>
        <line number="49" hits="84" branch="false"/>
        <line number="50" hits="84" branch="false"/>
        <line number="51" hits="84" branch="false"/>
        <line number="53" hits="84" branch="false"/>
        <line number="54" hits="84" branch="false"/>
        <line number="58" hits="7" branch="false"/>
        <line number="59" hits="7" branch="true" condition-coverage="50% (1/2)"/>
        <line number="60" hits="7" branch="false"/>
        <line number="61" hits="7" branch="false"/>
        <line number="69" hits="1" branch="false"/>
        <line number="74" hits="84" branch="false"/>
        <line number="75" hits="84" branch="false"/>
        <line number="79" hits="5" branch="false"/>
        <line number="83" hits="65" branch="true" condition-coverage="100% (2/2)"/>
        <line number="84" hits="65" branch="false"/>
        <line number="88" hits="3" branch="false"/>
        <line number="89" hits="3" branch="false"/>
        <line number="94" hits="15" branch="false"/>
        <line number="95" hits="15" branch="false"/>
        <line number="99" hits="6" branch="false"/>
        <line number="100" hits="6" branch="false"/>
        <line number="104" hits="19" branch="false"/>
        <line number="105" hits="19" branch="false"/>
        <line number="109" hits="77" branch="true" condition-coverage="100% (2/2)"/>
        <line number="110" hits="43" branch="false"/>
        <line number="113" hits="77" branch="true" condition-coverage="100% (2/2)"/>
        <line number="114" hits="77" branch="true" condition-coverage="50% (1/2)"/>
        <line number="115" hits="77" branch="false"/>
        <line number="116" hits="77" branch="false"/>
        <line number="119" hits="77" branch="false"/>
      </lines>
    </class>
    <class name="index.ts" filename="src/lib/index.ts" line-rate="1" branch-rate="1">
      <methods>
        <method name="(anonymous_1)" hits="1" signature="()V">
          <lines>
            <line number="4" hits="1"/>
          </lines>
        </method>
        <method name="(anonymous_2)" hits="1" signature="()V">
          <lines>
            <line number="5" hits="1"/>
          </lines>
        </method>
        <method name="(anonymous_3)" hits="1" signature="()V">
          <lines>
            <line number="6" hits="1"/>
          </lines>
        </method>
        <method name="(anonymous_4)" hits="1" signature="()V">
          <lines>
            <line number="7" hits="1"/>
          </lines>
        </method>
        <method name="(anonymous_5)" hits="1" signature="()V">
          <lines>
            <line number="8" hits="1"/>
          </lines>
        </method>
        <method name="(anonymous_6)" hits="1" signature="()V">
          <lines>
            <line number="9" hits="1"/>
          </lines>
        </method>
        <method name="(anonymous_7)" hits="1" signature="()V">
          <lines>
            <line number="19" hits="1"/>
          </lines>
        </method>
        <method name="(anonymous_8)" hits="27" signature="()V">
          <lines>
            <line number="21" hits="27"/>
          </lines>
        </method>
      </methods>
      <lines>
        <line number="3" hits="1" branch="false"/>
        <line number="4" hits="2" branch="false"/>
        <line number="5" hits="2" branch="false"/>
        <line number="6" hits="2" branch="false"/>
        <line number="7" hits="2" branch="false"/>
        <line number="8" hits="2" branch="false"/>
        <line number="9" hits="2" branch="false"/>
        <line number="19" hits="2" branch="false"/>
        <line number="21" hits="28" branch="false"/>
      </lines>
    </class>
    <class name="instance.ts" filename="src/lib/instance.ts" line-rate="0.9582999999999999" branch-rate="0.8571">
      <methods>
        <method name="(anonymous_8)" hits="4" signature="()V">
          <lines>
            <line number="151" hits="4"/>
          </lines>
        </method>
        <method name="(anonymous_9)" hits="5" signature="()V">
          <lines>
            <line number="33" hits="5"/>
          </lines>
        </method>
        <method name="(anonymous_11)" hits="17" signature="()V">
          <lines>
            <line number="56" hits="17"/>
          </lines>
        </method>
        <method name="(anonymous_13)" hits="10" signature="()V">
          <lines>
            <line number="108" hits="10"/>
          </lines>
        </method>
        <method name="(anonymous_15)" hits="0" signature="()V">
          <lines>
            <line number="117" hits="0"/>
          </lines>
        </method>
        <method name="(anonymous_16)" hits="2" signature="()V">
          <lines>
            <line number="135" hits="2"/>
          </lines>
        </method>
        <method name="(anonymous_17)" hits="1" signature="()V">
          <lines>
            <line number="161" hits="1"/>
          </lines>
        </method>
        <method name="(anonymous_19)" hits="1" signature="()V">
          <lines>
            <line number="171" hits="1"/>
          </lines>
        </method>
        <method name="(anonymous_21)" hits="1" signature="()V">
          <lines>
            <line number="189" hits="1"/>
          </lines>
        </method>
        <method name="(anonymous_23)" hits="1" signature="()V">
          <lines>
            <line number="199" hits="1"/>
          </lines>
        </method>
      </methods>
      <lines>
        <line number="3" hits="1" branch="false"/>
        <line number="5" hits="1" branch="false"/>
        <line number="13" hits="1" branch="false"/>
        <line number="14" hits="1" branch="false"/>
        <line number="24" hits="1" branch="false"/>
        <line number="25" hits="4" branch="false"/>
        <line number="34" hits="5" branch="false"/>
        <line number="35" hits="5" branch="true" condition-coverage="100% (2/2)"/>
        <line number="36" hits="2" branch="false"/>
        <line number="38" hits="3" branch="true" condition-coverage="100% (2/2)"/>
        <line number="39" hits="1" branch="false"/>
        <line number="42" hits="2" branch="false"/>
        <line number="43" hits="2" branch="false"/>
        <line number="46" hits="1" branch="false"/>
        <line number="57" hits="17" branch="false"/>
        <line number="58" hits="17" branch="false"/>
        <line number="59" hits="17" branch="false"/>
        <line number="61" hits="17" branch="false"/>
        <line number="62" hits="17" branch="false"/>
        <line number="65" hits="4" branch="false"/>
        <line number="68" hits="17" branch="true" condition-coverage="100% (4/4)"/>
        <line number="69" hits="8" branch="false"/>
        <line number="71" hits="17" branch="true" condition-coverage="100% (2/2)"/>
        <line number="72" hits="10" branch="false"/>
        <line number="73" hits="10" branch="false"/>
        <line number="76" hits="17" branch="false"/>
        <line number="78" hits="17" branch="true" condition-coverage="100% (2/2)"/>
        <line number="81" hits="0" branch="false"/>
        <line number="83" hits="17" branch="true" condition-coverage="100% (4/4)"/>
        <line number="84" hits="7" branch="false"/>
        <line number="85" hits="7" branch="false"/>
        <line number="88" hits="17" branch="false"/>
        <line number="89" hits="17" branch="false"/>
        <line number="109" hits="10" branch="false"/>
        <line number="110" hits="10" branch="false"/>
        <line number="112" hits="10" branch="false"/>
        <line number="113" hits="6" branch="true" condition-coverage="100% (5/5)"/>
        <line number="114" hits="2" branch="false"/>
        <line number="117" hits="4" branch="false"/>
        <line number="118" hits="0" branch="false"/>
        <line number="125" hits="4" branch="false"/>
        <line number="126" hits="4" branch="false"/>
        <line number="136" hits="2" branch="false"/>
        <line number="152" hits="4" branch="false"/>
        <line number="162" hits="1" branch="false"/>
        <line number="172" hits="1" branch="false"/>
        <line number="190" hits="1" branch="false"/>
        <line number="200" hits="1" branch="false"/>
      </lines>
    </class>
    <class name="tools.ts" filename="src/lib/tools.ts" line-rate="0.9937" branch-rate="0.9029">
      <methods>
        <method name="addRequestId" hits="104" signature="()V">
          <lines>
            <line number="18" hits="104"/>
          </lines>
        </method>
        <method name="removeRequestId" hits="111" signature="()V">
          <lines>
            <line number="32" hits="111"/>
          </lines>
        </method>
        <method name="debug" hits="2066" signature="()V">
          <lines>
            <line number="38" hits="2066"/>
          </lines>
        </method>
        <method name="getExecutable" hits="92" signature="()V">
          <lines>
            <line number="59" hits="92"/>
          </lines>
        </method>
        <method name="execute" hits="88" signature="()V">
          <lines>
            <line number="71" hits="88"/>
          </lines>
        </method>
        <method name="(anonymous_12)" hits="69" signature="()V">
          <lines>
            <line number="86" hits="69"/>
          </lines>
        </method>
        <method name="(anonymous_13)" hits="3" signature="()V">
          <lines>
            <line number="87" hits="3"/>
          </lines>
        </method>
        <method name="(anonymous_14)" hits="6" signature="()V">
          <lines>
            <line number="88" hits="6"/>
          </lines>
        </method>
        <method name="(anonymous_15)" hits="88" signature="()V">
          <lines>
            <line number="91" hits="88"/>
          </lines>
        </method>
        <method name="request" hits="70" signature="()V">
          <lines>
            <line number="118" hits="70"/>
          </lines>
        </method>
        <method name="(anonymous_18)" hits="70" signature="()V">
          <lines>
            <line number="130" hits="70"/>
          </lines>
        </method>
        <method name="(anonymous_19)" hits="58" signature="()V">
          <lines>
            <line number="134" hits="58"/>
          </lines>
        </method>
        <method name="(anonymous_20)" hits="2" signature="()V">
          <lines>
            <line number="135" hits="2"/>
          </lines>
        </method>
        <method name="(anonymous_21)" hits="5" signature="()V">
          <lines>
            <line number="136" hits="5"/>
          </lines>
        </method>
        <method name="(anonymous_22)" hits="70" signature="()V">
          <lines>
            <line number="139" hits="70"/>
          </lines>
        </method>
        <method name="getParamters" hits="74" signature="()V">
          <lines>
            <line number="184" hits="74"/>
          </lines>
        </method>
        <method name="parseStateStringAttr" hits="833" signature="()V">
          <lines>
            <line number="212" hits="833"/>
          </lines>
        </method>
        <method name="parseState" hits="120" signature="()V">
          <lines>
            <line number="227" hits="120"/>
          </lines>
        </method>
        <method name="(anonymous_26)" hits="1711" signature="()V">
          <lines>
            <line number="228" hits="1711"/>
          </lines>
        </method>
        <method name="(anonymous_27)" hits="24" signature="()V">
          <lines>
            <line number="269" hits="24"/>
          </lines>
        </method>
        <method name="(anonymous_28)" hits="36" signature="()V">
          <lines>
            <line number="282" hits="36"/>
          </lines>
        </method>
        <method name="(anonymous_29)" hits="18" signature="()V">
          <lines>
            <line number="323" hits="18"/>
          </lines>
        </method>
        <method name="(anonymous_30)" hits="18" signature="()V">
          <lines>
            <line number="336" hits="18"/>
          </lines>
        </method>
        <method name="(anonymous_31)" hits="2" signature="()V">
          <lines>
            <line number="353" hits="2"/>
          </lines>
        </method>
      </methods>
      <lines>
        <line number="3" hits="1" branch="false"/>
        <line number="13" hits="1" branch="false"/>
        <line number="16" hits="1" branch="false"/>
        <line number="18" hits="1" branch="false"/>
        <line number="19" hits="104" branch="false"/>
        <line number="21" hits="104" branch="false"/>
        <line number="22" hits="105" branch="false"/>
        <line number="23" hits="105" branch="true" condition-coverage="100% (2/2)"/>
        <line number="24" hits="104" branch="false"/>
        <line number="25" hits="104" branch="false"/>
        <line number="29" hits="104" branch="false"/>
        <line number="32" hits="1" branch="false"/>
        <line number="33" hits="111" branch="true" condition-coverage="100% (4/4)"/>
        <line number="34" hits="92" branch="false"/>
        <line number="38" hits="1" branch="false"/>
        <line number="39" hits="2066" branch="true" condition-coverage="100% (2/2)"/>
        <line number="40" hits="9" branch="true" condition-coverage="100% (2/2)"/>
        <line number="41" hits="9" branch="true" condition-coverage="100% (2/2)"/>
        <line number="43" hits="9" branch="false"/>
        <line number="55" hits="9" branch="false"/>
        <line number="59" hits="1" branch="false"/>
        <line number="60" hits="92" branch="true" condition-coverage="100% (4/4)"/>
        <line number="61" hits="4" branch="false"/>
        <line number="63" hits="88" branch="true" condition-coverage="100% (4/4)"/>
        <line number="64" hits="3" branch="false"/>
        <line number="67" hits="85" branch="false"/>
        <line number="71" hits="1" branch="false"/>
        <line number="77" hits="88" branch="false"/>
        <line number="78" hits="88" branch="true" condition-coverage="100% (2/2)"/>
        <line number="80" hits="88" branch="false"/>
        <line number="81" hits="88" branch="false"/>
        <line number="86" hits="88" branch="false"/>
        <line number="87" hits="88" branch="false"/>
        <line number="88" hits="88" branch="false"/>
        <line number="91" hits="88" branch="false"/>
        <line number="92" hits="88" branch="false"/>
        <line number="94" hits="88" branch="true" condition-coverage="50% (1/2)"/>
        <line number="95" hits="88" branch="false"/>
        <line number="97" hits="88" branch="true" condition-coverage="50% (1/2)"/>
        <line number="98" hits="88" branch="false"/>
        <line number="101" hits="88" branch="false"/>
        <line number="102" hits="88" branch="false"/>
        <line number="105" hits="88" branch="true" condition-coverage="50% (1/2)"/>
        <line number="106" hits="88" branch="false"/>
        <line number="108" hits="88" branch="true" condition-coverage="50% (1/2)"/>
        <line number="109" hits="88" branch="false"/>
        <line number="112" hits="88" branch="false"/>
        <line number="113" hits="88" branch="false"/>
        <line number="115" hits="88" branch="false"/>
        <line number="118" hits="1" branch="false"/>
        <line number="124" hits="70" branch="false"/>
        <line number="130" hits="70" branch="false"/>
        <line number="131" hits="70" branch="false"/>
        <line number="134" hits="70" branch="false"/>
        <line number="135" hits="70" branch="false"/>
        <line number="136" hits="70" branch="true" condition-coverage="50% (1/2)"/>
        <line number="139" hits="70" branch="false"/>
        <line number="140" hits="70" branch="false"/>
        <line number="142" hits="70" branch="true" condition-coverage="50% (1/2)"/>
        <line number="143" hits="70" branch="false"/>
        <line number="145" hits="70" branch="true" condition-coverage="50% (1/2)"/>
        <line number="146" hits="70" branch="false"/>
        <line number="149" hits="70" branch="false"/>
        <line number="150" hits="70" branch="false"/>
        <line number="151" hits="70" branch="false"/>
        <line number="154" hits="70" branch="true" condition-coverage="50% (1/2)"/>
        <line number="155" hits="70" branch="false"/>
        <line number="157" hits="70" branch="true" condition-coverage="50% (1/2)"/>
        <line number="158" hits="70" branch="false"/>
        <line number="161" hits="70" branch="false"/>
        <line number="162" hits="70" branch="false"/>
        <line number="165" hits="65" branch="true" condition-coverage="100% (2/2)"/>
        <line number="166" hits="2" branch="false"/>
        <line number="167" hits="2" branch="false"/>
        <line number="168" hits="2" branch="false"/>
        <line number="170" hits="63" branch="true" condition-coverage="100% (2/2)"/>
        <line number="171" hits="50" branch="false"/>
        <line number="172" hits="50" branch="false"/>
        <line number="175" hits="1" branch="false"/>
        <line number="176" hits="1" branch="false"/>
        <line number="177" hits="1" branch="false"/>
        <line number="181" hits="13" branch="false"/>
        <line number="184" hits="1" branch="true" condition-coverage="100% (1/1)"/>
        <line number="185" hits="74" branch="false"/>
        <line number="187" hits="74" branch="true" condition-coverage="100% (2/2)"/>
        <line number="188" hits="1" branch="false"/>
        <line number="190" hits="73" branch="true" condition-coverage="100% (2/2)"/>
        <line number="191" hits="62" branch="false"/>
        <line number="193" hits="74" branch="true" condition-coverage="100% (2/2)"/>
        <line number="194" hits="1" branch="false"/>
        <line number="196" hits="74" branch="true" condition-coverage="100% (2/2)"/>
        <line number="197" hits="1" branch="false"/>
        <line number="199" hits="74" branch="true" condition-coverage="100% (2/2)"/>
        <line number="200" hits="1" branch="false"/>
        <line number="202" hits="74" branch="true" condition-coverage="100% (2/2)"/>
        <line number="203" hits="1" branch="false"/>
        <line number="205" hits="74" branch="true" condition-coverage="100% (2/2)"/>
        <line number="206" hits="1" branch="false"/>
        <line number="209" hits="74" branch="false"/>
        <line number="219" hits="833" branch="true" condition-coverage="100% (2/2)"/>
        <line number="220" hits="35" branch="false"/>
        <line number="221" hits="35" branch="false"/>
        <line number="224" hits="798" branch="false"/>
        <line number="227" hits="1" branch="false"/>
        <line number="228" hits="1711" branch="false"/>
        <line number="229" hits="120" branch="false"/>
        <line number="246" hits="120" branch="true" condition-coverage="100% (4/4)"/>
        <line number="247" hits="1" branch="false"/>
        <line number="251" hits="119" branch="true" condition-coverage="100% (2/2)"/>
        <line number="252" hits="9" branch="false"/>
        <line number="253" hits="9" branch="true" condition-coverage="100% (2/2)"/>
        <line number="254" hits="8" branch="false"/>
        <line number="257" hits="1" branch="false"/>
        <line number="261" hits="110" branch="false"/>
        <line number="265" hits="119" branch="false"/>
        <line number="268" hits="119" branch="true" condition-coverage="100% (2/2)"/>
        <line number="269" hits="24" branch="false"/>
        <line number="270" hits="6" branch="true" condition-coverage="100% (2/2)"/>
        <line number="271" hits="5" branch="false"/>
        <line number="274" hits="1" branch="false"/>
        <line number="277" hits="113" branch="false"/>
        <line number="281" hits="119" branch="true" condition-coverage="100% (2/2)"/>
        <line number="282" hits="36" branch="false"/>
        <line number="283" hits="6" branch="true" condition-coverage="100% (2/2)"/>
        <line number="284" hits="5" branch="false"/>
        <line number="287" hits="1" branch="false"/>
        <line number="290" hits="113" branch="false"/>
        <line number="294" hits="119" branch="false"/>
        <line number="297" hits="119" branch="false"/>
        <line number="300" hits="119" branch="false"/>
        <line number="303" hits="119" branch="false"/>
        <line number="306" hits="119" branch="true" condition-coverage="100% (2/2)"/>
        <line number="307" hits="5" branch="false"/>
        <line number="310" hits="114" branch="false"/>
        <line number="314" hits="119" branch="true" condition-coverage="100% (2/2)"/>
        <line number="315" hits="5" branch="false"/>
        <line number="318" hits="114" branch="false"/>
        <line number="322" hits="119" branch="true" condition-coverage="100% (2/2)"/>
        <line number="323" hits="18" branch="false"/>
        <line number="324" hits="6" branch="true" condition-coverage="100% (2/2)"/>
        <line number="325" hits="5" branch="false"/>
        <line number="328" hits="1" branch="false"/>
        <line number="331" hits="113" branch="false"/>
        <line number="335" hits="119" branch="true" condition-coverage="100% (2/2)"/>
        <line number="336" hits="18" branch="false"/>
        <line number="337" hits="6" branch="true" condition-coverage="100% (2/2)"/>
        <line number="338" hits="5" branch="false"/>
        <line number="341" hits="1" branch="false"/>
        <line number="344" hits="113" branch="false"/>
        <line number="348" hits="119" branch="false"/>
        <line number="349" hits="119" branch="false"/>
        <line number="352" hits="119" branch="true" condition-coverage="100% (2/2)"/>
        <line number="353" hits="2" branch="false"/>
        <line number="354" hits="1" branch="true" condition-coverage="50% (1/2)"/>
        <line number="355" hits="1" branch="false"/>
        <line number="358" hits="0" branch="false"/>
        <line number="361" hits="118" branch="false"/>
        <line number="364" hits="119" branch="false"/>
      </lines>
    </class>
    <class name="types.ts" filename="src/lib/types.ts" line-rate="1" branch-rate="1">
      <methods>
        <method name="(anonymous_0)" hits="1" signature="()V">
          <lines>
            <line number="4" hits="1"/>
          </lines>
        </method>
        <method name="(anonymous_1)" hits="1" signature="()V">
          <lines>
            <line number="9" hits="1"/>
          </lines>
        </method>
        <method name="(anonymous_2)" hits="1" signature="()V">
          <lines>
            <line number="16" hits="1"/>
          </lines>
        </method>
        <method name="(anonymous_3)" hits="1" signature="()V">
          <lines>
            <line number="23" hits="1"/>
          </lines>
        </method>
        <method name="(anonymous_4)" hits="1" signature="()V">
          <lines>
            <line number="32" hits="1"/>
          </lines>
        </method>
        <method name="(anonymous_5)" hits="1" signature="()V">
          <lines>
            <line number="38" hits="1"/>
          </lines>
        </method>
        <method name="(anonymous_6)" hits="1" signature="()V">
          <lines>
            <line number="44" hits="1"/>
          </lines>
        </method>
        <method name="(anonymous_7)" hits="1" signature="()V">
          <lines>
            <line number="49" hits="1"/>
          </lines>
        </method>
        <method name="(anonymous_8)" hits="1" signature="()V">
          <lines>
            <line number="76" hits="1"/>
          </lines>
        </method>
        <method name="(anonymous_9)" hits="1" signature="()V">
          <lines>
            <line number="100" hits="1"/>
          </lines>
        </method>
      </methods>
      <lines>
        <line number="4" hits="1" branch="true" condition-coverage="100% (2/2)"/>
        <line number="5" hits="1" branch="false"/>
        <line number="6" hits="1" branch="false"/>
        <line number="9" hits="1" branch="true" condition-coverage="100% (2/2)"/>
        <line number="10" hits="1" branch="false"/>
        <line number="11" hits="1" branch="false"/>
        <line number="12" hits="1" branch="false"/>
        <line number="13" hits="1" branch="false"/>
        <line number="16" hits="1" branch="true" condition-coverage="100% (2/2)"/>
        <line number="17" hits="1" branch="false"/>
        <line number="18" hits="1" branch="false"/>
        <line number="19" hits="1" branch="false"/>
        <line number="20" hits="1" branch="false"/>
        <line number="23" hits="1" branch="true" condition-coverage="100% (2/2)"/>
        <line number="24" hits="1" branch="false"/>
        <line number="25" hits="1" branch="false"/>
        <line number="26" hits="1" branch="false"/>
        <line number="27" hits="1" branch="false"/>
        <line number="28" hits="1" branch="false"/>
        <line number="29" hits="1" branch="false"/>
        <line number="32" hits="1" branch="true" condition-coverage="100% (2/2)"/>
        <line number="33" hits="1" branch="false"/>
        <line number="34" hits="1" branch="false"/>
        <line number="35" hits="1" branch="false"/>
        <line number="38" hits="1" branch="true" condition-coverage="100% (2/2)"/>
        <line number="39" hits="1" branch="false"/>
        <line number="40" hits="1" branch="false"/>
        <line number="41" hits="1" branch="false"/>
        <line number="44" hits="1" branch="true" condition-coverage="100% (2/2)"/>
        <line number="45" hits="1" branch="false"/>
        <line number="46" hits="1" branch="false"/>
        <line number="49" hits="1" branch="true" condition-coverage="100% (2/2)"/>
        <line number="50" hits="1" branch="false"/>
        <line number="51" hits="1" branch="false"/>
        <line number="52" hits="1" branch="false"/>
        <line number="53" hits="1" branch="false"/>
        <line number="54" hits="1" branch="false"/>
        <line number="55" hits="1" branch="false"/>
        <line number="56" hits="1" branch="false"/>
        <line number="57" hits="1" branch="false"/>
        <line number="58" hits="1" branch="false"/>
        <line number="59" hits="1" branch="false"/>
        <line number="60" hits="1" branch="false"/>
        <line number="61" hits="1" branch="false"/>
        <line number="62" hits="1" branch="false"/>
        <line number="63" hits="1" branch="false"/>
        <line number="64" hits="1" branch="false"/>
        <line number="65" hits="1" branch="false"/>
        <line number="66" hits="1" branch="false"/>
        <line number="67" hits="1" branch="false"/>
        <line number="68" hits="1" branch="false"/>
        <line number="69" hits="1" branch="false"/>
        <line number="70" hits="1" branch="false"/>
        <line number="76" hits="1" branch="true" condition-coverage="100% (2/2)"/>
        <line number="77" hits="1" branch="false"/>
        <line number="78" hits="1" branch="false"/>
        <line number="79" hits="1" branch="false"/>
        <line number="80" hits="1" branch="false"/>
        <line number="81" hits="1" branch="false"/>
        <line number="82" hits="1" branch="false"/>
        <line number="83" hits="1" branch="false"/>
        <line number="84" hits="1" branch="false"/>
        <line number="85" hits="1" branch="false"/>
        <line number="86" hits="1" branch="false"/>
        <line number="87" hits="1" branch="false"/>
        <line number="88" hits="1" branch="false"/>
        <line number="89" hits="1" branch="false"/>
        <line number="90" hits="1" branch="false"/>
        <line number="91" hits="1" branch="false"/>
        <line number="92" hits="1" branch="false"/>
        <line number="93" hits="1" branch="false"/>
        <line number="94" hits="1" branch="false"/>
        <line number="95" hits="1" branch="false"/>
        <line number="96" hits="1" branch="false"/>
        <line number="97" hits="1" branch="false"/>
        <line number="100" hits="1" branch="true" condition-coverage="100% (2/2)"/>
        <line number="101" hits="1" branch="false"/>
        <line number="102" hits="1" branch="false"/>
        <line number="103" hits="1" branch="false"/>
        <line number="104" hits="1" branch="false"/>
      </lines>
    </class>
  </packages>
</coverage>
