<?xml version="1.0" ?>
<!DOCTYPE coverage SYSTEM "http://cobertura.sourceforge.net/xml/coverage-04.dtd">
<coverage lines-valid="2855" lines-covered="2787" line-rate="0.9761" branches-valid="399" branches-covered="379" branch-rate="0.9498000000000001" timestamp="1747172082801" complexity="0" version="0.1">
  <sources>
    <source>/home/runner/work/node-pyatv/node-pyatv</source>
  </sources>
  <packages>
    <package name="main" line-rate="0.9761" branch-rate="0.9498000000000001">
      <classes>
        <class name="device-event.ts" filename="src/lib/device-event.ts" line-rate="1" branch-rate="1">
          <methods>
            <method name="__name" hits="1" signature="()V">
              <lines>
                <line number="5" hits="1"/>
              </lines>
            </method>
            <method name="&lt;instance_members_initializer&gt;" hits="78" signature="()V">
              <lines>
                <line number="7" hits="78"/>
              </lines>
            </method>
            <method name="&lt;static_initializer&gt;" hits="1" signature="()V">
              <lines>
                <line number="7" hits="1"/>
              </lines>
            </method>
            <method name="get device" hits="8" signature="()V">
              <lines>
                <line number="12" hits="8"/>
              </lines>
            </method>
            <method name="get key" hits="8" signature="()V">
              <lines>
                <line number="20" hits="8"/>
              </lines>
            </method>
            <method name="get newValue" hits="11" signature="()V">
              <lines>
                <line number="27" hits="11"/>
              </lines>
            </method>
            <method name="get oldValue" hits="8" signature="()V">
              <lines>
                <line number="35" hits="8"/>
              </lines>
            </method>
            <method name="get value" hits="11" signature="()V">
              <lines>
                <line number="42" hits="11"/>
              </lines>
            </method>
            <method name="NodePyATVDeviceEvent" hits="78" signature="()V">
              <lines>
                <line number="58" hits="78"/>
              </lines>
            </method>
          </methods>
          <lines>
            <line number="1" hits="1" branch="false"/>
            <line number="2" hits="1" branch="false"/>
            <line number="3" hits="1" branch="false"/>
            <line number="4" hits="1" branch="false"/>
            <line number="5" hits="1" branch="true" condition-coverage="100% (1/1)"/>
            <line number="6" hits="1" branch="false"/>
            <line number="7" hits="1" branch="true" condition-coverage="100% (2/2)"/>
            <line number="8" hits="1" branch="false"/>
            <line number="9" hits="1" branch="false"/>
            <line number="10" hits="1" branch="false"/>
            <line number="11" hits="1" branch="false"/>
            <line number="12" hits="1" branch="true" condition-coverage="100% (1/1)"/>
            <line number="13" hits="8" branch="false"/>
            <line number="14" hits="8" branch="false"/>
            <line number="15" hits="1" branch="false"/>
            <line number="16" hits="1" branch="false"/>
            <line number="17" hits="1" branch="false"/>
            <line number="18" hits="1" branch="false"/>
            <line number="19" hits="1" branch="false"/>
            <line number="20" hits="1" branch="true" condition-coverage="100% (1/1)"/>
            <line number="21" hits="8" branch="false"/>
            <line number="22" hits="8" branch="false"/>
            <line number="23" hits="1" branch="false"/>
            <line number="24" hits="1" branch="false"/>
            <line number="25" hits="1" branch="false"/>
            <line number="26" hits="1" branch="false"/>
            <line number="27" hits="1" branch="true" condition-coverage="100% (1/1)"/>
            <line number="28" hits="11" branch="false"/>
            <line number="29" hits="11" branch="false"/>
            <line number="30" hits="1" branch="false"/>
            <line number="31" hits="1" branch="false"/>
            <line number="32" hits="1" branch="false"/>
            <line number="33" hits="1" branch="false"/>
            <line number="34" hits="1" branch="false"/>
            <line number="35" hits="1" branch="true" condition-coverage="100% (1/1)"/>
            <line number="36" hits="8" branch="false"/>
            <line number="37" hits="8" branch="false"/>
            <line number="38" hits="1" branch="false"/>
            <line number="39" hits="1" branch="false"/>
            <line number="40" hits="1" branch="false"/>
            <line number="41" hits="1" branch="false"/>
            <line number="42" hits="1" branch="true" condition-coverage="100% (1/1)"/>
            <line number="43" hits="11" branch="false"/>
            <line number="44" hits="11" branch="false"/>
            <line number="45" hits="1" branch="false"/>
            <line number="46" hits="1" branch="false"/>
            <line number="47" hits="1" branch="false"/>
            <line number="48" hits="1" branch="false"/>
            <line number="49" hits="1" branch="false"/>
            <line number="50" hits="1" branch="false"/>
            <line number="51" hits="1" branch="false"/>
            <line number="52" hits="1" branch="false"/>
            <line number="53" hits="1" branch="false"/>
            <line number="54" hits="1" branch="false"/>
            <line number="55" hits="1" branch="false"/>
            <line number="56" hits="1" branch="false"/>
            <line number="57" hits="1" branch="false"/>
            <line number="58" hits="1" branch="true" condition-coverage="100% (1/1)"/>
            <line number="59" hits="78" branch="false"/>
            <line number="60" hits="78" branch="false"/>
            <line number="61" hits="78" branch="false"/>
            <line number="62" hits="78" branch="false"/>
            <line number="63" hits="78" branch="false"/>
            <line number="64" hits="78" branch="false"/>
            <line number="65" hits="78" branch="false"/>
            <line number="66" hits="78" branch="false"/>
            <line number="67" hits="78" branch="false"/>
            <line number="68" hits="1" branch="false"/>
          </lines>
        </class>
        <class name="device-events.ts" filename="src/lib/device-events.ts" line-rate="0.927" branch-rate="0.9078">
          <methods>
            <method name="__name" hits="97" signature="()V">
              <lines>
                <line number="3" hits="97"/>
              </lines>
            </method>
            <method name="&lt;instance_members_initializer&gt;" hits="125" signature="()V">
              <lines>
                <line number="29" hits="125"/>
              </lines>
            </method>
            <method name="&lt;static_initializer&gt;" hits="1" signature="()V">
              <lines>
                <line number="29" hits="1"/>
              </lines>
            </method>
            <method name="NodePyATVDeviceEvents" hits="125" signature="()V">
              <lines>
                <line number="37" hits="125"/>
              </lines>
            </method>
            <method name="addListener" hits="2" signature="()V">
              <lines>
                <line number="50" hits="2"/>
              </lines>
            </method>
            <method name="applyStateAndEmitEvents" hits="45" signature="()V">
              <lines>
                <line number="59" hits="45"/>
              </lines>
            </method>
            <method name="listenerCount" hits="251" signature="()V">
              <lines>
                <line number="139" hits="251"/>
              </lines>
            </method>
            <method name="off" hits="9" signature="()V">
              <lines>
                <line number="149" hits="9"/>
              </lines>
            </method>
            <method name="on" hits="25" signature="()V">
              <lines>
                <line number="158" hits="25"/>
              </lines>
            </method>
            <method name="once" hits="11" signature="()V">
              <lines>
                <line number="167" hits="11"/>
              </lines>
            </method>
            <method name="prependListener" hits="2" signature="()V">
              <lines>
                <line number="179" hits="2"/>
              </lines>
            </method>
            <method name="removeAllListeners" hits="7" signature="()V">
              <lines>
                <line number="188" hits="7"/>
              </lines>
            </method>
            <method name="removeListener" hits="13" signature="()V">
              <lines>
                <line number="194" hits="13"/>
              </lines>
            </method>
            <method name="stopListening" hits="16" signature="()V">
              <lines>
                <line number="203" hits="16"/>
              </lines>
            </method>
            <method name="applyPushUpdate" hits="16" signature="()V">
              <lines>
                <line number="237" hits="16"/>
              </lines>
            </method>
            <method name="checkListener" hits="87" signature="()V">
              <lines>
                <line number="249" hits="87"/>
              </lines>
            </method>
            <method name="parsePushUpdate" hits="17" signature="()V">
              <lines>
                <line number="296" hits="17"/>
              </lines>
            </method>
            <method name="startListening" hits="24" signature="()V">
              <lines>
                <line number="316" hits="24"/>
              </lines>
            </method>
          </methods>
          <lines>
            <line number="1" hits="1" branch="false"/>
            <line number="2" hits="1" branch="false"/>
            <line number="3" hits="1" branch="true" condition-coverage="100% (1/1)"/>
            <line number="4" hits="1" branch="false"/>
            <line number="5" hits="1" branch="false"/>
            <line number="6" hits="1" branch="false"/>
            <line number="7" hits="1" branch="false"/>
            <line number="8" hits="1" branch="false"/>
            <line number="9" hits="1" branch="false"/>
            <line number="10" hits="1" branch="false"/>
            <line number="11" hits="1" branch="false"/>
            <line number="12" hits="1" branch="false"/>
            <line number="13" hits="1" branch="false"/>
            <line number="14" hits="1" branch="false"/>
            <line number="15" hits="1" branch="false"/>
            <line number="16" hits="1" branch="false"/>
            <line number="17" hits="1" branch="false"/>
            <line number="18" hits="1" branch="false"/>
            <line number="19" hits="1" branch="false"/>
            <line number="20" hits="1" branch="false"/>
            <line number="21" hits="1" branch="false"/>
            <line number="22" hits="1" branch="false"/>
            <line number="23" hits="1" branch="false"/>
            <line number="24" hits="1" branch="false"/>
            <line number="25" hits="1" branch="false"/>
            <line number="26" hits="1" branch="false"/>
            <line number="27" hits="1" branch="false"/>
            <line number="28" hits="1" branch="false"/>
            <line number="29" hits="1" branch="true" condition-coverage="100% (2/2)"/>
            <line number="30" hits="1" branch="false"/>
            <line number="31" hits="1" branch="false"/>
            <line number="32" hits="1" branch="false"/>
            <line number="33" hits="1" branch="false"/>
            <line number="34" hits="1" branch="false"/>
            <line number="35" hits="1" branch="false"/>
            <line number="36" hits="1" branch="false"/>
            <line number="37" hits="1" branch="true" condition-coverage="100% (1/1)"/>
            <line number="38" hits="125" branch="false"/>
            <line number="39" hits="125" branch="false"/>
            <line number="40" hits="125" branch="false"/>
            <line number="41" hits="125" branch="false"/>
            <line number="42" hits="125" branch="false"/>
            <line number="43" hits="125" branch="false"/>
            <line number="44" hits="125" branch="false"/>
            <line number="45" hits="125" branch="false"/>
            <line number="46" hits="125" branch="false"/>
            <line number="47" hits="125" branch="false"/>
            <line number="48" hits="125" branch="false"/>
            <line number="49" hits="1" branch="false"/>
            <line number="50" hits="1" branch="true" condition-coverage="100% (1/1)"/>
            <line number="51" hits="2" branch="false"/>
            <line number="52" hits="2" branch="false"/>
            <line number="53" hits="2" branch="false"/>
            <line number="54" hits="2" branch="false"/>
            <line number="55" hits="2" branch="false"/>
            <line number="56" hits="2" branch="false"/>
            <line number="57" hits="2" branch="false"/>
            <line number="58" hits="1" branch="false"/>
            <line number="59" hits="1" branch="true" condition-coverage="100% (1/1)"/>
            <line number="60" hits="45" branch="false"/>
            <line number="61" hits="45" branch="false"/>
            <line number="62" hits="45" branch="false"/>
            <line number="63" hits="45" branch="false"/>
            <line number="64" hits="45" branch="true" condition-coverage="100% (1/1)"/>
            <line number="65" hits="1035" branch="false"/>
            <line number="66" hits="1035" branch="false"/>
            <line number="67" hits="1035" branch="false"/>
            <line number="68" hits="1035" branch="false"/>
            <line number="69" hits="1035" branch="false"/>
            <line number="70" hits="1035" branch="false"/>
            <line number="71" hits="45" branch="false"/>
            <line number="72" hits="45" branch="false"/>
            <line number="73" hits="45" branch="true" condition-coverage="100% (1/1)"/>
            <line number="74" hits="3" branch="false"/>
            <line number="75" hits="3" branch="false"/>
            <line number="76" hits="45" branch="true" condition-coverage="100% (1/1)"/>
            <line number="77" hits="2" branch="false"/>
            <line number="78" hits="2" branch="false"/>
            <line number="79" hits="45" branch="true" condition-coverage="100% (1/1)"/>
            <line number="80" hits="2" branch="false"/>
            <line number="81" hits="2" branch="false"/>
            <line number="82" hits="45" branch="false"/>
            <line number="83" hits="45" branch="false"/>
            <line number="84" hits="45" branch="false"/>
            <line number="85" hits="45" branch="true" condition-coverage="100% (1/1)"/>
            <line number="86" hits="2" branch="false"/>
            <line number="87" hits="2" branch="false"/>
            <line number="88" hits="45" branch="false"/>
            <line number="89" hits="45" branch="false"/>
            <line number="90" hits="45" branch="false"/>
            <line number="91" hits="45" branch="false"/>
            <line number="92" hits="45" branch="false"/>
            <line number="93" hits="45" branch="true" condition-coverage="100% (2/2)"/>
            <line number="94" hits="45" branch="false"/>
            <line number="95" hits="45" branch="true" condition-coverage="100% (1/1)"/>
            <line number="96" hits="3" branch="false"/>
            <line number="97" hits="3" branch="false"/>
            <line number="98" hits="45" branch="false"/>
            <line number="99" hits="45" branch="true" condition-coverage="100% (2/2)"/>
            <line number="100" hits="636" branch="false"/>
            <line number="101" hits="636" branch="false"/>
            <line number="102" hits="636" branch="false"/>
            <line number="103" hits="636" branch="false"/>
            <line number="104" hits="636" branch="false"/>
            <line number="105" hits="636" branch="false"/>
            <line number="106" hits="636" branch="false"/>
            <line number="107" hits="636" branch="false"/>
            <line number="108" hits="636" branch="false"/>
            <line number="109" hits="636" branch="false"/>
            <line number="110" hits="636" branch="true" condition-coverage="100% (1/1)"/>
            <line number="111" hits="564" branch="false"/>
            <line number="112" hits="564" branch="false"/>
            <line number="113" hits="636" branch="true" condition-coverage="100% (1/1)"/>
            <line number="114" hits="72" branch="true" condition-coverage="100% (1/1)"/>
            <line number="115" hits="2" branch="false"/>
            <line number="116" hits="636" branch="true" condition-coverage="0% (0/1)"/>
            <line number="117" hits="0" branch="false"/>
            <line number="118" hits="0" branch="false"/>
            <line number="119" hits="636" branch="false"/>
            <line number="120" hits="636" branch="true" condition-coverage="100% (1/1)"/>
            <line number="121" hits="72" branch="false"/>
            <line number="122" hits="72" branch="false"/>
            <line number="123" hits="72" branch="false"/>
            <line number="124" hits="72" branch="false"/>
            <line number="125" hits="72" branch="false"/>
            <line number="126" hits="72" branch="false"/>
            <line number="127" hits="72" branch="false"/>
            <line number="128" hits="72" branch="false"/>
            <line number="129" hits="72" branch="false"/>
            <line number="130" hits="72" branch="false"/>
            <line number="131" hits="72" branch="false"/>
            <line number="132" hits="72" branch="false"/>
            <line number="133" hits="636" branch="true" condition-coverage="100% (1/1)"/>
            <line number="134" hits="1" branch="false"/>
            <line number="135" hits="1" branch="false"/>
            <line number="136" hits="42" branch="false"/>
            <line number="137" hits="45" branch="false"/>
            <line number="138" hits="1" branch="false"/>
            <line number="139" hits="1" branch="true" condition-coverage="100% (1/1)"/>
            <line number="140" hits="251" branch="true" condition-coverage="100% (1/1)"/>
            <line number="141" hits="97" branch="false"/>
            <line number="142" hits="97" branch="false"/>
            <line number="143" hits="251" branch="false"/>
            <line number="144" hits="251" branch="true" condition-coverage="100% (1/1)"/>
            <line number="145" hits="154" branch="true" condition-coverage="100% (1/1)"/>
            <line number="146" hits="154" branch="true" condition-coverage="100% (1/1)"/>
            <line number="147" hits="251" branch="false"/>
            <line number="148" hits="1" branch="false"/>
            <line number="149" hits="1" branch="true" condition-coverage="100% (1/1)"/>
            <line number="150" hits="9" branch="false"/>
            <line number="151" hits="9" branch="false"/>
            <line number="152" hits="9" branch="false"/>
            <line number="153" hits="9" branch="false"/>
            <line number="154" hits="9" branch="false"/>
            <line number="155" hits="9" branch="false"/>
            <line number="156" hits="9" branch="false"/>
            <line number="157" hits="1" branch="false"/>
            <line number="158" hits="1" branch="true" condition-coverage="100% (1/1)"/>
            <line number="159" hits="25" branch="false"/>
            <line number="160" hits="25" branch="false"/>
            <line number="161" hits="25" branch="false"/>
            <line number="162" hits="25" branch="false"/>
            <line number="163" hits="25" branch="false"/>
            <line number="164" hits="25" branch="false"/>
            <line number="165" hits="25" branch="false"/>
            <line number="166" hits="1" branch="false"/>
            <line number="167" hits="1" branch="true" condition-coverage="100% (1/1)"/>
            <line number="168" hits="11" branch="false"/>
            <line number="169" hits="11" branch="false"/>
            <line number="170" hits="11" branch="false"/>
            <line number="171" hits="11" branch="true" condition-coverage="100% (1/1)"/>
            <line number="172" hits="11" branch="false"/>
            <line number="173" hits="11" branch="true" condition-coverage="100% (1/1)"/>
            <line number="174" hits="11" branch="false"/>
            <line number="175" hits="11" branch="false"/>
            <line number="176" hits="11" branch="false"/>
            <line number="177" hits="11" branch="false"/>
            <line number="178" hits="1" branch="false"/>
            <line number="179" hits="1" branch="true" condition-coverage="100% (1/1)"/>
            <line number="180" hits="2" branch="false"/>
            <line number="181" hits="2" branch="false"/>
            <line number="182" hits="2" branch="false"/>
            <line number="183" hits="2" branch="false"/>
            <line number="184" hits="2" branch="false"/>
            <line number="185" hits="2" branch="false"/>
            <line number="186" hits="2" branch="false"/>
            <line number="187" hits="1" branch="false"/>
            <line number="188" hits="1" branch="true" condition-coverage="100% (1/1)"/>
            <line number="189" hits="7" branch="false"/>
            <line number="190" hits="7" branch="false"/>
            <line number="191" hits="7" branch="false"/>
            <line number="192" hits="7" branch="false"/>
            <line number="193" hits="1" branch="false"/>
            <line number="194" hits="1" branch="true" condition-coverage="100% (1/1)"/>
            <line number="195" hits="13" branch="false"/>
            <line number="196" hits="13" branch="false"/>
            <line number="197" hits="13" branch="false"/>
            <line number="198" hits="13" branch="false"/>
            <line number="199" hits="13" branch="false"/>
            <line number="200" hits="13" branch="false"/>
            <line number="201" hits="13" branch="false"/>
            <line number="202" hits="1" branch="false"/>
            <line number="203" hits="1" branch="true" condition-coverage="100% (1/1)"/>
            <line number="204" hits="16" branch="false"/>
            <line number="205" hits="16" branch="true" condition-coverage="100% (1/1)"/>
            <line number="206" hits="2" branch="false"/>
            <line number="207" hits="16" branch="true" condition-coverage="0% (0/1)"/>
            <line number="208" hits="0" branch="false"/>
            <line number="209" hits="0" branch="false"/>
            <line number="210" hits="16" branch="false"/>
            <line number="211" hits="16" branch="false"/>
            <line number="212" hits="16" branch="true" condition-coverage="0% (0/1)"/>
            <line number="213" hits="0" branch="false"/>
            <line number="214" hits="0" branch="false"/>
            <line number="215" hits="0" branch="false"/>
            <line number="216" hits="0" branch="false"/>
            <line number="217" hits="0" branch="false"/>
            <line number="218" hits="16" branch="false"/>
            <line number="219" hits="16" branch="false"/>
            <line number="220" hits="16" branch="false"/>
            <line number="221" hits="16" branch="false"/>
            <line number="222" hits="16" branch="false"/>
            <line number="223" hits="16" branch="true" condition-coverage="100% (1/1)"/>
            <line number="224" hits="16" branch="true" condition-coverage="100% (1/1)"/>
            <line number="225" hits="10" branch="false"/>
            <line number="226" hits="10" branch="false"/>
            <line number="227" hits="10" branch="true" condition-coverage="100% (1/1)"/>
            <line number="228" hits="7" branch="false"/>
            <line number="229" hits="16" branch="true" condition-coverage="100% (1/1)"/>
            <line number="230" hits="7" branch="false"/>
            <line number="231" hits="7" branch="false"/>
            <line number="232" hits="16" branch="false"/>
            <line number="233" hits="16" branch="true" condition-coverage="100% (1/1)"/>
            <line number="234" hits="10" branch="false"/>
            <line number="235" hits="16" branch="false"/>
            <line number="236" hits="1" branch="false"/>
            <line number="237" hits="1" branch="true" condition-coverage="100% (1/1)"/>
            <line number="238" hits="16" branch="false"/>
            <line number="239" hits="16" branch="false"/>
            <line number="240" hits="16" branch="false"/>
            <line number="241" hits="16" branch="false"/>
            <line number="242" hits="16" branch="false"/>
            <line number="243" hits="16" branch="false"/>
            <line number="244" hits="16" branch="true" condition-coverage="100% (1/1)"/>
            <line number="245" hits="1" branch="false"/>
            <line number="246" hits="1" branch="false"/>
            <line number="247" hits="16" branch="false"/>
            <line number="248" hits="1" branch="false"/>
            <line number="249" hits="1" branch="true" condition-coverage="100% (1/1)"/>
            <line number="250" hits="87" branch="false"/>
            <line number="251" hits="87" branch="true" condition-coverage="100% (1/1)"/>
            <line number="252" hits="42" branch="true" condition-coverage="100% (1/1)"/>
            <line number="253" hits="18" branch="false"/>
            <line number="254" hits="87" branch="true" condition-coverage="100% (1/1)"/>
            <line number="255" hits="14" branch="false"/>
            <line number="256" hits="14" branch="false"/>
            <line number="257" hits="14" branch="true" condition-coverage="100% (1/1)"/>
            <line number="258" hits="73" branch="true" condition-coverage="100% (1/1)"/>
            <line number="259" hits="28" branch="false"/>
            <line number="260" hits="73" branch="true" condition-coverage="100% (1/1)"/>
            <line number="261" hits="24" branch="false"/>
            <line number="262" hits="24" branch="false"/>
            <line number="263" hits="24" branch="false"/>
            <line number="264" hits="24" branch="false"/>
            <line number="265" hits="24" branch="false"/>
            <line number="266" hits="24" branch="false"/>
            <line number="267" hits="24" branch="false"/>
            <line number="268" hits="24" branch="false"/>
            <line number="269" hits="24" branch="false"/>
            <line number="270" hits="24" branch="true" condition-coverage="100% (1/1)"/>
            <line number="271" hits="49" branch="false"/>
            <line number="272" hits="49" branch="false"/>
            <line number="273" hits="49" branch="false"/>
            <line number="274" hits="49" branch="true" condition-coverage="100% (1/1)"/>
            <line number="275" hits="44" branch="false"/>
            <line number="276" hits="49" branch="true" condition-coverage="100% (1/1)"/>
            <line number="277" hits="16" branch="false"/>
            <line number="278" hits="16" branch="false"/>
            <line number="279" hits="16" branch="false"/>
            <line number="280" hits="16" branch="false"/>
            <line number="281" hits="16" branch="false"/>
            <line number="282" hits="16" branch="false"/>
            <line number="283" hits="16" branch="false"/>
            <line number="284" hits="16" branch="false"/>
            <line number="285" hits="16" branch="false"/>
            <line number="286" hits="0" branch="false"/>
            <line number="287" hits="0" branch="false"/>
            <line number="288" hits="0" branch="false"/>
            <line number="289" hits="0" branch="false"/>
            <line number="290" hits="0" branch="false"/>
            <line number="291" hits="16" branch="false"/>
            <line number="292" hits="16" branch="true" condition-coverage="100% (1/1)"/>
            <line number="293" hits="16" branch="false"/>
            <line number="294" hits="87" branch="false"/>
            <line number="295" hits="1" branch="false"/>
            <line number="296" hits="1" branch="true" condition-coverage="100% (1/1)"/>
            <line number="297" hits="17" branch="false"/>
            <line number="298" hits="17" branch="false"/>
            <line number="299" hits="17" branch="false"/>
            <line number="300" hits="17" branch="false"/>
            <line number="301" hits="17" branch="true" condition-coverage="100% (1/1)"/>
            <line number="302" hits="1" branch="false"/>
            <line number="303" hits="1" branch="false"/>
            <line number="304" hits="1" branch="false"/>
            <line number="305" hits="1" branch="false"/>
            <line number="306" hits="1" branch="false"/>
            <line number="307" hits="17" branch="false"/>
            <line number="308" hits="17" branch="true" condition-coverage="100% (1/1)"/>
            <line number="309" hits="16" branch="false"/>
            <line number="310" hits="17" branch="true" condition-coverage="100% (1/1)"/>
            <line number="311" hits="7" branch="false"/>
            <line number="312" hits="7" branch="false"/>
            <line number="313" hits="7" branch="false"/>
            <line number="314" hits="17" branch="false"/>
            <line number="315" hits="1" branch="false"/>
            <line number="316" hits="1" branch="true" condition-coverage="100% (1/1)"/>
            <line number="317" hits="24" branch="true" condition-coverage="0% (0/1)"/>
            <line number="318" hits="0" branch="false"/>
            <line number="319" hits="0" branch="false"/>
            <line number="320" hits="24" branch="false"/>
            <line number="321" hits="24" branch="false"/>
            <line number="322" hits="24" branch="false"/>
            <line number="323" hits="24" branch="false"/>
            <line number="324" hits="24" branch="false"/>
            <line number="325" hits="24" branch="false"/>
            <line number="326" hits="24" branch="false"/>
            <line number="327" hits="24" branch="false"/>
            <line number="328" hits="24" branch="false"/>
            <line number="329" hits="24" branch="false"/>
            <line number="330" hits="24" branch="false"/>
            <line number="331" hits="24" branch="true" condition-coverage="0% (0/1)"/>
            <line number="332" hits="0" branch="false"/>
            <line number="333" hits="0" branch="false"/>
            <line number="334" hits="0" branch="false"/>
            <line number="335" hits="0" branch="false"/>
            <line number="336" hits="24" branch="false"/>
            <line number="337" hits="24" branch="true" condition-coverage="100% (1/1)"/>
            <line number="338" hits="1" branch="false"/>
            <line number="339" hits="1" branch="false"/>
            <line number="340" hits="1" branch="false"/>
            <line number="341" hits="1" branch="false"/>
            <line number="342" hits="1" branch="false"/>
            <line number="343" hits="1" branch="false"/>
            <line number="344" hits="1" branch="false"/>
            <line number="345" hits="24" branch="false"/>
            <line number="346" hits="24" branch="false"/>
            <line number="347" hits="24" branch="true" condition-coverage="100% (1/1)"/>
            <line number="348" hits="1" branch="false"/>
            <line number="349" hits="1" branch="false"/>
            <line number="350" hits="1" branch="false"/>
            <line number="351" hits="1" branch="false"/>
            <line number="352" hits="24" branch="false"/>
            <line number="353" hits="24" branch="false"/>
            <line number="354" hits="24" branch="true" condition-coverage="100% (1/1)"/>
            <line number="355" hits="17" branch="false"/>
            <line number="356" hits="17" branch="false"/>
            <line number="357" hits="17" branch="true" condition-coverage="100% (1/1)"/>
            <line number="358" hits="17" branch="false"/>
            <line number="359" hits="17" branch="true" condition-coverage="100% (1/1)"/>
            <line number="360" hits="17" branch="false"/>
            <line number="361" hits="17" branch="false"/>
            <line number="362" hits="17" branch="false"/>
            <line number="363" hits="17" branch="false"/>
            <line number="364" hits="24" branch="true" condition-coverage="100% (1/1)"/>
            <line number="365" hits="24" branch="true" condition-coverage="0% (0/1)"/>
            <line number="366" hits="0" branch="false"/>
            <line number="367" hits="0" branch="false"/>
            <line number="368" hits="0" branch="false"/>
            <line number="369" hits="24" branch="false"/>
            <line number="370" hits="24" branch="false"/>
            <line number="371" hits="24" branch="false"/>
            <line number="372" hits="24" branch="false"/>
            <line number="373" hits="24" branch="false"/>
            <line number="374" hits="24" branch="false"/>
            <line number="375" hits="24" branch="false"/>
            <line number="376" hits="24" branch="true" condition-coverage="100% (1/1)"/>
            <line number="377" hits="7" branch="false"/>
            <line number="378" hits="7" branch="false"/>
            <line number="379" hits="7" branch="false"/>
            <line number="380" hits="24" branch="false"/>
            <line number="381" hits="24" branch="false"/>
            <line number="382" hits="24" branch="false"/>
            <line number="383" hits="24" branch="false"/>
            <line number="384" hits="24" branch="false"/>
            <line number="385" hits="24" branch="false"/>
            <line number="386" hits="24" branch="false"/>
            <line number="387" hits="24" branch="false"/>
            <line number="388" hits="24" branch="false"/>
            <line number="389" hits="24" branch="false"/>
            <line number="390" hits="24" branch="false"/>
            <line number="391" hits="24" branch="true" condition-coverage="100% (1/1)"/>
            <line number="392" hits="8" branch="false"/>
            <line number="393" hits="24" branch="true" condition-coverage="100% (1/1)"/>
            <line number="394" hits="8" branch="false"/>
            <line number="395" hits="8" branch="false"/>
            <line number="396" hits="8" branch="false"/>
            <line number="397" hits="8" branch="false"/>
            <line number="398" hits="8" branch="false"/>
            <line number="399" hits="8" branch="false"/>
            <line number="400" hits="8" branch="false"/>
            <line number="401" hits="0" branch="false"/>
            <line number="402" hits="8" branch="false"/>
            <line number="403" hits="24" branch="true" condition-coverage="50% (1/2)"/>
            <line number="404" hits="0" branch="false"/>
            <line number="405" hits="0" branch="false"/>
            <line number="406" hits="0" branch="false"/>
            <line number="407" hits="0" branch="false"/>
            <line number="408" hits="0" branch="false"/>
            <line number="409" hits="0" branch="false"/>
            <line number="410" hits="0" branch="false"/>
            <line number="411" hits="24" branch="false"/>
            <line number="412" hits="24" branch="false"/>
            <line number="413" hits="24" branch="false"/>
            <line number="414" hits="24" branch="false"/>
            <line number="415" hits="24" branch="false"/>
            <line number="416" hits="24" branch="false"/>
            <line number="417" hits="24" branch="false"/>
            <line number="418" hits="24" branch="false"/>
            <line number="419" hits="24" branch="false"/>
            <line number="420" hits="24" branch="false"/>
            <line number="421" hits="24" branch="false"/>
            <line number="422" hits="24" branch="false"/>
            <line number="423" hits="24" branch="false"/>
            <line number="424" hits="24" branch="false"/>
            <line number="425" hits="1" branch="false"/>
          </lines>
        </class>
        <class name="device.ts" filename="src/lib/device.ts" line-rate="0.9922" branch-rate="0.9652">
          <methods>
            <method name="__name" hits="26" signature="()V">
              <lines>
                <line number="3" hits="26"/>
              </lines>
            </method>
            <method name="&lt;instance_members_initializer&gt;" hits="125" signature="()V">
              <lines>
                <line number="38" hits="125"/>
              </lines>
            </method>
            <method name="&lt;static_initializer&gt;" hits="1" signature="()V">
              <lines>
                <line number="38" hits="1"/>
              </lines>
            </method>
            <method name="get allIDs" hits="1" signature="()V">
              <lines>
                <line number="43" hits="1"/>
              </lines>
            </method>
            <method name="get debug" hits="12" signature="()V">
              <lines>
                <line number="51" hits="12"/>
              </lines>
            </method>
            <method name="set debug" hits="4" signature="()V">
              <lines>
                <line number="60" hits="4"/>
              </lines>
            </method>
            <method name="get host" hits="16" signature="()V">
              <lines>
                <line number="71" hits="16"/>
              </lines>
            </method>
            <method name="get id" hits="14" signature="()V">
              <lines>
                <line number="78" hits="14"/>
              </lines>
            </method>
            <method name="get mac" hits="4" signature="()V">
              <lines>
                <line number="86" hits="4"/>
              </lines>
            </method>
            <method name="get model" hits="4" signature="()V">
              <lines>
                <line number="96" hits="4"/>
              </lines>
            </method>
            <method name="get modelName" hits="4" signature="()V">
              <lines>
                <line number="106" hits="4"/>
              </lines>
            </method>
            <method name="get name" hits="16" signature="()V">
              <lines>
                <line number="121" hits="16"/>
              </lines>
            </method>
            <method name="get os" hits="4" signature="()V">
              <lines>
                <line number="131" hits="4"/>
              </lines>
            </method>
            <method name="get protocol" hits="4" signature="()V">
              <lines>
                <line number="138" hits="4"/>
              </lines>
            </method>
            <method name="get services" hits="4" signature="()V">
              <lines>
                <line number="158" hits="4"/>
              </lines>
            </method>
            <method name="get version" hits="4" signature="()V">
              <lines>
                <line number="168" hits="4"/>
              </lines>
            </method>
            <method name="NodePyATVDevice" hits="125" signature="()V">
              <lines>
                <line number="178" hits="125"/>
              </lines>
            </method>
            <method name="addListener" hits="2" signature="()V">
              <lines>
                <line number="197" hits="2"/>
              </lines>
            </method>
            <method name="clearState" hits="1" signature="()V">
              <lines>
                <line number="210" hits="1"/>
              </lines>
            </method>
            <method name="down" hits="1" signature="()V">
              <lines>
                <line number="218" hits="1"/>
              </lines>
            </method>
            <method name="emit" hits="1" signature="()V">
              <lines>
                <line number="228" hits="1"/>
              </lines>
            </method>
            <method name="eventNames" hits="1" signature="()V">
              <lines>
                <line number="236" hits="1"/>
              </lines>
            </method>
            <method name="getAlbum" hits="1" signature="()V">
              <lines>
                <line number="245" hits="1"/>
              </lines>
            </method>
            <method name="getApp" hits="1" signature="()V">
              <lines>
                <line number="257" hits="1"/>
              </lines>
            </method>
            <method name="getAppId" hits="1" signature="()V">
              <lines>
                <line number="269" hits="1"/>
              </lines>
            </method>
            <method name="getArtist" hits="1" signature="()V">
              <lines>
                <line number="281" hits="1"/>
              </lines>
            </method>
            <method name="getContentIdentifier" hits="1" signature="()V">
              <lines>
                <line number="293" hits="1"/>
              </lines>
            </method>
            <method name="getDateTime" hits="1" signature="()V">
              <lines>
                <line number="304" hits="1"/>
              </lines>
            </method>
            <method name="getDeviceState" hits="1" signature="()V">
              <lines>
                <line number="316" hits="1"/>
              </lines>
            </method>
            <method name="getEpisodeNumber" hits="1" signature="()V">
              <lines>
                <line number="329" hits="1"/>
              </lines>
            </method>
            <method name="getFocusState" hits="1" signature="()V">
              <lines>
                <line number="340" hits="1"/>
              </lines>
            </method>
            <method name="getGenre" hits="1" signature="()V">
              <lines>
                <line number="351" hits="1"/>
              </lines>
            </method>
            <method name="getHash" hits="1" signature="()V">
              <lines>
                <line number="363" hits="1"/>
              </lines>
            </method>
            <method name="getITunesStoreIdentifier" hits="1" signature="()V">
              <lines>
                <line number="377" hits="1"/>
              </lines>
            </method>
            <method name="getiTunesStoreIdentifier" hits="1" signature="()V">
              <lines>
                <line number="385" hits="1"/>
              </lines>
            </method>
            <method name="getMaxListeners" hits="1" signature="()V">
              <lines>
                <line number="395" hits="1"/>
              </lines>
            </method>
            <method name="getMediaType" hits="1" signature="()V">
              <lines>
                <line number="404" hits="1"/>
              </lines>
            </method>
            <method name="getOutputDevices" hits="1" signature="()V">
              <lines>
                <line number="416" hits="1"/>
              </lines>
            </method>
            <method name="getPosition" hits="1" signature="()V">
              <lines>
                <line number="427" hits="1"/>
              </lines>
            </method>
            <method name="getPowerState" hits="1" signature="()V">
              <lines>
                <line number="439" hits="1"/>
              </lines>
            </method>
            <method name="getRepeat" hits="1" signature="()V">
              <lines>
                <line number="450" hits="1"/>
              </lines>
            </method>
            <method name="getSeasonNumber" hits="1" signature="()V">
              <lines>
                <line number="463" hits="1"/>
              </lines>
            </method>
            <method name="getSeriesName" hits="1" signature="()V">
              <lines>
                <line number="474" hits="1"/>
              </lines>
            </method>
            <method name="getShuffle" hits="1" signature="()V">
              <lines>
                <line number="485" hits="1"/>
              </lines>
            </method>
            <method name="getState" hits="32" signature="()V">
              <lines>
                <line number="504" hits="32"/>
              </lines>
            </method>
            <method name="getTitle" hits="3" signature="()V">
              <lines>
                <line number="549" hits="3"/>
              </lines>
            </method>
            <method name="getTotalTime" hits="1" signature="()V">
              <lines>
                <line number="561" hits="1"/>
              </lines>
            </method>
            <method name="getVolume" hits="1" signature="()V">
              <lines>
                <line number="573" hits="1"/>
              </lines>
            </method>
            <method name="home" hits="1" signature="()V">
              <lines>
                <line number="583" hits="1"/>
              </lines>
            </method>
            <method name="homeHold" hits="1" signature="()V">
              <lines>
                <line number="591" hits="1"/>
              </lines>
            </method>
            <method name="launchApp" hits="1" signature="()V">
              <lines>
                <line number="600" hits="1"/>
              </lines>
            </method>
            <method name="left" hits="1" signature="()V">
              <lines>
                <line number="608" hits="1"/>
              </lines>
            </method>
            <method name="listApps" hits="1" signature="()V">
              <lines>
                <line number="616" hits="1"/>
              </lines>
            </method>
            <method name="listenerCount" hits="4" signature="()V">
              <lines>
                <line number="654" hits="4"/>
              </lines>
            </method>
            <method name="listeners" hits="3" signature="()V">
              <lines>
                <line number="666" hits="3"/>
              </lines>
            </method>
            <method name="menu" hits="1" signature="()V">
              <lines>
                <line number="674" hits="1"/>
              </lines>
            </method>
            <method name="next" hits="1" signature="()V">
              <lines>
                <line number="682" hits="1"/>
              </lines>
            </method>
            <method name="off" hits="9" signature="()V">
              <lines>
                <line number="693" hits="9"/>
              </lines>
            </method>
            <method name="on" hits="14" signature="()V">
              <lines>
                <line number="708" hits="14"/>
              </lines>
            </method>
            <method name="once" hits="11" signature="()V">
              <lines>
                <line number="724" hits="11"/>
              </lines>
            </method>
            <method name="pause" hits="1" signature="()V">
              <lines>
                <line number="736" hits="1"/>
              </lines>
            </method>
            <method name="play" hits="1" signature="()V">
              <lines>
                <line number="744" hits="1"/>
              </lines>
            </method>
            <method name="playPause" hits="1" signature="()V">
              <lines>
                <line number="752" hits="1"/>
              </lines>
            </method>
            <method name="prependListener" hits="1" signature="()V">
              <lines>
                <line number="761" hits="1"/>
              </lines>
            </method>
            <method name="prependOnceListener" hits="1" signature="()V">
              <lines>
                <line number="774" hits="1"/>
              </lines>
            </method>
            <method name="pressKey" hits="3" signature="()V">
              <lines>
                <line number="798" hits="3"/>
              </lines>
            </method>
            <method name="previous" hits="1" signature="()V">
              <lines>
                <line number="819" hits="1"/>
              </lines>
            </method>
            <method name="rawListeners" hits="3" signature="()V">
              <lines>
                <line number="828" hits="3"/>
              </lines>
            </method>
            <method name="removeAllListeners" hits="7" signature="()V">
              <lines>
                <line number="840" hits="7"/>
              </lines>
            </method>
            <method name="removeListener" hits="1" signature="()V">
              <lines>
                <line number="852" hits="1"/>
              </lines>
            </method>
            <method name="right" hits="1" signature="()V">
              <lines>
                <line number="864" hits="1"/>
              </lines>
            </method>
            <method name="select" hits="1" signature="()V">
              <lines>
                <line number="872" hits="1"/>
              </lines>
            </method>
            <method name="setMaxListeners" hits="0" signature="()V">
              <lines>
                <line number="880" hits="0"/>
              </lines>
            </method>
            <method name="skipBackward" hits="1" signature="()V">
              <lines>
                <line number="889" hits="1"/>
              </lines>
            </method>
            <method name="skipForward" hits="1" signature="()V">
              <lines>
                <line number="897" hits="1"/>
              </lines>
            </method>
            <method name="stop" hits="1" signature="()V">
              <lines>
                <line number="905" hits="1"/>
              </lines>
            </method>
            <method name="suspend" hits="1" signature="()V">
              <lines>
                <line number="914" hits="1"/>
              </lines>
            </method>
            <method name="toJSON" hits="3" signature="()V">
              <lines>
                <line number="924" hits="3"/>
              </lines>
            </method>
            <method name="topMenu" hits="1" signature="()V">
              <lines>
                <line number="941" hits="1"/>
              </lines>
            </method>
            <method name="toString" hits="1" signature="()V">
              <lines>
                <line number="950" hits="1"/>
              </lines>
            </method>
            <method name="turnOff" hits="1" signature="()V">
              <lines>
                <line number="958" hits="1"/>
              </lines>
            </method>
            <method name="turnOn" hits="1" signature="()V">
              <lines>
                <line number="966" hits="1"/>
              </lines>
            </method>
            <method name="up" hits="1" signature="()V">
              <lines>
                <line number="974" hits="1"/>
              </lines>
            </method>
            <method name="volumeDown" hits="1" signature="()V">
              <lines>
                <line number="982" hits="1"/>
              </lines>
            </method>
            <method name="volumeUp" hits="1" signature="()V">
              <lines>
                <line number="990" hits="1"/>
              </lines>
            </method>
            <method name="wakeup" hits="1" signature="()V">
              <lines>
                <line number="999" hits="1"/>
              </lines>
            </method>
            <method name="_pressKeyWithRemote" hits="3" signature="()V">
              <lines>
                <line number="1003" hits="3"/>
              </lines>
            </method>
            <method name="_pressKeyWithScript" hits="23" signature="()V">
              <lines>
                <line number="1016" hits="23"/>
              </lines>
            </method>
            <method name="applyState" hits="30" signature="()V">
              <lines>
                <line number="1035" hits="30"/>
              </lines>
            </method>
          </methods>
          <lines>
            <line number="1" hits="1" branch="false"/>
            <line number="2" hits="1" branch="false"/>
            <line number="3" hits="1" branch="true" condition-coverage="100% (1/1)"/>
            <line number="4" hits="1" branch="false"/>
            <line number="5" hits="1" branch="false"/>
            <line number="6" hits="1" branch="false"/>
            <line number="7" hits="1" branch="false"/>
            <line number="8" hits="1" branch="false"/>
            <line number="9" hits="1" branch="false"/>
            <line number="10" hits="1" branch="false"/>
            <line number="11" hits="1" branch="false"/>
            <line number="12" hits="1" branch="false"/>
            <line number="13" hits="1" branch="false"/>
            <line number="14" hits="1" branch="false"/>
            <line number="15" hits="1" branch="false"/>
            <line number="16" hits="1" branch="false"/>
            <line number="17" hits="1" branch="false"/>
            <line number="18" hits="1" branch="false"/>
            <line number="19" hits="1" branch="false"/>
            <line number="20" hits="1" branch="false"/>
            <line number="21" hits="1" branch="false"/>
            <line number="22" hits="1" branch="false"/>
            <line number="23" hits="1" branch="false"/>
            <line number="24" hits="1" branch="false"/>
            <line number="25" hits="1" branch="false"/>
            <line number="26" hits="1" branch="false"/>
            <line number="27" hits="1" branch="false"/>
            <line number="28" hits="1" branch="false"/>
            <line number="29" hits="1" branch="false"/>
            <line number="30" hits="1" branch="false"/>
            <line number="31" hits="1" branch="false"/>
            <line number="32" hits="1" branch="false"/>
            <line number="33" hits="1" branch="false"/>
            <line number="34" hits="1" branch="false"/>
            <line number="35" hits="1" branch="false"/>
            <line number="36" hits="1" branch="false"/>
            <line number="37" hits="1" branch="false"/>
            <line number="38" hits="1" branch="true" condition-coverage="100% (2/2)"/>
            <line number="39" hits="1" branch="false"/>
            <line number="40" hits="1" branch="false"/>
            <line number="41" hits="1" branch="false"/>
            <line number="42" hits="1" branch="false"/>
            <line number="43" hits="1" branch="true" condition-coverage="100% (1/1)"/>
            <line number="44" hits="1" branch="false"/>
            <line number="45" hits="1" branch="false"/>
            <line number="46" hits="1" branch="false"/>
            <line number="47" hits="1" branch="false"/>
            <line number="48" hits="1" branch="false"/>
            <line number="49" hits="1" branch="false"/>
            <line number="50" hits="1" branch="false"/>
            <line number="51" hits="1" branch="true" condition-coverage="100% (1/1)"/>
            <line number="52" hits="12" branch="false"/>
            <line number="53" hits="12" branch="false"/>
            <line number="54" hits="1" branch="false"/>
            <line number="55" hits="1" branch="false"/>
            <line number="56" hits="1" branch="false"/>
            <line number="57" hits="1" branch="false"/>
            <line number="58" hits="1" branch="false"/>
            <line number="59" hits="1" branch="false"/>
            <line number="60" hits="1" branch="true" condition-coverage="100% (1/1)"/>
            <line number="61" hits="4" branch="true" condition-coverage="100% (1/1)"/>
            <line number="62" hits="1" branch="false"/>
            <line number="63" hits="4" branch="true" condition-coverage="100% (1/1)"/>
            <line number="64" hits="3" branch="true" condition-coverage="100% (1/1)"/>
            <line number="65" hits="3" branch="false"/>
            <line number="66" hits="4" branch="false"/>
            <line number="67" hits="1" branch="false"/>
            <line number="68" hits="1" branch="false"/>
            <line number="69" hits="1" branch="false"/>
            <line number="70" hits="1" branch="false"/>
            <line number="71" hits="1" branch="true" condition-coverage="100% (1/1)"/>
            <line number="72" hits="16" branch="false"/>
            <line number="73" hits="16" branch="false"/>
            <line number="74" hits="1" branch="false"/>
            <line number="75" hits="1" branch="false"/>
            <line number="76" hits="1" branch="false"/>
            <line number="77" hits="1" branch="false"/>
            <line number="78" hits="1" branch="true" condition-coverage="100% (1/1)"/>
            <line number="79" hits="14" branch="false"/>
            <line number="80" hits="14" branch="false"/>
            <line number="81" hits="1" branch="false"/>
            <line number="82" hits="1" branch="false"/>
            <line number="83" hits="1" branch="false"/>
            <line number="84" hits="1" branch="false"/>
            <line number="85" hits="1" branch="false"/>
            <line number="86" hits="1" branch="true" condition-coverage="100% (1/1)"/>
            <line number="87" hits="4" branch="false"/>
            <line number="88" hits="4" branch="false"/>
            <line number="89" hits="1" branch="false"/>
            <line number="90" hits="1" branch="false"/>
            <line number="91" hits="1" branch="false"/>
            <line number="92" hits="1" branch="false"/>
            <line number="93" hits="1" branch="false"/>
            <line number="94" hits="1" branch="false"/>
            <line number="95" hits="1" branch="false"/>
            <line number="96" hits="1" branch="true" condition-coverage="100% (1/1)"/>
            <line number="97" hits="4" branch="false"/>
            <line number="98" hits="4" branch="false"/>
            <line number="99" hits="1" branch="false"/>
            <line number="100" hits="1" branch="false"/>
            <line number="101" hits="1" branch="false"/>
            <line number="102" hits="1" branch="false"/>
            <line number="103" hits="1" branch="false"/>
            <line number="104" hits="1" branch="false"/>
            <line number="105" hits="1" branch="false"/>
            <line number="106" hits="1" branch="true" condition-coverage="100% (1/1)"/>
            <line number="107" hits="4" branch="false"/>
            <line number="108" hits="4" branch="false"/>
            <line number="109" hits="1" branch="false"/>
            <line number="110" hits="1" branch="false"/>
            <line number="111" hits="1" branch="false"/>
            <line number="112" hits="1" branch="false"/>
            <line number="113" hits="1" branch="false"/>
            <line number="114" hits="1" branch="false"/>
            <line number="115" hits="1" branch="false"/>
            <line number="116" hits="1" branch="false"/>
            <line number="117" hits="1" branch="false"/>
            <line number="118" hits="1" branch="false"/>
            <line number="119" hits="1" branch="false"/>
            <line number="120" hits="1" branch="false"/>
            <line number="121" hits="1" branch="true" condition-coverage="100% (1/1)"/>
            <line number="122" hits="16" branch="false"/>
            <line number="123" hits="16" branch="false"/>
            <line number="124" hits="1" branch="false"/>
            <line number="125" hits="1" branch="false"/>
            <line number="126" hits="1" branch="false"/>
            <line number="127" hits="1" branch="false"/>
            <line number="128" hits="1" branch="false"/>
            <line number="129" hits="1" branch="false"/>
            <line number="130" hits="1" branch="false"/>
            <line number="131" hits="1" branch="true" condition-coverage="100% (1/1)"/>
            <line number="132" hits="4" branch="false"/>
            <line number="133" hits="4" branch="false"/>
            <line number="134" hits="1" branch="false"/>
            <line number="135" hits="1" branch="false"/>
            <line number="136" hits="1" branch="false"/>
            <line number="137" hits="1" branch="false"/>
            <line number="138" hits="1" branch="true" condition-coverage="100% (1/1)"/>
            <line number="139" hits="4" branch="false"/>
            <line number="140" hits="4" branch="false"/>
            <line number="141" hits="1" branch="false"/>
            <line number="142" hits="1" branch="false"/>
            <line number="143" hits="1" branch="false"/>
            <line number="144" hits="1" branch="false"/>
            <line number="145" hits="1" branch="false"/>
            <line number="146" hits="1" branch="false"/>
            <line number="147" hits="1" branch="false"/>
            <line number="148" hits="1" branch="false"/>
            <line number="149" hits="1" branch="false"/>
            <line number="150" hits="1" branch="false"/>
            <line number="151" hits="1" branch="false"/>
            <line number="152" hits="1" branch="false"/>
            <line number="153" hits="1" branch="false"/>
            <line number="154" hits="1" branch="false"/>
            <line number="155" hits="1" branch="false"/>
            <line number="156" hits="1" branch="false"/>
            <line number="157" hits="1" branch="false"/>
            <line number="158" hits="1" branch="true" condition-coverage="100% (1/1)"/>
            <line number="159" hits="4" branch="false"/>
            <line number="160" hits="4" branch="false"/>
            <line number="161" hits="1" branch="false"/>
            <line number="162" hits="1" branch="false"/>
            <line number="163" hits="1" branch="false"/>
            <line number="164" hits="1" branch="false"/>
            <line number="165" hits="1" branch="false"/>
            <line number="166" hits="1" branch="false"/>
            <line number="167" hits="1" branch="false"/>
            <line number="168" hits="1" branch="true" condition-coverage="100% (1/1)"/>
            <line number="169" hits="4" branch="false"/>
            <line number="170" hits="4" branch="false"/>
            <line number="171" hits="1" branch="false"/>
            <line number="172" hits="1" branch="false"/>
            <line number="173" hits="1" branch="false"/>
            <line number="174" hits="1" branch="false"/>
            <line number="175" hits="1" branch="false"/>
            <line number="176" hits="1" branch="false"/>
            <line number="177" hits="1" branch="false"/>
            <line number="178" hits="1" branch="true" condition-coverage="100% (1/1)"/>
            <line number="179" hits="125" branch="true" condition-coverage="0% (0/2)"/>
            <line number="180" hits="0" branch="false"/>
            <line number="181" hits="0" branch="false"/>
            <line number="182" hits="125" branch="false"/>
            <line number="183" hits="125" branch="false"/>
            <line number="184" hits="125" branch="false"/>
            <line number="185" hits="125" branch="false"/>
            <line number="186" hits="125" branch="false"/>
            <line number="187" hits="125" branch="false"/>
            <line number="188" hits="125" branch="false"/>
            <line number="189" hits="1" branch="false"/>
            <line number="190" hits="1" branch="false"/>
            <line number="191" hits="1" branch="false"/>
            <line number="192" hits="1" branch="false"/>
            <line number="193" hits="1" branch="false"/>
            <line number="194" hits="1" branch="false"/>
            <line number="195" hits="1" branch="false"/>
            <line number="196" hits="1" branch="false"/>
            <line number="197" hits="1" branch="true" condition-coverage="100% (1/1)"/>
            <line number="198" hits="2" branch="false"/>
            <line number="199" hits="2" branch="false"/>
            <line number="200" hits="2" branch="false"/>
            <line number="201" hits="2" branch="false"/>
            <line number="202" hits="2" branch="false"/>
            <line number="203" hits="2" branch="false"/>
            <line number="204" hits="1" branch="false"/>
            <line number="205" hits="1" branch="false"/>
            <line number="206" hits="1" branch="false"/>
            <line number="207" hits="1" branch="false"/>
            <line number="208" hits="1" branch="false"/>
            <line number="209" hits="1" branch="false"/>
            <line number="210" hits="1" branch="true" condition-coverage="100% (1/1)"/>
            <line number="211" hits="1" branch="false"/>
            <line number="212" hits="1" branch="false"/>
            <line number="213" hits="1" branch="false"/>
            <line number="214" hits="1" branch="false"/>
            <line number="215" hits="1" branch="false"/>
            <line number="216" hits="1" branch="false"/>
            <line number="217" hits="1" branch="false"/>
            <line number="218" hits="1" branch="true" condition-coverage="100% (1/1)"/>
            <line number="219" hits="1" branch="false"/>
            <line number="220" hits="1" branch="false"/>
            <line number="221" hits="1" branch="false"/>
            <line number="222" hits="1" branch="false"/>
            <line number="223" hits="1" branch="false"/>
            <line number="224" hits="1" branch="false"/>
            <line number="225" hits="1" branch="false"/>
            <line number="226" hits="1" branch="false"/>
            <line number="227" hits="1" branch="false"/>
            <line number="228" hits="1" branch="true" condition-coverage="100% (1/1)"/>
            <line number="229" hits="1" branch="false"/>
            <line number="230" hits="1" branch="false"/>
            <line number="231" hits="1" branch="false"/>
            <line number="232" hits="1" branch="false"/>
            <line number="233" hits="1" branch="false"/>
            <line number="234" hits="1" branch="false"/>
            <line number="235" hits="1" branch="false"/>
            <line number="236" hits="1" branch="true" condition-coverage="100% (1/1)"/>
            <line number="237" hits="1" branch="false"/>
            <line number="238" hits="1" branch="false"/>
            <line number="239" hits="1" branch="false"/>
            <line number="240" hits="1" branch="false"/>
            <line number="241" hits="1" branch="false"/>
            <line number="242" hits="1" branch="false"/>
            <line number="243" hits="1" branch="false"/>
            <line number="244" hits="1" branch="false"/>
            <line number="245" hits="1" branch="true" condition-coverage="100% (1/1)"/>
            <line number="246" hits="1" branch="false"/>
            <line number="247" hits="1" branch="false"/>
            <line number="248" hits="1" branch="false"/>
            <line number="249" hits="1" branch="false"/>
            <line number="250" hits="1" branch="false"/>
            <line number="251" hits="1" branch="false"/>
            <line number="252" hits="1" branch="false"/>
            <line number="253" hits="1" branch="false"/>
            <line number="254" hits="1" branch="false"/>
            <line number="255" hits="1" branch="false"/>
            <line number="256" hits="1" branch="false"/>
            <line number="257" hits="1" branch="true" condition-coverage="100% (1/1)"/>
            <line number="258" hits="1" branch="false"/>
            <line number="259" hits="1" branch="false"/>
            <line number="260" hits="1" branch="false"/>
            <line number="261" hits="1" branch="false"/>
            <line number="262" hits="1" branch="false"/>
            <line number="263" hits="1" branch="false"/>
            <line number="264" hits="1" branch="false"/>
            <line number="265" hits="1" branch="false"/>
            <line number="266" hits="1" branch="false"/>
            <line number="267" hits="1" branch="false"/>
            <line number="268" hits="1" branch="false"/>
            <line number="269" hits="1" branch="true" condition-coverage="100% (1/1)"/>
            <line number="270" hits="1" branch="false"/>
            <line number="271" hits="1" branch="false"/>
            <line number="272" hits="1" branch="false"/>
            <line number="273" hits="1" branch="false"/>
            <line number="274" hits="1" branch="false"/>
            <line number="275" hits="1" branch="false"/>
            <line number="276" hits="1" branch="false"/>
            <line number="277" hits="1" branch="false"/>
            <line number="278" hits="1" branch="false"/>
            <line number="279" hits="1" branch="false"/>
            <line number="280" hits="1" branch="false"/>
            <line number="281" hits="1" branch="true" condition-coverage="100% (1/1)"/>
            <line number="282" hits="1" branch="false"/>
            <line number="283" hits="1" branch="false"/>
            <line number="284" hits="1" branch="false"/>
            <line number="285" hits="1" branch="false"/>
            <line number="286" hits="1" branch="false"/>
            <line number="287" hits="1" branch="false"/>
            <line number="288" hits="1" branch="false"/>
            <line number="289" hits="1" branch="false"/>
            <line number="290" hits="1" branch="false"/>
            <line number="291" hits="1" branch="false"/>
            <line number="292" hits="1" branch="false"/>
            <line number="293" hits="1" branch="true" condition-coverage="100% (1/1)"/>
            <line number="294" hits="1" branch="false"/>
            <line number="295" hits="1" branch="false"/>
            <line number="296" hits="1" branch="true" condition-coverage="100% (1/1)"/>
            <line number="297" hits="1" branch="false"/>
            <line number="298" hits="1" branch="false"/>
            <line number="299" hits="1" branch="false"/>
            <line number="300" hits="1" branch="false"/>
            <line number="301" hits="1" branch="false"/>
            <line number="302" hits="1" branch="false"/>
            <line number="303" hits="1" branch="false"/>
            <line number="304" hits="1" branch="true" condition-coverage="100% (1/1)"/>
            <line number="305" hits="1" branch="false"/>
            <line number="306" hits="1" branch="false"/>
            <line number="307" hits="1" branch="false"/>
            <line number="308" hits="1" branch="false"/>
            <line number="309" hits="1" branch="false"/>
            <line number="310" hits="1" branch="false"/>
            <line number="311" hits="1" branch="false"/>
            <line number="312" hits="1" branch="false"/>
            <line number="313" hits="1" branch="false"/>
            <line number="314" hits="1" branch="false"/>
            <line number="315" hits="1" branch="false"/>
            <line number="316" hits="1" branch="true" condition-coverage="100% (1/1)"/>
            <line number="317" hits="1" branch="false"/>
            <line number="318" hits="1" branch="false"/>
            <line number="319" hits="1" branch="false"/>
            <line number="320" hits="1" branch="false"/>
            <line number="321" hits="1" branch="false"/>
            <line number="322" hits="1" branch="false"/>
            <line number="323" hits="1" branch="false"/>
            <line number="324" hits="1" branch="false"/>
            <line number="325" hits="1" branch="false"/>
            <line number="326" hits="1" branch="false"/>
            <line number="327" hits="1" branch="false"/>
            <line number="328" hits="1" branch="false"/>
            <line number="329" hits="1" branch="true" condition-coverage="100% (1/1)"/>
            <line number="330" hits="1" branch="false"/>
            <line number="331" hits="1" branch="false"/>
            <line number="332" hits="1" branch="true" condition-coverage="100% (1/1)"/>
            <line number="333" hits="1" branch="false"/>
            <line number="334" hits="1" branch="false"/>
            <line number="335" hits="1" branch="false"/>
            <line number="336" hits="1" branch="false"/>
            <line number="337" hits="1" branch="false"/>
            <line number="338" hits="1" branch="false"/>
            <line number="339" hits="1" branch="false"/>
            <line number="340" hits="1" branch="true" condition-coverage="100% (1/1)"/>
            <line number="341" hits="1" branch="false"/>
            <line number="342" hits="1" branch="false"/>
            <line number="343" hits="1" branch="true" condition-coverage="100% (1/1)"/>
            <line number="344" hits="1" branch="false"/>
            <line number="345" hits="1" branch="false"/>
            <line number="346" hits="1" branch="false"/>
            <line number="347" hits="1" branch="false"/>
            <line number="348" hits="1" branch="false"/>
            <line number="349" hits="1" branch="false"/>
            <line number="350" hits="1" branch="false"/>
            <line number="351" hits="1" branch="true" condition-coverage="100% (1/1)"/>
            <line number="352" hits="1" branch="false"/>
            <line number="353" hits="1" branch="false"/>
            <line number="354" hits="1" branch="false"/>
            <line number="355" hits="1" branch="false"/>
            <line number="356" hits="1" branch="false"/>
            <line number="357" hits="1" branch="false"/>
            <line number="358" hits="1" branch="false"/>
            <line number="359" hits="1" branch="false"/>
            <line number="360" hits="1" branch="false"/>
            <line number="361" hits="1" branch="false"/>
            <line number="362" hits="1" branch="false"/>
            <line number="363" hits="1" branch="true" condition-coverage="100% (1/1)"/>
            <line number="364" hits="1" branch="false"/>
            <line number="365" hits="1" branch="false"/>
            <line number="366" hits="1" branch="false"/>
            <line number="367" hits="1" branch="false"/>
            <line number="368" hits="1" branch="false"/>
            <line number="369" hits="1" branch="false"/>
            <line number="370" hits="1" branch="false"/>
            <line number="371" hits="1" branch="false"/>
            <line number="372" hits="1" branch="false"/>
            <line number="373" hits="1" branch="false"/>
            <line number="374" hits="1" branch="false"/>
            <line number="375" hits="1" branch="false"/>
            <line number="376" hits="1" branch="false"/>
            <line number="377" hits="1" branch="true" condition-coverage="100% (1/1)"/>
            <line number="378" hits="1" branch="false"/>
            <line number="379" hits="1" branch="false"/>
            <line number="380" hits="1" branch="false"/>
            <line number="381" hits="1" branch="true" condition-coverage="100% (1/1)"/>
            <line number="382" hits="1" branch="false"/>
            <line number="383" hits="1" branch="false"/>
            <line number="384" hits="1" branch="false"/>
            <line number="385" hits="1" branch="true" condition-coverage="100% (1/1)"/>
            <line number="386" hits="1" branch="false"/>
            <line number="387" hits="1" branch="false"/>
            <line number="388" hits="1" branch="false"/>
            <line number="389" hits="1" branch="false"/>
            <line number="390" hits="1" branch="false"/>
            <line number="391" hits="1" branch="false"/>
            <line number="392" hits="1" branch="false"/>
            <line number="393" hits="1" branch="false"/>
            <line number="394" hits="1" branch="false"/>
            <line number="395" hits="1" branch="true" condition-coverage="100% (1/1)"/>
            <line number="396" hits="1" branch="false"/>
            <line number="397" hits="1" branch="false"/>
            <line number="398" hits="1" branch="false"/>
            <line number="399" hits="1" branch="false"/>
            <line number="400" hits="1" branch="false"/>
            <line number="401" hits="1" branch="false"/>
            <line number="402" hits="1" branch="false"/>
            <line number="403" hits="1" branch="false"/>
            <line number="404" hits="1" branch="true" condition-coverage="100% (1/1)"/>
            <line number="405" hits="1" branch="false"/>
            <line number="406" hits="1" branch="false"/>
            <line number="407" hits="1" branch="false"/>
            <line number="408" hits="1" branch="false"/>
            <line number="409" hits="1" branch="false"/>
            <line number="410" hits="1" branch="false"/>
            <line number="411" hits="1" branch="false"/>
            <line number="412" hits="1" branch="false"/>
            <line number="413" hits="1" branch="false"/>
            <line number="414" hits="1" branch="false"/>
            <line number="415" hits="1" branch="false"/>
            <line number="416" hits="1" branch="true" condition-coverage="100% (1/1)"/>
            <line number="417" hits="1" branch="false"/>
            <line number="418" hits="1" branch="false"/>
            <line number="419" hits="1" branch="true" condition-coverage="100% (1/1)"/>
            <line number="420" hits="1" branch="false"/>
            <line number="421" hits="1" branch="false"/>
            <line number="422" hits="1" branch="false"/>
            <line number="423" hits="1" branch="false"/>
            <line number="424" hits="1" branch="false"/>
            <line number="425" hits="1" branch="false"/>
            <line number="426" hits="1" branch="false"/>
            <line number="427" hits="1" branch="true" condition-coverage="100% (1/1)"/>
            <line number="428" hits="1" branch="false"/>
            <line number="429" hits="1" branch="false"/>
            <line number="430" hits="1" branch="false"/>
            <line number="431" hits="1" branch="false"/>
            <line number="432" hits="1" branch="false"/>
            <line number="433" hits="1" branch="false"/>
            <line number="434" hits="1" branch="false"/>
            <line number="435" hits="1" branch="false"/>
            <line number="436" hits="1" branch="false"/>
            <line number="437" hits="1" branch="false"/>
            <line number="438" hits="1" branch="false"/>
            <line number="439" hits="1" branch="true" condition-coverage="100% (1/1)"/>
            <line number="440" hits="1" branch="false"/>
            <line number="441" hits="1" branch="false"/>
            <line number="442" hits="1" branch="true" condition-coverage="100% (1/1)"/>
            <line number="443" hits="1" branch="false"/>
            <line number="444" hits="1" branch="false"/>
            <line number="445" hits="1" branch="false"/>
            <line number="446" hits="1" branch="false"/>
            <line number="447" hits="1" branch="false"/>
            <line number="448" hits="1" branch="false"/>
            <line number="449" hits="1" branch="false"/>
            <line number="450" hits="1" branch="true" condition-coverage="100% (1/1)"/>
            <line number="451" hits="1" branch="false"/>
            <line number="452" hits="1" branch="false"/>
            <line number="453" hits="1" branch="false"/>
            <line number="454" hits="1" branch="false"/>
            <line number="455" hits="1" branch="false"/>
            <line number="456" hits="1" branch="false"/>
[...]
            <line number="515" hits="1050" branch="false"/>
            <line number="516" hits="1050" branch="false"/>
            <line number="517" hits="1050" branch="false"/>
            <line number="518" hits="1050" branch="false"/>
            <line number="519" hits="1050" branch="false"/>
            <line number="520" hits="1050" branch="false"/>
            <line number="521" hits="1050" branch="false"/>
            <line number="522" hits="1050" branch="false"/>
            <line number="523" hits="1050" branch="false"/>
            <line number="524" hits="1050" branch="false"/>
            <line number="525" hits="1050" branch="false"/>
            <line number="526" hits="1050" branch="false"/>
            <line number="527" hits="1050" branch="false"/>
            <line number="528" hits="1050" branch="false"/>
            <line number="529" hits="1050" branch="true" condition-coverage="100% (1/1)"/>
            <line number="530" hits="15" branch="false"/>
            <line number="531" hits="15" branch="false"/>
            <line number="532" hits="15" branch="false"/>
            <line number="533" hits="1050" branch="false"/>
            <line number="534" hits="1050" branch="true" condition-coverage="100% (1/1)"/>
            <line number="535" hits="1050" branch="false"/>
            <line number="536" hits="1" branch="false"/>
            <line number="537" hits="1575" branch="true" condition-coverage="100% (1/1)"/>
            <line number="538" hits="1575" branch="false"/>
            <line number="539" hits="1575" branch="false"/>
            <line number="540" hits="1575" branch="false"/>
            <line number="541" hits="1575" branch="false"/>
            <line number="542" hits="1575" branch="false"/>
            <line number="543" hits="1575" branch="false"/>
            <line number="544" hits="1575" branch="false"/>
            <line number="545" hits="1575" branch="false"/>
            <line number="546" hits="1575" branch="false"/>
            <line number="547" hits="1575" branch="false"/>
            <line number="548" hits="1575" branch="false"/>
            <line number="549" hits="1575" branch="false"/>
            <line number="550" hits="1575" branch="false"/>
            <line number="551" hits="1575" branch="false"/>
            <line number="552" hits="1575" branch="false"/>
            <line number="553" hits="1575" branch="false"/>
            <line number="554" hits="1575" branch="false"/>
            <line number="555" hits="1575" branch="false"/>
            <line number="556" hits="1575" branch="false"/>
            <line number="557" hits="1575" branch="false"/>
            <line number="558" hits="1575" branch="false"/>
            <line number="559" hits="1575" branch="false"/>
            <line number="560" hits="1575" branch="false"/>
            <line number="561" hits="1575" branch="false"/>
            <line number="562" hits="1575" branch="true" condition-coverage="100% (1/1)"/>
            <line number="563" hits="37" branch="false"/>
            <line number="564" hits="37" branch="false"/>
            <line number="565" hits="37" branch="false"/>
            <line number="566" hits="1575" branch="false"/>
            <line number="567" hits="1575" branch="true" condition-coverage="100% (1/1)"/>
            <line number="568" hits="1575" branch="false"/>
          </lines>
        </class>
        <class name="types.ts" filename="src/lib/types.ts" line-rate="1" branch-rate="1">
          <methods>
          </methods>
          <lines>
            <line number="1" hits="1" branch="false"/>
            <line number="2" hits="1" branch="false"/>
            <line number="3" hits="1" branch="false"/>
            <line number="4" hits="1" branch="false"/>
            <line number="5" hits="1" branch="false"/>
            <line number="6" hits="1" branch="false"/>
            <line number="7" hits="1" branch="true" condition-coverage="100% (1/1)"/>
            <line number="8" hits="1" branch="false"/>
            <line number="9" hits="1" branch="false"/>
            <line number="10" hits="1" branch="false"/>
            <line number="11" hits="1" branch="false"/>
            <line number="12" hits="1" branch="false"/>
            <line number="13" hits="1" branch="false"/>
            <line number="14" hits="1" branch="false"/>
            <line number="15" hits="1" branch="false"/>
            <line number="16" hits="1" branch="true" condition-coverage="100% (1/1)"/>
            <line number="17" hits="1" branch="false"/>
            <line number="18" hits="1" branch="false"/>
            <line number="19" hits="1" branch="false"/>
            <line number="20" hits="1" branch="false"/>
            <line number="21" hits="1" branch="true" condition-coverage="100% (1/1)"/>
            <line number="22" hits="1" branch="false"/>
            <line number="23" hits="1" branch="false"/>
            <line number="24" hits="1" branch="false"/>
            <line number="25" hits="1" branch="false"/>
            <line number="26" hits="1" branch="false"/>
            <line number="27" hits="1" branch="false"/>
            <line number="28" hits="1" branch="false"/>
            <line number="29" hits="1" branch="false"/>
            <line number="30" hits="1" branch="false"/>
            <line number="31" hits="1" branch="false"/>
            <line number="32" hits="1" branch="false"/>
            <line number="33" hits="1" branch="false"/>
            <line number="34" hits="1" branch="false"/>
            <line number="35" hits="1" branch="false"/>
            <line number="36" hits="1" branch="true" condition-coverage="100% (1/1)"/>
            <line number="37" hits="1" branch="false"/>
            <line number="38" hits="1" branch="false"/>
            <line number="39" hits="1" branch="false"/>
            <line number="40" hits="1" branch="false"/>
            <line number="41" hits="1" branch="false"/>
            <line number="42" hits="1" branch="false"/>
            <line number="43" hits="1" branch="false"/>
            <line number="44" hits="1" branch="false"/>
            <line number="45" hits="1" branch="false"/>
            <line number="46" hits="1" branch="false"/>
            <line number="47" hits="1" branch="false"/>
            <line number="48" hits="1" branch="false"/>
            <line number="49" hits="1" branch="false"/>
            <line number="50" hits="1" branch="false"/>
            <line number="51" hits="1" branch="false"/>
            <line number="52" hits="1" branch="false"/>
            <line number="53" hits="1" branch="false"/>
            <line number="54" hits="1" branch="false"/>
            <line number="55" hits="1" branch="false"/>
            <line number="56" hits="1" branch="false"/>
            <line number="57" hits="1" branch="false"/>
            <line number="58" hits="1" branch="false"/>
            <line number="59" hits="1" branch="false"/>
            <line number="60" hits="1" branch="false"/>
            <line number="61" hits="1" branch="false"/>
            <line number="62" hits="1" branch="true" condition-coverage="100% (1/1)"/>
            <line number="63" hits="1" branch="false"/>
            <line number="64" hits="1" branch="false"/>
            <line number="65" hits="1" branch="false"/>
            <line number="66" hits="1" branch="false"/>
            <line number="67" hits="1" branch="false"/>
            <line number="68" hits="1" branch="false"/>
            <line number="69" hits="1" branch="false"/>
            <line number="70" hits="1" branch="false"/>
            <line number="71" hits="1" branch="false"/>
            <line number="72" hits="1" branch="false"/>
            <line number="73" hits="1" branch="false"/>
            <line number="74" hits="1" branch="false"/>
            <line number="75" hits="1" branch="false"/>
            <line number="76" hits="1" branch="false"/>
            <line number="77" hits="1" branch="false"/>
            <line number="78" hits="1" branch="false"/>
            <line number="79" hits="1" branch="false"/>
            <line number="80" hits="1" branch="false"/>
            <line number="81" hits="1" branch="false"/>
            <line number="82" hits="1" branch="false"/>
            <line number="83" hits="1" branch="false"/>
            <line number="84" hits="1" branch="false"/>
            <line number="85" hits="1" branch="false"/>
            <line number="86" hits="1" branch="false"/>
            <line number="87" hits="1" branch="false"/>
            <line number="88" hits="1" branch="true" condition-coverage="100% (1/1)"/>
            <line number="89" hits="1" branch="false"/>
            <line number="90" hits="1" branch="false"/>
            <line number="91" hits="1" branch="false"/>
            <line number="92" hits="1" branch="false"/>
            <line number="93" hits="1" branch="false"/>
            <line number="94" hits="1" branch="false"/>
            <line number="95" hits="1" branch="true" condition-coverage="100% (1/1)"/>
            <line number="96" hits="1" branch="false"/>
            <line number="97" hits="1" branch="false"/>
            <line number="98" hits="1" branch="false"/>
            <line number="99" hits="1" branch="false"/>
            <line number="100" hits="1" branch="false"/>
            <line number="101" hits="1" branch="false"/>
            <line number="102" hits="1" branch="true" condition-coverage="100% (1/1)"/>
            <line number="103" hits="1" branch="false"/>
            <line number="104" hits="1" branch="false"/>
            <line number="105" hits="1" branch="false"/>
            <line number="106" hits="1" branch="false"/>
            <line number="107" hits="1" branch="true" condition-coverage="100% (1/1)"/>
            <line number="108" hits="1" branch="false"/>
            <line number="109" hits="1" branch="false"/>
            <line number="110" hits="1" branch="false"/>
            <line number="111" hits="1" branch="false"/>
            <line number="112" hits="1" branch="false"/>
            <line number="113" hits="1" branch="false"/>
            <line number="114" hits="1" branch="true" condition-coverage="100% (1/1)"/>
            <line number="115" hits="1" branch="false"/>
            <line number="116" hits="1" branch="false"/>
            <line number="117" hits="1" branch="false"/>
            <line number="118" hits="1" branch="false"/>
            <line number="119" hits="1" branch="false"/>
            <line number="120" hits="1" branch="true" condition-coverage="100% (1/1)"/>
            <line number="121" hits="1" branch="false"/>
            <line number="122" hits="1" branch="false"/>
            <line number="123" hits="1" branch="false"/>
            <line number="124" hits="1" branch="false"/>
            <line number="125" hits="1" branch="false"/>
            <line number="126" hits="1" branch="false"/>
            <line number="127" hits="1" branch="false"/>
            <line number="128" hits="1" branch="false"/>
            <line number="129" hits="1" branch="false"/>
            <line number="130" hits="1" branch="false"/>
            <line number="131" hits="1" branch="false"/>
            <line number="132" hits="1" branch="false"/>
            <line number="133" hits="1" branch="false"/>
            <line number="134" hits="1" branch="false"/>
            <line number="135" hits="1" branch="false"/>
            <line number="136" hits="1" branch="false"/>
            <line number="137" hits="1" branch="false"/>
            <line number="138" hits="1" branch="false"/>
            <line number="139" hits="1" branch="false"/>
            <line number="140" hits="1" branch="false"/>
            <line number="141" hits="1" branch="false"/>
            <line number="142" hits="1" branch="false"/>
            <line number="143" hits="1" branch="false"/>
            <line number="144" hits="1" branch="false"/>
            <line number="145" hits="1" branch="false"/>
            <line number="146" hits="1" branch="false"/>
            <line number="147" hits="1" branch="false"/>
            <line number="148" hits="1" branch="false"/>
            <line number="149" hits="1" branch="false"/>
            <line number="150" hits="1" branch="false"/>
            <line number="151" hits="1" branch="false"/>
            <line number="152" hits="1" branch="false"/>
            <line number="153" hits="1" branch="false"/>
            <line number="154" hits="1" branch="false"/>
            <line number="155" hits="1" branch="false"/>
            <line number="156" hits="1" branch="false"/>
            <line number="157" hits="1" branch="false"/>
            <line number="158" hits="1" branch="false"/>
            <line number="159" hits="1" branch="false"/>
            <line number="160" hits="1" branch="false"/>
            <line number="161" hits="1" branch="false"/>
            <line number="162" hits="1" branch="false"/>
            <line number="163" hits="1" branch="false"/>
            <line number="164" hits="1" branch="false"/>
            <line number="165" hits="1" branch="false"/>
            <line number="166" hits="1" branch="false"/>
            <line number="167" hits="1" branch="false"/>
            <line number="168" hits="1" branch="false"/>
            <line number="169" hits="1" branch="false"/>
            <line number="170" hits="1" branch="false"/>
            <line number="171" hits="1" branch="false"/>
            <line number="172" hits="1" branch="false"/>
            <line number="173" hits="1" branch="false"/>
            <line number="174" hits="1" branch="false"/>
            <line number="175" hits="1" branch="false"/>
            <line number="176" hits="1" branch="false"/>
            <line number="177" hits="1" branch="false"/>
            <line number="178" hits="1" branch="false"/>
            <line number="179" hits="1" branch="false"/>
            <line number="180" hits="1" branch="false"/>
            <line number="181" hits="1" branch="false"/>
            <line number="182" hits="1" branch="false"/>
            <line number="183" hits="1" branch="false"/>
            <line number="184" hits="1" branch="false"/>
            <line number="185" hits="1" branch="false"/>
            <line number="186" hits="1" branch="false"/>
            <line number="187" hits="1" branch="false"/>
            <line number="188" hits="1" branch="false"/>
            <line number="189" hits="1" branch="false"/>
            <line number="190" hits="1" branch="false"/>
            <line number="191" hits="1" branch="false"/>
            <line number="192" hits="1" branch="false"/>
            <line number="193" hits="1" branch="false"/>
            <line number="194" hits="1" branch="false"/>
            <line number="195" hits="1" branch="false"/>
            <line number="196" hits="1" branch="false"/>
            <line number="197" hits="1" branch="false"/>
            <line number="198" hits="1" branch="false"/>
            <line number="199" hits="1" branch="false"/>
            <line number="200" hits="1" branch="false"/>
            <line number="201" hits="1" branch="false"/>
            <line number="202" hits="1" branch="false"/>
            <line number="203" hits="1" branch="false"/>
            <line number="204" hits="1" branch="false"/>
            <line number="205" hits="1" branch="false"/>
            <line number="206" hits="1" branch="false"/>
            <line number="207" hits="1" branch="false"/>
            <line number="208" hits="1" branch="false"/>
            <line number="209" hits="1" branch="false"/>
            <line number="210" hits="1" branch="false"/>
            <line number="211" hits="1" branch="false"/>
            <line number="212" hits="1" branch="false"/>
            <line number="213" hits="1" branch="false"/>
            <line number="214" hits="1" branch="false"/>
            <line number="215" hits="1" branch="false"/>
            <line number="216" hits="1" branch="false"/>
            <line number="217" hits="1" branch="false"/>
            <line number="218" hits="1" branch="false"/>
            <line number="219" hits="1" branch="false"/>
            <line number="220" hits="1" branch="false"/>
            <line number="221" hits="1" branch="false"/>
            <line number="222" hits="1" branch="false"/>
            <line number="223" hits="1" branch="false"/>
            <line number="224" hits="1" branch="false"/>
            <line number="225" hits="1" branch="false"/>
            <line number="226" hits="1" branch="false"/>
            <line number="227" hits="1" branch="false"/>
            <line number="228" hits="1" branch="false"/>
            <line number="229" hits="1" branch="false"/>
            <line number="230" hits="1" branch="false"/>
            <line number="231" hits="1" branch="false"/>
            <line number="232" hits="1" branch="false"/>
            <line number="233" hits="1" branch="false"/>
            <line number="234" hits="1" branch="false"/>
            <line number="235" hits="1" branch="false"/>
            <line number="236" hits="1" branch="false"/>
            <line number="237" hits="1" branch="false"/>
            <line number="238" hits="1" branch="false"/>
            <line number="239" hits="1" branch="false"/>
            <line number="240" hits="1" branch="false"/>
            <line number="241" hits="1" branch="false"/>
            <line number="242" hits="1" branch="false"/>
            <line number="243" hits="1" branch="false"/>
            <line number="244" hits="1" branch="false"/>
            <line number="245" hits="1" branch="false"/>
            <line number="246" hits="1" branch="false"/>
            <line number="247" hits="1" branch="false"/>
            <line number="248" hits="1" branch="false"/>
            <line number="249" hits="1" branch="false"/>
            <line number="250" hits="1" branch="false"/>
            <line number="251" hits="1" branch="false"/>
            <line number="252" hits="1" branch="false"/>
            <line number="253" hits="1" branch="false"/>
            <line number="254" hits="1" branch="false"/>
            <line number="255" hits="1" branch="false"/>
            <line number="256" hits="1" branch="false"/>
            <line number="257" hits="1" branch="false"/>
            <line number="258" hits="1" branch="false"/>
            <line number="259" hits="1" branch="false"/>
            <line number="260" hits="1" branch="false"/>
            <line number="261" hits="1" branch="false"/>
            <line number="262" hits="1" branch="false"/>
            <line number="263" hits="1" branch="false"/>
            <line number="264" hits="1" branch="false"/>
            <line number="265" hits="1" branch="false"/>
            <line number="266" hits="1" branch="false"/>
            <line number="267" hits="1" branch="false"/>
            <line number="268" hits="1" branch="false"/>
            <line number="269" hits="1" branch="false"/>
            <line number="270" hits="1" branch="false"/>
            <line number="271" hits="1" branch="false"/>
            <line number="272" hits="1" branch="false"/>
            <line number="273" hits="1" branch="false"/>
            <line number="274" hits="1" branch="false"/>
            <line number="275" hits="1" branch="false"/>
            <line number="276" hits="1" branch="false"/>
            <line number="277" hits="1" branch="false"/>
            <line number="278" hits="1" branch="false"/>
            <line number="279" hits="1" branch="false"/>
            <line number="280" hits="1" branch="false"/>
            <line number="281" hits="1" branch="false"/>
            <line number="282" hits="1" branch="false"/>
          </lines>
        </class>
      </classes>
    </package>
  </packages>
</coverage>
